2025-06-05 17:31:07,329 | INFO | Job Started
2025-06-05 17:31:07,329 | INFO | Logging run: /rds/general/user/psp20/home/Brain-Network/runs/resnet_5_2_sample_eff_0_1_20250605-173107
2025-06-05 17:31:07,336 | INFO | Using device: cuda
2025-06-05 17:31:07,336 | INFO | Training for 100 epochs
2025-06-05 17:31:07,336 | INFO | Debug mode: False
2025-06-05 17:31:07,336 | INFO | Downsampling by: 0.1
2025-06-05 17:31:07,336 | INFO | Auxiliary loss: {'loss_type': 0.01}
2025-06-05 17:31:07,337 | INFO | Train transforms: 
	Compose(
    RandomCrop(size=(32, 32), padding=4)
    RandomHorizontalFlip(p=0.5)
    ColorJitter(brightness=(0.8, 1.2), contrast=(0.8, 1.2), saturation=(0.8, 1.2), hue=None)
    ToTensor()
    Normalize(mean=(0.485, 0.456, 0.406), std=(0.229, 0.224, 0.225))
)
2025-06-05 17:31:07,337 | INFO | Test transforms: 
	Compose(
    ToTensor()
    Normalize(mean=(0.485, 0.456, 0.406), std=(0.229, 0.224, 0.225))
)
2025-06-05 17:31:09,171 | INFO | Full train/val size with downsampling (0.1): 5000
2025-06-05 17:31:09,171 | INFO | Using pretrained weights
2025-06-05 17:31:09,776 | INFO | Label smoothing: 0.1
2025-06-05 17:31:09,776 | INFO | Auxiliary loss: {'loss_type': 0.01}
2025-06-05 17:31:11,168 | INFO | Epoch: 1 | Time: 1.39s
2025-06-05 17:31:11,168 | INFO | Train Loss=2.3951, Train Acc=12.73%
2025-06-05 17:31:11,168 | INFO | Val Loss=2.3698, Val Acc=10.80%
2025-06-05 17:31:11,169 | INFO | New best model saved (val loss = 2.3698)
2025-06-05 17:31:12,531 | INFO | Epoch: 2 | Time: 1.36s
2025-06-05 17:31:12,531 | INFO | Train Loss=2.2316, Train Acc=19.44%
2025-06-05 17:31:12,531 | INFO | Val Loss=2.2056, Val Acc=17.80%
2025-06-05 17:31:12,532 | INFO | New best model saved (val loss = 2.2056)
2025-06-05 17:31:13,887 | INFO | Epoch: 3 | Time: 1.35s
2025-06-05 17:31:13,888 | INFO | Train Loss=1.7306, Train Acc=43.47%
2025-06-05 17:31:13,888 | INFO | Val Loss=1.4311, Val Acc=51.80%
2025-06-05 17:31:13,888 | INFO | New best model saved (val loss = 1.4311)
2025-06-05 17:31:15,247 | INFO | Epoch: 4 | Time: 1.36s
2025-06-05 17:31:15,247 | INFO | Train Loss=1.3495, Train Acc=63.31%
2025-06-05 17:31:15,247 | INFO | Val Loss=1.1662, Val Acc=60.20%
2025-06-05 17:31:15,248 | INFO | New best model saved (val loss = 1.1662)
2025-06-05 17:31:16,602 | INFO | Epoch: 5 | Time: 1.35s
2025-06-05 17:31:16,602 | INFO | Train Loss=1.1417, Train Acc=73.13%
2025-06-05 17:31:16,603 | INFO | Val Loss=0.9915, Val Acc=68.00%
2025-06-05 17:31:16,603 | INFO | New best model saved (val loss = 0.9915)
2025-06-05 17:31:17,961 | INFO | Epoch: 6 | Time: 1.36s
2025-06-05 17:31:17,961 | INFO | Train Loss=1.0194, Train Acc=78.07%
2025-06-05 17:31:17,961 | INFO | Val Loss=1.0192, Val Acc=65.20%
2025-06-05 17:31:19,318 | INFO | Epoch: 7 | Time: 1.36s
2025-06-05 17:31:19,318 | INFO | Train Loss=0.9227, Train Acc=82.84%
2025-06-05 17:31:19,318 | INFO | Val Loss=0.9278, Val Acc=72.60%
2025-06-05 17:31:19,319 | INFO | New best model saved (val loss = 0.9278)
2025-06-05 17:31:20,701 | INFO | Epoch: 8 | Time: 1.38s
2025-06-05 17:31:20,701 | INFO | Train Loss=0.8719, Train Acc=85.89%
2025-06-05 17:31:20,701 | INFO | Val Loss=0.9526, Val Acc=70.60%
2025-06-05 17:31:22,066 | INFO | Epoch: 9 | Time: 1.36s
2025-06-05 17:31:22,066 | INFO | Train Loss=0.7869, Train Acc=89.49%
2025-06-05 17:31:22,066 | INFO | Val Loss=0.7855, Val Acc=74.80%
2025-06-05 17:31:22,067 | INFO | New best model saved (val loss = 0.7855)
2025-06-05 17:31:23,426 | INFO | Epoch: 10 | Time: 1.36s
2025-06-05 17:31:23,426 | INFO | Train Loss=0.7140, Train Acc=92.84%
2025-06-05 17:31:23,426 | INFO | Val Loss=0.7813, Val Acc=76.20%
2025-06-05 17:31:23,427 | INFO | New best model saved (val loss = 0.7813)
2025-06-05 17:31:24,791 | INFO | Epoch: 11 | Time: 1.36s
2025-06-05 17:31:24,791 | INFO | Train Loss=0.6676, Train Acc=94.58%
2025-06-05 17:31:24,791 | INFO | Val Loss=0.8417, Val Acc=73.00%
2025-06-05 17:31:26,166 | INFO | Epoch: 12 | Time: 1.37s
2025-06-05 17:31:26,167 | INFO | Train Loss=0.6423, Train Acc=95.73%
2025-06-05 17:31:26,167 | INFO | Val Loss=0.7408, Val Acc=78.20%
2025-06-05 17:31:26,168 | INFO | New best model saved (val loss = 0.7408)
2025-06-05 17:31:27,525 | INFO | Epoch: 13 | Time: 1.36s
2025-06-05 17:31:27,525 | INFO | Train Loss=0.6118, Train Acc=97.13%
2025-06-05 17:31:27,525 | INFO | Val Loss=0.7357, Val Acc=77.20%
2025-06-05 17:31:27,526 | INFO | New best model saved (val loss = 0.7357)
2025-06-05 17:31:28,891 | INFO | Epoch: 14 | Time: 1.36s
2025-06-05 17:31:28,892 | INFO | Train Loss=0.5917, Train Acc=97.67%
2025-06-05 17:31:28,892 | INFO | Val Loss=0.7826, Val Acc=76.40%
2025-06-05 17:31:30,246 | INFO | Epoch: 15 | Time: 1.35s
2025-06-05 17:31:30,247 | INFO | Train Loss=0.5712, Train Acc=98.69%
2025-06-05 17:31:30,247 | INFO | Val Loss=0.7048, Val Acc=77.80%
2025-06-05 17:31:30,248 | INFO | New best model saved (val loss = 0.7048)
2025-06-05 17:31:31,605 | INFO | Epoch: 16 | Time: 1.36s
2025-06-05 17:31:31,605 | INFO | Train Loss=0.5629, Train Acc=98.84%
2025-06-05 17:31:31,605 | INFO | Val Loss=0.6853, Val Acc=78.60%
2025-06-05 17:31:31,606 | INFO | New best model saved (val loss = 0.6853)
2025-06-05 17:31:32,956 | INFO | Epoch: 17 | Time: 1.35s
2025-06-05 17:31:32,956 | INFO | Train Loss=0.5556, Train Acc=99.16%
2025-06-05 17:31:32,956 | INFO | Val Loss=0.7076, Val Acc=76.00%
2025-06-05 17:31:34,331 | INFO | Epoch: 18 | Time: 1.37s
2025-06-05 17:31:34,332 | INFO | Train Loss=0.5444, Train Acc=99.38%
2025-06-05 17:31:34,332 | INFO | Val Loss=0.6482, Val Acc=80.00%
2025-06-05 17:31:34,332 | INFO | New best model saved (val loss = 0.6482)
2025-06-05 17:31:35,681 | INFO | Epoch: 19 | Time: 1.35s
2025-06-05 17:31:35,681 | INFO | Train Loss=0.5385, Train Acc=99.60%
2025-06-05 17:31:35,681 | INFO | Val Loss=0.6935, Val Acc=78.80%
2025-06-05 17:31:37,047 | INFO | Epoch: 20 | Time: 1.36s
2025-06-05 17:31:37,047 | INFO | Train Loss=0.5314, Train Acc=99.71%
2025-06-05 17:31:37,047 | INFO | Val Loss=0.6443, Val Acc=80.00%
2025-06-05 17:31:37,048 | INFO | New best model saved (val loss = 0.6443)
2025-06-05 17:31:38,402 | INFO | Epoch: 21 | Time: 1.35s
2025-06-05 17:31:38,402 | INFO | Train Loss=0.5290, Train Acc=99.87%
2025-06-05 17:31:38,402 | INFO | Val Loss=0.6723, Val Acc=80.00%
2025-06-05 17:31:39,756 | INFO | Epoch: 22 | Time: 1.35s
2025-06-05 17:31:39,756 | INFO | Train Loss=0.5268, Train Acc=99.76%
2025-06-05 17:31:39,756 | INFO | Val Loss=0.6133, Val Acc=79.40%
2025-06-05 17:31:39,757 | INFO | New best model saved (val loss = 0.6133)
2025-06-05 17:31:41,107 | INFO | Epoch: 23 | Time: 1.35s
2025-06-05 17:31:41,108 | INFO | Train Loss=0.5230, Train Acc=99.80%
2025-06-05 17:31:41,108 | INFO | Val Loss=0.6704, Val Acc=80.20%
2025-06-05 17:31:42,458 | INFO | Epoch: 24 | Time: 1.35s
2025-06-05 17:31:42,458 | INFO | Train Loss=0.5217, Train Acc=99.91%
2025-06-05 17:31:42,458 | INFO | Val Loss=0.6595, Val Acc=79.40%
2025-06-05 17:31:43,812 | INFO | Epoch: 25 | Time: 1.35s
2025-06-05 17:31:43,813 | INFO | Train Loss=0.5209, Train Acc=99.82%
2025-06-05 17:31:43,813 | INFO | Val Loss=0.7014, Val Acc=79.60%
2025-06-05 17:31:45,169 | INFO | Epoch: 26 | Time: 1.36s
2025-06-05 17:31:45,169 | INFO | Train Loss=0.5176, Train Acc=99.87%
2025-06-05 17:31:45,169 | INFO | Val Loss=0.6506, Val Acc=80.20%
2025-06-05 17:31:46,532 | INFO | Epoch: 27 | Time: 1.36s
2025-06-05 17:31:46,533 | INFO | Train Loss=0.5167, Train Acc=99.91%
2025-06-05 17:31:46,533 | INFO | Val Loss=0.6457, Val Acc=80.60%
2025-06-05 17:31:47,887 | INFO | Epoch: 28 | Time: 1.35s
2025-06-05 17:31:47,887 | INFO | Train Loss=0.5151, Train Acc=99.93%
2025-06-05 17:31:47,887 | INFO | Val Loss=0.6635, Val Acc=79.60%
2025-06-05 17:31:49,243 | INFO | Epoch: 29 | Time: 1.36s
2025-06-05 17:31:49,244 | INFO | Train Loss=0.5145, Train Acc=99.96%
2025-06-05 17:31:49,244 | INFO | Val Loss=0.6137, Val Acc=81.20%
2025-06-05 17:31:50,601 | INFO | Epoch: 30 | Time: 1.36s
2025-06-05 17:31:50,601 | INFO | Train Loss=0.5128, Train Acc=99.98%
2025-06-05 17:31:50,601 | INFO | Val Loss=0.6619, Val Acc=80.20%
2025-06-05 17:31:51,947 | INFO | Epoch: 31 | Time: 1.35s
2025-06-05 17:31:51,947 | INFO | Train Loss=0.5111, Train Acc=99.96%
2025-06-05 17:31:51,947 | INFO | Val Loss=0.6340, Val Acc=80.40%
2025-06-05 17:31:53,296 | INFO | Epoch: 32 | Time: 1.35s
2025-06-05 17:31:53,296 | INFO | Train Loss=0.5105, Train Acc=99.96%
2025-06-05 17:31:53,297 | INFO | Val Loss=0.6557, Val Acc=81.40%
2025-06-05 17:31:54,666 | INFO | Epoch: 33 | Time: 1.37s
2025-06-05 17:31:54,666 | INFO | Train Loss=0.5141, Train Acc=99.80%
2025-06-05 17:31:54,666 | INFO | Val Loss=0.6393, Val Acc=80.80%
2025-06-05 17:31:56,062 | INFO | Epoch: 34 | Time: 1.40s
2025-06-05 17:31:56,062 | INFO | Train Loss=0.5143, Train Acc=99.84%
2025-06-05 17:31:56,062 | INFO | Val Loss=0.6618, Val Acc=80.60%
2025-06-05 17:31:57,412 | INFO | Epoch: 35 | Time: 1.35s
2025-06-05 17:31:57,412 | INFO | Train Loss=0.5107, Train Acc=99.98%
2025-06-05 17:31:57,412 | INFO | Val Loss=0.6740, Val Acc=79.40%
2025-06-05 17:31:58,767 | INFO | Epoch: 36 | Time: 1.35s
2025-06-05 17:31:58,767 | INFO | Train Loss=0.5095, Train Acc=99.98%
2025-06-05 17:31:58,767 | INFO | Val Loss=0.5999, Val Acc=83.00%
2025-06-05 17:31:58,768 | INFO | New best model saved (val loss = 0.5999)
2025-06-05 17:32:00,122 | INFO | Epoch: 37 | Time: 1.35s
2025-06-05 17:32:00,122 | INFO | Train Loss=0.5076, Train Acc=100.00%
2025-06-05 17:32:00,122 | INFO | Val Loss=0.6221, Val Acc=80.20%
2025-06-05 17:32:01,471 | INFO | Epoch: 38 | Time: 1.35s
2025-06-05 17:32:01,471 | INFO | Train Loss=0.5074, Train Acc=100.00%
2025-06-05 17:32:01,471 | INFO | Val Loss=0.6066, Val Acc=82.60%
2025-06-05 17:32:02,814 | INFO | Epoch: 39 | Time: 1.34s
2025-06-05 17:32:02,814 | INFO | Train Loss=0.5079, Train Acc=100.00%
2025-06-05 17:32:02,814 | INFO | Val Loss=0.6227, Val Acc=81.20%
2025-06-05 17:32:04,168 | INFO | Epoch: 40 | Time: 1.35s
2025-06-05 17:32:04,169 | INFO | Train Loss=0.5069, Train Acc=100.00%
2025-06-05 17:32:04,169 | INFO | Val Loss=0.5848, Val Acc=83.20%
2025-06-05 17:32:04,170 | INFO | New best model saved (val loss = 0.5848)
2025-06-05 17:32:05,517 | INFO | Epoch: 41 | Time: 1.35s
2025-06-05 17:32:05,517 | INFO | Train Loss=0.5061, Train Acc=99.98%
2025-06-05 17:32:05,517 | INFO | Val Loss=0.6186, Val Acc=82.60%
2025-06-05 17:32:06,857 | INFO | Epoch: 42 | Time: 1.34s
2025-06-05 17:32:06,857 | INFO | Train Loss=0.5061, Train Acc=99.98%
2025-06-05 17:32:06,857 | INFO | Val Loss=0.6528, Val Acc=79.80%
2025-06-05 17:32:08,218 | INFO | Epoch: 43 | Time: 1.36s
2025-06-05 17:32:08,218 | INFO | Train Loss=0.5057, Train Acc=99.96%
2025-06-05 17:32:08,218 | INFO | Val Loss=0.6085, Val Acc=82.80%
2025-06-05 17:32:09,577 | INFO | Epoch: 44 | Time: 1.36s
2025-06-05 17:32:09,578 | INFO | Train Loss=0.5061, Train Acc=100.00%
2025-06-05 17:32:09,578 | INFO | Val Loss=0.6387, Val Acc=81.00%
2025-06-05 17:32:10,929 | INFO | Epoch: 45 | Time: 1.35s
2025-06-05 17:32:10,930 | INFO | Train Loss=0.5053, Train Acc=100.00%
2025-06-05 17:32:10,930 | INFO | Val Loss=0.6069, Val Acc=82.80%
2025-06-05 17:32:12,278 | INFO | Epoch: 46 | Time: 1.35s
2025-06-05 17:32:12,278 | INFO | Train Loss=0.5046, Train Acc=100.00%
2025-06-05 17:32:12,278 | INFO | Val Loss=0.6095, Val Acc=82.00%
2025-06-05 17:32:13,619 | INFO | Epoch: 47 | Time: 1.34s
2025-06-05 17:32:13,619 | INFO | Train Loss=0.5049, Train Acc=100.00%
2025-06-05 17:32:13,619 | INFO | Val Loss=0.6366, Val Acc=80.60%
2025-06-05 17:32:14,976 | INFO | Epoch: 48 | Time: 1.36s
2025-06-05 17:32:14,976 | INFO | Train Loss=0.5054, Train Acc=99.96%
2025-06-05 17:32:14,976 | INFO | Val Loss=0.6176, Val Acc=80.00%
2025-06-05 17:32:16,325 | INFO | Epoch: 49 | Time: 1.35s
2025-06-05 17:32:16,326 | INFO | Train Loss=0.5054, Train Acc=99.96%
2025-06-05 17:32:16,326 | INFO | Val Loss=0.5954, Val Acc=83.20%
2025-06-05 17:32:17,675 | INFO | Epoch: 50 | Time: 1.35s
2025-06-05 17:32:17,676 | INFO | Train Loss=0.5046, Train Acc=100.00%
2025-06-05 17:32:17,676 | INFO | Val Loss=0.6124, Val Acc=81.60%
2025-06-05 17:32:19,021 | INFO | Epoch: 51 | Time: 1.35s
2025-06-05 17:32:19,021 | INFO | Train Loss=0.5044, Train Acc=100.00%
2025-06-05 17:32:19,022 | INFO | Val Loss=0.6300, Val Acc=81.20%
2025-06-05 17:32:20,368 | INFO | Epoch: 52 | Time: 1.35s
2025-06-05 17:32:20,368 | INFO | Train Loss=0.5041, Train Acc=100.00%
2025-06-05 17:32:20,368 | INFO | Val Loss=0.5929, Val Acc=82.40%
2025-06-05 17:32:21,709 | INFO | Epoch: 53 | Time: 1.34s
2025-06-05 17:32:21,709 | INFO | Train Loss=0.5041, Train Acc=100.00%
2025-06-05 17:32:21,709 | INFO | Val Loss=0.6022, Val Acc=82.40%
2025-06-05 17:32:23,071 | INFO | Epoch: 54 | Time: 1.36s
2025-06-05 17:32:23,071 | INFO | Train Loss=0.5036, Train Acc=100.00%
2025-06-05 17:32:23,071 | INFO | Val Loss=0.6224, Val Acc=81.80%
2025-06-05 17:32:24,418 | INFO | Epoch: 55 | Time: 1.35s
2025-06-05 17:32:24,418 | INFO | Train Loss=0.5039, Train Acc=99.98%
2025-06-05 17:32:24,418 | INFO | Val Loss=0.6433, Val Acc=80.60%
2025-06-05 17:32:25,779 | INFO | Epoch: 56 | Time: 1.36s
2025-06-05 17:32:25,779 | INFO | Train Loss=0.5035, Train Acc=100.00%
2025-06-05 17:32:25,779 | INFO | Val Loss=0.6021, Val Acc=83.20%
2025-06-05 17:32:27,140 | INFO | Epoch: 57 | Time: 1.36s
2025-06-05 17:32:27,140 | INFO | Train Loss=0.5031, Train Acc=100.00%
2025-06-05 17:32:27,140 | INFO | Val Loss=0.6401, Val Acc=81.00%
2025-06-05 17:32:28,500 | INFO | Epoch: 58 | Time: 1.36s
2025-06-05 17:32:28,500 | INFO | Train Loss=0.5034, Train Acc=100.00%
2025-06-05 17:32:28,500 | INFO | Val Loss=0.6625, Val Acc=80.00%
2025-06-05 17:32:29,855 | INFO | Epoch: 59 | Time: 1.35s
2025-06-05 17:32:29,856 | INFO | Train Loss=0.5033, Train Acc=100.00%
2025-06-05 17:32:29,856 | INFO | Val Loss=0.6604, Val Acc=80.40%
2025-06-05 17:32:31,209 | INFO | Epoch: 60 | Time: 1.35s
2025-06-05 17:32:31,209 | INFO | Train Loss=0.5034, Train Acc=99.98%
2025-06-05 17:32:31,209 | INFO | Val Loss=0.6015, Val Acc=81.80%
2025-06-05 17:32:31,209 | INFO | Early stopping triggered at epoch 60
2025-06-05 17:32:31,270 | INFO | Best model with lowest val loss 0.5847848653793335 at 39 epoch is saved.
2025-06-05 17:32:32,080 | INFO | Test Accuracy: 85.01%
2025-06-05 17:32:32,158 | INFO | Last model with val loss 0.6015238165855408 at 59 epoch is saved.
2025-06-05 17:32:32,965 | INFO | Test Accuracy: 85.01%
2025-06-05 17:32:32,974 | INFO | 
Job Completed
