2025-04-24 10:35:29,220 | INFO | Job Started
2025-04-24 10:35:29,220 | INFO | Logging run: /rds/general/user/psp20/home/Brain-Network/runs/stanford_dogs/resnet_p2_20250424-103529
2025-04-24 10:35:29,390 | INFO | Using device: cuda
2025-04-24 10:35:29,390 | INFO | Training for 50 epochs
2025-04-24 10:35:29,390 | INFO | Debug mode: False
2025-04-24 10:35:29,390 | INFO | Downsampling by: 0
2025-04-24 10:35:29,613 | INFO | Using pretrained weights: IMAGENET1K_V1
2025-04-24 10:35:30,367 | INFO | Label smoothing: 0.1
2025-04-24 10:37:29,447 | INFO | Epoch 1: Train Loss=3.0528, Train Acc=32.23% | Val Loss=3.0268, Val Acc=31.08% | Time: 119.08s
2025-04-24 10:37:29,448 | INFO | New best model saved (val loss = 3.0268)
2025-04-24 10:39:05,068 | INFO | Epoch 2: Train Loss=2.2518, Train Acc=53.76% | Val Loss=2.7161, Val Acc=40.08% | Time: 95.62s
2025-04-24 10:39:05,069 | INFO | New best model saved (val loss = 2.7161)
2025-04-24 10:40:08,261 | INFO | Epoch 3: Train Loss=1.9405, Train Acc=64.24% | Val Loss=2.7002, Val Acc=43.58% | Time: 63.19s
2025-04-24 10:40:08,262 | INFO | New best model saved (val loss = 2.7002)
2025-04-24 10:41:13,559 | INFO | Epoch 4: Train Loss=1.7257, Train Acc=72.18% | Val Loss=2.6295, Val Acc=46.58% | Time: 65.30s
2025-04-24 10:41:13,560 | INFO | New best model saved (val loss = 2.6295)
2025-04-24 10:42:17,729 | INFO | Epoch 5: Train Loss=1.5311, Train Acc=79.31% | Val Loss=2.3339, Val Acc=52.50% | Time: 64.17s
2025-04-24 10:42:17,730 | INFO | New best model saved (val loss = 2.3339)
2025-04-24 10:43:20,606 | INFO | Epoch 6: Train Loss=1.3977, Train Acc=84.38% | Val Loss=2.5233, Val Acc=50.08% | Time: 62.87s
2025-04-24 10:44:20,310 | INFO | Epoch 7: Train Loss=1.3081, Train Acc=87.83% | Val Loss=2.4418, Val Acc=51.33% | Time: 59.70s
2025-04-24 10:45:36,834 | INFO | Epoch 8: Train Loss=1.2143, Train Acc=91.58% | Val Loss=2.4397, Val Acc=51.67% | Time: 76.52s
2025-04-24 10:47:10,515 | INFO | Epoch 9: Train Loss=1.1686, Train Acc=92.89% | Val Loss=2.3033, Val Acc=52.58% | Time: 93.68s
2025-04-24 10:47:10,515 | INFO | New best model saved (val loss = 2.3033)
2025-04-24 10:48:54,082 | INFO | Epoch 10: Train Loss=1.1261, Train Acc=94.41% | Val Loss=2.5271, Val Acc=48.83% | Time: 103.57s
2025-04-24 10:50:33,436 | INFO | Epoch 11: Train Loss=1.0972, Train Acc=95.17% | Val Loss=2.3506, Val Acc=55.58% | Time: 99.35s
2025-04-24 10:52:14,421 | INFO | Epoch 12: Train Loss=1.0852, Train Acc=95.60% | Val Loss=2.5014, Val Acc=52.58% | Time: 100.98s
2025-04-24 10:53:52,153 | INFO | Epoch 13: Train Loss=1.0897, Train Acc=95.59% | Val Loss=2.5926, Val Acc=48.92% | Time: 97.73s
2025-04-24 10:55:24,748 | INFO | Epoch 14: Train Loss=0.9909, Train Acc=98.50% | Val Loss=2.0144, Val Acc=65.08% | Time: 92.59s
2025-04-24 10:55:24,749 | INFO | New best model saved (val loss = 2.0144)
2025-04-24 10:57:00,346 | INFO | Epoch 15: Train Loss=0.9275, Train Acc=99.69% | Val Loss=1.9964, Val Acc=65.83% | Time: 95.60s
2025-04-24 10:57:00,347 | INFO | New best model saved (val loss = 1.9964)
2025-04-24 10:58:45,778 | INFO | Epoch 16: Train Loss=0.9047, Train Acc=99.77% | Val Loss=2.0048, Val Acc=65.42% | Time: 105.43s
2025-04-24 11:00:22,506 | INFO | Epoch 17: Train Loss=0.8878, Train Acc=99.86% | Val Loss=2.0026, Val Acc=66.00% | Time: 96.73s
2025-04-24 11:02:10,743 | INFO | Epoch 18: Train Loss=0.8791, Train Acc=99.85% | Val Loss=2.0104, Val Acc=66.25% | Time: 108.24s
2025-04-24 11:04:06,135 | INFO | Epoch 19: Train Loss=0.8710, Train Acc=99.85% | Val Loss=2.0259, Val Acc=65.75% | Time: 115.39s
2025-04-24 11:05:55,617 | INFO | Epoch 20: Train Loss=0.8637, Train Acc=99.93% | Val Loss=2.0219, Val Acc=65.75% | Time: 109.48s
2025-04-24 11:07:48,582 | INFO | Epoch 21: Train Loss=0.8631, Train Acc=99.89% | Val Loss=2.0272, Val Acc=65.75% | Time: 112.96s
2025-04-24 11:09:49,816 | INFO | Epoch 22: Train Loss=0.8613, Train Acc=99.90% | Val Loss=2.0249, Val Acc=65.83% | Time: 121.23s
2025-04-24 11:11:45,704 | INFO | Epoch 23: Train Loss=0.8605, Train Acc=99.89% | Val Loss=2.0248, Val Acc=65.67% | Time: 115.89s
2025-04-24 11:13:28,053 | INFO | Epoch 24: Train Loss=0.8598, Train Acc=99.94% | Val Loss=2.0312, Val Acc=65.58% | Time: 102.35s
2025-04-24 11:15:20,816 | INFO | Epoch 25: Train Loss=0.8591, Train Acc=99.92% | Val Loss=2.0264, Val Acc=65.67% | Time: 112.76s
2025-04-24 11:15:20,816 | INFO | Early stopping triggered at epoch 25
2025-04-24 11:15:20,925 | INFO | Best model with lowest val loss 1.9964200258255005 at 14 epoch is saved.
2025-04-24 11:16:30,709 | INFO | Test Accuracy: 65.84%
2025-04-24 11:16:30,788 | INFO | Last model with val loss 2.0264337690253007 at 24 epoch is saved.
2025-04-24 11:17:43,987 | INFO | Test Accuracy: 65.84%
2025-04-24 11:17:44,003 | INFO | 
Job Completed
