2025-06-05 20:02:41,792 | INFO | Job Started
2025-06-05 20:02:41,792 | INFO | Logging run: /rds/general/user/psp20/home/Brain-Network/runs/resnet_5_1_v3_sample_eff_0_1_20250605-200241
2025-06-05 20:02:41,795 | INFO | Using device: cuda
2025-06-05 20:02:41,795 | INFO | Training for 100 epochs
2025-06-05 20:02:41,795 | INFO | Debug mode: False
2025-06-05 20:02:41,795 | INFO | Downsampling by: 0.1
2025-06-05 20:02:41,795 | INFO | Auxiliary loss: {'loss_type': 0.01}
2025-06-05 20:02:41,795 | INFO | Train transforms: 
	Compose(
    RandomCrop(size=(32, 32), padding=4)
    RandomHorizontalFlip(p=0.5)
    ToTensor()
    Normalize(mean=(0.4914, 0.4822, 0.4465), std=(0.2023, 0.1994, 0.201))
)
2025-06-05 20:02:41,795 | INFO | Test transforms: 
	Compose(
    ToTensor()
    Normalize(mean=(0.4914, 0.4822, 0.4465), std=(0.2023, 0.1994, 0.201))
)
2025-06-05 20:02:43,819 | INFO | Full train/val size with downsampling (0.1): 5000
2025-06-05 20:02:43,938 | INFO | Label smoothing: 0.1
2025-06-05 20:02:43,938 | INFO | Auxiliary loss: {'loss_type': 0.01}
2025-06-05 20:02:45,123 | INFO | Epoch: 1 | Time: 1.18s
2025-06-05 20:02:45,123 | INFO | Train Loss=2.3135, Train Acc=11.87%
2025-06-05 20:02:45,123 | INFO | Val Loss=2.2729, Val Acc=13.80%
2025-06-05 20:02:45,124 | INFO | New best model saved (val loss = 2.2729)
2025-06-05 20:02:46,195 | INFO | Epoch: 2 | Time: 1.07s
2025-06-05 20:02:46,195 | INFO | Train Loss=2.2272, Train Acc=16.91%
2025-06-05 20:02:46,195 | INFO | Val Loss=2.2096, Val Acc=19.80%
2025-06-05 20:02:46,196 | INFO | New best model saved (val loss = 2.2096)
2025-06-05 20:02:47,268 | INFO | Epoch: 3 | Time: 1.07s
2025-06-05 20:02:47,268 | INFO | Train Loss=1.9807, Train Acc=29.84%
2025-06-05 20:02:47,268 | INFO | Val Loss=1.9634, Val Acc=27.00%
2025-06-05 20:02:47,269 | INFO | New best model saved (val loss = 1.9634)
2025-06-05 20:02:48,339 | INFO | Epoch: 4 | Time: 1.07s
2025-06-05 20:02:48,339 | INFO | Train Loss=1.8226, Train Acc=38.02%
2025-06-05 20:02:48,340 | INFO | Val Loss=2.0913, Val Acc=27.80%
2025-06-05 20:02:49,412 | INFO | Epoch: 5 | Time: 1.07s
2025-06-05 20:02:49,413 | INFO | Train Loss=1.7133, Train Acc=42.56%
2025-06-05 20:02:49,413 | INFO | Val Loss=1.6401, Val Acc=42.40%
2025-06-05 20:02:49,414 | INFO | New best model saved (val loss = 1.6401)
2025-06-05 20:02:50,483 | INFO | Epoch: 6 | Time: 1.07s
2025-06-05 20:02:50,483 | INFO | Train Loss=1.6335, Train Acc=46.64%
2025-06-05 20:02:50,483 | INFO | Val Loss=1.7233, Val Acc=39.80%
2025-06-05 20:02:51,560 | INFO | Epoch: 7 | Time: 1.08s
2025-06-05 20:02:51,560 | INFO | Train Loss=1.5901, Train Acc=49.53%
2025-06-05 20:02:51,560 | INFO | Val Loss=1.5953, Val Acc=41.80%
2025-06-05 20:02:51,561 | INFO | New best model saved (val loss = 1.5953)
2025-06-05 20:02:52,636 | INFO | Epoch: 8 | Time: 1.07s
2025-06-05 20:02:52,636 | INFO | Train Loss=1.5068, Train Acc=53.27%
2025-06-05 20:02:52,636 | INFO | Val Loss=1.5537, Val Acc=43.40%
2025-06-05 20:02:52,637 | INFO | New best model saved (val loss = 1.5537)
2025-06-05 20:02:53,712 | INFO | Epoch: 9 | Time: 1.07s
2025-06-05 20:02:53,712 | INFO | Train Loss=1.4476, Train Acc=56.44%
2025-06-05 20:02:53,712 | INFO | Val Loss=1.4771, Val Acc=48.20%
2025-06-05 20:02:53,713 | INFO | New best model saved (val loss = 1.4771)
2025-06-05 20:02:54,782 | INFO | Epoch: 10 | Time: 1.07s
2025-06-05 20:02:54,782 | INFO | Train Loss=1.3691, Train Acc=60.56%
2025-06-05 20:02:54,782 | INFO | Val Loss=1.2681, Val Acc=57.40%
2025-06-05 20:02:54,783 | INFO | New best model saved (val loss = 1.2681)
2025-06-05 20:02:55,871 | INFO | Epoch: 11 | Time: 1.09s
2025-06-05 20:02:55,871 | INFO | Train Loss=1.3177, Train Acc=63.91%
2025-06-05 20:02:55,871 | INFO | Val Loss=1.3272, Val Acc=52.40%
2025-06-05 20:02:56,939 | INFO | Epoch: 12 | Time: 1.07s
2025-06-05 20:02:56,940 | INFO | Train Loss=1.2906, Train Acc=63.87%
2025-06-05 20:02:56,940 | INFO | Val Loss=1.3779, Val Acc=51.60%
2025-06-05 20:02:58,013 | INFO | Epoch: 13 | Time: 1.07s
2025-06-05 20:02:58,014 | INFO | Train Loss=1.2399, Train Acc=67.13%
2025-06-05 20:02:58,014 | INFO | Val Loss=1.2456, Val Acc=55.20%
2025-06-05 20:02:58,015 | INFO | New best model saved (val loss = 1.2456)
2025-06-05 20:02:59,089 | INFO | Epoch: 14 | Time: 1.07s
2025-06-05 20:02:59,090 | INFO | Train Loss=1.1850, Train Acc=69.36%
2025-06-05 20:02:59,090 | INFO | Val Loss=1.3225, Val Acc=57.20%
2025-06-05 20:03:00,158 | INFO | Epoch: 15 | Time: 1.07s
2025-06-05 20:03:00,159 | INFO | Train Loss=1.1576, Train Acc=71.44%
2025-06-05 20:03:00,159 | INFO | Val Loss=1.2028, Val Acc=59.80%
2025-06-05 20:03:00,160 | INFO | New best model saved (val loss = 1.2028)
2025-06-05 20:03:01,233 | INFO | Epoch: 16 | Time: 1.07s
2025-06-05 20:03:01,233 | INFO | Train Loss=1.1159, Train Acc=73.16%
2025-06-05 20:03:01,233 | INFO | Val Loss=1.0844, Val Acc=63.80%
2025-06-05 20:03:01,234 | INFO | New best model saved (val loss = 1.0844)
2025-06-05 20:03:02,310 | INFO | Epoch: 17 | Time: 1.08s
2025-06-05 20:03:02,310 | INFO | Train Loss=1.0881, Train Acc=74.69%
2025-06-05 20:03:02,310 | INFO | Val Loss=1.2325, Val Acc=57.60%
2025-06-05 20:03:03,396 | INFO | Epoch: 18 | Time: 1.09s
2025-06-05 20:03:03,396 | INFO | Train Loss=1.0700, Train Acc=76.00%
2025-06-05 20:03:03,396 | INFO | Val Loss=1.3966, Val Acc=55.80%
2025-06-05 20:03:04,470 | INFO | Epoch: 19 | Time: 1.07s
2025-06-05 20:03:04,470 | INFO | Train Loss=1.0271, Train Acc=77.64%
2025-06-05 20:03:04,470 | INFO | Val Loss=1.2080, Val Acc=60.80%
2025-06-05 20:03:05,558 | INFO | Epoch: 20 | Time: 1.09s
2025-06-05 20:03:05,558 | INFO | Train Loss=0.9893, Train Acc=79.47%
2025-06-05 20:03:05,558 | INFO | Val Loss=1.3693, Val Acc=54.80%
2025-06-05 20:03:06,652 | INFO | Epoch: 21 | Time: 1.09s
2025-06-05 20:03:06,652 | INFO | Train Loss=0.9622, Train Acc=80.27%
2025-06-05 20:03:06,652 | INFO | Val Loss=1.5944, Val Acc=51.80%
2025-06-05 20:03:07,731 | INFO | Epoch: 22 | Time: 1.08s
2025-06-05 20:03:07,731 | INFO | Train Loss=0.9367, Train Acc=82.04%
2025-06-05 20:03:07,731 | INFO | Val Loss=1.3224, Val Acc=58.80%
2025-06-05 20:03:08,820 | INFO | Epoch: 23 | Time: 1.09s
2025-06-05 20:03:08,820 | INFO | Train Loss=0.9070, Train Acc=82.91%
2025-06-05 20:03:08,820 | INFO | Val Loss=1.2027, Val Acc=63.00%
2025-06-05 20:03:09,907 | INFO | Epoch: 24 | Time: 1.09s
2025-06-05 20:03:09,907 | INFO | Train Loss=0.8753, Train Acc=84.49%
2025-06-05 20:03:09,907 | INFO | Val Loss=1.2625, Val Acc=60.80%
2025-06-05 20:03:10,995 | INFO | Epoch: 25 | Time: 1.09s
2025-06-05 20:03:10,995 | INFO | Train Loss=0.8544, Train Acc=85.20%
2025-06-05 20:03:10,995 | INFO | Val Loss=1.2823, Val Acc=58.20%
2025-06-05 20:03:12,068 | INFO | Epoch: 26 | Time: 1.07s
2025-06-05 20:03:12,068 | INFO | Train Loss=0.8253, Train Acc=86.98%
2025-06-05 20:03:12,068 | INFO | Val Loss=1.2187, Val Acc=62.60%
2025-06-05 20:03:13,148 | INFO | Epoch: 27 | Time: 1.08s
2025-06-05 20:03:13,148 | INFO | Train Loss=0.8211, Train Acc=86.78%
2025-06-05 20:03:13,148 | INFO | Val Loss=1.1938, Val Acc=61.00%
2025-06-05 20:03:14,223 | INFO | Epoch: 28 | Time: 1.07s
2025-06-05 20:03:14,224 | INFO | Train Loss=0.7961, Train Acc=88.67%
2025-06-05 20:03:14,224 | INFO | Val Loss=1.2787, Val Acc=59.20%
2025-06-05 20:03:15,292 | INFO | Epoch: 29 | Time: 1.07s
2025-06-05 20:03:15,293 | INFO | Train Loss=0.7790, Train Acc=89.64%
2025-06-05 20:03:15,293 | INFO | Val Loss=1.0106, Val Acc=68.40%
2025-06-05 20:03:15,293 | INFO | New best model saved (val loss = 1.0106)
2025-06-05 20:03:16,361 | INFO | Epoch: 30 | Time: 1.07s
2025-06-05 20:03:16,361 | INFO | Train Loss=0.7579, Train Acc=90.13%
2025-06-05 20:03:16,361 | INFO | Val Loss=1.0770, Val Acc=64.20%
2025-06-05 20:03:17,438 | INFO | Epoch: 31 | Time: 1.08s
2025-06-05 20:03:17,439 | INFO | Train Loss=0.7154, Train Acc=93.02%
2025-06-05 20:03:17,439 | INFO | Val Loss=1.1604, Val Acc=65.20%
2025-06-05 20:03:18,505 | INFO | Epoch: 32 | Time: 1.07s
2025-06-05 20:03:18,505 | INFO | Train Loss=0.7002, Train Acc=93.07%
2025-06-05 20:03:18,505 | INFO | Val Loss=1.0099, Val Acc=67.40%
2025-06-05 20:03:18,506 | INFO | New best model saved (val loss = 1.0099)
2025-06-05 20:03:19,574 | INFO | Epoch: 33 | Time: 1.07s
2025-06-05 20:03:19,574 | INFO | Train Loss=0.6853, Train Acc=94.04%
2025-06-05 20:03:19,574 | INFO | Val Loss=1.0153, Val Acc=67.60%
2025-06-05 20:03:20,646 | INFO | Epoch: 34 | Time: 1.07s
2025-06-05 20:03:20,646 | INFO | Train Loss=0.6692, Train Acc=94.67%
2025-06-05 20:03:20,646 | INFO | Val Loss=1.1042, Val Acc=64.80%
2025-06-05 20:03:21,714 | INFO | Epoch: 35 | Time: 1.07s
2025-06-05 20:03:21,714 | INFO | Train Loss=0.6520, Train Acc=95.31%
2025-06-05 20:03:21,714 | INFO | Val Loss=1.0562, Val Acc=69.20%
2025-06-05 20:03:22,788 | INFO | Epoch: 36 | Time: 1.07s
2025-06-05 20:03:22,788 | INFO | Train Loss=0.6377, Train Acc=95.73%
2025-06-05 20:03:22,788 | INFO | Val Loss=1.1476, Val Acc=66.00%
2025-06-05 20:03:23,865 | INFO | Epoch: 37 | Time: 1.08s
2025-06-05 20:03:23,865 | INFO | Train Loss=0.6292, Train Acc=96.42%
2025-06-05 20:03:23,865 | INFO | Val Loss=1.0399, Val Acc=69.20%
2025-06-05 20:03:24,945 | INFO | Epoch: 38 | Time: 1.08s
2025-06-05 20:03:24,945 | INFO | Train Loss=0.6213, Train Acc=96.67%
2025-06-05 20:03:24,945 | INFO | Val Loss=0.9764, Val Acc=69.80%
2025-06-05 20:03:24,946 | INFO | New best model saved (val loss = 0.9764)
2025-06-05 20:03:26,124 | INFO | Epoch: 39 | Time: 1.18s
2025-06-05 20:03:26,124 | INFO | Train Loss=0.6075, Train Acc=97.49%
2025-06-05 20:03:26,124 | INFO | Val Loss=1.1304, Val Acc=65.60%
2025-06-05 20:03:27,204 | INFO | Epoch: 40 | Time: 1.08s
2025-06-05 20:03:27,204 | INFO | Train Loss=0.6001, Train Acc=97.87%
2025-06-05 20:03:27,204 | INFO | Val Loss=0.9881, Val Acc=68.20%
2025-06-05 20:03:28,292 | INFO | Epoch: 41 | Time: 1.09s
2025-06-05 20:03:28,292 | INFO | Train Loss=0.5862, Train Acc=98.00%
2025-06-05 20:03:28,292 | INFO | Val Loss=0.9925, Val Acc=68.60%
2025-06-05 20:03:29,376 | INFO | Epoch: 42 | Time: 1.08s
2025-06-05 20:03:29,376 | INFO | Train Loss=0.5697, Train Acc=98.82%
2025-06-05 20:03:29,376 | INFO | Val Loss=0.9737, Val Acc=71.20%
2025-06-05 20:03:29,377 | INFO | New best model saved (val loss = 0.9737)
2025-06-05 20:03:30,525 | INFO | Epoch: 43 | Time: 1.15s
2025-06-05 20:03:30,525 | INFO | Train Loss=0.5595, Train Acc=99.13%
2025-06-05 20:03:30,525 | INFO | Val Loss=0.9548, Val Acc=69.20%
2025-06-05 20:03:30,526 | INFO | New best model saved (val loss = 0.9548)
2025-06-05 20:03:31,679 | INFO | Epoch: 44 | Time: 1.15s
2025-06-05 20:03:31,679 | INFO | Train Loss=0.5540, Train Acc=99.36%
2025-06-05 20:03:31,679 | INFO | Val Loss=0.9906, Val Acc=70.00%
2025-06-05 20:03:32,771 | INFO | Epoch: 45 | Time: 1.09s
2025-06-05 20:03:32,771 | INFO | Train Loss=0.5492, Train Acc=99.24%
2025-06-05 20:03:32,771 | INFO | Val Loss=0.9946, Val Acc=69.20%
2025-06-05 20:03:33,848 | INFO | Epoch: 46 | Time: 1.08s
2025-06-05 20:03:33,849 | INFO | Train Loss=0.5452, Train Acc=99.58%
2025-06-05 20:03:33,849 | INFO | Val Loss=1.0432, Val Acc=66.20%
2025-06-05 20:03:34,923 | INFO | Epoch: 47 | Time: 1.07s
2025-06-05 20:03:34,923 | INFO | Train Loss=0.5432, Train Acc=99.51%
2025-06-05 20:03:34,924 | INFO | Val Loss=0.9393, Val Acc=72.40%
2025-06-05 20:03:34,924 | INFO | New best model saved (val loss = 0.9393)
2025-06-05 20:03:36,027 | INFO | Epoch: 48 | Time: 1.10s
2025-06-05 20:03:36,027 | INFO | Train Loss=0.5384, Train Acc=99.56%
2025-06-05 20:03:36,027 | INFO | Val Loss=0.9457, Val Acc=70.00%
2025-06-05 20:03:37,100 | INFO | Epoch: 49 | Time: 1.07s
2025-06-05 20:03:37,101 | INFO | Train Loss=0.5325, Train Acc=99.78%
2025-06-05 20:03:37,101 | INFO | Val Loss=0.9133, Val Acc=72.40%
2025-06-05 20:03:37,101 | INFO | New best model saved (val loss = 0.9133)
2025-06-05 20:03:38,173 | INFO | Epoch: 50 | Time: 1.07s
2025-06-05 20:03:38,173 | INFO | Train Loss=0.5299, Train Acc=99.84%
2025-06-05 20:03:38,173 | INFO | Val Loss=0.9372, Val Acc=71.60%
2025-06-05 20:03:39,242 | INFO | Epoch: 51 | Time: 1.07s
2025-06-05 20:03:39,243 | INFO | Train Loss=0.5279, Train Acc=99.82%
2025-06-05 20:03:39,243 | INFO | Val Loss=0.9246, Val Acc=71.80%
2025-06-05 20:03:40,315 | INFO | Epoch: 52 | Time: 1.07s
2025-06-05 20:03:40,316 | INFO | Train Loss=0.5269, Train Acc=99.80%
2025-06-05 20:03:40,316 | INFO | Val Loss=0.9495, Val Acc=71.20%
2025-06-05 20:03:41,382 | INFO | Epoch: 53 | Time: 1.07s
2025-06-05 20:03:41,383 | INFO | Train Loss=0.5238, Train Acc=99.98%
2025-06-05 20:03:41,383 | INFO | Val Loss=0.9438, Val Acc=71.20%
2025-06-05 20:03:42,455 | INFO | Epoch: 54 | Time: 1.07s
2025-06-05 20:03:42,455 | INFO | Train Loss=0.5206, Train Acc=99.98%
2025-06-05 20:03:42,455 | INFO | Val Loss=0.9139, Val Acc=70.00%
2025-06-05 20:03:43,530 | INFO | Epoch: 55 | Time: 1.07s
2025-06-05 20:03:43,530 | INFO | Train Loss=0.5185, Train Acc=99.98%
2025-06-05 20:03:43,530 | INFO | Val Loss=0.8891, Val Acc=73.80%
2025-06-05 20:03:43,531 | INFO | New best model saved (val loss = 0.8891)
2025-06-05 20:03:44,596 | INFO | Epoch: 56 | Time: 1.06s
2025-06-05 20:03:44,596 | INFO | Train Loss=0.5163, Train Acc=99.96%
2025-06-05 20:03:44,596 | INFO | Val Loss=0.8871, Val Acc=73.40%
2025-06-05 20:03:44,597 | INFO | New best model saved (val loss = 0.8871)
2025-06-05 20:03:45,667 | INFO | Epoch: 57 | Time: 1.07s
2025-06-05 20:03:45,667 | INFO | Train Loss=0.5148, Train Acc=99.98%
2025-06-05 20:03:45,667 | INFO | Val Loss=0.9204, Val Acc=72.80%
2025-06-05 20:03:46,738 | INFO | Epoch: 58 | Time: 1.07s
2025-06-05 20:03:46,738 | INFO | Train Loss=0.5144, Train Acc=100.00%
2025-06-05 20:03:46,738 | INFO | Val Loss=0.9389, Val Acc=70.40%
2025-06-05 20:03:47,803 | INFO | Epoch: 59 | Time: 1.06s
2025-06-05 20:03:47,803 | INFO | Train Loss=0.5134, Train Acc=100.00%
2025-06-05 20:03:47,803 | INFO | Val Loss=0.9017, Val Acc=72.40%
2025-06-05 20:03:48,879 | INFO | Epoch: 60 | Time: 1.08s
2025-06-05 20:03:48,879 | INFO | Train Loss=0.5132, Train Acc=100.00%
2025-06-05 20:03:48,879 | INFO | Val Loss=0.9171, Val Acc=72.00%
2025-06-05 20:03:49,954 | INFO | Epoch: 61 | Time: 1.07s
2025-06-05 20:03:49,954 | INFO | Train Loss=0.5136, Train Acc=99.93%
2025-06-05 20:03:49,954 | INFO | Val Loss=0.9239, Val Acc=71.20%
2025-06-05 20:03:51,027 | INFO | Epoch: 62 | Time: 1.07s
2025-06-05 20:03:51,027 | INFO | Train Loss=0.5125, Train Acc=100.00%
2025-06-05 20:03:51,027 | INFO | Val Loss=0.8946, Val Acc=72.20%
2025-06-05 20:03:52,103 | INFO | Epoch: 63 | Time: 1.08s
2025-06-05 20:03:52,103 | INFO | Train Loss=0.5114, Train Acc=100.00%
2025-06-05 20:03:52,104 | INFO | Val Loss=0.8934, Val Acc=73.00%
2025-06-05 20:03:53,190 | INFO | Epoch: 64 | Time: 1.09s
2025-06-05 20:03:53,190 | INFO | Train Loss=0.5113, Train Acc=99.98%
2025-06-05 20:03:53,190 | INFO | Val Loss=0.9401, Val Acc=72.00%
2025-06-05 20:03:54,258 | INFO | Epoch: 65 | Time: 1.07s
2025-06-05 20:03:54,259 | INFO | Train Loss=0.5095, Train Acc=100.00%
2025-06-05 20:03:54,259 | INFO | Val Loss=0.8915, Val Acc=71.40%
2025-06-05 20:03:55,325 | INFO | Epoch: 66 | Time: 1.07s
2025-06-05 20:03:55,326 | INFO | Train Loss=0.5099, Train Acc=100.00%
2025-06-05 20:03:55,326 | INFO | Val Loss=0.8961, Val Acc=73.60%
2025-06-05 20:03:56,399 | INFO | Epoch: 67 | Time: 1.07s
2025-06-05 20:03:56,400 | INFO | Train Loss=0.5096, Train Acc=100.00%
2025-06-05 20:03:56,400 | INFO | Val Loss=0.8852, Val Acc=73.60%
2025-06-05 20:03:56,401 | INFO | New best model saved (val loss = 0.8852)
2025-06-05 20:03:57,477 | INFO | Epoch: 68 | Time: 1.08s
2025-06-05 20:03:57,477 | INFO | Train Loss=0.5094, Train Acc=100.00%
2025-06-05 20:03:57,477 | INFO | Val Loss=0.9107, Val Acc=71.20%
2025-06-05 20:03:58,542 | INFO | Epoch: 69 | Time: 1.06s
2025-06-05 20:03:58,542 | INFO | Train Loss=0.5087, Train Acc=100.00%
2025-06-05 20:03:58,542 | INFO | Val Loss=0.9264, Val Acc=71.80%
2025-06-05 20:03:59,622 | INFO | Epoch: 70 | Time: 1.08s
2025-06-05 20:03:59,622 | INFO | Train Loss=0.5090, Train Acc=100.00%
2025-06-05 20:03:59,622 | INFO | Val Loss=0.9054, Val Acc=72.80%
2025-06-05 20:04:00,683 | INFO | Epoch: 71 | Time: 1.06s
2025-06-05 20:04:00,683 | INFO | Train Loss=0.5086, Train Acc=100.00%
2025-06-05 20:04:00,683 | INFO | Val Loss=0.8706, Val Acc=73.80%
2025-06-05 20:04:00,684 | INFO | New best model saved (val loss = 0.8706)
2025-06-05 20:04:01,750 | INFO | Epoch: 72 | Time: 1.07s
2025-06-05 20:04:01,751 | INFO | Train Loss=0.5079, Train Acc=100.00%
2025-06-05 20:04:01,751 | INFO | Val Loss=0.9085, Val Acc=72.20%
2025-06-05 20:04:02,827 | INFO | Epoch: 73 | Time: 1.08s
2025-06-05 20:04:02,827 | INFO | Train Loss=0.5083, Train Acc=100.00%
2025-06-05 20:04:02,827 | INFO | Val Loss=0.9031, Val Acc=72.80%
2025-06-05 20:04:03,888 | INFO | Epoch: 74 | Time: 1.06s
2025-06-05 20:04:03,889 | INFO | Train Loss=0.5075, Train Acc=100.00%
2025-06-05 20:04:03,889 | INFO | Val Loss=0.8890, Val Acc=73.80%
2025-06-05 20:04:04,954 | INFO | Epoch: 75 | Time: 1.07s
2025-06-05 20:04:04,954 | INFO | Train Loss=0.5079, Train Acc=99.98%
2025-06-05 20:04:04,954 | INFO | Val Loss=0.9018, Val Acc=72.60%
2025-06-05 20:04:06,024 | INFO | Epoch: 76 | Time: 1.07s
2025-06-05 20:04:06,024 | INFO | Train Loss=0.5073, Train Acc=100.00%
2025-06-05 20:04:06,024 | INFO | Val Loss=0.9239, Val Acc=71.40%
2025-06-05 20:04:07,091 | INFO | Epoch: 77 | Time: 1.07s
2025-06-05 20:04:07,091 | INFO | Train Loss=0.5071, Train Acc=100.00%
2025-06-05 20:04:07,091 | INFO | Val Loss=0.9176, Val Acc=72.80%
2025-06-05 20:04:08,162 | INFO | Epoch: 78 | Time: 1.07s
2025-06-05 20:04:08,162 | INFO | Train Loss=0.5073, Train Acc=100.00%
2025-06-05 20:04:08,162 | INFO | Val Loss=0.9172, Val Acc=73.60%
2025-06-05 20:04:09,230 | INFO | Epoch: 79 | Time: 1.07s
2025-06-05 20:04:09,230 | INFO | Train Loss=0.5073, Train Acc=100.00%
2025-06-05 20:04:09,230 | INFO | Val Loss=0.9401, Val Acc=71.00%
2025-06-05 20:04:10,302 | INFO | Epoch: 80 | Time: 1.07s
2025-06-05 20:04:10,302 | INFO | Train Loss=0.5068, Train Acc=100.00%
2025-06-05 20:04:10,302 | INFO | Val Loss=0.8713, Val Acc=74.60%
2025-06-05 20:04:11,376 | INFO | Epoch: 81 | Time: 1.07s
2025-06-05 20:04:11,376 | INFO | Train Loss=0.5075, Train Acc=100.00%
2025-06-05 20:04:11,376 | INFO | Val Loss=0.9139, Val Acc=73.20%
2025-06-05 20:04:12,443 | INFO | Epoch: 82 | Time: 1.07s
2025-06-05 20:04:12,443 | INFO | Train Loss=0.5071, Train Acc=100.00%
2025-06-05 20:04:12,443 | INFO | Val Loss=0.8963, Val Acc=72.60%
2025-06-05 20:04:13,510 | INFO | Epoch: 83 | Time: 1.07s
2025-06-05 20:04:13,510 | INFO | Train Loss=0.5067, Train Acc=100.00%
2025-06-05 20:04:13,510 | INFO | Val Loss=0.9095, Val Acc=72.60%
2025-06-05 20:04:14,590 | INFO | Epoch: 84 | Time: 1.08s
2025-06-05 20:04:14,590 | INFO | Train Loss=0.5068, Train Acc=100.00%
2025-06-05 20:04:14,590 | INFO | Val Loss=0.9249, Val Acc=71.80%
2025-06-05 20:04:15,704 | INFO | Epoch: 85 | Time: 1.11s
2025-06-05 20:04:15,705 | INFO | Train Loss=0.5064, Train Acc=100.00%
2025-06-05 20:04:15,705 | INFO | Val Loss=0.9190, Val Acc=72.40%
2025-06-05 20:04:16,785 | INFO | Epoch: 86 | Time: 1.08s
2025-06-05 20:04:16,785 | INFO | Train Loss=0.5062, Train Acc=100.00%
2025-06-05 20:04:16,785 | INFO | Val Loss=0.9060, Val Acc=73.20%
2025-06-05 20:04:17,856 | INFO | Epoch: 87 | Time: 1.07s
2025-06-05 20:04:17,857 | INFO | Train Loss=0.5069, Train Acc=100.00%
2025-06-05 20:04:17,857 | INFO | Val Loss=0.8798, Val Acc=73.80%
2025-06-05 20:04:18,925 | INFO | Epoch: 88 | Time: 1.07s
2025-06-05 20:04:18,926 | INFO | Train Loss=0.5065, Train Acc=100.00%
2025-06-05 20:04:18,926 | INFO | Val Loss=0.8950, Val Acc=73.40%
2025-06-05 20:04:20,005 | INFO | Epoch: 89 | Time: 1.08s
2025-06-05 20:04:20,006 | INFO | Train Loss=0.5062, Train Acc=100.00%
2025-06-05 20:04:20,006 | INFO | Val Loss=0.9095, Val Acc=71.60%
2025-06-05 20:04:21,073 | INFO | Epoch: 90 | Time: 1.07s
2025-06-05 20:04:21,073 | INFO | Train Loss=0.5060, Train Acc=100.00%
2025-06-05 20:04:21,073 | INFO | Val Loss=0.8805, Val Acc=72.80%
2025-06-05 20:04:22,146 | INFO | Epoch: 91 | Time: 1.07s
2025-06-05 20:04:22,146 | INFO | Train Loss=0.5066, Train Acc=100.00%
2025-06-05 20:04:22,146 | INFO | Val Loss=0.8983, Val Acc=73.00%
2025-06-05 20:04:22,146 | INFO | Early stopping triggered at epoch 91
2025-06-05 20:04:22,292 | INFO | Best model with lowest val loss 0.8705962300300598 at 70 epoch is saved.
2025-06-05 20:04:23,081 | INFO | Test Accuracy: 74.19%
2025-06-05 20:04:23,153 | INFO | Last model with val loss 0.89832404255867 at 90 epoch is saved.
2025-06-05 20:04:23,938 | INFO | Test Accuracy: 74.19%
2025-06-05 20:04:23,947 | INFO | 
Job Completed
