2025-06-05 16:42:30,599 | INFO | Job Started
2025-06-05 16:42:30,599 | INFO | Logging run: /rds/general/user/psp20/home/Brain-Network/runs/resnet_5_1_v2_acc_20250605-164230
2025-06-05 16:42:30,813 | INFO | Using device: cuda
2025-06-05 16:42:30,813 | INFO | Training for 100 epochs
2025-06-05 16:42:30,813 | INFO | Debug mode: False
2025-06-05 16:42:30,813 | INFO | Downsampling by: 0
2025-06-05 16:42:30,814 | INFO | Auxiliary loss: {'loss_type': 0.01}
2025-06-05 16:42:30,814 | INFO | Train transforms: 
	Compose(
    RandomCrop(size=(32, 32), padding=4)
    RandomHorizontalFlip(p=0.5)
    ColorJitter(brightness=(0.8, 1.2), contrast=(0.8, 1.2), saturation=(0.8, 1.2), hue=None)
    ToTensor()
    Normalize(mean=(0.4914, 0.4822, 0.4465), std=(0.2023, 0.1994, 0.201))
)
2025-06-05 16:42:30,814 | INFO | Test transforms: 
	Compose(
    ToTensor()
    Normalize(mean=(0.4914, 0.4822, 0.4465), std=(0.2023, 0.1994, 0.201))
)
2025-06-05 16:42:32,642 | INFO | Full train/val size with downsampling (0): 50000
2025-06-05 16:42:33,050 | INFO | Label smoothing: 0.1
2025-06-05 16:42:33,051 | INFO | Auxiliary loss: {'loss_type': 0.01}
2025-06-05 16:42:48,870 | INFO | Epoch: 1 | Time: 15.82s
2025-06-05 16:42:48,870 | INFO | Train Loss=2.1097, Train Acc=23.76%
2025-06-05 16:42:48,870 | INFO | Val Loss=1.8666, Val Acc=31.52%
2025-06-05 16:42:48,871 | INFO | New best model saved (val loss = 1.8666)
2025-06-05 16:42:59,400 | INFO | Epoch: 2 | Time: 10.53s
2025-06-05 16:42:59,401 | INFO | Train Loss=1.8668, Train Acc=35.67%
2025-06-05 16:42:59,401 | INFO | Val Loss=1.6939, Val Acc=38.98%
2025-06-05 16:42:59,401 | INFO | New best model saved (val loss = 1.6939)
2025-06-05 16:43:10,004 | INFO | Epoch: 3 | Time: 10.60s
2025-06-05 16:43:10,005 | INFO | Train Loss=1.6132, Train Acc=47.80%
2025-06-05 16:43:10,005 | INFO | Val Loss=1.2886, Val Acc=53.92%
2025-06-05 16:43:10,006 | INFO | New best model saved (val loss = 1.2886)
2025-06-05 16:43:20,744 | INFO | Epoch: 4 | Time: 10.74s
2025-06-05 16:43:20,744 | INFO | Train Loss=1.3659, Train Acc=60.88%
2025-06-05 16:43:20,744 | INFO | Val Loss=1.0056, Val Acc=65.98%
2025-06-05 16:43:20,745 | INFO | New best model saved (val loss = 1.0056)
2025-06-05 16:43:31,326 | INFO | Epoch: 5 | Time: 10.58s
2025-06-05 16:43:31,326 | INFO | Train Loss=1.1956, Train Acc=69.24%
2025-06-05 16:43:31,326 | INFO | Val Loss=0.8517, Val Acc=72.10%
2025-06-05 16:43:31,327 | INFO | New best model saved (val loss = 0.8517)
2025-06-05 16:43:41,947 | INFO | Epoch: 6 | Time: 10.62s
2025-06-05 16:43:41,947 | INFO | Train Loss=1.0832, Train Acc=74.64%
2025-06-05 16:43:41,947 | INFO | Val Loss=0.8454, Val Acc=71.70%
2025-06-05 16:43:41,948 | INFO | New best model saved (val loss = 0.8454)
2025-06-05 16:43:52,578 | INFO | Epoch: 7 | Time: 10.63s
2025-06-05 16:43:52,578 | INFO | Train Loss=1.0107, Train Acc=78.02%
2025-06-05 16:43:52,578 | INFO | Val Loss=0.7832, Val Acc=74.92%
2025-06-05 16:43:52,579 | INFO | New best model saved (val loss = 0.7832)
2025-06-05 16:44:03,145 | INFO | Epoch: 8 | Time: 10.57s
2025-06-05 16:44:03,145 | INFO | Train Loss=0.9443, Train Acc=80.82%
2025-06-05 16:44:03,145 | INFO | Val Loss=0.7125, Val Acc=76.06%
2025-06-05 16:44:03,146 | INFO | New best model saved (val loss = 0.7125)
2025-06-05 16:44:13,750 | INFO | Epoch: 9 | Time: 10.60s
2025-06-05 16:44:13,750 | INFO | Train Loss=0.8919, Train Acc=83.40%
2025-06-05 16:44:13,750 | INFO | Val Loss=0.7421, Val Acc=76.02%
2025-06-05 16:44:24,358 | INFO | Epoch: 10 | Time: 10.61s
2025-06-05 16:44:24,358 | INFO | Train Loss=0.8518, Train Acc=85.23%
2025-06-05 16:44:24,358 | INFO | Val Loss=0.6421, Val Acc=79.00%
2025-06-05 16:44:24,359 | INFO | New best model saved (val loss = 0.6421)
2025-06-05 16:44:34,932 | INFO | Epoch: 11 | Time: 10.57s
2025-06-05 16:44:34,932 | INFO | Train Loss=0.8229, Train Acc=86.29%
2025-06-05 16:44:34,932 | INFO | Val Loss=0.6039, Val Acc=81.04%
2025-06-05 16:44:34,934 | INFO | New best model saved (val loss = 0.6039)
2025-06-05 16:44:45,552 | INFO | Epoch: 12 | Time: 10.62s
2025-06-05 16:44:45,552 | INFO | Train Loss=0.7987, Train Acc=87.18%
2025-06-05 16:44:45,552 | INFO | Val Loss=0.5422, Val Acc=83.26%
2025-06-05 16:44:45,553 | INFO | New best model saved (val loss = 0.5422)
2025-06-05 16:44:56,204 | INFO | Epoch: 13 | Time: 10.65s
2025-06-05 16:44:56,204 | INFO | Train Loss=0.7720, Train Acc=88.34%
2025-06-05 16:44:56,204 | INFO | Val Loss=0.5445, Val Acc=83.64%
2025-06-05 16:45:06,842 | INFO | Epoch: 14 | Time: 10.64s
2025-06-05 16:45:06,842 | INFO | Train Loss=0.7552, Train Acc=89.15%
2025-06-05 16:45:06,842 | INFO | Val Loss=0.5241, Val Acc=84.02%
2025-06-05 16:45:06,843 | INFO | New best model saved (val loss = 0.5241)
2025-06-05 16:45:17,458 | INFO | Epoch: 15 | Time: 10.62s
2025-06-05 16:45:17,459 | INFO | Train Loss=0.7374, Train Acc=90.01%
2025-06-05 16:45:17,459 | INFO | Val Loss=0.4924, Val Acc=85.34%
2025-06-05 16:45:17,460 | INFO | New best model saved (val loss = 0.4924)
2025-06-05 16:45:28,081 | INFO | Epoch: 16 | Time: 10.62s
2025-06-05 16:45:28,081 | INFO | Train Loss=0.7224, Train Acc=90.58%
2025-06-05 16:45:28,081 | INFO | Val Loss=0.4753, Val Acc=86.04%
2025-06-05 16:45:28,082 | INFO | New best model saved (val loss = 0.4753)
2025-06-05 16:45:38,677 | INFO | Epoch: 17 | Time: 10.60s
2025-06-05 16:45:38,678 | INFO | Train Loss=0.7025, Train Acc=91.40%
2025-06-05 16:45:38,678 | INFO | Val Loss=0.5007, Val Acc=84.20%
2025-06-05 16:45:49,279 | INFO | Epoch: 18 | Time: 10.60s
2025-06-05 16:45:49,279 | INFO | Train Loss=0.6905, Train Acc=91.94%
2025-06-05 16:45:49,279 | INFO | Val Loss=0.4374, Val Acc=86.82%
2025-06-05 16:45:49,280 | INFO | New best model saved (val loss = 0.4374)
2025-06-05 16:45:59,884 | INFO | Epoch: 19 | Time: 10.60s
2025-06-05 16:45:59,884 | INFO | Train Loss=0.6792, Train Acc=92.42%
2025-06-05 16:45:59,884 | INFO | Val Loss=0.4016, Val Acc=88.68%
2025-06-05 16:45:59,885 | INFO | New best model saved (val loss = 0.4016)
2025-06-05 16:46:10,494 | INFO | Epoch: 20 | Time: 10.61s
2025-06-05 16:46:10,494 | INFO | Train Loss=0.6691, Train Acc=93.12%
2025-06-05 16:46:10,494 | INFO | Val Loss=0.4537, Val Acc=86.72%
2025-06-05 16:46:21,081 | INFO | Epoch: 21 | Time: 10.59s
2025-06-05 16:46:21,081 | INFO | Train Loss=0.6565, Train Acc=93.58%
2025-06-05 16:46:21,081 | INFO | Val Loss=0.4346, Val Acc=87.54%
2025-06-05 16:46:31,767 | INFO | Epoch: 22 | Time: 10.69s
2025-06-05 16:46:31,767 | INFO | Train Loss=0.6447, Train Acc=94.03%
2025-06-05 16:46:31,767 | INFO | Val Loss=0.4178, Val Acc=87.62%
2025-06-05 16:46:42,378 | INFO | Epoch: 23 | Time: 10.61s
2025-06-05 16:46:42,378 | INFO | Train Loss=0.6430, Train Acc=94.10%
2025-06-05 16:46:42,378 | INFO | Val Loss=0.4560, Val Acc=86.52%
2025-06-05 16:46:52,977 | INFO | Epoch: 24 | Time: 10.60s
2025-06-05 16:46:52,978 | INFO | Train Loss=0.6323, Train Acc=94.44%
2025-06-05 16:46:52,978 | INFO | Val Loss=0.3952, Val Acc=88.90%
2025-06-05 16:46:52,979 | INFO | New best model saved (val loss = 0.3952)
2025-06-05 16:47:03,706 | INFO | Epoch: 25 | Time: 10.73s
2025-06-05 16:47:03,707 | INFO | Train Loss=0.6209, Train Acc=95.03%
2025-06-05 16:47:03,707 | INFO | Val Loss=0.4085, Val Acc=89.04%
2025-06-05 16:47:14,329 | INFO | Epoch: 26 | Time: 10.62s
2025-06-05 16:47:14,330 | INFO | Train Loss=0.6121, Train Acc=95.36%
2025-06-05 16:47:14,330 | INFO | Val Loss=0.4219, Val Acc=87.84%
2025-06-05 16:47:24,944 | INFO | Epoch: 27 | Time: 10.61s
2025-06-05 16:47:24,944 | INFO | Train Loss=0.6103, Train Acc=95.46%
2025-06-05 16:47:24,944 | INFO | Val Loss=0.3943, Val Acc=88.98%
2025-06-05 16:47:24,945 | INFO | New best model saved (val loss = 0.3943)
2025-06-05 16:47:35,621 | INFO | Epoch: 28 | Time: 10.68s
2025-06-05 16:47:35,622 | INFO | Train Loss=0.5985, Train Acc=95.96%
2025-06-05 16:47:35,622 | INFO | Val Loss=0.3650, Val Acc=90.22%
2025-06-05 16:47:35,623 | INFO | New best model saved (val loss = 0.3650)
2025-06-05 16:47:46,205 | INFO | Epoch: 29 | Time: 10.58s
2025-06-05 16:47:46,205 | INFO | Train Loss=0.5939, Train Acc=96.04%
2025-06-05 16:47:46,205 | INFO | Val Loss=0.4076, Val Acc=89.28%
2025-06-05 16:47:56,832 | INFO | Epoch: 30 | Time: 10.63s
2025-06-05 16:47:56,832 | INFO | Train Loss=0.5878, Train Acc=96.37%
2025-06-05 16:47:56,832 | INFO | Val Loss=0.3867, Val Acc=89.14%
2025-06-05 16:48:07,442 | INFO | Epoch: 31 | Time: 10.61s
2025-06-05 16:48:07,442 | INFO | Train Loss=0.5827, Train Acc=96.65%
2025-06-05 16:48:07,442 | INFO | Val Loss=0.3950, Val Acc=89.14%
2025-06-05 16:48:18,048 | INFO | Epoch: 32 | Time: 10.61s
2025-06-05 16:48:18,048 | INFO | Train Loss=0.5767, Train Acc=96.94%
2025-06-05 16:48:18,048 | INFO | Val Loss=0.3788, Val Acc=89.50%
2025-06-05 16:48:28,686 | INFO | Epoch: 33 | Time: 10.64s
2025-06-05 16:48:28,686 | INFO | Train Loss=0.5779, Train Acc=96.85%
2025-06-05 16:48:28,686 | INFO | Val Loss=0.3667, Val Acc=90.12%
2025-06-05 16:48:39,354 | INFO | Epoch: 34 | Time: 10.67s
2025-06-05 16:48:39,354 | INFO | Train Loss=0.5657, Train Acc=97.33%
2025-06-05 16:48:39,354 | INFO | Val Loss=0.4255, Val Acc=88.44%
2025-06-05 16:48:49,951 | INFO | Epoch: 35 | Time: 10.60s
2025-06-05 16:48:49,951 | INFO | Train Loss=0.5590, Train Acc=97.68%
2025-06-05 16:48:49,951 | INFO | Val Loss=0.3839, Val Acc=89.52%
2025-06-05 16:49:00,516 | INFO | Epoch: 36 | Time: 10.56s
2025-06-05 16:49:00,516 | INFO | Train Loss=0.5589, Train Acc=97.63%
2025-06-05 16:49:00,516 | INFO | Val Loss=0.3922, Val Acc=89.14%
2025-06-05 16:49:11,141 | INFO | Epoch: 37 | Time: 10.63s
2025-06-05 16:49:11,142 | INFO | Train Loss=0.5576, Train Acc=97.70%
2025-06-05 16:49:11,142 | INFO | Val Loss=0.3517, Val Acc=90.48%
2025-06-05 16:49:11,143 | INFO | New best model saved (val loss = 0.3517)
2025-06-05 16:49:21,933 | INFO | Epoch: 38 | Time: 10.79s
2025-06-05 16:49:21,933 | INFO | Train Loss=0.5508, Train Acc=97.99%
2025-06-05 16:49:21,933 | INFO | Val Loss=0.3753, Val Acc=89.98%
2025-06-05 16:49:32,520 | INFO | Epoch: 39 | Time: 10.59s
2025-06-05 16:49:32,520 | INFO | Train Loss=0.5491, Train Acc=98.11%
2025-06-05 16:49:32,520 | INFO | Val Loss=0.3891, Val Acc=89.68%
2025-06-05 16:49:43,196 | INFO | Epoch: 40 | Time: 10.68s
2025-06-05 16:49:43,196 | INFO | Train Loss=0.5447, Train Acc=98.26%
2025-06-05 16:49:43,196 | INFO | Val Loss=0.3704, Val Acc=90.16%
2025-06-05 16:49:53,814 | INFO | Epoch: 41 | Time: 10.62s
2025-06-05 16:49:53,814 | INFO | Train Loss=0.5413, Train Acc=98.45%
2025-06-05 16:49:53,814 | INFO | Val Loss=0.3599, Val Acc=90.74%
2025-06-05 16:50:04,421 | INFO | Epoch: 42 | Time: 10.61s
2025-06-05 16:50:04,421 | INFO | Train Loss=0.5391, Train Acc=98.47%
2025-06-05 16:50:04,421 | INFO | Val Loss=0.3627, Val Acc=90.76%
2025-06-05 16:50:15,003 | INFO | Epoch: 43 | Time: 10.58s
2025-06-05 16:50:15,004 | INFO | Train Loss=0.5370, Train Acc=98.58%
2025-06-05 16:50:15,004 | INFO | Val Loss=0.3634, Val Acc=90.90%
2025-06-05 16:50:25,658 | INFO | Epoch: 44 | Time: 10.65s
2025-06-05 16:50:25,658 | INFO | Train Loss=0.5374, Train Acc=98.60%
2025-06-05 16:50:25,659 | INFO | Val Loss=0.3700, Val Acc=90.26%
2025-06-05 16:50:36,313 | INFO | Epoch: 45 | Time: 10.65s
2025-06-05 16:50:36,313 | INFO | Train Loss=0.5310, Train Acc=98.86%
2025-06-05 16:50:36,313 | INFO | Val Loss=0.3485, Val Acc=91.04%
2025-06-05 16:50:36,314 | INFO | New best model saved (val loss = 0.3485)
2025-06-05 16:50:47,053 | INFO | Epoch: 46 | Time: 10.74s
2025-06-05 16:50:47,053 | INFO | Train Loss=0.5309, Train Acc=98.84%
2025-06-05 16:50:47,053 | INFO | Val Loss=0.3479, Val Acc=91.04%
2025-06-05 16:50:47,054 | INFO | New best model saved (val loss = 0.3479)
2025-06-05 16:50:57,653 | INFO | Epoch: 47 | Time: 10.60s
2025-06-05 16:50:57,654 | INFO | Train Loss=0.5286, Train Acc=98.97%
2025-06-05 16:50:57,654 | INFO | Val Loss=0.3669, Val Acc=90.90%
2025-06-05 16:51:08,281 | INFO | Epoch: 48 | Time: 10.63s
2025-06-05 16:51:08,281 | INFO | Train Loss=0.5264, Train Acc=99.02%
2025-06-05 16:51:08,281 | INFO | Val Loss=0.3572, Val Acc=90.84%
2025-06-05 16:51:18,920 | INFO | Epoch: 49 | Time: 10.64s
2025-06-05 16:51:18,920 | INFO | Train Loss=0.5252, Train Acc=99.10%
2025-06-05 16:51:18,920 | INFO | Val Loss=0.3502, Val Acc=91.32%
2025-06-05 16:51:29,515 | INFO | Epoch: 50 | Time: 10.59s
2025-06-05 16:51:29,515 | INFO | Train Loss=0.5236, Train Acc=99.12%
2025-06-05 16:51:29,515 | INFO | Val Loss=0.3390, Val Acc=91.56%
2025-06-05 16:51:29,516 | INFO | New best model saved (val loss = 0.3390)
2025-06-05 16:51:40,110 | INFO | Epoch: 51 | Time: 10.59s
2025-06-05 16:51:40,111 | INFO | Train Loss=0.5212, Train Acc=99.24%
2025-06-05 16:51:40,111 | INFO | Val Loss=0.3412, Val Acc=91.90%
2025-06-05 16:51:50,750 | INFO | Epoch: 52 | Time: 10.64s
2025-06-05 16:51:50,750 | INFO | Train Loss=0.5205, Train Acc=99.27%
2025-06-05 16:51:50,750 | INFO | Val Loss=0.3441, Val Acc=91.86%
2025-06-05 16:52:01,343 | INFO | Epoch: 53 | Time: 10.59s
2025-06-05 16:52:01,343 | INFO | Train Loss=0.5192, Train Acc=99.33%
2025-06-05 16:52:01,343 | INFO | Val Loss=0.3429, Val Acc=91.44%
2025-06-05 16:52:11,965 | INFO | Epoch: 54 | Time: 10.62s
2025-06-05 16:52:11,965 | INFO | Train Loss=0.5183, Train Acc=99.36%
2025-06-05 16:52:11,965 | INFO | Val Loss=0.3488, Val Acc=91.82%
2025-06-05 16:52:22,558 | INFO | Epoch: 55 | Time: 10.59s
2025-06-05 16:52:22,558 | INFO | Train Loss=0.5151, Train Acc=99.52%
2025-06-05 16:52:22,559 | INFO | Val Loss=0.3389, Val Acc=92.24%
2025-06-05 16:52:22,559 | INFO | New best model saved (val loss = 0.3389)
2025-06-05 16:52:33,318 | INFO | Epoch: 56 | Time: 10.76s
2025-06-05 16:52:33,319 | INFO | Train Loss=0.5139, Train Acc=99.53%
2025-06-05 16:52:33,319 | INFO | Val Loss=0.3393, Val Acc=91.88%
2025-06-05 16:52:43,918 | INFO | Epoch: 57 | Time: 10.60s
2025-06-05 16:52:43,918 | INFO | Train Loss=0.5125, Train Acc=99.57%
2025-06-05 16:52:43,918 | INFO | Val Loss=0.3330, Val Acc=92.36%
2025-06-05 16:52:43,919 | INFO | New best model saved (val loss = 0.3330)
2025-06-05 16:52:54,593 | INFO | Epoch: 58 | Time: 10.67s
2025-06-05 16:52:54,593 | INFO | Train Loss=0.5117, Train Acc=99.63%
2025-06-05 16:52:54,593 | INFO | Val Loss=0.3393, Val Acc=91.54%
2025-06-05 16:53:05,233 | INFO | Epoch: 59 | Time: 10.64s
2025-06-05 16:53:05,234 | INFO | Train Loss=0.5118, Train Acc=99.60%
2025-06-05 16:53:05,234 | INFO | Val Loss=0.3279, Val Acc=92.32%
2025-06-05 16:53:05,235 | INFO | New best model saved (val loss = 0.3279)
2025-06-05 16:53:15,888 | INFO | Epoch: 60 | Time: 10.65s
2025-06-05 16:53:15,888 | INFO | Train Loss=0.5115, Train Acc=99.63%
2025-06-05 16:53:15,888 | INFO | Val Loss=0.3531, Val Acc=91.58%
2025-06-05 16:53:26,494 | INFO | Epoch: 61 | Time: 10.61s
2025-06-05 16:53:26,495 | INFO | Train Loss=0.5106, Train Acc=99.64%
2025-06-05 16:53:26,495 | INFO | Val Loss=0.3590, Val Acc=91.62%
2025-06-05 16:53:37,108 | INFO | Epoch: 62 | Time: 10.61s
2025-06-05 16:53:37,108 | INFO | Train Loss=0.5099, Train Acc=99.70%
2025-06-05 16:53:37,108 | INFO | Val Loss=0.3252, Val Acc=92.46%
2025-06-05 16:53:37,109 | INFO | New best model saved (val loss = 0.3252)
2025-06-05 16:53:47,751 | INFO | Epoch: 63 | Time: 10.64s
2025-06-05 16:53:47,751 | INFO | Train Loss=0.5089, Train Acc=99.73%
2025-06-05 16:53:47,751 | INFO | Val Loss=0.3293, Val Acc=92.44%
2025-06-05 16:53:58,403 | INFO | Epoch: 64 | Time: 10.65s
2025-06-05 16:53:58,403 | INFO | Train Loss=0.5088, Train Acc=99.71%
2025-06-05 16:53:58,403 | INFO | Val Loss=0.3349, Val Acc=92.10%
2025-06-05 16:54:09,049 | INFO | Epoch: 65 | Time: 10.64s
2025-06-05 16:54:09,049 | INFO | Train Loss=0.5075, Train Acc=99.79%
2025-06-05 16:54:09,049 | INFO | Val Loss=0.3358, Val Acc=92.16%
2025-06-05 16:54:19,644 | INFO | Epoch: 66 | Time: 10.59s
2025-06-05 16:54:19,644 | INFO | Train Loss=0.5068, Train Acc=99.80%
2025-06-05 16:54:19,644 | INFO | Val Loss=0.3258, Val Acc=92.76%
2025-06-05 16:54:30,261 | INFO | Epoch: 67 | Time: 10.62s
2025-06-05 16:54:30,262 | INFO | Train Loss=0.5047, Train Acc=99.91%
2025-06-05 16:54:30,262 | INFO | Val Loss=0.3232, Val Acc=92.56%
2025-06-05 16:54:30,262 | INFO | New best model saved (val loss = 0.3232)
2025-06-05 16:54:40,879 | INFO | Epoch: 68 | Time: 10.62s
2025-06-05 16:54:40,879 | INFO | Train Loss=0.5047, Train Acc=99.89%
2025-06-05 16:54:40,879 | INFO | Val Loss=0.3330, Val Acc=92.28%
2025-06-05 16:54:51,491 | INFO | Epoch: 69 | Time: 10.61s
2025-06-05 16:54:51,491 | INFO | Train Loss=0.5057, Train Acc=99.83%
2025-06-05 16:54:51,491 | INFO | Val Loss=0.3371, Val Acc=92.10%
2025-06-05 16:55:02,123 | INFO | Epoch: 70 | Time: 10.63s
2025-06-05 16:55:02,124 | INFO | Train Loss=0.5048, Train Acc=99.87%
2025-06-05 16:55:02,124 | INFO | Val Loss=0.3199, Val Acc=92.48%
2025-06-05 16:55:02,125 | INFO | New best model saved (val loss = 0.3199)
2025-06-05 16:55:12,765 | INFO | Epoch: 71 | Time: 10.64s
2025-06-05 16:55:12,765 | INFO | Train Loss=0.5042, Train Acc=99.88%
2025-06-05 16:55:12,765 | INFO | Val Loss=0.3260, Val Acc=92.84%
2025-06-05 16:55:23,383 | INFO | Epoch: 72 | Time: 10.62s
2025-06-05 16:55:23,383 | INFO | Train Loss=0.5042, Train Acc=99.90%
2025-06-05 16:55:23,383 | INFO | Val Loss=0.3222, Val Acc=92.80%
2025-06-05 16:55:33,988 | INFO | Epoch: 73 | Time: 10.60s
2025-06-05 16:55:33,988 | INFO | Train Loss=0.5034, Train Acc=99.93%
2025-06-05 16:55:33,988 | INFO | Val Loss=0.3190, Val Acc=92.90%
2025-06-05 16:55:33,989 | INFO | New best model saved (val loss = 0.3190)
2025-06-05 16:55:44,590 | INFO | Epoch: 74 | Time: 10.60s
2025-06-05 16:55:44,591 | INFO | Train Loss=0.5029, Train Acc=99.95%
2025-06-05 16:55:44,591 | INFO | Val Loss=0.3225, Val Acc=92.82%
2025-06-05 16:55:55,185 | INFO | Epoch: 75 | Time: 10.59s
2025-06-05 16:55:55,185 | INFO | Train Loss=0.5030, Train Acc=99.94%
2025-06-05 16:55:55,185 | INFO | Val Loss=0.3227, Val Acc=92.56%
2025-06-05 16:56:06,111 | INFO | Epoch: 76 | Time: 10.93s
2025-06-05 16:56:06,111 | INFO | Train Loss=0.5028, Train Acc=99.94%
2025-06-05 16:56:06,111 | INFO | Val Loss=0.3158, Val Acc=93.10%
2025-06-05 16:56:06,112 | INFO | New best model saved (val loss = 0.3158)
2025-06-05 16:56:16,752 | INFO | Epoch: 77 | Time: 10.64s
2025-06-05 16:56:16,752 | INFO | Train Loss=0.5025, Train Acc=99.95%
2025-06-05 16:56:16,752 | INFO | Val Loss=0.3103, Val Acc=92.96%
2025-06-05 16:56:16,753 | INFO | New best model saved (val loss = 0.3103)
2025-06-05 16:56:27,490 | INFO | Epoch: 78 | Time: 10.74s
2025-06-05 16:56:27,491 | INFO | Train Loss=0.5023, Train Acc=99.96%
2025-06-05 16:56:27,491 | INFO | Val Loss=0.3194, Val Acc=93.08%
2025-06-05 16:56:38,091 | INFO | Epoch: 79 | Time: 10.60s
2025-06-05 16:56:38,091 | INFO | Train Loss=0.5022, Train Acc=99.97%
2025-06-05 16:56:38,091 | INFO | Val Loss=0.3112, Val Acc=93.30%
2025-06-05 16:56:48,706 | INFO | Epoch: 80 | Time: 10.61s
2025-06-05 16:56:48,706 | INFO | Train Loss=0.5024, Train Acc=99.95%
2025-06-05 16:56:48,706 | INFO | Val Loss=0.3133, Val Acc=93.14%
2025-06-05 16:56:59,353 | INFO | Epoch: 81 | Time: 10.65s
2025-06-05 16:56:59,353 | INFO | Train Loss=0.5021, Train Acc=99.96%
2025-06-05 16:56:59,353 | INFO | Val Loss=0.3128, Val Acc=92.94%
2025-06-05 16:57:09,935 | INFO | Epoch: 82 | Time: 10.58s
2025-06-05 16:57:09,936 | INFO | Train Loss=0.5021, Train Acc=99.97%
2025-06-05 16:57:09,936 | INFO | Val Loss=0.3168, Val Acc=93.04%
2025-06-05 16:57:20,560 | INFO | Epoch: 83 | Time: 10.62s
2025-06-05 16:57:20,560 | INFO | Train Loss=0.5019, Train Acc=99.97%
2025-06-05 16:57:20,560 | INFO | Val Loss=0.3101, Val Acc=92.92%
2025-06-05 16:57:20,561 | INFO | New best model saved (val loss = 0.3101)
2025-06-05 16:57:31,220 | INFO | Epoch: 84 | Time: 10.66s
2025-06-05 16:57:31,221 | INFO | Train Loss=0.5019, Train Acc=99.96%
2025-06-05 16:57:31,221 | INFO | Val Loss=0.3154, Val Acc=92.86%
2025-06-05 16:57:41,856 | INFO | Epoch: 85 | Time: 10.63s
2025-06-05 16:57:41,856 | INFO | Train Loss=0.5018, Train Acc=99.97%
2025-06-05 16:57:41,856 | INFO | Val Loss=0.3042, Val Acc=93.42%
2025-06-05 16:57:41,857 | INFO | New best model saved (val loss = 0.3042)
2025-06-05 16:57:52,517 | INFO | Epoch: 86 | Time: 10.66s
2025-06-05 16:57:52,518 | INFO | Train Loss=0.5015, Train Acc=99.98%
2025-06-05 16:57:52,518 | INFO | Val Loss=0.3121, Val Acc=93.18%
2025-06-05 16:58:03,159 | INFO | Epoch: 87 | Time: 10.64s
2025-06-05 16:58:03,160 | INFO | Train Loss=0.5016, Train Acc=99.98%
2025-06-05 16:58:03,160 | INFO | Val Loss=0.3238, Val Acc=92.78%
2025-06-05 16:58:13,743 | INFO | Epoch: 88 | Time: 10.58s
2025-06-05 16:58:13,743 | INFO | Train Loss=0.5015, Train Acc=99.98%
2025-06-05 16:58:13,743 | INFO | Val Loss=0.3137, Val Acc=93.28%
2025-06-05 16:58:24,343 | INFO | Epoch: 89 | Time: 10.60s
2025-06-05 16:58:24,343 | INFO | Train Loss=0.5015, Train Acc=99.98%
2025-06-05 16:58:24,343 | INFO | Val Loss=0.3107, Val Acc=93.24%
2025-06-05 16:58:34,974 | INFO | Epoch: 90 | Time: 10.63s
2025-06-05 16:58:34,974 | INFO | Train Loss=0.5014, Train Acc=99.99%
2025-06-05 16:58:34,974 | INFO | Val Loss=0.3132, Val Acc=93.08%
2025-06-05 16:58:45,585 | INFO | Epoch: 91 | Time: 10.61s
2025-06-05 16:58:45,585 | INFO | Train Loss=0.5014, Train Acc=99.99%
2025-06-05 16:58:45,585 | INFO | Val Loss=0.3056, Val Acc=93.14%
2025-06-05 16:58:56,186 | INFO | Epoch: 92 | Time: 10.60s
2025-06-05 16:58:56,186 | INFO | Train Loss=0.5014, Train Acc=99.99%
2025-06-05 16:58:56,186 | INFO | Val Loss=0.3060, Val Acc=93.14%
2025-06-05 16:59:06,796 | INFO | Epoch: 93 | Time: 10.61s
2025-06-05 16:59:06,796 | INFO | Train Loss=0.5013, Train Acc=99.99%
2025-06-05 16:59:06,796 | INFO | Val Loss=0.3067, Val Acc=93.44%
2025-06-05 16:59:17,391 | INFO | Epoch: 94 | Time: 10.59s
2025-06-05 16:59:17,391 | INFO | Train Loss=0.5013, Train Acc=99.99%
2025-06-05 16:59:17,391 | INFO | Val Loss=0.3167, Val Acc=92.90%
2025-06-05 16:59:28,036 | INFO | Epoch: 95 | Time: 10.64s
2025-06-05 16:59:28,037 | INFO | Train Loss=0.5013, Train Acc=99.99%
2025-06-05 16:59:28,037 | INFO | Val Loss=0.3141, Val Acc=93.36%
2025-06-05 16:59:38,620 | INFO | Epoch: 96 | Time: 10.58s
2025-06-05 16:59:38,620 | INFO | Train Loss=0.5014, Train Acc=99.99%
2025-06-05 16:59:38,620 | INFO | Val Loss=0.3080, Val Acc=93.24%
2025-06-05 16:59:49,224 | INFO | Epoch: 97 | Time: 10.60s
2025-06-05 16:59:49,225 | INFO | Train Loss=0.5013, Train Acc=99.98%
2025-06-05 16:59:49,225 | INFO | Val Loss=0.3088, Val Acc=93.26%
2025-06-05 16:59:59,835 | INFO | Epoch: 98 | Time: 10.61s
2025-06-05 16:59:59,835 | INFO | Train Loss=0.5013, Train Acc=99.99%
2025-06-05 16:59:59,835 | INFO | Val Loss=0.3079, Val Acc=93.10%
2025-06-05 17:00:10,428 | INFO | Epoch: 99 | Time: 10.59s
2025-06-05 17:00:10,428 | INFO | Train Loss=0.5012, Train Acc=99.99%
2025-06-05 17:00:10,428 | INFO | Val Loss=0.3139, Val Acc=93.00%
2025-06-05 17:00:21,026 | INFO | Epoch: 100 | Time: 10.60s
2025-06-05 17:00:21,026 | INFO | Train Loss=0.5014, Train Acc=99.99%
2025-06-05 17:00:21,026 | INFO | Val Loss=0.3019, Val Acc=93.34%
2025-06-05 17:00:21,027 | INFO | New best model saved (val loss = 0.3019)
2025-06-05 17:00:21,111 | INFO | Best model with lowest val loss 0.30193094685673716 at 99 epoch is saved.
2025-06-05 17:00:22,149 | INFO | Test Accuracy: 93.49%
2025-06-05 17:00:22,226 | INFO | Last model with val loss 0.30193094685673716 at 99 epoch is saved.
2025-06-05 17:00:23,004 | INFO | Test Accuracy: 93.49%
2025-06-05 17:00:23,014 | INFO | 
Job Completed
2025-06-05 17:16:23,918 | INFO | No test config present. Using train config.
2025-06-05 17:16:25,869 | INFO | Full train/val size with downsampling (0): 50000
2025-06-05 17:16:25,870 | INFO | Batch size: 32
2025-06-05 17:16:25,870 | INFO | Running these attacks:
2025-06-05 17:16:25,870 | INFO | {'FGSM': [0.01, 0.05, 0.1, 0.2], 'PGD': [0.01, 0.05, 0.1, 0.2], 'gaussian noise': [0.01, 0.05, 0.1, 0.2]}
2025-06-05 17:16:25,870 | INFO | 
Testing model: /rds/general/user/psp20/home/Brain-Network/runs/resnet_5_1_v2_acc_20250605-164230/resnet_5_1_v2_acc_20250605-164230_e99_best_model.pt
2025-06-05 17:16:25,870 | INFO | Running attack: FGSM, 0.01
2025-06-05 17:16:29,561 | INFO | Test accuracy: 60.27
2025-06-05 17:16:29,561 | INFO | Running attack: FGSM, 0.05
2025-06-05 17:16:32,985 | INFO | Test accuracy: 57.29
2025-06-05 17:16:32,985 | INFO | Running attack: FGSM, 0.1
2025-06-05 17:16:36,196 | INFO | Test accuracy: 53.7
2025-06-05 17:16:36,197 | INFO | Running attack: FGSM, 0.2
2025-06-05 17:16:39,473 | INFO | Test accuracy: 46.63
2025-06-05 17:16:39,473 | INFO | Running attack: PGD, 0.01
2025-06-05 17:16:54,724 | INFO | Test accuracy: 45.44
2025-06-05 17:16:54,724 | INFO | Running attack: PGD, 0.05
2025-06-05 17:17:09,830 | INFO | Test accuracy: 23.38
2025-06-05 17:17:09,830 | INFO | Running attack: PGD, 0.1
2025-06-05 17:17:25,126 | INFO | Test accuracy: 20.42
2025-06-05 17:17:25,127 | INFO | Running attack: PGD, 0.2
2025-06-05 17:17:40,469 | INFO | Test accuracy: 16.79
2025-06-05 17:17:40,469 | INFO | Running attack: gaussian noise, 0.01
2025-06-05 17:17:41,624 | INFO | Test accuracy: 60.95
2025-06-05 17:17:41,624 | INFO | Running attack: gaussian noise, 0.05
2025-06-05 17:17:42,755 | INFO | Test accuracy: 60.89
2025-06-05 17:17:42,755 | INFO | Running attack: gaussian noise, 0.1
2025-06-05 17:17:43,884 | INFO | Test accuracy: 58.91
2025-06-05 17:17:43,884 | INFO | Running attack: gaussian noise, 0.2
2025-06-05 17:17:45,014 | INFO | Test accuracy: 53.39
