2025-06-05 20:07:54,378 | INFO | Job Started
2025-06-05 20:07:54,378 | INFO | Logging run: /rds/general/user/psp20/home/Brain-Network/runs/resnet_5_1_v3_sample_eff_0_5_20250605-200754
2025-06-05 20:07:54,381 | INFO | Using device: cuda
2025-06-05 20:07:54,381 | INFO | Training for 100 epochs
2025-06-05 20:07:54,381 | INFO | Debug mode: False
2025-06-05 20:07:54,381 | INFO | Downsampling by: 0.5
2025-06-05 20:07:54,381 | INFO | Auxiliary loss: {'loss_type': 0.01}
2025-06-05 20:07:54,381 | INFO | Train transforms: 
	Compose(
    RandomCrop(size=(32, 32), padding=4)
    RandomHorizontalFlip(p=0.5)
    ToTensor()
    Normalize(mean=(0.4914, 0.4822, 0.4465), std=(0.2023, 0.1994, 0.201))
)
2025-06-05 20:07:54,381 | INFO | Test transforms: 
	Compose(
    ToTensor()
    Normalize(mean=(0.4914, 0.4822, 0.4465), std=(0.2023, 0.1994, 0.201))
)
2025-06-05 20:07:57,818 | INFO | Full train/val size with downsampling (0.5): 25000
2025-06-05 20:07:57,940 | INFO | Label smoothing: 0.1
2025-06-05 20:07:57,941 | INFO | Auxiliary loss: {'loss_type': 0.01}
2025-06-05 20:08:01,629 | INFO | Epoch: 1 | Time: 3.69s
2025-06-05 20:08:01,629 | INFO | Train Loss=2.2343, Train Acc=16.66%
2025-06-05 20:08:01,629 | INFO | Val Loss=2.0394, Val Acc=25.56%
2025-06-05 20:08:01,630 | INFO | New best model saved (val loss = 2.0394)
2025-06-05 20:08:05,311 | INFO | Epoch: 2 | Time: 3.68s
2025-06-05 20:08:05,311 | INFO | Train Loss=2.0208, Train Acc=28.40%
2025-06-05 20:08:05,311 | INFO | Val Loss=1.8893, Val Acc=32.20%
2025-06-05 20:08:05,312 | INFO | New best model saved (val loss = 1.8893)
2025-06-05 20:08:08,987 | INFO | Epoch: 3 | Time: 3.68s
2025-06-05 20:08:08,987 | INFO | Train Loss=1.7278, Train Acc=42.49%
2025-06-05 20:08:08,987 | INFO | Val Loss=1.6325, Val Acc=42.24%
2025-06-05 20:08:08,988 | INFO | New best model saved (val loss = 1.6325)
2025-06-05 20:08:12,671 | INFO | Epoch: 4 | Time: 3.68s
2025-06-05 20:08:12,671 | INFO | Train Loss=1.5323, Train Acc=51.99%
2025-06-05 20:08:12,671 | INFO | Val Loss=1.3730, Val Acc=51.36%
2025-06-05 20:08:12,672 | INFO | New best model saved (val loss = 1.3730)
2025-06-05 20:08:16,346 | INFO | Epoch: 5 | Time: 3.67s
2025-06-05 20:08:16,346 | INFO | Train Loss=1.3768, Train Acc=60.15%
2025-06-05 20:08:16,346 | INFO | Val Loss=1.3126, Val Acc=55.00%
2025-06-05 20:08:16,347 | INFO | New best model saved (val loss = 1.3126)
2025-06-05 20:08:20,033 | INFO | Epoch: 6 | Time: 3.69s
2025-06-05 20:08:20,033 | INFO | Train Loss=1.2648, Train Acc=65.84%
2025-06-05 20:08:20,033 | INFO | Val Loss=1.0091, Val Acc=65.80%
2025-06-05 20:08:20,034 | INFO | New best model saved (val loss = 1.0091)
2025-06-05 20:08:23,719 | INFO | Epoch: 7 | Time: 3.68s
2025-06-05 20:08:23,719 | INFO | Train Loss=1.1611, Train Acc=71.23%
2025-06-05 20:08:23,720 | INFO | Val Loss=1.1181, Val Acc=62.24%
2025-06-05 20:08:27,397 | INFO | Epoch: 8 | Time: 3.68s
2025-06-05 20:08:27,398 | INFO | Train Loss=1.0769, Train Acc=75.25%
2025-06-05 20:08:27,398 | INFO | Val Loss=0.9189, Val Acc=70.32%
2025-06-05 20:08:27,399 | INFO | New best model saved (val loss = 0.9189)
2025-06-05 20:08:31,079 | INFO | Epoch: 9 | Time: 3.68s
2025-06-05 20:08:31,079 | INFO | Train Loss=1.0172, Train Acc=77.63%
2025-06-05 20:08:31,079 | INFO | Val Loss=0.8811, Val Acc=71.76%
2025-06-05 20:08:31,080 | INFO | New best model saved (val loss = 0.8811)
2025-06-05 20:08:34,753 | INFO | Epoch: 10 | Time: 3.67s
2025-06-05 20:08:34,753 | INFO | Train Loss=0.9651, Train Acc=80.11%
2025-06-05 20:08:34,753 | INFO | Val Loss=0.8097, Val Acc=73.20%
2025-06-05 20:08:34,754 | INFO | New best model saved (val loss = 0.8097)
2025-06-05 20:08:38,432 | INFO | Epoch: 11 | Time: 3.68s
2025-06-05 20:08:38,432 | INFO | Train Loss=0.9194, Train Acc=82.15%
2025-06-05 20:08:38,432 | INFO | Val Loss=0.7736, Val Acc=74.84%
2025-06-05 20:08:38,433 | INFO | New best model saved (val loss = 0.7736)
2025-06-05 20:08:42,116 | INFO | Epoch: 12 | Time: 3.68s
2025-06-05 20:08:42,116 | INFO | Train Loss=0.8992, Train Acc=83.23%
2025-06-05 20:08:42,116 | INFO | Val Loss=0.7422, Val Acc=76.92%
2025-06-05 20:08:42,117 | INFO | New best model saved (val loss = 0.7422)
2025-06-05 20:08:45,808 | INFO | Epoch: 13 | Time: 3.69s
2025-06-05 20:08:45,808 | INFO | Train Loss=0.8612, Train Acc=84.85%
2025-06-05 20:08:45,808 | INFO | Val Loss=0.7421, Val Acc=76.20%
2025-06-05 20:08:45,809 | INFO | New best model saved (val loss = 0.7421)
2025-06-05 20:08:49,494 | INFO | Epoch: 14 | Time: 3.68s
2025-06-05 20:08:49,494 | INFO | Train Loss=0.8379, Train Acc=85.67%
2025-06-05 20:08:49,494 | INFO | Val Loss=0.6595, Val Acc=79.48%
2025-06-05 20:08:49,495 | INFO | New best model saved (val loss = 0.6595)
2025-06-05 20:08:53,181 | INFO | Epoch: 15 | Time: 3.69s
2025-06-05 20:08:53,181 | INFO | Train Loss=0.8158, Train Acc=86.81%
2025-06-05 20:08:53,181 | INFO | Val Loss=0.6299, Val Acc=80.08%
2025-06-05 20:08:53,182 | INFO | New best model saved (val loss = 0.6299)
2025-06-05 20:08:56,864 | INFO | Epoch: 16 | Time: 3.68s
2025-06-05 20:08:56,864 | INFO | Train Loss=0.7976, Train Acc=87.68%
2025-06-05 20:08:56,864 | INFO | Val Loss=0.6087, Val Acc=80.80%
2025-06-05 20:08:56,865 | INFO | New best model saved (val loss = 0.6087)
2025-06-05 20:09:00,538 | INFO | Epoch: 17 | Time: 3.67s
2025-06-05 20:09:00,538 | INFO | Train Loss=0.7764, Train Acc=88.48%
2025-06-05 20:09:00,538 | INFO | Val Loss=0.6426, Val Acc=80.20%
2025-06-05 20:09:04,224 | INFO | Epoch: 18 | Time: 3.69s
2025-06-05 20:09:04,225 | INFO | Train Loss=0.7590, Train Acc=89.44%
2025-06-05 20:09:04,225 | INFO | Val Loss=0.5925, Val Acc=81.16%
2025-06-05 20:09:04,225 | INFO | New best model saved (val loss = 0.5925)
2025-06-05 20:09:07,913 | INFO | Epoch: 19 | Time: 3.69s
2025-06-05 20:09:07,914 | INFO | Train Loss=0.7342, Train Acc=90.36%
2025-06-05 20:09:07,914 | INFO | Val Loss=0.5841, Val Acc=82.28%
2025-06-05 20:09:07,914 | INFO | New best model saved (val loss = 0.5841)
2025-06-05 20:09:11,601 | INFO | Epoch: 20 | Time: 3.69s
2025-06-05 20:09:11,601 | INFO | Train Loss=0.7207, Train Acc=91.08%
2025-06-05 20:09:11,601 | INFO | Val Loss=0.5939, Val Acc=81.88%
2025-06-05 20:09:15,294 | INFO | Epoch: 21 | Time: 3.69s
2025-06-05 20:09:15,294 | INFO | Train Loss=0.7083, Train Acc=91.40%
2025-06-05 20:09:15,294 | INFO | Val Loss=0.5222, Val Acc=84.64%
2025-06-05 20:09:15,295 | INFO | New best model saved (val loss = 0.5222)
2025-06-05 20:09:19,074 | INFO | Epoch: 22 | Time: 3.78s
2025-06-05 20:09:19,075 | INFO | Train Loss=0.6933, Train Acc=92.21%
2025-06-05 20:09:19,075 | INFO | Val Loss=0.5630, Val Acc=82.36%
2025-06-05 20:09:22,746 | INFO | Epoch: 23 | Time: 3.67s
2025-06-05 20:09:22,746 | INFO | Train Loss=0.6838, Train Acc=92.63%
2025-06-05 20:09:22,746 | INFO | Val Loss=0.5843, Val Acc=82.80%
2025-06-05 20:09:26,435 | INFO | Epoch: 24 | Time: 3.69s
2025-06-05 20:09:26,435 | INFO | Train Loss=0.6678, Train Acc=93.37%
2025-06-05 20:09:26,435 | INFO | Val Loss=0.5537, Val Acc=83.60%
2025-06-05 20:09:30,142 | INFO | Epoch: 25 | Time: 3.71s
2025-06-05 20:09:30,142 | INFO | Train Loss=0.6511, Train Acc=93.96%
2025-06-05 20:09:30,142 | INFO | Val Loss=0.6382, Val Acc=81.00%
2025-06-05 20:09:33,836 | INFO | Epoch: 26 | Time: 3.69s
2025-06-05 20:09:33,836 | INFO | Train Loss=0.6471, Train Acc=94.15%
2025-06-05 20:09:33,836 | INFO | Val Loss=0.5981, Val Acc=81.64%
2025-06-05 20:09:37,525 | INFO | Epoch: 27 | Time: 3.69s
2025-06-05 20:09:37,525 | INFO | Train Loss=0.6428, Train Acc=94.39%
2025-06-05 20:09:37,525 | INFO | Val Loss=0.5470, Val Acc=83.88%
2025-06-05 20:09:41,225 | INFO | Epoch: 28 | Time: 3.70s
2025-06-05 20:09:41,225 | INFO | Train Loss=0.6247, Train Acc=95.18%
2025-06-05 20:09:41,225 | INFO | Val Loss=0.6741, Val Acc=80.92%
2025-06-05 20:09:44,920 | INFO | Epoch: 29 | Time: 3.69s
2025-06-05 20:09:44,921 | INFO | Train Loss=0.6227, Train Acc=95.00%
2025-06-05 20:09:44,921 | INFO | Val Loss=0.5262, Val Acc=84.68%
2025-06-05 20:09:48,611 | INFO | Epoch: 30 | Time: 3.69s
2025-06-05 20:09:48,611 | INFO | Train Loss=0.6067, Train Acc=95.95%
2025-06-05 20:09:48,611 | INFO | Val Loss=0.5567, Val Acc=83.84%
2025-06-05 20:09:52,312 | INFO | Epoch: 31 | Time: 3.70s
2025-06-05 20:09:52,312 | INFO | Train Loss=0.6033, Train Acc=96.07%
2025-06-05 20:09:52,312 | INFO | Val Loss=0.4958, Val Acc=85.16%
2025-06-05 20:09:52,313 | INFO | New best model saved (val loss = 0.4958)
2025-06-05 20:09:56,016 | INFO | Epoch: 32 | Time: 3.70s
2025-06-05 20:09:56,016 | INFO | Train Loss=0.5929, Train Acc=96.33%
2025-06-05 20:09:56,016 | INFO | Val Loss=0.5929, Val Acc=83.44%
2025-06-05 20:09:59,701 | INFO | Epoch: 33 | Time: 3.69s
2025-06-05 20:09:59,702 | INFO | Train Loss=0.5892, Train Acc=96.66%
2025-06-05 20:09:59,702 | INFO | Val Loss=0.5228, Val Acc=85.16%
2025-06-05 20:10:03,386 | INFO | Epoch: 34 | Time: 3.68s
2025-06-05 20:10:03,387 | INFO | Train Loss=0.5809, Train Acc=96.94%
2025-06-05 20:10:03,387 | INFO | Val Loss=0.4995, Val Acc=86.00%
2025-06-05 20:10:07,076 | INFO | Epoch: 35 | Time: 3.69s
2025-06-05 20:10:07,077 | INFO | Train Loss=0.5717, Train Acc=97.34%
2025-06-05 20:10:07,077 | INFO | Val Loss=0.5006, Val Acc=85.52%
2025-06-05 20:10:10,771 | INFO | Epoch: 36 | Time: 3.69s
2025-06-05 20:10:10,772 | INFO | Train Loss=0.5668, Train Acc=97.56%
2025-06-05 20:10:10,772 | INFO | Val Loss=0.5211, Val Acc=84.68%
2025-06-05 20:10:14,481 | INFO | Epoch: 37 | Time: 3.71s
2025-06-05 20:10:14,481 | INFO | Train Loss=0.5614, Train Acc=97.75%
2025-06-05 20:10:14,481 | INFO | Val Loss=0.5201, Val Acc=85.68%
2025-06-05 20:10:18,186 | INFO | Epoch: 38 | Time: 3.71s
2025-06-05 20:10:18,186 | INFO | Train Loss=0.5586, Train Acc=97.92%
2025-06-05 20:10:18,187 | INFO | Val Loss=0.5089, Val Acc=85.56%
2025-06-05 20:10:21,870 | INFO | Epoch: 39 | Time: 3.68s
2025-06-05 20:10:21,871 | INFO | Train Loss=0.5605, Train Acc=97.79%
2025-06-05 20:10:21,871 | INFO | Val Loss=0.5158, Val Acc=86.40%
2025-06-05 20:10:25,559 | INFO | Epoch: 40 | Time: 3.69s
2025-06-05 20:10:25,559 | INFO | Train Loss=0.5531, Train Acc=98.02%
2025-06-05 20:10:25,559 | INFO | Val Loss=0.5140, Val Acc=85.56%
2025-06-05 20:10:29,267 | INFO | Epoch: 41 | Time: 3.71s
2025-06-05 20:10:29,267 | INFO | Train Loss=0.5442, Train Acc=98.43%
2025-06-05 20:10:29,267 | INFO | Val Loss=0.4945, Val Acc=86.28%
2025-06-05 20:10:29,268 | INFO | New best model saved (val loss = 0.4945)
2025-06-05 20:10:32,957 | INFO | Epoch: 42 | Time: 3.69s
2025-06-05 20:10:32,958 | INFO | Train Loss=0.5433, Train Acc=98.41%
2025-06-05 20:10:32,958 | INFO | Val Loss=0.5229, Val Acc=86.08%
2025-06-05 20:10:36,646 | INFO | Epoch: 43 | Time: 3.69s
2025-06-05 20:10:36,646 | INFO | Train Loss=0.5408, Train Acc=98.59%
2025-06-05 20:10:36,646 | INFO | Val Loss=0.4829, Val Acc=87.04%
2025-06-05 20:10:36,647 | INFO | New best model saved (val loss = 0.4829)
2025-06-05 20:10:40,387 | INFO | Epoch: 44 | Time: 3.74s
2025-06-05 20:10:40,387 | INFO | Train Loss=0.5389, Train Acc=98.72%
2025-06-05 20:10:40,387 | INFO | Val Loss=0.4994, Val Acc=86.68%
2025-06-05 20:10:44,078 | INFO | Epoch: 45 | Time: 3.69s
2025-06-05 20:10:44,078 | INFO | Train Loss=0.5378, Train Acc=98.72%
2025-06-05 20:10:44,078 | INFO | Val Loss=0.4706, Val Acc=87.36%
2025-06-05 20:10:44,079 | INFO | New best model saved (val loss = 0.4706)
2025-06-05 20:10:47,805 | INFO | Epoch: 46 | Time: 3.73s
2025-06-05 20:10:47,805 | INFO | Train Loss=0.5311, Train Acc=98.99%
2025-06-05 20:10:47,805 | INFO | Val Loss=0.4802, Val Acc=87.28%
2025-06-05 20:10:51,485 | INFO | Epoch: 47 | Time: 3.68s
2025-06-05 20:10:51,485 | INFO | Train Loss=0.5240, Train Acc=99.29%
2025-06-05 20:10:51,485 | INFO | Val Loss=0.4704, Val Acc=87.56%
2025-06-05 20:10:51,486 | INFO | New best model saved (val loss = 0.4704)
2025-06-05 20:10:55,176 | INFO | Epoch: 48 | Time: 3.69s
2025-06-05 20:10:55,176 | INFO | Train Loss=0.5254, Train Acc=99.16%
2025-06-05 20:10:55,176 | INFO | Val Loss=0.4742, Val Acc=87.04%
2025-06-05 20:10:58,883 | INFO | Epoch: 49 | Time: 3.71s
2025-06-05 20:10:58,883 | INFO | Train Loss=0.5320, Train Acc=98.87%
2025-06-05 20:10:58,883 | INFO | Val Loss=0.4829, Val Acc=87.04%
2025-06-05 20:11:02,566 | INFO | Epoch: 50 | Time: 3.68s
2025-06-05 20:11:02,566 | INFO | Train Loss=0.5219, Train Acc=99.44%
2025-06-05 20:11:02,566 | INFO | Val Loss=0.5095, Val Acc=86.24%
2025-06-05 20:11:06,241 | INFO | Epoch: 51 | Time: 3.68s
2025-06-05 20:11:06,242 | INFO | Train Loss=0.5233, Train Acc=99.27%
2025-06-05 20:11:06,242 | INFO | Val Loss=0.4948, Val Acc=86.68%
2025-06-05 20:11:09,926 | INFO | Epoch: 52 | Time: 3.68s
2025-06-05 20:11:09,926 | INFO | Train Loss=0.5198, Train Acc=99.50%
2025-06-05 20:11:09,926 | INFO | Val Loss=0.4617, Val Acc=87.76%
2025-06-05 20:11:09,927 | INFO | New best model saved (val loss = 0.4617)
2025-06-05 20:11:13,600 | INFO | Epoch: 53 | Time: 3.67s
2025-06-05 20:11:13,600 | INFO | Train Loss=0.5194, Train Acc=99.43%
2025-06-05 20:11:13,600 | INFO | Val Loss=0.4817, Val Acc=87.08%
2025-06-05 20:11:17,274 | INFO | Epoch: 54 | Time: 3.67s
2025-06-05 20:11:17,274 | INFO | Train Loss=0.5161, Train Acc=99.58%
2025-06-05 20:11:17,274 | INFO | Val Loss=0.4787, Val Acc=87.48%
2025-06-05 20:11:20,969 | INFO | Epoch: 55 | Time: 3.69s
2025-06-05 20:11:20,969 | INFO | Train Loss=0.5120, Train Acc=99.76%
2025-06-05 20:11:20,969 | INFO | Val Loss=0.4591, Val Acc=88.08%
2025-06-05 20:11:20,970 | INFO | New best model saved (val loss = 0.4591)
2025-06-05 20:11:24,723 | INFO | Epoch: 56 | Time: 3.75s
2025-06-05 20:11:24,723 | INFO | Train Loss=0.5105, Train Acc=99.76%
2025-06-05 20:11:24,723 | INFO | Val Loss=0.4610, Val Acc=88.16%
2025-06-05 20:11:28,395 | INFO | Epoch: 57 | Time: 3.67s
2025-06-05 20:11:28,395 | INFO | Train Loss=0.5127, Train Acc=99.66%
2025-06-05 20:11:28,396 | INFO | Val Loss=0.4934, Val Acc=87.36%
2025-06-05 20:11:32,084 | INFO | Epoch: 58 | Time: 3.69s
2025-06-05 20:11:32,084 | INFO | Train Loss=0.5128, Train Acc=99.64%
2025-06-05 20:11:32,084 | INFO | Val Loss=0.4651, Val Acc=88.16%
2025-06-05 20:11:35,775 | INFO | Epoch: 59 | Time: 3.69s
2025-06-05 20:11:35,775 | INFO | Train Loss=0.5112, Train Acc=99.71%
2025-06-05 20:11:35,775 | INFO | Val Loss=0.4613, Val Acc=87.88%
2025-06-05 20:11:39,479 | INFO | Epoch: 60 | Time: 3.70s
2025-06-05 20:11:39,479 | INFO | Train Loss=0.5088, Train Acc=99.83%
2025-06-05 20:11:39,479 | INFO | Val Loss=0.4584, Val Acc=87.96%
2025-06-05 20:11:39,480 | INFO | New best model saved (val loss = 0.4584)
2025-06-05 20:11:43,149 | INFO | Epoch: 61 | Time: 3.67s
2025-06-05 20:11:43,149 | INFO | Train Loss=0.5095, Train Acc=99.77%
2025-06-05 20:11:43,149 | INFO | Val Loss=0.4790, Val Acc=87.68%
2025-06-05 20:11:46,829 | INFO | Epoch: 62 | Time: 3.68s
2025-06-05 20:11:46,829 | INFO | Train Loss=0.5085, Train Acc=99.83%
2025-06-05 20:11:46,829 | INFO | Val Loss=0.4582, Val Acc=88.32%
2025-06-05 20:11:46,830 | INFO | New best model saved (val loss = 0.4582)
2025-06-05 20:11:50,541 | INFO | Epoch: 63 | Time: 3.71s
2025-06-05 20:11:50,541 | INFO | Train Loss=0.5061, Train Acc=99.92%
2025-06-05 20:11:50,541 | INFO | Val Loss=0.4548, Val Acc=88.88%
2025-06-05 20:11:50,542 | INFO | New best model saved (val loss = 0.4548)
2025-06-05 20:11:54,236 | INFO | Epoch: 64 | Time: 3.69s
2025-06-05 20:11:54,236 | INFO | Train Loss=0.5071, Train Acc=99.85%
2025-06-05 20:11:54,236 | INFO | Val Loss=0.4450, Val Acc=88.36%
2025-06-05 20:11:54,237 | INFO | New best model saved (val loss = 0.4450)
2025-06-05 20:11:57,912 | INFO | Epoch: 65 | Time: 3.67s
2025-06-05 20:11:57,912 | INFO | Train Loss=0.5058, Train Acc=99.91%
2025-06-05 20:11:57,912 | INFO | Val Loss=0.4433, Val Acc=88.56%
2025-06-05 20:11:57,913 | INFO | New best model saved (val loss = 0.4433)
2025-06-05 20:12:01,603 | INFO | Epoch: 66 | Time: 3.69s
2025-06-05 20:12:01,603 | INFO | Train Loss=0.5048, Train Acc=99.94%
2025-06-05 20:12:01,603 | INFO | Val Loss=0.4252, Val Acc=89.64%
2025-06-05 20:12:01,604 | INFO | New best model saved (val loss = 0.4252)
2025-06-05 20:12:05,275 | INFO | Epoch: 67 | Time: 3.67s
2025-06-05 20:12:05,275 | INFO | Train Loss=0.5050, Train Acc=99.93%
2025-06-05 20:12:05,275 | INFO | Val Loss=0.4342, Val Acc=88.84%
2025-06-05 20:12:08,962 | INFO | Epoch: 68 | Time: 3.69s
2025-06-05 20:12:08,962 | INFO | Train Loss=0.5041, Train Acc=99.96%
2025-06-05 20:12:08,962 | INFO | Val Loss=0.4282, Val Acc=89.64%
2025-06-05 20:12:12,652 | INFO | Epoch: 69 | Time: 3.69s
2025-06-05 20:12:12,653 | INFO | Train Loss=0.5036, Train Acc=99.97%
2025-06-05 20:12:12,653 | INFO | Val Loss=0.4315, Val Acc=89.32%
2025-06-05 20:12:16,348 | INFO | Epoch: 70 | Time: 3.70s
2025-06-05 20:12:16,348 | INFO | Train Loss=0.5032, Train Acc=99.98%
2025-06-05 20:12:16,348 | INFO | Val Loss=0.4234, Val Acc=89.56%
2025-06-05 20:12:16,349 | INFO | New best model saved (val loss = 0.4234)
2025-06-05 20:12:20,038 | INFO | Epoch: 71 | Time: 3.69s
2025-06-05 20:12:20,039 | INFO | Train Loss=0.5030, Train Acc=99.98%
2025-06-05 20:12:20,039 | INFO | Val Loss=0.4179, Val Acc=89.40%
2025-06-05 20:12:20,040 | INFO | New best model saved (val loss = 0.4179)
2025-06-05 20:12:23,724 | INFO | Epoch: 72 | Time: 3.68s
2025-06-05 20:12:23,724 | INFO | Train Loss=0.5029, Train Acc=99.98%
2025-06-05 20:12:23,724 | INFO | Val Loss=0.4442, Val Acc=89.04%
2025-06-05 20:12:27,401 | INFO | Epoch: 73 | Time: 3.68s
2025-06-05 20:12:27,401 | INFO | Train Loss=0.5031, Train Acc=99.96%
2025-06-05 20:12:27,401 | INFO | Val Loss=0.4369, Val Acc=89.12%
2025-06-05 20:12:31,074 | INFO | Epoch: 74 | Time: 3.67s
2025-06-05 20:12:31,074 | INFO | Train Loss=0.5027, Train Acc=99.98%
2025-06-05 20:12:31,074 | INFO | Val Loss=0.4294, Val Acc=89.20%
2025-06-05 20:12:34,750 | INFO | Epoch: 75 | Time: 3.68s
2025-06-05 20:12:34,750 | INFO | Train Loss=0.5026, Train Acc=99.98%
2025-06-05 20:12:34,750 | INFO | Val Loss=0.4350, Val Acc=89.12%
2025-06-05 20:12:38,454 | INFO | Epoch: 76 | Time: 3.70s
2025-06-05 20:12:38,454 | INFO | Train Loss=0.5022, Train Acc=100.00%
2025-06-05 20:12:38,454 | INFO | Val Loss=0.4368, Val Acc=88.96%
2025-06-05 20:12:42,180 | INFO | Epoch: 77 | Time: 3.73s
2025-06-05 20:12:42,180 | INFO | Train Loss=0.5021, Train Acc=100.00%
2025-06-05 20:12:42,180 | INFO | Val Loss=0.4330, Val Acc=89.44%
2025-06-05 20:12:45,863 | INFO | Epoch: 78 | Time: 3.68s
2025-06-05 20:12:45,863 | INFO | Train Loss=0.5023, Train Acc=99.98%
2025-06-05 20:12:45,863 | INFO | Val Loss=0.4298, Val Acc=89.36%
2025-06-05 20:12:49,535 | INFO | Epoch: 79 | Time: 3.67s
2025-06-05 20:12:49,535 | INFO | Train Loss=0.5023, Train Acc=99.98%
2025-06-05 20:12:49,535 | INFO | Val Loss=0.4407, Val Acc=89.12%
2025-06-05 20:12:53,235 | INFO | Epoch: 80 | Time: 3.70s
2025-06-05 20:12:53,235 | INFO | Train Loss=0.5019, Train Acc=100.00%
2025-06-05 20:12:53,235 | INFO | Val Loss=0.4330, Val Acc=89.32%
2025-06-05 20:12:56,906 | INFO | Epoch: 81 | Time: 3.67s
2025-06-05 20:12:56,906 | INFO | Train Loss=0.5020, Train Acc=100.00%
2025-06-05 20:12:56,906 | INFO | Val Loss=0.4299, Val Acc=89.16%
2025-06-05 20:13:00,583 | INFO | Epoch: 82 | Time: 3.68s
2025-06-05 20:13:00,583 | INFO | Train Loss=0.5017, Train Acc=100.00%
2025-06-05 20:13:00,583 | INFO | Val Loss=0.4233, Val Acc=89.44%
2025-06-05 20:13:04,333 | INFO | Epoch: 83 | Time: 3.75s
2025-06-05 20:13:04,334 | INFO | Train Loss=0.5018, Train Acc=100.00%
2025-06-05 20:13:04,334 | INFO | Val Loss=0.4137, Val Acc=89.72%
2025-06-05 20:13:04,334 | INFO | New best model saved (val loss = 0.4137)
2025-06-05 20:13:08,008 | INFO | Epoch: 84 | Time: 3.67s
2025-06-05 20:13:08,008 | INFO | Train Loss=0.5019, Train Acc=99.99%
2025-06-05 20:13:08,008 | INFO | Val Loss=0.4303, Val Acc=89.60%
2025-06-05 20:13:11,691 | INFO | Epoch: 85 | Time: 3.68s
2025-06-05 20:13:11,691 | INFO | Train Loss=0.5018, Train Acc=99.99%
2025-06-05 20:13:11,691 | INFO | Val Loss=0.4304, Val Acc=89.40%
2025-06-05 20:13:15,379 | INFO | Epoch: 86 | Time: 3.69s
2025-06-05 20:13:15,379 | INFO | Train Loss=0.5017, Train Acc=100.00%
2025-06-05 20:13:15,379 | INFO | Val Loss=0.4190, Val Acc=89.44%
2025-06-05 20:13:19,066 | INFO | Epoch: 87 | Time: 3.69s
2025-06-05 20:13:19,066 | INFO | Train Loss=0.5017, Train Acc=100.00%
2025-06-05 20:13:19,066 | INFO | Val Loss=0.4270, Val Acc=89.96%
2025-06-05 20:13:22,730 | INFO | Epoch: 88 | Time: 3.66s
2025-06-05 20:13:22,730 | INFO | Train Loss=0.5016, Train Acc=100.00%
2025-06-05 20:13:22,730 | INFO | Val Loss=0.4187, Val Acc=89.68%
2025-06-05 20:13:26,409 | INFO | Epoch: 89 | Time: 3.68s
2025-06-05 20:13:26,409 | INFO | Train Loss=0.5015, Train Acc=100.00%
2025-06-05 20:13:26,409 | INFO | Val Loss=0.4289, Val Acc=89.04%
2025-06-05 20:13:30,090 | INFO | Epoch: 90 | Time: 3.68s
2025-06-05 20:13:30,090 | INFO | Train Loss=0.5014, Train Acc=100.00%
2025-06-05 20:13:30,090 | INFO | Val Loss=0.4259, Val Acc=89.32%
2025-06-05 20:13:33,777 | INFO | Epoch: 91 | Time: 3.69s
2025-06-05 20:13:33,777 | INFO | Train Loss=0.5014, Train Acc=100.00%
2025-06-05 20:13:33,777 | INFO | Val Loss=0.4417, Val Acc=88.64%
2025-06-05 20:13:37,453 | INFO | Epoch: 92 | Time: 3.68s
2025-06-05 20:13:37,454 | INFO | Train Loss=0.5014, Train Acc=100.00%
2025-06-05 20:13:37,454 | INFO | Val Loss=0.4273, Val Acc=89.68%
2025-06-05 20:13:41,149 | INFO | Epoch: 93 | Time: 3.69s
2025-06-05 20:13:41,149 | INFO | Train Loss=0.5016, Train Acc=99.99%
2025-06-05 20:13:41,149 | INFO | Val Loss=0.4208, Val Acc=89.88%
2025-06-05 20:13:44,840 | INFO | Epoch: 94 | Time: 3.69s
2025-06-05 20:13:44,840 | INFO | Train Loss=0.5015, Train Acc=100.00%
2025-06-05 20:13:44,840 | INFO | Val Loss=0.4303, Val Acc=89.48%
2025-06-05 20:13:48,507 | INFO | Epoch: 95 | Time: 3.67s
2025-06-05 20:13:48,507 | INFO | Train Loss=0.5015, Train Acc=100.00%
2025-06-05 20:13:48,507 | INFO | Val Loss=0.4326, Val Acc=89.76%
2025-06-05 20:13:52,196 | INFO | Epoch: 96 | Time: 3.69s
2025-06-05 20:13:52,196 | INFO | Train Loss=0.5016, Train Acc=100.00%
2025-06-05 20:13:52,196 | INFO | Val Loss=0.4360, Val Acc=89.04%
2025-06-05 20:13:55,878 | INFO | Epoch: 97 | Time: 3.68s
2025-06-05 20:13:55,879 | INFO | Train Loss=0.5014, Train Acc=100.00%
2025-06-05 20:13:55,879 | INFO | Val Loss=0.4384, Val Acc=89.24%
2025-06-05 20:13:59,612 | INFO | Epoch: 98 | Time: 3.73s
2025-06-05 20:13:59,613 | INFO | Train Loss=0.5014, Train Acc=100.00%
2025-06-05 20:13:59,613 | INFO | Val Loss=0.4295, Val Acc=89.60%
2025-06-05 20:14:03,313 | INFO | Epoch: 99 | Time: 3.70s
2025-06-05 20:14:03,313 | INFO | Train Loss=0.5015, Train Acc=100.00%
2025-06-05 20:14:03,313 | INFO | Val Loss=0.4278, Val Acc=89.56%
2025-06-05 20:14:06,996 | INFO | Epoch: 100 | Time: 3.68s
2025-06-05 20:14:06,996 | INFO | Train Loss=0.5015, Train Acc=100.00%
2025-06-05 20:14:06,996 | INFO | Val Loss=0.4359, Val Acc=88.92%
2025-06-05 20:14:07,069 | INFO | Best model with lowest val loss 0.4136831432580948 at 82 epoch is saved.
2025-06-05 20:14:07,857 | INFO | Test Accuracy: 90.37%
2025-06-05 20:14:07,935 | INFO | Last model with val loss 0.43593612909317014 at 99 epoch is saved.
2025-06-05 20:14:08,731 | INFO | Test Accuracy: 90.37%
2025-06-05 20:14:08,742 | INFO | 
Job Completed
