2025-05-29 21:33:56,594 | INFO | Job Started
2025-05-29 21:33:56,594 | INFO | Logging run: /rds/general/user/psp20/home/Brain-Network/runs/brainit_4_6_acc_20250529-213356
2025-05-29 21:33:56,781 | INFO | Using device: cuda
2025-05-29 21:33:56,781 | INFO | Training for 100 epochs
2025-05-29 21:33:56,781 | INFO | Debug mode: False
2025-05-29 21:33:56,781 | INFO | Downsampling by: 0
2025-05-29 21:33:56,781 | INFO | Auxiliary loss: {'attention_entropy_loss': 0.1}
2025-05-29 21:33:56,782 | INFO | Train transforms: 
	Compose(
    RandomCrop(size=(32, 32), padding=4)
    RandomHorizontalFlip(p=0.5)
    ColorJitter(brightness=(0.8, 1.2), contrast=(0.8, 1.2), saturation=(0.8, 1.2), hue=None)
    ToTensor()
    Normalize(mean=(0.485, 0.456, 0.406), std=(0.229, 0.224, 0.225))
)
2025-05-29 21:33:56,782 | INFO | Test transforms: 
	Compose(
    ToTensor()
    Normalize(mean=(0.485, 0.456, 0.406), std=(0.229, 0.224, 0.225))
)
2025-05-29 21:33:58,507 | INFO | Full train/val size with downsampling (0): 50000
2025-05-29 21:33:58,508 | INFO | Using pretrained weights
2025-05-29 21:33:58,937 | INFO | Using mixup function and SoftTargetCrossEntropy
2025-05-29 21:33:58,937 | INFO | Auxiliary loss: {'attention_entropy_loss': 0.1}
2025-05-29 21:34:30,012 | INFO | Epoch: 1 | Time: 31.07s
2025-05-29 21:34:30,012 | INFO | Train Loss=2.2493, Train Acc=22.06%
2025-05-29 21:34:30,012 | INFO | Val Loss=1.8442, Val Acc=31.88%
2025-05-29 21:34:30,012 | INFO | Train Gamma Loss=0.1109 | Val Gamma Loss=0.006284491159021854
2025-05-29 21:34:30,013 | INFO | New best model saved (val loss = 1.8442)
2025-05-29 21:34:55,235 | INFO | Epoch: 2 | Time: 25.22s
2025-05-29 21:34:55,236 | INFO | Train Loss=1.9756, Train Acc=31.46%
2025-05-29 21:34:55,236 | INFO | Val Loss=1.7226, Val Acc=37.62%
2025-05-29 21:34:55,236 | INFO | Train Gamma Loss=-0.0029 | Val Gamma Loss=0.006108972243964672
2025-05-29 21:34:55,237 | INFO | New best model saved (val loss = 1.7226)
2025-05-29 21:35:20,435 | INFO | Epoch: 3 | Time: 25.20s
2025-05-29 21:35:20,436 | INFO | Train Loss=1.8562, Train Acc=39.00%
2025-05-29 21:35:20,436 | INFO | Val Loss=1.4413, Val Acc=48.54%
2025-05-29 21:35:20,436 | INFO | Train Gamma Loss=-0.0040 | Val Gamma Loss=0.00588943948969245
2025-05-29 21:35:20,437 | INFO | New best model saved (val loss = 1.4413)
2025-05-29 21:35:45,650 | INFO | Epoch: 4 | Time: 25.21s
2025-05-29 21:35:45,650 | INFO | Train Loss=1.7328, Train Acc=47.64%
2025-05-29 21:35:45,650 | INFO | Val Loss=1.2966, Val Acc=56.00%
2025-05-29 21:35:45,651 | INFO | Train Gamma Loss=-0.0052 | Val Gamma Loss=0.004404276143759489
2025-05-29 21:35:45,652 | INFO | New best model saved (val loss = 1.2966)
2025-05-29 21:36:10,891 | INFO | Epoch: 5 | Time: 25.24s
2025-05-29 21:36:10,891 | INFO | Train Loss=1.6273, Train Acc=54.10%
2025-05-29 21:36:10,891 | INFO | Val Loss=1.0954, Val Acc=63.58%
2025-05-29 21:36:10,891 | INFO | Train Gamma Loss=-0.0070 | Val Gamma Loss=0.0028432440012693405
2025-05-29 21:36:10,892 | INFO | New best model saved (val loss = 1.0954)
2025-05-29 21:36:36,073 | INFO | Epoch: 6 | Time: 25.18s
2025-05-29 21:36:36,073 | INFO | Train Loss=1.5241, Train Acc=59.66%
2025-05-29 21:36:36,073 | INFO | Val Loss=1.0763, Val Acc=65.90%
2025-05-29 21:36:36,073 | INFO | Train Gamma Loss=-0.0083 | Val Gamma Loss=0.001804323517717421
2025-05-29 21:36:36,074 | INFO | New best model saved (val loss = 1.0763)
2025-05-29 21:37:01,367 | INFO | Epoch: 7 | Time: 25.29s
2025-05-29 21:37:01,367 | INFO | Train Loss=1.4496, Train Acc=63.54%
2025-05-29 21:37:01,367 | INFO | Val Loss=1.1117, Val Acc=63.56%
2025-05-29 21:37:01,367 | INFO | Train Gamma Loss=-0.0090 | Val Gamma Loss=0.0015617797616869211
2025-05-29 21:37:26,589 | INFO | Epoch: 8 | Time: 25.22s
2025-05-29 21:37:26,589 | INFO | Train Loss=1.3773, Train Acc=67.35%
2025-05-29 21:37:26,589 | INFO | Val Loss=0.8516, Val Acc=73.46%
2025-05-29 21:37:26,589 | INFO | Train Gamma Loss=-0.0093 | Val Gamma Loss=0.0015238584019243717
2025-05-29 21:37:26,592 | INFO | New best model saved (val loss = 0.8516)
2025-05-29 21:37:51,797 | INFO | Epoch: 9 | Time: 25.20s
2025-05-29 21:37:51,797 | INFO | Train Loss=1.3541, Train Acc=69.29%
2025-05-29 21:37:51,797 | INFO | Val Loss=0.8213, Val Acc=74.24%
2025-05-29 21:37:51,797 | INFO | Train Gamma Loss=-0.0095 | Val Gamma Loss=0.001148301176726818
2025-05-29 21:37:51,799 | INFO | New best model saved (val loss = 0.8213)
2025-05-29 21:38:17,018 | INFO | Epoch: 10 | Time: 25.22s
2025-05-29 21:38:17,018 | INFO | Train Loss=1.3478, Train Acc=70.32%
2025-05-29 21:38:17,018 | INFO | Val Loss=0.8672, Val Acc=74.28%
2025-05-29 21:38:17,018 | INFO | Train Gamma Loss=-0.0097 | Val Gamma Loss=0.000902624917216599
2025-05-29 21:38:42,203 | INFO | Epoch: 11 | Time: 25.18s
2025-05-29 21:38:42,203 | INFO | Train Loss=1.3089, Train Acc=71.36%
2025-05-29 21:38:42,203 | INFO | Val Loss=0.7773, Val Acc=75.46%
2025-05-29 21:38:42,203 | INFO | Train Gamma Loss=-0.0099 | Val Gamma Loss=0.0007924737292341888
2025-05-29 21:38:42,205 | INFO | New best model saved (val loss = 0.7773)
2025-05-29 21:39:07,414 | INFO | Epoch: 12 | Time: 25.21s
2025-05-29 21:39:07,414 | INFO | Train Loss=1.2738, Train Acc=73.45%
2025-05-29 21:39:07,414 | INFO | Val Loss=0.6881, Val Acc=79.20%
2025-05-29 21:39:07,414 | INFO | Train Gamma Loss=-0.0099 | Val Gamma Loss=0.0007701274007558823
2025-05-29 21:39:07,416 | INFO | New best model saved (val loss = 0.6881)
2025-05-29 21:39:32,713 | INFO | Epoch: 13 | Time: 25.29s
2025-05-29 21:39:32,713 | INFO | Train Loss=1.2768, Train Acc=73.59%
2025-05-29 21:39:32,713 | INFO | Val Loss=0.8164, Val Acc=76.14%
2025-05-29 21:39:32,713 | INFO | Train Gamma Loss=-0.0099 | Val Gamma Loss=0.0014985353918746114
2025-05-29 21:39:58,010 | INFO | Epoch: 14 | Time: 25.29s
2025-05-29 21:39:58,010 | INFO | Train Loss=1.3060, Train Acc=72.40%
2025-05-29 21:39:58,010 | INFO | Val Loss=0.8129, Val Acc=78.32%
2025-05-29 21:39:58,010 | INFO | Train Gamma Loss=-0.0097 | Val Gamma Loss=0.000714550435077399
2025-05-29 21:40:23,243 | INFO | Epoch: 15 | Time: 25.23s
2025-05-29 21:40:23,243 | INFO | Train Loss=1.2232, Train Acc=74.69%
2025-05-29 21:40:23,243 | INFO | Val Loss=0.6743, Val Acc=80.00%
2025-05-29 21:40:23,244 | INFO | Train Gamma Loss=-0.0100 | Val Gamma Loss=0.0008253950509242713
2025-05-29 21:40:23,245 | INFO | New best model saved (val loss = 0.6743)
2025-05-29 21:40:48,578 | INFO | Epoch: 16 | Time: 25.33s
2025-05-29 21:40:48,578 | INFO | Train Loss=1.1743, Train Acc=76.93%
2025-05-29 21:40:48,578 | INFO | Val Loss=0.6399, Val Acc=80.88%
2025-05-29 21:40:48,578 | INFO | Train Gamma Loss=-0.0101 | Val Gamma Loss=0.000527961878105998
2025-05-29 21:40:48,579 | INFO | New best model saved (val loss = 0.6399)
2025-05-29 21:41:13,847 | INFO | Epoch: 17 | Time: 25.26s
2025-05-29 21:41:13,847 | INFO | Train Loss=1.1795, Train Acc=76.77%
2025-05-29 21:41:13,847 | INFO | Val Loss=0.6434, Val Acc=81.20%
2025-05-29 21:41:13,848 | INFO | Train Gamma Loss=-0.0101 | Val Gamma Loss=0.0007019200129434466
2025-05-29 21:41:39,072 | INFO | Epoch: 18 | Time: 25.22s
2025-05-29 21:41:39,072 | INFO | Train Loss=1.2309, Train Acc=75.62%
2025-05-29 21:41:39,072 | INFO | Val Loss=0.7014, Val Acc=81.32%
2025-05-29 21:41:39,072 | INFO | Train Gamma Loss=-0.0101 | Val Gamma Loss=0.00042736632167361677
2025-05-29 21:42:04,277 | INFO | Epoch: 19 | Time: 25.20s
2025-05-29 21:42:04,278 | INFO | Train Loss=1.1633, Train Acc=78.31%
2025-05-29 21:42:04,278 | INFO | Val Loss=0.6916, Val Acc=80.26%
2025-05-29 21:42:04,278 | INFO | Train Gamma Loss=-0.0101 | Val Gamma Loss=0.000507280754391104
2025-05-29 21:42:29,574 | INFO | Epoch: 20 | Time: 25.29s
2025-05-29 21:42:29,574 | INFO | Train Loss=1.1731, Train Acc=77.62%
2025-05-29 21:42:29,574 | INFO | Val Loss=0.6881, Val Acc=81.18%
2025-05-29 21:42:29,574 | INFO | Train Gamma Loss=-0.0100 | Val Gamma Loss=0.0005067700985819101
2025-05-29 21:42:54,840 | INFO | Epoch: 21 | Time: 25.26s
2025-05-29 21:42:54,840 | INFO | Train Loss=1.1490, Train Acc=78.36%
2025-05-29 21:42:54,840 | INFO | Val Loss=0.6562, Val Acc=82.78%
2025-05-29 21:42:54,840 | INFO | Train Gamma Loss=-0.0101 | Val Gamma Loss=0.0005055791116319597
2025-05-29 21:43:20,107 | INFO | Epoch: 22 | Time: 25.26s
2025-05-29 21:43:20,107 | INFO | Train Loss=1.2242, Train Acc=75.68%
2025-05-29 21:43:20,107 | INFO | Val Loss=0.6499, Val Acc=80.32%
2025-05-29 21:43:20,107 | INFO | Train Gamma Loss=-0.0102 | Val Gamma Loss=0.00048109694034792483
2025-05-29 21:43:45,343 | INFO | Epoch: 23 | Time: 25.23s
2025-05-29 21:43:45,343 | INFO | Train Loss=1.2479, Train Acc=74.89%
2025-05-29 21:43:45,343 | INFO | Val Loss=0.6542, Val Acc=81.80%
2025-05-29 21:43:45,343 | INFO | Train Gamma Loss=-0.0102 | Val Gamma Loss=0.0003775195509660989
2025-05-29 21:44:10,609 | INFO | Epoch: 24 | Time: 25.26s
2025-05-29 21:44:10,609 | INFO | Train Loss=1.2105, Train Acc=75.96%
2025-05-29 21:44:10,609 | INFO | Val Loss=0.5689, Val Acc=84.32%
2025-05-29 21:44:10,609 | INFO | Train Gamma Loss=-0.0103 | Val Gamma Loss=0.0003712743928190321
2025-05-29 21:44:10,610 | INFO | New best model saved (val loss = 0.5689)
2025-05-29 21:44:35,863 | INFO | Epoch: 25 | Time: 25.25s
2025-05-29 21:44:35,863 | INFO | Train Loss=1.1536, Train Acc=78.00%
2025-05-29 21:44:35,863 | INFO | Val Loss=0.5748, Val Acc=83.64%
2025-05-29 21:44:35,863 | INFO | Train Gamma Loss=-0.0103 | Val Gamma Loss=0.00027219532057642937
2025-05-29 21:45:01,056 | INFO | Epoch: 26 | Time: 25.19s
2025-05-29 21:45:01,056 | INFO | Train Loss=1.0820, Train Acc=79.78%
2025-05-29 21:45:01,056 | INFO | Val Loss=0.6599, Val Acc=82.44%
2025-05-29 21:45:01,056 | INFO | Train Gamma Loss=-0.0103 | Val Gamma Loss=0.00021557645231951028
2025-05-29 21:45:26,324 | INFO | Epoch: 27 | Time: 25.26s
2025-05-29 21:45:26,325 | INFO | Train Loss=1.0247, Train Acc=82.61%
2025-05-29 21:45:26,325 | INFO | Val Loss=0.5066, Val Acc=85.54%
2025-05-29 21:45:26,325 | INFO | Train Gamma Loss=-0.0103 | Val Gamma Loss=0.0002699212054722011
2025-05-29 21:45:26,326 | INFO | New best model saved (val loss = 0.5066)
2025-05-29 21:45:51,560 | INFO | Epoch: 28 | Time: 25.23s
2025-05-29 21:45:51,560 | INFO | Train Loss=1.1438, Train Acc=79.40%
2025-05-29 21:45:51,560 | INFO | Val Loss=0.7059, Val Acc=79.42%
2025-05-29 21:45:51,560 | INFO | Train Gamma Loss=-0.0103 | Val Gamma Loss=0.00028127836412750185
2025-05-29 21:46:16,798 | INFO | Epoch: 29 | Time: 25.23s
2025-05-29 21:46:16,798 | INFO | Train Loss=1.1378, Train Acc=80.06%
2025-05-29 21:46:16,798 | INFO | Val Loss=0.9568, Val Acc=70.40%
2025-05-29 21:46:16,799 | INFO | Train Gamma Loss=-0.0103 | Val Gamma Loss=0.000561556953471154
2025-05-29 21:46:42,059 | INFO | Epoch: 30 | Time: 25.25s
2025-05-29 21:46:42,059 | INFO | Train Loss=1.2269, Train Acc=75.26%
2025-05-29 21:46:42,059 | INFO | Val Loss=0.6659, Val Acc=80.30%
2025-05-29 21:46:42,059 | INFO | Train Gamma Loss=-0.0094 | Val Gamma Loss=0.0002682192134670913
2025-05-29 21:47:07,270 | INFO | Epoch: 31 | Time: 25.20s
2025-05-29 21:47:07,270 | INFO | Train Loss=1.1567, Train Acc=77.34%
2025-05-29 21:47:07,270 | INFO | Val Loss=0.5923, Val Acc=83.94%
2025-05-29 21:47:07,270 | INFO | Train Gamma Loss=-0.0103 | Val Gamma Loss=0.00027519199647940695
2025-05-29 21:47:32,497 | INFO | Epoch: 32 | Time: 25.22s
2025-05-29 21:47:32,497 | INFO | Train Loss=1.1843, Train Acc=77.39%
2025-05-29 21:47:32,497 | INFO | Val Loss=0.6327, Val Acc=84.02%
2025-05-29 21:47:32,497 | INFO | Train Gamma Loss=-0.0102 | Val Gamma Loss=0.00032386131351813674
2025-05-29 21:47:57,647 | INFO | Epoch: 33 | Time: 25.14s
2025-05-29 21:47:57,647 | INFO | Train Loss=1.1761, Train Acc=78.05%
2025-05-29 21:47:57,647 | INFO | Val Loss=0.5693, Val Acc=83.06%
2025-05-29 21:47:57,647 | INFO | Train Gamma Loss=-0.0102 | Val Gamma Loss=0.00015251635340973735
2025-05-29 21:48:22,808 | INFO | Epoch: 34 | Time: 25.15s
2025-05-29 21:48:22,809 | INFO | Train Loss=1.0934, Train Acc=80.36%
2025-05-29 21:48:22,809 | INFO | Val Loss=0.6322, Val Acc=80.46%
2025-05-29 21:48:22,809 | INFO | Train Gamma Loss=-0.0103 | Val Gamma Loss=0.00023531161423306912
2025-05-29 21:48:48,064 | INFO | Epoch: 35 | Time: 25.25s
2025-05-29 21:48:48,064 | INFO | Train Loss=1.3111, Train Acc=69.55%
2025-05-29 21:48:48,064 | INFO | Val Loss=1.0647, Val Acc=66.34%
2025-05-29 21:48:48,064 | INFO | Train Gamma Loss=-0.0097 | Val Gamma Loss=0.0004983829567208886
2025-05-29 21:49:13,232 | INFO | Epoch: 36 | Time: 25.16s
2025-05-29 21:49:13,232 | INFO | Train Loss=1.2997, Train Acc=72.11%
2025-05-29 21:49:13,232 | INFO | Val Loss=0.6259, Val Acc=81.76%
2025-05-29 21:49:13,232 | INFO | Train Gamma Loss=-0.0103 | Val Gamma Loss=0.00023738857998978347
2025-05-29 21:49:38,374 | INFO | Epoch: 37 | Time: 25.13s
2025-05-29 21:49:38,374 | INFO | Train Loss=1.2188, Train Acc=74.31%
2025-05-29 21:49:38,374 | INFO | Val Loss=0.8100, Val Acc=76.36%
2025-05-29 21:49:38,375 | INFO | Train Gamma Loss=-0.0103 | Val Gamma Loss=0.00038629339542239904
2025-05-29 21:50:03,549 | INFO | Epoch: 38 | Time: 25.16s
2025-05-29 21:50:03,550 | INFO | Train Loss=1.1629, Train Acc=77.61%
2025-05-29 21:50:03,550 | INFO | Val Loss=0.5306, Val Acc=84.06%
2025-05-29 21:50:03,550 | INFO | Train Gamma Loss=-0.0103 | Val Gamma Loss=0.00018193222058471292
2025-05-29 21:50:28,759 | INFO | Epoch: 39 | Time: 25.20s
2025-05-29 21:50:28,759 | INFO | Train Loss=1.2371, Train Acc=74.52%
2025-05-29 21:50:28,759 | INFO | Val Loss=0.5830, Val Acc=82.26%
2025-05-29 21:50:28,760 | INFO | Train Gamma Loss=-0.0104 | Val Gamma Loss=0.00019815373525489122
2025-05-29 21:50:53,917 | INFO | Epoch: 40 | Time: 25.15s
2025-05-29 21:50:53,917 | INFO | Train Loss=1.1691, Train Acc=78.11%
2025-05-29 21:50:53,917 | INFO | Val Loss=1.8272, Val Acc=38.32%
2025-05-29 21:50:53,918 | INFO | Train Gamma Loss=-0.0101 | Val Gamma Loss=0.0003057304711546749
2025-05-29 21:51:19,067 | INFO | Epoch: 41 | Time: 25.14s
2025-05-29 21:51:19,068 | INFO | Train Loss=1.6687, Train Acc=52.26%
2025-05-29 21:51:19,068 | INFO | Val Loss=0.9895, Val Acc=68.78%
2025-05-29 21:51:19,068 | INFO | Train Gamma Loss=-0.0092 | Val Gamma Loss=0.00020753296848852187
2025-05-29 21:51:44,229 | INFO | Epoch: 42 | Time: 25.15s
2025-05-29 21:51:44,229 | INFO | Train Loss=1.4464, Train Acc=64.02%
2025-05-29 21:51:44,229 | INFO | Val Loss=0.7932, Val Acc=75.28%
2025-05-29 21:51:44,229 | INFO | Train Gamma Loss=-0.0103 | Val Gamma Loss=0.00012293446343392134
2025-05-29 21:52:09,459 | INFO | Epoch: 43 | Time: 25.22s
2025-05-29 21:52:09,459 | INFO | Train Loss=1.2705, Train Acc=73.79%
2025-05-29 21:52:09,459 | INFO | Val Loss=0.6550, Val Acc=82.06%
2025-05-29 21:52:09,459 | INFO | Train Gamma Loss=-0.0104 | Val Gamma Loss=0.00016671068442519754
2025-05-29 21:52:34,607 | INFO | Epoch: 44 | Time: 25.14s
2025-05-29 21:52:34,607 | INFO | Train Loss=1.1566, Train Acc=76.95%
2025-05-29 21:52:34,607 | INFO | Val Loss=0.6354, Val Acc=82.06%
2025-05-29 21:52:34,608 | INFO | Train Gamma Loss=-0.0103 | Val Gamma Loss=9.434395906282589e-05
2025-05-29 21:52:59,739 | INFO | Epoch: 45 | Time: 25.12s
2025-05-29 21:52:59,739 | INFO | Train Loss=1.2566, Train Acc=74.82%
2025-05-29 21:52:59,739 | INFO | Val Loss=0.6363, Val Acc=84.26%
2025-05-29 21:52:59,739 | INFO | Train Gamma Loss=-0.0103 | Val Gamma Loss=0.0001421194610884413
2025-05-29 21:53:24,880 | INFO | Epoch: 46 | Time: 25.13s
2025-05-29 21:53:24,881 | INFO | Train Loss=1.1771, Train Acc=78.55%
2025-05-29 21:53:24,881 | INFO | Val Loss=0.5381, Val Acc=85.42%
2025-05-29 21:53:24,881 | INFO | Train Gamma Loss=-0.0104 | Val Gamma Loss=0.0001196315060951747
2025-05-29 21:53:50,010 | INFO | Epoch: 47 | Time: 25.12s
2025-05-29 21:53:50,011 | INFO | Train Loss=1.1598, Train Acc=78.25%
2025-05-29 21:53:50,011 | INFO | Val Loss=0.5382, Val Acc=85.42%
2025-05-29 21:53:50,011 | INFO | Train Gamma Loss=-0.0104 | Val Gamma Loss=0.00010458090400788933
2025-05-29 21:53:50,011 | INFO | Early stopping triggered at epoch 47
2025-05-29 21:53:50,098 | INFO | Best model with lowest val loss 0.5065607920289039 at 26 epoch is saved.
2025-05-29 21:53:53,293 | INFO | Test Accuracy: 86.62%
2025-05-29 21:53:53,381 | INFO | Last model with val loss 0.5381649821996689 at 46 epoch is saved.
2025-05-29 21:53:56,387 | INFO | Test Accuracy: 86.62%
2025-05-29 21:53:56,396 | INFO | 
Job Completed
2025-05-29 22:32:56,938 | INFO | No test config present. Using train config.
2025-05-29 22:32:58,767 | INFO | Full train/val size with downsampling (0): 50000
2025-05-29 22:32:58,869 | INFO | Batch size: 32
2025-05-29 22:32:58,869 | INFO | Running these attacks:
2025-05-29 22:32:58,869 | INFO | {'FGSM': [0.01, 0.05, 0.1, 0.2], 'PGD': [0.01, 0.05, 0.1, 0.2], 'gaussian noise': [0.01, 0.05, 0.1, 0.2]}
2025-05-29 22:32:58,869 | INFO | 
Testing model: /rds/general/user/psp20/home/Brain-Network/runs/brainit_4_6_acc_20250529-213356/brainit_4_6_acc_20250529-213356_e26_best_model.pt
2025-05-29 22:32:58,869 | INFO | Running attack: FGSM, 0.01
