2025-04-20 17:44:03,603 | INFO | Job Started
2025-04-20 17:44:03,603 | INFO | Logging run: /rds/general/user/psp20/home/Brain-Network/runs/resnet_m42_20250420-174403
2025-04-20 17:44:03,603 | INFO | Config:
{
  "seed": 42,
  "run_name": "resnet_m42",
  "model_type": "resnet18",
  "optimizer": "adam",
  "scheduler": "ReduceLROnPlateau",
  "criterion": "CE",
  "label_smoothing": 0.1,
  "train_split": 0.9,
  "batch_size": 256,
  "num_workers": 2,
  "lr": 0.001,
  "epochs": 50,
  "ema": false,
  "early_stopping": true,
  "min_diff": 0.001,
  "writer": true,
  "patience": 10,
  "use_flex": false,
  "use_pos_embed": true,
  "add_dropout": false,
  "mlp_end": false,
  "add_cls_token": true,
  "num_layers": 2,
  "trans_dropout_ratio": 0.0,
  "standard_scale": true,
  "transform_type": "custom",
  "downsample_fraction": 0,
  "few_shot": false,
  "attacker": "FGSM",
  "epsilon": 0.2,
  "gaussian_std": false
}
2025-04-20 17:44:03,767 | INFO | Using device: cuda
2025-04-20 17:44:03,767 | INFO | Training for 50 epochs
2025-04-20 17:44:03,767 | INFO | Debug mode: False
2025-04-20 17:44:03,767 | INFO | Downsampling by: 0
2025-04-20 17:44:04,046 | INFO | Using custom transform
2025-04-20 17:44:05,797 | INFO | Full train/val size with downsampling (0): 50000
2025-04-20 17:44:07,874 | INFO | Label smoothing: 0.1
2025-04-20 17:44:16,663 | INFO | Epoch 1: Train Loss=1.6041, Train Acc=48.93% | Val Loss=1.4370, Val Acc=57.66% | Time: 8.79s
2025-04-20 17:44:16,664 | INFO | New best model saved (val loss = 1.4370)
2025-04-20 17:44:23,177 | INFO | Epoch 2: Train Loss=1.2518, Train Acc=66.07% | Val Loss=1.5493, Val Acc=55.42% | Time: 6.51s
2025-04-20 17:44:29,725 | INFO | Epoch 3: Train Loss=1.0965, Train Acc=73.75% | Val Loss=1.1444, Val Acc=71.58% | Time: 6.55s
2025-04-20 17:44:29,726 | INFO | New best model saved (val loss = 1.1444)
2025-04-20 17:44:36,312 | INFO | Epoch 4: Train Loss=1.0039, Train Acc=78.00% | Val Loss=1.0786, Val Acc=74.00% | Time: 6.59s
2025-04-20 17:44:36,314 | INFO | New best model saved (val loss = 1.0786)
2025-04-20 17:44:42,867 | INFO | Epoch 5: Train Loss=0.9437, Train Acc=81.04% | Val Loss=0.9756, Val Acc=79.16% | Time: 6.55s
2025-04-20 17:44:42,868 | INFO | New best model saved (val loss = 0.9756)
2025-04-20 17:44:49,415 | INFO | Epoch 6: Train Loss=0.9014, Train Acc=82.49% | Val Loss=0.9893, Val Acc=78.96% | Time: 6.55s
2025-04-20 17:44:56,028 | INFO | Epoch 7: Train Loss=0.8672, Train Acc=84.21% | Val Loss=0.9110, Val Acc=81.54% | Time: 6.61s
2025-04-20 17:44:56,029 | INFO | New best model saved (val loss = 0.9110)
2025-04-20 17:45:02,613 | INFO | Epoch 8: Train Loss=0.8399, Train Acc=85.36% | Val Loss=0.9908, Val Acc=78.26% | Time: 6.58s
2025-04-20 17:45:09,187 | INFO | Epoch 9: Train Loss=0.8184, Train Acc=86.33% | Val Loss=0.9730, Val Acc=79.56% | Time: 6.57s
2025-04-20 17:45:15,752 | INFO | Epoch 10: Train Loss=0.7952, Train Acc=87.41% | Val Loss=0.9471, Val Acc=80.44% | Time: 6.56s
2025-04-20 17:45:22,482 | INFO | Epoch 11: Train Loss=0.7750, Train Acc=88.22% | Val Loss=1.0237, Val Acc=77.30% | Time: 6.73s
2025-04-20 17:45:29,074 | INFO | Epoch 12: Train Loss=0.6837, Train Acc=92.37% | Val Loss=0.7285, Val Acc=90.30% | Time: 6.59s
2025-04-20 17:45:29,075 | INFO | New best model saved (val loss = 0.7285)
2025-04-20 17:45:35,657 | INFO | Epoch 13: Train Loss=0.6553, Train Acc=93.52% | Val Loss=0.7195, Val Acc=90.60% | Time: 6.58s
2025-04-20 17:45:35,658 | INFO | New best model saved (val loss = 0.7195)
2025-04-20 17:45:42,277 | INFO | Epoch 14: Train Loss=0.6421, Train Acc=94.12% | Val Loss=0.7124, Val Acc=90.78% | Time: 6.62s
2025-04-20 17:45:42,278 | INFO | New best model saved (val loss = 0.7124)
2025-04-20 17:45:48,883 | INFO | Epoch 15: Train Loss=0.6321, Train Acc=94.52% | Val Loss=0.7151, Val Acc=90.56% | Time: 6.61s
2025-04-20 17:45:55,533 | INFO | Epoch 16: Train Loss=0.6232, Train Acc=94.95% | Val Loss=0.7212, Val Acc=90.58% | Time: 6.65s
2025-04-20 17:46:02,147 | INFO | Epoch 17: Train Loss=0.6143, Train Acc=95.35% | Val Loss=0.7122, Val Acc=91.04% | Time: 6.61s
2025-04-20 17:46:02,148 | INFO | New best model saved (val loss = 0.7122)
2025-04-20 17:46:08,707 | INFO | Epoch 18: Train Loss=0.6087, Train Acc=95.58% | Val Loss=0.7168, Val Acc=90.64% | Time: 6.56s
2025-04-20 17:46:15,300 | INFO | Epoch 19: Train Loss=0.6030, Train Acc=95.76% | Val Loss=0.7132, Val Acc=90.80% | Time: 6.59s
2025-04-20 17:46:21,875 | INFO | Epoch 20: Train Loss=0.5972, Train Acc=96.03% | Val Loss=0.7060, Val Acc=91.34% | Time: 6.58s
2025-04-20 17:46:21,876 | INFO | New best model saved (val loss = 0.7060)
2025-04-20 17:46:28,456 | INFO | Epoch 21: Train Loss=0.5886, Train Acc=96.42% | Val Loss=0.7036, Val Acc=91.46% | Time: 6.58s
2025-04-20 17:46:28,457 | INFO | New best model saved (val loss = 0.7036)
2025-04-20 17:46:35,040 | INFO | Epoch 22: Train Loss=0.5851, Train Acc=96.58% | Val Loss=0.7110, Val Acc=91.34% | Time: 6.58s
2025-04-20 17:46:41,616 | INFO | Epoch 23: Train Loss=0.5803, Train Acc=96.81% | Val Loss=0.7157, Val Acc=90.86% | Time: 6.58s
2025-04-20 17:46:48,220 | INFO | Epoch 24: Train Loss=0.5769, Train Acc=96.98% | Val Loss=0.7124, Val Acc=91.44% | Time: 6.60s
2025-04-20 17:46:54,822 | INFO | Epoch 25: Train Loss=0.5722, Train Acc=97.15% | Val Loss=0.7069, Val Acc=91.26% | Time: 6.60s
2025-04-20 17:47:01,436 | INFO | Epoch 26: Train Loss=0.5568, Train Acc=97.78% | Val Loss=0.6919, Val Acc=92.42% | Time: 6.61s
2025-04-20 17:47:01,438 | INFO | New best model saved (val loss = 0.6919)
2025-04-20 17:47:08,163 | INFO | Epoch 27: Train Loss=0.5520, Train Acc=98.07% | Val Loss=0.6973, Val Acc=91.96% | Time: 6.73s
2025-04-20 17:47:14,785 | INFO | Epoch 28: Train Loss=0.5498, Train Acc=98.09% | Val Loss=0.6986, Val Acc=91.84% | Time: 6.62s
2025-04-20 17:47:21,413 | INFO | Epoch 29: Train Loss=0.5495, Train Acc=98.17% | Val Loss=0.6999, Val Acc=92.30% | Time: 6.63s
2025-04-20 17:47:28,014 | INFO | Epoch 30: Train Loss=0.5464, Train Acc=98.29% | Val Loss=0.6945, Val Acc=91.96% | Time: 6.60s
2025-04-20 17:47:34,631 | INFO | Epoch 31: Train Loss=0.5447, Train Acc=98.30% | Val Loss=0.6968, Val Acc=92.08% | Time: 6.62s
2025-04-20 17:47:41,237 | INFO | Epoch 32: Train Loss=0.5447, Train Acc=98.32% | Val Loss=0.7039, Val Acc=91.28% | Time: 6.60s
2025-04-20 17:47:48,039 | INFO | Epoch 33: Train Loss=0.5446, Train Acc=98.36% | Val Loss=0.6963, Val Acc=91.86% | Time: 6.80s
2025-04-20 17:47:54,680 | INFO | Epoch 34: Train Loss=0.5434, Train Acc=98.38% | Val Loss=0.6964, Val Acc=92.12% | Time: 6.64s
2025-04-20 17:48:01,321 | INFO | Epoch 35: Train Loss=0.5439, Train Acc=98.34% | Val Loss=0.7023, Val Acc=91.90% | Time: 6.64s
2025-04-20 17:48:07,967 | INFO | Epoch 36: Train Loss=0.5428, Train Acc=98.44% | Val Loss=0.6908, Val Acc=92.36% | Time: 6.64s
2025-04-20 17:48:07,968 | INFO | New best model saved (val loss = 0.6908)
2025-04-20 17:48:14,750 | INFO | Epoch 37: Train Loss=0.5437, Train Acc=98.34% | Val Loss=0.6972, Val Acc=91.94% | Time: 6.78s
2025-04-20 17:48:21,372 | INFO | Epoch 38: Train Loss=0.5429, Train Acc=98.43% | Val Loss=0.7001, Val Acc=91.86% | Time: 6.62s
2025-04-20 17:48:28,034 | INFO | Epoch 39: Train Loss=0.5450, Train Acc=98.35% | Val Loss=0.6992, Val Acc=91.90% | Time: 6.66s
2025-04-20 17:48:34,715 | INFO | Epoch 40: Train Loss=0.5429, Train Acc=98.47% | Val Loss=0.6991, Val Acc=92.14% | Time: 6.68s
2025-04-20 17:48:41,376 | INFO | Epoch 41: Train Loss=0.5441, Train Acc=98.40% | Val Loss=0.6977, Val Acc=91.92% | Time: 6.66s
2025-04-20 17:48:48,036 | INFO | Epoch 42: Train Loss=0.5445, Train Acc=98.37% | Val Loss=0.6965, Val Acc=92.02% | Time: 6.66s
2025-04-20 17:48:54,726 | INFO | Epoch 43: Train Loss=0.5441, Train Acc=98.36% | Val Loss=0.6978, Val Acc=91.80% | Time: 6.69s
2025-04-20 17:49:01,408 | INFO | Epoch 44: Train Loss=0.5440, Train Acc=98.40% | Val Loss=0.6949, Val Acc=91.82% | Time: 6.68s
2025-04-20 17:49:08,066 | INFO | Epoch 45: Train Loss=0.5445, Train Acc=98.36% | Val Loss=0.6972, Val Acc=92.06% | Time: 6.66s
2025-04-20 17:49:14,739 | INFO | Epoch 46: Train Loss=0.5431, Train Acc=98.39% | Val Loss=0.6992, Val Acc=92.12% | Time: 6.67s
2025-04-20 17:49:14,740 | INFO | Early stopping triggered at epoch 46
2025-04-20 17:49:14,805 | INFO | Best model with lowest val loss 0.6907728850841522 at 35 epoch is saved.
2025-04-20 17:49:16,145 | ERROR | Error occured
Traceback (most recent call last):
  File "/rds/general/user/psp20/home/Brain-Network/source/simple_cnn.py", line 576, in main
    best_loss_res = test_model(
                    ^^^^^^^^^^^
  File "/rds/general/user/psp20/home/Brain-Network/source/simple_cnn.py", line 317, in test_model
    adv_images = attacker(images, labels)
                 ^^^^^^^^^^^^^^^^^^^^^^^^
  File "/rds/general/user/psp20/home/miniforge3/envs/brain-network-env/lib/python3.11/site-packages/torchattacks/attack.py", line 511, in __call__
    adv_inputs = self.forward(inputs, labels, *args, **kwargs)
                 ^^^^^^^^^^^^^^^^^^^^^^^^^^^^^^^^^^^^^^^^^^^^^
  File "/rds/general/user/psp20/home/miniforge3/envs/brain-network-env/lib/python3.11/site-packages/torchattacks/attacks/fgsm.py", line 48, in forward
    outputs = self.get_logits(images)
              ^^^^^^^^^^^^^^^^^^^^^^^
  File "/rds/general/user/psp20/home/miniforge3/envs/brain-network-env/lib/python3.11/site-packages/torchattacks/attack.py", line 79, in get_logits
    logits = self.model(inputs)
             ^^^^^^^^^^^^^^^^^^
  File "/rds/general/user/psp20/home/.local/lib/python3.11/site-packages/torch/nn/modules/module.py", line 1739, in _wrapped_call_impl
    return self._call_impl(*args, **kwargs)
           ^^^^^^^^^^^^^^^^^^^^^^^^^^^^^^^^
  File "/rds/general/user/psp20/home/.local/lib/python3.11/site-packages/torch/nn/modules/module.py", line 1750, in _call_impl
    return forward_call(*args, **kwargs)
           ^^^^^^^^^^^^^^^^^^^^^^^^^^^^^
  File "/rds/general/user/psp20/home/.local/lib/python3.11/site-packages/torchvision/models/resnet.py", line 285, in forward
    return self._forward_impl(x)
           ^^^^^^^^^^^^^^^^^^^^^
  File "/rds/general/user/psp20/home/.local/lib/python3.11/site-packages/torchvision/models/resnet.py", line 274, in _forward_impl
    x = self.layer2(x)
        ^^^^^^^^^^^^^^
  File "/rds/general/user/psp20/home/.local/lib/python3.11/site-packages/torch/nn/modules/module.py", line 1739, in _wrapped_call_impl
    return self._call_impl(*args, **kwargs)
           ^^^^^^^^^^^^^^^^^^^^^^^^^^^^^^^^
  File "/rds/general/user/psp20/home/.local/lib/python3.11/site-packages/torch/nn/modules/module.py", line 1750, in _call_impl
    return forward_call(*args, **kwargs)
           ^^^^^^^^^^^^^^^^^^^^^^^^^^^^^
  File "/rds/general/user/psp20/home/.local/lib/python3.11/site-packages/torch/nn/modules/container.py", line 250, in forward
    input = module(input)
            ^^^^^^^^^^^^^
  File "/rds/general/user/psp20/home/.local/lib/python3.11/site-packages/torch/nn/modules/module.py", line 1739, in _wrapped_call_impl
    return self._call_impl(*args, **kwargs)
           ^^^^^^^^^^^^^^^^^^^^^^^^^^^^^^^^
  File "/rds/general/user/psp20/home/.local/lib/python3.11/site-packages/torch/nn/modules/module.py", line 1750, in _call_impl
    return forward_call(*args, **kwargs)
           ^^^^^^^^^^^^^^^^^^^^^^^^^^^^^
  File "/rds/general/user/psp20/home/.local/lib/python3.11/site-packages/torchvision/models/resnet.py", line 96, in forward
    out = self.conv2(out)
          ^^^^^^^^^^^^^^^
  File "/rds/general/user/psp20/home/.local/lib/python3.11/site-packages/torch/nn/modules/module.py", line 1739, in _wrapped_call_impl
    return self._call_impl(*args, **kwargs)
           ^^^^^^^^^^^^^^^^^^^^^^^^^^^^^^^^
  File "/rds/general/user/psp20/home/.local/lib/python3.11/site-packages/torch/nn/modules/module.py", line 1750, in _call_impl
    return forward_call(*args, **kwargs)
           ^^^^^^^^^^^^^^^^^^^^^^^^^^^^^
  File "/rds/general/user/psp20/home/.local/lib/python3.11/site-packages/torch/nn/modules/conv.py", line 554, in forward
    return self._conv_forward(input, self.weight, self.bias)
           ^^^^^^^^^^^^^^^^^^^^^^^^^^^^^^^^^^^^^^^^^^^^^^^^^
  File "/rds/general/user/psp20/home/.local/lib/python3.11/site-packages/torch/nn/modules/conv.py", line 549, in _conv_forward
    return F.conv2d(
           ^^^^^^^^^
torch.OutOfMemoryError: CUDA out of memory. Tried to allocate 32.00 MiB. GPU 0 has a total capacity of 44.42 GiB of which 16.12 MiB is free. Including non-PyTorch memory, this process has 44.39 GiB memory in use. Of the allocated memory 42.54 GiB is allocated by PyTorch, and 1.35 GiB is reserved by PyTorch but unallocated. If reserved but unallocated memory is large try setting PYTORCH_CUDA_ALLOC_CONF=expandable_segments:True to avoid fragmentation.  See documentation for Memory Management  (https://pytorch.org/docs/stable/notes/cuda.html#environment-variables)
