2025-04-22 12:20:07,063 | INFO | Job Started
2025-04-22 12:20:07,063 | INFO | Logging run: /rds/general/user/psp20/home/Brain-Network/runs/brainit_m1_20250422-122007
2025-04-22 12:20:07,063 | INFO | Config:
{
  "seed": 42,
  "run_name": "brainit_m1",
  "model_type": "brainit",
  "optimizer": "adam",
  "scheduler": "ReduceLROnPlateau",
  "criterion": "CE",
  "label_smoothing": 0.1,
  "train_split": 0.9,
  "batch_size": 256,
  "num_workers": 2,
  "lr": 0.001,
  "epochs": 50,
  "ema": false,
  "early_stopping": true,
  "min_diff": 0.001,
  "writer": true,
  "patience": 10,
  "use_flex": false,
  "use_pos_embed": true,
  "add_dropout": false,
  "mlp_end": false,
  "add_cls_token": true,
  "num_layers": 2,
  "trans_dropout_ratio": 0.0,
  "standard_scale": true,
  "resnet_layers": 3,
  "multiscale_tokenisation": false,
  "gamma_per_head": false,
  "use_token_mixer": false,
  "remove_zoom": false,
  "transform_type": "foveation",
  "downsample_fraction": 0,
  "few_shot": false,
  "freeze_resnet_early": false,
  "attacker": false,
  "epsilon": false,
  "gaussian_std": false
}
2025-04-22 12:20:07,229 | INFO | Using device: cuda
2025-04-22 12:20:07,230 | INFO | Training for 50 epochs
2025-04-22 12:20:07,230 | INFO | Debug mode: False
2025-04-22 12:20:07,230 | INFO | Downsampling by: 0
2025-04-22 12:20:08,457 | INFO | Using foveation transform
2025-04-22 12:20:10,452 | INFO | Full train/val size with downsampling (0): 50000
2025-04-22 12:20:12,581 | INFO | Label smoothing: 0.1
2025-04-22 12:20:31,847 | INFO | Epoch 1: Train Loss=2.0106, Train Acc=25.71% | Val Loss=1.8991, Val Acc=32.62% | Time: 19.27s
2025-04-22 12:20:31,848 | INFO | New best model saved (val loss = 1.8991)
2025-04-22 12:20:49,108 | INFO | Epoch 2: Train Loss=1.7892, Train Acc=37.82% | Val Loss=1.7425, Val Acc=41.74% | Time: 17.26s
2025-04-22 12:20:49,109 | INFO | New best model saved (val loss = 1.7425)
2025-04-22 12:21:06,153 | INFO | Epoch 3: Train Loss=1.6113, Train Acc=47.72% | Val Loss=1.5870, Val Acc=50.28% | Time: 17.04s
2025-04-22 12:21:06,154 | INFO | New best model saved (val loss = 1.5870)
2025-04-22 12:21:23,320 | INFO | Epoch 4: Train Loss=1.5114, Train Acc=53.37% | Val Loss=1.6809, Val Acc=46.72% | Time: 17.16s
2025-04-22 12:21:40,612 | INFO | Epoch 5: Train Loss=1.4418, Train Acc=56.87% | Val Loss=1.4329, Val Acc=57.94% | Time: 17.29s
2025-04-22 12:21:40,613 | INFO | New best model saved (val loss = 1.4329)
2025-04-22 12:21:57,902 | INFO | Epoch 6: Train Loss=1.3841, Train Acc=59.75% | Val Loss=1.5708, Val Acc=52.40% | Time: 17.29s
2025-04-22 12:22:15,214 | INFO | Epoch 7: Train Loss=1.3513, Train Acc=61.30% | Val Loss=1.4339, Val Acc=57.20% | Time: 17.31s
2025-04-22 12:22:32,469 | INFO | Epoch 8: Train Loss=1.3156, Train Acc=63.03% | Val Loss=1.3978, Val Acc=60.20% | Time: 17.25s
2025-04-22 12:22:32,470 | INFO | New best model saved (val loss = 1.3978)
2025-04-22 12:22:49,783 | INFO | Epoch 9: Train Loss=1.2723, Train Acc=65.00% | Val Loss=1.3136, Val Acc=63.02% | Time: 17.31s
2025-04-22 12:22:49,784 | INFO | New best model saved (val loss = 1.3136)
2025-04-22 12:23:07,066 | INFO | Epoch 10: Train Loss=1.2499, Train Acc=66.36% | Val Loss=1.2686, Val Acc=65.32% | Time: 17.28s
2025-04-22 12:23:07,067 | INFO | New best model saved (val loss = 1.2686)
2025-04-22 12:23:24,337 | INFO | Epoch 11: Train Loss=1.2161, Train Acc=67.87% | Val Loss=1.2822, Val Acc=64.92% | Time: 17.27s
2025-04-22 12:23:41,540 | INFO | Epoch 12: Train Loss=1.1968, Train Acc=68.81% | Val Loss=1.2922, Val Acc=64.58% | Time: 17.20s
2025-04-22 12:23:58,850 | INFO | Epoch 13: Train Loss=1.1769, Train Acc=69.84% | Val Loss=1.2028, Val Acc=67.74% | Time: 17.31s
2025-04-22 12:23:58,851 | INFO | New best model saved (val loss = 1.2028)
2025-04-22 12:24:16,154 | INFO | Epoch 14: Train Loss=1.1528, Train Acc=70.91% | Val Loss=1.2891, Val Acc=64.68% | Time: 17.30s
2025-04-22 12:24:33,421 | INFO | Epoch 15: Train Loss=1.1270, Train Acc=72.30% | Val Loss=1.1494, Val Acc=70.38% | Time: 17.27s
2025-04-22 12:24:33,423 | INFO | New best model saved (val loss = 1.1494)
2025-04-22 12:24:50,646 | INFO | Epoch 16: Train Loss=1.1104, Train Acc=73.13% | Val Loss=1.1926, Val Acc=69.58% | Time: 17.22s
2025-04-22 12:25:07,906 | INFO | Epoch 17: Train Loss=1.1038, Train Acc=73.33% | Val Loss=1.1168, Val Acc=71.96% | Time: 17.26s
2025-04-22 12:25:07,907 | INFO | New best model saved (val loss = 1.1168)
2025-04-22 12:25:25,092 | INFO | Epoch 18: Train Loss=1.0861, Train Acc=73.84% | Val Loss=1.1164, Val Acc=72.82% | Time: 17.18s
2025-04-22 12:25:25,093 | INFO | New best model saved (val loss = 1.1164)
2025-04-22 12:25:42,216 | INFO | Epoch 19: Train Loss=1.0705, Train Acc=74.66% | Val Loss=1.1236, Val Acc=72.32% | Time: 17.12s
2025-04-22 12:25:59,505 | INFO | Epoch 20: Train Loss=1.0576, Train Acc=75.30% | Val Loss=1.1722, Val Acc=70.52% | Time: 17.29s
2025-04-22 12:26:16,593 | INFO | Epoch 21: Train Loss=1.0438, Train Acc=75.92% | Val Loss=1.2097, Val Acc=69.16% | Time: 17.09s
2025-04-22 12:26:33,657 | INFO | Epoch 22: Train Loss=1.0178, Train Acc=76.93% | Val Loss=1.1001, Val Acc=73.24% | Time: 17.06s
2025-04-22 12:26:33,658 | INFO | New best model saved (val loss = 1.1001)
2025-04-22 12:26:50,821 | INFO | Epoch 23: Train Loss=1.0141, Train Acc=77.16% | Val Loss=1.0918, Val Acc=73.82% | Time: 17.16s
2025-04-22 12:26:50,823 | INFO | New best model saved (val loss = 1.0918)
2025-04-22 12:27:08,142 | INFO | Epoch 24: Train Loss=0.9975, Train Acc=77.96% | Val Loss=1.0468, Val Acc=76.10% | Time: 17.32s
2025-04-22 12:27:08,143 | INFO | New best model saved (val loss = 1.0468)
2025-04-22 12:27:25,422 | INFO | Epoch 25: Train Loss=0.9954, Train Acc=78.13% | Val Loss=1.0359, Val Acc=76.42% | Time: 17.28s
2025-04-22 12:27:25,424 | INFO | New best model saved (val loss = 1.0359)
2025-04-22 12:27:42,782 | INFO | Epoch 26: Train Loss=0.9821, Train Acc=78.80% | Val Loss=1.0821, Val Acc=74.48% | Time: 17.36s
2025-04-22 12:28:00,055 | INFO | Epoch 27: Train Loss=0.9767, Train Acc=78.85% | Val Loss=1.0364, Val Acc=76.12% | Time: 17.27s
2025-04-22 12:28:17,316 | INFO | Epoch 28: Train Loss=0.9720, Train Acc=78.96% | Val Loss=1.0258, Val Acc=76.64% | Time: 17.26s
2025-04-22 12:28:17,317 | INFO | New best model saved (val loss = 1.0258)
2025-04-22 12:28:34,576 | INFO | Epoch 29: Train Loss=0.9584, Train Acc=79.74% | Val Loss=1.0227, Val Acc=76.54% | Time: 17.26s
2025-04-22 12:28:34,577 | INFO | New best model saved (val loss = 1.0227)
2025-04-22 12:28:51,731 | INFO | Epoch 30: Train Loss=0.9551, Train Acc=79.89% | Val Loss=1.0178, Val Acc=77.08% | Time: 17.15s
2025-04-22 12:28:51,732 | INFO | New best model saved (val loss = 1.0178)
2025-04-22 12:29:08,915 | INFO | Epoch 31: Train Loss=0.9451, Train Acc=80.27% | Val Loss=1.0538, Val Acc=74.90% | Time: 17.18s
2025-04-22 12:29:26,071 | INFO | Epoch 32: Train Loss=0.9326, Train Acc=81.00% | Val Loss=1.0252, Val Acc=76.96% | Time: 17.16s
2025-04-22 12:29:43,354 | INFO | Epoch 33: Train Loss=0.9273, Train Acc=81.04% | Val Loss=1.0115, Val Acc=77.76% | Time: 17.28s
2025-04-22 12:29:43,355 | INFO | New best model saved (val loss = 1.0115)
2025-04-22 12:30:00,648 | INFO | Epoch 34: Train Loss=0.9239, Train Acc=81.33% | Val Loss=1.0240, Val Acc=76.56% | Time: 17.29s
2025-04-22 12:30:17,952 | INFO | Epoch 35: Train Loss=0.9186, Train Acc=81.46% | Val Loss=0.9962, Val Acc=77.22% | Time: 17.30s
2025-04-22 12:30:17,952 | INFO | New best model saved (val loss = 0.9962)
2025-04-22 12:30:35,023 | INFO | Epoch 36: Train Loss=0.9073, Train Acc=81.97% | Val Loss=1.0049, Val Acc=77.92% | Time: 17.07s
2025-04-22 12:30:52,579 | INFO | Epoch 37: Train Loss=0.9067, Train Acc=81.98% | Val Loss=1.0129, Val Acc=78.02% | Time: 17.56s
2025-04-22 12:31:09,855 | INFO | Epoch 38: Train Loss=0.9004, Train Acc=82.32% | Val Loss=1.0020, Val Acc=78.04% | Time: 17.27s
2025-04-22 12:31:27,130 | INFO | Epoch 39: Train Loss=0.8976, Train Acc=82.39% | Val Loss=0.9823, Val Acc=78.74% | Time: 17.28s
2025-04-22 12:31:27,131 | INFO | New best model saved (val loss = 0.9823)
2025-04-22 12:31:44,485 | INFO | Epoch 40: Train Loss=0.8889, Train Acc=82.81% | Val Loss=0.9781, Val Acc=79.04% | Time: 17.35s
2025-04-22 12:31:44,486 | INFO | New best model saved (val loss = 0.9781)
2025-04-22 12:32:01,551 | INFO | Epoch 41: Train Loss=0.8919, Train Acc=82.59% | Val Loss=0.9898, Val Acc=78.56% | Time: 17.06s
2025-04-22 12:32:18,778 | INFO | Epoch 42: Train Loss=0.8858, Train Acc=82.95% | Val Loss=0.9878, Val Acc=78.32% | Time: 17.23s
2025-04-22 12:32:35,939 | INFO | Epoch 43: Train Loss=0.8724, Train Acc=83.33% | Val Loss=0.9811, Val Acc=79.06% | Time: 17.16s
2025-04-22 12:32:53,167 | INFO | Epoch 44: Train Loss=0.8746, Train Acc=83.37% | Val Loss=0.9604, Val Acc=80.08% | Time: 17.23s
2025-04-22 12:32:53,168 | INFO | New best model saved (val loss = 0.9604)
2025-04-22 12:33:10,357 | INFO | Epoch 45: Train Loss=0.8653, Train Acc=83.92% | Val Loss=0.9801, Val Acc=79.28% | Time: 17.19s
2025-04-22 12:33:27,594 | INFO | Epoch 46: Train Loss=0.8612, Train Acc=84.18% | Val Loss=0.9789, Val Acc=78.92% | Time: 17.24s
2025-04-22 12:33:44,771 | INFO | Epoch 47: Train Loss=0.8569, Train Acc=84.14% | Val Loss=0.9913, Val Acc=78.46% | Time: 17.18s
2025-04-22 12:34:02,162 | INFO | Epoch 48: Train Loss=0.8569, Train Acc=84.21% | Val Loss=0.9601, Val Acc=80.30% | Time: 17.39s
2025-04-22 12:34:02,163 | INFO | New best model saved (val loss = 0.9601)
2025-04-22 12:34:19,434 | INFO | Epoch 49: Train Loss=0.8532, Train Acc=84.43% | Val Loss=0.9643, Val Acc=79.48% | Time: 17.27s
2025-04-22 12:34:36,705 | INFO | Epoch 50: Train Loss=0.8501, Train Acc=84.52% | Val Loss=0.9559, Val Acc=79.44% | Time: 17.27s
2025-04-22 12:34:36,706 | INFO | New best model saved (val loss = 0.9559)
2025-04-22 12:34:36,776 | INFO | Best model with lowest val loss 0.9559494376182556 at 49 epoch is saved.
2025-04-22 12:34:38,263 | INFO | Test Accuracy: 22.80%
2025-04-22 12:34:38,363 | INFO | Last model with val loss 0.9559494376182556 at 49 epoch is saved.
2025-04-22 12:34:39,637 | INFO | Test Accuracy: 22.80%
2025-04-22 12:34:39,646 | INFO | 
Job Completed
