2025-04-22 10:41:38,258 | INFO | Job Started
2025-04-22 10:41:38,258 | INFO | Logging run: /rds/general/user/psp20/home/Brain-Network/runs/brainit_m2_20250422-104138
2025-04-22 10:41:38,431 | INFO | Using device: cuda
2025-04-22 10:41:38,431 | INFO | Training for 100 epochs
2025-04-22 10:41:38,431 | INFO | Debug mode: False
2025-04-22 10:41:38,431 | INFO | Downsampling by: 0
2025-04-22 10:41:39,721 | INFO | Using foveation transform
2025-04-22 10:41:41,548 | INFO | Full train/val size with downsampling (0): 50000
2025-04-22 10:41:43,734 | INFO | Label smoothing: 0.1
2025-04-22 10:42:02,803 | INFO | Epoch 1: Train Loss=2.0082, Train Acc=25.79% | Val Loss=1.8780, Val Acc=32.70% | Time: 19.07s
2025-04-22 10:42:02,804 | INFO | New best model saved (val loss = 1.8780)
2025-04-22 10:42:19,757 | INFO | Epoch 2: Train Loss=1.7917, Train Acc=37.55% | Val Loss=1.8103, Val Acc=37.76% | Time: 16.95s
2025-04-22 10:42:19,758 | INFO | New best model saved (val loss = 1.8103)
2025-04-22 10:42:36,900 | INFO | Epoch 3: Train Loss=1.6159, Train Acc=47.68% | Val Loss=1.5983, Val Acc=49.58% | Time: 17.14s
2025-04-22 10:42:36,902 | INFO | New best model saved (val loss = 1.5983)
2025-04-22 10:42:54,077 | INFO | Epoch 4: Train Loss=1.5109, Train Acc=53.31% | Val Loss=1.5490, Val Acc=53.34% | Time: 17.18s
2025-04-22 10:42:54,079 | INFO | New best model saved (val loss = 1.5490)
2025-04-22 10:43:11,200 | INFO | Epoch 5: Train Loss=1.4386, Train Acc=56.97% | Val Loss=1.4907, Val Acc=54.52% | Time: 17.12s
2025-04-22 10:43:11,201 | INFO | New best model saved (val loss = 1.4907)
2025-04-22 10:43:28,234 | INFO | Epoch 6: Train Loss=1.3801, Train Acc=59.88% | Val Loss=1.6706, Val Acc=47.72% | Time: 17.03s
2025-04-22 10:43:45,088 | INFO | Epoch 7: Train Loss=1.3461, Train Acc=61.50% | Val Loss=1.3920, Val Acc=60.18% | Time: 16.85s
2025-04-22 10:43:45,090 | INFO | New best model saved (val loss = 1.3920)
2025-04-22 10:44:02,045 | INFO | Epoch 8: Train Loss=1.3088, Train Acc=63.35% | Val Loss=1.2904, Val Acc=64.46% | Time: 16.95s
2025-04-22 10:44:02,046 | INFO | New best model saved (val loss = 1.2904)
2025-04-22 10:44:19,025 | INFO | Epoch 9: Train Loss=1.2637, Train Acc=65.69% | Val Loss=1.2954, Val Acc=63.96% | Time: 16.98s
2025-04-22 10:44:35,908 | INFO | Epoch 10: Train Loss=1.2468, Train Acc=66.60% | Val Loss=1.2111, Val Acc=68.02% | Time: 16.88s
2025-04-22 10:44:35,909 | INFO | New best model saved (val loss = 1.2111)
2025-04-22 10:44:52,820 | INFO | Epoch 11: Train Loss=1.2175, Train Acc=68.04% | Val Loss=1.2812, Val Acc=65.86% | Time: 16.91s
2025-04-22 10:45:09,942 | INFO | Epoch 12: Train Loss=1.1936, Train Acc=69.03% | Val Loss=1.2183, Val Acc=67.58% | Time: 17.12s
2025-04-22 10:45:26,975 | INFO | Epoch 13: Train Loss=1.1737, Train Acc=69.84% | Val Loss=1.1839, Val Acc=68.66% | Time: 17.03s
2025-04-22 10:45:26,976 | INFO | New best model saved (val loss = 1.1839)
2025-04-22 10:45:43,883 | INFO | Epoch 14: Train Loss=1.1482, Train Acc=71.07% | Val Loss=1.2153, Val Acc=68.68% | Time: 16.91s
2025-04-22 10:46:00,860 | INFO | Epoch 15: Train Loss=1.1254, Train Acc=72.29% | Val Loss=1.1523, Val Acc=70.44% | Time: 16.98s
2025-04-22 10:46:00,861 | INFO | New best model saved (val loss = 1.1523)
2025-04-22 10:46:17,814 | INFO | Epoch 16: Train Loss=1.1106, Train Acc=72.98% | Val Loss=1.2092, Val Acc=67.16% | Time: 16.95s
2025-04-22 10:46:34,693 | INFO | Epoch 17: Train Loss=1.1018, Train Acc=73.20% | Val Loss=1.1106, Val Acc=72.72% | Time: 16.88s
2025-04-22 10:46:34,695 | INFO | New best model saved (val loss = 1.1106)
2025-04-22 10:46:51,554 | INFO | Epoch 18: Train Loss=1.0838, Train Acc=73.95% | Val Loss=1.1134, Val Acc=73.16% | Time: 16.86s
2025-04-22 10:47:08,603 | INFO | Epoch 19: Train Loss=1.0630, Train Acc=75.18% | Val Loss=1.1504, Val Acc=71.04% | Time: 17.05s
2025-04-22 10:47:25,601 | INFO | Epoch 20: Train Loss=1.0559, Train Acc=75.53% | Val Loss=1.1387, Val Acc=71.80% | Time: 17.00s
2025-04-22 10:47:42,710 | INFO | Epoch 21: Train Loss=1.0393, Train Acc=76.10% | Val Loss=1.1665, Val Acc=70.76% | Time: 17.11s
2025-04-22 10:47:59,784 | INFO | Epoch 22: Train Loss=0.9450, Train Acc=80.22% | Val Loss=0.9615, Val Acc=79.54% | Time: 17.07s
2025-04-22 10:47:59,785 | INFO | New best model saved (val loss = 0.9615)
2025-04-22 10:48:16,673 | INFO | Epoch 23: Train Loss=0.9038, Train Acc=82.22% | Val Loss=0.9571, Val Acc=79.74% | Time: 16.89s
2025-04-22 10:48:16,675 | INFO | New best model saved (val loss = 0.9571)
2025-04-22 10:48:33,852 | INFO | Epoch 24: Train Loss=0.8877, Train Acc=82.76% | Val Loss=0.9459, Val Acc=80.12% | Time: 17.18s
2025-04-22 10:48:33,854 | INFO | New best model saved (val loss = 0.9459)
2025-04-22 10:48:50,791 | INFO | Epoch 25: Train Loss=0.8793, Train Acc=83.32% | Val Loss=0.9348, Val Acc=80.64% | Time: 16.94s
2025-04-22 10:48:50,792 | INFO | New best model saved (val loss = 0.9348)
2025-04-22 10:49:07,652 | INFO | Epoch 26: Train Loss=0.8676, Train Acc=83.79% | Val Loss=0.9326, Val Acc=80.94% | Time: 16.86s
2025-04-22 10:49:07,654 | INFO | New best model saved (val loss = 0.9326)
2025-04-22 10:49:24,431 | INFO | Epoch 27: Train Loss=0.8617, Train Acc=84.10% | Val Loss=0.9176, Val Acc=81.40% | Time: 16.78s
2025-04-22 10:49:24,432 | INFO | New best model saved (val loss = 0.9176)
2025-04-22 10:49:41,411 | INFO | Epoch 28: Train Loss=0.8575, Train Acc=84.24% | Val Loss=0.9241, Val Acc=81.02% | Time: 16.98s
2025-04-22 10:49:58,337 | INFO | Epoch 29: Train Loss=0.8485, Train Acc=84.53% | Val Loss=0.9221, Val Acc=81.14% | Time: 16.92s
2025-04-22 10:50:15,215 | INFO | Epoch 30: Train Loss=0.8407, Train Acc=85.03% | Val Loss=0.9199, Val Acc=81.34% | Time: 16.88s
2025-04-22 10:50:32,211 | INFO | Epoch 31: Train Loss=0.8393, Train Acc=84.98% | Val Loss=0.9297, Val Acc=80.86% | Time: 17.00s
2025-04-22 10:50:49,225 | INFO | Epoch 32: Train Loss=0.8200, Train Acc=85.97% | Val Loss=0.9156, Val Acc=81.92% | Time: 17.01s
2025-04-22 10:50:49,227 | INFO | New best model saved (val loss = 0.9156)
2025-04-22 10:51:06,228 | INFO | Epoch 33: Train Loss=0.8164, Train Acc=86.17% | Val Loss=0.9051, Val Acc=82.06% | Time: 17.00s
2025-04-22 10:51:06,229 | INFO | New best model saved (val loss = 0.9051)
2025-04-22 10:51:23,243 | INFO | Epoch 34: Train Loss=0.8162, Train Acc=85.99% | Val Loss=0.9177, Val Acc=81.42% | Time: 17.01s
2025-04-22 10:51:40,203 | INFO | Epoch 35: Train Loss=0.8116, Train Acc=86.25% | Val Loss=0.9061, Val Acc=82.52% | Time: 16.96s
2025-04-22 10:51:57,149 | INFO | Epoch 36: Train Loss=0.8121, Train Acc=86.36% | Val Loss=0.9124, Val Acc=81.68% | Time: 16.95s
2025-04-22 10:52:14,100 | INFO | Epoch 37: Train Loss=0.8092, Train Acc=86.38% | Val Loss=0.9174, Val Acc=81.46% | Time: 16.95s
2025-04-22 10:52:31,120 | INFO | Epoch 38: Train Loss=0.8103, Train Acc=86.26% | Val Loss=0.9027, Val Acc=82.34% | Time: 17.02s
2025-04-22 10:52:31,122 | INFO | New best model saved (val loss = 0.9027)
2025-04-22 10:52:48,159 | INFO | Epoch 39: Train Loss=0.8085, Train Acc=86.44% | Val Loss=0.9128, Val Acc=82.02% | Time: 17.04s
2025-04-22 10:53:05,152 | INFO | Epoch 40: Train Loss=0.8121, Train Acc=86.44% | Val Loss=0.9102, Val Acc=82.12% | Time: 16.99s
2025-04-22 10:53:22,141 | INFO | Epoch 41: Train Loss=0.8089, Train Acc=86.62% | Val Loss=0.9144, Val Acc=81.84% | Time: 16.99s
2025-04-22 10:53:39,112 | INFO | Epoch 42: Train Loss=0.8107, Train Acc=86.33% | Val Loss=0.8931, Val Acc=82.88% | Time: 16.97s
2025-04-22 10:53:39,113 | INFO | New best model saved (val loss = 0.8931)
2025-04-22 10:53:56,094 | INFO | Epoch 43: Train Loss=0.8086, Train Acc=86.36% | Val Loss=0.9120, Val Acc=81.90% | Time: 16.98s
2025-04-22 10:54:13,046 | INFO | Epoch 44: Train Loss=0.8064, Train Acc=86.42% | Val Loss=0.9085, Val Acc=82.22% | Time: 16.95s
2025-04-22 10:54:29,882 | INFO | Epoch 45: Train Loss=0.8034, Train Acc=86.58% | Val Loss=0.9035, Val Acc=82.08% | Time: 16.84s
2025-04-22 10:54:46,761 | INFO | Epoch 46: Train Loss=0.8092, Train Acc=86.47% | Val Loss=0.8990, Val Acc=82.14% | Time: 16.88s
2025-04-22 10:55:03,618 | INFO | Epoch 47: Train Loss=0.8058, Train Acc=86.40% | Val Loss=0.9045, Val Acc=82.36% | Time: 16.86s
2025-04-22 10:55:20,563 | INFO | Epoch 48: Train Loss=0.8063, Train Acc=86.52% | Val Loss=0.9091, Val Acc=82.14% | Time: 16.94s
2025-04-22 10:55:37,441 | INFO | Epoch 49: Train Loss=0.8071, Train Acc=86.46% | Val Loss=0.9108, Val Acc=81.60% | Time: 16.88s
2025-04-22 10:55:54,343 | INFO | Epoch 50: Train Loss=0.8078, Train Acc=86.53% | Val Loss=0.9054, Val Acc=82.10% | Time: 16.90s
2025-04-22 10:56:11,222 | INFO | Epoch 51: Train Loss=0.8072, Train Acc=86.36% | Val Loss=0.9169, Val Acc=81.54% | Time: 16.88s
2025-04-22 10:56:28,085 | INFO | Epoch 52: Train Loss=0.8068, Train Acc=86.35% | Val Loss=0.9080, Val Acc=81.96% | Time: 16.86s
2025-04-22 10:56:28,086 | INFO | Early stopping triggered at epoch 52
2025-04-22 10:56:28,158 | INFO | Best model with lowest val loss 0.8930670261383057 at 41 epoch is saved.
2025-04-22 10:56:31,308 | INFO | Test Accuracy: 82.89%
2025-04-22 10:56:31,389 | INFO | Last model with val loss 0.9079655945301056 at 51 epoch is saved.
2025-04-22 10:56:34,408 | INFO | Test Accuracy: 82.89%
2025-04-22 10:56:34,418 | INFO | 
Job Completed
