2025-04-20 14:59:44,819 | INFO | Job Started
2025-04-20 14:59:44,819 | INFO | Logging run: /rds/general/user/psp20/home/Brain-Network/runs/zoom_m16_20250420-145944
2025-04-20 14:59:44,819 | INFO | Config:
{
  "seed": 42,
  "run_name": "zoom_m16",
  "model_type": "zoom",
  "optimizer": "adam",
  "scheduler": "ReduceLROnPlateau",
  "criterion": "CE",
  "label_smoothing": 0,
  "train_split": 0.9,
  "batch_size": 256,
  "num_workers": 2,
  "lr": 0.001,
  "epochs": 50,
  "ema": false,
  "early_stopping": true,
  "min_diff": 0.001,
  "writer": true,
  "patience": 10,
  "use_flex": false,
  "use_pos_embed": false,
  "add_dropout": false,
  "mlp_end": false,
  "add_cls_token": false,
  "num_layers": 2,
  "trans_dropout_ratio": 0.0,
  "standard_scale": false,
  "transform_type": "custom_agg",
  "downsample_fraction": 0,
  "few_shot": false,
  "attacker": false,
  "epsilon": false,
  "gaussian_std": false
}
2025-04-20 14:59:45,004 | INFO | Using device: cuda
2025-04-20 14:59:45,004 | INFO | Training for 50 epochs
2025-04-20 14:59:45,004 | INFO | Debug mode: False
2025-04-20 14:59:45,004 | INFO | Downsampling by: 0
2025-04-20 14:59:46,268 | INFO | Using custom agg transform
2025-04-20 14:59:50,104 | INFO | Label smoothing: 0
2025-04-20 15:00:02,942 | INFO | Epoch 1: Train Loss=1.8521, Train Acc=30.58% | Val Loss=1.9961, Val Acc=34.12% | Time: 12.84s
2025-04-20 15:00:02,943 | INFO | New best model saved (val loss = 1.9961)
2025-04-20 15:00:14,137 | INFO | Epoch 2: Train Loss=1.3721, Train Acc=50.66% | Val Loss=1.3741, Val Acc=51.08% | Time: 11.19s
2025-04-20 15:00:14,138 | INFO | New best model saved (val loss = 1.3741)
2025-04-20 15:00:25,587 | INFO | Epoch 3: Train Loss=1.1424, Train Acc=59.15% | Val Loss=1.3568, Val Acc=53.14% | Time: 11.45s
2025-04-20 15:00:25,588 | INFO | New best model saved (val loss = 1.3568)
2025-04-20 15:00:36,983 | INFO | Epoch 4: Train Loss=0.9892, Train Acc=65.03% | Val Loss=1.0955, Val Acc=61.38% | Time: 11.39s
2025-04-20 15:00:36,984 | INFO | New best model saved (val loss = 1.0955)
2025-04-20 15:00:48,343 | INFO | Epoch 5: Train Loss=0.8849, Train Acc=69.04% | Val Loss=0.9606, Val Acc=65.98% | Time: 11.36s
2025-04-20 15:00:48,344 | INFO | New best model saved (val loss = 0.9606)
2025-04-20 15:00:59,712 | INFO | Epoch 6: Train Loss=0.8127, Train Acc=71.70% | Val Loss=1.0478, Val Acc=63.82% | Time: 11.37s
2025-04-20 15:01:10,979 | INFO | Epoch 7: Train Loss=0.7447, Train Acc=74.11% | Val Loss=0.8474, Val Acc=71.62% | Time: 11.26s
2025-04-20 15:01:10,980 | INFO | New best model saved (val loss = 0.8474)
2025-04-20 15:01:22,378 | INFO | Epoch 8: Train Loss=0.7051, Train Acc=75.47% | Val Loss=1.0891, Val Acc=64.56% | Time: 11.39s
2025-04-20 15:01:33,644 | INFO | Epoch 9: Train Loss=0.6581, Train Acc=77.36% | Val Loss=0.7266, Val Acc=74.96% | Time: 11.26s
2025-04-20 15:01:33,645 | INFO | New best model saved (val loss = 0.7266)
2025-04-20 15:01:44,973 | INFO | Epoch 10: Train Loss=0.6240, Train Acc=78.51% | Val Loss=0.7201, Val Acc=75.42% | Time: 11.32s
2025-04-20 15:01:44,974 | INFO | New best model saved (val loss = 0.7201)
2025-04-20 15:01:56,314 | INFO | Epoch 11: Train Loss=0.5970, Train Acc=79.24% | Val Loss=0.9432, Val Acc=68.66% | Time: 11.34s
2025-04-20 15:02:07,607 | INFO | Epoch 12: Train Loss=0.5696, Train Acc=80.30% | Val Loss=0.9291, Val Acc=71.26% | Time: 11.29s
2025-04-20 15:02:18,977 | INFO | Epoch 13: Train Loss=0.5446, Train Acc=81.19% | Val Loss=0.7059, Val Acc=76.54% | Time: 11.35s
2025-04-20 15:02:18,978 | INFO | New best model saved (val loss = 0.7059)
2025-04-20 15:02:30,371 | INFO | Epoch 14: Train Loss=0.5177, Train Acc=82.06% | Val Loss=0.7318, Val Acc=74.82% | Time: 11.39s
2025-04-20 15:02:41,816 | INFO | Epoch 15: Train Loss=0.5149, Train Acc=82.02% | Val Loss=0.7242, Val Acc=76.04% | Time: 11.44s
2025-04-20 15:02:53,170 | INFO | Epoch 16: Train Loss=0.4890, Train Acc=83.17% | Val Loss=0.6777, Val Acc=77.18% | Time: 11.35s
2025-04-20 15:02:53,171 | INFO | New best model saved (val loss = 0.6777)
2025-04-20 15:03:04,745 | INFO | Epoch 17: Train Loss=0.4673, Train Acc=83.97% | Val Loss=0.6516, Val Acc=78.02% | Time: 11.57s
2025-04-20 15:03:04,746 | INFO | New best model saved (val loss = 0.6516)
2025-04-20 15:03:16,135 | INFO | Epoch 18: Train Loss=0.4501, Train Acc=84.57% | Val Loss=0.5984, Val Acc=79.70% | Time: 11.38s
2025-04-20 15:03:16,136 | INFO | New best model saved (val loss = 0.5984)
2025-04-20 15:03:27,485 | INFO | Epoch 19: Train Loss=0.4379, Train Acc=84.79% | Val Loss=0.7060, Val Acc=76.88% | Time: 11.34s
2025-04-20 15:03:38,778 | INFO | Epoch 20: Train Loss=0.4231, Train Acc=85.44% | Val Loss=0.8669, Val Acc=73.26% | Time: 11.29s
2025-04-20 15:03:50,149 | INFO | Epoch 21: Train Loss=0.4108, Train Acc=85.85% | Val Loss=0.6389, Val Acc=78.42% | Time: 11.37s
2025-04-20 15:04:01,571 | INFO | Epoch 22: Train Loss=0.4006, Train Acc=86.16% | Val Loss=0.5555, Val Acc=81.56% | Time: 11.42s
2025-04-20 15:04:01,572 | INFO | New best model saved (val loss = 0.5555)
2025-04-20 15:04:12,857 | INFO | Epoch 23: Train Loss=0.3906, Train Acc=86.46% | Val Loss=0.5956, Val Acc=80.00% | Time: 11.28s
2025-04-20 15:04:24,226 | INFO | Epoch 24: Train Loss=0.3829, Train Acc=86.66% | Val Loss=0.6553, Val Acc=79.64% | Time: 11.36s
2025-04-20 15:04:35,591 | INFO | Epoch 25: Train Loss=0.3751, Train Acc=87.05% | Val Loss=0.5527, Val Acc=81.50% | Time: 11.36s
2025-04-20 15:04:35,592 | INFO | New best model saved (val loss = 0.5527)
2025-04-20 15:04:46,983 | INFO | Epoch 26: Train Loss=0.3618, Train Acc=87.48% | Val Loss=0.5713, Val Acc=81.52% | Time: 11.38s
2025-04-20 15:04:58,361 | INFO | Epoch 27: Train Loss=0.3588, Train Acc=87.54% | Val Loss=0.6073, Val Acc=80.64% | Time: 11.37s
2025-04-20 15:05:09,795 | INFO | Epoch 28: Train Loss=0.3447, Train Acc=88.09% | Val Loss=0.5910, Val Acc=80.90% | Time: 11.43s
2025-04-20 15:05:21,273 | INFO | Epoch 29: Train Loss=0.3400, Train Acc=88.29% | Val Loss=0.5374, Val Acc=82.64% | Time: 11.47s
2025-04-20 15:05:21,274 | INFO | New best model saved (val loss = 0.5374)
2025-04-20 15:05:32,663 | INFO | Epoch 30: Train Loss=0.3290, Train Acc=88.66% | Val Loss=0.6172, Val Acc=80.94% | Time: 11.38s
2025-04-20 15:05:44,120 | INFO | Epoch 31: Train Loss=0.3309, Train Acc=88.53% | Val Loss=0.5151, Val Acc=83.48% | Time: 11.45s
2025-04-20 15:05:44,121 | INFO | New best model saved (val loss = 0.5151)
2025-04-20 15:05:55,530 | INFO | Epoch 32: Train Loss=0.3140, Train Acc=89.20% | Val Loss=0.6068, Val Acc=80.34% | Time: 11.40s
2025-04-20 15:06:06,897 | INFO | Epoch 33: Train Loss=0.3194, Train Acc=88.94% | Val Loss=0.6814, Val Acc=78.80% | Time: 11.36s
2025-04-20 15:06:18,237 | INFO | Epoch 34: Train Loss=0.3100, Train Acc=89.35% | Val Loss=0.5723, Val Acc=81.34% | Time: 11.33s
2025-04-20 15:06:29,677 | INFO | Epoch 35: Train Loss=0.3007, Train Acc=89.49% | Val Loss=0.5717, Val Acc=81.64% | Time: 11.43s
2025-04-20 15:06:41,073 | INFO | Epoch 36: Train Loss=0.2156, Train Acc=92.51% | Val Loss=0.3946, Val Acc=87.64% | Time: 11.39s
2025-04-20 15:06:41,074 | INFO | New best model saved (val loss = 0.3946)
2025-04-20 15:06:52,490 | INFO | Epoch 37: Train Loss=0.1890, Train Acc=93.49% | Val Loss=0.4097, Val Acc=86.92% | Time: 11.41s
2025-04-20 15:07:03,772 | INFO | Epoch 38: Train Loss=0.1817, Train Acc=93.77% | Val Loss=0.3972, Val Acc=86.94% | Time: 11.27s
2025-04-20 15:07:15,172 | INFO | Epoch 39: Train Loss=0.1679, Train Acc=94.32% | Val Loss=0.4098, Val Acc=87.30% | Time: 11.39s
2025-04-20 15:07:26,498 | INFO | Epoch 40: Train Loss=0.1678, Train Acc=94.31% | Val Loss=0.4172, Val Acc=87.36% | Time: 11.32s
2025-04-20 15:07:37,888 | INFO | Epoch 41: Train Loss=0.1609, Train Acc=94.40% | Val Loss=0.4011, Val Acc=87.38% | Time: 11.38s
2025-04-20 15:07:49,272 | INFO | Epoch 42: Train Loss=0.1571, Train Acc=94.64% | Val Loss=0.4019, Val Acc=87.22% | Time: 11.37s
2025-04-20 15:08:00,646 | INFO | Epoch 43: Train Loss=0.1561, Train Acc=94.69% | Val Loss=0.3873, Val Acc=88.00% | Time: 11.36s
2025-04-20 15:08:00,647 | INFO | New best model saved (val loss = 0.3873)
2025-04-20 15:08:12,223 | INFO | Epoch 44: Train Loss=0.1529, Train Acc=94.84% | Val Loss=0.4037, Val Acc=87.86% | Time: 11.57s
2025-04-20 15:08:23,506 | INFO | Epoch 45: Train Loss=0.1544, Train Acc=94.67% | Val Loss=0.3894, Val Acc=88.24% | Time: 11.27s
2025-04-20 15:08:34,914 | INFO | Epoch 46: Train Loss=0.1519, Train Acc=94.79% | Val Loss=0.4000, Val Acc=87.38% | Time: 11.40s
2025-04-20 15:08:46,336 | INFO | Epoch 47: Train Loss=0.1486, Train Acc=95.01% | Val Loss=0.3983, Val Acc=87.84% | Time: 11.41s
2025-04-20 15:08:57,781 | INFO | Epoch 48: Train Loss=0.1503, Train Acc=95.00% | Val Loss=0.4050, Val Acc=87.78% | Time: 11.43s
2025-04-20 15:09:09,180 | INFO | Epoch 49: Train Loss=0.1529, Train Acc=94.91% | Val Loss=0.3822, Val Acc=88.20% | Time: 11.39s
2025-04-20 15:09:09,181 | INFO | New best model saved (val loss = 0.3822)
2025-04-20 15:09:20,592 | INFO | Epoch 50: Train Loss=0.1514, Train Acc=94.93% | Val Loss=0.4036, Val Acc=87.94% | Time: 11.40s
2025-04-20 15:09:20,627 | INFO | Best model with lowest val loss 0.3822149157524109 at 48 epoch is saved.
2025-04-20 15:09:21,592 | INFO | Test Accuracy: 92.04% | Test Loss: 0.27
2025-04-20 15:09:21,632 | INFO | Last model with val loss 0.40361437648534776 at 49 epoch is saved.
2025-04-20 15:09:22,401 | INFO | Test Accuracy: 92.04% | Test Loss: 0.27
2025-04-20 15:09:22,414 | INFO | 
Job Completed
