2025-06-05 19:32:03,363 | INFO | Job Started
2025-06-05 19:32:03,363 | INFO | Logging run: /rds/general/user/psp20/home/Brain-Network/runs/brainit_4_3_sample_eff_0_1_20250605-193203
2025-06-05 19:32:03,370 | INFO | Using device: cuda
2025-06-05 19:32:03,370 | INFO | Training for 100 epochs
2025-06-05 19:32:03,370 | INFO | Debug mode: False
2025-06-05 19:32:03,370 | INFO | Downsampling by: 0.1
2025-06-05 19:32:03,370 | INFO | Auxiliary loss: {'attention_entropy_loss': 0.1}
2025-06-05 19:32:03,370 | INFO | Train transforms: 
	Compose(
    RandomCrop(size=(32, 32), padding=4)
    RandomHorizontalFlip(p=0.5)
    ColorJitter(brightness=(0.8, 1.2), contrast=(0.8, 1.2), saturation=(0.8, 1.2), hue=None)
    ToTensor()
    Normalize(mean=(0.4914, 0.4822, 0.4465), std=(0.2023, 0.1994, 0.201))
)
2025-06-05 19:32:03,370 | INFO | Test transforms: 
	Compose(
    ToTensor()
    Normalize(mean=(0.4914, 0.4822, 0.4465), std=(0.2023, 0.1994, 0.201))
)
2025-06-05 19:32:05,203 | INFO | Full train/val size with downsampling (0.1): 5000
2025-06-05 19:32:05,347 | INFO | Using mixup function and SoftTargetCrossEntropy
2025-06-05 19:32:05,347 | INFO | Auxiliary loss: {'attention_entropy_loss': 0.1}
2025-06-05 19:32:08,252 | INFO | Epoch: 1 | Time: 2.90s
2025-06-05 19:32:08,252 | INFO | Train Loss=2.6413, Train Acc=12.67%
2025-06-05 19:32:08,252 | INFO | Val Loss=2.5610, Val Acc=18.20%
2025-06-05 19:32:08,252 | INFO | Train Gamma Loss=0.3257 | Val Gamma Loss=0.3307163715362549
2025-06-05 19:32:08,253 | INFO | New best model saved (val loss = 2.5610)
2025-06-05 19:32:11,016 | INFO | Epoch: 2 | Time: 2.76s
2025-06-05 19:32:11,017 | INFO | Train Loss=2.5481, Train Acc=17.20%
2025-06-05 19:32:11,017 | INFO | Val Loss=2.4614, Val Acc=23.80%
2025-06-05 19:32:11,017 | INFO | Train Gamma Loss=0.3074 | Val Gamma Loss=0.3051353096961975
2025-06-05 19:32:11,018 | INFO | New best model saved (val loss = 2.4614)
2025-06-05 19:32:13,788 | INFO | Epoch: 3 | Time: 2.77s
2025-06-05 19:32:13,788 | INFO | Train Loss=2.2079, Train Acc=24.40%
2025-06-05 19:32:13,788 | INFO | Val Loss=2.0191, Val Acc=23.40%
2025-06-05 19:32:13,788 | INFO | Train Gamma Loss=0.0887 | Val Gamma Loss=0.0045631080865859985
2025-06-05 19:32:13,789 | INFO | New best model saved (val loss = 2.0191)
2025-06-05 19:32:16,568 | INFO | Epoch: 4 | Time: 2.78s
2025-06-05 19:32:16,568 | INFO | Train Loss=2.0788, Train Acc=26.18%
2025-06-05 19:32:16,568 | INFO | Val Loss=1.9202, Val Acc=28.20%
2025-06-05 19:32:16,568 | INFO | Train Gamma Loss=-0.0044 | Val Gamma Loss=0.006402092054486275
2025-06-05 19:32:16,569 | INFO | New best model saved (val loss = 1.9202)
2025-06-05 19:32:19,350 | INFO | Epoch: 5 | Time: 2.78s
2025-06-05 19:32:19,350 | INFO | Train Loss=1.9208, Train Acc=33.24%
2025-06-05 19:32:19,350 | INFO | Val Loss=1.8330, Val Acc=30.60%
2025-06-05 19:32:19,350 | INFO | Train Gamma Loss=-0.0039 | Val Gamma Loss=0.00642781425267458
2025-06-05 19:32:19,352 | INFO | New best model saved (val loss = 1.8330)
2025-06-05 19:32:22,129 | INFO | Epoch: 6 | Time: 2.78s
2025-06-05 19:32:22,129 | INFO | Train Loss=1.9613, Train Acc=32.62%
2025-06-05 19:32:22,129 | INFO | Val Loss=1.9316, Val Acc=28.80%
2025-06-05 19:32:22,129 | INFO | Train Gamma Loss=-0.0041 | Val Gamma Loss=0.006355997174978256
2025-06-05 19:32:24,884 | INFO | Epoch: 7 | Time: 2.75s
2025-06-05 19:32:24,884 | INFO | Train Loss=2.0049, Train Acc=30.69%
2025-06-05 19:32:24,884 | INFO | Val Loss=1.8179, Val Acc=32.00%
2025-06-05 19:32:24,884 | INFO | Train Gamma Loss=-0.0042 | Val Gamma Loss=0.006390896625816822
2025-06-05 19:32:24,886 | INFO | New best model saved (val loss = 1.8179)
2025-06-05 19:32:27,643 | INFO | Epoch: 8 | Time: 2.76s
2025-06-05 19:32:27,644 | INFO | Train Loss=1.9108, Train Acc=37.07%
2025-06-05 19:32:27,644 | INFO | Val Loss=1.8160, Val Acc=35.40%
2025-06-05 19:32:27,644 | INFO | Train Gamma Loss=-0.0040 | Val Gamma Loss=0.006203517317771912
2025-06-05 19:32:27,646 | INFO | New best model saved (val loss = 1.8160)
2025-06-05 19:32:30,436 | INFO | Epoch: 9 | Time: 2.79s
2025-06-05 19:32:30,436 | INFO | Train Loss=1.8992, Train Acc=36.93%
2025-06-05 19:32:30,436 | INFO | Val Loss=1.6336, Val Acc=38.60%
2025-06-05 19:32:30,436 | INFO | Train Gamma Loss=-0.0045 | Val Gamma Loss=0.005961432121694088
2025-06-05 19:32:30,437 | INFO | New best model saved (val loss = 1.6336)
2025-06-05 19:32:33,228 | INFO | Epoch: 10 | Time: 2.79s
2025-06-05 19:32:33,228 | INFO | Train Loss=1.8419, Train Acc=41.40%
2025-06-05 19:32:33,228 | INFO | Val Loss=1.8167, Val Acc=34.60%
2025-06-05 19:32:33,228 | INFO | Train Gamma Loss=-0.0046 | Val Gamma Loss=0.005798964761197567
2025-06-05 19:32:36,005 | INFO | Epoch: 11 | Time: 2.78s
2025-06-05 19:32:36,006 | INFO | Train Loss=1.8873, Train Acc=39.67%
2025-06-05 19:32:36,006 | INFO | Val Loss=1.6849, Val Acc=42.00%
2025-06-05 19:32:36,006 | INFO | Train Gamma Loss=-0.0047 | Val Gamma Loss=0.005554683972150087
2025-06-05 19:32:38,785 | INFO | Epoch: 12 | Time: 2.78s
2025-06-05 19:32:38,785 | INFO | Train Loss=1.6719, Train Acc=48.49%
2025-06-05 19:32:38,785 | INFO | Val Loss=1.6946, Val Acc=38.00%
2025-06-05 19:32:38,785 | INFO | Train Gamma Loss=-0.0046 | Val Gamma Loss=0.005660830996930599
2025-06-05 19:32:41,565 | INFO | Epoch: 13 | Time: 2.78s
2025-06-05 19:32:41,565 | INFO | Train Loss=1.7564, Train Acc=47.04%
2025-06-05 19:32:41,565 | INFO | Val Loss=1.5320, Val Acc=49.40%
2025-06-05 19:32:41,565 | INFO | Train Gamma Loss=-0.0050 | Val Gamma Loss=0.005639997310936451
2025-06-05 19:32:41,567 | INFO | New best model saved (val loss = 1.5320)
2025-06-05 19:32:44,434 | INFO | Epoch: 14 | Time: 2.87s
2025-06-05 19:32:44,434 | INFO | Train Loss=1.5748, Train Acc=53.13%
2025-06-05 19:32:44,434 | INFO | Val Loss=1.4126, Val Acc=51.80%
2025-06-05 19:32:44,434 | INFO | Train Gamma Loss=-0.0046 | Val Gamma Loss=0.00547418650239706
2025-06-05 19:32:44,435 | INFO | New best model saved (val loss = 1.4126)
2025-06-05 19:32:47,240 | INFO | Epoch: 15 | Time: 2.80s
2025-06-05 19:32:47,240 | INFO | Train Loss=1.6374, Train Acc=53.36%
2025-06-05 19:32:47,240 | INFO | Val Loss=1.5950, Val Acc=44.60%
2025-06-05 19:32:47,240 | INFO | Train Gamma Loss=-0.0054 | Val Gamma Loss=0.005209415219724178
2025-06-05 19:32:50,026 | INFO | Epoch: 16 | Time: 2.78s
2025-06-05 19:32:50,026 | INFO | Train Loss=1.6729, Train Acc=50.98%
2025-06-05 19:32:50,026 | INFO | Val Loss=1.3307, Val Acc=54.20%
2025-06-05 19:32:50,026 | INFO | Train Gamma Loss=-0.0053 | Val Gamma Loss=0.005287852603942156
2025-06-05 19:32:50,028 | INFO | New best model saved (val loss = 1.3307)
2025-06-05 19:32:52,849 | INFO | Epoch: 17 | Time: 2.82s
2025-06-05 19:32:52,849 | INFO | Train Loss=1.6591, Train Acc=54.89%
2025-06-05 19:32:52,849 | INFO | Val Loss=1.5027, Val Acc=52.00%
2025-06-05 19:32:52,849 | INFO | Train Gamma Loss=-0.0055 | Val Gamma Loss=0.005140888504683971
2025-06-05 19:32:55,606 | INFO | Epoch: 18 | Time: 2.76s
2025-06-05 19:32:55,607 | INFO | Train Loss=1.4963, Train Acc=58.64%
2025-06-05 19:32:55,607 | INFO | Val Loss=1.4571, Val Acc=53.40%
2025-06-05 19:32:55,607 | INFO | Train Gamma Loss=-0.0056 | Val Gamma Loss=0.005444427020847797
2025-06-05 19:32:58,388 | INFO | Epoch: 19 | Time: 2.78s
2025-06-05 19:32:58,388 | INFO | Train Loss=1.6682, Train Acc=53.16%
2025-06-05 19:32:58,388 | INFO | Val Loss=1.5295, Val Acc=48.40%
2025-06-05 19:32:58,388 | INFO | Train Gamma Loss=-0.0059 | Val Gamma Loss=0.004612108692526817
2025-06-05 19:33:01,148 | INFO | Epoch: 20 | Time: 2.76s
2025-06-05 19:33:01,148 | INFO | Train Loss=1.6376, Train Acc=56.42%
2025-06-05 19:33:01,148 | INFO | Val Loss=1.3804, Val Acc=53.00%
2025-06-05 19:33:01,148 | INFO | Train Gamma Loss=-0.0064 | Val Gamma Loss=0.004114844370633364
2025-06-05 19:33:03,924 | INFO | Epoch: 21 | Time: 2.77s
2025-06-05 19:33:03,925 | INFO | Train Loss=1.6049, Train Acc=54.13%
2025-06-05 19:33:03,925 | INFO | Val Loss=1.3319, Val Acc=54.00%
2025-06-05 19:33:03,925 | INFO | Train Gamma Loss=-0.0066 | Val Gamma Loss=0.0041324179619550705
2025-06-05 19:33:06,680 | INFO | Epoch: 22 | Time: 2.75s
2025-06-05 19:33:06,680 | INFO | Train Loss=1.5192, Train Acc=57.98%
2025-06-05 19:33:06,681 | INFO | Val Loss=1.4861, Val Acc=50.40%
2025-06-05 19:33:06,681 | INFO | Train Gamma Loss=-0.0067 | Val Gamma Loss=0.004091269802302122
2025-06-05 19:33:09,444 | INFO | Epoch: 23 | Time: 2.76s
2025-06-05 19:33:09,444 | INFO | Train Loss=1.5612, Train Acc=56.62%
2025-06-05 19:33:09,444 | INFO | Val Loss=1.2060, Val Acc=58.80%
2025-06-05 19:33:09,444 | INFO | Train Gamma Loss=-0.0067 | Val Gamma Loss=0.0038831778801977634
2025-06-05 19:33:09,445 | INFO | New best model saved (val loss = 1.2060)
2025-06-05 19:33:12,232 | INFO | Epoch: 24 | Time: 2.78s
2025-06-05 19:33:12,232 | INFO | Train Loss=1.5312, Train Acc=60.71%
2025-06-05 19:33:12,232 | INFO | Val Loss=1.2342, Val Acc=61.20%
2025-06-05 19:33:12,232 | INFO | Train Gamma Loss=-0.0068 | Val Gamma Loss=0.004071989096701145
2025-06-05 19:33:14,995 | INFO | Epoch: 25 | Time: 2.76s
2025-06-05 19:33:14,996 | INFO | Train Loss=1.5766, Train Acc=60.78%
2025-06-05 19:33:14,996 | INFO | Val Loss=1.2659, Val Acc=60.40%
2025-06-05 19:33:14,996 | INFO | Train Gamma Loss=-0.0069 | Val Gamma Loss=0.0036715776659548283
2025-06-05 19:33:17,764 | INFO | Epoch: 26 | Time: 2.77s
2025-06-05 19:33:17,764 | INFO | Train Loss=1.4257, Train Acc=63.22%
2025-06-05 19:33:17,764 | INFO | Val Loss=1.2012, Val Acc=59.40%
2025-06-05 19:33:17,764 | INFO | Train Gamma Loss=-0.0069 | Val Gamma Loss=0.004057618789374828
2025-06-05 19:33:17,765 | INFO | New best model saved (val loss = 1.2012)
2025-06-05 19:33:20,631 | INFO | Epoch: 27 | Time: 2.86s
2025-06-05 19:33:20,631 | INFO | Train Loss=1.3845, Train Acc=63.36%
2025-06-05 19:33:20,631 | INFO | Val Loss=1.3210, Val Acc=57.20%
2025-06-05 19:33:20,631 | INFO | Train Gamma Loss=-0.0069 | Val Gamma Loss=0.00379239022731781
2025-06-05 19:33:23,391 | INFO | Epoch: 28 | Time: 2.76s
2025-06-05 19:33:23,391 | INFO | Train Loss=1.4696, Train Acc=64.36%
2025-06-05 19:33:23,391 | INFO | Val Loss=1.5171, Val Acc=50.20%
2025-06-05 19:33:23,391 | INFO | Train Gamma Loss=-0.0072 | Val Gamma Loss=0.003661839757114649
2025-06-05 19:33:26,157 | INFO | Epoch: 29 | Time: 2.76s
2025-06-05 19:33:26,157 | INFO | Train Loss=1.4621, Train Acc=62.27%
2025-06-05 19:33:26,157 | INFO | Val Loss=1.3352, Val Acc=53.60%
2025-06-05 19:33:26,157 | INFO | Train Gamma Loss=-0.0074 | Val Gamma Loss=0.00340783828869462
2025-06-05 19:33:28,941 | INFO | Epoch: 30 | Time: 2.78s
2025-06-05 19:33:28,941 | INFO | Train Loss=1.4843, Train Acc=63.04%
2025-06-05 19:33:28,942 | INFO | Val Loss=1.1440, Val Acc=62.60%
2025-06-05 19:33:28,942 | INFO | Train Gamma Loss=-0.0075 | Val Gamma Loss=0.00369237270206213
2025-06-05 19:33:28,943 | INFO | New best model saved (val loss = 1.1440)
2025-06-05 19:33:31,726 | INFO | Epoch: 31 | Time: 2.78s
2025-06-05 19:33:31,726 | INFO | Train Loss=1.3123, Train Acc=70.60%
2025-06-05 19:33:31,726 | INFO | Val Loss=1.2889, Val Acc=58.60%
2025-06-05 19:33:31,726 | INFO | Train Gamma Loss=-0.0073 | Val Gamma Loss=0.003483166918158531
2025-06-05 19:33:34,511 | INFO | Epoch: 32 | Time: 2.78s
2025-06-05 19:33:34,511 | INFO | Train Loss=1.1472, Train Acc=74.91%
2025-06-05 19:33:34,511 | INFO | Val Loss=1.1335, Val Acc=64.60%
2025-06-05 19:33:34,511 | INFO | Train Gamma Loss=-0.0075 | Val Gamma Loss=0.0034689486492425203
2025-06-05 19:33:34,512 | INFO | New best model saved (val loss = 1.1335)
2025-06-05 19:33:37,275 | INFO | Epoch: 33 | Time: 2.76s
2025-06-05 19:33:37,276 | INFO | Train Loss=1.2194, Train Acc=73.13%
2025-06-05 19:33:37,276 | INFO | Val Loss=1.1096, Val Acc=64.20%
2025-06-05 19:33:37,276 | INFO | Train Gamma Loss=-0.0076 | Val Gamma Loss=0.002995278686285019
2025-06-05 19:33:37,277 | INFO | New best model saved (val loss = 1.1096)
2025-06-05 19:33:40,044 | INFO | Epoch: 34 | Time: 2.76s
2025-06-05 19:33:40,044 | INFO | Train Loss=1.2481, Train Acc=73.16%
2025-06-05 19:33:40,044 | INFO | Val Loss=1.1012, Val Acc=64.20%
2025-06-05 19:33:40,044 | INFO | Train Gamma Loss=-0.0077 | Val Gamma Loss=0.003006296930834651
2025-06-05 19:33:40,045 | INFO | New best model saved (val loss = 1.1012)
2025-06-05 19:33:42,821 | INFO | Epoch: 35 | Time: 2.77s
2025-06-05 19:33:42,821 | INFO | Train Loss=1.3180, Train Acc=71.42%
2025-06-05 19:33:42,821 | INFO | Val Loss=1.1804, Val Acc=60.00%
2025-06-05 19:33:42,821 | INFO | Train Gamma Loss=-0.0078 | Val Gamma Loss=0.00300323823466897
2025-06-05 19:33:45,602 | INFO | Epoch: 36 | Time: 2.78s
2025-06-05 19:33:45,602 | INFO | Train Loss=1.2661, Train Acc=72.64%
2025-06-05 19:33:45,602 | INFO | Val Loss=1.2440, Val Acc=58.60%
2025-06-05 19:33:45,602 | INFO | Train Gamma Loss=-0.0078 | Val Gamma Loss=0.003055589273571968
2025-06-05 19:33:48,370 | INFO | Epoch: 37 | Time: 2.77s
2025-06-05 19:33:48,370 | INFO | Train Loss=1.3987, Train Acc=67.07%
2025-06-05 19:33:48,370 | INFO | Val Loss=0.9923, Val Acc=67.80%
2025-06-05 19:33:48,370 | INFO | Train Gamma Loss=-0.0080 | Val Gamma Loss=0.002806137315928936
2025-06-05 19:33:48,371 | INFO | New best model saved (val loss = 0.9923)
2025-06-05 19:33:51,276 | INFO | Epoch: 38 | Time: 2.90s
2025-06-05 19:33:51,276 | INFO | Train Loss=1.1707, Train Acc=74.98%
2025-06-05 19:33:51,276 | INFO | Val Loss=1.3113, Val Acc=56.80%
2025-06-05 19:33:51,276 | INFO | Train Gamma Loss=-0.0079 | Val Gamma Loss=0.00302295433357358
2025-06-05 19:33:54,068 | INFO | Epoch: 39 | Time: 2.79s
2025-06-05 19:33:54,068 | INFO | Train Loss=1.2072, Train Acc=75.64%
2025-06-05 19:33:54,068 | INFO | Val Loss=1.2043, Val Acc=60.40%
2025-06-05 19:33:54,068 | INFO | Train Gamma Loss=-0.0079 | Val Gamma Loss=0.002709230873733759
2025-06-05 19:33:56,866 | INFO | Epoch: 40 | Time: 2.80s
2025-06-05 19:33:56,866 | INFO | Train Loss=1.3573, Train Acc=67.24%
2025-06-05 19:33:56,866 | INFO | Val Loss=1.0382, Val Acc=68.00%
2025-06-05 19:33:56,866 | INFO | Train Gamma Loss=-0.0080 | Val Gamma Loss=0.0027742544189095497
2025-06-05 19:33:59,641 | INFO | Epoch: 41 | Time: 2.77s
2025-06-05 19:33:59,642 | INFO | Train Loss=1.3638, Train Acc=70.82%
2025-06-05 19:33:59,642 | INFO | Val Loss=1.0982, Val Acc=65.40%
2025-06-05 19:33:59,642 | INFO | Train Gamma Loss=-0.0081 | Val Gamma Loss=0.002821411471813917
2025-06-05 19:34:02,407 | INFO | Epoch: 42 | Time: 2.76s
2025-06-05 19:34:02,407 | INFO | Train Loss=1.2677, Train Acc=75.58%
2025-06-05 19:34:02,407 | INFO | Val Loss=1.0887, Val Acc=64.80%
2025-06-05 19:34:02,407 | INFO | Train Gamma Loss=-0.0082 | Val Gamma Loss=0.0028224431443959475
2025-06-05 19:34:05,213 | INFO | Epoch: 43 | Time: 2.80s
2025-06-05 19:34:05,213 | INFO | Train Loss=1.0497, Train Acc=80.27%
2025-06-05 19:34:05,213 | INFO | Val Loss=0.9337, Val Acc=70.80%
2025-06-05 19:34:05,213 | INFO | Train Gamma Loss=-0.0078 | Val Gamma Loss=0.0027209536638110876
2025-06-05 19:34:05,214 | INFO | New best model saved (val loss = 0.9337)
2025-06-05 19:34:07,983 | INFO | Epoch: 44 | Time: 2.77s
2025-06-05 19:34:07,983 | INFO | Train Loss=1.2695, Train Acc=73.84%
2025-06-05 19:34:07,983 | INFO | Val Loss=0.9975, Val Acc=68.80%
2025-06-05 19:34:07,983 | INFO | Train Gamma Loss=-0.0081 | Val Gamma Loss=0.0027586768846958876
2025-06-05 19:34:10,760 | INFO | Epoch: 45 | Time: 2.77s
2025-06-05 19:34:10,760 | INFO | Train Loss=1.1771, Train Acc=77.76%
2025-06-05 19:34:10,760 | INFO | Val Loss=0.9710, Val Acc=68.20%
2025-06-05 19:34:10,760 | INFO | Train Gamma Loss=-0.0082 | Val Gamma Loss=0.002655110554769635
2025-06-05 19:34:13,544 | INFO | Epoch: 46 | Time: 2.78s
2025-06-05 19:34:13,545 | INFO | Train Loss=1.1886, Train Acc=78.36%
2025-06-05 19:34:13,545 | INFO | Val Loss=1.0001, Val Acc=69.20%
2025-06-05 19:34:13,545 | INFO | Train Gamma Loss=-0.0082 | Val Gamma Loss=0.0028268713504076004
2025-06-05 19:34:16,341 | INFO | Epoch: 47 | Time: 2.79s
2025-06-05 19:34:16,341 | INFO | Train Loss=1.0238, Train Acc=82.53%
2025-06-05 19:34:16,341 | INFO | Val Loss=0.9522, Val Acc=72.40%
2025-06-05 19:34:16,341 | INFO | Train Gamma Loss=-0.0082 | Val Gamma Loss=0.00269900169223547
2025-06-05 19:34:19,104 | INFO | Epoch: 48 | Time: 2.76s
2025-06-05 19:34:19,104 | INFO | Train Loss=1.1742, Train Acc=77.11%
2025-06-05 19:34:19,104 | INFO | Val Loss=0.9399, Val Acc=70.40%
2025-06-05 19:34:19,104 | INFO | Train Gamma Loss=-0.0082 | Val Gamma Loss=0.002618115395307541
2025-06-05 19:34:21,883 | INFO | Epoch: 49 | Time: 2.78s
2025-06-05 19:34:21,883 | INFO | Train Loss=1.1309, Train Acc=79.40%
2025-06-05 19:34:21,883 | INFO | Val Loss=0.9618, Val Acc=69.20%
2025-06-05 19:34:21,883 | INFO | Train Gamma Loss=-0.0083 | Val Gamma Loss=0.002350876573473215
2025-06-05 19:34:24,673 | INFO | Epoch: 50 | Time: 2.79s
2025-06-05 19:34:24,674 | INFO | Train Loss=0.9100, Train Acc=85.80%
2025-06-05 19:34:24,674 | INFO | Val Loss=1.0422, Val Acc=69.60%
2025-06-05 19:34:24,674 | INFO | Train Gamma Loss=-0.0083 | Val Gamma Loss=0.002596247708424926
2025-06-05 19:34:27,445 | INFO | Epoch: 51 | Time: 2.77s
2025-06-05 19:34:27,445 | INFO | Train Loss=1.2696, Train Acc=75.22%
2025-06-05 19:34:27,445 | INFO | Val Loss=0.9114, Val Acc=69.40%
2025-06-05 19:34:27,445 | INFO | Train Gamma Loss=-0.0085 | Val Gamma Loss=0.0023213312961161137
2025-06-05 19:34:27,446 | INFO | New best model saved (val loss = 0.9114)
2025-06-05 19:34:30,217 | INFO | Epoch: 52 | Time: 2.77s
2025-06-05 19:34:30,217 | INFO | Train Loss=1.2987, Train Acc=74.20%
2025-06-05 19:34:30,217 | INFO | Val Loss=0.9232, Val Acc=71.00%
2025-06-05 19:34:30,217 | INFO | Train Gamma Loss=-0.0085 | Val Gamma Loss=0.0023442674428224564
2025-06-05 19:34:32,982 | INFO | Epoch: 53 | Time: 2.76s
2025-06-05 19:34:32,983 | INFO | Train Loss=1.2663, Train Acc=75.31%
2025-06-05 19:34:32,983 | INFO | Val Loss=1.0436, Val Acc=66.60%
2025-06-05 19:34:32,983 | INFO | Train Gamma Loss=-0.0085 | Val Gamma Loss=0.0024405959993600845
2025-06-05 19:34:35,985 | INFO | Epoch: 54 | Time: 2.77s
2025-06-05 19:34:35,985 | INFO | Train Loss=1.1065, Train Acc=76.33%
2025-06-05 19:34:35,985 | INFO | Val Loss=0.9087, Val Acc=70.80%
2025-06-05 19:34:35,986 | INFO | Train Gamma Loss=-0.0085 | Val Gamma Loss=0.0023823059163987637
2025-06-05 19:34:35,987 | INFO | New best model saved (val loss = 0.9087)
2025-06-05 19:34:38,814 | INFO | Epoch: 55 | Time: 2.82s
2025-06-05 19:34:38,814 | INFO | Train Loss=1.2346, Train Acc=82.04%
2025-06-05 19:34:38,814 | INFO | Val Loss=0.9416, Val Acc=69.60%
2025-06-05 19:34:38,814 | INFO | Train Gamma Loss=-0.0085 | Val Gamma Loss=0.0024267896078526974
2025-06-05 19:34:41,613 | INFO | Epoch: 56 | Time: 2.80s
2025-06-05 19:34:41,613 | INFO | Train Loss=1.1058, Train Acc=85.18%
2025-06-05 19:34:41,613 | INFO | Val Loss=0.9396, Val Acc=71.40%
2025-06-05 19:34:41,613 | INFO | Train Gamma Loss=-0.0086 | Val Gamma Loss=0.002417945070192218
2025-06-05 19:34:44,393 | INFO | Epoch: 57 | Time: 2.78s
2025-06-05 19:34:44,394 | INFO | Train Loss=1.2342, Train Acc=77.91%
2025-06-05 19:34:44,394 | INFO | Val Loss=0.9095, Val Acc=70.60%
2025-06-05 19:34:44,394 | INFO | Train Gamma Loss=-0.0085 | Val Gamma Loss=0.0022160059306770563
2025-06-05 19:34:47,170 | INFO | Epoch: 58 | Time: 2.77s
2025-06-05 19:34:47,170 | INFO | Train Loss=1.2111, Train Acc=80.82%
2025-06-05 19:34:47,170 | INFO | Val Loss=0.9258, Val Acc=71.80%
2025-06-05 19:34:47,170 | INFO | Train Gamma Loss=-0.0086 | Val Gamma Loss=0.0023573420476168394
2025-06-05 19:34:49,972 | INFO | Epoch: 59 | Time: 2.80s
2025-06-05 19:34:49,972 | INFO | Train Loss=1.0605, Train Acc=81.78%
2025-06-05 19:34:49,972 | INFO | Val Loss=0.9111, Val Acc=72.20%
2025-06-05 19:34:49,972 | INFO | Train Gamma Loss=-0.0086 | Val Gamma Loss=0.0024084770120680332
2025-06-05 19:34:52,757 | INFO | Epoch: 60 | Time: 2.78s
2025-06-05 19:34:52,757 | INFO | Train Loss=1.0899, Train Acc=82.60%
2025-06-05 19:34:52,757 | INFO | Val Loss=0.9086, Val Acc=71.40%
2025-06-05 19:34:52,757 | INFO | Train Gamma Loss=-0.0086 | Val Gamma Loss=0.002233914565294981
2025-06-05 19:34:52,758 | INFO | New best model saved (val loss = 0.9086)
2025-06-05 19:34:55,637 | INFO | Epoch: 61 | Time: 2.88s
2025-06-05 19:34:55,637 | INFO | Train Loss=1.0109, Train Acc=84.60%
2025-06-05 19:34:55,637 | INFO | Val Loss=0.8215, Val Acc=75.00%
2025-06-05 19:34:55,637 | INFO | Train Gamma Loss=-0.0086 | Val Gamma Loss=0.00228336313739419
2025-06-05 19:34:55,638 | INFO | New best model saved (val loss = 0.8215)
2025-06-05 19:34:58,417 | INFO | Epoch: 62 | Time: 2.78s
2025-06-05 19:34:58,417 | INFO | Train Loss=1.1748, Train Acc=80.27%
2025-06-05 19:34:58,417 | INFO | Val Loss=0.8968, Val Acc=72.20%
2025-06-05 19:34:58,417 | INFO | Train Gamma Loss=-0.0086 | Val Gamma Loss=0.0021715285256505013
2025-06-05 19:35:01,195 | INFO | Epoch: 63 | Time: 2.78s
2025-06-05 19:35:01,195 | INFO | Train Loss=1.1421, Train Acc=79.18%
2025-06-05 19:35:01,195 | INFO | Val Loss=0.8783, Val Acc=72.00%
2025-06-05 19:35:01,195 | INFO | Train Gamma Loss=-0.0087 | Val Gamma Loss=0.0022160669323056936
2025-06-05 19:35:03,964 | INFO | Epoch: 64 | Time: 2.77s
2025-06-05 19:35:03,964 | INFO | Train Loss=1.0947, Train Acc=85.11%
2025-06-05 19:35:03,964 | INFO | Val Loss=0.8788, Val Acc=73.40%
2025-06-05 19:35:03,965 | INFO | Train Gamma Loss=-0.0087 | Val Gamma Loss=0.00229154946282506
2025-06-05 19:35:06,728 | INFO | Epoch: 65 | Time: 2.76s
2025-06-05 19:35:06,728 | INFO | Train Loss=1.0203, Train Acc=88.49%
2025-06-05 19:35:06,728 | INFO | Val Loss=0.8801, Val Acc=72.00%
2025-06-05 19:35:06,728 | INFO | Train Gamma Loss=-0.0087 | Val Gamma Loss=0.0022579117212444544
2025-06-05 19:35:09,524 | INFO | Epoch: 66 | Time: 2.79s
2025-06-05 19:35:09,524 | INFO | Train Loss=1.1153, Train Acc=81.62%
2025-06-05 19:35:09,524 | INFO | Val Loss=0.8260, Val Acc=75.60%
2025-06-05 19:35:09,524 | INFO | Train Gamma Loss=-0.0087 | Val Gamma Loss=0.002139739692211151
2025-06-05 19:35:12,288 | INFO | Epoch: 67 | Time: 2.76s
2025-06-05 19:35:12,288 | INFO | Train Loss=1.0013, Train Acc=91.42%
2025-06-05 19:35:12,288 | INFO | Val Loss=0.8179, Val Acc=74.80%
2025-06-05 19:35:12,289 | INFO | Train Gamma Loss=-0.0088 | Val Gamma Loss=0.002177932532504201
2025-06-05 19:35:12,290 | INFO | New best model saved (val loss = 0.8179)
2025-06-05 19:35:15,056 | INFO | Epoch: 68 | Time: 2.76s
2025-06-05 19:35:15,056 | INFO | Train Loss=1.0966, Train Acc=82.62%
2025-06-05 19:35:15,056 | INFO | Val Loss=0.8428, Val Acc=73.80%
2025-06-05 19:35:15,056 | INFO | Train Gamma Loss=-0.0087 | Val Gamma Loss=0.0021426784805953503
2025-06-05 19:35:17,816 | INFO | Epoch: 69 | Time: 2.76s
2025-06-05 19:35:17,816 | INFO | Train Loss=1.0579, Train Acc=85.91%
2025-06-05 19:35:17,816 | INFO | Val Loss=0.8675, Val Acc=74.00%
2025-06-05 19:35:17,816 | INFO | Train Gamma Loss=-0.0087 | Val Gamma Loss=0.002137153409421444
2025-06-05 19:35:20,575 | INFO | Epoch: 70 | Time: 2.76s
2025-06-05 19:35:20,575 | INFO | Train Loss=0.9599, Train Acc=84.98%
2025-06-05 19:35:20,575 | INFO | Val Loss=0.8510, Val Acc=75.20%
2025-06-05 19:35:20,575 | INFO | Train Gamma Loss=-0.0087 | Val Gamma Loss=0.0021795129869133234
2025-06-05 19:35:23,351 | INFO | Epoch: 71 | Time: 2.77s
2025-06-05 19:35:23,351 | INFO | Train Loss=1.1375, Train Acc=84.04%
2025-06-05 19:35:23,351 | INFO | Val Loss=0.8922, Val Acc=74.20%
2025-06-05 19:35:23,351 | INFO | Train Gamma Loss=-0.0088 | Val Gamma Loss=0.002203090814873576
2025-06-05 19:35:26,130 | INFO | Epoch: 72 | Time: 2.78s
2025-06-05 19:35:26,130 | INFO | Train Loss=0.9183, Train Acc=90.20%
2025-06-05 19:35:26,130 | INFO | Val Loss=0.8420, Val Acc=75.00%
2025-06-05 19:35:26,130 | INFO | Train Gamma Loss=-0.0088 | Val Gamma Loss=0.0020999680273234844
2025-06-05 19:35:28,904 | INFO | Epoch: 73 | Time: 2.77s
2025-06-05 19:35:28,904 | INFO | Train Loss=1.0051, Train Acc=91.11%
2025-06-05 19:35:28,904 | INFO | Val Loss=0.8166, Val Acc=75.60%
2025-06-05 19:35:28,904 | INFO | Train Gamma Loss=-0.0087 | Val Gamma Loss=0.0020577486138790846
2025-06-05 19:35:28,905 | INFO | New best model saved (val loss = 0.8166)
2025-06-05 19:35:31,676 | INFO | Epoch: 74 | Time: 2.77s
2025-06-05 19:35:31,676 | INFO | Train Loss=1.0228, Train Acc=88.38%
2025-06-05 19:35:31,676 | INFO | Val Loss=0.8463, Val Acc=75.60%
2025-06-05 19:35:31,676 | INFO | Train Gamma Loss=-0.0088 | Val Gamma Loss=0.0020844433456659317
2025-06-05 19:35:34,464 | INFO | Epoch: 75 | Time: 2.78s
2025-06-05 19:35:34,464 | INFO | Train Loss=0.8553, Train Acc=88.40%
2025-06-05 19:35:34,464 | INFO | Val Loss=0.8284, Val Acc=75.60%
2025-06-05 19:35:34,465 | INFO | Train Gamma Loss=-0.0088 | Val Gamma Loss=0.002022836823016405
2025-06-05 19:35:37,232 | INFO | Epoch: 76 | Time: 2.76s
2025-06-05 19:35:37,232 | INFO | Train Loss=1.0613, Train Acc=85.56%
2025-06-05 19:35:37,232 | INFO | Val Loss=0.8289, Val Acc=74.20%
2025-06-05 19:35:37,232 | INFO | Train Gamma Loss=-0.0088 | Val Gamma Loss=0.0020015444606542587
2025-06-05 19:35:40,036 | INFO | Epoch: 77 | Time: 2.80s
2025-06-05 19:35:40,037 | INFO | Train Loss=0.9510, Train Acc=89.18%
2025-06-05 19:35:40,037 | INFO | Val Loss=0.7826, Val Acc=76.20%
2025-06-05 19:35:40,037 | INFO | Train Gamma Loss=-0.0088 | Val Gamma Loss=0.002048923633992672
2025-06-05 19:35:40,038 | INFO | New best model saved (val loss = 0.7826)
2025-06-05 19:35:42,801 | INFO | Epoch: 78 | Time: 2.76s
2025-06-05 19:35:42,801 | INFO | Train Loss=0.8220, Train Acc=93.69%
2025-06-05 19:35:42,801 | INFO | Val Loss=0.7989, Val Acc=76.20%
2025-06-05 19:35:42,801 | INFO | Train Gamma Loss=-0.0088 | Val Gamma Loss=0.002010015770792961
2025-06-05 19:35:45,561 | INFO | Epoch: 79 | Time: 2.76s
2025-06-05 19:35:45,561 | INFO | Train Loss=0.9225, Train Acc=88.71%
2025-06-05 19:35:45,561 | INFO | Val Loss=0.8006, Val Acc=75.40%
2025-06-05 19:35:45,561 | INFO | Train Gamma Loss=-0.0088 | Val Gamma Loss=0.0019899634644389153
2025-06-05 19:35:48,326 | INFO | Epoch: 80 | Time: 2.76s
2025-06-05 19:35:48,326 | INFO | Train Loss=0.9054, Train Acc=91.13%
2025-06-05 19:35:48,326 | INFO | Val Loss=0.7988, Val Acc=76.40%
2025-06-05 19:35:48,326 | INFO | Train Gamma Loss=-0.0088 | Val Gamma Loss=0.002007809467613697
2025-06-05 19:35:51,089 | INFO | Epoch: 81 | Time: 2.76s
2025-06-05 19:35:51,090 | INFO | Train Loss=0.9043, Train Acc=89.62%
2025-06-05 19:35:51,090 | INFO | Val Loss=0.7792, Val Acc=76.80%
2025-06-05 19:35:51,090 | INFO | Train Gamma Loss=-0.0088 | Val Gamma Loss=0.0020042546093463898
2025-06-05 19:35:51,091 | INFO | New best model saved (val loss = 0.7792)
2025-06-05 19:35:53,871 | INFO | Epoch: 82 | Time: 2.78s
2025-06-05 19:35:53,871 | INFO | Train Loss=1.0162, Train Acc=88.16%
2025-06-05 19:35:53,871 | INFO | Val Loss=0.7880, Val Acc=78.20%
2025-06-05 19:35:53,871 | INFO | Train Gamma Loss=-0.0089 | Val Gamma Loss=0.0019818993750959635
2025-06-05 19:35:56,657 | INFO | Epoch: 83 | Time: 2.78s
2025-06-05 19:35:56,657 | INFO | Train Loss=1.0775, Train Acc=85.84%
2025-06-05 19:35:56,657 | INFO | Val Loss=0.7968, Val Acc=77.40%
2025-06-05 19:35:56,657 | INFO | Train Gamma Loss=-0.0089 | Val Gamma Loss=0.001971170771867037
2025-06-05 19:35:59,445 | INFO | Epoch: 84 | Time: 2.78s
2025-06-05 19:35:59,446 | INFO | Train Loss=0.6587, Train Acc=96.29%
2025-06-05 19:35:59,446 | INFO | Val Loss=0.7783, Val Acc=76.60%
2025-06-05 19:35:59,446 | INFO | Train Gamma Loss=-0.0088 | Val Gamma Loss=0.0019414953421801329
2025-06-05 19:35:59,447 | INFO | New best model saved (val loss = 0.7783)
2025-06-05 19:36:02,210 | INFO | Epoch: 85 | Time: 2.76s
2025-06-05 19:36:02,210 | INFO | Train Loss=0.8445, Train Acc=91.87%
2025-06-05 19:36:02,210 | INFO | Val Loss=0.7833, Val Acc=77.20%
2025-06-05 19:36:02,210 | INFO | Train Gamma Loss=-0.0088 | Val Gamma Loss=0.002011089352890849
2025-06-05 19:36:04,990 | INFO | Epoch: 86 | Time: 2.78s
2025-06-05 19:36:04,990 | INFO | Train Loss=0.7826, Train Acc=93.87%
2025-06-05 19:36:04,990 | INFO | Val Loss=0.7745, Val Acc=77.80%
2025-06-05 19:36:04,990 | INFO | Train Gamma Loss=-0.0088 | Val Gamma Loss=0.001938441302627325
2025-06-05 19:36:04,991 | INFO | New best model saved (val loss = 0.7745)
2025-06-05 19:36:07,817 | INFO | Epoch: 87 | Time: 2.82s
2025-06-05 19:36:07,817 | INFO | Train Loss=1.0904, Train Acc=83.98%
2025-06-05 19:36:07,817 | INFO | Val Loss=0.7503, Val Acc=78.60%
2025-06-05 19:36:07,817 | INFO | Train Gamma Loss=-0.0089 | Val Gamma Loss=0.001999723259359598
2025-06-05 19:36:07,818 | INFO | New best model saved (val loss = 0.7503)
2025-06-05 19:36:10,601 | INFO | Epoch: 88 | Time: 2.78s
2025-06-05 19:36:10,602 | INFO | Train Loss=1.0045, Train Acc=88.09%
2025-06-05 19:36:10,602 | INFO | Val Loss=0.7870, Val Acc=76.40%
2025-06-05 19:36:10,602 | INFO | Train Gamma Loss=-0.0089 | Val Gamma Loss=0.0019692950882017612
2025-06-05 19:36:13,381 | INFO | Epoch: 89 | Time: 2.78s
2025-06-05 19:36:13,381 | INFO | Train Loss=1.1178, Train Acc=85.78%
2025-06-05 19:36:13,381 | INFO | Val Loss=0.7446, Val Acc=79.20%
2025-06-05 19:36:13,381 | INFO | Train Gamma Loss=-0.0089 | Val Gamma Loss=0.001937480759806931
2025-06-05 19:36:13,382 | INFO | New best model saved (val loss = 0.7446)
2025-06-05 19:36:16,159 | INFO | Epoch: 90 | Time: 2.77s
2025-06-05 19:36:16,159 | INFO | Train Loss=1.0301, Train Acc=83.04%
2025-06-05 19:36:16,159 | INFO | Val Loss=0.7960, Val Acc=76.20%
2025-06-05 19:36:16,159 | INFO | Train Gamma Loss=-0.0090 | Val Gamma Loss=0.0019463408971205354
2025-06-05 19:36:18,930 | INFO | Epoch: 91 | Time: 2.77s
2025-06-05 19:36:18,930 | INFO | Train Loss=1.2303, Train Acc=78.62%
2025-06-05 19:36:18,930 | INFO | Val Loss=0.7765, Val Acc=76.60%
2025-06-05 19:36:18,930 | INFO | Train Gamma Loss=-0.0090 | Val Gamma Loss=0.0019260314293205738
2025-06-05 19:36:21,682 | INFO | Epoch: 92 | Time: 2.75s
2025-06-05 19:36:21,682 | INFO | Train Loss=0.6890, Train Acc=97.91%
2025-06-05 19:36:21,682 | INFO | Val Loss=0.7834, Val Acc=75.80%
2025-06-05 19:36:21,682 | INFO | Train Gamma Loss=-0.0089 | Val Gamma Loss=0.001882007927633822
2025-06-05 19:36:24,460 | INFO | Epoch: 93 | Time: 2.77s
2025-06-05 19:36:24,460 | INFO | Train Loss=1.0679, Train Acc=85.00%
2025-06-05 19:36:24,460 | INFO | Val Loss=0.7452, Val Acc=79.80%
2025-06-05 19:36:24,460 | INFO | Train Gamma Loss=-0.0090 | Val Gamma Loss=0.001900144969113171
2025-06-05 19:36:27,233 | INFO | Epoch: 94 | Time: 2.77s
2025-06-05 19:36:27,233 | INFO | Train Loss=0.7498, Train Acc=96.33%
2025-06-05 19:36:27,233 | INFO | Val Loss=0.7693, Val Acc=79.00%
2025-06-05 19:36:27,233 | INFO | Train Gamma Loss=-0.0089 | Val Gamma Loss=0.0019558239728212357
2025-06-05 19:36:30,005 | INFO | Epoch: 95 | Time: 2.77s
2025-06-05 19:36:30,006 | INFO | Train Loss=0.9854, Train Acc=89.02%
2025-06-05 19:36:30,006 | INFO | Val Loss=0.7788, Val Acc=76.20%
2025-06-05 19:36:30,006 | INFO | Train Gamma Loss=-0.0089 | Val Gamma Loss=0.0019403657643124461
2025-06-05 19:36:32,794 | INFO | Epoch: 96 | Time: 2.79s
2025-06-05 19:36:32,795 | INFO | Train Loss=0.9283, Train Acc=87.80%
2025-06-05 19:36:32,795 | INFO | Val Loss=0.7490, Val Acc=78.40%
2025-06-05 19:36:32,795 | INFO | Train Gamma Loss=-0.0089 | Val Gamma Loss=0.0019580416847020388
2025-06-05 19:36:35,576 | INFO | Epoch: 97 | Time: 2.78s
2025-06-05 19:36:35,576 | INFO | Train Loss=0.9713, Train Acc=87.84%
2025-06-05 19:36:35,576 | INFO | Val Loss=0.7829, Val Acc=76.80%
2025-06-05 19:36:35,576 | INFO | Train Gamma Loss=-0.0089 | Val Gamma Loss=0.0019597290083765984
2025-06-05 19:36:38,363 | INFO | Epoch: 98 | Time: 2.78s
2025-06-05 19:36:38,363 | INFO | Train Loss=0.8083, Train Acc=93.42%
2025-06-05 19:36:38,363 | INFO | Val Loss=0.7428, Val Acc=78.80%
2025-06-05 19:36:38,363 | INFO | Train Gamma Loss=-0.0089 | Val Gamma Loss=0.00190865364857018
2025-06-05 19:36:38,365 | INFO | New best model saved (val loss = 0.7428)
2025-06-05 19:36:41,181 | INFO | Epoch: 99 | Time: 2.81s
2025-06-05 19:36:41,181 | INFO | Train Loss=0.9447, Train Acc=88.93%
2025-06-05 19:36:41,181 | INFO | Val Loss=0.7918, Val Acc=76.20%
2025-06-05 19:36:41,181 | INFO | Train Gamma Loss=-0.0089 | Val Gamma Loss=0.0019623422995209694
2025-06-05 19:36:43,960 | INFO | Epoch: 100 | Time: 2.78s
2025-06-05 19:36:43,961 | INFO | Train Loss=1.0082, Train Acc=88.69%
2025-06-05 19:36:43,961 | INFO | Val Loss=0.7586, Val Acc=78.40%
2025-06-05 19:36:43,961 | INFO | Train Gamma Loss=-0.0089 | Val Gamma Loss=0.001925456221215427
2025-06-05 19:36:44,031 | INFO | Best model with lowest val loss 0.7427909672260284 at 97 epoch is saved.
2025-06-05 19:36:46,873 | INFO | Test Accuracy: 77.34%
2025-06-05 19:36:46,958 | INFO | Last model with val loss 0.758629560470581 at 99 epoch is saved.
2025-06-05 19:36:49,771 | INFO | Test Accuracy: 77.34%
2025-06-05 19:36:49,781 | INFO | 
Job Completed
