2025-04-20 17:12:54,340 | INFO | Job Started
2025-04-20 17:12:54,340 | INFO | Logging run: /rds/general/user/psp20/home/Brain-Network/runs/zoom_m24_20250420-171254
2025-04-20 17:12:54,341 | INFO | Config:
{
  "seed": 42,
  "run_name": "zoom_m24",
  "model_type": "zoom",
  "optimizer": "adam",
  "scheduler": "ReduceLROnPlateau",
  "criterion": "CE",
  "label_smoothing": 0.1,
  "train_split": 0.9,
  "batch_size": 128,
  "num_workers": 2,
  "lr": 0.001,
  "epochs": 50,
  "ema": false,
  "early_stopping": true,
  "min_diff": 0.001,
  "writer": true,
  "patience": 10,
  "use_flex": false,
  "use_pos_embed": true,
  "add_dropout": false,
  "mlp_end": false,
  "add_cls_token": true,
  "num_layers": 2,
  "trans_dropout_ratio": 0.0,
  "standard_scale": true,
  "transform_type": "custom",
  "downsample_fraction": 0.1,
  "few_shot": false,
  "attacker": false,
  "epsilon": false,
  "gaussian_std": false
}
2025-04-20 17:12:54,504 | INFO | Using device: cuda
2025-04-20 17:12:54,504 | INFO | Training for 50 epochs
2025-04-20 17:12:54,504 | INFO | Debug mode: False
2025-04-20 17:12:54,504 | INFO | Downsampling by: 0.1
2025-04-20 17:12:55,719 | INFO | Using custom transform
2025-04-20 17:12:57,485 | INFO | Full train/val size with downsampling (0.1): 5000
2025-04-20 17:12:59,475 | INFO | Label smoothing: 0.1
2025-04-20 17:13:02,217 | INFO | Epoch 1: Train Loss=2.2525, Train Acc=17.27% | Val Loss=2.1127, Val Acc=19.20% | Time: 2.74s
2025-04-20 17:13:02,218 | INFO | New best model saved (val loss = 2.1127)
2025-04-20 17:13:03,220 | INFO | Epoch 2: Train Loss=1.9583, Train Acc=26.69% | Val Loss=2.1122, Val Acc=26.80% | Time: 1.00s
2025-04-20 17:13:03,221 | INFO | New best model saved (val loss = 2.1122)
2025-04-20 17:13:04,217 | INFO | Epoch 3: Train Loss=1.8467, Train Acc=33.40% | Val Loss=1.8365, Val Acc=37.80% | Time: 0.99s
2025-04-20 17:13:04,218 | INFO | New best model saved (val loss = 1.8365)
2025-04-20 17:13:05,227 | INFO | Epoch 4: Train Loss=1.8021, Train Acc=36.53% | Val Loss=1.7910, Val Acc=37.40% | Time: 1.01s
2025-04-20 17:13:05,228 | INFO | New best model saved (val loss = 1.7910)
2025-04-20 17:13:06,248 | INFO | Epoch 5: Train Loss=1.7438, Train Acc=39.18% | Val Loss=1.7888, Val Acc=38.20% | Time: 1.02s
2025-04-20 17:13:06,249 | INFO | New best model saved (val loss = 1.7888)
2025-04-20 17:13:07,251 | INFO | Epoch 6: Train Loss=1.7249, Train Acc=41.44% | Val Loss=1.8286, Val Acc=38.80% | Time: 1.00s
2025-04-20 17:13:08,261 | INFO | Epoch 7: Train Loss=1.6879, Train Acc=42.53% | Val Loss=1.8265, Val Acc=38.40% | Time: 1.01s
2025-04-20 17:13:09,271 | INFO | Epoch 8: Train Loss=1.6159, Train Acc=47.07% | Val Loss=1.6520, Val Acc=44.40% | Time: 1.01s
2025-04-20 17:13:09,272 | INFO | New best model saved (val loss = 1.6520)
2025-04-20 17:13:10,277 | INFO | Epoch 9: Train Loss=1.5493, Train Acc=51.36% | Val Loss=1.5648, Val Acc=48.60% | Time: 1.00s
2025-04-20 17:13:10,278 | INFO | New best model saved (val loss = 1.5648)
2025-04-20 17:13:11,285 | INFO | Epoch 10: Train Loss=1.5510, Train Acc=51.67% | Val Loss=1.6384, Val Acc=47.20% | Time: 1.01s
2025-04-20 17:13:12,297 | INFO | Epoch 11: Train Loss=1.5110, Train Acc=52.58% | Val Loss=1.4957, Val Acc=54.40% | Time: 1.01s
2025-04-20 17:13:12,298 | INFO | New best model saved (val loss = 1.4957)
2025-04-20 17:13:13,305 | INFO | Epoch 12: Train Loss=1.4408, Train Acc=56.67% | Val Loss=1.5198, Val Acc=52.00% | Time: 1.01s
2025-04-20 17:13:14,328 | INFO | Epoch 13: Train Loss=1.3877, Train Acc=59.53% | Val Loss=1.4610, Val Acc=55.00% | Time: 1.02s
2025-04-20 17:13:14,330 | INFO | New best model saved (val loss = 1.4610)
2025-04-20 17:13:15,335 | INFO | Epoch 14: Train Loss=1.4031, Train Acc=59.91% | Val Loss=1.6240, Val Acc=49.80% | Time: 1.00s
2025-04-20 17:13:16,339 | INFO | Epoch 15: Train Loss=1.3843, Train Acc=59.93% | Val Loss=1.4253, Val Acc=56.80% | Time: 1.00s
2025-04-20 17:13:16,340 | INFO | New best model saved (val loss = 1.4253)
2025-04-20 17:13:17,348 | INFO | Epoch 16: Train Loss=1.3219, Train Acc=63.04% | Val Loss=1.3969, Val Acc=60.80% | Time: 1.01s
2025-04-20 17:13:17,349 | INFO | New best model saved (val loss = 1.3969)
2025-04-20 17:13:18,362 | INFO | Epoch 17: Train Loss=1.3156, Train Acc=63.07% | Val Loss=1.4742, Val Acc=58.60% | Time: 1.01s
2025-04-20 17:13:19,379 | INFO | Epoch 18: Train Loss=1.2894, Train Acc=65.22% | Val Loss=1.3583, Val Acc=61.60% | Time: 1.02s
2025-04-20 17:13:19,380 | INFO | New best model saved (val loss = 1.3583)
2025-04-20 17:13:20,398 | INFO | Epoch 19: Train Loss=1.2791, Train Acc=65.36% | Val Loss=1.4107, Val Acc=58.80% | Time: 1.02s
2025-04-20 17:13:21,414 | INFO | Epoch 20: Train Loss=1.2268, Train Acc=67.31% | Val Loss=1.3757, Val Acc=60.60% | Time: 1.01s
2025-04-20 17:13:22,443 | INFO | Epoch 21: Train Loss=1.2249, Train Acc=67.40% | Val Loss=1.3529, Val Acc=61.20% | Time: 1.03s
2025-04-20 17:13:22,444 | INFO | New best model saved (val loss = 1.3529)
2025-04-20 17:13:23,458 | INFO | Epoch 22: Train Loss=1.1874, Train Acc=69.16% | Val Loss=1.4800, Val Acc=55.20% | Time: 1.01s
2025-04-20 17:13:24,469 | INFO | Epoch 23: Train Loss=1.1619, Train Acc=70.07% | Val Loss=1.4138, Val Acc=59.80% | Time: 1.01s
2025-04-20 17:13:25,490 | INFO | Epoch 24: Train Loss=1.1597, Train Acc=70.07% | Val Loss=1.3349, Val Acc=63.40% | Time: 1.02s
2025-04-20 17:13:25,491 | INFO | New best model saved (val loss = 1.3349)
2025-04-20 17:13:26,510 | INFO | Epoch 25: Train Loss=1.1393, Train Acc=71.42% | Val Loss=1.3352, Val Acc=64.60% | Time: 1.02s
2025-04-20 17:13:27,523 | INFO | Epoch 26: Train Loss=1.1383, Train Acc=72.27% | Val Loss=1.3431, Val Acc=64.00% | Time: 1.01s
2025-04-20 17:13:28,542 | INFO | Epoch 27: Train Loss=1.1083, Train Acc=73.71% | Val Loss=1.3884, Val Acc=61.00% | Time: 1.02s
2025-04-20 17:13:29,561 | INFO | Epoch 28: Train Loss=1.1060, Train Acc=72.96% | Val Loss=1.3426, Val Acc=63.00% | Time: 1.02s
2025-04-20 17:13:30,614 | INFO | Epoch 29: Train Loss=0.9873, Train Acc=77.91% | Val Loss=1.2349, Val Acc=68.00% | Time: 1.02s
2025-04-20 17:13:30,616 | INFO | New best model saved (val loss = 1.2349)
2025-04-20 17:13:31,641 | INFO | Epoch 30: Train Loss=0.9290, Train Acc=80.84% | Val Loss=1.2281, Val Acc=68.20% | Time: 1.02s
2025-04-20 17:13:31,642 | INFO | New best model saved (val loss = 1.2281)
2025-04-20 17:13:32,661 | INFO | Epoch 31: Train Loss=0.9047, Train Acc=82.89% | Val Loss=1.2066, Val Acc=68.80% | Time: 1.02s
2025-04-20 17:13:32,662 | INFO | New best model saved (val loss = 1.2066)
2025-04-20 17:13:33,681 | INFO | Epoch 32: Train Loss=0.8925, Train Acc=83.20% | Val Loss=1.2291, Val Acc=68.20% | Time: 1.02s
2025-04-20 17:13:34,711 | INFO | Epoch 33: Train Loss=0.8829, Train Acc=83.40% | Val Loss=1.2419, Val Acc=67.00% | Time: 1.03s
2025-04-20 17:13:35,840 | INFO | Epoch 34: Train Loss=0.8563, Train Acc=84.60% | Val Loss=1.2664, Val Acc=68.40% | Time: 1.13s
2025-04-20 17:13:36,857 | INFO | Epoch 35: Train Loss=0.8534, Train Acc=84.69% | Val Loss=1.2203, Val Acc=69.60% | Time: 1.02s
2025-04-20 17:13:37,906 | INFO | Epoch 36: Train Loss=0.8319, Train Acc=85.56% | Val Loss=1.2327, Val Acc=69.80% | Time: 1.05s
2025-04-20 17:13:38,920 | INFO | Epoch 37: Train Loss=0.8355, Train Acc=86.00% | Val Loss=1.2382, Val Acc=69.00% | Time: 1.01s
2025-04-20 17:13:39,935 | INFO | Epoch 38: Train Loss=0.8357, Train Acc=84.73% | Val Loss=1.1855, Val Acc=71.80% | Time: 1.01s
2025-04-20 17:13:39,936 | INFO | New best model saved (val loss = 1.1855)
2025-04-20 17:13:40,966 | INFO | Epoch 39: Train Loss=0.8279, Train Acc=86.07% | Val Loss=1.2387, Val Acc=69.00% | Time: 1.03s
2025-04-20 17:13:41,978 | INFO | Epoch 40: Train Loss=0.8300, Train Acc=85.71% | Val Loss=1.2193, Val Acc=69.60% | Time: 1.01s
2025-04-20 17:13:42,991 | INFO | Epoch 41: Train Loss=0.8197, Train Acc=86.71% | Val Loss=1.2336, Val Acc=70.40% | Time: 1.01s
2025-04-20 17:13:44,020 | INFO | Epoch 42: Train Loss=0.8254, Train Acc=86.27% | Val Loss=1.2480, Val Acc=69.60% | Time: 1.03s
2025-04-20 17:13:45,035 | INFO | Epoch 43: Train Loss=0.8162, Train Acc=86.29% | Val Loss=1.2227, Val Acc=69.80% | Time: 1.01s
2025-04-20 17:13:46,044 | INFO | Epoch 44: Train Loss=0.8214, Train Acc=86.24% | Val Loss=1.2297, Val Acc=69.40% | Time: 1.01s
2025-04-20 17:13:47,056 | INFO | Epoch 45: Train Loss=0.8170, Train Acc=86.73% | Val Loss=1.2337, Val Acc=68.80% | Time: 1.01s
2025-04-20 17:13:48,069 | INFO | Epoch 46: Train Loss=0.8238, Train Acc=86.00% | Val Loss=1.2265, Val Acc=70.00% | Time: 1.01s
2025-04-20 17:13:49,075 | INFO | Epoch 47: Train Loss=0.8189, Train Acc=86.11% | Val Loss=1.2157, Val Acc=70.40% | Time: 1.00s
2025-04-20 17:13:50,096 | INFO | Epoch 48: Train Loss=0.8241, Train Acc=86.47% | Val Loss=1.2529, Val Acc=67.00% | Time: 1.02s
2025-04-20 17:13:50,097 | INFO | Early stopping triggered at epoch 48
2025-04-20 17:13:50,133 | INFO | Best model with lowest val loss 1.1855013370513916 at 37 epoch is saved.
2025-04-20 17:13:50,975 | INFO | Test Accuracy: 69.77% | Test Loss: 1.21
2025-04-20 17:13:51,017 | INFO | Last model with val loss 1.252938598394394 at 47 epoch is saved.
2025-04-20 17:13:51,811 | INFO | Test Accuracy: 69.77% | Test Loss: 1.21
2025-04-20 17:13:51,821 | INFO | 
Job Completed
