2025-06-05 19:47:51,922 | INFO | Job Started
2025-06-05 19:47:51,922 | INFO | Logging run: /rds/general/user/psp20/home/Brain-Network/runs/resnet_5_2v2_sample_eff_0_1_20250605-194751
2025-06-05 19:47:51,942 | INFO | Using device: cuda
2025-06-05 19:47:51,942 | INFO | Training for 100 epochs
2025-06-05 19:47:51,942 | INFO | Debug mode: False
2025-06-05 19:47:51,942 | INFO | Downsampling by: 0.1
2025-06-05 19:47:51,942 | INFO | Auxiliary loss: {'loss_type': 0.01}
2025-06-05 19:47:51,942 | INFO | Train transforms: 
	Compose(
    RandomCrop(size=(32, 32), padding=4)
    RandomHorizontalFlip(p=0.5)
    ToTensor()
    Normalize(mean=(0.485, 0.456, 0.406), std=(0.229, 0.224, 0.225))
)
2025-06-05 19:47:51,942 | INFO | Test transforms: 
	Compose(
    ToTensor()
    Normalize(mean=(0.485, 0.456, 0.406), std=(0.229, 0.224, 0.225))
)
2025-06-05 19:47:54,092 | INFO | Full train/val size with downsampling (0.1): 5000
2025-06-05 19:47:54,092 | INFO | Using pretrained weights
2025-06-05 19:47:54,574 | INFO | Label smoothing: 0.1
2025-06-05 19:47:54,574 | INFO | Auxiliary loss: {'loss_type': 0.01}
2025-06-05 19:47:55,702 | INFO | Epoch: 1 | Time: 1.13s
2025-06-05 19:47:55,702 | INFO | Train Loss=2.4015, Train Acc=13.04%
2025-06-05 19:47:55,702 | INFO | Val Loss=2.3476, Val Acc=11.20%
2025-06-05 19:47:55,702 | INFO | New best model saved (val loss = 2.3476)
2025-06-05 19:47:56,797 | INFO | Epoch: 2 | Time: 1.09s
2025-06-05 19:47:56,797 | INFO | Train Loss=2.2165, Train Acc=20.60%
2025-06-05 19:47:56,797 | INFO | Val Loss=2.1506, Val Acc=20.80%
2025-06-05 19:47:56,798 | INFO | New best model saved (val loss = 2.1506)
2025-06-05 19:47:57,888 | INFO | Epoch: 3 | Time: 1.09s
2025-06-05 19:47:57,888 | INFO | Train Loss=1.7047, Train Acc=45.11%
2025-06-05 19:47:57,888 | INFO | Val Loss=1.4245, Val Acc=52.80%
2025-06-05 19:47:57,889 | INFO | New best model saved (val loss = 1.4245)
2025-06-05 19:47:58,980 | INFO | Epoch: 4 | Time: 1.09s
2025-06-05 19:47:58,980 | INFO | Train Loss=1.3351, Train Acc=63.93%
2025-06-05 19:47:58,980 | INFO | Val Loss=1.1301, Val Acc=57.60%
2025-06-05 19:47:58,981 | INFO | New best model saved (val loss = 1.1301)
2025-06-05 19:48:00,075 | INFO | Epoch: 5 | Time: 1.09s
2025-06-05 19:48:00,075 | INFO | Train Loss=1.1024, Train Acc=74.71%
2025-06-05 19:48:00,075 | INFO | Val Loss=1.0115, Val Acc=67.20%
2025-06-05 19:48:00,076 | INFO | New best model saved (val loss = 1.0115)
2025-06-05 19:48:01,168 | INFO | Epoch: 6 | Time: 1.09s
2025-06-05 19:48:01,169 | INFO | Train Loss=0.9996, Train Acc=79.82%
2025-06-05 19:48:01,169 | INFO | Val Loss=0.9903, Val Acc=67.40%
2025-06-05 19:48:01,169 | INFO | New best model saved (val loss = 0.9903)
2025-06-05 19:48:02,254 | INFO | Epoch: 7 | Time: 1.08s
2025-06-05 19:48:02,254 | INFO | Train Loss=0.9131, Train Acc=83.38%
2025-06-05 19:48:02,254 | INFO | Val Loss=1.0105, Val Acc=67.80%
2025-06-05 19:48:03,367 | INFO | Epoch: 8 | Time: 1.11s
2025-06-05 19:48:03,367 | INFO | Train Loss=0.8491, Train Acc=86.44%
2025-06-05 19:48:03,367 | INFO | Val Loss=0.9560, Val Acc=70.20%
2025-06-05 19:48:03,367 | INFO | New best model saved (val loss = 0.9560)
2025-06-05 19:48:04,480 | INFO | Epoch: 9 | Time: 1.11s
2025-06-05 19:48:04,480 | INFO | Train Loss=0.7544, Train Acc=90.51%
2025-06-05 19:48:04,480 | INFO | Val Loss=0.8290, Val Acc=73.40%
2025-06-05 19:48:04,481 | INFO | New best model saved (val loss = 0.8290)
2025-06-05 19:48:05,627 | INFO | Epoch: 10 | Time: 1.15s
2025-06-05 19:48:05,627 | INFO | Train Loss=0.6811, Train Acc=94.09%
2025-06-05 19:48:05,627 | INFO | Val Loss=0.7399, Val Acc=77.00%
2025-06-05 19:48:05,628 | INFO | New best model saved (val loss = 0.7399)
2025-06-05 19:48:06,767 | INFO | Epoch: 11 | Time: 1.14s
2025-06-05 19:48:06,767 | INFO | Train Loss=0.6315, Train Acc=96.58%
2025-06-05 19:48:06,767 | INFO | Val Loss=0.7380, Val Acc=76.60%
2025-06-05 19:48:06,768 | INFO | New best model saved (val loss = 0.7380)
2025-06-05 19:48:07,881 | INFO | Epoch: 12 | Time: 1.11s
2025-06-05 19:48:07,881 | INFO | Train Loss=0.6067, Train Acc=97.47%
2025-06-05 19:48:07,881 | INFO | Val Loss=0.7402, Val Acc=79.20%
2025-06-05 19:48:08,999 | INFO | Epoch: 13 | Time: 1.12s
2025-06-05 19:48:08,999 | INFO | Train Loss=0.5905, Train Acc=98.11%
2025-06-05 19:48:08,999 | INFO | Val Loss=0.8501, Val Acc=72.40%
2025-06-05 19:48:10,122 | INFO | Epoch: 14 | Time: 1.12s
2025-06-05 19:48:10,123 | INFO | Train Loss=0.5699, Train Acc=98.82%
2025-06-05 19:48:10,123 | INFO | Val Loss=0.7067, Val Acc=79.20%
2025-06-05 19:48:10,124 | INFO | New best model saved (val loss = 0.7067)
2025-06-05 19:48:11,231 | INFO | Epoch: 15 | Time: 1.11s
2025-06-05 19:48:11,232 | INFO | Train Loss=0.5612, Train Acc=99.02%
2025-06-05 19:48:11,232 | INFO | Val Loss=0.6480, Val Acc=80.20%
2025-06-05 19:48:11,232 | INFO | New best model saved (val loss = 0.6480)
2025-06-05 19:48:12,346 | INFO | Epoch: 16 | Time: 1.11s
2025-06-05 19:48:12,347 | INFO | Train Loss=0.5497, Train Acc=99.33%
2025-06-05 19:48:12,347 | INFO | Val Loss=0.6526, Val Acc=80.00%
2025-06-05 19:48:13,462 | INFO | Epoch: 17 | Time: 1.12s
2025-06-05 19:48:13,462 | INFO | Train Loss=0.5414, Train Acc=99.53%
2025-06-05 19:48:13,463 | INFO | Val Loss=0.6869, Val Acc=78.40%
2025-06-05 19:48:14,589 | INFO | Epoch: 18 | Time: 1.13s
2025-06-05 19:48:14,590 | INFO | Train Loss=0.5335, Train Acc=99.78%
2025-06-05 19:48:14,590 | INFO | Val Loss=0.6621, Val Acc=81.40%
2025-06-05 19:48:15,709 | INFO | Epoch: 19 | Time: 1.12s
2025-06-05 19:48:15,709 | INFO | Train Loss=0.5317, Train Acc=99.73%
2025-06-05 19:48:15,709 | INFO | Val Loss=0.6842, Val Acc=79.80%
2025-06-05 19:48:16,825 | INFO | Epoch: 20 | Time: 1.12s
2025-06-05 19:48:16,825 | INFO | Train Loss=0.5263, Train Acc=99.89%
2025-06-05 19:48:16,825 | INFO | Val Loss=0.6369, Val Acc=80.00%
2025-06-05 19:48:16,826 | INFO | New best model saved (val loss = 0.6369)
2025-06-05 19:48:17,935 | INFO | Epoch: 21 | Time: 1.11s
2025-06-05 19:48:17,935 | INFO | Train Loss=0.5252, Train Acc=99.82%
2025-06-05 19:48:17,935 | INFO | Val Loss=0.6869, Val Acc=79.20%
2025-06-05 19:48:19,053 | INFO | Epoch: 22 | Time: 1.12s
2025-06-05 19:48:19,054 | INFO | Train Loss=0.5237, Train Acc=99.80%
2025-06-05 19:48:19,054 | INFO | Val Loss=0.6723, Val Acc=81.40%
2025-06-05 19:48:20,166 | INFO | Epoch: 23 | Time: 1.11s
2025-06-05 19:48:20,166 | INFO | Train Loss=0.5199, Train Acc=99.91%
2025-06-05 19:48:20,166 | INFO | Val Loss=0.6202, Val Acc=81.80%
2025-06-05 19:48:20,167 | INFO | New best model saved (val loss = 0.6202)
2025-06-05 19:48:21,323 | INFO | Epoch: 24 | Time: 1.16s
2025-06-05 19:48:21,323 | INFO | Train Loss=0.5161, Train Acc=99.93%
2025-06-05 19:48:21,323 | INFO | Val Loss=0.6246, Val Acc=80.60%
2025-06-05 19:48:22,441 | INFO | Epoch: 25 | Time: 1.12s
2025-06-05 19:48:22,442 | INFO | Train Loss=0.5144, Train Acc=99.93%
2025-06-05 19:48:22,442 | INFO | Val Loss=0.6605, Val Acc=80.80%
2025-06-05 19:48:23,556 | INFO | Epoch: 26 | Time: 1.11s
2025-06-05 19:48:23,556 | INFO | Train Loss=0.5144, Train Acc=100.00%
2025-06-05 19:48:23,556 | INFO | Val Loss=0.6631, Val Acc=80.00%
2025-06-05 19:48:24,672 | INFO | Epoch: 27 | Time: 1.12s
2025-06-05 19:48:24,673 | INFO | Train Loss=0.5128, Train Acc=99.98%
2025-06-05 19:48:24,673 | INFO | Val Loss=0.6048, Val Acc=83.20%
2025-06-05 19:48:24,674 | INFO | New best model saved (val loss = 0.6048)
2025-06-05 19:48:25,780 | INFO | Epoch: 28 | Time: 1.11s
2025-06-05 19:48:25,780 | INFO | Train Loss=0.5118, Train Acc=100.00%
2025-06-05 19:48:25,780 | INFO | Val Loss=0.6181, Val Acc=81.60%
2025-06-05 19:48:26,900 | INFO | Epoch: 29 | Time: 1.12s
2025-06-05 19:48:26,900 | INFO | Train Loss=0.5111, Train Acc=99.98%
2025-06-05 19:48:26,900 | INFO | Val Loss=0.6048, Val Acc=81.80%
2025-06-05 19:48:26,901 | INFO | New best model saved (val loss = 0.6048)
2025-06-05 19:48:28,008 | INFO | Epoch: 30 | Time: 1.11s
2025-06-05 19:48:28,008 | INFO | Train Loss=0.5110, Train Acc=99.93%
2025-06-05 19:48:28,008 | INFO | Val Loss=0.6511, Val Acc=80.00%
2025-06-05 19:48:29,122 | INFO | Epoch: 31 | Time: 1.11s
2025-06-05 19:48:29,123 | INFO | Train Loss=0.5095, Train Acc=100.00%
2025-06-05 19:48:29,123 | INFO | Val Loss=0.6631, Val Acc=80.20%
2025-06-05 19:48:30,236 | INFO | Epoch: 32 | Time: 1.11s
2025-06-05 19:48:30,237 | INFO | Train Loss=0.5090, Train Acc=99.98%
2025-06-05 19:48:30,237 | INFO | Val Loss=0.6448, Val Acc=79.80%
2025-06-05 19:48:31,357 | INFO | Epoch: 33 | Time: 1.12s
2025-06-05 19:48:31,357 | INFO | Train Loss=0.5083, Train Acc=100.00%
2025-06-05 19:48:31,357 | INFO | Val Loss=0.6171, Val Acc=82.00%
2025-06-05 19:48:32,478 | INFO | Epoch: 34 | Time: 1.12s
2025-06-05 19:48:32,478 | INFO | Train Loss=0.5076, Train Acc=100.00%
2025-06-05 19:48:32,478 | INFO | Val Loss=0.6299, Val Acc=80.80%
2025-06-05 19:48:33,605 | INFO | Epoch: 35 | Time: 1.13s
2025-06-05 19:48:33,605 | INFO | Train Loss=0.5069, Train Acc=99.98%
2025-06-05 19:48:33,605 | INFO | Val Loss=0.6343, Val Acc=81.20%
2025-06-05 19:48:34,747 | INFO | Epoch: 36 | Time: 1.14s
2025-06-05 19:48:34,748 | INFO | Train Loss=0.5067, Train Acc=100.00%
2025-06-05 19:48:34,748 | INFO | Val Loss=0.5948, Val Acc=84.00%
2025-06-05 19:48:34,749 | INFO | New best model saved (val loss = 0.5948)
2025-06-05 19:48:35,877 | INFO | Epoch: 37 | Time: 1.13s
2025-06-05 19:48:35,878 | INFO | Train Loss=0.5062, Train Acc=99.98%
2025-06-05 19:48:35,878 | INFO | Val Loss=0.6276, Val Acc=80.80%
2025-06-05 19:48:37,011 | INFO | Epoch: 38 | Time: 1.13s
2025-06-05 19:48:37,011 | INFO | Train Loss=0.5066, Train Acc=99.98%
2025-06-05 19:48:37,011 | INFO | Val Loss=0.6556, Val Acc=80.60%
2025-06-05 19:48:38,139 | INFO | Epoch: 39 | Time: 1.13s
2025-06-05 19:48:38,139 | INFO | Train Loss=0.5062, Train Acc=100.00%
2025-06-05 19:48:38,139 | INFO | Val Loss=0.5972, Val Acc=81.80%
2025-06-05 19:48:39,247 | INFO | Epoch: 40 | Time: 1.11s
2025-06-05 19:48:39,247 | INFO | Train Loss=0.5060, Train Acc=99.98%
2025-06-05 19:48:39,247 | INFO | Val Loss=0.6163, Val Acc=82.40%
2025-06-05 19:48:40,376 | INFO | Epoch: 41 | Time: 1.13s
2025-06-05 19:48:40,376 | INFO | Train Loss=0.5052, Train Acc=100.00%
2025-06-05 19:48:40,376 | INFO | Val Loss=0.6191, Val Acc=81.20%
2025-06-05 19:48:42,299 | INFO | Epoch: 42 | Time: 1.92s
2025-06-05 19:48:42,299 | INFO | Train Loss=0.5049, Train Acc=100.00%
2025-06-05 19:48:42,299 | INFO | Val Loss=0.6037, Val Acc=83.40%
2025-06-05 19:48:43,420 | INFO | Epoch: 43 | Time: 1.12s
2025-06-05 19:48:43,420 | INFO | Train Loss=0.5047, Train Acc=100.00%
2025-06-05 19:48:43,420 | INFO | Val Loss=0.6137, Val Acc=81.00%
2025-06-05 19:48:44,623 | INFO | Epoch: 44 | Time: 1.20s
2025-06-05 19:48:44,623 | INFO | Train Loss=0.5044, Train Acc=100.00%
2025-06-05 19:48:44,623 | INFO | Val Loss=0.5859, Val Acc=83.60%
2025-06-05 19:48:44,624 | INFO | New best model saved (val loss = 0.5859)
2025-06-05 19:48:45,739 | INFO | Epoch: 45 | Time: 1.11s
2025-06-05 19:48:45,739 | INFO | Train Loss=0.5042, Train Acc=100.00%
2025-06-05 19:48:45,739 | INFO | Val Loss=0.6318, Val Acc=80.80%
2025-06-05 19:48:48,003 | INFO | Epoch: 46 | Time: 2.26s
2025-06-05 19:48:48,003 | INFO | Train Loss=0.5038, Train Acc=100.00%
2025-06-05 19:48:48,003 | INFO | Val Loss=0.6288, Val Acc=82.80%
2025-06-05 19:48:50,804 | INFO | Epoch: 47 | Time: 2.80s
2025-06-05 19:48:50,804 | INFO | Train Loss=0.5044, Train Acc=100.00%
2025-06-05 19:48:50,804 | INFO | Val Loss=0.5724, Val Acc=82.60%
2025-06-05 19:48:50,805 | INFO | New best model saved (val loss = 0.5724)
2025-06-05 19:48:53,718 | INFO | Epoch: 48 | Time: 2.91s
2025-06-05 19:48:53,718 | INFO | Train Loss=0.5039, Train Acc=100.00%
2025-06-05 19:48:53,718 | INFO | Val Loss=0.6075, Val Acc=82.60%
2025-06-05 19:48:54,826 | INFO | Epoch: 49 | Time: 1.11s
2025-06-05 19:48:54,826 | INFO | Train Loss=0.5035, Train Acc=100.00%
2025-06-05 19:48:54,826 | INFO | Val Loss=0.5881, Val Acc=83.40%
2025-06-05 19:48:56,529 | INFO | Epoch: 50 | Time: 1.70s
2025-06-05 19:48:56,529 | INFO | Train Loss=0.5036, Train Acc=100.00%
2025-06-05 19:48:56,529 | INFO | Val Loss=0.5876, Val Acc=83.20%
2025-06-05 19:48:57,656 | INFO | Epoch: 51 | Time: 1.13s
2025-06-05 19:48:57,657 | INFO | Train Loss=0.5036, Train Acc=100.00%
2025-06-05 19:48:57,657 | INFO | Val Loss=0.5743, Val Acc=84.40%
2025-06-05 19:48:58,783 | INFO | Epoch: 52 | Time: 1.13s
2025-06-05 19:48:58,783 | INFO | Train Loss=0.5034, Train Acc=100.00%
2025-06-05 19:48:58,783 | INFO | Val Loss=0.6105, Val Acc=81.80%
2025-06-05 19:48:59,915 | INFO | Epoch: 53 | Time: 1.13s
2025-06-05 19:48:59,915 | INFO | Train Loss=0.5032, Train Acc=100.00%
2025-06-05 19:48:59,915 | INFO | Val Loss=0.5966, Val Acc=82.40%
2025-06-05 19:49:01,048 | INFO | Epoch: 54 | Time: 1.13s
2025-06-05 19:49:01,048 | INFO | Train Loss=0.5032, Train Acc=100.00%
2025-06-05 19:49:01,048 | INFO | Val Loss=0.6171, Val Acc=82.80%
2025-06-05 19:49:02,250 | INFO | Epoch: 55 | Time: 1.20s
2025-06-05 19:49:02,250 | INFO | Train Loss=0.5031, Train Acc=100.00%
2025-06-05 19:49:02,250 | INFO | Val Loss=0.5970, Val Acc=82.80%
2025-06-05 19:49:03,384 | INFO | Epoch: 56 | Time: 1.13s
2025-06-05 19:49:03,384 | INFO | Train Loss=0.5028, Train Acc=100.00%
2025-06-05 19:49:03,384 | INFO | Val Loss=0.6050, Val Acc=83.00%
2025-06-05 19:49:04,501 | INFO | Epoch: 57 | Time: 1.12s
2025-06-05 19:49:04,501 | INFO | Train Loss=0.5026, Train Acc=100.00%
2025-06-05 19:49:04,501 | INFO | Val Loss=0.6101, Val Acc=81.80%
2025-06-05 19:49:05,614 | INFO | Epoch: 58 | Time: 1.11s
2025-06-05 19:49:05,614 | INFO | Train Loss=0.5029, Train Acc=100.00%
2025-06-05 19:49:05,614 | INFO | Val Loss=0.6070, Val Acc=82.20%
2025-06-05 19:49:06,737 | INFO | Epoch: 59 | Time: 1.12s
2025-06-05 19:49:06,737 | INFO | Train Loss=0.5028, Train Acc=100.00%
2025-06-05 19:49:06,737 | INFO | Val Loss=0.6392, Val Acc=81.60%
2025-06-05 19:49:07,860 | INFO | Epoch: 60 | Time: 1.12s
2025-06-05 19:49:07,861 | INFO | Train Loss=0.5028, Train Acc=100.00%
2025-06-05 19:49:07,861 | INFO | Val Loss=0.6178, Val Acc=81.20%
2025-06-05 19:49:08,979 | INFO | Epoch: 61 | Time: 1.12s
2025-06-05 19:49:08,979 | INFO | Train Loss=0.5026, Train Acc=100.00%
2025-06-05 19:49:08,979 | INFO | Val Loss=0.5942, Val Acc=82.20%
2025-06-05 19:49:10,207 | INFO | Epoch: 62 | Time: 1.23s
2025-06-05 19:49:10,207 | INFO | Train Loss=0.5028, Train Acc=100.00%
2025-06-05 19:49:10,207 | INFO | Val Loss=0.6407, Val Acc=82.20%
2025-06-05 19:49:11,334 | INFO | Epoch: 63 | Time: 1.13s
2025-06-05 19:49:11,334 | INFO | Train Loss=0.5026, Train Acc=100.00%
2025-06-05 19:49:11,334 | INFO | Val Loss=0.6069, Val Acc=82.00%
2025-06-05 19:49:12,452 | INFO | Epoch: 64 | Time: 1.12s
2025-06-05 19:49:12,452 | INFO | Train Loss=0.5025, Train Acc=100.00%
2025-06-05 19:49:12,452 | INFO | Val Loss=0.5932, Val Acc=83.00%
2025-06-05 19:49:13,565 | INFO | Epoch: 65 | Time: 1.11s
2025-06-05 19:49:13,565 | INFO | Train Loss=0.5022, Train Acc=100.00%
2025-06-05 19:49:13,565 | INFO | Val Loss=0.5915, Val Acc=83.00%
2025-06-05 19:49:14,672 | INFO | Epoch: 66 | Time: 1.11s
2025-06-05 19:49:14,672 | INFO | Train Loss=0.5024, Train Acc=100.00%
2025-06-05 19:49:14,672 | INFO | Val Loss=0.6061, Val Acc=82.60%
2025-06-05 19:49:15,770 | INFO | Epoch: 67 | Time: 1.10s
2025-06-05 19:49:15,771 | INFO | Train Loss=0.5023, Train Acc=100.00%
2025-06-05 19:49:15,771 | INFO | Val Loss=0.5972, Val Acc=83.00%
2025-06-05 19:49:15,771 | INFO | Early stopping triggered at epoch 67
2025-06-05 19:49:15,843 | INFO | Best model with lowest val loss 0.5724433362483978 at 46 epoch is saved.
2025-06-05 19:49:16,676 | INFO | Test Accuracy: 84.42%
2025-06-05 19:49:16,752 | INFO | Last model with val loss 0.5972440242767334 at 66 epoch is saved.
2025-06-05 19:49:17,566 | INFO | Test Accuracy: 84.42%
2025-06-05 19:49:17,575 | INFO | 
Job Completed
