2025-06-05 17:32:32,978 | INFO | Job Started
2025-06-05 17:32:32,978 | INFO | Logging run: /rds/general/user/psp20/home/Brain-Network/runs/resnet_5_2_sample_eff_0_25_20250605-173232
2025-06-05 17:32:32,980 | INFO | Using device: cuda
2025-06-05 17:32:32,981 | INFO | Training for 100 epochs
2025-06-05 17:32:32,981 | INFO | Debug mode: False
2025-06-05 17:32:32,981 | INFO | Downsampling by: 0.25
2025-06-05 17:32:32,981 | INFO | Auxiliary loss: {'loss_type': 0.01}
2025-06-05 17:32:32,981 | INFO | Train transforms: 
	Compose(
    RandomCrop(size=(32, 32), padding=4)
    RandomHorizontalFlip(p=0.5)
    ColorJitter(brightness=(0.8, 1.2), contrast=(0.8, 1.2), saturation=(0.8, 1.2), hue=None)
    ToTensor()
    Normalize(mean=(0.485, 0.456, 0.406), std=(0.229, 0.224, 0.225))
)
2025-06-05 17:32:32,981 | INFO | Test transforms: 
	Compose(
    ToTensor()
    Normalize(mean=(0.485, 0.456, 0.406), std=(0.229, 0.224, 0.225))
)
2025-06-05 17:32:35,246 | INFO | Full train/val size with downsampling (0.25): 12500
2025-06-05 17:32:35,247 | INFO | Using pretrained weights
2025-06-05 17:32:35,826 | INFO | Label smoothing: 0.1
2025-06-05 17:32:35,827 | INFO | Auxiliary loss: {'loss_type': 0.01}
2025-06-05 17:32:38,815 | INFO | Epoch: 1 | Time: 2.99s
2025-06-05 17:32:38,816 | INFO | Train Loss=2.3449, Train Acc=15.93%
2025-06-05 17:32:38,816 | INFO | Val Loss=2.0938, Val Acc=26.24%
2025-06-05 17:32:38,817 | INFO | New best model saved (val loss = 2.0938)
2025-06-05 17:32:41,797 | INFO | Epoch: 2 | Time: 2.98s
2025-06-05 17:32:41,797 | INFO | Train Loss=2.0337, Train Acc=32.13%
2025-06-05 17:32:41,797 | INFO | Val Loss=1.7842, Val Acc=39.04%
2025-06-05 17:32:41,798 | INFO | New best model saved (val loss = 1.7842)
2025-06-05 17:32:44,789 | INFO | Epoch: 3 | Time: 2.99s
2025-06-05 17:32:44,789 | INFO | Train Loss=1.4134, Train Acc=59.65%
2025-06-05 17:32:44,789 | INFO | Val Loss=0.9599, Val Acc=67.92%
2025-06-05 17:32:44,790 | INFO | New best model saved (val loss = 0.9599)
2025-06-05 17:32:47,755 | INFO | Epoch: 4 | Time: 2.96s
2025-06-05 17:32:47,755 | INFO | Train Loss=1.0902, Train Acc=74.62%
2025-06-05 17:32:47,755 | INFO | Val Loss=0.7488, Val Acc=76.80%
2025-06-05 17:32:47,756 | INFO | New best model saved (val loss = 0.7488)
2025-06-05 17:32:50,737 | INFO | Epoch: 5 | Time: 2.98s
2025-06-05 17:32:50,737 | INFO | Train Loss=0.9485, Train Acc=81.24%
2025-06-05 17:32:50,737 | INFO | Val Loss=0.6808, Val Acc=79.52%
2025-06-05 17:32:50,738 | INFO | New best model saved (val loss = 0.6808)
2025-06-05 17:32:53,739 | INFO | Epoch: 6 | Time: 3.00s
2025-06-05 17:32:53,739 | INFO | Train Loss=0.8652, Train Acc=84.68%
2025-06-05 17:32:53,739 | INFO | Val Loss=0.7208, Val Acc=76.08%
2025-06-05 17:32:56,706 | INFO | Epoch: 7 | Time: 2.97s
2025-06-05 17:32:56,706 | INFO | Train Loss=0.8150, Train Acc=87.24%
2025-06-05 17:32:56,706 | INFO | Val Loss=0.6764, Val Acc=78.16%
2025-06-05 17:32:56,707 | INFO | New best model saved (val loss = 0.6764)
2025-06-05 17:32:59,718 | INFO | Epoch: 8 | Time: 3.01s
2025-06-05 17:32:59,718 | INFO | Train Loss=0.7572, Train Acc=89.43%
2025-06-05 17:32:59,718 | INFO | Val Loss=0.6223, Val Acc=81.20%
2025-06-05 17:32:59,719 | INFO | New best model saved (val loss = 0.6223)
2025-06-05 17:33:02,717 | INFO | Epoch: 9 | Time: 3.00s
2025-06-05 17:33:02,718 | INFO | Train Loss=0.7048, Train Acc=91.85%
2025-06-05 17:33:02,718 | INFO | Val Loss=0.5531, Val Acc=84.56%
2025-06-05 17:33:02,719 | INFO | New best model saved (val loss = 0.5531)
2025-06-05 17:33:05,706 | INFO | Epoch: 10 | Time: 2.99s
2025-06-05 17:33:05,706 | INFO | Train Loss=0.6789, Train Acc=93.28%
2025-06-05 17:33:05,706 | INFO | Val Loss=0.5899, Val Acc=82.80%
2025-06-05 17:33:08,693 | INFO | Epoch: 11 | Time: 2.99s
2025-06-05 17:33:08,693 | INFO | Train Loss=0.6519, Train Acc=94.37%
2025-06-05 17:33:08,693 | INFO | Val Loss=0.5292, Val Acc=84.88%
2025-06-05 17:33:08,695 | INFO | New best model saved (val loss = 0.5292)
2025-06-05 17:33:11,678 | INFO | Epoch: 12 | Time: 2.98s
2025-06-05 17:33:11,678 | INFO | Train Loss=0.6281, Train Acc=95.27%
2025-06-05 17:33:11,678 | INFO | Val Loss=0.5169, Val Acc=85.84%
2025-06-05 17:33:11,679 | INFO | New best model saved (val loss = 0.5169)
2025-06-05 17:33:14,669 | INFO | Epoch: 13 | Time: 2.99s
2025-06-05 17:33:14,669 | INFO | Train Loss=0.6040, Train Acc=96.49%
2025-06-05 17:33:14,669 | INFO | Val Loss=0.5193, Val Acc=84.48%
2025-06-05 17:33:17,657 | INFO | Epoch: 14 | Time: 2.99s
2025-06-05 17:33:17,658 | INFO | Train Loss=0.5973, Train Acc=96.64%
2025-06-05 17:33:17,658 | INFO | Val Loss=0.5269, Val Acc=84.88%
2025-06-05 17:33:20,626 | INFO | Epoch: 15 | Time: 2.97s
2025-06-05 17:33:20,626 | INFO | Train Loss=0.5873, Train Acc=97.22%
2025-06-05 17:33:20,626 | INFO | Val Loss=0.5275, Val Acc=85.12%
2025-06-05 17:33:23,601 | INFO | Epoch: 16 | Time: 2.97s
2025-06-05 17:33:23,601 | INFO | Train Loss=0.5745, Train Acc=97.69%
2025-06-05 17:33:23,601 | INFO | Val Loss=0.4820, Val Acc=85.76%
2025-06-05 17:33:23,602 | INFO | New best model saved (val loss = 0.4820)
2025-06-05 17:33:26,595 | INFO | Epoch: 17 | Time: 2.99s
2025-06-05 17:33:26,595 | INFO | Train Loss=0.5634, Train Acc=98.25%
2025-06-05 17:33:26,595 | INFO | Val Loss=0.5634, Val Acc=83.76%
2025-06-05 17:33:29,585 | INFO | Epoch: 18 | Time: 2.99s
2025-06-05 17:33:29,586 | INFO | Train Loss=0.5638, Train Acc=98.14%
2025-06-05 17:33:29,586 | INFO | Val Loss=0.5237, Val Acc=85.12%
2025-06-05 17:33:32,557 | INFO | Epoch: 19 | Time: 2.97s
2025-06-05 17:33:32,557 | INFO | Train Loss=0.5557, Train Acc=98.19%
2025-06-05 17:33:32,557 | INFO | Val Loss=0.4953, Val Acc=86.32%
2025-06-05 17:33:35,553 | INFO | Epoch: 20 | Time: 3.00s
2025-06-05 17:33:35,553 | INFO | Train Loss=0.5597, Train Acc=98.20%
2025-06-05 17:33:35,553 | INFO | Val Loss=0.4819, Val Acc=85.84%
2025-06-05 17:33:35,554 | INFO | New best model saved (val loss = 0.4819)
2025-06-05 17:33:38,585 | INFO | Epoch: 21 | Time: 3.03s
2025-06-05 17:33:38,586 | INFO | Train Loss=0.5561, Train Acc=98.19%
2025-06-05 17:33:38,586 | INFO | Val Loss=0.4677, Val Acc=87.28%
2025-06-05 17:33:38,587 | INFO | New best model saved (val loss = 0.4677)
2025-06-05 17:33:41,601 | INFO | Epoch: 22 | Time: 3.01s
2025-06-05 17:33:41,602 | INFO | Train Loss=0.5441, Train Acc=98.71%
2025-06-05 17:33:41,602 | INFO | Val Loss=0.4518, Val Acc=87.60%
2025-06-05 17:33:41,603 | INFO | New best model saved (val loss = 0.4518)
2025-06-05 17:33:44,603 | INFO | Epoch: 23 | Time: 3.00s
2025-06-05 17:33:44,603 | INFO | Train Loss=0.5395, Train Acc=98.81%
2025-06-05 17:33:44,603 | INFO | Val Loss=0.4725, Val Acc=87.04%
2025-06-05 17:33:47,603 | INFO | Epoch: 24 | Time: 3.00s
2025-06-05 17:33:47,603 | INFO | Train Loss=0.5360, Train Acc=99.00%
2025-06-05 17:33:47,603 | INFO | Val Loss=0.4499, Val Acc=88.64%
2025-06-05 17:33:47,604 | INFO | New best model saved (val loss = 0.4499)
2025-06-05 17:33:50,598 | INFO | Epoch: 25 | Time: 2.99s
2025-06-05 17:33:50,598 | INFO | Train Loss=0.5335, Train Acc=99.06%
2025-06-05 17:33:50,598 | INFO | Val Loss=0.5283, Val Acc=84.80%
2025-06-05 17:33:53,574 | INFO | Epoch: 26 | Time: 2.98s
2025-06-05 17:33:53,575 | INFO | Train Loss=0.5329, Train Acc=99.12%
2025-06-05 17:33:53,575 | INFO | Val Loss=0.4817, Val Acc=86.72%
2025-06-05 17:33:56,556 | INFO | Epoch: 27 | Time: 2.98s
2025-06-05 17:33:56,556 | INFO | Train Loss=0.5314, Train Acc=99.10%
2025-06-05 17:33:56,556 | INFO | Val Loss=0.4429, Val Acc=88.08%
2025-06-05 17:33:56,557 | INFO | New best model saved (val loss = 0.4429)
2025-06-05 17:33:59,527 | INFO | Epoch: 28 | Time: 2.97s
2025-06-05 17:33:59,527 | INFO | Train Loss=0.5320, Train Acc=99.10%
2025-06-05 17:33:59,527 | INFO | Val Loss=0.4741, Val Acc=87.12%
2025-06-05 17:34:02,511 | INFO | Epoch: 29 | Time: 2.98s
2025-06-05 17:34:02,512 | INFO | Train Loss=0.5292, Train Acc=99.20%
2025-06-05 17:34:02,512 | INFO | Val Loss=0.4237, Val Acc=88.64%
2025-06-05 17:34:02,513 | INFO | New best model saved (val loss = 0.4237)
2025-06-05 17:34:05,487 | INFO | Epoch: 30 | Time: 2.97s
2025-06-05 17:34:05,487 | INFO | Train Loss=0.5298, Train Acc=99.13%
2025-06-05 17:34:05,487 | INFO | Val Loss=0.4286, Val Acc=88.08%
2025-06-05 17:34:08,468 | INFO | Epoch: 31 | Time: 2.98s
2025-06-05 17:34:08,469 | INFO | Train Loss=0.5304, Train Acc=99.06%
2025-06-05 17:34:08,469 | INFO | Val Loss=0.5252, Val Acc=86.48%
2025-06-05 17:34:11,445 | INFO | Epoch: 32 | Time: 2.98s
2025-06-05 17:34:11,445 | INFO | Train Loss=0.5289, Train Acc=99.13%
2025-06-05 17:34:11,445 | INFO | Val Loss=0.5255, Val Acc=85.52%
2025-06-05 17:34:14,405 | INFO | Epoch: 33 | Time: 2.96s
2025-06-05 17:34:14,405 | INFO | Train Loss=0.5314, Train Acc=99.06%
2025-06-05 17:34:14,405 | INFO | Val Loss=0.4726, Val Acc=86.08%
2025-06-05 17:34:17,415 | INFO | Epoch: 34 | Time: 3.01s
2025-06-05 17:34:17,415 | INFO | Train Loss=0.5281, Train Acc=99.16%
2025-06-05 17:34:17,415 | INFO | Val Loss=0.4517, Val Acc=87.84%
2025-06-05 17:34:20,369 | INFO | Epoch: 35 | Time: 2.95s
2025-06-05 17:34:20,369 | INFO | Train Loss=0.5282, Train Acc=99.08%
2025-06-05 17:34:20,369 | INFO | Val Loss=0.4823, Val Acc=87.68%
2025-06-05 17:34:23,351 | INFO | Epoch: 36 | Time: 2.98s
2025-06-05 17:34:23,351 | INFO | Train Loss=0.5270, Train Acc=99.26%
2025-06-05 17:34:23,351 | INFO | Val Loss=0.4689, Val Acc=87.44%
2025-06-05 17:34:26,345 | INFO | Epoch: 37 | Time: 2.99s
2025-06-05 17:34:26,345 | INFO | Train Loss=0.5254, Train Acc=99.14%
2025-06-05 17:34:26,345 | INFO | Val Loss=0.4181, Val Acc=88.40%
2025-06-05 17:34:26,346 | INFO | New best model saved (val loss = 0.4181)
2025-06-05 17:34:29,417 | INFO | Epoch: 38 | Time: 3.07s
2025-06-05 17:34:29,417 | INFO | Train Loss=0.5210, Train Acc=99.47%
2025-06-05 17:34:29,417 | INFO | Val Loss=0.4282, Val Acc=88.48%
2025-06-05 17:34:32,434 | INFO | Epoch: 39 | Time: 3.02s
2025-06-05 17:34:32,434 | INFO | Train Loss=0.5155, Train Acc=99.69%
2025-06-05 17:34:32,434 | INFO | Val Loss=0.4875, Val Acc=86.16%
2025-06-05 17:34:35,407 | INFO | Epoch: 40 | Time: 2.97s
2025-06-05 17:34:35,408 | INFO | Train Loss=0.5155, Train Acc=99.61%
2025-06-05 17:34:35,408 | INFO | Val Loss=0.4495, Val Acc=87.92%
2025-06-05 17:34:38,390 | INFO | Epoch: 41 | Time: 2.98s
2025-06-05 17:34:38,390 | INFO | Train Loss=0.5157, Train Acc=99.56%
2025-06-05 17:34:38,390 | INFO | Val Loss=0.4742, Val Acc=86.96%
2025-06-05 17:34:41,359 | INFO | Epoch: 42 | Time: 2.97s
2025-06-05 17:34:41,359 | INFO | Train Loss=0.5137, Train Acc=99.67%
2025-06-05 17:34:41,359 | INFO | Val Loss=0.4957, Val Acc=87.68%
2025-06-05 17:34:44,357 | INFO | Epoch: 43 | Time: 3.00s
2025-06-05 17:34:44,357 | INFO | Train Loss=0.5130, Train Acc=99.71%
2025-06-05 17:34:44,357 | INFO | Val Loss=0.4388, Val Acc=88.80%
2025-06-05 17:34:47,363 | INFO | Epoch: 44 | Time: 3.01s
2025-06-05 17:34:47,363 | INFO | Train Loss=0.5124, Train Acc=99.67%
2025-06-05 17:34:47,363 | INFO | Val Loss=0.4703, Val Acc=87.60%
2025-06-05 17:34:50,351 | INFO | Epoch: 45 | Time: 2.99s
2025-06-05 17:34:50,351 | INFO | Train Loss=0.5107, Train Acc=99.79%
2025-06-05 17:34:50,351 | INFO | Val Loss=0.4631, Val Acc=87.92%
2025-06-05 17:34:53,356 | INFO | Epoch: 46 | Time: 3.00s
2025-06-05 17:34:53,356 | INFO | Train Loss=0.5108, Train Acc=99.71%
2025-06-05 17:34:53,356 | INFO | Val Loss=0.4376, Val Acc=88.64%
2025-06-05 17:34:56,312 | INFO | Epoch: 47 | Time: 2.96s
2025-06-05 17:34:56,312 | INFO | Train Loss=0.5089, Train Acc=99.82%
2025-06-05 17:34:56,312 | INFO | Val Loss=0.4228, Val Acc=89.68%
2025-06-05 17:34:59,284 | INFO | Epoch: 48 | Time: 2.97s
2025-06-05 17:34:59,284 | INFO | Train Loss=0.5088, Train Acc=99.83%
2025-06-05 17:34:59,284 | INFO | Val Loss=0.4159, Val Acc=89.12%
2025-06-05 17:34:59,285 | INFO | New best model saved (val loss = 0.4159)
2025-06-05 17:35:02,262 | INFO | Epoch: 49 | Time: 2.98s
2025-06-05 17:35:02,262 | INFO | Train Loss=0.5062, Train Acc=99.90%
2025-06-05 17:35:02,262 | INFO | Val Loss=0.4067, Val Acc=90.08%
2025-06-05 17:35:02,263 | INFO | New best model saved (val loss = 0.4067)
2025-06-05 17:35:05,232 | INFO | Epoch: 50 | Time: 2.97s
2025-06-05 17:35:05,232 | INFO | Train Loss=0.5060, Train Acc=99.93%
2025-06-05 17:35:05,233 | INFO | Val Loss=0.4287, Val Acc=89.60%
2025-06-05 17:35:08,209 | INFO | Epoch: 51 | Time: 2.98s
2025-06-05 17:35:08,210 | INFO | Train Loss=0.5054, Train Acc=99.92%
2025-06-05 17:35:08,210 | INFO | Val Loss=0.4174, Val Acc=89.28%
2025-06-05 17:35:11,180 | INFO | Epoch: 52 | Time: 2.97s
2025-06-05 17:35:11,180 | INFO | Train Loss=0.5040, Train Acc=99.97%
2025-06-05 17:35:11,180 | INFO | Val Loss=0.3984, Val Acc=90.40%
2025-06-05 17:35:11,181 | INFO | New best model saved (val loss = 0.3984)
2025-06-05 17:35:14,140 | INFO | Epoch: 53 | Time: 2.96s
2025-06-05 17:35:14,140 | INFO | Train Loss=0.5048, Train Acc=99.92%
2025-06-05 17:35:14,140 | INFO | Val Loss=0.3949, Val Acc=90.24%
2025-06-05 17:35:14,141 | INFO | New best model saved (val loss = 0.3949)
2025-06-05 17:35:17,094 | INFO | Epoch: 54 | Time: 2.95s
2025-06-05 17:35:17,094 | INFO | Train Loss=0.5051, Train Acc=99.91%
2025-06-05 17:35:17,094 | INFO | Val Loss=0.4221, Val Acc=89.12%
2025-06-05 17:35:20,044 | INFO | Epoch: 55 | Time: 2.95s
2025-06-05 17:35:20,044 | INFO | Train Loss=0.5056, Train Acc=99.92%
2025-06-05 17:35:20,044 | INFO | Val Loss=0.3979, Val Acc=90.16%
2025-06-05 17:35:23,017 | INFO | Epoch: 56 | Time: 2.97s
2025-06-05 17:35:23,017 | INFO | Train Loss=0.5044, Train Acc=99.94%
2025-06-05 17:35:23,017 | INFO | Val Loss=0.4210, Val Acc=89.52%
2025-06-05 17:35:25,981 | INFO | Epoch: 57 | Time: 2.96s
2025-06-05 17:35:25,981 | INFO | Train Loss=0.5035, Train Acc=99.97%
2025-06-05 17:35:25,981 | INFO | Val Loss=0.4012, Val Acc=90.16%
2025-06-05 17:35:28,962 | INFO | Epoch: 58 | Time: 2.98s
2025-06-05 17:35:28,962 | INFO | Train Loss=0.5034, Train Acc=99.96%
2025-06-05 17:35:28,962 | INFO | Val Loss=0.3990, Val Acc=90.24%
2025-06-05 17:35:31,962 | INFO | Epoch: 59 | Time: 3.00s
2025-06-05 17:35:31,962 | INFO | Train Loss=0.5036, Train Acc=99.95%
2025-06-05 17:35:31,962 | INFO | Val Loss=0.4352, Val Acc=88.56%
2025-06-05 17:35:34,944 | INFO | Epoch: 60 | Time: 2.98s
2025-06-05 17:35:34,945 | INFO | Train Loss=0.5036, Train Acc=99.96%
2025-06-05 17:35:34,945 | INFO | Val Loss=0.4253, Val Acc=89.44%
2025-06-05 17:35:37,923 | INFO | Epoch: 61 | Time: 2.98s
2025-06-05 17:35:37,923 | INFO | Train Loss=0.5037, Train Acc=99.96%
2025-06-05 17:35:37,923 | INFO | Val Loss=0.4236, Val Acc=90.16%
2025-06-05 17:35:40,905 | INFO | Epoch: 62 | Time: 2.98s
2025-06-05 17:35:40,905 | INFO | Train Loss=0.5027, Train Acc=99.99%
2025-06-05 17:35:40,905 | INFO | Val Loss=0.4071, Val Acc=90.00%
2025-06-05 17:35:43,889 | INFO | Epoch: 63 | Time: 2.98s
2025-06-05 17:35:43,890 | INFO | Train Loss=0.5031, Train Acc=99.97%
2025-06-05 17:35:43,890 | INFO | Val Loss=0.3867, Val Acc=90.88%
2025-06-05 17:35:43,891 | INFO | New best model saved (val loss = 0.3867)
2025-06-05 17:35:46,912 | INFO | Epoch: 64 | Time: 3.02s
2025-06-05 17:35:46,912 | INFO | Train Loss=0.5034, Train Acc=99.94%
2025-06-05 17:35:46,912 | INFO | Val Loss=0.4067, Val Acc=90.32%
2025-06-05 17:35:49,884 | INFO | Epoch: 65 | Time: 2.97s
2025-06-05 17:35:49,884 | INFO | Train Loss=0.5027, Train Acc=99.98%
2025-06-05 17:35:49,884 | INFO | Val Loss=0.4184, Val Acc=89.44%
2025-06-05 17:35:52,837 | INFO | Epoch: 66 | Time: 2.95s
2025-06-05 17:35:52,837 | INFO | Train Loss=0.5022, Train Acc=99.99%
2025-06-05 17:35:52,837 | INFO | Val Loss=0.3797, Val Acc=91.04%
2025-06-05 17:35:52,838 | INFO | New best model saved (val loss = 0.3797)
2025-06-05 17:35:55,811 | INFO | Epoch: 67 | Time: 2.97s
2025-06-05 17:35:55,811 | INFO | Train Loss=0.5018, Train Acc=100.00%
2025-06-05 17:35:55,811 | INFO | Val Loss=0.3819, Val Acc=90.40%
2025-06-05 17:35:58,788 | INFO | Epoch: 68 | Time: 2.98s
2025-06-05 17:35:58,788 | INFO | Train Loss=0.5021, Train Acc=99.99%
2025-06-05 17:35:58,788 | INFO | Val Loss=0.3778, Val Acc=90.96%
2025-06-05 17:35:58,789 | INFO | New best model saved (val loss = 0.3778)
2025-06-05 17:36:01,750 | INFO | Epoch: 69 | Time: 2.96s
2025-06-05 17:36:01,750 | INFO | Train Loss=0.5018, Train Acc=100.00%
2025-06-05 17:36:01,750 | INFO | Val Loss=0.3836, Val Acc=90.80%
2025-06-05 17:36:04,726 | INFO | Epoch: 70 | Time: 2.98s
2025-06-05 17:36:04,726 | INFO | Train Loss=0.5019, Train Acc=99.98%
2025-06-05 17:36:04,726 | INFO | Val Loss=0.3842, Val Acc=90.96%
2025-06-05 17:36:07,703 | INFO | Epoch: 71 | Time: 2.98s
2025-06-05 17:36:07,703 | INFO | Train Loss=0.5020, Train Acc=99.98%
2025-06-05 17:36:07,703 | INFO | Val Loss=0.3703, Val Acc=91.28%
2025-06-05 17:36:07,704 | INFO | New best model saved (val loss = 0.3703)
2025-06-05 17:36:10,663 | INFO | Epoch: 72 | Time: 2.96s
2025-06-05 17:36:10,663 | INFO | Train Loss=0.5015, Train Acc=100.00%
2025-06-05 17:36:10,663 | INFO | Val Loss=0.3879, Val Acc=90.56%
2025-06-05 17:36:13,623 | INFO | Epoch: 73 | Time: 2.96s
2025-06-05 17:36:13,623 | INFO | Train Loss=0.5017, Train Acc=100.00%
2025-06-05 17:36:13,623 | INFO | Val Loss=0.3905, Val Acc=90.64%
2025-06-05 17:36:16,603 | INFO | Epoch: 74 | Time: 2.98s
2025-06-05 17:36:16,603 | INFO | Train Loss=0.5020, Train Acc=99.98%
2025-06-05 17:36:16,603 | INFO | Val Loss=0.3942, Val Acc=90.56%
2025-06-05 17:36:19,579 | INFO | Epoch: 75 | Time: 2.98s
2025-06-05 17:36:19,580 | INFO | Train Loss=0.5016, Train Acc=100.00%
2025-06-05 17:36:19,580 | INFO | Val Loss=0.3792, Val Acc=90.80%
2025-06-05 17:36:22,800 | INFO | Epoch: 76 | Time: 3.22s
2025-06-05 17:36:22,800 | INFO | Train Loss=0.5019, Train Acc=99.99%
2025-06-05 17:36:22,800 | INFO | Val Loss=0.3894, Val Acc=90.08%
2025-06-05 17:36:25,781 | INFO | Epoch: 77 | Time: 2.98s
2025-06-05 17:36:25,781 | INFO | Train Loss=0.5017, Train Acc=100.00%
2025-06-05 17:36:25,781 | INFO | Val Loss=0.3867, Val Acc=90.40%
2025-06-05 17:36:28,755 | INFO | Epoch: 78 | Time: 2.97s
2025-06-05 17:36:28,755 | INFO | Train Loss=0.5015, Train Acc=100.00%
2025-06-05 17:36:28,755 | INFO | Val Loss=0.3696, Val Acc=90.88%
2025-06-05 17:36:28,756 | INFO | New best model saved (val loss = 0.3696)
2025-06-05 17:36:31,772 | INFO | Epoch: 79 | Time: 3.01s
2025-06-05 17:36:31,772 | INFO | Train Loss=0.5014, Train Acc=100.00%
2025-06-05 17:36:31,772 | INFO | Val Loss=0.3916, Val Acc=90.88%
2025-06-05 17:36:34,757 | INFO | Epoch: 80 | Time: 2.98s
2025-06-05 17:36:34,757 | INFO | Train Loss=0.5016, Train Acc=99.99%
2025-06-05 17:36:34,757 | INFO | Val Loss=0.3806, Val Acc=91.04%
2025-06-05 17:36:37,708 | INFO | Epoch: 81 | Time: 2.95s
2025-06-05 17:36:37,708 | INFO | Train Loss=0.5014, Train Acc=100.00%
2025-06-05 17:36:37,708 | INFO | Val Loss=0.3852, Val Acc=90.96%
2025-06-05 17:36:40,680 | INFO | Epoch: 82 | Time: 2.97s
2025-06-05 17:36:40,680 | INFO | Train Loss=0.5014, Train Acc=100.00%
2025-06-05 17:36:40,680 | INFO | Val Loss=0.3954, Val Acc=90.80%
2025-06-05 17:36:43,666 | INFO | Epoch: 83 | Time: 2.99s
2025-06-05 17:36:43,666 | INFO | Train Loss=0.5014, Train Acc=100.00%
2025-06-05 17:36:43,666 | INFO | Val Loss=0.3611, Val Acc=91.28%
2025-06-05 17:36:43,667 | INFO | New best model saved (val loss = 0.3611)
2025-06-05 17:36:46,660 | INFO | Epoch: 84 | Time: 2.99s
2025-06-05 17:36:46,660 | INFO | Train Loss=0.5014, Train Acc=100.00%
2025-06-05 17:36:46,660 | INFO | Val Loss=0.4012, Val Acc=90.08%
2025-06-05 17:36:49,629 | INFO | Epoch: 85 | Time: 2.97s
2025-06-05 17:36:49,629 | INFO | Train Loss=0.5013, Train Acc=100.00%
2025-06-05 17:36:49,629 | INFO | Val Loss=0.3834, Val Acc=90.64%
2025-06-05 17:36:52,608 | INFO | Epoch: 86 | Time: 2.98s
2025-06-05 17:36:52,608 | INFO | Train Loss=0.5014, Train Acc=100.00%
2025-06-05 17:36:52,608 | INFO | Val Loss=0.3871, Val Acc=90.40%
2025-06-05 17:36:55,595 | INFO | Epoch: 87 | Time: 2.99s
2025-06-05 17:36:55,596 | INFO | Train Loss=0.5014, Train Acc=99.99%
2025-06-05 17:36:55,596 | INFO | Val Loss=0.3727, Val Acc=91.20%
2025-06-05 17:36:58,573 | INFO | Epoch: 88 | Time: 2.98s
2025-06-05 17:36:58,573 | INFO | Train Loss=0.5013, Train Acc=100.00%
2025-06-05 17:36:58,573 | INFO | Val Loss=0.3626, Val Acc=91.52%
2025-06-05 17:37:01,545 | INFO | Epoch: 89 | Time: 2.97s
2025-06-05 17:37:01,545 | INFO | Train Loss=0.5014, Train Acc=100.00%
2025-06-05 17:37:01,545 | INFO | Val Loss=0.3699, Val Acc=91.20%
2025-06-05 17:37:04,576 | INFO | Epoch: 90 | Time: 3.03s
2025-06-05 17:37:04,576 | INFO | Train Loss=0.5012, Train Acc=100.00%
2025-06-05 17:37:04,576 | INFO | Val Loss=0.3856, Val Acc=90.64%
2025-06-05 17:37:07,549 | INFO | Epoch: 91 | Time: 2.97s
2025-06-05 17:37:07,549 | INFO | Train Loss=0.5013, Train Acc=100.00%
2025-06-05 17:37:07,549 | INFO | Val Loss=0.3820, Val Acc=90.56%
2025-06-05 17:37:10,524 | INFO | Epoch: 92 | Time: 2.97s
2025-06-05 17:37:10,524 | INFO | Train Loss=0.5013, Train Acc=100.00%
2025-06-05 17:37:10,524 | INFO | Val Loss=0.3839, Val Acc=90.96%
2025-06-05 17:37:13,485 | INFO | Epoch: 93 | Time: 2.96s
2025-06-05 17:37:13,485 | INFO | Train Loss=0.5013, Train Acc=100.00%
2025-06-05 17:37:13,485 | INFO | Val Loss=0.3854, Val Acc=90.96%
2025-06-05 17:37:16,443 | INFO | Epoch: 94 | Time: 2.96s
2025-06-05 17:37:16,443 | INFO | Train Loss=0.5013, Train Acc=100.00%
2025-06-05 17:37:16,443 | INFO | Val Loss=0.3825, Val Acc=90.56%
2025-06-05 17:37:19,398 | INFO | Epoch: 95 | Time: 2.96s
2025-06-05 17:37:19,399 | INFO | Train Loss=0.5013, Train Acc=100.00%
2025-06-05 17:37:19,399 | INFO | Val Loss=0.3621, Val Acc=90.88%
2025-06-05 17:37:22,355 | INFO | Epoch: 96 | Time: 2.96s
2025-06-05 17:37:22,355 | INFO | Train Loss=0.5013, Train Acc=100.00%
2025-06-05 17:37:22,355 | INFO | Val Loss=0.3830, Val Acc=90.40%
2025-06-05 17:37:25,312 | INFO | Epoch: 97 | Time: 2.96s
2025-06-05 17:37:25,312 | INFO | Train Loss=0.5012, Train Acc=100.00%
2025-06-05 17:37:25,312 | INFO | Val Loss=0.3710, Val Acc=90.56%
2025-06-05 17:37:28,281 | INFO | Epoch: 98 | Time: 2.97s
2025-06-05 17:37:28,281 | INFO | Train Loss=0.5013, Train Acc=100.00%
2025-06-05 17:37:28,281 | INFO | Val Loss=0.3744, Val Acc=90.72%
2025-06-05 17:37:31,248 | INFO | Epoch: 99 | Time: 2.97s
2025-06-05 17:37:31,248 | INFO | Train Loss=0.5013, Train Acc=100.00%
2025-06-05 17:37:31,248 | INFO | Val Loss=0.3860, Val Acc=90.80%
2025-06-05 17:37:34,236 | INFO | Epoch: 100 | Time: 2.99s
2025-06-05 17:37:34,236 | INFO | Train Loss=0.5013, Train Acc=100.00%
2025-06-05 17:37:34,236 | INFO | Val Loss=0.3669, Val Acc=91.60%
2025-06-05 17:37:34,308 | INFO | Best model with lowest val loss 0.3611371457576752 at 82 epoch is saved.
2025-06-05 17:37:35,113 | INFO | Test Accuracy: 91.45%
2025-06-05 17:37:35,190 | INFO | Last model with val loss 0.36686102151870725 at 99 epoch is saved.
2025-06-05 17:37:35,993 | INFO | Test Accuracy: 91.45%
2025-06-05 17:37:36,003 | INFO | 
Job Completed
