2025-06-06 00:40:51,714 | INFO | Job Started
2025-06-06 00:40:51,714 | INFO | Logging run: /rds/general/user/psp20/home/Brain-Network/runs/zoomvit_p64_sample_eff_0_5_20250606-004051
2025-06-06 00:40:51,723 | INFO | Using device: cuda
2025-06-06 00:40:51,723 | INFO | Training for 100 epochs
2025-06-06 00:40:51,723 | INFO | Debug mode: False
2025-06-06 00:40:51,723 | INFO | Downsampling by: 0.5
2025-06-06 00:40:51,723 | INFO | Auxiliary loss: {'attention_entropy_loss': 0.1}
2025-06-06 00:40:51,723 | INFO | Train transforms: 
	Compose(
    RandomResizedCrop(size=(224, 224), scale=(0.7, 1), ratio=(0.75, 1.3333), interpolation=bilinear, antialias=True)
    RandomHorizontalFlip(p=0.5)
    ColorJitter(brightness=(0.8, 1.2), contrast=(0.8, 1.2), saturation=(0.8, 1.2), hue=None)
    ToTensor()
    Normalize(mean=(0.485, 0.456, 0.406), std=(0.229, 0.224, 0.225))
)
2025-06-06 00:40:51,723 | INFO | Test transforms: 
	Compose(
    Resize(size=256, interpolation=bilinear, max_size=None, antialias=True)
    CenterCrop(size=(224, 224))
    ToTensor()
    Normalize(mean=(0.485, 0.456, 0.406), std=(0.229, 0.224, 0.225))
)
2025-06-06 00:40:51,952 | INFO | Downsampling by: 0.5. Few shot: False
2025-06-06 00:40:51,953 | INFO | Using pretrained weights
2025-06-06 00:40:53,067 | INFO | Using mixup function and SoftTargetCrossEntropy
2025-06-06 00:40:53,067 | INFO | Auxiliary loss: {'attention_entropy_loss': 0.1}
2025-06-06 00:41:49,386 | INFO | Epoch: 1 | Time: 56.29s
2025-06-06 00:41:49,386 | INFO | Train Loss=5.3412, Train Acc=0.98%
2025-06-06 00:41:49,386 | INFO | Val Loss=5.2531, Val Acc=2.33%
2025-06-06 00:41:49,386 | INFO | Train Gamma Loss=0.5142 | Val Gamma Loss=0.5249599814414978
2025-06-06 00:41:49,387 | INFO | New best model saved (val loss = 5.2531)
2025-06-06 00:42:43,246 | INFO | Epoch: 2 | Time: 53.83s
2025-06-06 00:42:43,246 | INFO | Train Loss=5.2432, Train Acc=1.95%
2025-06-06 00:42:43,246 | INFO | Val Loss=5.1393, Val Acc=3.58%
2025-06-06 00:42:43,246 | INFO | Train Gamma Loss=0.5135 | Val Gamma Loss=0.5233606100082397
2025-06-06 00:42:43,247 | INFO | New best model saved (val loss = 5.1393)
2025-06-06 00:43:33,453 | INFO | Epoch: 3 | Time: 50.19s
2025-06-06 00:43:33,453 | INFO | Train Loss=4.7256, Train Acc=3.72%
2025-06-06 00:43:33,453 | INFO | Val Loss=4.1377, Val Acc=5.75%
2025-06-06 00:43:33,454 | INFO | Train Gamma Loss=0.1364 | Val Gamma Loss=0.004167297389358282
2025-06-06 00:43:33,455 | INFO | New best model saved (val loss = 4.1377)
2025-06-06 00:44:29,485 | INFO | Epoch: 4 | Time: 56.00s
2025-06-06 00:44:29,485 | INFO | Train Loss=4.2641, Train Acc=7.38%
2025-06-06 00:44:29,485 | INFO | Val Loss=4.1661, Val Acc=5.00%
2025-06-06 00:44:29,485 | INFO | Train Gamma Loss=-0.0064 | Val Gamma Loss=0.0016419326420873404
2025-06-06 00:45:25,105 | INFO | Epoch: 5 | Time: 55.61s
2025-06-06 00:45:25,105 | INFO | Train Loss=4.1286, Train Acc=10.02%
2025-06-06 00:45:25,105 | INFO | Val Loss=3.8340, Val Acc=11.67%
2025-06-06 00:45:25,105 | INFO | Train Gamma Loss=-0.0085 | Val Gamma Loss=0.0019610871095210314
2025-06-06 00:45:25,106 | INFO | New best model saved (val loss = 3.8340)
2025-06-06 00:46:19,752 | INFO | Epoch: 6 | Time: 54.62s
2025-06-06 00:46:19,752 | INFO | Train Loss=4.0138, Train Acc=11.35%
2025-06-06 00:46:19,752 | INFO | Val Loss=3.8469, Val Acc=10.00%
2025-06-06 00:46:19,752 | INFO | Train Gamma Loss=-0.0091 | Val Gamma Loss=0.0018908469937741756
2025-06-06 00:47:14,387 | INFO | Epoch: 7 | Time: 54.63s
2025-06-06 00:47:14,387 | INFO | Train Loss=4.0314, Train Acc=11.60%
2025-06-06 00:47:14,387 | INFO | Val Loss=4.1928, Val Acc=5.75%
2025-06-06 00:47:14,387 | INFO | Train Gamma Loss=-0.0092 | Val Gamma Loss=0.002803460694849491
2025-06-06 00:48:04,763 | INFO | Epoch: 8 | Time: 50.34s
2025-06-06 00:48:04,763 | INFO | Train Loss=3.9901, Train Acc=12.08%
2025-06-06 00:48:04,763 | INFO | Val Loss=3.7777, Val Acc=10.75%
2025-06-06 00:48:04,767 | INFO | Train Gamma Loss=-0.0090 | Val Gamma Loss=0.0007982878596521914
2025-06-06 00:48:04,768 | INFO | New best model saved (val loss = 3.7777)
2025-06-06 00:49:01,311 | INFO | Epoch: 9 | Time: 56.46s
2025-06-06 00:49:01,311 | INFO | Train Loss=3.9011, Train Acc=15.42%
2025-06-06 00:49:01,311 | INFO | Val Loss=3.7823, Val Acc=10.08%
2025-06-06 00:49:01,311 | INFO | Train Gamma Loss=-0.0095 | Val Gamma Loss=0.0008099691476672888
2025-06-06 00:49:56,888 | INFO | Epoch: 10 | Time: 55.57s
2025-06-06 00:49:56,888 | INFO | Train Loss=3.7558, Train Acc=17.02%
2025-06-06 00:49:56,888 | INFO | Val Loss=3.4010, Val Acc=16.83%
2025-06-06 00:49:56,888 | INFO | Train Gamma Loss=-0.0096 | Val Gamma Loss=0.0008685644716024399
2025-06-06 00:49:56,889 | INFO | New best model saved (val loss = 3.4010)
2025-06-06 00:50:52,836 | INFO | Epoch: 11 | Time: 55.92s
2025-06-06 00:50:52,847 | INFO | Train Loss=3.7725, Train Acc=16.95%
2025-06-06 00:50:52,847 | INFO | Val Loss=3.4511, Val Acc=15.08%
2025-06-06 00:50:52,847 | INFO | Train Gamma Loss=-0.0096 | Val Gamma Loss=0.0007640508702024817
2025-06-06 00:51:51,526 | INFO | Epoch: 12 | Time: 58.63s
2025-06-06 00:51:51,526 | INFO | Train Loss=3.7420, Train Acc=18.63%
2025-06-06 00:51:51,526 | INFO | Val Loss=3.6749, Val Acc=12.08%
2025-06-06 00:51:51,526 | INFO | Train Gamma Loss=-0.0098 | Val Gamma Loss=0.002411269349977374
2025-06-06 00:52:49,262 | INFO | Epoch: 13 | Time: 57.72s
2025-06-06 00:52:49,262 | INFO | Train Loss=3.6279, Train Acc=21.67%
2025-06-06 00:52:49,262 | INFO | Val Loss=3.3327, Val Acc=19.25%
2025-06-06 00:52:49,262 | INFO | Train Gamma Loss=-0.0094 | Val Gamma Loss=0.00023696187417954206
2025-06-06 00:52:49,264 | INFO | New best model saved (val loss = 3.3327)
2025-06-06 00:53:41,751 | INFO | Epoch: 14 | Time: 52.47s
2025-06-06 00:53:41,751 | INFO | Train Loss=3.5439, Train Acc=23.77%
2025-06-06 00:53:41,751 | INFO | Val Loss=3.0291, Val Acc=23.67%
2025-06-06 00:53:41,752 | INFO | Train Gamma Loss=-0.0102 | Val Gamma Loss=0.00010983609536197037
2025-06-06 00:53:41,753 | INFO | New best model saved (val loss = 3.0291)
2025-06-06 00:54:34,555 | INFO | Epoch: 15 | Time: 52.78s
2025-06-06 00:54:34,555 | INFO | Train Loss=3.4051, Train Acc=26.32%
2025-06-06 00:54:34,555 | INFO | Val Loss=2.7828, Val Acc=29.50%
2025-06-06 00:54:34,555 | INFO | Train Gamma Loss=-0.0102 | Val Gamma Loss=0.00014343355724122375
2025-06-06 00:54:34,556 | INFO | New best model saved (val loss = 2.7828)
2025-06-06 00:55:31,313 | INFO | Epoch: 16 | Time: 56.70s
2025-06-06 00:55:31,313 | INFO | Train Loss=3.4961, Train Acc=27.15%
2025-06-06 00:55:31,313 | INFO | Val Loss=2.9733, Val Acc=25.67%
2025-06-06 00:55:31,313 | INFO | Train Gamma Loss=-0.0100 | Val Gamma Loss=0.0004931182484142482
2025-06-06 00:56:27,991 | INFO | Epoch: 17 | Time: 56.62s
2025-06-06 00:56:27,991 | INFO | Train Loss=3.3564, Train Acc=28.07%
2025-06-06 00:56:27,991 | INFO | Val Loss=2.8442, Val Acc=26.92%
2025-06-06 00:56:27,991 | INFO | Train Gamma Loss=-0.0097 | Val Gamma Loss=0.00023692866670899093
2025-06-06 00:57:19,330 | INFO | Epoch: 18 | Time: 51.33s
2025-06-06 00:57:19,331 | INFO | Train Loss=3.4102, Train Acc=29.28%
2025-06-06 00:57:19,331 | INFO | Val Loss=2.6863, Val Acc=31.00%
2025-06-06 00:57:19,331 | INFO | Train Gamma Loss=-0.0100 | Val Gamma Loss=0.0007232821662910283
2025-06-06 00:57:19,332 | INFO | New best model saved (val loss = 2.6863)
2025-06-06 00:58:16,477 | INFO | Epoch: 19 | Time: 57.12s
2025-06-06 00:58:16,477 | INFO | Train Loss=3.2288, Train Acc=33.03%
2025-06-06 00:58:16,477 | INFO | Val Loss=2.6663, Val Acc=30.33%
2025-06-06 00:58:16,477 | INFO | Train Gamma Loss=-0.0098 | Val Gamma Loss=0.000810466764960438
2025-06-06 00:58:16,478 | INFO | New best model saved (val loss = 2.6663)
2025-06-06 00:59:13,727 | INFO | Epoch: 20 | Time: 57.23s
2025-06-06 00:59:13,727 | INFO | Train Loss=3.2166, Train Acc=33.30%
2025-06-06 00:59:13,727 | INFO | Val Loss=2.5446, Val Acc=34.75%
2025-06-06 00:59:13,727 | INFO | Train Gamma Loss=-0.0097 | Val Gamma Loss=0.00031376752303913236
2025-06-06 00:59:13,728 | INFO | New best model saved (val loss = 2.5446)
2025-06-06 01:00:10,659 | INFO | Epoch: 21 | Time: 56.87s
2025-06-06 01:00:10,659 | INFO | Train Loss=3.2466, Train Acc=33.27%
2025-06-06 01:00:10,659 | INFO | Val Loss=2.6172, Val Acc=32.92%
2025-06-06 01:00:10,670 | INFO | Train Gamma Loss=-0.0100 | Val Gamma Loss=0.0004912139265798032
2025-06-06 01:01:07,009 | INFO | Epoch: 22 | Time: 56.32s
2025-06-06 01:01:07,009 | INFO | Train Loss=3.0470, Train Acc=37.42%
2025-06-06 01:01:07,009 | INFO | Val Loss=2.5805, Val Acc=32.58%
2025-06-06 01:01:07,009 | INFO | Train Gamma Loss=-0.0101 | Val Gamma Loss=0.00024760980159044266
2025-06-06 01:02:01,988 | INFO | Epoch: 23 | Time: 54.97s
2025-06-06 01:02:01,988 | INFO | Train Loss=3.0203, Train Acc=38.73%
2025-06-06 01:02:01,988 | INFO | Val Loss=2.5394, Val Acc=34.67%
2025-06-06 01:02:01,988 | INFO | Train Gamma Loss=-0.0101 | Val Gamma Loss=0.0007759596919640899
2025-06-06 01:02:01,989 | INFO | New best model saved (val loss = 2.5394)
2025-06-06 01:02:54,889 | INFO | Epoch: 24 | Time: 52.86s
2025-06-06 01:02:54,942 | INFO | Train Loss=3.0211, Train Acc=38.97%
2025-06-06 01:02:54,942 | INFO | Val Loss=2.6016, Val Acc=34.92%
2025-06-06 01:02:54,942 | INFO | Train Gamma Loss=-0.0097 | Val Gamma Loss=0.001335448119789362
2025-06-06 01:03:52,104 | INFO | Epoch: 25 | Time: 57.14s
2025-06-06 01:03:52,105 | INFO | Train Loss=3.1194, Train Acc=37.42%
2025-06-06 01:03:52,105 | INFO | Val Loss=2.7100, Val Acc=30.92%
2025-06-06 01:03:52,105 | INFO | Train Gamma Loss=-0.0096 | Val Gamma Loss=0.0007185068679973483
2025-06-06 01:04:49,393 | INFO | Epoch: 26 | Time: 57.25s
2025-06-06 01:04:49,393 | INFO | Train Loss=3.0247, Train Acc=38.38%
2025-06-06 01:04:49,393 | INFO | Val Loss=2.4701, Val Acc=34.92%
2025-06-06 01:04:49,394 | INFO | Train Gamma Loss=-0.0100 | Val Gamma Loss=0.0004814256390091032
2025-06-06 01:04:49,395 | INFO | New best model saved (val loss = 2.4701)
2025-06-06 01:05:51,837 | INFO | Epoch: 27 | Time: 62.42s
2025-06-06 01:05:51,837 | INFO | Train Loss=2.8112, Train Acc=44.75%
2025-06-06 01:05:51,837 | INFO | Val Loss=2.4618, Val Acc=35.42%
2025-06-06 01:05:51,837 | INFO | Train Gamma Loss=-0.0098 | Val Gamma Loss=0.003045600838959217
2025-06-06 01:05:51,838 | INFO | New best model saved (val loss = 2.4618)
2025-06-06 01:06:57,985 | INFO | Epoch: 28 | Time: 66.12s
2025-06-06 01:06:57,985 | INFO | Train Loss=2.9013, Train Acc=42.77%
2025-06-06 01:06:57,985 | INFO | Val Loss=2.5447, Val Acc=35.00%
2025-06-06 01:06:57,985 | INFO | Train Gamma Loss=-0.0082 | Val Gamma Loss=0.002012962941080332
2025-06-06 01:08:05,695 | INFO | Epoch: 29 | Time: 67.62s
2025-06-06 01:08:05,695 | INFO | Train Loss=3.0886, Train Acc=39.02%
2025-06-06 01:08:05,695 | INFO | Val Loss=2.6140, Val Acc=31.75%
2025-06-06 01:08:05,695 | INFO | Train Gamma Loss=-0.0096 | Val Gamma Loss=0.0005328066763468087
2025-06-06 01:09:11,748 | INFO | Epoch: 30 | Time: 66.02s
2025-06-06 01:09:11,748 | INFO | Train Loss=2.8420, Train Acc=43.80%
2025-06-06 01:09:11,748 | INFO | Val Loss=2.4224, Val Acc=37.50%
2025-06-06 01:09:11,749 | INFO | Train Gamma Loss=-0.0099 | Val Gamma Loss=0.0006055362755432725
2025-06-06 01:09:11,750 | INFO | New best model saved (val loss = 2.4224)
2025-06-06 01:10:20,292 | INFO | Epoch: 31 | Time: 68.52s
2025-06-06 01:10:20,292 | INFO | Train Loss=2.9390, Train Acc=42.17%
2025-06-06 01:10:20,292 | INFO | Val Loss=2.5628, Val Acc=34.00%
2025-06-06 01:10:20,292 | INFO | Train Gamma Loss=-0.0093 | Val Gamma Loss=0.0005192765383981168
2025-06-06 01:11:28,677 | INFO | Epoch: 32 | Time: 68.36s
2025-06-06 01:11:28,677 | INFO | Train Loss=2.7850, Train Acc=48.12%
2025-06-06 01:11:28,677 | INFO | Val Loss=2.3918, Val Acc=36.67%
2025-06-06 01:11:28,678 | INFO | Train Gamma Loss=-0.0101 | Val Gamma Loss=0.0002903726417571306
2025-06-06 01:11:28,679 | INFO | New best model saved (val loss = 2.3918)
2025-06-06 01:12:34,762 | INFO | Epoch: 33 | Time: 66.05s
2025-06-06 01:12:34,762 | INFO | Train Loss=2.6844, Train Acc=48.83%
2025-06-06 01:12:34,762 | INFO | Val Loss=2.4142, Val Acc=37.25%
2025-06-06 01:12:34,762 | INFO | Train Gamma Loss=-0.0101 | Val Gamma Loss=0.00018331475439481437
2025-06-06 01:13:40,506 | INFO | Epoch: 34 | Time: 65.69s
2025-06-06 01:13:40,506 | INFO | Train Loss=2.7950, Train Acc=47.38%
2025-06-06 01:13:40,516 | INFO | Val Loss=2.4386, Val Acc=37.67%
2025-06-06 01:13:40,517 | INFO | Train Gamma Loss=-0.0103 | Val Gamma Loss=0.00010577377543086186
2025-06-06 01:14:46,858 | INFO | Epoch: 35 | Time: 66.31s
2025-06-06 01:14:46,858 | INFO | Train Loss=2.7670, Train Acc=50.42%
2025-06-06 01:14:46,858 | INFO | Val Loss=2.1794, Val Acc=44.08%
2025-06-06 01:14:46,858 | INFO | Train Gamma Loss=-0.0103 | Val Gamma Loss=0.000313347700284794
2025-06-06 01:14:46,859 | INFO | New best model saved (val loss = 2.1794)
2025-06-06 01:15:56,004 | INFO | Epoch: 36 | Time: 69.13s
2025-06-06 01:15:56,010 | INFO | Train Loss=2.8410, Train Acc=48.27%
2025-06-06 01:15:56,010 | INFO | Val Loss=2.1285, Val Acc=44.25%
2025-06-06 01:15:56,011 | INFO | Train Gamma Loss=-0.0100 | Val Gamma Loss=0.0012353315250948071
2025-06-06 01:15:56,011 | INFO | New best model saved (val loss = 2.1285)
2025-06-06 01:17:05,052 | INFO | Epoch: 37 | Time: 69.01s
2025-06-06 01:17:05,053 | INFO | Train Loss=2.5492, Train Acc=52.58%
2025-06-06 01:17:05,053 | INFO | Val Loss=2.1468, Val Acc=44.08%
2025-06-06 01:17:05,053 | INFO | Train Gamma Loss=-0.0100 | Val Gamma Loss=0.0001256038958672434
2025-06-06 01:18:15,477 | INFO | Epoch: 38 | Time: 70.41s
2025-06-06 01:18:15,477 | INFO | Train Loss=2.6779, Train Acc=51.80%
2025-06-06 01:18:15,477 | INFO | Val Loss=2.2450, Val Acc=42.92%
2025-06-06 01:18:15,477 | INFO | Train Gamma Loss=-0.0103 | Val Gamma Loss=0.00029143912252038717
2025-06-06 01:19:24,674 | INFO | Epoch: 39 | Time: 69.18s
2025-06-06 01:19:24,674 | INFO | Train Loss=2.4371, Train Acc=56.45%
2025-06-06 01:19:24,674 | INFO | Val Loss=2.0474, Val Acc=44.92%
2025-06-06 01:19:24,674 | INFO | Train Gamma Loss=-0.0103 | Val Gamma Loss=0.0001664321025600657
2025-06-06 01:19:24,676 | INFO | New best model saved (val loss = 2.0474)
2025-06-06 01:20:33,539 | INFO | Epoch: 40 | Time: 68.84s
2025-06-06 01:20:33,539 | INFO | Train Loss=2.5791, Train Acc=55.28%
2025-06-06 01:20:33,539 | INFO | Val Loss=2.2063, Val Acc=42.08%
2025-06-06 01:20:33,540 | INFO | Train Gamma Loss=-0.0102 | Val Gamma Loss=0.00026248174253851175
2025-06-06 01:21:41,037 | INFO | Epoch: 41 | Time: 67.48s
2025-06-06 01:21:41,037 | INFO | Train Loss=2.5675, Train Acc=54.80%
2025-06-06 01:21:41,037 | INFO | Val Loss=2.1208, Val Acc=44.50%
2025-06-06 01:21:41,037 | INFO | Train Gamma Loss=-0.0102 | Val Gamma Loss=0.00022552166774403304
2025-06-06 01:22:46,475 | INFO | Epoch: 42 | Time: 65.43s
2025-06-06 01:22:46,475 | INFO | Train Loss=2.6178, Train Acc=54.33%
2025-06-06 01:22:46,475 | INFO | Val Loss=2.0995, Val Acc=44.83%
2025-06-06 01:22:46,475 | INFO | Train Gamma Loss=-0.0103 | Val Gamma Loss=0.00011744154471671209
2025-06-06 01:23:52,142 | INFO | Epoch: 43 | Time: 65.61s
2025-06-06 01:23:52,142 | INFO | Train Loss=2.6196, Train Acc=56.12%
2025-06-06 01:23:52,142 | INFO | Val Loss=2.3168, Val Acc=40.50%
2025-06-06 01:23:52,142 | INFO | Train Gamma Loss=-0.0104 | Val Gamma Loss=0.0002670015674084425
2025-06-06 01:24:51,269 | INFO | Epoch: 44 | Time: 59.12s
2025-06-06 01:24:51,270 | INFO | Train Loss=2.6409, Train Acc=53.87%
2025-06-06 01:24:51,270 | INFO | Val Loss=2.1339, Val Acc=44.25%
2025-06-06 01:24:51,270 | INFO | Train Gamma Loss=-0.0102 | Val Gamma Loss=0.00025391715462319553
2025-06-06 01:25:47,375 | INFO | Epoch: 45 | Time: 56.09s
2025-06-06 01:25:47,375 | INFO | Train Loss=2.4433, Train Acc=59.15%
2025-06-06 01:25:47,375 | INFO | Val Loss=2.0435, Val Acc=46.92%
2025-06-06 01:25:47,375 | INFO | Train Gamma Loss=-0.0100 | Val Gamma Loss=0.000388950458727777
2025-06-06 01:25:47,376 | INFO | New best model saved (val loss = 2.0435)
2025-06-06 01:26:42,227 | INFO | Epoch: 46 | Time: 54.70s
2025-06-06 01:26:42,227 | INFO | Train Loss=2.4745, Train Acc=60.30%
2025-06-06 01:26:42,227 | INFO | Val Loss=2.0987, Val Acc=46.25%
2025-06-06 01:26:42,227 | INFO | Train Gamma Loss=-0.0096 | Val Gamma Loss=0.0006204309756867588
2025-06-06 01:27:34,868 | INFO | Epoch: 47 | Time: 52.63s
2025-06-06 01:27:34,869 | INFO | Train Loss=2.5403, Train Acc=59.12%
2025-06-06 01:27:34,869 | INFO | Val Loss=2.2024, Val Acc=42.50%
2025-06-06 01:27:34,885 | INFO | Train Gamma Loss=-0.0101 | Val Gamma Loss=0.0005231163231655955
2025-06-06 01:28:36,865 | INFO | Epoch: 48 | Time: 61.91s
2025-06-06 01:28:36,865 | INFO | Train Loss=2.1262, Train Acc=65.62%
2025-06-06 01:28:36,865 | INFO | Val Loss=1.9947, Val Acc=46.50%
2025-06-06 01:28:36,865 | INFO | Train Gamma Loss=-0.0101 | Val Gamma Loss=0.00016662744747009128
2025-06-06 01:28:36,866 | INFO | New best model saved (val loss = 1.9947)
2025-06-06 01:29:41,616 | INFO | Epoch: 49 | Time: 64.66s
2025-06-06 01:29:41,617 | INFO | Train Loss=2.4008, Train Acc=61.45%
2025-06-06 01:29:41,617 | INFO | Val Loss=1.8872, Val Acc=50.00%
2025-06-06 01:29:41,617 | INFO | Train Gamma Loss=-0.0102 | Val Gamma Loss=0.0001579836680321023
2025-06-06 01:29:41,618 | INFO | New best model saved (val loss = 1.8872)
2025-06-06 01:30:46,828 | INFO | Epoch: 50 | Time: 65.11s
2025-06-06 01:30:46,828 | INFO | Train Loss=2.3613, Train Acc=64.93%
2025-06-06 01:30:46,828 | INFO | Val Loss=2.0385, Val Acc=47.25%
2025-06-06 01:30:46,828 | INFO | Train Gamma Loss=-0.0102 | Val Gamma Loss=0.00025442964397370815
2025-06-06 01:31:53,065 | INFO | Epoch: 51 | Time: 66.19s
2025-06-06 01:31:53,065 | INFO | Train Loss=2.1333, Train Acc=68.25%
2025-06-06 01:31:53,065 | INFO | Val Loss=1.9473, Val Acc=48.25%
2025-06-06 01:31:53,065 | INFO | Train Gamma Loss=-0.0103 | Val Gamma Loss=0.00017782030045054853
2025-06-06 01:32:56,552 | INFO | Epoch: 52 | Time: 63.35s
2025-06-06 01:32:56,553 | INFO | Train Loss=2.3821, Train Acc=65.48%
2025-06-06 01:32:56,553 | INFO | Val Loss=1.8515, Val Acc=51.83%
2025-06-06 01:32:56,553 | INFO | Train Gamma Loss=-0.0103 | Val Gamma Loss=0.00010071472206618637
2025-06-06 01:32:56,554 | INFO | New best model saved (val loss = 1.8515)
2025-06-06 01:34:01,307 | INFO | Epoch: 53 | Time: 64.69s
2025-06-06 01:34:01,320 | INFO | Train Loss=2.4510, Train Acc=62.93%
2025-06-06 01:34:01,320 | INFO | Val Loss=1.9988, Val Acc=48.67%
2025-06-06 01:34:01,320 | INFO | Train Gamma Loss=-0.0104 | Val Gamma Loss=8.231935498770326e-05
2025-06-06 01:35:05,853 | INFO | Epoch: 54 | Time: 64.46s
2025-06-06 01:35:05,853 | INFO | Train Loss=2.3393, Train Acc=66.35%
2025-06-06 01:35:05,853 | INFO | Val Loss=1.9676, Val Acc=49.75%
2025-06-06 01:35:05,853 | INFO | Train Gamma Loss=-0.0104 | Val Gamma Loss=7.505567918997258e-05
2025-06-06 01:36:10,970 | INFO | Epoch: 55 | Time: 65.06s
2025-06-06 01:36:10,970 | INFO | Train Loss=2.2789, Train Acc=69.57%
2025-06-06 01:36:10,970 | INFO | Val Loss=1.8619, Val Acc=52.42%
2025-06-06 01:36:10,970 | INFO | Train Gamma Loss=-0.0104 | Val Gamma Loss=8.286100637633353e-05
2025-06-06 01:37:13,934 | INFO | Epoch: 56 | Time: 62.94s
2025-06-06 01:37:13,935 | INFO | Train Loss=2.0182, Train Acc=74.15%
2025-06-06 01:37:13,935 | INFO | Val Loss=1.8892, Val Acc=49.92%
2025-06-06 01:37:13,935 | INFO | Train Gamma Loss=-0.0104 | Val Gamma Loss=7.663080759812146e-05
2025-06-06 01:38:18,708 | INFO | Epoch: 57 | Time: 64.76s
2025-06-06 01:38:18,708 | INFO | Train Loss=2.1832, Train Acc=70.87%
2025-06-06 01:38:18,708 | INFO | Val Loss=1.8810, Val Acc=50.92%
2025-06-06 01:38:18,708 | INFO | Train Gamma Loss=-0.0104 | Val Gamma Loss=7.135955092962831e-05
2025-06-06 01:39:25,115 | INFO | Epoch: 58 | Time: 66.39s
2025-06-06 01:39:25,132 | INFO | Train Loss=2.1277, Train Acc=71.92%
2025-06-06 01:39:25,132 | INFO | Val Loss=1.8534, Val Acc=52.92%
2025-06-06 01:39:25,132 | INFO | Train Gamma Loss=-0.0104 | Val Gamma Loss=7.12131368345581e-05
2025-06-06 01:40:31,682 | INFO | Epoch: 59 | Time: 66.52s
2025-06-06 01:40:31,682 | INFO | Train Loss=2.1594, Train Acc=71.22%
2025-06-06 01:40:31,682 | INFO | Val Loss=1.8986, Val Acc=51.42%
2025-06-06 01:40:31,682 | INFO | Train Gamma Loss=-0.0104 | Val Gamma Loss=0.00011941113916691393
2025-06-06 01:41:35,289 | INFO | Epoch: 60 | Time: 63.59s
2025-06-06 01:41:35,290 | INFO | Train Loss=2.1009, Train Acc=72.25%
2025-06-06 01:41:35,290 | INFO | Val Loss=1.8239, Val Acc=52.00%
2025-06-06 01:41:35,290 | INFO | Train Gamma Loss=-0.0103 | Val Gamma Loss=8.399167563766241e-05
2025-06-06 01:41:35,311 | INFO | New best model saved (val loss = 1.8239)
2025-06-06 01:42:39,560 | INFO | Epoch: 61 | Time: 64.22s
2025-06-06 01:42:39,561 | INFO | Train Loss=2.1379, Train Acc=73.08%
2025-06-06 01:42:39,561 | INFO | Val Loss=1.8206, Val Acc=52.58%
2025-06-06 01:42:39,561 | INFO | Train Gamma Loss=-0.0104 | Val Gamma Loss=0.00010823082266142592
2025-06-06 01:42:39,562 | INFO | New best model saved (val loss = 1.8206)
2025-06-06 01:43:42,746 | INFO | Epoch: 62 | Time: 63.12s
2025-06-06 01:43:42,746 | INFO | Train Loss=2.0066, Train Acc=75.68%
2025-06-06 01:43:42,746 | INFO | Val Loss=1.8373, Val Acc=53.08%
2025-06-06 01:43:42,746 | INFO | Train Gamma Loss=-0.0104 | Val Gamma Loss=9.023374150274321e-05
2025-06-06 01:44:47,806 | INFO | Epoch: 63 | Time: 65.05s
2025-06-06 01:44:47,819 | INFO | Train Loss=1.9259, Train Acc=79.85%
2025-06-06 01:44:47,819 | INFO | Val Loss=1.7945, Val Acc=54.08%
2025-06-06 01:44:47,819 | INFO | Train Gamma Loss=-0.0104 | Val Gamma Loss=8.630476804682985e-05
2025-06-06 01:44:47,820 | INFO | New best model saved (val loss = 1.7945)
2025-06-06 01:45:53,050 | INFO | Epoch: 64 | Time: 65.20s
2025-06-06 01:45:53,050 | INFO | Train Loss=1.7000, Train Acc=83.98%
2025-06-06 01:45:53,050 | INFO | Val Loss=1.7723, Val Acc=54.00%
2025-06-06 01:45:53,050 | INFO | Train Gamma Loss=-0.0104 | Val Gamma Loss=5.83275941608008e-05
2025-06-06 01:45:53,051 | INFO | New best model saved (val loss = 1.7723)
2025-06-06 01:46:57,094 | INFO | Epoch: 65 | Time: 64.01s
2025-06-06 01:46:57,094 | INFO | Train Loss=2.0952, Train Acc=76.72%
2025-06-06 01:46:57,094 | INFO | Val Loss=1.7983, Val Acc=54.17%
2025-06-06 01:46:57,094 | INFO | Train Gamma Loss=-0.0105 | Val Gamma Loss=6.258112262003124e-05
2025-06-06 01:48:00,049 | INFO | Epoch: 66 | Time: 62.91s
2025-06-06 01:48:00,049 | INFO | Train Loss=2.0393, Train Acc=76.38%
2025-06-06 01:48:00,049 | INFO | Val Loss=1.8254, Val Acc=52.75%
2025-06-06 01:48:00,049 | INFO | Train Gamma Loss=-0.0104 | Val Gamma Loss=7.41411276976578e-05
2025-06-06 01:49:04,213 | INFO | Epoch: 67 | Time: 64.15s
2025-06-06 01:49:04,213 | INFO | Train Loss=1.8696, Train Acc=79.62%
2025-06-06 01:49:04,213 | INFO | Val Loss=1.8325, Val Acc=54.25%
2025-06-06 01:49:04,213 | INFO | Train Gamma Loss=-0.0104 | Val Gamma Loss=7.123730756575242e-05
2025-06-06 01:50:06,579 | INFO | Epoch: 68 | Time: 62.35s
2025-06-06 01:50:06,580 | INFO | Train Loss=1.8044, Train Acc=81.50%
2025-06-06 01:50:06,580 | INFO | Val Loss=1.8004, Val Acc=54.92%
2025-06-06 01:50:06,580 | INFO | Train Gamma Loss=-0.0104 | Val Gamma Loss=7.730546349193901e-05
2025-06-06 01:51:12,167 | INFO | Epoch: 69 | Time: 65.51s
2025-06-06 01:51:12,167 | INFO | Train Loss=1.8991, Train Acc=82.62%
2025-06-06 01:51:12,167 | INFO | Val Loss=1.8022, Val Acc=55.92%
2025-06-06 01:51:12,167 | INFO | Train Gamma Loss=-0.0104 | Val Gamma Loss=8.092316420515999e-05
2025-06-06 01:52:14,453 | INFO | Epoch: 70 | Time: 62.27s
2025-06-06 01:52:14,453 | INFO | Train Loss=1.6614, Train Acc=85.85%
2025-06-06 01:52:14,453 | INFO | Val Loss=1.7777, Val Acc=54.17%
2025-06-06 01:52:14,453 | INFO | Train Gamma Loss=-0.0104 | Val Gamma Loss=6.80396260577254e-05
2025-06-06 01:53:17,785 | INFO | Epoch: 71 | Time: 63.31s
2025-06-06 01:53:17,786 | INFO | Train Loss=1.8731, Train Acc=81.77%
2025-06-06 01:53:17,786 | INFO | Val Loss=1.7653, Val Acc=56.17%
2025-06-06 01:53:17,786 | INFO | Train Gamma Loss=-0.0104 | Val Gamma Loss=7.193592318799347e-05
2025-06-06 01:53:17,787 | INFO | New best model saved (val loss = 1.7653)
2025-06-06 01:54:18,252 | INFO | Epoch: 72 | Time: 60.44s
2025-06-06 01:54:18,252 | INFO | Train Loss=1.9871, Train Acc=78.07%
2025-06-06 01:54:18,253 | INFO | Val Loss=1.7690, Val Acc=55.75%
2025-06-06 01:54:18,253 | INFO | Train Gamma Loss=-0.0104 | Val Gamma Loss=6.229643622646108e-05
2025-06-06 01:55:21,932 | INFO | Epoch: 73 | Time: 63.58s
2025-06-06 01:55:21,932 | INFO | Train Loss=1.9719, Train Acc=80.60%
2025-06-06 01:55:21,932 | INFO | Val Loss=1.7693, Val Acc=54.83%
2025-06-06 01:55:21,932 | INFO | Train Gamma Loss=-0.0104 | Val Gamma Loss=6.150314584374428e-05
2025-06-06 01:56:29,842 | INFO | Epoch: 74 | Time: 67.82s
2025-06-06 01:56:29,842 | INFO | Train Loss=1.7311, Train Acc=85.37%
2025-06-06 01:56:29,842 | INFO | Val Loss=1.7767, Val Acc=54.83%
2025-06-06 01:56:29,842 | INFO | Train Gamma Loss=-0.0105 | Val Gamma Loss=6.144406506791711e-05
2025-06-06 01:57:34,694 | INFO | Epoch: 75 | Time: 64.81s
2025-06-06 01:57:34,707 | INFO | Train Loss=1.6978, Train Acc=84.78%
2025-06-06 01:57:34,707 | INFO | Val Loss=1.7731, Val Acc=56.00%
2025-06-06 01:57:34,707 | INFO | Train Gamma Loss=-0.0105 | Val Gamma Loss=5.9647136367857456e-05
