2025-04-18 20:24:57,837 | INFO | Job Started
2025-04-18 20:24:57,837 | INFO | Logging run: /rds/general/user/psp20/home/Brain-Network/runs/zoom_20250418-202457
2025-04-18 20:24:57,837 | INFO | Config:
{
  "run_name": "zoom",
  "writer": true,
  "seed": 42,
  "train_split": 0.9,
  "batch_size": 256,
  "num_workers": 2,
  "model_type": "zoom",
  "optimizer": "adam",
  "scheduler": "ReduceLROnPlateau",
  "criterion": "CE",
  "lr": 0.001,
  "epochs": 50,
  "early_stopping": true,
  "patience": 10,
  "min_diff": 0.001,
  "use_flex": false,
  "use_pos_embed": true,
  "add_dropout": true,
  "mlp_end": false,
  "add_cls_token": false,
  "num_layers": 2
}
2025-04-18 20:24:57,999 | INFO | Using device: cuda
2025-04-18 20:24:57,999 | INFO | Training for 50 epochs
2025-04-18 20:24:57,999 | INFO | Debug mode: False
2025-04-18 20:25:08,572 | INFO | Epoch 1: Train Loss=1.5860, Train Acc=40.55% | Val Loss=1.3494, Val Acc=51.96% | Time: 8.18s
2025-04-18 20:25:08,574 | INFO | New best model saved (val loss = 1.3494)
2025-04-18 20:25:16,622 | INFO | Epoch 2: Train Loss=1.0766, Train Acc=61.08% | Val Loss=1.1460, Val Acc=57.46% | Time: 8.05s
2025-04-18 20:25:16,623 | INFO | New best model saved (val loss = 1.1460)
2025-04-18 20:25:24,558 | INFO | Epoch 3: Train Loss=0.8859, Train Acc=68.28% | Val Loss=1.0224, Val Acc=63.64% | Time: 7.93s
2025-04-18 20:25:24,559 | INFO | New best model saved (val loss = 1.0224)
2025-04-18 20:25:32,672 | INFO | Epoch 4: Train Loss=0.7505, Train Acc=73.62% | Val Loss=0.8713, Val Acc=69.48% | Time: 8.11s
2025-04-18 20:25:32,673 | INFO | New best model saved (val loss = 0.8713)
2025-04-18 20:25:40,644 | INFO | Epoch 5: Train Loss=0.6528, Train Acc=77.25% | Val Loss=0.9043, Val Acc=68.34% | Time: 7.97s
2025-04-18 20:25:48,615 | INFO | Epoch 6: Train Loss=0.5863, Train Acc=79.70% | Val Loss=0.6985, Val Acc=75.20% | Time: 7.97s
2025-04-18 20:25:48,616 | INFO | New best model saved (val loss = 0.6985)
2025-04-18 20:25:56,675 | INFO | Epoch 7: Train Loss=0.5235, Train Acc=82.07% | Val Loss=0.6995, Val Acc=76.04% | Time: 8.06s
2025-04-18 20:26:04,645 | INFO | Epoch 8: Train Loss=0.4850, Train Acc=83.36% | Val Loss=0.6315, Val Acc=78.36% | Time: 7.97s
2025-04-18 20:26:04,646 | INFO | New best model saved (val loss = 0.6315)
2025-04-18 20:26:12,702 | INFO | Epoch 9: Train Loss=0.4552, Train Acc=84.45% | Val Loss=0.5451, Val Acc=81.46% | Time: 8.05s
2025-04-18 20:26:12,703 | INFO | New best model saved (val loss = 0.5451)
2025-04-18 20:26:20,698 | INFO | Epoch 10: Train Loss=0.4199, Train Acc=85.49% | Val Loss=0.6288, Val Acc=79.98% | Time: 7.99s
2025-04-18 20:26:28,665 | INFO | Epoch 11: Train Loss=0.3979, Train Acc=86.28% | Val Loss=0.4990, Val Acc=83.42% | Time: 7.96s
2025-04-18 20:26:28,667 | INFO | New best model saved (val loss = 0.4990)
2025-04-18 20:26:36,645 | INFO | Epoch 12: Train Loss=0.3713, Train Acc=87.27% | Val Loss=0.5476, Val Acc=81.92% | Time: 7.97s
2025-04-18 20:26:44,676 | INFO | Epoch 13: Train Loss=0.3492, Train Acc=87.96% | Val Loss=0.7254, Val Acc=77.26% | Time: 8.03s
2025-04-18 20:26:52,685 | INFO | Epoch 14: Train Loss=0.3397, Train Acc=88.27% | Val Loss=0.6095, Val Acc=80.04% | Time: 8.00s
2025-04-18 20:27:00,681 | INFO | Epoch 15: Train Loss=0.3183, Train Acc=89.08% | Val Loss=0.5648, Val Acc=81.14% | Time: 7.99s
2025-04-18 20:27:08,775 | INFO | Epoch 16: Train Loss=0.2113, Train Acc=92.90% | Val Loss=0.3226, Val Acc=89.18% | Time: 8.09s
2025-04-18 20:27:08,777 | INFO | New best model saved (val loss = 0.3226)
2025-04-18 20:27:16,986 | INFO | Epoch 17: Train Loss=0.1769, Train Acc=94.04% | Val Loss=0.3250, Val Acc=89.50% | Time: 8.19s
2025-04-18 20:27:25,119 | INFO | Epoch 18: Train Loss=0.1652, Train Acc=94.44% | Val Loss=0.3155, Val Acc=90.00% | Time: 8.13s
2025-04-18 20:27:25,120 | INFO | New best model saved (val loss = 0.3155)
2025-04-18 20:27:33,563 | INFO | Epoch 19: Train Loss=0.1525, Train Acc=94.84% | Val Loss=0.3215, Val Acc=89.66% | Time: 8.44s
2025-04-18 20:27:41,772 | INFO | Epoch 20: Train Loss=0.1442, Train Acc=95.27% | Val Loss=0.3174, Val Acc=89.80% | Time: 8.20s
2025-04-18 20:27:49,983 | INFO | Epoch 21: Train Loss=0.1360, Train Acc=95.37% | Val Loss=0.3388, Val Acc=89.42% | Time: 8.20s
2025-04-18 20:27:58,173 | INFO | Epoch 22: Train Loss=0.1295, Train Acc=95.62% | Val Loss=0.3288, Val Acc=89.92% | Time: 8.18s
2025-04-18 20:28:06,419 | INFO | Epoch 23: Train Loss=0.1137, Train Acc=96.16% | Val Loss=0.3181, Val Acc=90.42% | Time: 8.24s
2025-04-18 20:28:14,599 | INFO | Epoch 24: Train Loss=0.1077, Train Acc=96.35% | Val Loss=0.3197, Val Acc=90.42% | Time: 8.17s
2025-04-18 20:28:22,897 | INFO | Epoch 25: Train Loss=0.1063, Train Acc=96.53% | Val Loss=0.3159, Val Acc=90.12% | Time: 8.29s
2025-04-18 20:28:30,958 | INFO | Epoch 26: Train Loss=0.1078, Train Acc=96.43% | Val Loss=0.3175, Val Acc=90.36% | Time: 8.05s
2025-04-18 20:28:39,024 | INFO | Epoch 27: Train Loss=0.1033, Train Acc=96.54% | Val Loss=0.3198, Val Acc=90.38% | Time: 8.06s
2025-04-18 20:28:47,184 | INFO | Epoch 28: Train Loss=0.1013, Train Acc=96.61% | Val Loss=0.3191, Val Acc=90.54% | Time: 8.15s
2025-04-18 20:28:47,184 | INFO | Early stopping triggered at epoch 28
2025-04-18 20:28:47,249 | INFO | Best model with lowest val loss 0.31554420441389086 at 17 epoch is saved.
2025-04-18 20:28:48,085 | INFO | Test Accuracy: 90.42% | Test Loss: 0.33
2025-04-18 20:28:48,087 | INFO | 
Job Completed
