2025-04-22 15:21:34,666 | INFO | Job Started
2025-04-22 15:21:34,666 | INFO | Logging run: /rds/general/user/psp20/home/Brain-Network/runs/lord_seed_m3_20250422-152134
2025-04-22 15:21:34,853 | INFO | Using device: cuda
2025-04-22 15:21:34,853 | INFO | Training for 50 epochs
2025-04-22 15:21:34,853 | INFO | Debug mode: False
2025-04-22 15:21:34,853 | INFO | Downsampling by: 0
2025-04-22 15:21:36,166 | INFO | Using foveation transform
2025-04-22 15:21:37,980 | INFO | Full train/val size with downsampling (0): 50000
2025-04-22 15:21:40,060 | INFO | Label smoothing: 0.1
2025-04-22 15:21:59,783 | INFO | Epoch 1: Train Loss=2.0159, Train Acc=24.60% | Val Loss=1.9906, Val Acc=28.54% | Time: 19.72s
2025-04-22 15:21:59,784 | INFO | New best model saved (val loss = 1.9906)
2025-04-22 15:22:17,424 | INFO | Epoch 2: Train Loss=1.7925, Train Acc=37.72% | Val Loss=1.7485, Val Acc=40.52% | Time: 17.64s
2025-04-22 15:22:17,426 | INFO | New best model saved (val loss = 1.7485)
2025-04-22 15:22:35,031 | INFO | Epoch 3: Train Loss=1.6318, Train Acc=46.78% | Val Loss=1.5885, Val Acc=50.30% | Time: 17.61s
2025-04-22 15:22:35,033 | INFO | New best model saved (val loss = 1.5885)
2025-04-22 15:22:52,631 | INFO | Epoch 4: Train Loss=1.5187, Train Acc=52.90% | Val Loss=1.4798, Val Acc=54.52% | Time: 17.60s
2025-04-22 15:22:52,632 | INFO | New best model saved (val loss = 1.4798)
2025-04-22 15:23:10,284 | INFO | Epoch 5: Train Loss=1.4476, Train Acc=56.70% | Val Loss=1.6162, Val Acc=50.08% | Time: 17.65s
2025-04-22 15:23:28,032 | INFO | Epoch 6: Train Loss=1.3964, Train Acc=58.89% | Val Loss=1.4181, Val Acc=57.66% | Time: 17.75s
2025-04-22 15:23:28,033 | INFO | New best model saved (val loss = 1.4181)
2025-04-22 15:23:45,433 | INFO | Epoch 7: Train Loss=1.3483, Train Acc=61.82% | Val Loss=1.4398, Val Acc=55.80% | Time: 17.40s
2025-04-22 15:24:03,073 | INFO | Epoch 8: Train Loss=1.3002, Train Acc=63.93% | Val Loss=1.3020, Val Acc=63.78% | Time: 17.64s
2025-04-22 15:24:03,074 | INFO | New best model saved (val loss = 1.3020)
2025-04-22 15:24:20,541 | INFO | Epoch 9: Train Loss=1.2699, Train Acc=65.44% | Val Loss=1.3081, Val Acc=64.04% | Time: 17.47s
2025-04-22 15:24:38,220 | INFO | Epoch 10: Train Loss=1.2377, Train Acc=66.98% | Val Loss=1.3429, Val Acc=62.00% | Time: 17.68s
2025-04-22 15:24:55,731 | INFO | Epoch 11: Train Loss=1.2137, Train Acc=68.04% | Val Loss=1.2891, Val Acc=65.36% | Time: 17.51s
2025-04-22 15:24:55,732 | INFO | New best model saved (val loss = 1.2891)
2025-04-22 15:25:13,389 | INFO | Epoch 12: Train Loss=1.1878, Train Acc=69.55% | Val Loss=1.2349, Val Acc=67.88% | Time: 17.66s
2025-04-22 15:25:13,390 | INFO | New best model saved (val loss = 1.2349)
2025-04-22 15:25:31,059 | INFO | Epoch 13: Train Loss=1.1665, Train Acc=70.28% | Val Loss=1.2184, Val Acc=67.60% | Time: 17.67s
2025-04-22 15:25:31,060 | INFO | New best model saved (val loss = 1.2184)
2025-04-22 15:25:48,737 | INFO | Epoch 14: Train Loss=1.1449, Train Acc=71.09% | Val Loss=1.2049, Val Acc=68.28% | Time: 17.68s
2025-04-22 15:25:48,738 | INFO | New best model saved (val loss = 1.2049)
2025-04-22 15:26:06,419 | INFO | Epoch 15: Train Loss=1.1263, Train Acc=72.12% | Val Loss=1.1528, Val Acc=71.22% | Time: 17.68s
2025-04-22 15:26:06,421 | INFO | New best model saved (val loss = 1.1528)
2025-04-22 15:26:24,049 | INFO | Epoch 16: Train Loss=1.1116, Train Acc=72.89% | Val Loss=1.1311, Val Acc=71.74% | Time: 17.63s
2025-04-22 15:26:24,050 | INFO | New best model saved (val loss = 1.1311)
2025-04-22 15:26:41,685 | INFO | Epoch 17: Train Loss=1.0920, Train Acc=73.60% | Val Loss=1.2245, Val Acc=68.04% | Time: 17.63s
2025-04-22 15:26:59,343 | INFO | Epoch 18: Train Loss=1.0843, Train Acc=74.13% | Val Loss=1.1123, Val Acc=73.08% | Time: 17.66s
2025-04-22 15:26:59,345 | INFO | New best model saved (val loss = 1.1123)
2025-04-22 15:27:17,144 | INFO | Epoch 19: Train Loss=1.0660, Train Acc=74.90% | Val Loss=1.1204, Val Acc=72.68% | Time: 17.80s
2025-04-22 15:27:34,725 | INFO | Epoch 20: Train Loss=1.0509, Train Acc=75.48% | Val Loss=1.1167, Val Acc=72.22% | Time: 17.58s
2025-04-22 15:27:52,309 | INFO | Epoch 21: Train Loss=1.0326, Train Acc=76.39% | Val Loss=1.0926, Val Acc=74.12% | Time: 17.58s
2025-04-22 15:27:52,310 | INFO | New best model saved (val loss = 1.0926)
2025-04-22 15:28:09,969 | INFO | Epoch 22: Train Loss=1.0248, Train Acc=76.64% | Val Loss=1.1392, Val Acc=71.76% | Time: 17.66s
2025-04-22 15:28:27,576 | INFO | Epoch 23: Train Loss=1.0198, Train Acc=77.12% | Val Loss=1.0676, Val Acc=74.70% | Time: 17.61s
2025-04-22 15:28:27,577 | INFO | New best model saved (val loss = 1.0676)
2025-04-22 15:28:45,248 | INFO | Epoch 24: Train Loss=1.0006, Train Acc=78.12% | Val Loss=1.0816, Val Acc=74.50% | Time: 17.67s
2025-04-22 15:29:02,911 | INFO | Epoch 25: Train Loss=0.9961, Train Acc=78.20% | Val Loss=1.0432, Val Acc=76.12% | Time: 17.66s
2025-04-22 15:29:02,912 | INFO | New best model saved (val loss = 1.0432)
2025-04-22 15:29:20,698 | INFO | Epoch 26: Train Loss=0.9833, Train Acc=78.70% | Val Loss=1.0428, Val Acc=75.76% | Time: 17.79s
2025-04-22 15:29:20,699 | INFO | New best model saved (val loss = 1.0428)
2025-04-22 15:29:38,359 | INFO | Epoch 27: Train Loss=0.9763, Train Acc=79.02% | Val Loss=1.0726, Val Acc=74.50% | Time: 17.66s
2025-04-22 15:29:56,023 | INFO | Epoch 28: Train Loss=0.9660, Train Acc=79.37% | Val Loss=1.0046, Val Acc=77.64% | Time: 17.66s
2025-04-22 15:29:56,024 | INFO | New best model saved (val loss = 1.0046)
2025-04-22 15:30:13,684 | INFO | Epoch 29: Train Loss=0.9535, Train Acc=80.06% | Val Loss=1.0398, Val Acc=76.62% | Time: 17.66s
2025-04-22 15:30:31,301 | INFO | Epoch 30: Train Loss=0.9501, Train Acc=79.90% | Val Loss=1.0336, Val Acc=76.12% | Time: 17.62s
2025-04-22 15:30:48,947 | INFO | Epoch 31: Train Loss=0.9427, Train Acc=80.41% | Val Loss=1.0613, Val Acc=75.54% | Time: 17.65s
2025-04-22 15:31:06,507 | INFO | Epoch 32: Train Loss=0.9298, Train Acc=80.94% | Val Loss=1.0066, Val Acc=77.48% | Time: 17.56s
2025-04-22 15:31:24,144 | INFO | Epoch 33: Train Loss=0.9316, Train Acc=80.82% | Val Loss=0.9881, Val Acc=78.72% | Time: 17.64s
2025-04-22 15:31:24,145 | INFO | New best model saved (val loss = 0.9881)
2025-04-22 15:31:41,803 | INFO | Epoch 34: Train Loss=0.9210, Train Acc=81.50% | Val Loss=1.0006, Val Acc=78.44% | Time: 17.66s
2025-04-22 15:31:59,413 | INFO | Epoch 35: Train Loss=0.9146, Train Acc=81.70% | Val Loss=1.0015, Val Acc=77.94% | Time: 17.61s
2025-04-22 15:32:16,885 | INFO | Epoch 36: Train Loss=0.9101, Train Acc=81.84% | Val Loss=1.0272, Val Acc=76.62% | Time: 17.47s
2025-04-22 15:32:34,443 | INFO | Epoch 37: Train Loss=0.9030, Train Acc=82.14% | Val Loss=0.9940, Val Acc=77.98% | Time: 17.56s
2025-04-22 15:32:52,035 | INFO | Epoch 38: Train Loss=0.9002, Train Acc=82.30% | Val Loss=0.9918, Val Acc=78.54% | Time: 17.59s
2025-04-22 15:33:09,710 | INFO | Epoch 39: Train Loss=0.8922, Train Acc=82.60% | Val Loss=1.0341, Val Acc=77.04% | Time: 17.67s
2025-04-22 15:33:27,364 | INFO | Epoch 40: Train Loss=0.8822, Train Acc=83.09% | Val Loss=1.0405, Val Acc=76.66% | Time: 17.65s
2025-04-22 15:33:44,958 | INFO | Epoch 41: Train Loss=0.8901, Train Acc=82.60% | Val Loss=0.9754, Val Acc=79.36% | Time: 17.59s
2025-04-22 15:33:44,959 | INFO | New best model saved (val loss = 0.9754)
2025-04-22 15:34:02,467 | INFO | Epoch 42: Train Loss=0.8728, Train Acc=83.70% | Val Loss=0.9793, Val Acc=78.74% | Time: 17.51s
2025-04-22 15:34:19,871 | INFO | Epoch 43: Train Loss=0.8741, Train Acc=83.38% | Val Loss=0.9573, Val Acc=79.84% | Time: 17.40s
2025-04-22 15:34:19,872 | INFO | New best model saved (val loss = 0.9573)
2025-04-22 15:34:37,551 | INFO | Epoch 44: Train Loss=0.8754, Train Acc=83.47% | Val Loss=0.9981, Val Acc=78.56% | Time: 17.68s
2025-04-22 15:34:55,170 | INFO | Epoch 45: Train Loss=0.8609, Train Acc=84.01% | Val Loss=1.0116, Val Acc=77.62% | Time: 17.62s
2025-04-22 15:35:12,703 | INFO | Epoch 46: Train Loss=0.8588, Train Acc=84.05% | Val Loss=0.9678, Val Acc=79.00% | Time: 17.53s
2025-04-22 15:35:30,408 | INFO | Epoch 47: Train Loss=0.8544, Train Acc=84.32% | Val Loss=0.9616, Val Acc=79.50% | Time: 17.70s
2025-04-22 15:35:48,071 | INFO | Epoch 48: Train Loss=0.8534, Train Acc=84.30% | Val Loss=0.9770, Val Acc=79.18% | Time: 17.66s
2025-04-22 15:36:05,739 | INFO | Epoch 49: Train Loss=0.8462, Train Acc=84.60% | Val Loss=0.9855, Val Acc=78.94% | Time: 17.67s
2025-04-22 15:36:23,249 | INFO | Epoch 50: Train Loss=0.8517, Train Acc=84.40% | Val Loss=0.9744, Val Acc=79.00% | Time: 17.51s
2025-04-22 15:36:23,325 | INFO | Best model with lowest val loss 0.9572525978088379 at 42 epoch is saved.
2025-04-22 15:36:26,723 | INFO | Test Accuracy: 80.65%
2025-04-22 15:36:26,808 | INFO | Last model with val loss 0.9743514746427536 at 49 epoch is saved.
2025-04-22 15:36:29,998 | INFO | Test Accuracy: 80.65%
2025-04-22 15:36:30,007 | INFO | 
Job Completed
