2025-06-06 00:52:31,527 | INFO | Job Started
2025-06-06 00:52:31,527 | INFO | Logging run: /rds/general/user/psp20/home/Brain-Network/runs/zoomvit_p65_sample_eff_0_5_20250606-005231
2025-06-06 00:52:31,535 | INFO | Using device: cuda
2025-06-06 00:52:31,535 | INFO | Training for 100 epochs
2025-06-06 00:52:31,535 | INFO | Debug mode: False
2025-06-06 00:52:31,535 | INFO | Downsampling by: 0.5
2025-06-06 00:52:31,535 | INFO | Auxiliary loss: {'attention_entropy_loss': 0.1}
2025-06-06 00:52:31,536 | INFO | Train transforms: 
	Compose(
    RandomResizedCrop(size=(224, 224), scale=(0.8, 1), ratio=(0.75, 1.3333), interpolation=bilinear, antialias=True)
    RandomHorizontalFlip(p=0.5)
    ColorJitter(brightness=(0.8, 1.2), contrast=(0.8, 1.2), saturation=(0.8, 1.2), hue=None)
    ToTensor()
    Normalize(mean=(0.4765, 0.4517, 0.3911), std=(0.2264, 0.2214, 0.2193))
)
2025-06-06 00:52:31,536 | INFO | Test transforms: 
	Compose(
    Resize(size=[224, 224], interpolation=bilinear, max_size=None, antialias=True)
    ToTensor()
    Normalize(mean=(0.4765, 0.4517, 0.3911), std=(0.2264, 0.2214, 0.2193))
)
2025-06-06 00:52:31,754 | INFO | Downsampling by: 0.5. Few shot: False
2025-06-06 00:52:32,016 | INFO | Using mixup function and SoftTargetCrossEntropy
2025-06-06 00:52:32,017 | INFO | Auxiliary loss: {'attention_entropy_loss': 0.1}
2025-06-06 00:53:30,541 | INFO | Epoch: 1 | Time: 58.48s
2025-06-06 00:53:30,541 | INFO | Train Loss=5.3736, Train Acc=0.78%
2025-06-06 00:53:30,541 | INFO | Val Loss=5.3057, Val Acc=1.58%
2025-06-06 00:53:30,542 | INFO | Train Gamma Loss=0.5151 | Val Gamma Loss=0.5258235931396484
2025-06-06 00:53:30,543 | INFO | New best model saved (val loss = 5.3057)
2025-06-06 00:54:33,309 | INFO | Epoch: 2 | Time: 62.72s
2025-06-06 00:54:33,309 | INFO | Train Loss=5.2989, Train Acc=1.27%
2025-06-06 00:54:33,309 | INFO | Val Loss=5.2626, Val Acc=1.25%
2025-06-06 00:54:33,309 | INFO | Train Gamma Loss=0.5134 | Val Gamma Loss=0.5221728682518005
2025-06-06 00:54:33,310 | INFO | New best model saved (val loss = 5.2626)
2025-06-06 00:55:31,272 | INFO | Epoch: 3 | Time: 57.94s
2025-06-06 00:55:31,272 | INFO | Train Loss=4.9635, Train Acc=1.52%
2025-06-06 00:55:31,272 | INFO | Val Loss=4.7375, Val Acc=1.92%
2025-06-06 00:55:31,272 | INFO | Train Gamma Loss=0.1681 | Val Gamma Loss=0.024365520104765892
2025-06-06 00:55:31,273 | INFO | New best model saved (val loss = 4.7375)
2025-06-06 00:56:27,977 | INFO | Epoch: 4 | Time: 56.66s
2025-06-06 00:56:27,977 | INFO | Train Loss=4.7552, Train Acc=1.58%
2025-06-06 00:56:27,977 | INFO | Val Loss=4.7062, Val Acc=1.67%
2025-06-06 00:56:27,978 | INFO | Train Gamma Loss=0.0068 | Val Gamma Loss=0.010410182178020477
2025-06-06 00:56:27,979 | INFO | New best model saved (val loss = 4.7062)
2025-06-06 00:57:19,492 | INFO | Epoch: 5 | Time: 51.49s
2025-06-06 00:57:19,492 | INFO | Train Loss=4.7194, Train Acc=1.63%
2025-06-06 00:57:19,493 | INFO | Val Loss=4.6480, Val Acc=2.58%
2025-06-06 00:57:19,493 | INFO | Train Gamma Loss=-0.0022 | Val Gamma Loss=0.006975254043936729
2025-06-06 00:57:19,494 | INFO | New best model saved (val loss = 4.6480)
2025-06-06 00:58:16,478 | INFO | Epoch: 6 | Time: 56.95s
2025-06-06 00:58:16,478 | INFO | Train Loss=4.7015, Train Acc=2.07%
2025-06-06 00:58:16,478 | INFO | Val Loss=4.5749, Val Acc=3.17%
2025-06-06 00:58:16,478 | INFO | Train Gamma Loss=-0.0046 | Val Gamma Loss=0.00240131001919508
2025-06-06 00:58:16,480 | INFO | New best model saved (val loss = 4.5749)
2025-06-06 00:59:13,723 | INFO | Epoch: 7 | Time: 57.22s
2025-06-06 00:59:13,723 | INFO | Train Loss=4.6894, Train Acc=2.07%
2025-06-06 00:59:13,723 | INFO | Val Loss=4.5811, Val Acc=2.75%
2025-06-06 00:59:13,723 | INFO | Train Gamma Loss=-0.0070 | Val Gamma Loss=0.0014865811681374907
2025-06-06 01:00:10,934 | INFO | Epoch: 8 | Time: 57.20s
2025-06-06 01:00:10,934 | INFO | Train Loss=4.6389, Train Acc=2.67%
2025-06-06 01:00:10,935 | INFO | Val Loss=4.5995, Val Acc=2.17%
2025-06-06 01:00:10,935 | INFO | Train Gamma Loss=-0.0069 | Val Gamma Loss=0.002499945694580674
2025-06-06 01:01:07,043 | INFO | Epoch: 9 | Time: 56.05s
2025-06-06 01:01:07,057 | INFO | Train Loss=4.6120, Train Acc=2.60%
2025-06-06 01:01:07,057 | INFO | Val Loss=4.4841, Val Acc=4.42%
2025-06-06 01:01:07,057 | INFO | Train Gamma Loss=-0.0089 | Val Gamma Loss=0.00335370353423059
2025-06-06 01:01:07,058 | INFO | New best model saved (val loss = 4.4841)
2025-06-06 01:02:02,028 | INFO | Epoch: 10 | Time: 54.91s
2025-06-06 01:02:02,029 | INFO | Train Loss=4.5577, Train Acc=3.47%
2025-06-06 01:02:02,029 | INFO | Val Loss=4.4355, Val Acc=4.42%
2025-06-06 01:02:02,029 | INFO | Train Gamma Loss=-0.0091 | Val Gamma Loss=0.001911589759401977
2025-06-06 01:02:02,030 | INFO | New best model saved (val loss = 4.4355)
2025-06-06 01:03:00,565 | INFO | Epoch: 11 | Time: 58.46s
2025-06-06 01:03:00,565 | INFO | Train Loss=4.4996, Train Acc=4.23%
2025-06-06 01:03:00,565 | INFO | Val Loss=4.3817, Val Acc=3.92%
2025-06-06 01:03:00,565 | INFO | Train Gamma Loss=-0.0092 | Val Gamma Loss=0.001551561406813562
2025-06-06 01:03:00,566 | INFO | New best model saved (val loss = 4.3817)
2025-06-06 01:03:58,792 | INFO | Epoch: 12 | Time: 58.21s
2025-06-06 01:03:58,792 | INFO | Train Loss=4.4878, Train Acc=4.45%
2025-06-06 01:03:58,792 | INFO | Val Loss=4.4180, Val Acc=5.00%
2025-06-06 01:03:58,792 | INFO | Train Gamma Loss=-0.0094 | Val Gamma Loss=0.001412905054166913
2025-06-06 01:04:53,257 | INFO | Epoch: 13 | Time: 54.44s
2025-06-06 01:04:53,257 | INFO | Train Loss=4.4268, Train Acc=5.15%
2025-06-06 01:04:53,257 | INFO | Val Loss=4.3654, Val Acc=4.25%
2025-06-06 01:04:53,257 | INFO | Train Gamma Loss=-0.0095 | Val Gamma Loss=0.001288672094233334
2025-06-06 01:04:53,259 | INFO | New best model saved (val loss = 4.3654)
2025-06-06 01:05:55,565 | INFO | Epoch: 14 | Time: 62.28s
2025-06-06 01:05:55,565 | INFO | Train Loss=4.3801, Train Acc=5.72%
2025-06-06 01:05:55,565 | INFO | Val Loss=4.3018, Val Acc=3.83%
2025-06-06 01:05:55,565 | INFO | Train Gamma Loss=-0.0095 | Val Gamma Loss=0.0009827722096815705
2025-06-06 01:05:55,566 | INFO | New best model saved (val loss = 4.3018)
2025-06-06 01:07:04,371 | INFO | Epoch: 15 | Time: 68.76s
2025-06-06 01:07:04,371 | INFO | Train Loss=4.3298, Train Acc=6.78%
2025-06-06 01:07:04,371 | INFO | Val Loss=4.3417, Val Acc=4.67%
2025-06-06 01:07:04,371 | INFO | Train Gamma Loss=-0.0093 | Val Gamma Loss=0.0012751949252560735
2025-06-06 01:08:13,121 | INFO | Epoch: 16 | Time: 68.74s
2025-06-06 01:08:13,121 | INFO | Train Loss=4.3267, Train Acc=7.17%
2025-06-06 01:08:13,121 | INFO | Val Loss=4.1178, Val Acc=6.58%
2025-06-06 01:08:13,121 | INFO | Train Gamma Loss=-0.0095 | Val Gamma Loss=0.001218870049342513
2025-06-06 01:08:13,122 | INFO | New best model saved (val loss = 4.1178)
2025-06-06 01:09:25,342 | INFO | Epoch: 17 | Time: 72.08s
2025-06-06 01:09:25,342 | INFO | Train Loss=4.2531, Train Acc=7.48%
2025-06-06 01:09:25,342 | INFO | Val Loss=4.0577, Val Acc=6.25%
2025-06-06 01:09:25,342 | INFO | Train Gamma Loss=-0.0097 | Val Gamma Loss=0.0007295672548934817
2025-06-06 01:09:25,344 | INFO | New best model saved (val loss = 4.0577)
2025-06-06 01:10:34,200 | INFO | Epoch: 18 | Time: 68.83s
2025-06-06 01:10:34,200 | INFO | Train Loss=4.2766, Train Acc=7.48%
2025-06-06 01:10:34,200 | INFO | Val Loss=4.0373, Val Acc=7.25%
2025-06-06 01:10:34,200 | INFO | Train Gamma Loss=-0.0097 | Val Gamma Loss=0.0009689020225778222
2025-06-06 01:10:34,202 | INFO | New best model saved (val loss = 4.0373)
2025-06-06 01:11:43,979 | INFO | Epoch: 19 | Time: 69.76s
2025-06-06 01:11:43,979 | INFO | Train Loss=4.1845, Train Acc=8.37%
2025-06-06 01:11:43,979 | INFO | Val Loss=3.9327, Val Acc=8.75%
2025-06-06 01:11:43,979 | INFO | Train Gamma Loss=-0.0100 | Val Gamma Loss=0.0005506257293745875
2025-06-06 01:11:43,980 | INFO | New best model saved (val loss = 3.9327)
2025-06-06 01:12:49,041 | INFO | Epoch: 20 | Time: 65.03s
2025-06-06 01:12:49,042 | INFO | Train Loss=4.1690, Train Acc=9.37%
2025-06-06 01:12:49,042 | INFO | Val Loss=3.9903, Val Acc=9.17%
2025-06-06 01:12:49,042 | INFO | Train Gamma Loss=-0.0095 | Val Gamma Loss=0.0015974543057382107
2025-06-06 01:13:56,045 | INFO | Epoch: 21 | Time: 66.99s
2025-06-06 01:13:56,057 | INFO | Train Loss=4.1955, Train Acc=9.22%
2025-06-06 01:13:56,057 | INFO | Val Loss=3.9565, Val Acc=8.42%
2025-06-06 01:13:56,057 | INFO | Train Gamma Loss=-0.0094 | Val Gamma Loss=0.0012949383817613125
2025-06-06 01:15:02,186 | INFO | Epoch: 22 | Time: 66.12s
2025-06-06 01:15:02,197 | INFO | Train Loss=4.0861, Train Acc=10.48%
2025-06-06 01:15:02,197 | INFO | Val Loss=3.8349, Val Acc=10.08%
2025-06-06 01:15:02,197 | INFO | Train Gamma Loss=-0.0092 | Val Gamma Loss=0.0027729335706681013
2025-06-06 01:15:02,198 | INFO | New best model saved (val loss = 3.8349)
2025-06-06 01:16:14,413 | INFO | Epoch: 23 | Time: 72.14s
2025-06-06 01:16:14,413 | INFO | Train Loss=4.0497, Train Acc=11.43%
2025-06-06 01:16:14,413 | INFO | Val Loss=3.7297, Val Acc=10.75%
2025-06-06 01:16:14,414 | INFO | Train Gamma Loss=-0.0094 | Val Gamma Loss=0.0007257634424604475
2025-06-06 01:16:14,415 | INFO | New best model saved (val loss = 3.7297)
2025-06-06 01:17:30,262 | INFO | Epoch: 24 | Time: 75.78s
2025-06-06 01:17:30,263 | INFO | Train Loss=4.0639, Train Acc=11.25%
2025-06-06 01:17:30,263 | INFO | Val Loss=3.8402, Val Acc=11.92%
2025-06-06 01:17:30,263 | INFO | Train Gamma Loss=-0.0098 | Val Gamma Loss=0.001139176427386701
2025-06-06 01:18:44,028 | INFO | Epoch: 25 | Time: 73.75s
2025-06-06 01:18:44,028 | INFO | Train Loss=4.0146, Train Acc=13.07%
2025-06-06 01:18:44,028 | INFO | Val Loss=3.8599, Val Acc=9.25%
2025-06-06 01:18:44,028 | INFO | Train Gamma Loss=-0.0098 | Val Gamma Loss=0.0007066146936267614
2025-06-06 01:19:53,780 | INFO | Epoch: 26 | Time: 69.72s
2025-06-06 01:19:53,780 | INFO | Train Loss=3.9732, Train Acc=13.37%
2025-06-06 01:19:53,780 | INFO | Val Loss=3.7401, Val Acc=11.25%
2025-06-06 01:19:53,780 | INFO | Train Gamma Loss=-0.0098 | Val Gamma Loss=0.0009762901463545859
2025-06-06 01:21:06,926 | INFO | Epoch: 27 | Time: 73.14s
2025-06-06 01:21:06,926 | INFO | Train Loss=3.8785, Train Acc=14.63%
2025-06-06 01:21:06,926 | INFO | Val Loss=3.8161, Val Acc=10.50%
2025-06-06 01:21:06,926 | INFO | Train Gamma Loss=-0.0098 | Val Gamma Loss=0.000902168161701411
2025-06-06 01:22:15,068 | INFO | Epoch: 28 | Time: 68.12s
2025-06-06 01:22:15,068 | INFO | Train Loss=3.8907, Train Acc=14.13%
2025-06-06 01:22:15,068 | INFO | Val Loss=3.6101, Val Acc=13.17%
2025-06-06 01:22:15,069 | INFO | Train Gamma Loss=-0.0098 | Val Gamma Loss=0.0005089790793135762
2025-06-06 01:22:15,070 | INFO | New best model saved (val loss = 3.6101)
2025-06-06 01:23:23,178 | INFO | Epoch: 29 | Time: 68.10s
2025-06-06 01:23:23,178 | INFO | Train Loss=3.9421, Train Acc=13.92%
2025-06-06 01:23:23,178 | INFO | Val Loss=3.6174, Val Acc=12.33%
2025-06-06 01:23:23,178 | INFO | Train Gamma Loss=-0.0097 | Val Gamma Loss=0.0013069247361272573
2025-06-06 01:24:33,254 | INFO | Epoch: 30 | Time: 70.06s
2025-06-06 01:24:33,254 | INFO | Train Loss=3.8039, Train Acc=16.53%
2025-06-06 01:24:33,254 | INFO | Val Loss=3.4737, Val Acc=14.83%
2025-06-06 01:24:33,254 | INFO | Train Gamma Loss=-0.0099 | Val Gamma Loss=0.000611011462751776
2025-06-06 01:24:33,255 | INFO | New best model saved (val loss = 3.4737)
2025-06-06 01:25:34,879 | INFO | Epoch: 31 | Time: 61.59s
2025-06-06 01:25:34,879 | INFO | Train Loss=3.8071, Train Acc=17.05%
2025-06-06 01:25:34,879 | INFO | Val Loss=4.1671, Val Acc=7.83%
2025-06-06 01:25:34,879 | INFO | Train Gamma Loss=-0.0099 | Val Gamma Loss=0.0018375776708126068
2025-06-06 01:26:33,231 | INFO | Epoch: 32 | Time: 58.30s
2025-06-06 01:26:33,231 | INFO | Train Loss=3.7968, Train Acc=17.88%
2025-06-06 01:26:33,231 | INFO | Val Loss=3.5345, Val Acc=14.58%
2025-06-06 01:26:33,232 | INFO | Train Gamma Loss=-0.0098 | Val Gamma Loss=0.0006015152321197093
2025-06-06 01:27:34,863 | INFO | Epoch: 33 | Time: 61.62s
2025-06-06 01:27:34,863 | INFO | Train Loss=3.6878, Train Acc=18.92%
2025-06-06 01:27:34,863 | INFO | Val Loss=3.7517, Val Acc=11.83%
2025-06-06 01:27:34,863 | INFO | Train Gamma Loss=-0.0099 | Val Gamma Loss=0.0007046421524137259
2025-06-06 01:28:36,796 | INFO | Epoch: 34 | Time: 61.92s
2025-06-06 01:28:36,796 | INFO | Train Loss=3.7232, Train Acc=18.87%
2025-06-06 01:28:36,818 | INFO | Val Loss=3.4995, Val Acc=15.00%
2025-06-06 01:28:36,818 | INFO | Train Gamma Loss=-0.0098 | Val Gamma Loss=0.0008448627195321023
2025-06-06 01:29:41,546 | INFO | Epoch: 35 | Time: 64.70s
2025-06-06 01:29:41,546 | INFO | Train Loss=3.7151, Train Acc=19.70%
2025-06-06 01:29:41,546 | INFO | Val Loss=3.4292, Val Acc=16.33%
2025-06-06 01:29:41,546 | INFO | Train Gamma Loss=-0.0098 | Val Gamma Loss=0.0006775637739337981
2025-06-06 01:29:41,547 | INFO | New best model saved (val loss = 3.4292)
2025-06-06 01:30:46,735 | INFO | Epoch: 36 | Time: 65.17s
2025-06-06 01:30:46,748 | INFO | Train Loss=3.6920, Train Acc=20.17%
2025-06-06 01:30:46,748 | INFO | Val Loss=3.3902, Val Acc=16.33%
2025-06-06 01:30:46,748 | INFO | Train Gamma Loss=-0.0098 | Val Gamma Loss=0.000809648132417351
2025-06-06 01:30:46,749 | INFO | New best model saved (val loss = 3.3902)
2025-06-06 01:31:53,033 | INFO | Epoch: 37 | Time: 66.26s
2025-06-06 01:31:53,033 | INFO | Train Loss=3.5407, Train Acc=22.12%
2025-06-06 01:31:53,033 | INFO | Val Loss=3.2883, Val Acc=18.92%
2025-06-06 01:31:53,033 | INFO | Train Gamma Loss=-0.0094 | Val Gamma Loss=0.0007630215841345489
2025-06-06 01:31:53,034 | INFO | New best model saved (val loss = 3.2883)
2025-06-06 01:32:56,428 | INFO | Epoch: 38 | Time: 63.37s
2025-06-06 01:32:56,428 | INFO | Train Loss=3.6275, Train Acc=21.03%
2025-06-06 01:32:56,428 | INFO | Val Loss=3.2846, Val Acc=19.17%
2025-06-06 01:32:56,428 | INFO | Train Gamma Loss=-0.0096 | Val Gamma Loss=0.0008650201489217579
2025-06-06 01:32:56,429 | INFO | New best model saved (val loss = 3.2846)
2025-06-06 01:34:01,264 | INFO | Epoch: 39 | Time: 64.81s
2025-06-06 01:34:01,264 | INFO | Train Loss=3.4532, Train Acc=24.87%
2025-06-06 01:34:01,264 | INFO | Val Loss=3.2698, Val Acc=19.67%
2025-06-06 01:34:01,264 | INFO | Train Gamma Loss=-0.0094 | Val Gamma Loss=0.0009353273781016469
2025-06-06 01:34:01,265 | INFO | New best model saved (val loss = 3.2698)
2025-06-06 01:35:05,794 | INFO | Epoch: 40 | Time: 64.50s
2025-06-06 01:35:05,794 | INFO | Train Loss=3.5379, Train Acc=24.02%
2025-06-06 01:35:05,794 | INFO | Val Loss=3.1899, Val Acc=20.00%
2025-06-06 01:35:05,794 | INFO | Train Gamma Loss=-0.0092 | Val Gamma Loss=0.0011445145355537534
2025-06-06 01:35:05,795 | INFO | New best model saved (val loss = 3.1899)
2025-06-06 01:36:10,929 | INFO | Epoch: 41 | Time: 65.11s
2025-06-06 01:36:10,940 | INFO | Train Loss=3.4796, Train Acc=24.53%
2025-06-06 01:36:10,940 | INFO | Val Loss=3.2710, Val Acc=17.75%
2025-06-06 01:36:10,940 | INFO | Train Gamma Loss=-0.0093 | Val Gamma Loss=0.0016117568593472242
2025-06-06 01:37:13,913 | INFO | Epoch: 42 | Time: 62.96s
2025-06-06 01:37:13,914 | INFO | Train Loss=3.4845, Train Acc=25.72%
2025-06-06 01:37:13,914 | INFO | Val Loss=3.1690, Val Acc=23.08%
2025-06-06 01:37:13,914 | INFO | Train Gamma Loss=-0.0093 | Val Gamma Loss=0.0012055846164003015
2025-06-06 01:37:13,915 | INFO | New best model saved (val loss = 3.1690)
2025-06-06 01:38:18,746 | INFO | Epoch: 43 | Time: 64.77s
2025-06-06 01:38:18,746 | INFO | Train Loss=3.4602, Train Acc=26.15%
2025-06-06 01:38:18,746 | INFO | Val Loss=3.1631, Val Acc=21.75%
2025-06-06 01:38:18,746 | INFO | Train Gamma Loss=-0.0092 | Val Gamma Loss=0.0015410896157845855
2025-06-06 01:38:18,747 | INFO | New best model saved (val loss = 3.1631)
2025-06-06 01:39:25,120 | INFO | Epoch: 44 | Time: 66.35s
2025-06-06 01:39:25,120 | INFO | Train Loss=3.4324, Train Acc=27.87%
2025-06-06 01:39:25,120 | INFO | Val Loss=3.1448, Val Acc=22.42%
2025-06-06 01:39:25,120 | INFO | Train Gamma Loss=-0.0096 | Val Gamma Loss=0.0013210074976086617
2025-06-06 01:39:25,122 | INFO | New best model saved (val loss = 3.1448)
2025-06-06 01:40:31,706 | INFO | Epoch: 45 | Time: 66.52s
2025-06-06 01:40:31,707 | INFO | Train Loss=3.2872, Train Acc=31.27%
2025-06-06 01:40:31,707 | INFO | Val Loss=3.0115, Val Acc=22.67%
2025-06-06 01:40:31,707 | INFO | Train Gamma Loss=-0.0095 | Val Gamma Loss=0.0012993045384064317
2025-06-06 01:40:31,708 | INFO | New best model saved (val loss = 3.0115)
2025-06-06 01:41:35,323 | INFO | Epoch: 46 | Time: 63.54s
2025-06-06 01:41:35,323 | INFO | Train Loss=3.2568, Train Acc=32.82%
2025-06-06 01:41:35,323 | INFO | Val Loss=2.8787, Val Acc=26.75%
2025-06-06 01:41:35,324 | INFO | Train Gamma Loss=-0.0094 | Val Gamma Loss=0.0009727696888148785
2025-06-06 01:41:35,325 | INFO | New best model saved (val loss = 2.8787)
2025-06-06 01:42:39,530 | INFO | Epoch: 47 | Time: 64.19s
2025-06-06 01:42:39,550 | INFO | Train Loss=3.2883, Train Acc=32.02%
2025-06-06 01:42:39,550 | INFO | Val Loss=2.9459, Val Acc=26.08%
2025-06-06 01:42:39,550 | INFO | Train Gamma Loss=-0.0094 | Val Gamma Loss=0.001241024350747466
2025-06-06 01:43:42,701 | INFO | Epoch: 48 | Time: 63.12s
2025-06-06 01:43:42,702 | INFO | Train Loss=2.9633, Train Acc=37.33%
2025-06-06 01:43:42,702 | INFO | Val Loss=2.9217, Val Acc=25.50%
2025-06-06 01:43:42,702 | INFO | Train Gamma Loss=-0.0094 | Val Gamma Loss=0.0009349515894427896
2025-06-06 01:44:47,979 | INFO | Epoch: 49 | Time: 65.26s
2025-06-06 01:44:47,980 | INFO | Train Loss=3.1601, Train Acc=35.73%
2025-06-06 01:44:47,980 | INFO | Val Loss=2.9497, Val Acc=24.42%
2025-06-06 01:44:47,980 | INFO | Train Gamma Loss=-0.0096 | Val Gamma Loss=0.0007473257137462497
2025-06-06 01:45:53,063 | INFO | Epoch: 50 | Time: 65.03s
2025-06-06 01:45:53,063 | INFO | Train Loss=3.1680, Train Acc=35.62%
2025-06-06 01:45:53,063 | INFO | Val Loss=2.8547, Val Acc=26.42%
2025-06-06 01:45:53,064 | INFO | Train Gamma Loss=-0.0098 | Val Gamma Loss=0.0005900044343434274
2025-06-06 01:45:53,065 | INFO | New best model saved (val loss = 2.8547)
2025-06-06 01:46:57,077 | INFO | Epoch: 51 | Time: 63.99s
2025-06-06 01:46:57,077 | INFO | Train Loss=2.9288, Train Acc=40.47%
2025-06-06 01:46:57,077 | INFO | Val Loss=2.7717, Val Acc=27.83%
2025-06-06 01:46:57,078 | INFO | Train Gamma Loss=-0.0097 | Val Gamma Loss=0.0009726780117489398
2025-06-06 01:46:57,079 | INFO | New best model saved (val loss = 2.7717)
2025-06-06 01:48:00,054 | INFO | Epoch: 52 | Time: 62.92s
2025-06-06 01:48:00,074 | INFO | Train Loss=3.1332, Train Acc=37.82%
2025-06-06 01:48:00,074 | INFO | Val Loss=2.8532, Val Acc=27.17%
2025-06-06 01:48:00,074 | INFO | Train Gamma Loss=-0.0097 | Val Gamma Loss=0.0007638473762199283
2025-06-06 01:49:04,309 | INFO | Epoch: 53 | Time: 64.12s
2025-06-06 01:49:04,309 | INFO | Train Loss=3.1328, Train Acc=38.18%
2025-06-06 01:49:04,309 | INFO | Val Loss=2.7155, Val Acc=31.25%
2025-06-06 01:49:04,309 | INFO | Train Gamma Loss=-0.0097 | Val Gamma Loss=0.0008923241985030472
2025-06-06 01:49:04,311 | INFO | New best model saved (val loss = 2.7155)
2025-06-06 01:50:06,586 | INFO | Epoch: 54 | Time: 62.25s
2025-06-06 01:50:06,586 | INFO | Train Loss=3.0115, Train Acc=41.83%
2025-06-06 01:50:06,586 | INFO | Val Loss=2.7965, Val Acc=28.67%
2025-06-06 01:50:06,587 | INFO | Train Gamma Loss=-0.0096 | Val Gamma Loss=0.0006520714960061014
2025-06-06 01:51:12,489 | INFO | Epoch: 55 | Time: 65.88s
2025-06-06 01:51:12,490 | INFO | Train Loss=2.9682, Train Acc=43.37%
2025-06-06 01:51:12,490 | INFO | Val Loss=2.8925, Val Acc=26.50%
2025-06-06 01:51:12,490 | INFO | Train Gamma Loss=-0.0096 | Val Gamma Loss=0.0007731776568107307
2025-06-06 01:52:14,446 | INFO | Epoch: 56 | Time: 61.94s
2025-06-06 01:52:14,446 | INFO | Train Loss=2.7264, Train Acc=48.08%
2025-06-06 01:52:14,446 | INFO | Val Loss=2.6393, Val Acc=30.83%
2025-06-06 01:52:14,446 | INFO | Train Gamma Loss=-0.0097 | Val Gamma Loss=0.0007698667468503118
2025-06-06 01:52:14,448 | INFO | New best model saved (val loss = 2.6393)
2025-06-06 01:53:17,791 | INFO | Epoch: 57 | Time: 63.30s
2025-06-06 01:53:17,791 | INFO | Train Loss=2.8619, Train Acc=45.87%
2025-06-06 01:53:17,791 | INFO | Val Loss=2.6731, Val Acc=30.75%
2025-06-06 01:53:17,791 | INFO | Train Gamma Loss=-0.0096 | Val Gamma Loss=0.0011679810704663396
2025-06-06 01:54:18,233 | INFO | Epoch: 58 | Time: 60.43s
2025-06-06 01:54:18,234 | INFO | Train Loss=2.7680, Train Acc=48.67%
2025-06-06 01:54:18,234 | INFO | Val Loss=2.7427, Val Acc=30.33%
2025-06-06 01:54:18,234 | INFO | Train Gamma Loss=-0.0095 | Val Gamma Loss=0.001100660185329616
2025-06-06 01:55:21,845 | INFO | Epoch: 59 | Time: 63.57s
2025-06-06 01:55:21,846 | INFO | Train Loss=2.7830, Train Acc=47.98%
2025-06-06 01:55:21,846 | INFO | Val Loss=2.7464, Val Acc=30.00%
2025-06-06 01:55:21,846 | INFO | Train Gamma Loss=-0.0094 | Val Gamma Loss=0.0010306782787665725
2025-06-06 01:56:29,766 | INFO | Epoch: 60 | Time: 67.91s
2025-06-06 01:56:29,772 | INFO | Train Loss=2.7216, Train Acc=49.75%
2025-06-06 01:56:29,772 | INFO | Val Loss=2.6591, Val Acc=31.58%
2025-06-06 01:56:29,772 | INFO | Train Gamma Loss=-0.0095 | Val Gamma Loss=0.0010273646330460906
2025-06-06 01:57:34,658 | INFO | Epoch: 61 | Time: 64.87s
2025-06-06 01:57:34,658 | INFO | Train Loss=2.7238, Train Acc=51.00%
2025-06-06 01:57:34,658 | INFO | Val Loss=2.6995, Val Acc=31.50%
2025-06-06 01:57:34,658 | INFO | Train Gamma Loss=-0.0095 | Val Gamma Loss=0.0012076301500201225
2025-06-06 01:58:41,140 | INFO | Epoch: 62 | Time: 66.47s
2025-06-06 01:58:41,140 | INFO | Train Loss=2.5886, Train Acc=53.95%
2025-06-06 01:58:41,140 | INFO | Val Loss=2.7802, Val Acc=30.50%
2025-06-06 01:58:41,140 | INFO | Train Gamma Loss=-0.0093 | Val Gamma Loss=0.0012095356360077858
2025-06-06 02:00:01,389 | INFO | Epoch: 63 | Time: 80.23s
2025-06-06 02:00:01,389 | INFO | Train Loss=2.5309, Train Acc=57.13%
2025-06-06 02:00:01,389 | INFO | Val Loss=2.6258, Val Acc=32.33%
2025-06-06 02:00:01,389 | INFO | Train Gamma Loss=-0.0095 | Val Gamma Loss=0.0011588918277993798
2025-06-06 02:00:01,390 | INFO | New best model saved (val loss = 2.6258)
