2025-04-30 19:17:26,600 | INFO | Job Started
2025-04-30 19:17:26,600 | INFO | Logging run: /rds/general/user/psp20/home/Brain-Network/runs/stanford_dogs/batch_9/zoomvit_p59v2_20250430-191726
2025-04-30 19:17:26,805 | INFO | Using device: cuda
2025-04-30 19:17:26,805 | INFO | Training for 100 epochs
2025-04-30 19:17:26,805 | INFO | Debug mode: False
2025-04-30 19:17:26,805 | INFO | Downsampling by: 0.25
2025-04-30 19:17:26,805 | INFO | Auxiliary loss: {'attention_entropy_loss': 0.1}
2025-04-30 19:17:26,805 | INFO | Train transforms: 
	Compose(
    RandomResizedCrop(size=(224, 224), scale=(0.8, 1), ratio=(0.75, 1.3333), interpolation=bilinear, antialias=True)
    RandomHorizontalFlip(p=0.5)
    ColorJitter(brightness=(0.8, 1.2), contrast=(0.8, 1.2), saturation=(0.8, 1.2), hue=None)
    ToTensor()
    Normalize(mean=(0.4765, 0.4517, 0.3911), std=(0.2264, 0.2214, 0.2193))
)
2025-04-30 19:17:26,805 | INFO | Test transforms: 
	Compose(
    Resize(size=[224, 224], interpolation=bilinear, max_size=None, antialias=True)
    ToTensor()
    Normalize(mean=(0.4765, 0.4517, 0.3911), std=(0.2264, 0.2214, 0.2193))
)
2025-04-30 19:17:27,014 | INFO | Downsampling by: 0.25. Few shot: False
2025-04-30 19:17:27,442 | INFO | Using mixup function and SoftTargetCrossEntropy
2025-04-30 19:17:27,442 | INFO | Auxiliary loss: {'attention_entropy_loss': 0.1}
2025-04-30 19:17:57,458 | INFO | Epoch: 1 | Time: 30.00s
2025-04-30 19:17:57,458 | INFO | Train Loss=5.2163, Train Acc=0.60%
2025-04-30 19:17:57,458 | INFO | Val Loss=5.1167, Val Acc=1.08%
2025-04-30 19:17:57,458 | INFO | Train Gamma Loss=0.3277 | Val Gamma Loss=0.3056064546108246
2025-04-30 19:17:57,459 | INFO | New best model saved (val loss = 5.1167)
2025-04-30 19:18:26,478 | INFO | Epoch: 2 | Time: 29.01s
2025-04-30 19:18:26,478 | INFO | Train Loss=5.0412, Train Acc=1.13%
2025-04-30 19:18:26,478 | INFO | Val Loss=4.9434, Val Acc=1.92%
2025-04-30 19:18:26,478 | INFO | Train Gamma Loss=0.2324 | Val Gamma Loss=0.16478519141674042
2025-04-30 19:18:26,479 | INFO | New best model saved (val loss = 4.9434)
2025-04-30 19:18:55,261 | INFO | Epoch: 3 | Time: 28.76s
2025-04-30 19:18:55,261 | INFO | Train Loss=4.8421, Train Acc=1.03%
2025-04-30 19:18:55,261 | INFO | Val Loss=4.7364, Val Acc=1.92%
2025-04-30 19:18:55,261 | INFO | Train Gamma Loss=0.0020 | Val Gamma Loss=0.0027215357404202223
2025-04-30 19:18:55,262 | INFO | New best model saved (val loss = 4.7364)
2025-04-30 19:19:24,299 | INFO | Epoch: 4 | Time: 29.03s
2025-04-30 19:19:24,300 | INFO | Train Loss=4.7612, Train Acc=1.70%
2025-04-30 19:19:24,300 | INFO | Val Loss=4.7281, Val Acc=2.00%
2025-04-30 19:19:24,300 | INFO | Train Gamma Loss=-0.0072 | Val Gamma Loss=0.0029098312370479107
2025-04-30 19:19:24,301 | INFO | New best model saved (val loss = 4.7281)
2025-04-30 19:19:53,405 | INFO | Epoch: 5 | Time: 29.10s
2025-04-30 19:19:53,406 | INFO | Train Loss=4.7402, Train Acc=1.83%
2025-04-30 19:19:53,406 | INFO | Val Loss=4.7093, Val Acc=2.42%
2025-04-30 19:19:53,406 | INFO | Train Gamma Loss=-0.0073 | Val Gamma Loss=0.002569332718849182
2025-04-30 19:19:53,407 | INFO | New best model saved (val loss = 4.7093)
2025-04-30 19:20:23,853 | INFO | Epoch: 6 | Time: 30.44s
2025-04-30 19:20:23,854 | INFO | Train Loss=4.7289, Train Acc=1.40%
2025-04-30 19:20:23,854 | INFO | Val Loss=4.7236, Val Acc=1.08%
2025-04-30 19:20:23,854 | INFO | Train Gamma Loss=-0.0077 | Val Gamma Loss=0.0025079171173274517
2025-04-30 19:20:53,227 | INFO | Epoch: 7 | Time: 29.36s
2025-04-30 19:20:53,227 | INFO | Train Loss=4.7088, Train Acc=2.10%
2025-04-30 19:20:53,227 | INFO | Val Loss=4.6773, Val Acc=2.08%
2025-04-30 19:20:53,227 | INFO | Train Gamma Loss=-0.0077 | Val Gamma Loss=0.0025865754578262568
2025-04-30 19:20:53,228 | INFO | New best model saved (val loss = 4.6773)
2025-04-30 19:21:23,455 | INFO | Epoch: 8 | Time: 30.22s
2025-04-30 19:21:23,455 | INFO | Train Loss=4.6825, Train Acc=2.80%
2025-04-30 19:21:23,456 | INFO | Val Loss=4.6452, Val Acc=2.25%
2025-04-30 19:21:23,456 | INFO | Train Gamma Loss=-0.0079 | Val Gamma Loss=0.002328272210434079
2025-04-30 19:21:23,457 | INFO | New best model saved (val loss = 4.6452)
2025-04-30 19:21:54,668 | INFO | Epoch: 9 | Time: 31.20s
2025-04-30 19:21:54,669 | INFO | Train Loss=4.6688, Train Acc=2.50%
2025-04-30 19:21:54,669 | INFO | Val Loss=4.5926, Val Acc=2.92%
2025-04-30 19:21:54,669 | INFO | Train Gamma Loss=-0.0081 | Val Gamma Loss=0.002133952686563134
2025-04-30 19:21:54,670 | INFO | New best model saved (val loss = 4.5926)
2025-04-30 19:22:26,533 | INFO | Epoch: 10 | Time: 31.85s
2025-04-30 19:22:26,533 | INFO | Train Loss=4.6019, Train Acc=3.27%
2025-04-30 19:22:26,533 | INFO | Val Loss=4.6745, Val Acc=2.00%
2025-04-30 19:22:26,533 | INFO | Train Gamma Loss=-0.0083 | Val Gamma Loss=0.0020376096945255995
2025-04-30 19:22:58,315 | INFO | Epoch: 11 | Time: 31.76s
2025-04-30 19:22:58,315 | INFO | Train Loss=4.5963, Train Acc=2.73%
2025-04-30 19:22:58,315 | INFO | Val Loss=4.7337, Val Acc=2.25%
2025-04-30 19:22:58,315 | INFO | Train Gamma Loss=-0.0083 | Val Gamma Loss=0.002049397211521864
2025-04-30 19:23:31,584 | INFO | Epoch: 12 | Time: 33.26s
2025-04-30 19:23:31,584 | INFO | Train Loss=4.5537, Train Acc=4.33%
2025-04-30 19:23:31,584 | INFO | Val Loss=4.6113, Val Acc=2.33%
2025-04-30 19:23:31,584 | INFO | Train Gamma Loss=-0.0085 | Val Gamma Loss=0.0018257335759699345
2025-04-30 19:24:06,078 | INFO | Epoch: 13 | Time: 34.47s
2025-04-30 19:24:06,079 | INFO | Train Loss=4.5353, Train Acc=3.90%
2025-04-30 19:24:06,079 | INFO | Val Loss=4.5460, Val Acc=3.67%
2025-04-30 19:24:06,079 | INFO | Train Gamma Loss=-0.0086 | Val Gamma Loss=0.0017363799270242453
2025-04-30 19:24:06,080 | INFO | New best model saved (val loss = 4.5460)
2025-04-30 19:24:38,555 | INFO | Epoch: 14 | Time: 32.45s
2025-04-30 19:24:38,555 | INFO | Train Loss=4.5033, Train Acc=4.37%
2025-04-30 19:24:38,555 | INFO | Val Loss=4.6143, Val Acc=2.58%
2025-04-30 19:24:38,555 | INFO | Train Gamma Loss=-0.0086 | Val Gamma Loss=0.0020131247583776712
2025-04-30 19:25:13,188 | INFO | Epoch: 15 | Time: 34.58s
2025-04-30 19:25:13,188 | INFO | Train Loss=4.5040, Train Acc=4.30%
2025-04-30 19:25:13,188 | INFO | Val Loss=4.5466, Val Acc=3.42%
2025-04-30 19:25:13,188 | INFO | Train Gamma Loss=-0.0087 | Val Gamma Loss=0.0017418030183762312
2025-04-30 19:25:44,274 | INFO | Epoch: 16 | Time: 31.06s
2025-04-30 19:25:44,274 | INFO | Train Loss=4.4675, Train Acc=5.03%
2025-04-30 19:25:44,274 | INFO | Val Loss=4.5337, Val Acc=2.75%
2025-04-30 19:25:44,275 | INFO | Train Gamma Loss=-0.0090 | Val Gamma Loss=0.0015743148978799582
2025-04-30 19:25:44,276 | INFO | New best model saved (val loss = 4.5337)
2025-04-30 19:26:15,103 | INFO | Epoch: 17 | Time: 30.81s
2025-04-30 19:26:15,103 | INFO | Train Loss=4.4001, Train Acc=5.80%
2025-04-30 19:26:15,103 | INFO | Val Loss=4.4418, Val Acc=4.67%
2025-04-30 19:26:15,104 | INFO | Train Gamma Loss=-0.0088 | Val Gamma Loss=0.0014641229063272476
2025-04-30 19:26:15,105 | INFO | New best model saved (val loss = 4.4418)
2025-04-30 19:26:48,149 | INFO | Epoch: 18 | Time: 33.03s
2025-04-30 19:26:48,149 | INFO | Train Loss=4.4351, Train Acc=5.70%
2025-04-30 19:26:48,149 | INFO | Val Loss=4.4632, Val Acc=4.25%
2025-04-30 19:26:48,149 | INFO | Train Gamma Loss=-0.0090 | Val Gamma Loss=0.001491629402153194
2025-04-30 19:27:23,606 | INFO | Epoch: 19 | Time: 35.43s
2025-04-30 19:27:23,606 | INFO | Train Loss=4.3483, Train Acc=6.80%
2025-04-30 19:27:23,606 | INFO | Val Loss=4.4354, Val Acc=4.50%
2025-04-30 19:27:23,606 | INFO | Train Gamma Loss=-0.0089 | Val Gamma Loss=0.001410764642059803
2025-04-30 19:27:23,607 | INFO | New best model saved (val loss = 4.4354)
2025-04-30 19:27:55,963 | INFO | Epoch: 20 | Time: 32.34s
2025-04-30 19:27:55,963 | INFO | Train Loss=4.3737, Train Acc=6.40%
2025-04-30 19:27:55,963 | INFO | Val Loss=4.3556, Val Acc=5.67%
2025-04-30 19:27:55,963 | INFO | Train Gamma Loss=-0.0089 | Val Gamma Loss=0.0015576296718791127
2025-04-30 19:27:55,964 | INFO | New best model saved (val loss = 4.3556)
2025-04-30 19:28:28,638 | INFO | Epoch: 21 | Time: 32.64s
2025-04-30 19:28:28,638 | INFO | Train Loss=4.2800, Train Acc=8.47%
2025-04-30 19:28:28,638 | INFO | Val Loss=4.3911, Val Acc=4.33%
2025-04-30 19:28:28,638 | INFO | Train Gamma Loss=-0.0089 | Val Gamma Loss=0.0016210756730288267
2025-04-30 19:29:02,574 | INFO | Epoch: 22 | Time: 33.92s
2025-04-30 19:29:02,574 | INFO | Train Loss=4.2600, Train Acc=7.83%
2025-04-30 19:29:02,574 | INFO | Val Loss=4.4099, Val Acc=5.08%
2025-04-30 19:29:02,574 | INFO | Train Gamma Loss=-0.0089 | Val Gamma Loss=0.0011688590748235583
2025-04-30 19:29:35,609 | INFO | Epoch: 23 | Time: 33.02s
2025-04-30 19:29:35,609 | INFO | Train Loss=4.2497, Train Acc=8.93%
2025-04-30 19:29:35,609 | INFO | Val Loss=4.3152, Val Acc=6.08%
2025-04-30 19:29:35,609 | INFO | Train Gamma Loss=-0.0091 | Val Gamma Loss=0.001436544698663056
2025-04-30 19:29:35,610 | INFO | New best model saved (val loss = 4.3152)
2025-04-30 19:30:09,397 | INFO | Epoch: 24 | Time: 33.69s
2025-04-30 19:30:09,397 | INFO | Train Loss=4.2184, Train Acc=8.83%
2025-04-30 19:30:09,397 | INFO | Val Loss=4.2675, Val Acc=5.58%
2025-04-30 19:30:09,397 | INFO | Train Gamma Loss=-0.0089 | Val Gamma Loss=0.0014488890301436186
2025-04-30 19:30:09,398 | INFO | New best model saved (val loss = 4.2675)
2025-04-30 19:30:41,794 | INFO | Epoch: 25 | Time: 32.37s
2025-04-30 19:30:41,794 | INFO | Train Loss=4.2061, Train Acc=9.70%
2025-04-30 19:30:41,794 | INFO | Val Loss=4.2334, Val Acc=7.25%
2025-04-30 19:30:41,794 | INFO | Train Gamma Loss=-0.0090 | Val Gamma Loss=0.0015752685721963644
2025-04-30 19:30:41,796 | INFO | New best model saved (val loss = 4.2334)
2025-04-30 19:31:13,807 | INFO | Epoch: 26 | Time: 31.99s
2025-04-30 19:31:13,807 | INFO | Train Loss=4.0466, Train Acc=11.90%
2025-04-30 19:31:13,807 | INFO | Val Loss=4.3242, Val Acc=6.50%
2025-04-30 19:31:13,807 | INFO | Train Gamma Loss=-0.0090 | Val Gamma Loss=0.0015070397639647126
2025-04-30 19:31:44,725 | INFO | Epoch: 27 | Time: 30.90s
2025-04-30 19:31:44,725 | INFO | Train Loss=4.0958, Train Acc=12.43%
2025-04-30 19:31:44,725 | INFO | Val Loss=4.2935, Val Acc=6.08%
2025-04-30 19:31:44,725 | INFO | Train Gamma Loss=-0.0089 | Val Gamma Loss=0.0014534565852954984
2025-04-30 19:32:16,463 | INFO | Epoch: 28 | Time: 31.71s
2025-04-30 19:32:16,463 | INFO | Train Loss=4.0632, Train Acc=12.07%
2025-04-30 19:32:16,463 | INFO | Val Loss=4.2208, Val Acc=7.33%
2025-04-30 19:32:16,463 | INFO | Train Gamma Loss=-0.0088 | Val Gamma Loss=0.001613721833564341
2025-04-30 19:32:16,464 | INFO | New best model saved (val loss = 4.2208)
2025-04-30 19:32:47,957 | INFO | Epoch: 29 | Time: 31.48s
2025-04-30 19:32:47,957 | INFO | Train Loss=3.9618, Train Acc=13.33%
2025-04-30 19:32:47,957 | INFO | Val Loss=4.3332, Val Acc=5.92%
2025-04-30 19:32:47,957 | INFO | Train Gamma Loss=-0.0090 | Val Gamma Loss=0.0013285232707858086
2025-04-30 19:33:19,210 | INFO | Epoch: 30 | Time: 31.24s
2025-04-30 19:33:19,210 | INFO | Train Loss=3.9795, Train Acc=15.17%
2025-04-30 19:33:19,211 | INFO | Val Loss=4.2597, Val Acc=6.58%
2025-04-30 19:33:19,211 | INFO | Train Gamma Loss=-0.0091 | Val Gamma Loss=0.0014415440382435918
2025-04-30 19:33:51,202 | INFO | Epoch: 31 | Time: 31.98s
2025-04-30 19:33:51,202 | INFO | Train Loss=4.0655, Train Acc=13.50%
2025-04-30 19:33:51,202 | INFO | Val Loss=4.1059, Val Acc=9.75%
2025-04-30 19:33:51,202 | INFO | Train Gamma Loss=-0.0090 | Val Gamma Loss=0.0014871777966618538
2025-04-30 19:33:51,204 | INFO | New best model saved (val loss = 4.1059)
2025-04-30 19:34:23,769 | INFO | Epoch: 32 | Time: 32.53s
2025-04-30 19:34:23,769 | INFO | Train Loss=3.9204, Train Acc=15.43%
2025-04-30 19:34:23,769 | INFO | Val Loss=4.1133, Val Acc=8.25%
2025-04-30 19:34:23,770 | INFO | Train Gamma Loss=-0.0088 | Val Gamma Loss=0.0014657586580142379
2025-04-30 19:34:56,597 | INFO | Epoch: 33 | Time: 32.81s
2025-04-30 19:34:56,597 | INFO | Train Loss=3.8256, Train Acc=17.13%
2025-04-30 19:34:56,597 | INFO | Val Loss=4.2119, Val Acc=8.08%
2025-04-30 19:34:56,597 | INFO | Train Gamma Loss=-0.0089 | Val Gamma Loss=0.0013802378671243787
2025-04-30 19:35:31,405 | INFO | Epoch: 34 | Time: 34.79s
2025-04-30 19:35:31,406 | INFO | Train Loss=3.8389, Train Acc=18.03%
2025-04-30 19:35:31,406 | INFO | Val Loss=4.1698, Val Acc=7.67%
2025-04-30 19:35:31,406 | INFO | Train Gamma Loss=-0.0089 | Val Gamma Loss=0.0015345244901254773
2025-04-30 19:36:04,688 | INFO | Epoch: 35 | Time: 33.27s
2025-04-30 19:36:04,688 | INFO | Train Loss=3.8756, Train Acc=17.37%
2025-04-30 19:36:04,688 | INFO | Val Loss=4.1413, Val Acc=8.50%
2025-04-30 19:36:04,688 | INFO | Train Gamma Loss=-0.0087 | Val Gamma Loss=0.0015641713980585337
2025-04-30 19:36:38,511 | INFO | Epoch: 36 | Time: 33.80s
2025-04-30 19:36:38,511 | INFO | Train Loss=3.8110, Train Acc=19.47%
2025-04-30 19:36:38,511 | INFO | Val Loss=4.0882, Val Acc=8.17%
2025-04-30 19:36:38,511 | INFO | Train Gamma Loss=-0.0089 | Val Gamma Loss=0.0014801300130784512
2025-04-30 19:36:38,513 | INFO | New best model saved (val loss = 4.0882)
2025-04-30 19:37:10,509 | INFO | Epoch: 37 | Time: 31.98s
2025-04-30 19:37:10,510 | INFO | Train Loss=3.6191, Train Acc=22.07%
2025-04-30 19:37:10,510 | INFO | Val Loss=4.2645, Val Acc=8.50%
2025-04-30 19:37:10,510 | INFO | Train Gamma Loss=-0.0088 | Val Gamma Loss=0.0014694809215143323
2025-04-30 19:37:42,706 | INFO | Epoch: 38 | Time: 32.18s
2025-04-30 19:37:42,706 | INFO | Train Loss=3.6217, Train Acc=23.63%
2025-04-30 19:37:42,706 | INFO | Val Loss=4.1497, Val Acc=9.08%
2025-04-30 19:37:42,706 | INFO | Train Gamma Loss=-0.0089 | Val Gamma Loss=0.0014693673001602292
2025-04-30 19:38:14,431 | INFO | Epoch: 39 | Time: 31.71s
2025-04-30 19:38:14,432 | INFO | Train Loss=3.6068, Train Acc=23.37%
2025-04-30 19:38:14,432 | INFO | Val Loss=4.0300, Val Acc=9.67%
2025-04-30 19:38:14,432 | INFO | Train Gamma Loss=-0.0089 | Val Gamma Loss=0.001576124457642436
2025-04-30 19:38:14,433 | INFO | New best model saved (val loss = 4.0300)
2025-04-30 19:38:46,476 | INFO | Epoch: 40 | Time: 32.01s
2025-04-30 19:38:46,476 | INFO | Train Loss=3.6111, Train Acc=23.60%
2025-04-30 19:38:46,476 | INFO | Val Loss=4.0720, Val Acc=9.17%
2025-04-30 19:38:46,476 | INFO | Train Gamma Loss=-0.0087 | Val Gamma Loss=0.001446423353627324
2025-04-30 19:39:19,888 | INFO | Epoch: 41 | Time: 33.39s
2025-04-30 19:39:19,888 | INFO | Train Loss=3.6107, Train Acc=25.33%
2025-04-30 19:39:19,888 | INFO | Val Loss=4.0480, Val Acc=9.75%
2025-04-30 19:39:19,888 | INFO | Train Gamma Loss=-0.0087 | Val Gamma Loss=0.0014802124351263046
2025-04-30 19:39:55,293 | INFO | Epoch: 42 | Time: 35.39s
2025-04-30 19:39:55,293 | INFO | Train Loss=3.5186, Train Acc=27.17%
2025-04-30 19:39:55,293 | INFO | Val Loss=4.0852, Val Acc=10.75%
2025-04-30 19:39:55,293 | INFO | Train Gamma Loss=-0.0088 | Val Gamma Loss=0.0015272191958501935
2025-04-30 19:40:27,209 | INFO | Epoch: 43 | Time: 31.91s
2025-04-30 19:40:27,210 | INFO | Train Loss=3.3240, Train Acc=30.87%
2025-04-30 19:40:27,210 | INFO | Val Loss=4.0563, Val Acc=10.92%
2025-04-30 19:40:27,210 | INFO | Train Gamma Loss=-0.0088 | Val Gamma Loss=0.0015802207635715604
2025-04-30 19:41:00,211 | INFO | Epoch: 44 | Time: 32.98s
2025-04-30 19:41:00,212 | INFO | Train Loss=3.2614, Train Acc=34.40%
2025-04-30 19:41:00,212 | INFO | Val Loss=4.0656, Val Acc=10.83%
2025-04-30 19:41:00,212 | INFO | Train Gamma Loss=-0.0087 | Val Gamma Loss=0.0015616825548931956
2025-04-30 19:41:32,920 | INFO | Epoch: 45 | Time: 32.69s
2025-04-30 19:41:32,920 | INFO | Train Loss=3.2414, Train Acc=34.10%
2025-04-30 19:41:32,920 | INFO | Val Loss=4.0558, Val Acc=10.83%
2025-04-30 19:41:32,920 | INFO | Train Gamma Loss=-0.0086 | Val Gamma Loss=0.0015675746835768223
2025-04-30 19:42:06,438 | INFO | Epoch: 46 | Time: 33.50s
2025-04-30 19:42:06,438 | INFO | Train Loss=3.1368, Train Acc=38.30%
2025-04-30 19:42:06,438 | INFO | Val Loss=4.0331, Val Acc=12.75%
2025-04-30 19:42:06,438 | INFO | Train Gamma Loss=-0.0087 | Val Gamma Loss=0.0015477386768907309
2025-04-30 19:42:39,112 | INFO | Epoch: 47 | Time: 32.65s
2025-04-30 19:42:39,113 | INFO | Train Loss=3.0811, Train Acc=38.83%
2025-04-30 19:42:39,113 | INFO | Val Loss=4.0441, Val Acc=12.08%
2025-04-30 19:42:39,113 | INFO | Train Gamma Loss=-0.0088 | Val Gamma Loss=0.0015311568276956677
2025-04-30 19:43:12,285 | INFO | Epoch: 48 | Time: 33.16s
2025-04-30 19:43:12,286 | INFO | Train Loss=3.1422, Train Acc=38.50%
2025-04-30 19:43:12,286 | INFO | Val Loss=4.0299, Val Acc=11.42%
2025-04-30 19:43:12,286 | INFO | Train Gamma Loss=-0.0087 | Val Gamma Loss=0.0014944116119295359
2025-04-30 19:43:12,287 | INFO | New best model saved (val loss = 4.0299)
2025-04-30 19:43:47,650 | INFO | Epoch: 49 | Time: 35.34s
2025-04-30 19:43:47,650 | INFO | Train Loss=3.0358, Train Acc=42.47%
2025-04-30 19:43:47,650 | INFO | Val Loss=3.9969, Val Acc=13.08%
2025-04-30 19:43:47,650 | INFO | Train Gamma Loss=-0.0088 | Val Gamma Loss=0.0015237829647958279
2025-04-30 19:43:47,651 | INFO | New best model saved (val loss = 3.9969)
2025-04-30 19:44:17,819 | INFO | Epoch: 50 | Time: 30.15s
2025-04-30 19:44:17,819 | INFO | Train Loss=3.0766, Train Acc=43.03%
2025-04-30 19:44:17,819 | INFO | Val Loss=4.1465, Val Acc=11.67%
2025-04-30 19:44:17,819 | INFO | Train Gamma Loss=-0.0086 | Val Gamma Loss=0.001746620167978108
2025-04-30 19:44:48,069 | INFO | Epoch: 51 | Time: 30.23s
2025-04-30 19:44:48,070 | INFO | Train Loss=2.8844, Train Acc=49.13%
2025-04-30 19:44:48,070 | INFO | Val Loss=4.0721, Val Acc=12.67%
2025-04-30 19:44:48,070 | INFO | Train Gamma Loss=-0.0086 | Val Gamma Loss=0.001556139555759728
2025-04-30 19:45:19,240 | INFO | Epoch: 52 | Time: 31.16s
2025-04-30 19:45:19,240 | INFO | Train Loss=2.9711, Train Acc=46.57%
2025-04-30 19:45:19,240 | INFO | Val Loss=4.1134, Val Acc=11.50%
2025-04-30 19:45:19,240 | INFO | Train Gamma Loss=-0.0087 | Val Gamma Loss=0.0015973371919244528
2025-04-30 19:45:50,964 | INFO | Epoch: 53 | Time: 31.70s
2025-04-30 19:45:50,964 | INFO | Train Loss=2.7947, Train Acc=53.37%
2025-04-30 19:45:50,964 | INFO | Val Loss=4.0822, Val Acc=12.42%
2025-04-30 19:45:50,964 | INFO | Train Gamma Loss=-0.0085 | Val Gamma Loss=0.0016103914240375161
2025-04-30 19:46:20,969 | INFO | Epoch: 54 | Time: 29.99s
2025-04-30 19:46:20,969 | INFO | Train Loss=2.5349, Train Acc=59.17%
2025-04-30 19:46:20,969 | INFO | Val Loss=4.0262, Val Acc=14.33%
2025-04-30 19:46:20,969 | INFO | Train Gamma Loss=-0.0086 | Val Gamma Loss=0.0016472208080813289
2025-04-30 19:46:52,403 | INFO | Epoch: 55 | Time: 31.41s
2025-04-30 19:46:52,403 | INFO | Train Loss=2.5157, Train Acc=60.73%
2025-04-30 19:46:52,403 | INFO | Val Loss=4.0738, Val Acc=13.17%
2025-04-30 19:46:52,403 | INFO | Train Gamma Loss=-0.0086 | Val Gamma Loss=0.0016568981809541583
2025-04-30 19:47:24,341 | INFO | Epoch: 56 | Time: 31.92s
2025-04-30 19:47:24,341 | INFO | Train Loss=2.5834, Train Acc=59.77%
2025-04-30 19:47:24,341 | INFO | Val Loss=4.1008, Val Acc=12.67%
2025-04-30 19:47:24,341 | INFO | Train Gamma Loss=-0.0086 | Val Gamma Loss=0.001602720469236374
2025-04-30 19:47:56,679 | INFO | Epoch: 57 | Time: 32.32s
2025-04-30 19:47:56,679 | INFO | Train Loss=2.8309, Train Acc=56.17%
2025-04-30 19:47:56,679 | INFO | Val Loss=4.1375, Val Acc=12.58%
2025-04-30 19:47:56,679 | INFO | Train Gamma Loss=-0.0087 | Val Gamma Loss=0.0016915772575885057
2025-04-30 19:48:28,572 | INFO | Epoch: 58 | Time: 31.87s
2025-04-30 19:48:28,572 | INFO | Train Loss=2.6663, Train Acc=59.10%
2025-04-30 19:48:28,572 | INFO | Val Loss=4.1080, Val Acc=13.17%
2025-04-30 19:48:28,572 | INFO | Train Gamma Loss=-0.0086 | Val Gamma Loss=0.0016412907280027866
2025-04-30 19:48:59,915 | INFO | Epoch: 59 | Time: 31.32s
2025-04-30 19:48:59,915 | INFO | Train Loss=2.3697, Train Acc=67.13%
2025-04-30 19:48:59,915 | INFO | Val Loss=4.0810, Val Acc=14.83%
2025-04-30 19:48:59,915 | INFO | Train Gamma Loss=-0.0086 | Val Gamma Loss=0.001707821269519627
2025-04-30 19:49:31,279 | INFO | Epoch: 60 | Time: 31.35s
2025-04-30 19:49:31,279 | INFO | Train Loss=2.3128, Train Acc=68.53%
2025-04-30 19:49:31,279 | INFO | Val Loss=4.0938, Val Acc=14.25%
2025-04-30 19:49:31,279 | INFO | Train Gamma Loss=-0.0086 | Val Gamma Loss=0.0016922466456890106
2025-04-30 19:50:02,268 | INFO | Epoch: 61 | Time: 30.95s
2025-04-30 19:50:02,268 | INFO | Train Loss=2.3647, Train Acc=66.80%
2025-04-30 19:50:02,268 | INFO | Val Loss=4.0943, Val Acc=14.17%
2025-04-30 19:50:02,268 | INFO | Train Gamma Loss=-0.0086 | Val Gamma Loss=0.0016548814019188285
2025-04-30 19:50:34,890 | INFO | Epoch: 62 | Time: 32.61s
2025-04-30 19:50:34,891 | INFO | Train Loss=2.4395, Train Acc=68.13%
2025-04-30 19:50:34,891 | INFO | Val Loss=4.1852, Val Acc=12.58%
2025-04-30 19:50:34,891 | INFO | Train Gamma Loss=-0.0085 | Val Gamma Loss=0.0016961164074018598
2025-04-30 19:51:07,765 | INFO | Epoch: 63 | Time: 32.85s
2025-04-30 19:51:07,765 | INFO | Train Loss=2.6292, Train Acc=63.57%
2025-04-30 19:51:07,766 | INFO | Val Loss=4.0856, Val Acc=13.67%
2025-04-30 19:51:07,766 | INFO | Train Gamma Loss=-0.0085 | Val Gamma Loss=0.001698364969342947
2025-04-30 19:51:42,180 | INFO | Epoch: 64 | Time: 34.40s
2025-04-30 19:51:42,180 | INFO | Train Loss=2.0648, Train Acc=77.63%
2025-04-30 19:51:42,181 | INFO | Val Loss=4.0828, Val Acc=13.83%
2025-04-30 19:51:42,181 | INFO | Train Gamma Loss=-0.0085 | Val Gamma Loss=0.0016928891418501735
2025-04-30 19:52:14,618 | INFO | Epoch: 65 | Time: 32.43s
2025-04-30 19:52:14,619 | INFO | Train Loss=2.0892, Train Acc=77.27%
2025-04-30 19:52:14,619 | INFO | Val Loss=4.1102, Val Acc=14.33%
2025-04-30 19:52:14,619 | INFO | Train Gamma Loss=-0.0085 | Val Gamma Loss=0.0017540417611598969
2025-04-30 19:52:49,650 | INFO | Epoch: 66 | Time: 35.02s
2025-04-30 19:52:49,650 | INFO | Train Loss=2.1200, Train Acc=75.53%
2025-04-30 19:52:49,650 | INFO | Val Loss=4.1454, Val Acc=13.50%
2025-04-30 19:52:49,650 | INFO | Train Gamma Loss=-0.0085 | Val Gamma Loss=0.0017468668520450592
2025-04-30 19:53:23,370 | INFO | Epoch: 67 | Time: 33.69s
2025-04-30 19:53:23,370 | INFO | Train Loss=2.2650, Train Acc=74.37%
2025-04-30 19:53:23,371 | INFO | Val Loss=4.1203, Val Acc=12.75%
2025-04-30 19:53:23,371 | INFO | Train Gamma Loss=-0.0085 | Val Gamma Loss=0.0017251407261937857
2025-04-30 19:53:59,223 | INFO | Epoch: 68 | Time: 35.83s
2025-04-30 19:53:59,223 | INFO | Train Loss=2.0891, Train Acc=78.40%
2025-04-30 19:53:59,223 | INFO | Val Loss=4.1187, Val Acc=14.17%
2025-04-30 19:53:59,223 | INFO | Train Gamma Loss=-0.0085 | Val Gamma Loss=0.0017490475438535213
2025-04-30 19:54:36,994 | INFO | Epoch: 69 | Time: 37.75s
2025-04-30 19:54:36,994 | INFO | Train Loss=2.1987, Train Acc=74.90%
2025-04-30 19:54:36,994 | INFO | Val Loss=4.0978, Val Acc=14.83%
2025-04-30 19:54:36,994 | INFO | Train Gamma Loss=-0.0085 | Val Gamma Loss=0.0017596661346033216
2025-04-30 19:54:36,994 | INFO | Early stopping triggered at epoch 69
2025-04-30 19:54:37,121 | INFO | Best model with lowest val loss 3.996890381762856 at 48 epoch is saved.
2025-04-30 19:55:44,134 | INFO | Test Accuracy: 14.43%
2025-04-30 19:55:44,219 | INFO | Last model with val loss 4.097813982712595 at 68 epoch is saved.
2025-04-30 19:56:49,718 | INFO | Test Accuracy: 14.43%
2025-04-30 19:56:49,731 | INFO | 
Job Completed
