2025-04-30 20:12:39,018 | INFO | Job Started
2025-04-30 20:12:39,018 | INFO | Logging run: /rds/general/user/psp20/home/Brain-Network/runs/stanford_dogs/batch_9/zoomvit_p65_20250430-201239
2025-04-30 20:12:39,186 | INFO | Using device: cuda
2025-04-30 20:12:39,186 | INFO | Training for 100 epochs
2025-04-30 20:12:39,187 | INFO | Debug mode: False
2025-04-30 20:12:39,187 | INFO | Downsampling by: 0
2025-04-30 20:12:39,187 | INFO | Auxiliary loss: {'attention_entropy_loss': 0.1}
2025-04-30 20:12:39,187 | INFO | Train transforms: 
	Compose(
    RandomResizedCrop(size=(224, 224), scale=(0.8, 1), ratio=(0.75, 1.3333), interpolation=bilinear, antialias=True)
    RandomHorizontalFlip(p=0.5)
    ColorJitter(brightness=(0.8, 1.2), contrast=(0.8, 1.2), saturation=(0.8, 1.2), hue=None)
    ToTensor()
    Normalize(mean=(0.4765, 0.4517, 0.3911), std=(0.2264, 0.2214, 0.2193))
)
2025-04-30 20:12:39,187 | INFO | Test transforms: 
	Compose(
    Resize(size=[224, 224], interpolation=bilinear, max_size=None, antialias=True)
    ToTensor()
    Normalize(mean=(0.4765, 0.4517, 0.3911), std=(0.2264, 0.2214, 0.2193))
)
2025-04-30 20:12:40,157 | INFO | Using mixup function and SoftTargetCrossEntropy
2025-04-30 20:12:40,157 | INFO | Auxiliary loss: {'attention_entropy_loss': 0.1}
2025-04-30 20:14:33,325 | INFO | Epoch: 1 | Time: 113.12s
2025-04-30 20:14:33,326 | INFO | Train Loss=5.3400, Train Acc=0.90%
2025-04-30 20:14:33,326 | INFO | Val Loss=5.2665, Val Acc=1.50%
2025-04-30 20:14:33,326 | INFO | Train Gamma Loss=0.5147 | Val Gamma Loss=0.5237923264503479
2025-04-30 20:14:33,327 | INFO | New best model saved (val loss = 5.2665)
2025-04-30 20:16:18,317 | INFO | Epoch: 2 | Time: 104.92s
2025-04-30 20:16:18,318 | INFO | Train Loss=5.2533, Train Acc=1.62%
2025-04-30 20:16:18,318 | INFO | Val Loss=5.1435, Val Acc=2.83%
2025-04-30 20:16:18,318 | INFO | Train Gamma Loss=0.4963 | Val Gamma Loss=0.45845121145248413
2025-04-30 20:16:18,319 | INFO | New best model saved (val loss = 5.1435)
2025-04-30 20:18:12,020 | INFO | Epoch: 3 | Time: 113.67s
2025-04-30 20:18:12,020 | INFO | Train Loss=4.8136, Train Acc=1.62%
2025-04-30 20:18:12,020 | INFO | Val Loss=4.5882, Val Acc=3.00%
2025-04-30 20:18:12,021 | INFO | Train Gamma Loss=0.0645 | Val Gamma Loss=0.006147023756057024
2025-04-30 20:18:12,022 | INFO | New best model saved (val loss = 4.5882)
2025-04-30 20:19:55,287 | INFO | Epoch: 4 | Time: 103.21s
2025-04-30 20:19:55,288 | INFO | Train Loss=4.6639, Train Acc=2.50%
2025-04-30 20:19:55,288 | INFO | Val Loss=4.5057, Val Acc=3.25%
2025-04-30 20:19:55,288 | INFO | Train Gamma Loss=-0.0045 | Val Gamma Loss=0.00365922087803483
2025-04-30 20:19:55,289 | INFO | New best model saved (val loss = 4.5057)
2025-04-30 20:21:42,713 | INFO | Epoch: 5 | Time: 107.40s
2025-04-30 20:21:42,713 | INFO | Train Loss=4.5764, Train Acc=3.36%
2025-04-30 20:21:42,713 | INFO | Val Loss=4.3174, Val Acc=7.08%
2025-04-30 20:21:42,713 | INFO | Train Gamma Loss=-0.0077 | Val Gamma Loss=0.0020172398071736097
2025-04-30 20:21:42,714 | INFO | New best model saved (val loss = 4.3174)
2025-04-30 20:23:30,221 | INFO | Epoch: 6 | Time: 107.48s
2025-04-30 20:23:30,221 | INFO | Train Loss=4.4874, Train Acc=4.32%
2025-04-30 20:23:30,221 | INFO | Val Loss=4.3149, Val Acc=4.50%
2025-04-30 20:23:30,221 | INFO | Train Gamma Loss=-0.0083 | Val Gamma Loss=0.0012508471263572574
2025-04-30 20:23:30,222 | INFO | New best model saved (val loss = 4.3149)
2025-04-30 20:25:17,898 | INFO | Epoch: 7 | Time: 107.65s
2025-04-30 20:25:17,898 | INFO | Train Loss=4.4333, Train Acc=5.12%
2025-04-30 20:25:17,898 | INFO | Val Loss=4.1610, Val Acc=6.08%
2025-04-30 20:25:17,898 | INFO | Train Gamma Loss=-0.0086 | Val Gamma Loss=0.0016389692900702357
2025-04-30 20:25:17,899 | INFO | New best model saved (val loss = 4.1610)
2025-04-30 20:27:05,055 | INFO | Epoch: 8 | Time: 107.11s
2025-04-30 20:27:05,056 | INFO | Train Loss=4.3291, Train Acc=6.58%
2025-04-30 20:27:05,056 | INFO | Val Loss=4.0833, Val Acc=6.67%
2025-04-30 20:27:05,057 | INFO | Train Gamma Loss=-0.0094 | Val Gamma Loss=0.0010223279241472483
2025-04-30 20:27:05,058 | INFO | New best model saved (val loss = 4.0833)
2025-04-30 20:28:43,014 | INFO | Epoch: 9 | Time: 97.94s
2025-04-30 20:28:43,014 | INFO | Train Loss=4.2519, Train Acc=7.91%
2025-04-30 20:28:43,014 | INFO | Val Loss=4.0571, Val Acc=5.58%
2025-04-30 20:28:43,014 | INFO | Train Gamma Loss=-0.0096 | Val Gamma Loss=0.002634912496432662
2025-04-30 20:28:43,015 | INFO | New best model saved (val loss = 4.0571)
2025-04-30 20:30:34,834 | INFO | Epoch: 10 | Time: 111.76s
2025-04-30 20:30:34,835 | INFO | Train Loss=4.2076, Train Acc=8.58%
2025-04-30 20:30:34,835 | INFO | Val Loss=3.9655, Val Acc=8.42%
2025-04-30 20:30:34,835 | INFO | Train Gamma Loss=-0.0098 | Val Gamma Loss=0.0004908290575258434
2025-04-30 20:30:34,836 | INFO | New best model saved (val loss = 3.9655)
2025-04-30 20:32:07,996 | INFO | Epoch: 11 | Time: 93.12s
2025-04-30 20:32:07,996 | INFO | Train Loss=4.1063, Train Acc=9.84%
2025-04-30 20:32:07,996 | INFO | Val Loss=3.7782, Val Acc=11.50%
2025-04-30 20:32:07,997 | INFO | Train Gamma Loss=-0.0098 | Val Gamma Loss=0.00048716578749008477
2025-04-30 20:32:07,998 | INFO | New best model saved (val loss = 3.7782)
2025-04-30 20:33:51,462 | INFO | Epoch: 12 | Time: 103.42s
2025-04-30 20:33:51,462 | INFO | Train Loss=4.0751, Train Acc=10.92%
2025-04-30 20:33:51,462 | INFO | Val Loss=3.7269, Val Acc=11.42%
2025-04-30 20:33:51,462 | INFO | Train Gamma Loss=-0.0098 | Val Gamma Loss=0.0005186181515455246
2025-04-30 20:33:51,463 | INFO | New best model saved (val loss = 3.7269)
2025-04-30 20:35:33,361 | INFO | Epoch: 13 | Time: 101.87s
2025-04-30 20:35:33,361 | INFO | Train Loss=3.9432, Train Acc=13.28%
2025-04-30 20:35:33,361 | INFO | Val Loss=3.9533, Val Acc=8.92%
2025-04-30 20:35:33,361 | INFO | Train Gamma Loss=-0.0098 | Val Gamma Loss=0.000960347184445709
2025-04-30 20:37:12,943 | INFO | Epoch: 14 | Time: 99.57s
2025-04-30 20:37:12,943 | INFO | Train Loss=3.9205, Train Acc=14.24%
2025-04-30 20:37:12,943 | INFO | Val Loss=3.7016, Val Acc=15.08%
2025-04-30 20:37:12,943 | INFO | Train Gamma Loss=-0.0098 | Val Gamma Loss=0.00156458152923733
2025-04-30 20:37:12,944 | INFO | New best model saved (val loss = 3.7016)
2025-04-30 20:38:56,126 | INFO | Epoch: 15 | Time: 103.16s
2025-04-30 20:38:56,126 | INFO | Train Loss=3.8702, Train Acc=15.55%
2025-04-30 20:38:56,126 | INFO | Val Loss=3.4775, Val Acc=17.50%
2025-04-30 20:38:56,126 | INFO | Train Gamma Loss=-0.0094 | Val Gamma Loss=0.0010668605100363493
2025-04-30 20:38:56,128 | INFO | New best model saved (val loss = 3.4775)
2025-04-30 20:40:44,859 | INFO | Epoch: 16 | Time: 108.68s
2025-04-30 20:40:44,859 | INFO | Train Loss=3.8218, Train Acc=17.23%
2025-04-30 20:40:44,859 | INFO | Val Loss=3.9024, Val Acc=10.33%
2025-04-30 20:40:44,859 | INFO | Train Gamma Loss=-0.0091 | Val Gamma Loss=0.0013895187294110656
2025-04-30 20:42:30,601 | INFO | Epoch: 17 | Time: 105.73s
2025-04-30 20:42:30,601 | INFO | Train Loss=3.7148, Train Acc=18.94%
2025-04-30 20:42:30,601 | INFO | Val Loss=3.2695, Val Acc=19.75%
2025-04-30 20:42:30,601 | INFO | Train Gamma Loss=-0.0094 | Val Gamma Loss=0.0014076336519792676
2025-04-30 20:42:30,603 | INFO | New best model saved (val loss = 3.2695)
2025-04-30 20:44:21,748 | INFO | Epoch: 18 | Time: 111.12s
2025-04-30 20:44:21,748 | INFO | Train Loss=3.6967, Train Acc=20.14%
2025-04-30 20:44:21,748 | INFO | Val Loss=3.1397, Val Acc=21.58%
2025-04-30 20:44:21,748 | INFO | Train Gamma Loss=-0.0090 | Val Gamma Loss=0.0009543497581034899
2025-04-30 20:44:21,750 | INFO | New best model saved (val loss = 3.1397)
2025-04-30 20:46:14,750 | INFO | Epoch: 19 | Time: 112.98s
2025-04-30 20:46:14,750 | INFO | Train Loss=3.5973, Train Acc=22.05%
2025-04-30 20:46:14,750 | INFO | Val Loss=3.1597, Val Acc=21.67%
2025-04-30 20:46:14,750 | INFO | Train Gamma Loss=-0.0091 | Val Gamma Loss=0.0007517353515140712
2025-04-30 20:47:57,456 | INFO | Epoch: 20 | Time: 102.68s
2025-04-30 20:47:57,456 | INFO | Train Loss=3.6218, Train Acc=22.44%
2025-04-30 20:47:57,456 | INFO | Val Loss=3.0227, Val Acc=24.42%
2025-04-30 20:47:57,457 | INFO | Train Gamma Loss=-0.0091 | Val Gamma Loss=0.001612373162060976
2025-04-30 20:47:57,458 | INFO | New best model saved (val loss = 3.0227)
2025-04-30 20:49:50,443 | INFO | Epoch: 21 | Time: 112.92s
2025-04-30 20:49:50,444 | INFO | Train Loss=3.4289, Train Acc=25.42%
2025-04-30 20:49:50,444 | INFO | Val Loss=2.9045, Val Acc=26.67%
2025-04-30 20:49:50,444 | INFO | Train Gamma Loss=-0.0087 | Val Gamma Loss=0.0021193332504481077
2025-04-30 20:49:50,445 | INFO | New best model saved (val loss = 2.9045)
2025-04-30 20:51:43,607 | INFO | Epoch: 22 | Time: 113.14s
2025-04-30 20:51:43,607 | INFO | Train Loss=3.4118, Train Acc=27.28%
2025-04-30 20:51:43,607 | INFO | Val Loss=2.7653, Val Acc=28.33%
2025-04-30 20:51:43,608 | INFO | Train Gamma Loss=-0.0090 | Val Gamma Loss=0.0013825896894559264
2025-04-30 20:51:43,609 | INFO | New best model saved (val loss = 2.7653)
2025-04-30 20:53:39,903 | INFO | Epoch: 23 | Time: 116.25s
2025-04-30 20:53:39,903 | INFO | Train Loss=3.3962, Train Acc=28.27%
2025-04-30 20:53:39,903 | INFO | Val Loss=2.6199, Val Acc=32.67%
2025-04-30 20:53:39,903 | INFO | Train Gamma Loss=-0.0086 | Val Gamma Loss=0.0013561960076913238
2025-04-30 20:53:39,904 | INFO | New best model saved (val loss = 2.6199)
2025-04-30 20:55:27,882 | INFO | Epoch: 24 | Time: 107.95s
2025-04-30 20:55:27,882 | INFO | Train Loss=3.3794, Train Acc=29.51%
2025-04-30 20:55:27,882 | INFO | Val Loss=2.7714, Val Acc=29.67%
2025-04-30 20:55:27,882 | INFO | Train Gamma Loss=-0.0088 | Val Gamma Loss=0.0016610439633950591
2025-04-30 20:57:16,123 | INFO | Epoch: 25 | Time: 108.23s
2025-04-30 20:57:16,124 | INFO | Train Loss=3.2675, Train Acc=32.04%
2025-04-30 20:57:16,124 | INFO | Val Loss=2.6983, Val Acc=29.50%
2025-04-30 20:57:16,124 | INFO | Train Gamma Loss=-0.0088 | Val Gamma Loss=0.00112999533303082
2025-04-30 20:59:07,155 | INFO | Epoch: 26 | Time: 111.02s
2025-04-30 20:59:07,156 | INFO | Train Loss=3.2292, Train Acc=32.99%
2025-04-30 20:59:07,156 | INFO | Val Loss=2.6804, Val Acc=29.25%
2025-04-30 20:59:07,156 | INFO | Train Gamma Loss=-0.0093 | Val Gamma Loss=0.001610293285921216
2025-04-30 21:00:53,457 | INFO | Epoch: 27 | Time: 106.29s
2025-04-30 21:00:53,457 | INFO | Train Loss=3.0760, Train Acc=35.05%
2025-04-30 21:00:53,457 | INFO | Val Loss=2.5924, Val Acc=31.50%
2025-04-30 21:00:53,457 | INFO | Train Gamma Loss=-0.0089 | Val Gamma Loss=0.0017581499414518476
2025-04-30 21:00:53,459 | INFO | New best model saved (val loss = 2.5924)
2025-04-30 21:02:36,723 | INFO | Epoch: 28 | Time: 103.21s
2025-04-30 21:02:36,723 | INFO | Train Loss=3.1033, Train Acc=36.40%
2025-04-30 21:02:36,723 | INFO | Val Loss=2.4231, Val Acc=36.50%
2025-04-30 21:02:36,723 | INFO | Train Gamma Loss=-0.0089 | Val Gamma Loss=0.0018797063967213035
2025-04-30 21:02:36,724 | INFO | New best model saved (val loss = 2.4231)
2025-04-30 21:04:32,742 | INFO | Epoch: 29 | Time: 115.95s
2025-04-30 21:04:32,742 | INFO | Train Loss=3.0753, Train Acc=38.24%
2025-04-30 21:04:32,742 | INFO | Val Loss=2.5562, Val Acc=33.58%
2025-04-30 21:04:32,742 | INFO | Train Gamma Loss=-0.0089 | Val Gamma Loss=0.0016978589119389653
2025-04-30 21:06:26,676 | INFO | Epoch: 30 | Time: 113.92s
2025-04-30 21:06:26,676 | INFO | Train Loss=3.1004, Train Acc=38.74%
2025-04-30 21:06:26,676 | INFO | Val Loss=2.2209, Val Acc=40.83%
2025-04-30 21:06:26,676 | INFO | Train Gamma Loss=-0.0089 | Val Gamma Loss=0.0014742575585842133
2025-04-30 21:06:26,677 | INFO | New best model saved (val loss = 2.2209)
2025-04-30 21:08:25,457 | INFO | Epoch: 31 | Time: 118.75s
2025-04-30 21:08:25,457 | INFO | Train Loss=2.9555, Train Acc=41.94%
2025-04-30 21:08:25,457 | INFO | Val Loss=2.3011, Val Acc=41.08%
2025-04-30 21:08:25,458 | INFO | Train Gamma Loss=-0.0091 | Val Gamma Loss=0.0012831148924306035
2025-04-30 21:10:22,693 | INFO | Epoch: 32 | Time: 117.22s
2025-04-30 21:10:22,693 | INFO | Train Loss=2.8823, Train Acc=43.28%
2025-04-30 21:10:22,693 | INFO | Val Loss=2.3060, Val Acc=39.92%
2025-04-30 21:10:22,693 | INFO | Train Gamma Loss=-0.0090 | Val Gamma Loss=0.001593597000464797
2025-04-30 21:12:26,860 | INFO | Epoch: 33 | Time: 124.15s
2025-04-30 21:12:26,860 | INFO | Train Loss=2.8769, Train Acc=43.42%
2025-04-30 21:12:26,860 | INFO | Val Loss=2.3315, Val Acc=37.50%
2025-04-30 21:12:26,860 | INFO | Train Gamma Loss=-0.0089 | Val Gamma Loss=0.0016651946352794766
2025-04-30 21:14:52,591 | INFO | Epoch: 34 | Time: 145.71s
2025-04-30 21:14:52,591 | INFO | Train Loss=2.8792, Train Acc=43.94%
2025-04-30 21:14:52,591 | INFO | Val Loss=2.3780, Val Acc=37.33%
2025-04-30 21:14:52,591 | INFO | Train Gamma Loss=-0.0092 | Val Gamma Loss=0.0009509899537079036
2025-04-30 21:17:12,248 | INFO | Epoch: 35 | Time: 139.58s
2025-04-30 21:17:12,248 | INFO | Train Loss=2.7205, Train Acc=48.41%
2025-04-30 21:17:12,248 | INFO | Val Loss=2.3531, Val Acc=38.25%
2025-04-30 21:17:12,249 | INFO | Train Gamma Loss=-0.0090 | Val Gamma Loss=0.0014097922248765826
2025-04-30 21:19:35,017 | INFO | Epoch: 36 | Time: 142.75s
2025-04-30 21:19:35,017 | INFO | Train Loss=2.6290, Train Acc=50.46%
2025-04-30 21:19:35,017 | INFO | Val Loss=2.0465, Val Acc=47.58%
2025-04-30 21:19:35,018 | INFO | Train Gamma Loss=-0.0091 | Val Gamma Loss=0.0012997548328712583
2025-04-30 21:19:35,019 | INFO | New best model saved (val loss = 2.0465)
2025-04-30 21:21:57,079 | INFO | Epoch: 37 | Time: 142.03s
2025-04-30 21:21:57,080 | INFO | Train Loss=2.6901, Train Acc=50.06%
2025-04-30 21:21:57,080 | INFO | Val Loss=2.0169, Val Acc=45.75%
2025-04-30 21:21:57,080 | INFO | Train Gamma Loss=-0.0091 | Val Gamma Loss=0.001367344637401402
2025-04-30 21:21:57,081 | INFO | New best model saved (val loss = 2.0169)
2025-04-30 21:24:23,845 | INFO | Epoch: 38 | Time: 146.73s
2025-04-30 21:24:23,846 | INFO | Train Loss=2.5985, Train Acc=52.22%
2025-04-30 21:24:23,846 | INFO | Val Loss=1.9666, Val Acc=46.42%
2025-04-30 21:24:23,846 | INFO | Train Gamma Loss=-0.0091 | Val Gamma Loss=0.0014205131446942687
2025-04-30 21:24:23,847 | INFO | New best model saved (val loss = 1.9666)
2025-04-30 21:26:37,667 | INFO | Epoch: 39 | Time: 133.79s
2025-04-30 21:26:37,667 | INFO | Train Loss=2.4403, Train Acc=56.16%
2025-04-30 21:26:37,667 | INFO | Val Loss=2.0692, Val Acc=44.42%
2025-04-30 21:26:37,667 | INFO | Train Gamma Loss=-0.0090 | Val Gamma Loss=0.00147730961907655
2025-04-30 21:28:53,554 | INFO | Epoch: 40 | Time: 135.82s
2025-04-30 21:28:53,554 | INFO | Train Loss=2.5902, Train Acc=53.49%
2025-04-30 21:28:53,554 | INFO | Val Loss=1.9679, Val Acc=48.25%
2025-04-30 21:28:53,554 | INFO | Train Gamma Loss=-0.0091 | Val Gamma Loss=0.0013656588271260262
2025-04-30 21:31:19,693 | INFO | Epoch: 41 | Time: 146.12s
2025-04-30 21:31:19,693 | INFO | Train Loss=2.4623, Train Acc=58.26%
2025-04-30 21:31:19,693 | INFO | Val Loss=1.7860, Val Acc=52.50%
2025-04-30 21:31:19,693 | INFO | Train Gamma Loss=-0.0090 | Val Gamma Loss=0.0014226825442165136
2025-04-30 21:31:19,694 | INFO | New best model saved (val loss = 1.7860)
2025-04-30 21:33:38,256 | INFO | Epoch: 42 | Time: 138.53s
2025-04-30 21:33:38,257 | INFO | Train Loss=2.5048, Train Acc=56.00%
2025-04-30 21:33:38,257 | INFO | Val Loss=1.9014, Val Acc=51.50%
2025-04-30 21:33:38,257 | INFO | Train Gamma Loss=-0.0091 | Val Gamma Loss=0.001336255925707519
2025-04-30 21:35:51,814 | INFO | Epoch: 43 | Time: 133.53s
2025-04-30 21:35:51,814 | INFO | Train Loss=2.3948, Train Acc=60.41%
2025-04-30 21:35:51,814 | INFO | Val Loss=1.7973, Val Acc=51.17%
2025-04-30 21:35:51,814 | INFO | Train Gamma Loss=-0.0091 | Val Gamma Loss=0.0013669764157384634
2025-04-30 21:38:08,557 | INFO | Epoch: 44 | Time: 136.72s
2025-04-30 21:38:08,557 | INFO | Train Loss=2.4675, Train Acc=58.41%
2025-04-30 21:38:08,557 | INFO | Val Loss=1.9375, Val Acc=50.00%
2025-04-30 21:38:08,557 | INFO | Train Gamma Loss=-0.0091 | Val Gamma Loss=0.0012054642429575324
2025-04-30 21:40:17,814 | INFO | Epoch: 45 | Time: 129.24s
2025-04-30 21:40:17,814 | INFO | Train Loss=2.3418, Train Acc=63.49%
2025-04-30 21:40:17,814 | INFO | Val Loss=1.8162, Val Acc=53.08%
2025-04-30 21:40:17,814 | INFO | Train Gamma Loss=-0.0092 | Val Gamma Loss=0.0014620323199778795
2025-04-30 21:42:30,865 | INFO | Epoch: 46 | Time: 133.03s
2025-04-30 21:42:30,865 | INFO | Train Loss=2.2547, Train Acc=63.88%
2025-04-30 21:42:30,865 | INFO | Val Loss=1.8039, Val Acc=51.92%
2025-04-30 21:42:30,866 | INFO | Train Gamma Loss=-0.0092 | Val Gamma Loss=0.0011279579484835267
2025-04-30 21:44:41,719 | INFO | Epoch: 47 | Time: 130.84s
2025-04-30 21:44:41,719 | INFO | Train Loss=2.3104, Train Acc=63.99%
2025-04-30 21:44:41,719 | INFO | Val Loss=1.8044, Val Acc=51.17%
2025-04-30 21:44:41,720 | INFO | Train Gamma Loss=-0.0093 | Val Gamma Loss=0.0012369456235319376
2025-04-30 21:46:53,299 | INFO | Epoch: 48 | Time: 131.56s
2025-04-30 21:46:53,299 | INFO | Train Loss=2.2809, Train Acc=65.69%
2025-04-30 21:46:53,299 | INFO | Val Loss=1.7403, Val Acc=54.67%
2025-04-30 21:46:53,299 | INFO | Train Gamma Loss=-0.0094 | Val Gamma Loss=0.0008869399898685515
2025-04-30 21:46:53,300 | INFO | New best model saved (val loss = 1.7403)
2025-04-30 21:49:13,393 | INFO | Epoch: 49 | Time: 140.07s
2025-04-30 21:49:13,394 | INFO | Train Loss=2.2202, Train Acc=67.34%
2025-04-30 21:49:13,394 | INFO | Val Loss=1.6786, Val Acc=55.50%
2025-04-30 21:49:13,394 | INFO | Train Gamma Loss=-0.0094 | Val Gamma Loss=0.0009144828072749078
2025-04-30 21:49:13,395 | INFO | New best model saved (val loss = 1.6786)
2025-04-30 21:51:32,425 | INFO | Epoch: 50 | Time: 139.00s
2025-04-30 21:51:32,425 | INFO | Train Loss=2.2241, Train Acc=67.53%
2025-04-30 21:51:32,425 | INFO | Val Loss=1.7399, Val Acc=54.92%
2025-04-30 21:51:32,425 | INFO | Train Gamma Loss=-0.0094 | Val Gamma Loss=0.0009106028010137379
2025-04-30 21:53:45,351 | INFO | Epoch: 51 | Time: 132.91s
2025-04-30 21:53:45,351 | INFO | Train Loss=2.1597, Train Acc=68.97%
2025-04-30 21:53:45,352 | INFO | Val Loss=1.8413, Val Acc=51.92%
2025-04-30 21:53:45,352 | INFO | Train Gamma Loss=-0.0093 | Val Gamma Loss=0.001326373778283596
2025-04-30 21:55:59,022 | INFO | Epoch: 52 | Time: 133.64s
2025-04-30 21:55:59,022 | INFO | Train Loss=2.2079, Train Acc=69.60%
2025-04-30 21:55:59,022 | INFO | Val Loss=1.7656, Val Acc=55.17%
2025-04-30 21:55:59,022 | INFO | Train Gamma Loss=-0.0091 | Val Gamma Loss=0.0011192483361810446
2025-04-30 21:58:15,078 | INFO | Epoch: 53 | Time: 136.03s
2025-04-30 21:58:15,078 | INFO | Train Loss=2.2108, Train Acc=69.79%
2025-04-30 21:58:15,078 | INFO | Val Loss=1.7181, Val Acc=56.00%
2025-04-30 21:58:15,078 | INFO | Train Gamma Loss=-0.0093 | Val Gamma Loss=0.001111396006308496
2025-04-30 22:00:26,002 | INFO | Epoch: 54 | Time: 130.91s
2025-04-30 22:00:26,002 | INFO | Train Loss=2.1994, Train Acc=71.13%
2025-04-30 22:00:26,002 | INFO | Val Loss=1.6968, Val Acc=57.08%
2025-04-30 22:00:26,002 | INFO | Train Gamma Loss=-0.0091 | Val Gamma Loss=0.0013837995938956738
2025-04-30 22:02:41,336 | INFO | Epoch: 55 | Time: 135.32s
2025-04-30 22:02:41,337 | INFO | Train Loss=2.0519, Train Acc=73.10%
2025-04-30 22:02:41,337 | INFO | Val Loss=1.6781, Val Acc=55.58%
2025-04-30 22:02:41,337 | INFO | Train Gamma Loss=-0.0090 | Val Gamma Loss=0.001273339963518083
2025-04-30 22:02:41,338 | INFO | New best model saved (val loss = 1.6781)
2025-04-30 22:05:00,140 | INFO | Epoch: 56 | Time: 138.75s
2025-04-30 22:05:00,140 | INFO | Train Loss=2.0017, Train Acc=75.97%
2025-04-30 22:05:00,140 | INFO | Val Loss=1.6543, Val Acc=57.42%
2025-04-30 22:05:00,141 | INFO | Train Gamma Loss=-0.0092 | Val Gamma Loss=0.0010823324555531144
2025-04-30 22:05:00,142 | INFO | New best model saved (val loss = 1.6543)
2025-04-30 22:07:13,557 | INFO | Epoch: 57 | Time: 133.39s
2025-04-30 22:07:13,558 | INFO | Train Loss=2.0488, Train Acc=75.62%
2025-04-30 22:07:13,558 | INFO | Val Loss=1.6769, Val Acc=57.50%
2025-04-30 22:07:13,558 | INFO | Train Gamma Loss=-0.0091 | Val Gamma Loss=0.001297841197811067
2025-04-30 22:09:31,994 | INFO | Epoch: 58 | Time: 138.42s
2025-04-30 22:09:31,994 | INFO | Train Loss=2.0451, Train Acc=74.86%
2025-04-30 22:09:31,994 | INFO | Val Loss=1.6308, Val Acc=58.92%
2025-04-30 22:09:31,994 | INFO | Train Gamma Loss=-0.0090 | Val Gamma Loss=0.0013032214483246207
2025-04-30 22:09:31,995 | INFO | New best model saved (val loss = 1.6308)
2025-04-30 22:11:47,115 | INFO | Epoch: 59 | Time: 135.07s
2025-04-30 22:11:47,115 | INFO | Train Loss=1.9903, Train Acc=76.45%
2025-04-30 22:11:47,115 | INFO | Val Loss=1.5931, Val Acc=59.25%
2025-04-30 22:11:47,115 | INFO | Train Gamma Loss=-0.0089 | Val Gamma Loss=0.001471067196689546
2025-04-30 22:11:47,117 | INFO | New best model saved (val loss = 1.5931)
2025-04-30 22:14:06,272 | INFO | Epoch: 60 | Time: 139.13s
2025-04-30 22:14:06,273 | INFO | Train Loss=2.1570, Train Acc=75.26%
2025-04-30 22:14:06,273 | INFO | Val Loss=1.7470, Val Acc=56.33%
2025-04-30 22:14:06,273 | INFO | Train Gamma Loss=-0.0088 | Val Gamma Loss=0.001346897566691041
2025-04-30 22:16:29,780 | INFO | Epoch: 61 | Time: 143.48s
2025-04-30 22:16:29,781 | INFO | Train Loss=2.0933, Train Acc=75.03%
2025-04-30 22:16:29,781 | INFO | Val Loss=1.6897, Val Acc=58.75%
2025-04-30 22:16:29,781 | INFO | Train Gamma Loss=-0.0090 | Val Gamma Loss=0.0014333825092762709
2025-04-30 22:18:46,136 | INFO | Epoch: 62 | Time: 136.33s
2025-04-30 22:18:46,136 | INFO | Train Loss=2.0219, Train Acc=76.28%
2025-04-30 22:18:46,136 | INFO | Val Loss=1.6276, Val Acc=59.50%
2025-04-30 22:18:46,136 | INFO | Train Gamma Loss=-0.0089 | Val Gamma Loss=0.0014791380381211638
2025-04-30 22:21:05,443 | INFO | Epoch: 63 | Time: 139.26s
2025-04-30 22:21:05,443 | INFO | Train Loss=2.0137, Train Acc=76.04%
2025-04-30 22:21:05,443 | INFO | Val Loss=1.6115, Val Acc=58.25%
2025-04-30 22:21:05,443 | INFO | Train Gamma Loss=-0.0087 | Val Gamma Loss=0.0016684955917298794
2025-04-30 22:23:19,857 | INFO | Epoch: 64 | Time: 134.39s
2025-04-30 22:23:19,857 | INFO | Train Loss=2.0547, Train Acc=77.59%
2025-04-30 22:23:19,857 | INFO | Val Loss=1.5971, Val Acc=59.33%
2025-04-30 22:23:19,857 | INFO | Train Gamma Loss=-0.0087 | Val Gamma Loss=0.001499946927651763
2025-04-30 22:25:30,731 | INFO | Epoch: 65 | Time: 130.86s
2025-04-30 22:25:30,732 | INFO | Train Loss=2.0363, Train Acc=77.15%
2025-04-30 22:25:30,732 | INFO | Val Loss=1.5942, Val Acc=59.75%
2025-04-30 22:25:30,732 | INFO | Train Gamma Loss=-0.0089 | Val Gamma Loss=0.0013720683054998517
2025-04-30 22:27:37,830 | INFO | Epoch: 66 | Time: 127.08s
2025-04-30 22:27:37,830 | INFO | Train Loss=1.9719, Train Acc=79.89%
2025-04-30 22:27:37,830 | INFO | Val Loss=1.5405, Val Acc=61.67%
2025-04-30 22:27:37,830 | INFO | Train Gamma Loss=-0.0091 | Val Gamma Loss=0.0012462115846574306
2025-04-30 22:27:37,832 | INFO | New best model saved (val loss = 1.5405)
2025-04-30 22:29:51,051 | INFO | Epoch: 67 | Time: 133.19s
2025-04-30 22:29:51,051 | INFO | Train Loss=1.8567, Train Acc=80.94%
2025-04-30 22:29:51,051 | INFO | Val Loss=1.6290, Val Acc=59.25%
2025-04-30 22:29:51,051 | INFO | Train Gamma Loss=-0.0092 | Val Gamma Loss=0.001259795157238841
2025-04-30 22:31:58,302 | INFO | Epoch: 68 | Time: 127.23s
2025-04-30 22:31:58,302 | INFO | Train Loss=1.8250, Train Acc=80.67%
2025-04-30 22:31:58,302 | INFO | Val Loss=1.5874, Val Acc=60.25%
2025-04-30 22:31:58,302 | INFO | Train Gamma Loss=-0.0091 | Val Gamma Loss=0.0012556101428344846
2025-04-30 22:34:07,275 | INFO | Epoch: 69 | Time: 128.96s
2025-04-30 22:34:07,275 | INFO | Train Loss=2.0489, Train Acc=76.07%
2025-04-30 22:34:07,275 | INFO | Val Loss=1.6087, Val Acc=60.58%
2025-04-30 22:34:07,276 | INFO | Train Gamma Loss=-0.0090 | Val Gamma Loss=0.001306239515542984
2025-04-30 22:36:16,062 | INFO | Epoch: 70 | Time: 128.77s
2025-04-30 22:36:16,062 | INFO | Train Loss=1.9861, Train Acc=80.19%
2025-04-30 22:36:16,062 | INFO | Val Loss=1.6010, Val Acc=60.08%
2025-04-30 22:36:16,062 | INFO | Train Gamma Loss=-0.0090 | Val Gamma Loss=0.0013904955703765154
2025-04-30 22:38:31,015 | INFO | Epoch: 71 | Time: 134.92s
2025-04-30 22:38:31,015 | INFO | Train Loss=1.7889, Train Acc=84.92%
2025-04-30 22:38:31,015 | INFO | Val Loss=1.5969, Val Acc=59.92%
2025-04-30 22:38:31,015 | INFO | Train Gamma Loss=-0.0089 | Val Gamma Loss=0.0014818813651800156
2025-04-30 22:40:43,232 | INFO | Epoch: 72 | Time: 132.20s
2025-04-30 22:40:43,232 | INFO | Train Loss=1.8478, Train Acc=82.79%
2025-04-30 22:40:43,232 | INFO | Val Loss=1.5557, Val Acc=62.08%
2025-04-30 22:40:43,232 | INFO | Train Gamma Loss=-0.0089 | Val Gamma Loss=0.0013964527752250433
2025-04-30 22:42:54,013 | INFO | Epoch: 73 | Time: 130.77s
2025-04-30 22:42:54,014 | INFO | Train Loss=1.8372, Train Acc=82.76%
2025-04-30 22:42:54,014 | INFO | Val Loss=1.5511, Val Acc=61.17%
2025-04-30 22:42:54,014 | INFO | Train Gamma Loss=-0.0090 | Val Gamma Loss=0.0014691166579723358
2025-04-30 22:45:02,109 | INFO | Epoch: 74 | Time: 128.08s
2025-04-30 22:45:02,109 | INFO | Train Loss=1.8301, Train Acc=84.48%
2025-04-30 22:45:02,109 | INFO | Val Loss=1.5716, Val Acc=62.67%
2025-04-30 22:45:02,109 | INFO | Train Gamma Loss=-0.0090 | Val Gamma Loss=0.0013535807374864817
2025-04-30 22:47:06,522 | INFO | Epoch: 75 | Time: 124.39s
2025-04-30 22:47:06,522 | INFO | Train Loss=1.7740, Train Acc=84.93%
2025-04-30 22:47:06,522 | INFO | Val Loss=1.5605, Val Acc=62.33%
2025-04-30 22:47:06,522 | INFO | Train Gamma Loss=-0.0090 | Val Gamma Loss=0.0013969793217256665
2025-04-30 22:49:14,156 | INFO | Epoch: 76 | Time: 127.62s
2025-04-30 22:49:14,156 | INFO | Train Loss=1.8150, Train Acc=83.95%
2025-04-30 22:49:14,156 | INFO | Val Loss=1.5734, Val Acc=62.08%
2025-04-30 22:49:14,157 | INFO | Train Gamma Loss=-0.0090 | Val Gamma Loss=0.0014169312780722976
2025-04-30 22:51:21,042 | INFO | Epoch: 77 | Time: 126.84s
2025-04-30 22:51:21,042 | INFO | Train Loss=1.7481, Train Acc=84.72%
2025-04-30 22:51:21,042 | INFO | Val Loss=1.5514, Val Acc=61.42%
2025-04-30 22:51:21,042 | INFO | Train Gamma Loss=-0.0090 | Val Gamma Loss=0.0014434299664571881
2025-04-30 22:53:25,786 | INFO | Epoch: 78 | Time: 124.73s
2025-04-30 22:53:25,786 | INFO | Train Loss=1.7172, Train Acc=85.57%
2025-04-30 22:53:25,786 | INFO | Val Loss=1.5417, Val Acc=62.58%
2025-04-30 22:53:25,786 | INFO | Train Gamma Loss=-0.0090 | Val Gamma Loss=0.001388901611790061
2025-04-30 22:55:35,494 | INFO | Epoch: 79 | Time: 129.67s
2025-04-30 22:55:35,494 | INFO | Train Loss=1.8551, Train Acc=83.03%
2025-04-30 22:55:35,495 | INFO | Val Loss=1.5534, Val Acc=62.25%
2025-04-30 22:55:35,495 | INFO | Train Gamma Loss=-0.0090 | Val Gamma Loss=0.0013803958427160978
2025-04-30 22:57:44,942 | INFO | Epoch: 80 | Time: 129.43s
2025-04-30 22:57:44,942 | INFO | Train Loss=1.9221, Train Acc=80.25%
2025-04-30 22:57:44,942 | INFO | Val Loss=1.5516, Val Acc=63.42%
2025-04-30 22:57:44,942 | INFO | Train Gamma Loss=-0.0090 | Val Gamma Loss=0.0014106789603829384
2025-04-30 22:59:58,241 | INFO | Epoch: 81 | Time: 133.28s
2025-04-30 22:59:58,241 | INFO | Train Loss=1.8300, Train Acc=83.19%
2025-04-30 22:59:58,241 | INFO | Val Loss=1.5474, Val Acc=62.75%
2025-04-30 22:59:58,241 | INFO | Train Gamma Loss=-0.0090 | Val Gamma Loss=0.0014264073688536882
2025-04-30 23:02:13,625 | INFO | Epoch: 82 | Time: 135.32s
2025-04-30 23:02:13,626 | INFO | Train Loss=1.7271, Train Acc=85.70%
2025-04-30 23:02:13,626 | INFO | Val Loss=1.5534, Val Acc=63.67%
2025-04-30 23:02:13,626 | INFO | Train Gamma Loss=-0.0089 | Val Gamma Loss=0.0014247559010982513
2025-04-30 23:04:23,379 | INFO | Epoch: 83 | Time: 129.73s
2025-04-30 23:04:23,379 | INFO | Train Loss=1.7783, Train Acc=84.67%
2025-04-30 23:04:23,379 | INFO | Val Loss=1.5353, Val Acc=63.25%
2025-04-30 23:04:23,379 | INFO | Train Gamma Loss=-0.0089 | Val Gamma Loss=0.001518939039669931
2025-04-30 23:04:23,381 | INFO | New best model saved (val loss = 1.5353)
2025-04-30 23:06:37,092 | INFO | Epoch: 84 | Time: 133.67s
2025-04-30 23:06:37,092 | INFO | Train Loss=1.7437, Train Acc=85.66%
2025-04-30 23:06:37,092 | INFO | Val Loss=1.5552, Val Acc=62.75%
2025-04-30 23:06:37,093 | INFO | Train Gamma Loss=-0.0089 | Val Gamma Loss=0.0015001873252913356
2025-04-30 23:08:51,265 | INFO | Epoch: 85 | Time: 134.14s
2025-04-30 23:08:51,266 | INFO | Train Loss=1.7952, Train Acc=84.83%
2025-04-30 23:08:51,266 | INFO | Val Loss=1.5329, Val Acc=62.92%
2025-04-30 23:08:51,266 | INFO | Train Gamma Loss=-0.0089 | Val Gamma Loss=0.001462646760046482
2025-04-30 23:08:51,267 | INFO | New best model saved (val loss = 1.5329)
2025-04-30 23:11:04,358 | INFO | Epoch: 86 | Time: 133.01s
2025-04-30 23:11:04,358 | INFO | Train Loss=1.7652, Train Acc=84.94%
2025-04-30 23:11:04,358 | INFO | Val Loss=1.5342, Val Acc=63.92%
2025-04-30 23:11:04,358 | INFO | Train Gamma Loss=-0.0089 | Val Gamma Loss=0.0014748747926205397
2025-04-30 23:13:16,083 | INFO | Epoch: 87 | Time: 131.66s
2025-04-30 23:13:16,083 | INFO | Train Loss=1.9082, Train Acc=81.54%
2025-04-30 23:13:16,083 | INFO | Val Loss=1.5351, Val Acc=63.50%
2025-04-30 23:13:16,083 | INFO | Train Gamma Loss=-0.0089 | Val Gamma Loss=0.0015150062972679734
2025-04-30 23:15:34,211 | INFO | Epoch: 88 | Time: 138.09s
2025-04-30 23:15:34,211 | INFO | Train Loss=1.7893, Train Acc=83.63%
2025-04-30 23:15:34,211 | INFO | Val Loss=1.5175, Val Acc=64.00%
2025-04-30 23:15:34,212 | INFO | Train Gamma Loss=-0.0089 | Val Gamma Loss=0.0014827392296865582
2025-04-30 23:15:34,213 | INFO | New best model saved (val loss = 1.5175)
2025-04-30 23:17:48,738 | INFO | Epoch: 89 | Time: 134.47s
2025-04-30 23:17:48,738 | INFO | Train Loss=1.7349, Train Acc=85.36%
2025-04-30 23:17:48,738 | INFO | Val Loss=1.5272, Val Acc=63.75%
2025-04-30 23:17:48,738 | INFO | Train Gamma Loss=-0.0089 | Val Gamma Loss=0.001494441065005958
2025-04-30 23:20:04,283 | INFO | Epoch: 90 | Time: 135.51s
2025-04-30 23:20:04,283 | INFO | Train Loss=1.7688, Train Acc=86.11%
2025-04-30 23:20:04,283 | INFO | Val Loss=1.5223, Val Acc=63.42%
2025-04-30 23:20:04,284 | INFO | Train Gamma Loss=-0.0089 | Val Gamma Loss=0.00149461068212986
2025-04-30 23:22:17,328 | INFO | Epoch: 91 | Time: 132.97s
2025-04-30 23:22:17,328 | INFO | Train Loss=1.7220, Train Acc=84.68%
2025-04-30 23:22:17,328 | INFO | Val Loss=1.5185, Val Acc=64.08%
2025-04-30 23:22:17,328 | INFO | Train Gamma Loss=-0.0089 | Val Gamma Loss=0.0014241442549973726
2025-04-30 23:24:26,766 | INFO | Epoch: 92 | Time: 129.40s
2025-04-30 23:24:26,766 | INFO | Train Loss=1.6438, Train Acc=88.75%
2025-04-30 23:24:26,766 | INFO | Val Loss=1.5173, Val Acc=64.42%
2025-04-30 23:24:26,766 | INFO | Train Gamma Loss=-0.0090 | Val Gamma Loss=0.0014977303799241781
2025-04-30 23:24:26,768 | INFO | New best model saved (val loss = 1.5173)
2025-04-30 23:26:36,397 | INFO | Epoch: 93 | Time: 129.55s
2025-04-30 23:26:36,397 | INFO | Train Loss=1.6315, Train Acc=85.13%
2025-04-30 23:26:36,397 | INFO | Val Loss=1.5172, Val Acc=63.83%
2025-04-30 23:26:36,397 | INFO | Train Gamma Loss=-0.0089 | Val Gamma Loss=0.001472201314754784
2025-04-30 23:26:36,398 | INFO | New best model saved (val loss = 1.5172)
2025-04-30 23:28:49,929 | INFO | Epoch: 94 | Time: 133.49s
2025-04-30 23:28:49,930 | INFO | Train Loss=1.7554, Train Acc=84.08%
2025-04-30 23:28:49,930 | INFO | Val Loss=1.5239, Val Acc=63.92%
2025-04-30 23:28:49,930 | INFO | Train Gamma Loss=-0.0090 | Val Gamma Loss=0.0015156823210418224
2025-04-30 23:31:00,271 | INFO | Epoch: 95 | Time: 130.32s
2025-04-30 23:31:00,272 | INFO | Train Loss=1.8037, Train Acc=82.29%
2025-04-30 23:31:00,272 | INFO | Val Loss=1.5128, Val Acc=64.50%
2025-04-30 23:31:00,272 | INFO | Train Gamma Loss=-0.0090 | Val Gamma Loss=0.001527990447357297
2025-04-30 23:31:00,273 | INFO | New best model saved (val loss = 1.5128)
2025-04-30 23:33:06,805 | INFO | Epoch: 96 | Time: 126.50s
2025-04-30 23:33:06,805 | INFO | Train Loss=1.8467, Train Acc=83.94%
2025-04-30 23:33:06,805 | INFO | Val Loss=1.5128, Val Acc=64.50%
2025-04-30 23:33:06,805 | INFO | Train Gamma Loss=-0.0089 | Val Gamma Loss=0.0015362617559731007
2025-04-30 23:35:16,557 | INFO | Epoch: 97 | Time: 129.74s
2025-04-30 23:35:16,557 | INFO | Train Loss=1.8554, Train Acc=82.27%
2025-04-30 23:35:16,557 | INFO | Val Loss=1.5145, Val Acc=64.50%
2025-04-30 23:35:16,557 | INFO | Train Gamma Loss=-0.0090 | Val Gamma Loss=0.0014164233580231667
2025-04-30 23:37:21,219 | INFO | Epoch: 98 | Time: 124.64s
2025-04-30 23:37:21,219 | INFO | Train Loss=1.7442, Train Acc=85.56%
2025-04-30 23:37:21,219 | INFO | Val Loss=1.5147, Val Acc=64.33%
2025-04-30 23:37:21,219 | INFO | Train Gamma Loss=-0.0090 | Val Gamma Loss=0.0014822435332462192
2025-04-30 23:39:31,311 | INFO | Epoch: 99 | Time: 130.04s
2025-04-30 23:39:31,312 | INFO | Train Loss=1.8089, Train Acc=84.69%
2025-04-30 23:39:31,312 | INFO | Val Loss=1.5217, Val Acc=64.17%
2025-04-30 23:39:31,312 | INFO | Train Gamma Loss=-0.0090 | Val Gamma Loss=0.0015200329944491386
2025-04-30 23:41:36,345 | INFO | Epoch: 100 | Time: 125.02s
2025-04-30 23:41:36,345 | INFO | Train Loss=1.8539, Train Acc=83.05%
2025-04-30 23:41:36,345 | INFO | Val Loss=1.5139, Val Acc=64.17%
2025-04-30 23:41:36,345 | INFO | Train Gamma Loss=-0.0090 | Val Gamma Loss=0.0014787204563617706
2025-04-30 23:41:36,428 | INFO | Best model with lowest val loss 1.5128070555235211 at 94 epoch is saved.
2025-04-30 23:42:49,927 | INFO | Test Accuracy: 62.58%
2025-04-30 23:42:50,013 | INFO | Last model with val loss 1.5138555890635441 at 99 epoch is saved.
2025-04-30 23:44:04,804 | INFO | Test Accuracy: 62.58%
2025-04-30 23:44:04,817 | INFO | 
Job Completed
2025-05-01 11:14:25,679 | INFO | No test config present. Using train config.
2025-05-01 11:14:26,002 | INFO | Batch size: 32
2025-05-01 11:14:26,003 | INFO | Running these attacks:
2025-05-01 11:14:26,003 | INFO | {'FGSM': [0.01, 0.05, 0.1, 0.2], 'PGD': [0.01, 0.05, 0.1, 0.2], 'gaussian noise': [0.01, 0.05, 0.1, 0.2]}
2025-05-01 11:14:26,003 | INFO | 
Testing model: runs/stanford_dogs/batch_9/zoomvit_p65_20250430-201239/zoomvit_p65_20250430-201239_e94_best_model.pt
2025-05-01 11:14:26,003 | INFO | Running attack: FGSM, 0.01
2025-05-01 11:15:51,137 | INFO | Test accuracy: 7.5874125874125875
2025-05-01 11:15:51,137 | INFO | Running attack: FGSM, 0.05
2025-05-01 11:17:11,638 | INFO | Test accuracy: 2.3426573426573425
2025-05-01 11:17:11,639 | INFO | Running attack: FGSM, 0.1
2025-05-01 11:18:33,030 | INFO | Test accuracy: 1.5967365967365967
2025-05-01 11:18:33,030 | INFO | Running attack: FGSM, 0.2
2025-05-01 11:19:54,100 | INFO | Test accuracy: 1.3986013986013985
2025-05-01 11:19:54,100 | INFO | Running attack: PGD, 0.01
2025-05-01 11:27:19,074 | INFO | Test accuracy: 0.7226107226107226
2025-05-01 11:27:19,074 | INFO | Running attack: PGD, 0.05
2025-05-01 11:34:44,243 | INFO | Test accuracy: 0.0
2025-05-01 11:34:44,243 | INFO | Running attack: PGD, 0.1
2025-05-01 11:42:11,493 | INFO | Test accuracy: 0.0
2025-05-01 11:42:11,493 | INFO | Running attack: PGD, 0.2
2025-05-01 11:49:36,800 | INFO | Test accuracy: 0.0
2025-05-01 11:49:36,800 | INFO | Running attack: gaussian noise, 0.01
2025-05-01 11:50:46,279 | INFO | Test accuracy: 13.216783216783217
2025-05-01 11:50:46,279 | INFO | Running attack: gaussian noise, 0.05
2025-05-01 11:52:04,469 | INFO | Test accuracy: 12.377622377622378
2025-05-01 11:52:04,469 | INFO | Running attack: gaussian noise, 0.1
2025-05-01 11:53:20,783 | INFO | Test accuracy: 10.233100233100233
2025-05-01 11:53:20,783 | INFO | Running attack: gaussian noise, 0.2
2025-05-01 11:54:37,851 | INFO | Test accuracy: 6.561771561771562
