2025-06-05 23:41:04,098 | INFO | Job Started
2025-06-05 23:41:04,098 | INFO | Logging run: /rds/general/user/psp20/home/Brain-Network/runs/brainit_5_3_sample_eff_0_5_20250605-234104
2025-06-05 23:41:04,111 | INFO | Using device: cuda
2025-06-05 23:41:04,111 | INFO | Training for 100 epochs
2025-06-05 23:41:04,111 | INFO | Debug mode: False
2025-06-05 23:41:04,111 | INFO | Downsampling by: 0.5
2025-06-05 23:41:04,111 | INFO | Auxiliary loss: {'attention_entropy_loss': 0.1}
2025-06-05 23:41:04,111 | INFO | Train transforms: 
	Compose(
    RandomResizedCrop(size=(224, 224), scale=(0.8, 1), ratio=(0.75, 1.3333), interpolation=bilinear, antialias=True)
    RandomHorizontalFlip(p=0.5)
    ColorJitter(brightness=(0.8, 1.2), contrast=(0.8, 1.2), saturation=(0.8, 1.2), hue=None)
    ToTensor()
    Normalize(mean=(0.4765, 0.4517, 0.3911), std=(0.2264, 0.2214, 0.2193))
)
2025-06-05 23:41:04,112 | INFO | Test transforms: 
	Compose(
    Resize(size=[224, 224], interpolation=bilinear, max_size=None, antialias=True)
    ToTensor()
    Normalize(mean=(0.4765, 0.4517, 0.3911), std=(0.2264, 0.2214, 0.2193))
)
2025-06-05 23:41:04,330 | INFO | Downsampling by: 0.5. Few shot: False
2025-06-05 23:41:04,585 | INFO | Using mixup function and SoftTargetCrossEntropy
2025-06-05 23:41:04,585 | INFO | Auxiliary loss: {'attention_entropy_loss': 0.1}
2025-06-05 23:42:16,947 | INFO | Epoch: 1 | Time: 72.34s
2025-06-05 23:42:16,947 | INFO | Train Loss=5.1425, Train Acc=0.72%
2025-06-05 23:42:16,947 | INFO | Val Loss=4.9460, Val Acc=2.25%
2025-06-05 23:42:16,947 | INFO | Train Gamma Loss=0.2843 | Val Gamma Loss=0.17359758913516998
2025-06-05 23:42:16,948 | INFO | New best model saved (val loss = 4.9460)
2025-06-05 23:43:27,614 | INFO | Epoch: 2 | Time: 70.64s
2025-06-05 23:43:27,615 | INFO | Train Loss=4.8570, Train Acc=1.28%
2025-06-05 23:43:27,615 | INFO | Val Loss=4.7576, Val Acc=2.00%
2025-06-05 23:43:27,615 | INFO | Train Gamma Loss=0.0690 | Val Gamma Loss=0.013967250473797321
2025-06-05 23:43:27,616 | INFO | New best model saved (val loss = 4.7576)
2025-06-05 23:44:41,434 | INFO | Epoch: 3 | Time: 73.80s
2025-06-05 23:44:41,434 | INFO | Train Loss=4.7775, Train Acc=1.52%
2025-06-05 23:44:41,434 | INFO | Val Loss=4.6787, Val Acc=2.33%
2025-06-05 23:44:41,435 | INFO | Train Gamma Loss=-0.0058 | Val Gamma Loss=0.002931899856775999
2025-06-05 23:44:41,436 | INFO | New best model saved (val loss = 4.6787)
2025-06-05 23:45:55,866 | INFO | Epoch: 4 | Time: 74.40s
2025-06-05 23:45:55,866 | INFO | Train Loss=4.7183, Train Acc=2.03%
2025-06-05 23:45:55,866 | INFO | Val Loss=4.6488, Val Acc=1.92%
2025-06-05 23:45:55,866 | INFO | Train Gamma Loss=-0.0073 | Val Gamma Loss=0.002782610710710287
2025-06-05 23:45:55,868 | INFO | New best model saved (val loss = 4.6488)
2025-06-05 23:47:12,465 | INFO | Epoch: 5 | Time: 76.57s
2025-06-05 23:47:12,465 | INFO | Train Loss=4.6826, Train Acc=2.40%
2025-06-05 23:47:12,465 | INFO | Val Loss=4.6147, Val Acc=2.83%
2025-06-05 23:47:12,465 | INFO | Train Gamma Loss=-0.0075 | Val Gamma Loss=0.002754979534074664
2025-06-05 23:47:12,467 | INFO | New best model saved (val loss = 4.6147)
2025-06-05 23:48:26,283 | INFO | Epoch: 6 | Time: 73.76s
2025-06-05 23:48:26,283 | INFO | Train Loss=4.6483, Train Acc=2.77%
2025-06-05 23:48:26,283 | INFO | Val Loss=4.5724, Val Acc=2.75%
2025-06-05 23:48:26,283 | INFO | Train Gamma Loss=-0.0079 | Val Gamma Loss=0.0023100438993424177
2025-06-05 23:48:26,285 | INFO | New best model saved (val loss = 4.5724)
2025-06-05 23:49:45,455 | INFO | Epoch: 7 | Time: 79.14s
2025-06-05 23:49:45,455 | INFO | Train Loss=4.6344, Train Acc=3.05%
2025-06-05 23:49:45,455 | INFO | Val Loss=4.5366, Val Acc=2.67%
2025-06-05 23:49:45,455 | INFO | Train Gamma Loss=-0.0081 | Val Gamma Loss=0.002146245678886771
2025-06-05 23:49:45,457 | INFO | New best model saved (val loss = 4.5366)
2025-06-05 23:51:02,967 | INFO | Epoch: 8 | Time: 77.45s
2025-06-05 23:51:02,968 | INFO | Train Loss=4.5658, Train Acc=3.77%
2025-06-05 23:51:02,968 | INFO | Val Loss=4.5186, Val Acc=3.75%
2025-06-05 23:51:02,968 | INFO | Train Gamma Loss=-0.0083 | Val Gamma Loss=0.002075430704280734
2025-06-05 23:51:02,969 | INFO | New best model saved (val loss = 4.5186)
2025-06-05 23:52:25,110 | INFO | Epoch: 9 | Time: 82.12s
2025-06-05 23:52:25,110 | INFO | Train Loss=4.5322, Train Acc=4.07%
2025-06-05 23:52:25,110 | INFO | Val Loss=4.4639, Val Acc=3.42%
2025-06-05 23:52:25,110 | INFO | Train Gamma Loss=-0.0084 | Val Gamma Loss=0.0019755028188228607
2025-06-05 23:52:25,112 | INFO | New best model saved (val loss = 4.4639)
2025-06-05 23:53:51,565 | INFO | Epoch: 10 | Time: 86.42s
2025-06-05 23:53:51,565 | INFO | Train Loss=4.4632, Train Acc=5.00%
2025-06-05 23:53:51,565 | INFO | Val Loss=4.2563, Val Acc=5.92%
2025-06-05 23:53:51,565 | INFO | Train Gamma Loss=-0.0084 | Val Gamma Loss=0.0018707753624767065
2025-06-05 23:53:51,567 | INFO | New best model saved (val loss = 4.2563)
2025-06-05 23:55:34,429 | INFO | Epoch: 11 | Time: 102.84s
2025-06-05 23:55:34,429 | INFO | Train Loss=4.4130, Train Acc=5.50%
2025-06-05 23:55:34,429 | INFO | Val Loss=4.2623, Val Acc=4.00%
2025-06-05 23:55:34,429 | INFO | Train Gamma Loss=-0.0086 | Val Gamma Loss=0.0018428403418511152
2025-06-05 23:57:13,886 | INFO | Epoch: 12 | Time: 99.45s
2025-06-05 23:57:13,886 | INFO | Train Loss=4.3979, Train Acc=6.20%
2025-06-05 23:57:13,886 | INFO | Val Loss=4.3043, Val Acc=4.75%
2025-06-05 23:57:13,886 | INFO | Train Gamma Loss=-0.0086 | Val Gamma Loss=0.00184272148180753
2025-06-05 23:58:56,574 | INFO | Epoch: 13 | Time: 102.65s
2025-06-05 23:58:56,574 | INFO | Train Loss=4.3245, Train Acc=7.03%
2025-06-05 23:58:56,574 | INFO | Val Loss=4.1972, Val Acc=6.33%
2025-06-05 23:58:56,574 | INFO | Train Gamma Loss=-0.0086 | Val Gamma Loss=0.0017450915183871984
2025-06-05 23:58:56,575 | INFO | New best model saved (val loss = 4.1972)
2025-06-06 00:00:20,265 | INFO | Epoch: 14 | Time: 83.58s
2025-06-06 00:00:20,265 | INFO | Train Loss=4.2998, Train Acc=7.37%
2025-06-06 00:00:20,265 | INFO | Val Loss=4.1291, Val Acc=6.58%
2025-06-06 00:00:20,265 | INFO | Train Gamma Loss=-0.0086 | Val Gamma Loss=0.001858998672105372
2025-06-06 00:00:20,266 | INFO | New best model saved (val loss = 4.1291)
2025-06-06 00:01:53,355 | INFO | Epoch: 15 | Time: 93.04s
2025-06-06 00:01:53,356 | INFO | Train Loss=4.2358, Train Acc=8.55%
2025-06-06 00:01:53,356 | INFO | Val Loss=4.1008, Val Acc=8.75%
2025-06-06 00:01:53,356 | INFO | Train Gamma Loss=-0.0087 | Val Gamma Loss=0.001870166277512908
2025-06-06 00:01:53,357 | INFO | New best model saved (val loss = 4.1008)
2025-06-06 00:03:07,536 | INFO | Epoch: 16 | Time: 74.16s
2025-06-06 00:03:07,536 | INFO | Train Loss=4.2471, Train Acc=8.63%
2025-06-06 00:03:07,536 | INFO | Val Loss=3.9191, Val Acc=8.33%
2025-06-06 00:03:07,536 | INFO | Train Gamma Loss=-0.0086 | Val Gamma Loss=0.001742232940159738
2025-06-06 00:03:07,537 | INFO | New best model saved (val loss = 3.9191)
2025-06-06 00:04:26,749 | INFO | Epoch: 17 | Time: 79.15s
2025-06-06 00:04:26,750 | INFO | Train Loss=4.1446, Train Acc=9.88%
2025-06-06 00:04:26,750 | INFO | Val Loss=4.0453, Val Acc=6.75%
2025-06-06 00:04:26,750 | INFO | Train Gamma Loss=-0.0086 | Val Gamma Loss=0.0019909783732146025
2025-06-06 00:05:38,691 | INFO | Epoch: 18 | Time: 71.90s
2025-06-06 00:05:38,691 | INFO | Train Loss=4.1907, Train Acc=9.65%
2025-06-06 00:05:38,691 | INFO | Val Loss=3.9123, Val Acc=8.50%
2025-06-06 00:05:38,691 | INFO | Train Gamma Loss=-0.0087 | Val Gamma Loss=0.0017842011293396354
2025-06-06 00:05:38,692 | INFO | New best model saved (val loss = 3.9123)
2025-06-06 00:07:01,381 | INFO | Epoch: 19 | Time: 82.67s
2025-06-06 00:07:01,381 | INFO | Train Loss=4.0829, Train Acc=10.80%
2025-06-06 00:07:01,381 | INFO | Val Loss=3.8237, Val Acc=9.42%
2025-06-06 00:07:01,381 | INFO | Train Gamma Loss=-0.0087 | Val Gamma Loss=0.0018137656152248383
2025-06-06 00:07:01,383 | INFO | New best model saved (val loss = 3.8237)
2025-06-06 00:08:21,009 | INFO | Epoch: 20 | Time: 79.57s
2025-06-06 00:08:21,010 | INFO | Train Loss=4.0817, Train Acc=10.97%
2025-06-06 00:08:21,010 | INFO | Val Loss=3.8783, Val Acc=9.00%
2025-06-06 00:08:21,010 | INFO | Train Gamma Loss=-0.0087 | Val Gamma Loss=0.0017399413045495749
2025-06-06 00:09:50,938 | INFO | Epoch: 21 | Time: 89.90s
2025-06-06 00:09:50,938 | INFO | Train Loss=4.0626, Train Acc=12.42%
2025-06-06 00:09:50,938 | INFO | Val Loss=3.7860, Val Acc=11.67%
2025-06-06 00:09:50,938 | INFO | Train Gamma Loss=-0.0087 | Val Gamma Loss=0.0017388792475685477
2025-06-06 00:09:50,939 | INFO | New best model saved (val loss = 3.7860)
2025-06-06 00:11:12,759 | INFO | Epoch: 22 | Time: 81.79s
2025-06-06 00:11:12,759 | INFO | Train Loss=3.9550, Train Acc=13.30%
2025-06-06 00:11:12,759 | INFO | Val Loss=3.8251, Val Acc=9.75%
2025-06-06 00:11:12,760 | INFO | Train Gamma Loss=-0.0087 | Val Gamma Loss=0.001779685728251934
2025-06-06 00:12:31,916 | INFO | Epoch: 23 | Time: 79.14s
2025-06-06 00:12:31,916 | INFO | Train Loss=3.9018, Train Acc=14.68%
2025-06-06 00:12:31,916 | INFO | Val Loss=3.7523, Val Acc=10.92%
2025-06-06 00:12:31,916 | INFO | Train Gamma Loss=-0.0088 | Val Gamma Loss=0.0016719993436709046
2025-06-06 00:12:31,917 | INFO | New best model saved (val loss = 3.7523)
2025-06-06 00:13:42,726 | INFO | Epoch: 24 | Time: 70.73s
2025-06-06 00:13:42,726 | INFO | Train Loss=3.8934, Train Acc=15.57%
2025-06-06 00:13:42,726 | INFO | Val Loss=3.8852, Val Acc=9.58%
2025-06-06 00:13:42,726 | INFO | Train Gamma Loss=-0.0087 | Val Gamma Loss=0.001992123667150736
2025-06-06 00:14:52,966 | INFO | Epoch: 25 | Time: 70.21s
2025-06-06 00:14:52,967 | INFO | Train Loss=3.8608, Train Acc=17.67%
2025-06-06 00:14:52,967 | INFO | Val Loss=3.8203, Val Acc=10.33%
2025-06-06 00:14:52,967 | INFO | Train Gamma Loss=-0.0087 | Val Gamma Loss=0.0017604655586183071
2025-06-06 00:16:05,594 | INFO | Epoch: 26 | Time: 72.62s
2025-06-06 00:16:05,594 | INFO | Train Loss=3.8081, Train Acc=18.05%
2025-06-06 00:16:05,594 | INFO | Val Loss=3.5880, Val Acc=15.00%
2025-06-06 00:16:05,594 | INFO | Train Gamma Loss=-0.0086 | Val Gamma Loss=0.0016051168786361814
2025-06-06 00:16:05,595 | INFO | New best model saved (val loss = 3.5880)
2025-06-06 00:17:19,730 | INFO | Epoch: 27 | Time: 74.11s
2025-06-06 00:17:19,730 | INFO | Train Loss=3.6845, Train Acc=20.17%
2025-06-06 00:17:19,730 | INFO | Val Loss=3.4900, Val Acc=15.17%
2025-06-06 00:17:19,730 | INFO | Train Gamma Loss=-0.0087 | Val Gamma Loss=0.0018111281096935272
2025-06-06 00:17:19,732 | INFO | New best model saved (val loss = 3.4900)
2025-06-06 00:18:30,534 | INFO | Epoch: 28 | Time: 70.77s
2025-06-06 00:18:30,534 | INFO | Train Loss=3.6737, Train Acc=20.83%
2025-06-06 00:18:30,534 | INFO | Val Loss=3.5831, Val Acc=13.33%
2025-06-06 00:18:30,534 | INFO | Train Gamma Loss=-0.0087 | Val Gamma Loss=0.0016650594770908356
2025-06-06 00:19:41,202 | INFO | Epoch: 29 | Time: 70.66s
2025-06-06 00:19:41,202 | INFO | Train Loss=3.7386, Train Acc=20.12%
2025-06-06 00:19:41,202 | INFO | Val Loss=3.6971, Val Acc=12.58%
2025-06-06 00:19:41,202 | INFO | Train Gamma Loss=-0.0087 | Val Gamma Loss=0.0018007870530709624
2025-06-06 00:20:50,485 | INFO | Epoch: 30 | Time: 69.27s
2025-06-06 00:20:50,485 | INFO | Train Loss=3.5809, Train Acc=22.73%
2025-06-06 00:20:50,485 | INFO | Val Loss=3.3363, Val Acc=17.08%
2025-06-06 00:20:50,485 | INFO | Train Gamma Loss=-0.0087 | Val Gamma Loss=0.0015855211531743407
2025-06-06 00:20:50,486 | INFO | New best model saved (val loss = 3.3363)
2025-06-06 00:22:00,662 | INFO | Epoch: 31 | Time: 70.14s
2025-06-06 00:22:00,662 | INFO | Train Loss=3.5750, Train Acc=23.58%
2025-06-06 00:22:00,662 | INFO | Val Loss=3.5973, Val Acc=13.83%
2025-06-06 00:22:00,663 | INFO | Train Gamma Loss=-0.0087 | Val Gamma Loss=0.0017212792299687862
2025-06-06 00:23:10,991 | INFO | Epoch: 32 | Time: 70.31s
2025-06-06 00:23:10,991 | INFO | Train Loss=3.5171, Train Acc=25.25%
2025-06-06 00:23:10,991 | INFO | Val Loss=3.3473, Val Acc=18.17%
2025-06-06 00:23:10,991 | INFO | Train Gamma Loss=-0.0087 | Val Gamma Loss=0.0017646302003413439
2025-06-06 00:24:22,872 | INFO | Epoch: 33 | Time: 71.85s
2025-06-06 00:24:22,872 | INFO | Train Loss=3.4032, Train Acc=26.70%
2025-06-06 00:24:22,872 | INFO | Val Loss=3.1080, Val Acc=22.50%
2025-06-06 00:24:22,872 | INFO | Train Gamma Loss=-0.0087 | Val Gamma Loss=0.0017646404448896646
2025-06-06 00:24:22,874 | INFO | New best model saved (val loss = 3.1080)
2025-06-06 00:25:33,287 | INFO | Epoch: 34 | Time: 70.39s
2025-06-06 00:25:33,287 | INFO | Train Loss=3.4269, Train Acc=27.92%
2025-06-06 00:25:33,287 | INFO | Val Loss=3.1712, Val Acc=21.33%
2025-06-06 00:25:33,287 | INFO | Train Gamma Loss=-0.0087 | Val Gamma Loss=0.001785673201084137
2025-06-06 00:26:44,783 | INFO | Epoch: 35 | Time: 71.48s
2025-06-06 00:26:44,783 | INFO | Train Loss=3.4235, Train Acc=29.15%
2025-06-06 00:26:44,783 | INFO | Val Loss=3.2544, Val Acc=20.33%
2025-06-06 00:26:44,783 | INFO | Train Gamma Loss=-0.0086 | Val Gamma Loss=0.0017739636823534966
2025-06-06 00:27:57,023 | INFO | Epoch: 36 | Time: 72.23s
2025-06-06 00:27:57,023 | INFO | Train Loss=3.3911, Train Acc=30.45%
2025-06-06 00:27:57,023 | INFO | Val Loss=3.0256, Val Acc=25.33%
2025-06-06 00:27:57,023 | INFO | Train Gamma Loss=-0.0086 | Val Gamma Loss=0.001687132054939866
2025-06-06 00:27:57,024 | INFO | New best model saved (val loss = 3.0256)
2025-06-06 00:29:08,298 | INFO | Epoch: 37 | Time: 71.24s
2025-06-06 00:29:08,298 | INFO | Train Loss=3.1750, Train Acc=32.95%
2025-06-06 00:29:08,299 | INFO | Val Loss=3.0444, Val Acc=23.75%
2025-06-06 00:29:08,299 | INFO | Train Gamma Loss=-0.0086 | Val Gamma Loss=0.0017232430400326848
2025-06-06 00:30:18,683 | INFO | Epoch: 38 | Time: 70.37s
2025-06-06 00:30:18,683 | INFO | Train Loss=3.2853, Train Acc=32.90%
2025-06-06 00:30:18,683 | INFO | Val Loss=2.9933, Val Acc=26.67%
2025-06-06 00:30:18,683 | INFO | Train Gamma Loss=-0.0086 | Val Gamma Loss=0.0017275483114644885
2025-06-06 00:30:18,684 | INFO | New best model saved (val loss = 2.9933)
2025-06-06 00:31:28,140 | INFO | Epoch: 39 | Time: 69.42s
2025-06-06 00:31:28,140 | INFO | Train Loss=3.0514, Train Acc=37.53%
2025-06-06 00:31:28,140 | INFO | Val Loss=2.9876, Val Acc=25.33%
2025-06-06 00:31:28,140 | INFO | Train Gamma Loss=-0.0085 | Val Gamma Loss=0.0017089324537664652
2025-06-06 00:31:28,141 | INFO | New best model saved (val loss = 2.9876)
2025-06-06 00:32:40,507 | INFO | Epoch: 40 | Time: 72.33s
2025-06-06 00:32:40,507 | INFO | Train Loss=3.1329, Train Acc=37.32%
2025-06-06 00:32:40,507 | INFO | Val Loss=2.9250, Val Acc=25.50%
2025-06-06 00:32:40,508 | INFO | Train Gamma Loss=-0.0085 | Val Gamma Loss=0.0018261161167174578
2025-06-06 00:32:40,509 | INFO | New best model saved (val loss = 2.9250)
2025-06-06 00:33:52,489 | INFO | Epoch: 41 | Time: 71.95s
2025-06-06 00:33:52,490 | INFO | Train Loss=3.0444, Train Acc=38.95%
2025-06-06 00:33:52,490 | INFO | Val Loss=2.8979, Val Acc=27.50%
2025-06-06 00:33:52,490 | INFO | Train Gamma Loss=-0.0085 | Val Gamma Loss=0.0017584309680387378
2025-06-06 00:33:52,491 | INFO | New best model saved (val loss = 2.8979)
2025-06-06 00:35:03,503 | INFO | Epoch: 42 | Time: 70.94s
2025-06-06 00:35:03,503 | INFO | Train Loss=3.0533, Train Acc=40.73%
2025-06-06 00:35:03,503 | INFO | Val Loss=2.8709, Val Acc=28.17%
2025-06-06 00:35:03,503 | INFO | Train Gamma Loss=-0.0085 | Val Gamma Loss=0.0017415649490430951
2025-06-06 00:35:03,505 | INFO | New best model saved (val loss = 2.8709)
2025-06-06 00:36:14,661 | INFO | Epoch: 43 | Time: 71.12s
2025-06-06 00:36:14,661 | INFO | Train Loss=3.0059, Train Acc=42.80%
2025-06-06 00:36:14,661 | INFO | Val Loss=2.9127, Val Acc=28.00%
2025-06-06 00:36:14,661 | INFO | Train Gamma Loss=-0.0085 | Val Gamma Loss=0.001770269125699997
2025-06-06 00:37:26,220 | INFO | Epoch: 44 | Time: 71.52s
2025-06-06 00:37:26,220 | INFO | Train Loss=2.9723, Train Acc=43.05%
2025-06-06 00:37:26,221 | INFO | Val Loss=3.0516, Val Acc=26.00%
2025-06-06 00:37:26,221 | INFO | Train Gamma Loss=-0.0085 | Val Gamma Loss=0.001812601345591247
2025-06-06 00:38:38,094 | INFO | Epoch: 45 | Time: 71.85s
2025-06-06 00:38:38,094 | INFO | Train Loss=2.7995, Train Acc=47.95%
2025-06-06 00:38:38,094 | INFO | Val Loss=2.8207, Val Acc=28.83%
2025-06-06 00:38:38,094 | INFO | Train Gamma Loss=-0.0085 | Val Gamma Loss=0.001871517626568675
2025-06-06 00:38:38,096 | INFO | New best model saved (val loss = 2.8207)
2025-06-06 00:39:48,359 | INFO | Epoch: 46 | Time: 70.23s
2025-06-06 00:39:48,359 | INFO | Train Loss=2.7596, Train Acc=50.72%
2025-06-06 00:39:48,359 | INFO | Val Loss=2.8632, Val Acc=29.33%
2025-06-06 00:39:48,359 | INFO | Train Gamma Loss=-0.0085 | Val Gamma Loss=0.0018886898178607225
2025-06-06 00:40:59,637 | INFO | Epoch: 47 | Time: 71.26s
2025-06-06 00:40:59,637 | INFO | Train Loss=2.8146, Train Acc=49.82%
2025-06-06 00:40:59,637 | INFO | Val Loss=2.9171, Val Acc=28.58%
2025-06-06 00:40:59,637 | INFO | Train Gamma Loss=-0.0085 | Val Gamma Loss=0.0017320926999673247
2025-06-06 00:42:09,324 | INFO | Epoch: 48 | Time: 69.67s
2025-06-06 00:42:09,325 | INFO | Train Loss=2.3758, Train Acc=58.58%
2025-06-06 00:42:09,325 | INFO | Val Loss=2.7819, Val Acc=31.00%
2025-06-06 00:42:09,325 | INFO | Train Gamma Loss=-0.0085 | Val Gamma Loss=0.0018619091715663671
2025-06-06 00:42:09,326 | INFO | New best model saved (val loss = 2.7819)
2025-06-06 00:43:18,695 | INFO | Epoch: 49 | Time: 69.35s
2025-06-06 00:43:18,695 | INFO | Train Loss=2.6365, Train Acc=54.87%
2025-06-06 00:43:18,695 | INFO | Val Loss=2.7028, Val Acc=31.50%
2025-06-06 00:43:18,695 | INFO | Train Gamma Loss=-0.0085 | Val Gamma Loss=0.0018963590264320374
2025-06-06 00:43:18,696 | INFO | New best model saved (val loss = 2.7028)
2025-06-06 00:44:29,598 | INFO | Epoch: 50 | Time: 70.88s
2025-06-06 00:44:29,598 | INFO | Train Loss=2.6249, Train Acc=56.60%
2025-06-06 00:44:29,598 | INFO | Val Loss=2.6768, Val Acc=32.92%
2025-06-06 00:44:29,598 | INFO | Train Gamma Loss=-0.0084 | Val Gamma Loss=0.001812622998841107
2025-06-06 00:44:29,599 | INFO | New best model saved (val loss = 2.6768)
2025-06-06 00:45:37,803 | INFO | Epoch: 51 | Time: 68.18s
2025-06-06 00:45:37,803 | INFO | Train Loss=2.3181, Train Acc=63.32%
2025-06-06 00:45:37,803 | INFO | Val Loss=2.6547, Val Acc=33.25%
2025-06-06 00:45:37,803 | INFO | Train Gamma Loss=-0.0084 | Val Gamma Loss=0.0018368363380432129
2025-06-06 00:45:37,804 | INFO | New best model saved (val loss = 2.6547)
2025-06-06 00:46:47,989 | INFO | Epoch: 52 | Time: 70.16s
2025-06-06 00:46:47,989 | INFO | Train Loss=2.5933, Train Acc=59.68%
2025-06-06 00:46:47,989 | INFO | Val Loss=2.8436, Val Acc=30.17%
2025-06-06 00:46:47,989 | INFO | Train Gamma Loss=-0.0084 | Val Gamma Loss=0.001911725616082549
2025-06-06 00:47:57,573 | INFO | Epoch: 53 | Time: 69.57s
2025-06-06 00:47:57,573 | INFO | Train Loss=2.6152, Train Acc=58.88%
2025-06-06 00:47:57,573 | INFO | Val Loss=2.6886, Val Acc=34.00%
2025-06-06 00:47:57,573 | INFO | Train Gamma Loss=-0.0084 | Val Gamma Loss=0.0018853883957490325
2025-06-06 00:49:05,889 | INFO | Epoch: 54 | Time: 68.27s
2025-06-06 00:49:05,889 | INFO | Train Loss=2.4519, Train Acc=64.62%
2025-06-06 00:49:05,889 | INFO | Val Loss=2.7132, Val Acc=33.08%
2025-06-06 00:49:05,889 | INFO | Train Gamma Loss=-0.0084 | Val Gamma Loss=0.0018801012774929404
2025-06-06 00:50:11,567 | INFO | Epoch: 55 | Time: 65.66s
2025-06-06 00:50:11,567 | INFO | Train Loss=2.4228, Train Acc=66.68%
2025-06-06 00:50:11,567 | INFO | Val Loss=2.6872, Val Acc=33.42%
2025-06-06 00:50:11,567 | INFO | Train Gamma Loss=-0.0084 | Val Gamma Loss=0.0018769451417028904
2025-06-06 00:51:22,330 | INFO | Epoch: 56 | Time: 70.68s
2025-06-06 00:51:22,330 | INFO | Train Loss=2.1234, Train Acc=73.67%
2025-06-06 00:51:22,330 | INFO | Val Loss=2.6720, Val Acc=33.83%
2025-06-06 00:51:22,330 | INFO | Train Gamma Loss=-0.0084 | Val Gamma Loss=0.0018939945148304105
2025-06-06 00:52:32,747 | INFO | Epoch: 57 | Time: 70.40s
2025-06-06 00:52:32,747 | INFO | Train Loss=2.3179, Train Acc=68.80%
2025-06-06 00:52:32,747 | INFO | Val Loss=2.8062, Val Acc=32.92%
2025-06-06 00:52:32,747 | INFO | Train Gamma Loss=-0.0084 | Val Gamma Loss=0.0019098586635664105
2025-06-06 00:53:41,863 | INFO | Epoch: 58 | Time: 69.10s
2025-06-06 00:53:41,863 | INFO | Train Loss=2.2163, Train Acc=71.75%
2025-06-06 00:53:41,863 | INFO | Val Loss=2.6862, Val Acc=34.50%
2025-06-06 00:53:41,863 | INFO | Train Gamma Loss=-0.0084 | Val Gamma Loss=0.001898905960842967
2025-06-06 00:54:50,046 | INFO | Epoch: 59 | Time: 68.16s
2025-06-06 00:54:50,046 | INFO | Train Loss=2.2842, Train Acc=69.67%
2025-06-06 00:54:50,046 | INFO | Val Loss=2.6793, Val Acc=34.58%
2025-06-06 00:54:50,046 | INFO | Train Gamma Loss=-0.0084 | Val Gamma Loss=0.0019472535932436585
2025-06-06 00:55:59,792 | INFO | Epoch: 60 | Time: 69.73s
2025-06-06 00:55:59,792 | INFO | Train Loss=2.1840, Train Acc=72.40%
2025-06-06 00:55:59,792 | INFO | Val Loss=2.6921, Val Acc=34.83%
2025-06-06 00:55:59,792 | INFO | Train Gamma Loss=-0.0083 | Val Gamma Loss=0.0019220480462536216
2025-06-06 00:57:10,822 | INFO | Epoch: 61 | Time: 71.02s
2025-06-06 00:57:10,822 | INFO | Train Loss=2.2009, Train Acc=73.62%
2025-06-06 00:57:10,822 | INFO | Val Loss=2.6917, Val Acc=34.58%
2025-06-06 00:57:10,822 | INFO | Train Gamma Loss=-0.0084 | Val Gamma Loss=0.0019491985440254211
2025-06-06 00:58:17,468 | INFO | Epoch: 62 | Time: 66.63s
2025-06-06 00:58:17,469 | INFO | Train Loss=2.0695, Train Acc=76.28%
2025-06-06 00:58:17,469 | INFO | Val Loss=2.6770, Val Acc=34.25%
2025-06-06 00:58:17,469 | INFO | Train Gamma Loss=-0.0084 | Val Gamma Loss=0.0019355916883796453
2025-06-06 00:59:24,282 | INFO | Epoch: 63 | Time: 66.79s
2025-06-06 00:59:24,282 | INFO | Train Loss=2.0128, Train Acc=78.93%
2025-06-06 00:59:24,283 | INFO | Val Loss=2.6502, Val Acc=34.92%
2025-06-06 00:59:24,283 | INFO | Train Gamma Loss=-0.0083 | Val Gamma Loss=0.0019271430792286992
2025-06-06 00:59:24,284 | INFO | New best model saved (val loss = 2.6502)
2025-06-06 01:00:32,620 | INFO | Epoch: 64 | Time: 68.32s
2025-06-06 01:00:32,620 | INFO | Train Loss=1.7431, Train Acc=84.97%
2025-06-06 01:00:32,620 | INFO | Val Loss=2.7087, Val Acc=34.92%
2025-06-06 01:00:32,620 | INFO | Train Gamma Loss=-0.0083 | Val Gamma Loss=0.0019733994267880917
2025-06-06 01:01:43,857 | INFO | Epoch: 65 | Time: 71.21s
2025-06-06 01:01:43,857 | INFO | Train Loss=2.1833, Train Acc=75.25%
2025-06-06 01:01:43,857 | INFO | Val Loss=2.6501, Val Acc=37.33%
2025-06-06 01:01:43,858 | INFO | Train Gamma Loss=-0.0084 | Val Gamma Loss=0.0019792846869677305
2025-06-06 01:01:43,859 | INFO | New best model saved (val loss = 2.6501)
2025-06-06 01:02:54,984 | INFO | Epoch: 66 | Time: 71.07s
2025-06-06 01:02:54,984 | INFO | Train Loss=2.1061, Train Acc=76.48%
2025-06-06 01:02:54,984 | INFO | Val Loss=2.6260, Val Acc=36.67%
2025-06-06 01:02:54,984 | INFO | Train Gamma Loss=-0.0083 | Val Gamma Loss=0.001976502826437354
2025-06-06 01:02:54,985 | INFO | New best model saved (val loss = 2.6260)
2025-06-06 01:04:01,303 | INFO | Epoch: 67 | Time: 66.28s
2025-06-06 01:04:01,303 | INFO | Train Loss=1.9241, Train Acc=80.02%
2025-06-06 01:04:01,303 | INFO | Val Loss=2.6644, Val Acc=36.08%
2025-06-06 01:04:01,303 | INFO | Train Gamma Loss=-0.0083 | Val Gamma Loss=0.0019760248251259327
2025-06-06 01:05:12,475 | INFO | Epoch: 68 | Time: 71.15s
2025-06-06 01:05:12,475 | INFO | Train Loss=1.8512, Train Acc=82.20%
2025-06-06 01:05:12,475 | INFO | Val Loss=2.6635, Val Acc=34.92%
2025-06-06 01:05:12,475 | INFO | Train Gamma Loss=-0.0083 | Val Gamma Loss=0.0019735279493033886
