2025-04-30 20:12:39,020 | INFO | Job Started
2025-04-30 20:12:39,020 | INFO | Logging run: /rds/general/user/psp20/home/Brain-Network/runs/stanford_dogs/batch_9/zoomvit_p64_20250430-201239
2025-04-30 20:12:39,184 | INFO | Using device: cuda
2025-04-30 20:12:39,184 | INFO | Training for 100 epochs
2025-04-30 20:12:39,184 | INFO | Debug mode: False
2025-04-30 20:12:39,184 | INFO | Downsampling by: 0
2025-04-30 20:12:39,184 | INFO | Auxiliary loss: {'attention_entropy_loss': 0.1}
2025-04-30 20:12:39,184 | INFO | Train transforms: 
	Compose(
    RandomResizedCrop(size=(224, 224), scale=(0.7, 1), ratio=(0.75, 1.3333), interpolation=bilinear, antialias=True)
    RandomHorizontalFlip(p=0.5)
    ColorJitter(brightness=(0.8, 1.2), contrast=(0.8, 1.2), saturation=(0.8, 1.2), hue=None)
    ToTensor()
    Normalize(mean=(0.485, 0.456, 0.406), std=(0.229, 0.224, 0.225))
)
2025-04-30 20:12:39,184 | INFO | Test transforms: 
	Compose(
    Resize(size=256, interpolation=bilinear, max_size=None, antialias=True)
    CenterCrop(size=(224, 224))
    ToTensor()
    Normalize(mean=(0.485, 0.456, 0.406), std=(0.229, 0.224, 0.225))
)
2025-04-30 20:12:39,622 | INFO | Using pretrained weights
2025-04-30 20:12:40,513 | INFO | Using mixup function and SoftTargetCrossEntropy
2025-04-30 20:12:40,513 | INFO | Auxiliary loss: {'attention_entropy_loss': 0.1}
2025-04-30 20:14:33,303 | INFO | Epoch: 1 | Time: 112.77s
2025-04-30 20:14:33,303 | INFO | Train Loss=5.2990, Train Acc=1.44%
2025-04-30 20:14:33,303 | INFO | Val Loss=5.1692, Val Acc=3.17%
2025-04-30 20:14:33,303 | INFO | Train Gamma Loss=0.5139 | Val Gamma Loss=0.5235826373100281
2025-04-30 20:14:33,304 | INFO | New best model saved (val loss = 5.1692)
2025-04-30 20:16:18,299 | INFO | Epoch: 2 | Time: 104.95s
2025-04-30 20:16:18,300 | INFO | Train Loss=5.0978, Train Acc=4.08%
2025-04-30 20:16:18,300 | INFO | Val Loss=4.6944, Val Acc=6.92%
2025-04-30 20:16:18,300 | INFO | Train Gamma Loss=0.5071 | Val Gamma Loss=0.48379918932914734
2025-04-30 20:16:18,301 | INFO | New best model saved (val loss = 4.6944)
2025-04-30 20:18:12,049 | INFO | Epoch: 3 | Time: 113.69s
2025-04-30 20:18:12,049 | INFO | Train Loss=4.2661, Train Acc=9.06%
2025-04-30 20:18:12,050 | INFO | Val Loss=3.4936, Val Acc=15.83%
2025-04-30 20:18:12,050 | INFO | Train Gamma Loss=0.0386 | Val Gamma Loss=0.002277016406878829
2025-04-30 20:18:12,051 | INFO | New best model saved (val loss = 3.4936)
2025-04-30 20:19:55,266 | INFO | Epoch: 4 | Time: 103.19s
2025-04-30 20:19:55,266 | INFO | Train Loss=3.8139, Train Acc=15.68%
2025-04-30 20:19:55,266 | INFO | Val Loss=3.1732, Val Acc=20.67%
2025-04-30 20:19:55,266 | INFO | Train Gamma Loss=-0.0082 | Val Gamma Loss=0.002684724284335971
2025-04-30 20:19:55,267 | INFO | New best model saved (val loss = 3.1732)
2025-04-30 20:21:42,737 | INFO | Epoch: 5 | Time: 107.43s
2025-04-30 20:21:42,737 | INFO | Train Loss=3.6083, Train Acc=20.93%
2025-04-30 20:21:42,737 | INFO | Val Loss=3.2552, Val Acc=18.08%
2025-04-30 20:21:42,737 | INFO | Train Gamma Loss=-0.0088 | Val Gamma Loss=0.001217262470163405
2025-04-30 20:23:30,206 | INFO | Epoch: 6 | Time: 107.46s
2025-04-30 20:23:30,206 | INFO | Train Loss=3.5194, Train Acc=23.80%
2025-04-30 20:23:30,206 | INFO | Val Loss=3.0187, Val Acc=26.83%
2025-04-30 20:23:30,207 | INFO | Train Gamma Loss=-0.0093 | Val Gamma Loss=0.0006784224533475935
2025-04-30 20:23:30,208 | INFO | New best model saved (val loss = 3.0187)
2025-04-30 20:25:17,926 | INFO | Epoch: 7 | Time: 107.68s
2025-04-30 20:25:17,927 | INFO | Train Loss=3.5918, Train Acc=23.85%
2025-04-30 20:25:17,927 | INFO | Val Loss=3.6693, Val Acc=15.00%
2025-04-30 20:25:17,927 | INFO | Train Gamma Loss=-0.0097 | Val Gamma Loss=0.003507282119244337
2025-04-30 20:27:05,030 | INFO | Epoch: 8 | Time: 107.09s
2025-04-30 20:27:05,031 | INFO | Train Loss=3.3514, Train Acc=28.95%
2025-04-30 20:27:05,031 | INFO | Val Loss=2.7641, Val Acc=27.17%
2025-04-30 20:27:05,032 | INFO | Train Gamma Loss=-0.0094 | Val Gamma Loss=0.00031033423147164285
2025-04-30 20:27:05,033 | INFO | New best model saved (val loss = 2.7641)
2025-04-30 20:28:43,042 | INFO | Epoch: 9 | Time: 97.96s
2025-04-30 20:28:43,042 | INFO | Train Loss=3.3097, Train Acc=31.46%
2025-04-30 20:28:43,042 | INFO | Val Loss=2.6458, Val Acc=30.25%
2025-04-30 20:28:43,042 | INFO | Train Gamma Loss=-0.0099 | Val Gamma Loss=0.0004395415016915649
2025-04-30 20:28:43,043 | INFO | New best model saved (val loss = 2.6458)
2025-04-30 20:30:34,817 | INFO | Epoch: 10 | Time: 111.74s
2025-04-30 20:30:34,817 | INFO | Train Loss=3.1757, Train Acc=35.81%
2025-04-30 20:30:34,817 | INFO | Val Loss=2.5645, Val Acc=32.25%
2025-04-30 20:30:34,818 | INFO | Train Gamma Loss=-0.0100 | Val Gamma Loss=0.0006036035483703017
2025-04-30 20:30:34,819 | INFO | New best model saved (val loss = 2.5645)
2025-04-30 20:32:08,024 | INFO | Epoch: 11 | Time: 93.14s
2025-04-30 20:32:08,024 | INFO | Train Loss=3.0649, Train Acc=37.41%
2025-04-30 20:32:08,024 | INFO | Val Loss=2.3992, Val Acc=40.17%
2025-04-30 20:32:08,024 | INFO | Train Gamma Loss=-0.0100 | Val Gamma Loss=0.0009675646433606744
2025-04-30 20:32:08,025 | INFO | New best model saved (val loss = 2.3992)
2025-04-30 20:33:51,473 | INFO | Epoch: 12 | Time: 103.40s
2025-04-30 20:33:51,473 | INFO | Train Loss=3.0471, Train Acc=39.89%
2025-04-30 20:33:51,473 | INFO | Val Loss=2.2033, Val Acc=41.67%
2025-04-30 20:33:51,473 | INFO | Train Gamma Loss=-0.0099 | Val Gamma Loss=0.00030213690479286015
2025-04-30 20:33:51,474 | INFO | New best model saved (val loss = 2.2033)
2025-04-30 20:35:33,368 | INFO | Epoch: 13 | Time: 101.87s
2025-04-30 20:35:33,368 | INFO | Train Loss=2.8331, Train Acc=44.08%
2025-04-30 20:35:33,368 | INFO | Val Loss=2.2668, Val Acc=40.75%
2025-04-30 20:35:33,368 | INFO | Train Gamma Loss=-0.0102 | Val Gamma Loss=0.0007318856078200042
2025-04-30 20:37:12,956 | INFO | Epoch: 14 | Time: 99.57s
2025-04-30 20:37:12,957 | INFO | Train Loss=2.8514, Train Acc=44.72%
2025-04-30 20:37:12,957 | INFO | Val Loss=2.2224, Val Acc=41.50%
2025-04-30 20:37:12,957 | INFO | Train Gamma Loss=-0.0101 | Val Gamma Loss=0.000210958780371584
2025-04-30 20:38:56,121 | INFO | Epoch: 15 | Time: 103.15s
2025-04-30 20:38:56,122 | INFO | Train Loss=2.7855, Train Acc=46.93%
2025-04-30 20:38:56,122 | INFO | Val Loss=2.0116, Val Acc=45.75%
2025-04-30 20:38:56,122 | INFO | Train Gamma Loss=-0.0099 | Val Gamma Loss=0.00114992237649858
2025-04-30 20:38:56,123 | INFO | New best model saved (val loss = 2.0116)
2025-04-30 20:40:44,835 | INFO | Epoch: 16 | Time: 108.69s
2025-04-30 20:40:44,835 | INFO | Train Loss=2.8044, Train Acc=47.32%
2025-04-30 20:40:44,835 | INFO | Val Loss=1.9579, Val Acc=49.50%
2025-04-30 20:40:44,835 | INFO | Train Gamma Loss=-0.0101 | Val Gamma Loss=0.00021200391347520053
2025-04-30 20:40:44,836 | INFO | New best model saved (val loss = 1.9579)
2025-04-30 20:42:30,602 | INFO | Epoch: 17 | Time: 105.75s
2025-04-30 20:42:30,602 | INFO | Train Loss=2.6562, Train Acc=50.47%
2025-04-30 20:42:30,602 | INFO | Val Loss=1.8889, Val Acc=49.50%
2025-04-30 20:42:30,602 | INFO | Train Gamma Loss=-0.0100 | Val Gamma Loss=0.0003171764255966991
2025-04-30 20:42:30,604 | INFO | New best model saved (val loss = 1.8889)
2025-04-30 20:44:21,810 | INFO | Epoch: 18 | Time: 111.13s
2025-04-30 20:44:21,810 | INFO | Train Loss=2.7090, Train Acc=50.45%
2025-04-30 20:44:21,810 | INFO | Val Loss=1.8424, Val Acc=48.67%
2025-04-30 20:44:21,810 | INFO | Train Gamma Loss=-0.0099 | Val Gamma Loss=0.0004417106683831662
2025-04-30 20:44:21,811 | INFO | New best model saved (val loss = 1.8424)
2025-04-30 20:46:14,753 | INFO | Epoch: 19 | Time: 112.92s
2025-04-30 20:46:14,753 | INFO | Train Loss=2.5974, Train Acc=53.02%
2025-04-30 20:46:14,753 | INFO | Val Loss=1.8468, Val Acc=51.25%
2025-04-30 20:46:14,753 | INFO | Train Gamma Loss=-0.0100 | Val Gamma Loss=0.00046363851288333535
2025-04-30 20:47:57,450 | INFO | Epoch: 20 | Time: 102.69s
2025-04-30 20:47:57,451 | INFO | Train Loss=2.6998, Train Acc=52.30%
2025-04-30 20:47:57,451 | INFO | Val Loss=1.7888, Val Acc=54.75%
2025-04-30 20:47:57,451 | INFO | Train Gamma Loss=-0.0101 | Val Gamma Loss=0.00028525455854833126
2025-04-30 20:47:57,452 | INFO | New best model saved (val loss = 1.7888)
2025-04-30 20:49:50,442 | INFO | Epoch: 21 | Time: 112.93s
2025-04-30 20:49:50,442 | INFO | Train Loss=2.4709, Train Acc=55.04%
2025-04-30 20:49:50,442 | INFO | Val Loss=1.7841, Val Acc=52.08%
2025-04-30 20:49:50,443 | INFO | Train Gamma Loss=-0.0103 | Val Gamma Loss=0.00019150208390783519
2025-04-30 20:49:50,444 | INFO | New best model saved (val loss = 1.7841)
2025-04-30 20:51:43,608 | INFO | Epoch: 22 | Time: 113.15s
2025-04-30 20:51:43,608 | INFO | Train Loss=2.5025, Train Acc=56.22%
2025-04-30 20:51:43,608 | INFO | Val Loss=1.7593, Val Acc=54.33%
2025-04-30 20:51:43,608 | INFO | Train Gamma Loss=-0.0102 | Val Gamma Loss=0.00020095007494091988
2025-04-30 20:51:43,609 | INFO | New best model saved (val loss = 1.7593)
2025-04-30 20:53:39,888 | INFO | Epoch: 23 | Time: 116.25s
2025-04-30 20:53:39,888 | INFO | Train Loss=2.5742, Train Acc=54.71%
2025-04-30 20:53:39,888 | INFO | Val Loss=1.8372, Val Acc=53.25%
2025-04-30 20:53:39,888 | INFO | Train Gamma Loss=-0.0102 | Val Gamma Loss=0.00022358332353178412
2025-04-30 20:55:27,871 | INFO | Epoch: 24 | Time: 107.97s
2025-04-30 20:55:27,871 | INFO | Train Loss=2.5836, Train Acc=56.09%
2025-04-30 20:55:27,871 | INFO | Val Loss=1.8442, Val Acc=53.00%
2025-04-30 20:55:27,871 | INFO | Train Gamma Loss=-0.0102 | Val Gamma Loss=0.00014730852853972465
2025-04-30 20:57:16,124 | INFO | Epoch: 25 | Time: 108.24s
2025-04-30 20:57:16,124 | INFO | Train Loss=2.5010, Train Acc=57.56%
2025-04-30 20:57:16,124 | INFO | Val Loss=1.6731, Val Acc=56.17%
2025-04-30 20:57:16,124 | INFO | Train Gamma Loss=-0.0103 | Val Gamma Loss=0.00017728495004121214
2025-04-30 20:57:16,126 | INFO | New best model saved (val loss = 1.6731)
2025-04-30 20:59:07,177 | INFO | Epoch: 26 | Time: 111.02s
2025-04-30 20:59:07,177 | INFO | Train Loss=2.4369, Train Acc=60.40%
2025-04-30 20:59:07,177 | INFO | Val Loss=1.6699, Val Acc=55.42%
2025-04-30 20:59:07,178 | INFO | Train Gamma Loss=-0.0102 | Val Gamma Loss=0.0002964794693980366
2025-04-30 20:59:07,179 | INFO | New best model saved (val loss = 1.6699)
2025-04-30 21:00:53,495 | INFO | Epoch: 27 | Time: 106.27s
2025-04-30 21:00:53,495 | INFO | Train Loss=2.2315, Train Acc=63.94%
2025-04-30 21:00:53,495 | INFO | Val Loss=1.5764, Val Acc=58.08%
2025-04-30 21:00:53,495 | INFO | Train Gamma Loss=-0.0103 | Val Gamma Loss=0.00018156503210775554
2025-04-30 21:00:53,496 | INFO | New best model saved (val loss = 1.5764)
2025-04-30 21:02:36,708 | INFO | Epoch: 28 | Time: 103.18s
2025-04-30 21:02:36,708 | INFO | Train Loss=2.3572, Train Acc=62.50%
2025-04-30 21:02:36,708 | INFO | Val Loss=1.6664, Val Acc=55.75%
2025-04-30 21:02:36,708 | INFO | Train Gamma Loss=-0.0102 | Val Gamma Loss=0.0001294050452997908
2025-04-30 21:04:32,708 | INFO | Epoch: 29 | Time: 115.97s
2025-04-30 21:04:32,708 | INFO | Train Loss=2.3294, Train Acc=64.03%
2025-04-30 21:04:32,708 | INFO | Val Loss=1.5696, Val Acc=57.58%
2025-04-30 21:04:32,708 | INFO | Train Gamma Loss=-0.0103 | Val Gamma Loss=0.00015877494297455996
2025-04-30 21:04:32,709 | INFO | New best model saved (val loss = 1.5696)
2025-04-30 21:06:26,686 | INFO | Epoch: 30 | Time: 113.95s
2025-04-30 21:06:26,686 | INFO | Train Loss=2.4048, Train Acc=62.82%
2025-04-30 21:06:26,686 | INFO | Val Loss=1.5091, Val Acc=60.92%
2025-04-30 21:06:26,686 | INFO | Train Gamma Loss=-0.0103 | Val Gamma Loss=0.00010002042836276814
2025-04-30 21:06:26,687 | INFO | New best model saved (val loss = 1.5091)
2025-04-30 21:08:25,449 | INFO | Epoch: 31 | Time: 118.74s
2025-04-30 21:08:25,449 | INFO | Train Loss=2.2603, Train Acc=67.81%
2025-04-30 21:08:25,449 | INFO | Val Loss=1.6173, Val Acc=57.25%
2025-04-30 21:08:25,449 | INFO | Train Gamma Loss=-0.0103 | Val Gamma Loss=0.00043267320143058896
2025-04-30 21:10:22,740 | INFO | Epoch: 32 | Time: 117.24s
2025-04-30 21:10:22,740 | INFO | Train Loss=2.1765, Train Acc=67.85%
2025-04-30 21:10:22,740 | INFO | Val Loss=1.5532, Val Acc=59.50%
2025-04-30 21:10:22,740 | INFO | Train Gamma Loss=-0.0103 | Val Gamma Loss=0.0001456562167732045
2025-04-30 21:12:26,858 | INFO | Epoch: 33 | Time: 124.11s
2025-04-30 21:12:26,858 | INFO | Train Loss=2.2091, Train Acc=67.82%
2025-04-30 21:12:26,859 | INFO | Val Loss=1.4707, Val Acc=62.42%
2025-04-30 21:12:26,859 | INFO | Train Gamma Loss=-0.0103 | Val Gamma Loss=0.00012270784645806998
2025-04-30 21:12:26,860 | INFO | New best model saved (val loss = 1.4707)
2025-04-30 21:14:52,647 | INFO | Epoch: 34 | Time: 145.75s
2025-04-30 21:14:52,647 | INFO | Train Loss=2.2464, Train Acc=66.67%
2025-04-30 21:14:52,647 | INFO | Val Loss=1.6972, Val Acc=55.67%
2025-04-30 21:14:52,647 | INFO | Train Gamma Loss=-0.0102 | Val Gamma Loss=0.0003356322704348713
2025-04-30 21:17:12,190 | INFO | Epoch: 35 | Time: 139.52s
2025-04-30 21:17:12,190 | INFO | Train Loss=2.0991, Train Acc=70.99%
2025-04-30 21:17:12,190 | INFO | Val Loss=1.5492, Val Acc=58.50%
2025-04-30 21:17:12,191 | INFO | Train Gamma Loss=-0.0101 | Val Gamma Loss=0.00022704516595695168
2025-04-30 21:19:35,018 | INFO | Epoch: 36 | Time: 142.80s
2025-04-30 21:19:35,018 | INFO | Train Loss=1.9860, Train Acc=74.17%
2025-04-30 21:19:35,018 | INFO | Val Loss=1.6883, Val Acc=56.00%
2025-04-30 21:19:35,018 | INFO | Train Gamma Loss=-0.0102 | Val Gamma Loss=0.00018281818483956158
2025-04-30 21:21:57,060 | INFO | Epoch: 37 | Time: 142.03s
2025-04-30 21:21:57,061 | INFO | Train Loss=2.1333, Train Acc=69.80%
2025-04-30 21:21:57,061 | INFO | Val Loss=1.5143, Val Acc=61.75%
2025-04-30 21:21:57,061 | INFO | Train Gamma Loss=-0.0103 | Val Gamma Loss=0.00024183234199881554
2025-04-30 21:24:23,866 | INFO | Epoch: 38 | Time: 146.76s
2025-04-30 21:24:23,867 | INFO | Train Loss=2.0649, Train Acc=70.79%
2025-04-30 21:24:23,867 | INFO | Val Loss=1.6637, Val Acc=57.25%
2025-04-30 21:24:23,867 | INFO | Train Gamma Loss=-0.0101 | Val Gamma Loss=0.00013920482888352126
2025-04-30 21:26:37,651 | INFO | Epoch: 39 | Time: 133.77s
2025-04-30 21:26:37,651 | INFO | Train Loss=1.9111, Train Acc=75.40%
2025-04-30 21:26:37,651 | INFO | Val Loss=1.5010, Val Acc=60.75%
2025-04-30 21:26:37,651 | INFO | Train Gamma Loss=-0.0103 | Val Gamma Loss=0.0001400193723384291
2025-04-30 21:28:53,522 | INFO | Epoch: 40 | Time: 135.84s
2025-04-30 21:28:53,522 | INFO | Train Loss=2.0847, Train Acc=72.19%
2025-04-30 21:28:53,522 | INFO | Val Loss=1.5990, Val Acc=58.08%
2025-04-30 21:28:53,522 | INFO | Train Gamma Loss=-0.0102 | Val Gamma Loss=0.00011609643115662038
2025-04-30 21:31:19,692 | INFO | Epoch: 41 | Time: 146.15s
2025-04-30 21:31:19,692 | INFO | Train Loss=1.9956, Train Acc=75.56%
2025-04-30 21:31:19,692 | INFO | Val Loss=1.5673, Val Acc=59.25%
2025-04-30 21:31:19,692 | INFO | Train Gamma Loss=-0.0102 | Val Gamma Loss=0.00040162698132917285
2025-04-30 21:33:38,238 | INFO | Epoch: 42 | Time: 138.53s
2025-04-30 21:33:38,238 | INFO | Train Loss=2.1496, Train Acc=69.13%
2025-04-30 21:33:38,238 | INFO | Val Loss=1.6231, Val Acc=59.25%
2025-04-30 21:33:38,239 | INFO | Train Gamma Loss=-0.0102 | Val Gamma Loss=0.00021722343808505684
2025-04-30 21:35:51,803 | INFO | Epoch: 43 | Time: 133.55s
2025-04-30 21:35:51,804 | INFO | Train Loss=1.9882, Train Acc=75.14%
2025-04-30 21:35:51,804 | INFO | Val Loss=1.4219, Val Acc=63.42%
2025-04-30 21:35:51,804 | INFO | Train Gamma Loss=-0.0102 | Val Gamma Loss=0.0002279287582496181
2025-04-30 21:35:51,805 | INFO | New best model saved (val loss = 1.4219)
2025-04-30 21:38:08,570 | INFO | Epoch: 44 | Time: 136.72s
2025-04-30 21:38:08,570 | INFO | Train Loss=2.0390, Train Acc=74.37%
2025-04-30 21:38:08,570 | INFO | Val Loss=1.5166, Val Acc=62.50%
2025-04-30 21:38:08,570 | INFO | Train Gamma Loss=-0.0103 | Val Gamma Loss=0.00010307776392437518
2025-04-30 21:40:17,815 | INFO | Epoch: 45 | Time: 129.22s
2025-04-30 21:40:17,815 | INFO | Train Loss=1.9065, Train Acc=79.34%
2025-04-30 21:40:17,815 | INFO | Val Loss=1.3738, Val Acc=63.92%
2025-04-30 21:40:17,815 | INFO | Train Gamma Loss=-0.0104 | Val Gamma Loss=7.09130399627611e-05
2025-04-30 21:40:17,816 | INFO | New best model saved (val loss = 1.3738)
2025-04-30 21:42:30,878 | INFO | Epoch: 46 | Time: 133.03s
2025-04-30 21:42:30,878 | INFO | Train Loss=1.8437, Train Acc=78.47%
2025-04-30 21:42:30,878 | INFO | Val Loss=1.3775, Val Acc=64.33%
2025-04-30 21:42:30,878 | INFO | Train Gamma Loss=-0.0103 | Val Gamma Loss=0.0001178366073872894
2025-04-30 21:44:41,722 | INFO | Epoch: 47 | Time: 130.83s
2025-04-30 21:44:41,722 | INFO | Train Loss=1.9143, Train Acc=77.63%
2025-04-30 21:44:41,722 | INFO | Val Loss=1.4095, Val Acc=64.33%
2025-04-30 21:44:41,722 | INFO | Train Gamma Loss=-0.0103 | Val Gamma Loss=6.964940257603303e-05
2025-04-30 21:46:53,300 | INFO | Epoch: 48 | Time: 131.56s
2025-04-30 21:46:53,300 | INFO | Train Loss=1.8957, Train Acc=79.64%
2025-04-30 21:46:53,300 | INFO | Val Loss=1.4389, Val Acc=63.42%
2025-04-30 21:46:53,300 | INFO | Train Gamma Loss=-0.0104 | Val Gamma Loss=8.883482951205224e-05
2025-04-30 21:49:13,389 | INFO | Epoch: 49 | Time: 140.07s
2025-04-30 21:49:13,390 | INFO | Train Loss=1.8487, Train Acc=79.66%
2025-04-30 21:49:13,390 | INFO | Val Loss=1.4487, Val Acc=64.33%
2025-04-30 21:49:13,390 | INFO | Train Gamma Loss=-0.0104 | Val Gamma Loss=6.208181730471551e-05
2025-04-30 21:51:32,407 | INFO | Epoch: 50 | Time: 139.00s
2025-04-30 21:51:32,407 | INFO | Train Loss=1.8652, Train Acc=80.43%
2025-04-30 21:51:32,408 | INFO | Val Loss=1.4025, Val Acc=63.75%
2025-04-30 21:51:32,408 | INFO | Train Gamma Loss=-0.0104 | Val Gamma Loss=5.416274507297203e-05
2025-04-30 21:53:45,349 | INFO | Epoch: 51 | Time: 132.92s
2025-04-30 21:53:45,349 | INFO | Train Loss=1.8122, Train Acc=81.45%
2025-04-30 21:53:45,349 | INFO | Val Loss=1.3905, Val Acc=66.17%
2025-04-30 21:53:45,349 | INFO | Train Gamma Loss=-0.0104 | Val Gamma Loss=5.0010661652777344e-05
2025-04-30 21:55:59,003 | INFO | Epoch: 52 | Time: 133.64s
2025-04-30 21:55:59,003 | INFO | Train Loss=1.8719, Train Acc=81.56%
2025-04-30 21:55:59,003 | INFO | Val Loss=1.4466, Val Acc=64.17%
2025-04-30 21:55:59,003 | INFO | Train Gamma Loss=-0.0104 | Val Gamma Loss=8.58572602737695e-05
2025-04-30 21:58:15,066 | INFO | Epoch: 53 | Time: 136.05s
2025-04-30 21:58:15,066 | INFO | Train Loss=1.8817, Train Acc=80.85%
2025-04-30 21:58:15,066 | INFO | Val Loss=1.3584, Val Acc=67.25%
2025-04-30 21:58:15,066 | INFO | Train Gamma Loss=-0.0103 | Val Gamma Loss=8.294704457512125e-05
2025-04-30 21:58:15,068 | INFO | New best model saved (val loss = 1.3584)
2025-04-30 22:00:26,066 | INFO | Epoch: 54 | Time: 130.92s
2025-04-30 22:00:26,066 | INFO | Train Loss=1.8879, Train Acc=81.21%
2025-04-30 22:00:26,066 | INFO | Val Loss=1.4034, Val Acc=65.75%
2025-04-30 22:00:26,066 | INFO | Train Gamma Loss=-0.0104 | Val Gamma Loss=6.242195377126336e-05
2025-04-30 22:02:41,372 | INFO | Epoch: 55 | Time: 135.25s
2025-04-30 22:02:41,373 | INFO | Train Loss=1.7457, Train Acc=83.17%
2025-04-30 22:02:41,373 | INFO | Val Loss=1.4004, Val Acc=64.67%
2025-04-30 22:02:41,373 | INFO | Train Gamma Loss=-0.0105 | Val Gamma Loss=6.646015390288085e-05
2025-04-30 22:05:00,121 | INFO | Epoch: 56 | Time: 138.72s
2025-04-30 22:05:00,121 | INFO | Train Loss=1.7077, Train Acc=85.19%
2025-04-30 22:05:00,121 | INFO | Val Loss=1.3949, Val Acc=65.58%
2025-04-30 22:05:00,122 | INFO | Train Gamma Loss=-0.0104 | Val Gamma Loss=6.665899127256125e-05
2025-04-30 22:07:13,544 | INFO | Epoch: 57 | Time: 133.41s
2025-04-30 22:07:13,545 | INFO | Train Loss=1.7645, Train Acc=84.03%
2025-04-30 22:07:13,545 | INFO | Val Loss=1.3917, Val Acc=66.17%
2025-04-30 22:07:13,545 | INFO | Train Gamma Loss=-0.0105 | Val Gamma Loss=6.748578744009137e-05
2025-04-30 22:09:32,012 | INFO | Epoch: 58 | Time: 138.44s
2025-04-30 22:09:32,013 | INFO | Train Loss=1.7674, Train Acc=83.09%
2025-04-30 22:09:32,013 | INFO | Val Loss=1.4159, Val Acc=65.17%
2025-04-30 22:09:32,013 | INFO | Train Gamma Loss=-0.0104 | Val Gamma Loss=6.39325735392049e-05
2025-04-30 22:11:47,095 | INFO | Epoch: 59 | Time: 135.05s
2025-04-30 22:11:47,095 | INFO | Train Loss=1.7352, Train Acc=84.37%
2025-04-30 22:11:47,095 | INFO | Val Loss=1.4071, Val Acc=67.08%
2025-04-30 22:11:47,095 | INFO | Train Gamma Loss=-0.0104 | Val Gamma Loss=6.674808537354693e-05
2025-04-30 22:14:06,261 | INFO | Epoch: 60 | Time: 139.15s
2025-04-30 22:14:06,261 | INFO | Train Loss=1.8834, Train Acc=84.22%
2025-04-30 22:14:06,261 | INFO | Val Loss=1.3689, Val Acc=67.50%
2025-04-30 22:14:06,262 | INFO | Train Gamma Loss=-0.0104 | Val Gamma Loss=6.737199873896316e-05
2025-04-30 22:16:29,782 | INFO | Epoch: 61 | Time: 143.50s
2025-04-30 22:16:29,782 | INFO | Train Loss=1.8391, Train Acc=82.32%
2025-04-30 22:16:29,782 | INFO | Val Loss=1.4210, Val Acc=66.58%
2025-04-30 22:16:29,782 | INFO | Train Gamma Loss=-0.0105 | Val Gamma Loss=5.984522067592479e-05
2025-04-30 22:18:46,135 | INFO | Epoch: 62 | Time: 136.33s
2025-04-30 22:18:46,135 | INFO | Train Loss=1.7713, Train Acc=83.87%
2025-04-30 22:18:46,135 | INFO | Val Loss=1.3712, Val Acc=66.50%
2025-04-30 22:18:46,135 | INFO | Train Gamma Loss=-0.0105 | Val Gamma Loss=5.7109024055534974e-05
2025-04-30 22:21:05,420 | INFO | Epoch: 63 | Time: 139.27s
2025-04-30 22:21:05,420 | INFO | Train Loss=1.7583, Train Acc=83.36%
2025-04-30 22:21:05,420 | INFO | Val Loss=1.3882, Val Acc=67.17%
2025-04-30 22:21:05,420 | INFO | Train Gamma Loss=-0.0105 | Val Gamma Loss=5.2730720199178904e-05
2025-04-30 22:23:19,871 | INFO | Epoch: 64 | Time: 134.42s
2025-04-30 22:23:19,871 | INFO | Train Loss=1.8026, Train Acc=85.24%
2025-04-30 22:23:19,871 | INFO | Val Loss=1.3340, Val Acc=67.58%
2025-04-30 22:23:19,871 | INFO | Train Gamma Loss=-0.0105 | Val Gamma Loss=6.476538692368194e-05
2025-04-30 22:23:19,872 | INFO | New best model saved (val loss = 1.3340)
2025-04-30 22:25:30,745 | INFO | Epoch: 65 | Time: 130.84s
2025-04-30 22:25:30,745 | INFO | Train Loss=1.7969, Train Acc=83.75%
2025-04-30 22:25:30,745 | INFO | Val Loss=1.3522, Val Acc=67.75%
2025-04-30 22:25:30,745 | INFO | Train Gamma Loss=-0.0104 | Val Gamma Loss=6.56912598060444e-05
2025-04-30 22:27:37,827 | INFO | Epoch: 66 | Time: 127.07s
2025-04-30 22:27:37,827 | INFO | Train Loss=1.7437, Train Acc=85.51%
2025-04-30 22:27:37,827 | INFO | Val Loss=1.3677, Val Acc=67.58%
2025-04-30 22:27:37,827 | INFO | Train Gamma Loss=-0.0104 | Val Gamma Loss=6.699777441099286e-05
2025-04-30 22:29:51,033 | INFO | Epoch: 67 | Time: 133.19s
2025-04-30 22:29:51,033 | INFO | Train Loss=1.6358, Train Acc=86.92%
2025-04-30 22:29:51,033 | INFO | Val Loss=1.3582, Val Acc=68.50%
2025-04-30 22:29:51,033 | INFO | Train Gamma Loss=-0.0104 | Val Gamma Loss=6.0928960010642186e-05
2025-04-30 22:31:58,297 | INFO | Epoch: 68 | Time: 127.25s
2025-04-30 22:31:58,297 | INFO | Train Loss=1.6103, Train Acc=85.62%
2025-04-30 22:31:58,297 | INFO | Val Loss=1.3753, Val Acc=67.42%
2025-04-30 22:31:58,297 | INFO | Train Gamma Loss=-0.0104 | Val Gamma Loss=5.716062878491357e-05
2025-04-30 22:34:07,317 | INFO | Epoch: 69 | Time: 128.96s
2025-04-30 22:34:07,318 | INFO | Train Loss=1.8202, Train Acc=81.92%
2025-04-30 22:34:07,318 | INFO | Val Loss=1.3528, Val Acc=68.08%
2025-04-30 22:34:07,318 | INFO | Train Gamma Loss=-0.0105 | Val Gamma Loss=5.873425106983632e-05
2025-04-30 22:36:16,060 | INFO | Epoch: 70 | Time: 128.73s
2025-04-30 22:36:16,060 | INFO | Train Loss=1.7707, Train Acc=85.44%
2025-04-30 22:36:16,060 | INFO | Val Loss=1.3652, Val Acc=68.67%
2025-04-30 22:36:16,061 | INFO | Train Gamma Loss=-0.0105 | Val Gamma Loss=5.902194243390113e-05
2025-04-30 22:38:30,999 | INFO | Epoch: 71 | Time: 134.93s
2025-04-30 22:38:30,999 | INFO | Train Loss=1.5945, Train Acc=89.44%
2025-04-30 22:38:30,999 | INFO | Val Loss=1.3380, Val Acc=67.67%
2025-04-30 22:38:30,999 | INFO | Train Gamma Loss=-0.0105 | Val Gamma Loss=5.835697811562568e-05
2025-04-30 22:40:43,229 | INFO | Epoch: 72 | Time: 132.22s
2025-04-30 22:40:43,229 | INFO | Train Loss=1.6443, Train Acc=87.81%
2025-04-30 22:40:43,229 | INFO | Val Loss=1.3068, Val Acc=68.33%
2025-04-30 22:40:43,229 | INFO | Train Gamma Loss=-0.0105 | Val Gamma Loss=5.907213198952377e-05
2025-04-30 22:40:43,231 | INFO | New best model saved (val loss = 1.3068)
2025-04-30 22:42:54,021 | INFO | Epoch: 73 | Time: 130.77s
2025-04-30 22:42:54,021 | INFO | Train Loss=1.6324, Train Acc=86.74%
2025-04-30 22:42:54,021 | INFO | Val Loss=1.3340, Val Acc=69.00%
2025-04-30 22:42:54,021 | INFO | Train Gamma Loss=-0.0105 | Val Gamma Loss=5.954317020950839e-05
2025-04-30 22:45:02,111 | INFO | Epoch: 74 | Time: 128.08s
2025-04-30 22:45:02,111 | INFO | Train Loss=1.6504, Train Acc=88.37%
2025-04-30 22:45:02,111 | INFO | Val Loss=1.3200, Val Acc=68.75%
2025-04-30 22:45:02,111 | INFO | Train Gamma Loss=-0.0105 | Val Gamma Loss=6.219540955498815e-05
2025-04-30 22:47:06,515 | INFO | Epoch: 75 | Time: 124.39s
2025-04-30 22:47:06,515 | INFO | Train Loss=1.5867, Train Acc=88.94%
2025-04-30 22:47:06,515 | INFO | Val Loss=1.3300, Val Acc=69.00%
2025-04-30 22:47:06,515 | INFO | Train Gamma Loss=-0.0105 | Val Gamma Loss=6.040783046046272e-05
2025-04-30 22:49:14,154 | INFO | Epoch: 76 | Time: 127.63s
2025-04-30 22:49:14,155 | INFO | Train Loss=1.6325, Train Acc=87.49%
2025-04-30 22:49:14,155 | INFO | Val Loss=1.3382, Val Acc=69.50%
2025-04-30 22:49:14,155 | INFO | Train Gamma Loss=-0.0105 | Val Gamma Loss=5.95261444686912e-05
2025-04-30 22:51:21,011 | INFO | Epoch: 77 | Time: 126.84s
2025-04-30 22:51:21,011 | INFO | Train Loss=1.5754, Train Acc=88.56%
2025-04-30 22:51:21,011 | INFO | Val Loss=1.3030, Val Acc=69.25%
2025-04-30 22:51:21,012 | INFO | Train Gamma Loss=-0.0104 | Val Gamma Loss=6.604253576369956e-05
2025-04-30 22:51:21,013 | INFO | New best model saved (val loss = 1.3030)
2025-04-30 22:53:25,834 | INFO | Epoch: 78 | Time: 124.76s
2025-04-30 22:53:25,834 | INFO | Train Loss=1.5363, Train Acc=89.40%
2025-04-30 22:53:25,834 | INFO | Val Loss=1.3218, Val Acc=69.42%
2025-04-30 22:53:25,834 | INFO | Train Gamma Loss=-0.0104 | Val Gamma Loss=6.507486978080124e-05
2025-04-30 22:55:35,471 | INFO | Epoch: 79 | Time: 129.62s
2025-04-30 22:55:35,472 | INFO | Train Loss=1.6614, Train Acc=87.00%
2025-04-30 22:55:35,472 | INFO | Val Loss=1.3262, Val Acc=69.75%
2025-04-30 22:55:35,472 | INFO | Train Gamma Loss=-0.0104 | Val Gamma Loss=6.177651084726676e-05
2025-04-30 22:57:44,938 | INFO | Epoch: 80 | Time: 129.45s
2025-04-30 22:57:44,938 | INFO | Train Loss=1.7224, Train Acc=84.77%
2025-04-30 22:57:44,938 | INFO | Val Loss=1.3209, Val Acc=69.25%
2025-04-30 22:57:44,938 | INFO | Train Gamma Loss=-0.0104 | Val Gamma Loss=6.158546602819115e-05
2025-04-30 22:59:58,244 | INFO | Epoch: 81 | Time: 133.29s
2025-04-30 22:59:58,244 | INFO | Train Loss=1.6425, Train Acc=87.54%
2025-04-30 22:59:58,244 | INFO | Val Loss=1.3246, Val Acc=68.83%
2025-04-30 22:59:58,244 | INFO | Train Gamma Loss=-0.0104 | Val Gamma Loss=6.099903112044558e-05
2025-04-30 23:02:13,571 | INFO | Epoch: 82 | Time: 135.31s
2025-04-30 23:02:13,572 | INFO | Train Loss=1.5516, Train Acc=89.10%
2025-04-30 23:02:13,572 | INFO | Val Loss=1.3264, Val Acc=69.50%
2025-04-30 23:02:13,572 | INFO | Train Gamma Loss=-0.0104 | Val Gamma Loss=6.571108679054305e-05
2025-04-30 23:04:23,369 | INFO | Epoch: 83 | Time: 129.78s
2025-04-30 23:04:23,369 | INFO | Train Loss=1.6108, Train Acc=87.92%
2025-04-30 23:04:23,369 | INFO | Val Loss=1.3045, Val Acc=70.17%
2025-04-30 23:04:23,370 | INFO | Train Gamma Loss=-0.0104 | Val Gamma Loss=6.232031591935083e-05
2025-04-30 23:06:37,071 | INFO | Epoch: 84 | Time: 133.68s
2025-04-30 23:06:37,071 | INFO | Train Loss=1.5748, Train Acc=88.62%
2025-04-30 23:06:37,072 | INFO | Val Loss=1.3282, Val Acc=69.33%
2025-04-30 23:06:37,072 | INFO | Train Gamma Loss=-0.0104 | Val Gamma Loss=6.32955416222103e-05
2025-04-30 23:08:51,250 | INFO | Epoch: 85 | Time: 134.16s
2025-04-30 23:08:51,251 | INFO | Train Loss=1.6233, Train Acc=88.10%
2025-04-30 23:08:51,251 | INFO | Val Loss=1.3111, Val Acc=70.33%
2025-04-30 23:08:51,251 | INFO | Train Gamma Loss=-0.0104 | Val Gamma Loss=6.11104624113068e-05
2025-04-30 23:11:04,296 | INFO | Epoch: 86 | Time: 133.03s
2025-04-30 23:11:04,296 | INFO | Train Loss=1.5990, Train Acc=88.19%
2025-04-30 23:11:04,296 | INFO | Val Loss=1.3042, Val Acc=70.17%
2025-04-30 23:11:04,296 | INFO | Train Gamma Loss=-0.0104 | Val Gamma Loss=6.187868712004274e-05
2025-04-30 23:13:16,036 | INFO | Epoch: 87 | Time: 131.72s
2025-04-30 23:13:16,036 | INFO | Train Loss=1.7278, Train Acc=85.29%
2025-04-30 23:13:16,036 | INFO | Val Loss=1.2987, Val Acc=69.92%
2025-04-30 23:13:16,036 | INFO | Train Gamma Loss=-0.0104 | Val Gamma Loss=6.321204273262993e-05
2025-04-30 23:13:16,038 | INFO | New best model saved (val loss = 1.2987)
2025-04-30 23:15:34,198 | INFO | Epoch: 88 | Time: 138.14s
2025-04-30 23:15:34,198 | INFO | Train Loss=1.6149, Train Acc=87.16%
2025-04-30 23:15:34,198 | INFO | Val Loss=1.2859, Val Acc=70.67%
2025-04-30 23:15:34,199 | INFO | Train Gamma Loss=-0.0104 | Val Gamma Loss=6.247565033845603e-05
2025-04-30 23:15:34,200 | INFO | New best model saved (val loss = 1.2859)
2025-04-30 23:17:48,706 | INFO | Epoch: 89 | Time: 134.48s
2025-04-30 23:17:48,706 | INFO | Train Loss=1.5643, Train Acc=88.84%
2025-04-30 23:17:48,706 | INFO | Val Loss=1.2886, Val Acc=70.50%
2025-04-30 23:17:48,706 | INFO | Train Gamma Loss=-0.0104 | Val Gamma Loss=5.995846731821075e-05
2025-04-30 23:20:04,266 | INFO | Epoch: 90 | Time: 135.55s
2025-04-30 23:20:04,266 | INFO | Train Loss=1.5985, Train Acc=89.50%
2025-04-30 23:20:04,266 | INFO | Val Loss=1.2936, Val Acc=70.75%
2025-04-30 23:20:04,266 | INFO | Train Gamma Loss=-0.0104 | Val Gamma Loss=6.24479798716493e-05
2025-04-30 23:22:17,272 | INFO | Epoch: 91 | Time: 132.99s
2025-04-30 23:22:17,272 | INFO | Train Loss=1.5536, Train Acc=87.76%
2025-04-30 23:22:17,272 | INFO | Val Loss=1.2906, Val Acc=70.50%
2025-04-30 23:22:17,272 | INFO | Train Gamma Loss=-0.0104 | Val Gamma Loss=6.36384793324396e-05
2025-04-30 23:24:26,745 | INFO | Epoch: 92 | Time: 129.46s
2025-04-30 23:24:26,745 | INFO | Train Loss=1.4838, Train Acc=91.35%
2025-04-30 23:24:26,745 | INFO | Val Loss=1.2898, Val Acc=70.83%
2025-04-30 23:24:26,745 | INFO | Train Gamma Loss=-0.0104 | Val Gamma Loss=6.236771878320724e-05
2025-04-30 23:26:36,332 | INFO | Epoch: 93 | Time: 129.57s
2025-04-30 23:26:36,332 | INFO | Train Loss=1.4689, Train Acc=87.95%
2025-04-30 23:26:36,332 | INFO | Val Loss=1.2910, Val Acc=70.67%
2025-04-30 23:26:36,332 | INFO | Train Gamma Loss=-0.0105 | Val Gamma Loss=6.125485379016027e-05
2025-04-30 23:28:49,901 | INFO | Epoch: 94 | Time: 133.55s
2025-04-30 23:28:49,901 | INFO | Train Loss=1.5853, Train Acc=87.76%
2025-04-30 23:28:49,901 | INFO | Val Loss=1.2884, Val Acc=70.50%
2025-04-30 23:28:49,901 | INFO | Train Gamma Loss=-0.0104 | Val Gamma Loss=6.0280406614765525e-05
2025-04-30 23:31:00,264 | INFO | Epoch: 95 | Time: 130.35s
2025-04-30 23:31:00,264 | INFO | Train Loss=1.6231, Train Acc=86.25%
2025-04-30 23:31:00,264 | INFO | Val Loss=1.2862, Val Acc=70.50%
2025-04-30 23:31:00,264 | INFO | Train Gamma Loss=-0.0104 | Val Gamma Loss=6.154888978926465e-05
2025-04-30 23:33:06,794 | INFO | Epoch: 96 | Time: 126.51s
2025-04-30 23:33:06,794 | INFO | Train Loss=1.6764, Train Acc=87.18%
2025-04-30 23:33:06,794 | INFO | Val Loss=1.2831, Val Acc=70.67%
2025-04-30 23:33:06,794 | INFO | Train Gamma Loss=-0.0105 | Val Gamma Loss=6.108655361458659e-05
2025-04-30 23:33:06,795 | INFO | New best model saved (val loss = 1.2831)
2025-04-30 23:35:16,600 | INFO | Epoch: 97 | Time: 129.75s
2025-04-30 23:35:16,600 | INFO | Train Loss=1.6780, Train Acc=86.32%
2025-04-30 23:35:16,600 | INFO | Val Loss=1.2856, Val Acc=70.75%
2025-04-30 23:35:16,601 | INFO | Train Gamma Loss=-0.0105 | Val Gamma Loss=6.050672891433351e-05
2025-04-30 23:37:21,213 | INFO | Epoch: 98 | Time: 124.60s
2025-04-30 23:37:21,214 | INFO | Train Loss=1.5685, Train Acc=89.33%
2025-04-30 23:37:21,214 | INFO | Val Loss=1.2864, Val Acc=70.17%
2025-04-30 23:37:21,214 | INFO | Train Gamma Loss=-0.0104 | Val Gamma Loss=6.11932628089562e-05
2025-04-30 23:39:31,278 | INFO | Epoch: 99 | Time: 130.05s
2025-04-30 23:39:31,278 | INFO | Train Loss=1.6350, Train Acc=88.56%
2025-04-30 23:39:31,278 | INFO | Val Loss=1.2882, Val Acc=70.50%
2025-04-30 23:39:31,278 | INFO | Train Gamma Loss=-0.0105 | Val Gamma Loss=5.988250268273987e-05
2025-04-30 23:41:36,348 | INFO | Epoch: 100 | Time: 125.05s
2025-04-30 23:41:36,348 | INFO | Train Loss=1.6732, Train Acc=86.85%
2025-04-30 23:41:36,348 | INFO | Val Loss=1.2867, Val Acc=70.50%
2025-04-30 23:41:36,348 | INFO | Train Gamma Loss=-0.0104 | Val Gamma Loss=6.098006633692421e-05
2025-04-30 23:41:36,432 | INFO | Best model with lowest val loss 1.283074532684527 at 95 epoch is saved.
2025-04-30 23:42:49,930 | INFO | Test Accuracy: 71.31%
2025-04-30 23:42:50,021 | INFO | Last model with val loss 1.2866556079764115 at 99 epoch is saved.
2025-04-30 23:44:04,803 | INFO | Test Accuracy: 71.31%
2025-04-30 23:44:04,823 | INFO | 
Job Completed
