2025-04-18 16:28:35,453 | INFO | Job Started
2025-04-18 16:28:35,453 | INFO | Logging run: /rds/general/user/psp20/home/Brain-Network/runs/zoom_20250418-162835
2025-04-18 16:28:35,453 | INFO | Config:
{
  "run_name": "zoom",
  "writer": true,
  "seed": 42,
  "train_split": 0.9,
  "batch_size": 256,
  "num_workers": 2,
  "model_type": "zoom",
  "optimizer": "adam",
  "criterion": "CE",
  "lr": 0.001,
  "epochs": 50,
  "use_flex": false,
  "early_stopping": true,
  "patience": 10,
  "min_diff": 0.001
}
2025-04-18 16:28:35,603 | INFO | Using device: cuda
2025-04-18 16:28:35,604 | INFO | Training for 50 epochs
2025-04-18 16:28:35,604 | INFO | Debug mode: False
2025-04-18 16:28:50,479 | INFO | Epoch 1: Train Loss=1.5959, Train Acc=39.96% | Val Loss=1.8500, Val Acc=37.70% | Time: 9.72s
2025-04-18 16:28:50,480 | INFO | New best model saved (val loss = 1.8500)
2025-04-18 16:28:58,146 | INFO | Epoch 2: Train Loss=1.0623, Train Acc=61.69% | Val Loss=1.1258, Val Acc=59.82% | Time: 7.67s
2025-04-18 16:28:58,147 | INFO | New best model saved (val loss = 1.1258)
2025-04-18 16:29:05,825 | INFO | Epoch 3: Train Loss=0.8702, Train Acc=68.98% | Val Loss=0.9163, Val Acc=66.56% | Time: 7.68s
2025-04-18 16:29:05,826 | INFO | New best model saved (val loss = 0.9163)
2025-04-18 16:29:13,520 | INFO | Epoch 4: Train Loss=0.7427, Train Acc=73.50% | Val Loss=0.8491, Val Acc=69.94% | Time: 7.69s
2025-04-18 16:29:13,521 | INFO | New best model saved (val loss = 0.8491)
2025-04-18 16:29:21,202 | INFO | Epoch 5: Train Loss=0.6381, Train Acc=77.82% | Val Loss=0.9950, Val Acc=66.76% | Time: 7.68s
2025-04-18 16:29:28,921 | INFO | Epoch 6: Train Loss=0.5837, Train Acc=79.73% | Val Loss=0.9278, Val Acc=69.56% | Time: 7.72s
2025-04-18 16:29:36,656 | INFO | Epoch 7: Train Loss=0.5211, Train Acc=81.88% | Val Loss=0.6261, Val Acc=78.40% | Time: 7.74s
2025-04-18 16:29:36,657 | INFO | New best model saved (val loss = 0.6261)
2025-04-18 16:29:44,384 | INFO | Epoch 8: Train Loss=0.4806, Train Acc=83.46% | Val Loss=0.6341, Val Acc=78.74% | Time: 7.73s
2025-04-18 16:29:52,107 | INFO | Epoch 9: Train Loss=0.4452, Train Acc=84.77% | Val Loss=0.5630, Val Acc=81.60% | Time: 7.72s
2025-04-18 16:29:52,108 | INFO | New best model saved (val loss = 0.5630)
2025-04-18 16:29:59,834 | INFO | Epoch 10: Train Loss=0.4130, Train Acc=85.82% | Val Loss=0.5474, Val Acc=82.32% | Time: 7.73s
2025-04-18 16:29:59,835 | INFO | New best model saved (val loss = 0.5474)
2025-04-18 16:30:07,578 | INFO | Epoch 11: Train Loss=0.3910, Train Acc=86.58% | Val Loss=0.5378, Val Acc=82.02% | Time: 7.74s
2025-04-18 16:30:07,579 | INFO | New best model saved (val loss = 0.5378)
2025-04-18 16:30:15,310 | INFO | Epoch 12: Train Loss=0.3602, Train Acc=87.76% | Val Loss=0.5016, Val Acc=83.88% | Time: 7.73s
2025-04-18 16:30:15,311 | INFO | New best model saved (val loss = 0.5016)
2025-04-18 16:30:23,047 | INFO | Epoch 13: Train Loss=0.3448, Train Acc=88.15% | Val Loss=0.5071, Val Acc=83.74% | Time: 7.74s
2025-04-18 16:30:30,770 | INFO | Epoch 14: Train Loss=0.3255, Train Acc=88.84% | Val Loss=0.5276, Val Acc=82.50% | Time: 7.72s
2025-04-18 16:30:38,527 | INFO | Epoch 15: Train Loss=0.3140, Train Acc=89.32% | Val Loss=0.4835, Val Acc=84.16% | Time: 7.76s
2025-04-18 16:30:38,528 | INFO | New best model saved (val loss = 0.4835)
2025-04-18 16:30:46,501 | INFO | Epoch 16: Train Loss=0.2946, Train Acc=89.88% | Val Loss=0.4507, Val Acc=85.44% | Time: 7.97s
2025-04-18 16:30:46,502 | INFO | New best model saved (val loss = 0.4507)
2025-04-18 16:30:54,267 | INFO | Epoch 17: Train Loss=0.2801, Train Acc=90.44% | Val Loss=0.5625, Val Acc=81.78% | Time: 7.76s
2025-04-18 16:31:02,014 | INFO | Epoch 18: Train Loss=0.2611, Train Acc=91.01% | Val Loss=0.4082, Val Acc=86.16% | Time: 7.75s
2025-04-18 16:31:02,015 | INFO | New best model saved (val loss = 0.4082)
2025-04-18 16:31:09,808 | INFO | Epoch 19: Train Loss=0.2566, Train Acc=91.14% | Val Loss=0.5311, Val Acc=83.22% | Time: 7.79s
2025-04-18 16:31:17,577 | INFO | Epoch 20: Train Loss=0.2437, Train Acc=91.56% | Val Loss=0.4979, Val Acc=84.72% | Time: 7.77s
2025-04-18 16:31:25,363 | INFO | Epoch 21: Train Loss=0.2335, Train Acc=92.08% | Val Loss=0.5823, Val Acc=82.02% | Time: 7.79s
2025-04-18 16:31:33,131 | INFO | Epoch 22: Train Loss=0.2242, Train Acc=92.26% | Val Loss=0.4589, Val Acc=85.50% | Time: 7.77s
2025-04-18 16:31:40,882 | INFO | Epoch 23: Train Loss=0.1357, Train Acc=95.43% | Val Loss=0.2841, Val Acc=90.86% | Time: 7.75s
2025-04-18 16:31:40,883 | INFO | New best model saved (val loss = 0.2841)
2025-04-18 16:31:48,663 | INFO | Epoch 24: Train Loss=0.1023, Train Acc=96.61% | Val Loss=0.3023, Val Acc=91.00% | Time: 7.78s
2025-04-18 16:31:56,417 | INFO | Epoch 25: Train Loss=0.0921, Train Acc=96.93% | Val Loss=0.3047, Val Acc=90.84% | Time: 7.75s
2025-04-18 16:32:04,166 | INFO | Epoch 26: Train Loss=0.0822, Train Acc=97.24% | Val Loss=0.2950, Val Acc=91.04% | Time: 7.75s
2025-04-18 16:32:11,920 | INFO | Epoch 27: Train Loss=0.0759, Train Acc=97.37% | Val Loss=0.3007, Val Acc=91.80% | Time: 7.75s
2025-04-18 16:32:19,685 | INFO | Epoch 28: Train Loss=0.0650, Train Acc=97.89% | Val Loss=0.3011, Val Acc=91.20% | Time: 7.77s
2025-04-18 16:32:27,435 | INFO | Epoch 29: Train Loss=0.0616, Train Acc=97.99% | Val Loss=0.2936, Val Acc=92.24% | Time: 7.75s
2025-04-18 16:32:35,184 | INFO | Epoch 30: Train Loss=0.0615, Train Acc=97.99% | Val Loss=0.2908, Val Acc=91.54% | Time: 7.75s
2025-04-18 16:32:42,955 | INFO | Epoch 31: Train Loss=0.0589, Train Acc=98.10% | Val Loss=0.2942, Val Acc=91.68% | Time: 7.77s
2025-04-18 16:32:50,727 | INFO | Epoch 32: Train Loss=0.0587, Train Acc=98.06% | Val Loss=0.2883, Val Acc=91.48% | Time: 7.77s
2025-04-18 16:32:58,479 | INFO | Epoch 33: Train Loss=0.0596, Train Acc=98.09% | Val Loss=0.2983, Val Acc=91.52% | Time: 7.75s
2025-04-18 16:32:58,479 | INFO | Early stopping triggered at epoch 33
2025-04-18 16:32:58,515 | INFO | Best model with lowest val loss 0.2841117210686207 saved.
2025-04-18 16:32:59,478 | INFO | Test Accuracy: 91.43% | Test Loss: 0.30
2025-04-18 16:32:59,479 | INFO | 
Job Completed
