2025-05-29 16:58:55,615 | INFO | Job Started
2025-05-29 16:58:55,615 | INFO | Logging run: /rds/general/user/psp20/home/Brain-Network/runs/zoomvit_4_1_sample_eff_0_25_20250529-165855
2025-05-29 16:58:55,618 | INFO | Using device: cuda
2025-05-29 16:58:55,618 | INFO | Training for 100 epochs
2025-05-29 16:58:55,618 | INFO | Debug mode: False
2025-05-29 16:58:55,618 | INFO | Downsampling by: 0.25
2025-05-29 16:58:55,618 | INFO | Auxiliary loss: {'attention_entropy_loss': 0.1}
2025-05-29 16:58:55,618 | INFO | Train transforms: 
	Compose(
    RandomCrop(size=(32, 32), padding=4)
    RandomHorizontalFlip(p=0.5)
    ColorJitter(brightness=(0.8, 1.2), contrast=(0.8, 1.2), saturation=(0.8, 1.2), hue=None)
    ToTensor()
    Normalize(mean=(0.4914, 0.4822, 0.4465), std=(0.2023, 0.1994, 0.201))
)
2025-05-29 16:58:55,618 | INFO | Test transforms: 
	Compose(
    ToTensor()
    Normalize(mean=(0.4914, 0.4822, 0.4465), std=(0.2023, 0.1994, 0.201))
)
2025-05-29 16:58:57,467 | INFO | Full train/val size with downsampling (0.25): 12500
2025-05-29 16:58:57,603 | INFO | Using mixup function and SoftTargetCrossEntropy
2025-05-29 16:58:57,603 | INFO | Auxiliary loss: {'attention_entropy_loss': 0.1}
2025-05-29 16:59:00,856 | INFO | Epoch: 1 | Time: 3.25s
2025-05-29 16:59:00,856 | INFO | Train Loss=2.5866, Train Acc=15.72%
2025-05-29 16:59:00,856 | INFO | Val Loss=2.4085, Val Acc=24.24%
2025-05-29 16:59:00,856 | INFO | Train Gamma Loss=0.3285 | Val Gamma Loss=0.3238024115562439
2025-05-29 16:59:00,857 | INFO | New best model saved (val loss = 2.4085)
2025-05-29 16:59:03,783 | INFO | Epoch: 2 | Time: 2.92s
2025-05-29 16:59:03,783 | INFO | Train Loss=2.4342, Train Acc=22.39%
2025-05-29 16:59:03,783 | INFO | Val Loss=2.2105, Val Acc=27.76%
2025-05-29 16:59:03,783 | INFO | Train Gamma Loss=0.2926 | Val Gamma Loss=0.26579323410987854
2025-05-29 16:59:03,784 | INFO | New best model saved (val loss = 2.2105)
2025-05-29 16:59:06,716 | INFO | Epoch: 3 | Time: 2.93s
2025-05-29 16:59:06,716 | INFO | Train Loss=2.0794, Train Acc=26.78%
2025-05-29 16:59:06,716 | INFO | Val Loss=1.8044, Val Acc=32.88%
2025-05-29 16:59:06,716 | INFO | Train Gamma Loss=0.0196 | Val Gamma Loss=0.006324529182165861
2025-05-29 16:59:06,717 | INFO | New best model saved (val loss = 1.8044)
2025-05-29 16:59:09,625 | INFO | Epoch: 4 | Time: 2.90s
2025-05-29 16:59:09,625 | INFO | Train Loss=1.8947, Train Acc=36.04%
2025-05-29 16:59:09,625 | INFO | Val Loss=1.6973, Val Acc=38.32%
2025-05-29 16:59:09,625 | INFO | Train Gamma Loss=-0.0042 | Val Gamma Loss=0.006201602052897215
2025-05-29 16:59:09,626 | INFO | New best model saved (val loss = 1.6973)
2025-05-29 16:59:12,525 | INFO | Epoch: 5 | Time: 2.90s
2025-05-29 16:59:12,525 | INFO | Train Loss=1.8909, Train Acc=38.22%
2025-05-29 16:59:12,525 | INFO | Val Loss=1.5994, Val Acc=42.64%
2025-05-29 16:59:12,525 | INFO | Train Gamma Loss=-0.0043 | Val Gamma Loss=0.005854231771081686
2025-05-29 16:59:12,526 | INFO | New best model saved (val loss = 1.5994)
2025-05-29 16:59:15,417 | INFO | Epoch: 6 | Time: 2.89s
2025-05-29 16:59:15,417 | INFO | Train Loss=1.7815, Train Acc=45.16%
2025-05-29 16:59:15,417 | INFO | Val Loss=1.5916, Val Acc=42.88%
2025-05-29 16:59:15,417 | INFO | Train Gamma Loss=-0.0048 | Val Gamma Loss=0.00540301064029336
2025-05-29 16:59:15,418 | INFO | New best model saved (val loss = 1.5916)
2025-05-29 16:59:18,316 | INFO | Epoch: 7 | Time: 2.90s
2025-05-29 16:59:18,316 | INFO | Train Loss=1.7070, Train Acc=47.30%
2025-05-29 16:59:18,316 | INFO | Val Loss=1.4315, Val Acc=50.00%
2025-05-29 16:59:18,316 | INFO | Train Gamma Loss=-0.0055 | Val Gamma Loss=0.0051857540383934975
2025-05-29 16:59:18,317 | INFO | New best model saved (val loss = 1.4315)
2025-05-29 16:59:21,230 | INFO | Epoch: 8 | Time: 2.91s
2025-05-29 16:59:21,231 | INFO | Train Loss=1.6008, Train Acc=53.12%
2025-05-29 16:59:21,231 | INFO | Val Loss=1.2520, Val Acc=56.64%
2025-05-29 16:59:21,232 | INFO | Train Gamma Loss=-0.0059 | Val Gamma Loss=0.004245923366397619
2025-05-29 16:59:21,232 | INFO | New best model saved (val loss = 1.2520)
2025-05-29 16:59:24,129 | INFO | Epoch: 9 | Time: 2.89s
2025-05-29 16:59:24,129 | INFO | Train Loss=1.5262, Train Acc=54.45%
2025-05-29 16:59:24,129 | INFO | Val Loss=1.3690, Val Acc=51.92%
2025-05-29 16:59:24,129 | INFO | Train Gamma Loss=-0.0064 | Val Gamma Loss=0.004089174326509237
2025-05-29 16:59:27,037 | INFO | Epoch: 10 | Time: 2.91s
2025-05-29 16:59:27,037 | INFO | Train Loss=1.4849, Train Acc=60.36%
2025-05-29 16:59:27,037 | INFO | Val Loss=1.0956, Val Acc=61.84%
2025-05-29 16:59:27,037 | INFO | Train Gamma Loss=-0.0068 | Val Gamma Loss=0.0040742214769124985
2025-05-29 16:59:27,038 | INFO | New best model saved (val loss = 1.0956)
2025-05-29 16:59:29,966 | INFO | Epoch: 11 | Time: 2.93s
2025-05-29 16:59:29,966 | INFO | Train Loss=1.5028, Train Acc=58.93%
2025-05-29 16:59:29,966 | INFO | Val Loss=1.2982, Val Acc=56.88%
2025-05-29 16:59:29,966 | INFO | Train Gamma Loss=-0.0069 | Val Gamma Loss=0.0031784994062036276
2025-05-29 16:59:32,884 | INFO | Epoch: 12 | Time: 2.92s
2025-05-29 16:59:32,884 | INFO | Train Loss=1.4772, Train Acc=60.60%
2025-05-29 16:59:32,884 | INFO | Val Loss=1.2291, Val Acc=59.28%
2025-05-29 16:59:32,884 | INFO | Train Gamma Loss=-0.0076 | Val Gamma Loss=0.003199900034815073
2025-05-29 16:59:35,812 | INFO | Epoch: 13 | Time: 2.93s
2025-05-29 16:59:35,812 | INFO | Train Loss=1.4446, Train Acc=63.76%
2025-05-29 16:59:35,812 | INFO | Val Loss=1.1549, Val Acc=62.72%
2025-05-29 16:59:35,812 | INFO | Train Gamma Loss=-0.0075 | Val Gamma Loss=0.0029012400191277266
2025-05-29 16:59:38,790 | INFO | Epoch: 14 | Time: 2.98s
2025-05-29 16:59:38,790 | INFO | Train Loss=1.4862, Train Acc=62.37%
2025-05-29 16:59:38,790 | INFO | Val Loss=1.1396, Val Acc=60.00%
2025-05-29 16:59:38,790 | INFO | Train Gamma Loss=-0.0076 | Val Gamma Loss=0.002683251863345504
2025-05-29 16:59:41,718 | INFO | Epoch: 15 | Time: 2.93s
2025-05-29 16:59:41,718 | INFO | Train Loss=1.4050, Train Acc=67.60%
2025-05-29 16:59:41,718 | INFO | Val Loss=0.9330, Val Acc=69.68%
2025-05-29 16:59:41,718 | INFO | Train Gamma Loss=-0.0079 | Val Gamma Loss=0.002730058040469885
2025-05-29 16:59:41,719 | INFO | New best model saved (val loss = 0.9330)
2025-05-29 16:59:44,605 | INFO | Epoch: 16 | Time: 2.88s
2025-05-29 16:59:44,605 | INFO | Train Loss=1.3118, Train Acc=69.33%
2025-05-29 16:59:44,605 | INFO | Val Loss=1.1356, Val Acc=62.56%
2025-05-29 16:59:44,605 | INFO | Train Gamma Loss=-0.0077 | Val Gamma Loss=0.0026462904643267393
2025-05-29 16:59:47,532 | INFO | Epoch: 17 | Time: 2.93s
2025-05-29 16:59:47,533 | INFO | Train Loss=1.3107, Train Acc=67.14%
2025-05-29 16:59:47,533 | INFO | Val Loss=1.0127, Val Acc=65.28%
2025-05-29 16:59:47,533 | INFO | Train Gamma Loss=-0.0078 | Val Gamma Loss=0.0025782426819205284
2025-05-29 16:59:50,420 | INFO | Epoch: 18 | Time: 2.89s
2025-05-29 16:59:50,420 | INFO | Train Loss=1.3444, Train Acc=68.84%
2025-05-29 16:59:50,420 | INFO | Val Loss=0.9873, Val Acc=67.92%
2025-05-29 16:59:50,420 | INFO | Train Gamma Loss=-0.0079 | Val Gamma Loss=0.002638137200847268
2025-05-29 16:59:53,342 | INFO | Epoch: 19 | Time: 2.92s
2025-05-29 16:59:53,342 | INFO | Train Loss=1.4644, Train Acc=63.20%
2025-05-29 16:59:53,342 | INFO | Val Loss=1.2409, Val Acc=58.48%
2025-05-29 16:59:53,342 | INFO | Train Gamma Loss=-0.0081 | Val Gamma Loss=0.0026264789048582315
2025-05-29 16:59:56,268 | INFO | Epoch: 20 | Time: 2.92s
2025-05-29 16:59:56,268 | INFO | Train Loss=1.2689, Train Acc=72.52%
2025-05-29 16:59:56,268 | INFO | Val Loss=0.9036, Val Acc=70.64%
2025-05-29 16:59:56,268 | INFO | Train Gamma Loss=-0.0081 | Val Gamma Loss=0.002543555572628975
2025-05-29 16:59:56,269 | INFO | New best model saved (val loss = 0.9036)
2025-05-29 16:59:59,265 | INFO | Epoch: 21 | Time: 2.99s
2025-05-29 16:59:59,265 | INFO | Train Loss=1.3375, Train Acc=72.11%
2025-05-29 16:59:59,265 | INFO | Val Loss=0.9352, Val Acc=69.44%
2025-05-29 16:59:59,265 | INFO | Train Gamma Loss=-0.0081 | Val Gamma Loss=0.0024809176102280617
2025-05-29 17:00:02,160 | INFO | Epoch: 22 | Time: 2.89s
2025-05-29 17:00:02,160 | INFO | Train Loss=1.2221, Train Acc=74.42%
2025-05-29 17:00:02,160 | INFO | Val Loss=0.8541, Val Acc=73.76%
2025-05-29 17:00:02,160 | INFO | Train Gamma Loss=-0.0082 | Val Gamma Loss=0.0021795618813484907
2025-05-29 17:00:02,161 | INFO | New best model saved (val loss = 0.8541)
2025-05-29 17:00:05,092 | INFO | Epoch: 23 | Time: 2.93s
2025-05-29 17:00:05,092 | INFO | Train Loss=1.2823, Train Acc=73.85%
2025-05-29 17:00:05,092 | INFO | Val Loss=0.8656, Val Acc=73.44%
2025-05-29 17:00:05,092 | INFO | Train Gamma Loss=-0.0084 | Val Gamma Loss=0.0021532566752284765
2025-05-29 17:00:08,027 | INFO | Epoch: 24 | Time: 2.93s
2025-05-29 17:00:08,028 | INFO | Train Loss=1.1978, Train Acc=74.55%
2025-05-29 17:00:08,028 | INFO | Val Loss=0.7774, Val Acc=76.80%
2025-05-29 17:00:08,028 | INFO | Train Gamma Loss=-0.0083 | Val Gamma Loss=0.0022786397021263838
2025-05-29 17:00:08,029 | INFO | New best model saved (val loss = 0.7774)
2025-05-29 17:00:10,923 | INFO | Epoch: 25 | Time: 2.89s
2025-05-29 17:00:10,923 | INFO | Train Loss=1.2414, Train Acc=74.29%
2025-05-29 17:00:10,923 | INFO | Val Loss=0.8563, Val Acc=73.36%
2025-05-29 17:00:10,923 | INFO | Train Gamma Loss=-0.0085 | Val Gamma Loss=0.00215089856646955
2025-05-29 17:00:13,831 | INFO | Epoch: 26 | Time: 2.91s
2025-05-29 17:00:13,831 | INFO | Train Loss=1.2128, Train Acc=75.57%
2025-05-29 17:00:13,831 | INFO | Val Loss=0.8273, Val Acc=76.16%
2025-05-29 17:00:13,831 | INFO | Train Gamma Loss=-0.0084 | Val Gamma Loss=0.0020233639515936375
2025-05-29 17:00:16,743 | INFO | Epoch: 27 | Time: 2.91s
2025-05-29 17:00:16,743 | INFO | Train Loss=1.2355, Train Acc=73.81%
2025-05-29 17:00:16,743 | INFO | Val Loss=0.8228, Val Acc=75.36%
2025-05-29 17:00:16,743 | INFO | Train Gamma Loss=-0.0085 | Val Gamma Loss=0.001820102916099131
2025-05-29 17:00:19,653 | INFO | Epoch: 28 | Time: 2.91s
2025-05-29 17:00:19,653 | INFO | Train Loss=1.1711, Train Acc=77.05%
2025-05-29 17:00:19,653 | INFO | Val Loss=0.7551, Val Acc=77.76%
2025-05-29 17:00:19,654 | INFO | Train Gamma Loss=-0.0086 | Val Gamma Loss=0.0019346934277564287
2025-05-29 17:00:19,655 | INFO | New best model saved (val loss = 0.7551)
2025-05-29 17:00:22,766 | INFO | Epoch: 29 | Time: 3.11s
2025-05-29 17:00:22,766 | INFO | Train Loss=1.1704, Train Acc=74.90%
2025-05-29 17:00:22,766 | INFO | Val Loss=0.8128, Val Acc=76.24%
2025-05-29 17:00:22,766 | INFO | Train Gamma Loss=-0.0085 | Val Gamma Loss=0.0020106688607484102
2025-05-29 17:00:25,678 | INFO | Epoch: 30 | Time: 2.91s
2025-05-29 17:00:25,678 | INFO | Train Loss=1.0777, Train Acc=79.96%
2025-05-29 17:00:25,678 | INFO | Val Loss=0.6829, Val Acc=78.48%
2025-05-29 17:00:25,678 | INFO | Train Gamma Loss=-0.0084 | Val Gamma Loss=0.001979378517717123
2025-05-29 17:00:25,679 | INFO | New best model saved (val loss = 0.6829)
2025-05-29 17:00:28,720 | INFO | Epoch: 31 | Time: 3.04s
2025-05-29 17:00:28,720 | INFO | Train Loss=1.2043, Train Acc=76.55%
2025-05-29 17:00:28,720 | INFO | Val Loss=0.6823, Val Acc=79.52%
2025-05-29 17:00:28,720 | INFO | Train Gamma Loss=-0.0086 | Val Gamma Loss=0.0021303670946508646
2025-05-29 17:00:28,721 | INFO | New best model saved (val loss = 0.6823)
2025-05-29 17:00:31,791 | INFO | Epoch: 32 | Time: 3.07s
2025-05-29 17:00:31,791 | INFO | Train Loss=1.0899, Train Acc=80.70%
2025-05-29 17:00:31,791 | INFO | Val Loss=0.6688, Val Acc=80.16%
2025-05-29 17:00:31,791 | INFO | Train Gamma Loss=-0.0085 | Val Gamma Loss=0.0019753684755414724
2025-05-29 17:00:31,792 | INFO | New best model saved (val loss = 0.6688)
2025-05-29 17:00:34,724 | INFO | Epoch: 33 | Time: 2.93s
2025-05-29 17:00:34,724 | INFO | Train Loss=1.1912, Train Acc=77.72%
2025-05-29 17:00:34,724 | INFO | Val Loss=0.6561, Val Acc=81.20%
2025-05-29 17:00:34,724 | INFO | Train Gamma Loss=-0.0085 | Val Gamma Loss=0.002071776194497943
2025-05-29 17:00:34,725 | INFO | New best model saved (val loss = 0.6561)
2025-05-29 17:00:37,664 | INFO | Epoch: 34 | Time: 2.94s
2025-05-29 17:00:37,664 | INFO | Train Loss=1.0388, Train Acc=81.98%
2025-05-29 17:00:37,664 | INFO | Val Loss=0.6454, Val Acc=80.24%
2025-05-29 17:00:37,664 | INFO | Train Gamma Loss=-0.0086 | Val Gamma Loss=0.0019010115647688508
2025-05-29 17:00:37,665 | INFO | New best model saved (val loss = 0.6454)
2025-05-29 17:00:40,555 | INFO | Epoch: 35 | Time: 2.89s
2025-05-29 17:00:40,556 | INFO | Train Loss=1.0778, Train Acc=80.41%
2025-05-29 17:00:40,556 | INFO | Val Loss=0.7111, Val Acc=78.48%
2025-05-29 17:00:40,556 | INFO | Train Gamma Loss=-0.0086 | Val Gamma Loss=0.0018161522457376122
2025-05-29 17:00:43,486 | INFO | Epoch: 36 | Time: 2.93s
2025-05-29 17:00:43,486 | INFO | Train Loss=1.0915, Train Acc=81.31%
2025-05-29 17:00:43,486 | INFO | Val Loss=0.7669, Val Acc=77.44%
2025-05-29 17:00:43,486 | INFO | Train Gamma Loss=-0.0087 | Val Gamma Loss=0.001920454204082489
2025-05-29 17:00:46,420 | INFO | Epoch: 37 | Time: 2.93s
2025-05-29 17:00:46,421 | INFO | Train Loss=1.0202, Train Acc=83.05%
2025-05-29 17:00:46,421 | INFO | Val Loss=0.6369, Val Acc=81.60%
2025-05-29 17:00:46,421 | INFO | Train Gamma Loss=-0.0085 | Val Gamma Loss=0.0019746599718928337
2025-05-29 17:00:46,422 | INFO | New best model saved (val loss = 0.6369)
2025-05-29 17:00:49,349 | INFO | Epoch: 38 | Time: 2.92s
2025-05-29 17:00:49,349 | INFO | Train Loss=1.2156, Train Acc=77.30%
2025-05-29 17:00:49,349 | INFO | Val Loss=0.6660, Val Acc=80.88%
2025-05-29 17:00:49,349 | INFO | Train Gamma Loss=-0.0086 | Val Gamma Loss=0.0019467180827632546
2025-05-29 17:00:52,242 | INFO | Epoch: 39 | Time: 2.89s
2025-05-29 17:00:52,242 | INFO | Train Loss=1.0694, Train Acc=83.08%
2025-05-29 17:00:52,242 | INFO | Val Loss=0.6681, Val Acc=81.20%
2025-05-29 17:00:52,242 | INFO | Train Gamma Loss=-0.0085 | Val Gamma Loss=0.0019347950583323836
2025-05-29 17:00:55,162 | INFO | Epoch: 40 | Time: 2.92s
2025-05-29 17:00:55,162 | INFO | Train Loss=1.1130, Train Acc=79.86%
2025-05-29 17:00:55,162 | INFO | Val Loss=0.6472, Val Acc=81.20%
2025-05-29 17:00:55,162 | INFO | Train Gamma Loss=-0.0086 | Val Gamma Loss=0.0018786725122481585
2025-05-29 17:00:58,079 | INFO | Epoch: 41 | Time: 2.91s
2025-05-29 17:00:58,080 | INFO | Train Loss=1.0763, Train Acc=82.03%
2025-05-29 17:00:58,080 | INFO | Val Loss=0.6733, Val Acc=80.32%
2025-05-29 17:00:58,080 | INFO | Train Gamma Loss=-0.0086 | Val Gamma Loss=0.0017406847327947617
2025-05-29 17:01:00,990 | INFO | Epoch: 42 | Time: 2.91s
2025-05-29 17:01:00,990 | INFO | Train Loss=1.0806, Train Acc=81.52%
2025-05-29 17:01:00,990 | INFO | Val Loss=0.6597, Val Acc=80.88%
2025-05-29 17:01:00,990 | INFO | Train Gamma Loss=-0.0087 | Val Gamma Loss=0.0017726973164826632
2025-05-29 17:01:03,893 | INFO | Epoch: 43 | Time: 2.90s
2025-05-29 17:01:03,893 | INFO | Train Loss=1.0608, Train Acc=83.85%
2025-05-29 17:01:03,893 | INFO | Val Loss=0.6371, Val Acc=82.72%
2025-05-29 17:01:03,893 | INFO | Train Gamma Loss=-0.0087 | Val Gamma Loss=0.0018112583784386516
2025-05-29 17:01:06,815 | INFO | Epoch: 44 | Time: 2.92s
2025-05-29 17:01:06,816 | INFO | Train Loss=1.0663, Train Acc=84.42%
2025-05-29 17:01:06,816 | INFO | Val Loss=0.6872, Val Acc=80.00%
2025-05-29 17:01:06,816 | INFO | Train Gamma Loss=-0.0087 | Val Gamma Loss=0.0017931334441527724
2025-05-29 17:01:09,740 | INFO | Epoch: 45 | Time: 2.92s
2025-05-29 17:01:09,741 | INFO | Train Loss=0.9836, Train Acc=85.14%
2025-05-29 17:01:09,741 | INFO | Val Loss=0.6881, Val Acc=80.80%
2025-05-29 17:01:09,741 | INFO | Train Gamma Loss=-0.0087 | Val Gamma Loss=0.0016986007103696465
2025-05-29 17:01:12,648 | INFO | Epoch: 46 | Time: 2.90s
2025-05-29 17:01:12,648 | INFO | Train Loss=1.0808, Train Acc=82.52%
2025-05-29 17:01:12,648 | INFO | Val Loss=0.6020, Val Acc=82.80%
2025-05-29 17:01:12,648 | INFO | Train Gamma Loss=-0.0087 | Val Gamma Loss=0.001754586584866047
2025-05-29 17:01:12,649 | INFO | New best model saved (val loss = 0.6020)
2025-05-29 17:01:15,672 | INFO | Epoch: 47 | Time: 3.02s
2025-05-29 17:01:15,672 | INFO | Train Loss=1.0411, Train Acc=84.12%
2025-05-29 17:01:15,672 | INFO | Val Loss=0.6375, Val Acc=82.32%
2025-05-29 17:01:15,672 | INFO | Train Gamma Loss=-0.0088 | Val Gamma Loss=0.0017662596656009555
2025-05-29 17:01:18,571 | INFO | Epoch: 48 | Time: 2.90s
2025-05-29 17:01:18,571 | INFO | Train Loss=1.0084, Train Acc=85.73%
2025-05-29 17:01:18,571 | INFO | Val Loss=0.6359, Val Acc=82.56%
2025-05-29 17:01:18,572 | INFO | Train Gamma Loss=-0.0088 | Val Gamma Loss=0.0016913568833842874
2025-05-29 17:01:21,478 | INFO | Epoch: 49 | Time: 2.90s
2025-05-29 17:01:21,478 | INFO | Train Loss=1.2149, Train Acc=79.33%
2025-05-29 17:01:21,478 | INFO | Val Loss=0.6599, Val Acc=81.20%
2025-05-29 17:01:21,478 | INFO | Train Gamma Loss=-0.0088 | Val Gamma Loss=0.0017414179164916277
2025-05-29 17:01:24,392 | INFO | Epoch: 50 | Time: 2.91s
2025-05-29 17:01:24,392 | INFO | Train Loss=0.9810, Train Acc=88.43%
2025-05-29 17:01:24,392 | INFO | Val Loss=0.5947, Val Acc=83.60%
2025-05-29 17:01:24,392 | INFO | Train Gamma Loss=-0.0087 | Val Gamma Loss=0.0017412921879440546
2025-05-29 17:01:24,393 | INFO | New best model saved (val loss = 0.5947)
2025-05-29 17:01:27,294 | INFO | Epoch: 51 | Time: 2.90s
2025-05-29 17:01:27,294 | INFO | Train Loss=1.0810, Train Acc=82.76%
2025-05-29 17:01:27,294 | INFO | Val Loss=0.7260, Val Acc=80.48%
2025-05-29 17:01:27,294 | INFO | Train Gamma Loss=-0.0088 | Val Gamma Loss=0.0016654346836730838
2025-05-29 17:01:30,195 | INFO | Epoch: 52 | Time: 2.90s
2025-05-29 17:01:30,195 | INFO | Train Loss=1.1331, Train Acc=80.68%
2025-05-29 17:01:30,195 | INFO | Val Loss=0.6202, Val Acc=82.48%
2025-05-29 17:01:30,195 | INFO | Train Gamma Loss=-0.0088 | Val Gamma Loss=0.0017766678938642144
2025-05-29 17:01:33,089 | INFO | Epoch: 53 | Time: 2.89s
2025-05-29 17:01:33,089 | INFO | Train Loss=0.9694, Train Acc=86.69%
2025-05-29 17:01:33,089 | INFO | Val Loss=0.5710, Val Acc=85.12%
2025-05-29 17:01:33,089 | INFO | Train Gamma Loss=-0.0087 | Val Gamma Loss=0.001744012930430472
2025-05-29 17:01:33,090 | INFO | New best model saved (val loss = 0.5710)
2025-05-29 17:01:36,015 | INFO | Epoch: 54 | Time: 2.92s
2025-05-29 17:01:36,015 | INFO | Train Loss=0.8593, Train Acc=89.92%
2025-05-29 17:01:36,015 | INFO | Val Loss=0.5653, Val Acc=84.08%
2025-05-29 17:01:36,015 | INFO | Train Gamma Loss=-0.0088 | Val Gamma Loss=0.0016281850403174758
2025-05-29 17:01:36,016 | INFO | New best model saved (val loss = 0.5653)
2025-05-29 17:01:38,931 | INFO | Epoch: 55 | Time: 2.91s
2025-05-29 17:01:38,932 | INFO | Train Loss=0.8964, Train Acc=88.15%
2025-05-29 17:01:38,932 | INFO | Val Loss=0.5881, Val Acc=83.68%
2025-05-29 17:01:38,932 | INFO | Train Gamma Loss=-0.0088 | Val Gamma Loss=0.0015893373638391495
2025-05-29 17:01:41,842 | INFO | Epoch: 56 | Time: 2.91s
2025-05-29 17:01:41,843 | INFO | Train Loss=0.9715, Train Acc=85.68%
2025-05-29 17:01:41,843 | INFO | Val Loss=0.5711, Val Acc=83.76%
2025-05-29 17:01:41,843 | INFO | Train Gamma Loss=-0.0089 | Val Gamma Loss=0.001679513487033546
2025-05-29 17:01:44,728 | INFO | Epoch: 57 | Time: 2.88s
2025-05-29 17:01:44,728 | INFO | Train Loss=0.9565, Train Acc=88.74%
2025-05-29 17:01:44,728 | INFO | Val Loss=0.6241, Val Acc=82.16%
2025-05-29 17:01:44,728 | INFO | Train Gamma Loss=-0.0088 | Val Gamma Loss=0.0016636053333058953
2025-05-29 17:01:47,662 | INFO | Epoch: 58 | Time: 2.93s
2025-05-29 17:01:47,662 | INFO | Train Loss=0.9094, Train Acc=89.16%
2025-05-29 17:01:47,662 | INFO | Val Loss=0.5867, Val Acc=83.84%
2025-05-29 17:01:47,662 | INFO | Train Gamma Loss=-0.0089 | Val Gamma Loss=0.0015734968474134803
2025-05-29 17:01:50,568 | INFO | Epoch: 59 | Time: 2.90s
2025-05-29 17:01:50,568 | INFO | Train Loss=0.9422, Train Acc=87.44%
2025-05-29 17:01:50,568 | INFO | Val Loss=0.5620, Val Acc=84.48%
2025-05-29 17:01:50,568 | INFO | Train Gamma Loss=-0.0089 | Val Gamma Loss=0.0016375220147892833
2025-05-29 17:01:50,569 | INFO | New best model saved (val loss = 0.5620)
2025-05-29 17:01:53,724 | INFO | Epoch: 60 | Time: 3.15s
2025-05-29 17:01:53,724 | INFO | Train Loss=0.9747, Train Acc=87.48%
2025-05-29 17:01:53,724 | INFO | Val Loss=0.5995, Val Acc=84.32%
2025-05-29 17:01:53,724 | INFO | Train Gamma Loss=-0.0089 | Val Gamma Loss=0.0015483591705560684
2025-05-29 17:01:56,628 | INFO | Epoch: 61 | Time: 2.90s
2025-05-29 17:01:56,628 | INFO | Train Loss=0.8754, Train Acc=91.31%
2025-05-29 17:01:56,628 | INFO | Val Loss=0.5924, Val Acc=83.52%
2025-05-29 17:01:56,628 | INFO | Train Gamma Loss=-0.0090 | Val Gamma Loss=0.0014483885606750846
2025-05-29 17:01:59,552 | INFO | Epoch: 62 | Time: 2.92s
2025-05-29 17:01:59,552 | INFO | Train Loss=0.9188, Train Acc=88.97%
2025-05-29 17:01:59,552 | INFO | Val Loss=0.5408, Val Acc=84.72%
2025-05-29 17:01:59,552 | INFO | Train Gamma Loss=-0.0091 | Val Gamma Loss=0.0013901743805035949
2025-05-29 17:01:59,553 | INFO | New best model saved (val loss = 0.5408)
2025-05-29 17:02:02,507 | INFO | Epoch: 63 | Time: 2.95s
2025-05-29 17:02:02,507 | INFO | Train Loss=0.9595, Train Acc=89.34%
2025-05-29 17:02:02,507 | INFO | Val Loss=0.5480, Val Acc=85.12%
2025-05-29 17:02:02,507 | INFO | Train Gamma Loss=-0.0089 | Val Gamma Loss=0.0014958044048398733
2025-05-29 17:02:05,406 | INFO | Epoch: 64 | Time: 2.89s
2025-05-29 17:02:05,406 | INFO | Train Loss=0.7222, Train Acc=96.57%
2025-05-29 17:02:05,406 | INFO | Val Loss=0.5501, Val Acc=84.16%
2025-05-29 17:02:05,407 | INFO | Train Gamma Loss=-0.0091 | Val Gamma Loss=0.0012281648814678192
2025-05-29 17:02:08,318 | INFO | Epoch: 65 | Time: 2.91s
2025-05-29 17:02:08,318 | INFO | Train Loss=1.0403, Train Acc=88.43%
2025-05-29 17:02:08,318 | INFO | Val Loss=0.5471, Val Acc=86.08%
2025-05-29 17:02:08,318 | INFO | Train Gamma Loss=-0.0091 | Val Gamma Loss=0.0014150592032819986
2025-05-29 17:02:11,223 | INFO | Epoch: 66 | Time: 2.90s
2025-05-29 17:02:11,223 | INFO | Train Loss=0.9371, Train Acc=87.87%
2025-05-29 17:02:11,223 | INFO | Val Loss=0.5478, Val Acc=84.88%
2025-05-29 17:02:11,223 | INFO | Train Gamma Loss=-0.0090 | Val Gamma Loss=0.0014542352873831987
2025-05-29 17:02:14,126 | INFO | Epoch: 67 | Time: 2.90s
2025-05-29 17:02:14,126 | INFO | Train Loss=0.9367, Train Acc=90.63%
2025-05-29 17:02:14,126 | INFO | Val Loss=0.5847, Val Acc=84.48%
2025-05-29 17:02:14,126 | INFO | Train Gamma Loss=-0.0090 | Val Gamma Loss=0.0014671627432107925
2025-05-29 17:02:17,053 | INFO | Epoch: 68 | Time: 2.92s
2025-05-29 17:02:17,053 | INFO | Train Loss=0.8832, Train Acc=92.00%
2025-05-29 17:02:17,053 | INFO | Val Loss=0.5304, Val Acc=86.24%
2025-05-29 17:02:17,053 | INFO | Train Gamma Loss=-0.0090 | Val Gamma Loss=0.0014102597488090396
2025-05-29 17:02:17,054 | INFO | New best model saved (val loss = 0.5304)
2025-05-29 17:02:19,960 | INFO | Epoch: 69 | Time: 2.90s
2025-05-29 17:02:19,960 | INFO | Train Loss=0.8702, Train Acc=91.92%
2025-05-29 17:02:19,960 | INFO | Val Loss=0.5424, Val Acc=85.20%
2025-05-29 17:02:19,960 | INFO | Train Gamma Loss=-0.0091 | Val Gamma Loss=0.0013404785422608256
2025-05-29 17:02:22,849 | INFO | Epoch: 70 | Time: 2.88s
2025-05-29 17:02:22,849 | INFO | Train Loss=0.9002, Train Acc=89.81%
2025-05-29 17:02:22,849 | INFO | Val Loss=0.5418, Val Acc=85.12%
2025-05-29 17:02:22,849 | INFO | Train Gamma Loss=-0.0091 | Val Gamma Loss=0.0013789049116894603
2025-05-29 17:02:25,762 | INFO | Epoch: 71 | Time: 2.91s
2025-05-29 17:02:25,762 | INFO | Train Loss=0.8144, Train Acc=92.54%
2025-05-29 17:02:25,762 | INFO | Val Loss=0.5364, Val Acc=85.12%
2025-05-29 17:02:25,762 | INFO | Train Gamma Loss=-0.0091 | Val Gamma Loss=0.0013695990201085806
2025-05-29 17:02:28,684 | INFO | Epoch: 72 | Time: 2.92s
2025-05-29 17:02:28,684 | INFO | Train Loss=0.8778, Train Acc=91.34%
2025-05-29 17:02:28,684 | INFO | Val Loss=0.5493, Val Acc=84.72%
2025-05-29 17:02:28,684 | INFO | Train Gamma Loss=-0.0090 | Val Gamma Loss=0.0014263360062614083
2025-05-29 17:02:31,598 | INFO | Epoch: 73 | Time: 2.91s
2025-05-29 17:02:31,598 | INFO | Train Loss=0.8149, Train Acc=92.85%
2025-05-29 17:02:31,598 | INFO | Val Loss=0.5490, Val Acc=85.12%
2025-05-29 17:02:31,598 | INFO | Train Gamma Loss=-0.0091 | Val Gamma Loss=0.0013935959432274103
2025-05-29 17:02:34,543 | INFO | Epoch: 74 | Time: 2.94s
2025-05-29 17:02:34,543 | INFO | Train Loss=0.9296, Train Acc=88.75%
2025-05-29 17:02:34,543 | INFO | Val Loss=0.5310, Val Acc=87.04%
2025-05-29 17:02:34,543 | INFO | Train Gamma Loss=-0.0090 | Val Gamma Loss=0.0014787912368774414
2025-05-29 17:02:37,475 | INFO | Epoch: 75 | Time: 2.93s
2025-05-29 17:02:37,475 | INFO | Train Loss=0.8600, Train Acc=94.03%
2025-05-29 17:02:37,475 | INFO | Val Loss=0.5421, Val Acc=86.08%
2025-05-29 17:02:37,475 | INFO | Train Gamma Loss=-0.0091 | Val Gamma Loss=0.00141876470297575
2025-05-29 17:02:40,376 | INFO | Epoch: 76 | Time: 2.89s
2025-05-29 17:02:40,376 | INFO | Train Loss=0.9086, Train Acc=89.17%
2025-05-29 17:02:40,376 | INFO | Val Loss=0.5439, Val Acc=86.48%
2025-05-29 17:02:40,376 | INFO | Train Gamma Loss=-0.0091 | Val Gamma Loss=0.0014791920548304915
2025-05-29 17:02:43,285 | INFO | Epoch: 77 | Time: 2.90s
2025-05-29 17:02:43,285 | INFO | Train Loss=0.9246, Train Acc=90.59%
2025-05-29 17:02:43,285 | INFO | Val Loss=0.5385, Val Acc=85.36%
2025-05-29 17:02:43,285 | INFO | Train Gamma Loss=-0.0090 | Val Gamma Loss=0.001458235434256494
2025-05-29 17:02:46,184 | INFO | Epoch: 78 | Time: 2.89s
2025-05-29 17:02:46,184 | INFO | Train Loss=0.9408, Train Acc=89.64%
2025-05-29 17:02:46,184 | INFO | Val Loss=0.5521, Val Acc=85.12%
2025-05-29 17:02:46,184 | INFO | Train Gamma Loss=-0.0090 | Val Gamma Loss=0.001535029150545597
2025-05-29 17:02:49,124 | INFO | Epoch: 79 | Time: 2.93s
2025-05-29 17:02:49,124 | INFO | Train Loss=0.8053, Train Acc=93.66%
2025-05-29 17:02:49,124 | INFO | Val Loss=0.4985, Val Acc=86.80%
2025-05-29 17:02:49,124 | INFO | Train Gamma Loss=-0.0090 | Val Gamma Loss=0.0014581283321604133
2025-05-29 17:02:49,125 | INFO | New best model saved (val loss = 0.4985)
2025-05-29 17:02:52,042 | INFO | Epoch: 80 | Time: 2.91s
2025-05-29 17:02:52,042 | INFO | Train Loss=0.9771, Train Acc=91.13%
2025-05-29 17:02:52,042 | INFO | Val Loss=0.5234, Val Acc=86.40%
2025-05-29 17:02:52,042 | INFO | Train Gamma Loss=-0.0090 | Val Gamma Loss=0.0014630177756771445
2025-05-29 17:02:54,973 | INFO | Epoch: 81 | Time: 2.93s
2025-05-29 17:02:54,974 | INFO | Train Loss=0.8897, Train Acc=93.25%
2025-05-29 17:02:54,974 | INFO | Val Loss=0.5172, Val Acc=86.80%
2025-05-29 17:02:54,974 | INFO | Train Gamma Loss=-0.0090 | Val Gamma Loss=0.0014517949894070625
2025-05-29 17:02:57,877 | INFO | Epoch: 82 | Time: 2.90s
2025-05-29 17:02:57,878 | INFO | Train Loss=0.8635, Train Acc=90.70%
2025-05-29 17:02:57,878 | INFO | Val Loss=0.5154, Val Acc=86.40%
2025-05-29 17:02:57,878 | INFO | Train Gamma Loss=-0.0090 | Val Gamma Loss=0.0014392826706171036
2025-05-29 17:03:00,781 | INFO | Epoch: 83 | Time: 2.90s
2025-05-29 17:03:00,781 | INFO | Train Loss=0.9106, Train Acc=88.85%
2025-05-29 17:03:00,781 | INFO | Val Loss=0.5155, Val Acc=87.04%
2025-05-29 17:03:00,781 | INFO | Train Gamma Loss=-0.0090 | Val Gamma Loss=0.0014919860986992717
2025-05-29 17:03:03,698 | INFO | Epoch: 84 | Time: 2.91s
2025-05-29 17:03:03,698 | INFO | Train Loss=0.9678, Train Acc=90.20%
2025-05-29 17:03:03,698 | INFO | Val Loss=0.5257, Val Acc=86.88%
2025-05-29 17:03:03,698 | INFO | Train Gamma Loss=-0.0089 | Val Gamma Loss=0.0015001785941421986
2025-05-29 17:03:06,601 | INFO | Epoch: 85 | Time: 2.90s
2025-05-29 17:03:06,602 | INFO | Train Loss=0.8702, Train Acc=92.90%
2025-05-29 17:03:06,602 | INFO | Val Loss=0.5067, Val Acc=86.96%
2025-05-29 17:03:06,602 | INFO | Train Gamma Loss=-0.0090 | Val Gamma Loss=0.0014670018572360277
2025-05-29 17:03:09,492 | INFO | Epoch: 86 | Time: 2.88s
2025-05-29 17:03:09,492 | INFO | Train Loss=0.9041, Train Acc=89.23%
2025-05-29 17:03:09,492 | INFO | Val Loss=0.5254, Val Acc=84.96%
2025-05-29 17:03:09,492 | INFO | Train Gamma Loss=-0.0090 | Val Gamma Loss=0.0015071055386215448
2025-05-29 17:03:12,404 | INFO | Epoch: 87 | Time: 2.91s
2025-05-29 17:03:12,405 | INFO | Train Loss=0.9919, Train Acc=89.65%
2025-05-29 17:03:12,405 | INFO | Val Loss=0.5051, Val Acc=86.48%
2025-05-29 17:03:12,405 | INFO | Train Gamma Loss=-0.0089 | Val Gamma Loss=0.0014808455016463995
2025-05-29 17:03:15,345 | INFO | Epoch: 88 | Time: 2.93s
2025-05-29 17:03:15,345 | INFO | Train Loss=1.0024, Train Acc=89.69%
2025-05-29 17:03:15,346 | INFO | Val Loss=0.5254, Val Acc=86.24%
2025-05-29 17:03:15,346 | INFO | Train Gamma Loss=-0.0089 | Val Gamma Loss=0.0015436842804774642
2025-05-29 17:03:18,237 | INFO | Epoch: 89 | Time: 2.89s
2025-05-29 17:03:18,237 | INFO | Train Loss=0.8768, Train Acc=92.04%
2025-05-29 17:03:18,237 | INFO | Val Loss=0.5062, Val Acc=86.72%
2025-05-29 17:03:18,237 | INFO | Train Gamma Loss=-0.0089 | Val Gamma Loss=0.001502474071457982
2025-05-29 17:03:21,138 | INFO | Epoch: 90 | Time: 2.89s
2025-05-29 17:03:21,138 | INFO | Train Loss=0.7420, Train Acc=95.58%
2025-05-29 17:03:21,138 | INFO | Val Loss=0.5211, Val Acc=86.08%
2025-05-29 17:03:21,139 | INFO | Train Gamma Loss=-0.0090 | Val Gamma Loss=0.0014796053292229772
2025-05-29 17:03:24,073 | INFO | Epoch: 91 | Time: 2.93s
2025-05-29 17:03:24,073 | INFO | Train Loss=0.8533, Train Acc=90.40%
2025-05-29 17:03:24,073 | INFO | Val Loss=0.4997, Val Acc=86.08%
2025-05-29 17:03:24,073 | INFO | Train Gamma Loss=-0.0090 | Val Gamma Loss=0.001490877941250801
2025-05-29 17:03:27,004 | INFO | Epoch: 92 | Time: 2.92s
2025-05-29 17:03:27,004 | INFO | Train Loss=1.0164, Train Acc=87.14%
2025-05-29 17:03:27,004 | INFO | Val Loss=0.5090, Val Acc=86.64%
2025-05-29 17:03:27,004 | INFO | Train Gamma Loss=-0.0089 | Val Gamma Loss=0.0015200563939288259
2025-05-29 17:03:29,917 | INFO | Epoch: 93 | Time: 2.91s
2025-05-29 17:03:29,917 | INFO | Train Loss=1.0537, Train Acc=86.68%
2025-05-29 17:03:29,917 | INFO | Val Loss=0.5120, Val Acc=86.32%
2025-05-29 17:03:29,917 | INFO | Train Gamma Loss=-0.0089 | Val Gamma Loss=0.0015498604625463486
2025-05-29 17:03:32,810 | INFO | Epoch: 94 | Time: 2.89s
2025-05-29 17:03:32,810 | INFO | Train Loss=1.0407, Train Acc=87.83%
2025-05-29 17:03:32,810 | INFO | Val Loss=0.4989, Val Acc=86.88%
2025-05-29 17:03:32,810 | INFO | Train Gamma Loss=-0.0089 | Val Gamma Loss=0.0015366221778094769
2025-05-29 17:03:35,728 | INFO | Epoch: 95 | Time: 2.91s
2025-05-29 17:03:35,728 | INFO | Train Loss=0.8358, Train Acc=91.32%
2025-05-29 17:03:35,728 | INFO | Val Loss=0.5047, Val Acc=86.16%
2025-05-29 17:03:35,728 | INFO | Train Gamma Loss=-0.0089 | Val Gamma Loss=0.001553356065414846
2025-05-29 17:03:38,628 | INFO | Epoch: 96 | Time: 2.89s
2025-05-29 17:03:38,628 | INFO | Train Loss=0.8897, Train Acc=91.95%
2025-05-29 17:03:38,628 | INFO | Val Loss=0.5001, Val Acc=86.72%
2025-05-29 17:03:38,628 | INFO | Train Gamma Loss=-0.0089 | Val Gamma Loss=0.0015203672228381038
2025-05-29 17:03:41,523 | INFO | Epoch: 97 | Time: 2.89s
2025-05-29 17:03:41,524 | INFO | Train Loss=0.8663, Train Acc=92.84%
2025-05-29 17:03:41,524 | INFO | Val Loss=0.5212, Val Acc=86.08%
2025-05-29 17:03:41,524 | INFO | Train Gamma Loss=-0.0089 | Val Gamma Loss=0.0015226954128593206
2025-05-29 17:03:44,447 | INFO | Epoch: 98 | Time: 2.92s
2025-05-29 17:03:44,447 | INFO | Train Loss=1.0446, Train Acc=86.91%
2025-05-29 17:03:44,447 | INFO | Val Loss=0.5089, Val Acc=87.20%
2025-05-29 17:03:44,447 | INFO | Train Gamma Loss=-0.0089 | Val Gamma Loss=0.001515100710093975
2025-05-29 17:03:47,368 | INFO | Epoch: 99 | Time: 2.91s
2025-05-29 17:03:47,368 | INFO | Train Loss=1.0011, Train Acc=89.17%
2025-05-29 17:03:47,368 | INFO | Val Loss=0.5182, Val Acc=86.40%
2025-05-29 17:03:47,368 | INFO | Train Gamma Loss=-0.0089 | Val Gamma Loss=0.001533221104182303
2025-05-29 17:03:47,368 | INFO | Early stopping triggered at epoch 99
2025-05-29 17:03:47,407 | INFO | Best model with lowest val loss 0.4985254168510437 at 78 epoch is saved.
2025-05-29 17:03:48,200 | INFO | Test Accuracy: 87.34%
2025-05-29 17:03:48,241 | INFO | Last model with val loss 0.5182325839996338 at 98 epoch is saved.
2025-05-29 17:03:49,030 | INFO | Test Accuracy: 87.34%
2025-05-29 17:03:49,040 | INFO | 
Job Completed
