2025-04-22 16:52:19,158 | INFO | Job Started
2025-04-22 16:52:19,158 | INFO | Logging run: /rds/general/user/psp20/home/Brain-Network/runs/round_2/brainit_m2_20250422-165219
2025-04-22 16:52:19,320 | INFO | Using device: cuda
2025-04-22 16:52:19,320 | INFO | Training for 100 epochs
2025-04-22 16:52:19,320 | INFO | Debug mode: False
2025-04-22 16:52:19,320 | INFO | Downsampling by: 0
2025-04-22 16:52:20,805 | INFO | Using foveation transform
2025-04-22 16:52:22,800 | INFO | Full train/val size with downsampling (0): 50000
2025-04-22 16:52:25,390 | INFO | Label smoothing: 0.1
2025-04-22 16:52:44,987 | INFO | Epoch 1: Train Loss=2.0159, Train Acc=24.60% | Val Loss=1.9906, Val Acc=28.54% | Time: 19.60s
2025-04-22 16:52:44,988 | INFO | New best model saved (val loss = 1.9906)
2025-04-22 16:53:02,065 | INFO | Epoch 2: Train Loss=1.7925, Train Acc=37.72% | Val Loss=1.7485, Val Acc=40.52% | Time: 17.08s
2025-04-22 16:53:02,066 | INFO | New best model saved (val loss = 1.7485)
2025-04-22 16:53:18,997 | INFO | Epoch 3: Train Loss=1.6318, Train Acc=46.78% | Val Loss=1.5885, Val Acc=50.30% | Time: 16.93s
2025-04-22 16:53:18,998 | INFO | New best model saved (val loss = 1.5885)
2025-04-22 16:53:36,078 | INFO | Epoch 4: Train Loss=1.5187, Train Acc=52.90% | Val Loss=1.4798, Val Acc=54.52% | Time: 17.08s
2025-04-22 16:53:36,079 | INFO | New best model saved (val loss = 1.4798)
2025-04-22 16:53:53,142 | INFO | Epoch 5: Train Loss=1.4476, Train Acc=56.70% | Val Loss=1.6162, Val Acc=50.08% | Time: 17.06s
2025-04-22 16:54:10,094 | INFO | Epoch 6: Train Loss=1.3964, Train Acc=58.89% | Val Loss=1.4181, Val Acc=57.66% | Time: 16.95s
2025-04-22 16:54:10,095 | INFO | New best model saved (val loss = 1.4181)
2025-04-22 16:54:27,047 | INFO | Epoch 7: Train Loss=1.3483, Train Acc=61.82% | Val Loss=1.4398, Val Acc=55.80% | Time: 16.95s
2025-04-22 16:54:44,125 | INFO | Epoch 8: Train Loss=1.3002, Train Acc=63.93% | Val Loss=1.3020, Val Acc=63.78% | Time: 17.08s
2025-04-22 16:54:44,126 | INFO | New best model saved (val loss = 1.3020)
2025-04-22 16:55:01,112 | INFO | Epoch 9: Train Loss=1.2699, Train Acc=65.44% | Val Loss=1.3081, Val Acc=64.04% | Time: 16.99s
2025-04-22 16:55:18,123 | INFO | Epoch 10: Train Loss=1.2377, Train Acc=66.98% | Val Loss=1.3429, Val Acc=62.00% | Time: 17.01s
2025-04-22 16:55:35,164 | INFO | Epoch 11: Train Loss=1.2137, Train Acc=68.04% | Val Loss=1.2891, Val Acc=65.36% | Time: 17.04s
2025-04-22 16:55:35,165 | INFO | New best model saved (val loss = 1.2891)
2025-04-22 16:55:52,121 | INFO | Epoch 12: Train Loss=1.1878, Train Acc=69.55% | Val Loss=1.2349, Val Acc=67.88% | Time: 16.96s
2025-04-22 16:55:52,122 | INFO | New best model saved (val loss = 1.2349)
2025-04-22 16:56:09,133 | INFO | Epoch 13: Train Loss=1.1665, Train Acc=70.28% | Val Loss=1.2184, Val Acc=67.60% | Time: 17.01s
2025-04-22 16:56:09,134 | INFO | New best model saved (val loss = 1.2184)
2025-04-22 16:56:26,183 | INFO | Epoch 14: Train Loss=1.1449, Train Acc=71.09% | Val Loss=1.2049, Val Acc=68.28% | Time: 17.05s
2025-04-22 16:56:26,185 | INFO | New best model saved (val loss = 1.2049)
2025-04-22 16:56:43,179 | INFO | Epoch 15: Train Loss=1.1263, Train Acc=72.12% | Val Loss=1.1528, Val Acc=71.22% | Time: 16.99s
2025-04-22 16:56:43,180 | INFO | New best model saved (val loss = 1.1528)
2025-04-22 16:57:00,252 | INFO | Epoch 16: Train Loss=1.1116, Train Acc=72.89% | Val Loss=1.1311, Val Acc=71.74% | Time: 17.07s
2025-04-22 16:57:00,254 | INFO | New best model saved (val loss = 1.1311)
2025-04-22 16:57:17,170 | INFO | Epoch 17: Train Loss=1.0920, Train Acc=73.60% | Val Loss=1.2245, Val Acc=68.04% | Time: 16.92s
2025-04-22 16:57:34,159 | INFO | Epoch 18: Train Loss=1.0843, Train Acc=74.13% | Val Loss=1.1123, Val Acc=73.08% | Time: 16.99s
2025-04-22 16:57:34,161 | INFO | New best model saved (val loss = 1.1123)
2025-04-22 16:57:51,247 | INFO | Epoch 19: Train Loss=1.0660, Train Acc=74.90% | Val Loss=1.1204, Val Acc=72.68% | Time: 17.09s
2025-04-22 16:58:08,147 | INFO | Epoch 20: Train Loss=1.0509, Train Acc=75.48% | Val Loss=1.1167, Val Acc=72.22% | Time: 16.90s
2025-04-22 16:58:25,224 | INFO | Epoch 21: Train Loss=1.0326, Train Acc=76.39% | Val Loss=1.0926, Val Acc=74.12% | Time: 17.08s
2025-04-22 16:58:25,225 | INFO | New best model saved (val loss = 1.0926)
2025-04-22 16:58:42,104 | INFO | Epoch 22: Train Loss=1.0248, Train Acc=76.64% | Val Loss=1.1392, Val Acc=71.76% | Time: 16.88s
2025-04-22 16:58:59,040 | INFO | Epoch 23: Train Loss=1.0198, Train Acc=77.12% | Val Loss=1.0676, Val Acc=74.70% | Time: 16.94s
2025-04-22 16:58:59,041 | INFO | New best model saved (val loss = 1.0676)
2025-04-22 16:59:15,941 | INFO | Epoch 24: Train Loss=1.0006, Train Acc=78.12% | Val Loss=1.0816, Val Acc=74.50% | Time: 16.90s
2025-04-22 16:59:33,028 | INFO | Epoch 25: Train Loss=0.9961, Train Acc=78.20% | Val Loss=1.0432, Val Acc=76.12% | Time: 17.09s
2025-04-22 16:59:33,029 | INFO | New best model saved (val loss = 1.0432)
2025-04-22 16:59:50,080 | INFO | Epoch 26: Train Loss=0.9833, Train Acc=78.70% | Val Loss=1.0428, Val Acc=75.76% | Time: 17.05s
2025-04-22 16:59:50,081 | INFO | New best model saved (val loss = 1.0428)
2025-04-22 17:00:07,022 | INFO | Epoch 27: Train Loss=0.9763, Train Acc=79.02% | Val Loss=1.0726, Val Acc=74.50% | Time: 16.94s
2025-04-22 17:00:24,002 | INFO | Epoch 28: Train Loss=0.9660, Train Acc=79.37% | Val Loss=1.0046, Val Acc=77.64% | Time: 16.98s
2025-04-22 17:00:24,003 | INFO | New best model saved (val loss = 1.0046)
2025-04-22 17:00:41,061 | INFO | Epoch 29: Train Loss=0.9535, Train Acc=80.06% | Val Loss=1.0398, Val Acc=76.62% | Time: 17.06s
2025-04-22 17:00:58,138 | INFO | Epoch 30: Train Loss=0.9501, Train Acc=79.90% | Val Loss=1.0336, Val Acc=76.12% | Time: 17.08s
2025-04-22 17:01:15,147 | INFO | Epoch 31: Train Loss=0.9427, Train Acc=80.41% | Val Loss=1.0613, Val Acc=75.54% | Time: 17.01s
2025-04-22 17:01:32,112 | INFO | Epoch 32: Train Loss=0.9298, Train Acc=80.94% | Val Loss=1.0066, Val Acc=77.48% | Time: 16.96s
2025-04-22 17:01:49,078 | INFO | Epoch 33: Train Loss=0.8479, Train Acc=84.70% | Val Loss=0.9066, Val Acc=81.86% | Time: 16.96s
2025-04-22 17:01:49,079 | INFO | New best model saved (val loss = 0.9066)
2025-04-22 17:02:06,157 | INFO | Epoch 34: Train Loss=0.8146, Train Acc=86.08% | Val Loss=0.8876, Val Acc=82.72% | Time: 17.08s
2025-04-22 17:02:06,158 | INFO | New best model saved (val loss = 0.8876)
2025-04-22 17:02:23,224 | INFO | Epoch 35: Train Loss=0.8007, Train Acc=86.86% | Val Loss=0.8827, Val Acc=83.02% | Time: 17.07s
2025-04-22 17:02:23,225 | INFO | New best model saved (val loss = 0.8827)
2025-04-22 17:02:40,286 | INFO | Epoch 36: Train Loss=0.7914, Train Acc=87.21% | Val Loss=0.8900, Val Acc=82.28% | Time: 17.06s
2025-04-22 17:02:57,237 | INFO | Epoch 37: Train Loss=0.7849, Train Acc=87.48% | Val Loss=0.8877, Val Acc=82.64% | Time: 16.95s
2025-04-22 17:03:14,337 | INFO | Epoch 38: Train Loss=0.7785, Train Acc=87.65% | Val Loss=0.8888, Val Acc=83.08% | Time: 17.10s
2025-04-22 17:03:31,356 | INFO | Epoch 39: Train Loss=0.7691, Train Acc=88.06% | Val Loss=0.8887, Val Acc=82.76% | Time: 17.02s
2025-04-22 17:03:48,292 | INFO | Epoch 40: Train Loss=0.7582, Train Acc=88.64% | Val Loss=0.8792, Val Acc=83.08% | Time: 16.94s
2025-04-22 17:03:48,294 | INFO | New best model saved (val loss = 0.8792)
2025-04-22 17:04:05,164 | INFO | Epoch 41: Train Loss=0.7601, Train Acc=88.64% | Val Loss=0.8811, Val Acc=83.08% | Time: 16.87s
2025-04-22 17:04:22,031 | INFO | Epoch 42: Train Loss=0.7540, Train Acc=88.85% | Val Loss=0.8727, Val Acc=83.06% | Time: 16.87s
2025-04-22 17:04:22,032 | INFO | New best model saved (val loss = 0.8727)
2025-04-22 17:04:38,977 | INFO | Epoch 43: Train Loss=0.7546, Train Acc=88.87% | Val Loss=0.8710, Val Acc=83.62% | Time: 16.95s
2025-04-22 17:04:38,978 | INFO | New best model saved (val loss = 0.8710)
2025-04-22 17:04:55,913 | INFO | Epoch 44: Train Loss=0.7599, Train Acc=88.66% | Val Loss=0.8763, Val Acc=83.38% | Time: 16.93s
2025-04-22 17:05:12,866 | INFO | Epoch 45: Train Loss=0.7500, Train Acc=89.00% | Val Loss=0.8767, Val Acc=83.68% | Time: 16.95s
2025-04-22 17:05:29,878 | INFO | Epoch 46: Train Loss=0.7477, Train Acc=89.30% | Val Loss=0.8805, Val Acc=83.04% | Time: 17.01s
2025-04-22 17:05:46,800 | INFO | Epoch 47: Train Loss=0.7474, Train Acc=89.20% | Val Loss=0.8758, Val Acc=83.58% | Time: 16.92s
2025-04-22 17:06:03,666 | INFO | Epoch 48: Train Loss=0.7469, Train Acc=89.26% | Val Loss=0.8732, Val Acc=83.58% | Time: 16.87s
2025-04-22 17:06:20,703 | INFO | Epoch 49: Train Loss=0.7494, Train Acc=89.17% | Val Loss=0.8779, Val Acc=83.36% | Time: 17.04s
2025-04-22 17:06:37,775 | INFO | Epoch 50: Train Loss=0.7499, Train Acc=89.01% | Val Loss=0.8744, Val Acc=83.50% | Time: 17.07s
2025-04-22 17:06:54,759 | INFO | Epoch 51: Train Loss=0.7468, Train Acc=89.08% | Val Loss=0.8650, Val Acc=84.00% | Time: 16.98s
2025-04-22 17:06:54,760 | INFO | New best model saved (val loss = 0.8650)
2025-04-22 17:07:11,884 | INFO | Epoch 52: Train Loss=0.7478, Train Acc=89.22% | Val Loss=0.8803, Val Acc=83.40% | Time: 17.12s
2025-04-22 17:07:28,819 | INFO | Epoch 53: Train Loss=0.7489, Train Acc=89.04% | Val Loss=0.8656, Val Acc=83.90% | Time: 16.93s
2025-04-22 17:07:45,800 | INFO | Epoch 54: Train Loss=0.7486, Train Acc=89.07% | Val Loss=0.8670, Val Acc=83.98% | Time: 16.98s
2025-04-22 17:08:02,845 | INFO | Epoch 55: Train Loss=0.7469, Train Acc=89.26% | Val Loss=0.8630, Val Acc=83.88% | Time: 17.04s
2025-04-22 17:08:02,846 | INFO | New best model saved (val loss = 0.8630)
2025-04-22 17:08:19,798 | INFO | Epoch 56: Train Loss=0.7448, Train Acc=89.23% | Val Loss=0.8752, Val Acc=83.64% | Time: 16.95s
2025-04-22 17:08:36,838 | INFO | Epoch 57: Train Loss=0.7469, Train Acc=89.18% | Val Loss=0.8777, Val Acc=83.02% | Time: 17.04s
2025-04-22 17:08:53,741 | INFO | Epoch 58: Train Loss=0.7492, Train Acc=89.19% | Val Loss=0.8733, Val Acc=83.84% | Time: 16.90s
2025-04-22 17:09:10,789 | INFO | Epoch 59: Train Loss=0.7484, Train Acc=89.11% | Val Loss=0.8658, Val Acc=83.72% | Time: 17.05s
2025-04-22 17:09:27,838 | INFO | Epoch 60: Train Loss=0.7452, Train Acc=89.20% | Val Loss=0.8763, Val Acc=83.54% | Time: 17.05s
2025-04-22 17:09:44,799 | INFO | Epoch 61: Train Loss=0.7474, Train Acc=89.17% | Val Loss=0.8595, Val Acc=84.08% | Time: 16.96s
2025-04-22 17:09:44,800 | INFO | New best model saved (val loss = 0.8595)
2025-04-22 17:10:01,848 | INFO | Epoch 62: Train Loss=0.7462, Train Acc=89.17% | Val Loss=0.8650, Val Acc=84.06% | Time: 17.05s
2025-04-22 17:10:18,870 | INFO | Epoch 63: Train Loss=0.7451, Train Acc=89.29% | Val Loss=0.8722, Val Acc=83.90% | Time: 17.02s
2025-04-22 17:10:35,860 | INFO | Epoch 64: Train Loss=0.7491, Train Acc=89.02% | Val Loss=0.8741, Val Acc=83.46% | Time: 16.99s
2025-04-22 17:10:52,815 | INFO | Epoch 65: Train Loss=0.7473, Train Acc=89.14% | Val Loss=0.8719, Val Acc=83.94% | Time: 16.95s
2025-04-22 17:11:09,771 | INFO | Epoch 66: Train Loss=0.7472, Train Acc=89.14% | Val Loss=0.8935, Val Acc=82.96% | Time: 16.96s
2025-04-22 17:11:26,690 | INFO | Epoch 67: Train Loss=0.7465, Train Acc=89.26% | Val Loss=0.8848, Val Acc=82.76% | Time: 16.92s
2025-04-22 17:11:43,700 | INFO | Epoch 68: Train Loss=0.7437, Train Acc=89.16% | Val Loss=0.8714, Val Acc=83.98% | Time: 17.01s
2025-04-22 17:12:00,655 | INFO | Epoch 69: Train Loss=0.7466, Train Acc=89.16% | Val Loss=0.8732, Val Acc=83.74% | Time: 16.95s
2025-04-22 17:12:17,624 | INFO | Epoch 70: Train Loss=0.7485, Train Acc=89.10% | Val Loss=0.8732, Val Acc=83.68% | Time: 16.97s
2025-04-22 17:12:34,556 | INFO | Epoch 71: Train Loss=0.7488, Train Acc=89.06% | Val Loss=0.8728, Val Acc=83.40% | Time: 16.93s
2025-04-22 17:12:34,556 | INFO | Early stopping triggered at epoch 71
2025-04-22 17:12:34,639 | INFO | Best model with lowest val loss 0.8595195680856704 at 60 epoch is saved.
2025-04-22 17:12:37,920 | INFO | Test Accuracy: 84.25%
2025-04-22 17:12:38,004 | INFO | Last model with val loss 0.8727850615978241 at 70 epoch is saved.
2025-04-22 17:12:40,992 | INFO | Test Accuracy: 84.25%
2025-04-22 17:12:41,005 | INFO | 
Job Completed
