2025-04-17 11:53:40,451 | INFO | Job Started
2025-04-17 11:53:40,451 | INFO | Logging run: /rds/general/user/psp20/home/Brain-Network/runs/fast_cnn_2_20250417-115340
2025-04-17 11:53:40,451 | INFO | Config:
{
  "run_name": "fast_cnn_2",
  "writer": true,
  "seed": 42,
  "train_split": 0.9,
  "batch_size": 256,
  "num_workers": 2,
  "model_type": "fast_cnn2",
  "optimizer": "adam",
  "criterion": "CE",
  "lr": 0.001,
  "epochs": 50,
  "early_stopping": true,
  "patience": 3,
  "min_diff": 0.001
}
2025-04-17 11:53:40,543 | INFO | Using device: cuda
2025-04-17 11:53:40,543 | INFO | Training for 50 epochs
2025-04-17 11:53:50,527 | INFO | Epoch 1: Train Loss=1.3862, Train Acc=49.42% | Val Loss=1.0540, Val Acc=63.38% | Time: 5.10s
2025-04-17 11:53:50,527 | INFO | New best model saved (val loss = 1.0540)
2025-04-17 11:53:53,996 | INFO | Epoch 2: Train Loss=0.9906, Train Acc=65.17% | Val Loss=0.8469, Val Acc=69.90% | Time: 3.47s
2025-04-17 11:53:53,997 | INFO | New best model saved (val loss = 0.8469)
2025-04-17 11:53:57,499 | INFO | Epoch 3: Train Loss=0.8518, Train Acc=70.24% | Val Loss=0.8429, Val Acc=70.40% | Time: 3.50s
2025-04-17 11:53:57,500 | INFO | New best model saved (val loss = 0.8429)
2025-04-17 11:54:01,011 | INFO | Epoch 4: Train Loss=0.7581, Train Acc=73.41% | Val Loss=0.7332, Val Acc=74.06% | Time: 3.51s
2025-04-17 11:54:01,012 | INFO | New best model saved (val loss = 0.7332)
2025-04-17 11:54:04,492 | INFO | Epoch 5: Train Loss=0.7003, Train Acc=75.36% | Val Loss=0.7843, Val Acc=72.22% | Time: 3.48s
2025-04-17 11:54:08,006 | INFO | Epoch 6: Train Loss=0.6424, Train Acc=77.57% | Val Loss=0.7221, Val Acc=74.54% | Time: 3.51s
2025-04-17 11:54:08,007 | INFO | New best model saved (val loss = 0.7221)
2025-04-17 11:54:11,491 | INFO | Epoch 7: Train Loss=0.5860, Train Acc=79.58% | Val Loss=0.6731, Val Acc=76.24% | Time: 3.48s
2025-04-17 11:54:11,492 | INFO | New best model saved (val loss = 0.6731)
2025-04-17 11:54:14,989 | INFO | Epoch 8: Train Loss=0.5397, Train Acc=81.33% | Val Loss=0.7466, Val Acc=74.24% | Time: 3.50s
2025-04-17 11:54:18,514 | INFO | Epoch 9: Train Loss=0.5021, Train Acc=82.27% | Val Loss=0.7271, Val Acc=74.78% | Time: 3.52s
2025-04-17 11:54:21,997 | INFO | Epoch 10: Train Loss=0.4602, Train Acc=83.73% | Val Loss=0.7007, Val Acc=75.76% | Time: 3.48s
2025-04-17 11:54:21,997 | INFO | Early stopping triggered at epoch 10
2025-04-17 11:54:22,003 | INFO | Best model with lowest val loss 0.67312251329422 saved.
2025-04-17 11:54:22,857 | INFO | Test Accuracy: 75.44% | Test Loss: 0.73
2025-04-17 11:54:23,268 | INFO | 
Job Completed
