2025-04-21 17:36:41,388 | INFO | Job Started
2025-04-21 17:36:41,389 | INFO | Logging run: /rds/general/user/psp20/home/Brain-Network/runs/resnet_m54_20250421-173641
2025-04-21 17:36:41,389 | INFO | Config:
{
  "seed": 42,
  "run_name": "resnet_m54",
  "model_type": "resnet18",
  "optimizer": "adam",
  "scheduler": "ReduceLROnPlateau",
  "criterion": "CE",
  "label_smoothing": 0.1,
  "train_split": 0.9,
  "batch_size": 256,
  "num_workers": 2,
  "lr": 0.001,
  "epochs": 50,
  "ema": false,
  "early_stopping": true,
  "min_diff": 0.001,
  "writer": true,
  "patience": 10,
  "use_flex": false,
  "use_pos_embed": true,
  "add_dropout": false,
  "mlp_end": false,
  "add_cls_token": true,
  "num_layers": 2,
  "trans_dropout_ratio": 0.0,
  "standard_scale": true,
  "transform_type": "custom",
  "downsample_fraction": 0,
  "few_shot": false,
  "attacker": false,
  "epsilon": false,
  "gaussian_std": 0.05
}
2025-04-21 17:36:41,531 | INFO | Using device: cuda
2025-04-21 17:36:41,532 | INFO | Training for 50 epochs
2025-04-21 17:36:41,532 | INFO | Debug mode: False
2025-04-21 17:36:41,532 | INFO | Downsampling by: 0
2025-04-21 17:36:41,811 | INFO | Using custom transform
2025-04-21 17:36:43,555 | INFO | Full train/val size with downsampling (0): 50000
2025-04-21 17:36:45,436 | INFO | Label smoothing: 0.1
2025-04-21 17:36:54,479 | INFO | Epoch 1: Train Loss=1.6041, Train Acc=48.93% | Val Loss=1.4370, Val Acc=57.66% | Time: 9.04s
2025-04-21 17:36:54,480 | INFO | New best model saved (val loss = 1.4370)
2025-04-21 17:37:01,011 | INFO | Epoch 2: Train Loss=1.2518, Train Acc=66.07% | Val Loss=1.5493, Val Acc=55.42% | Time: 6.53s
2025-04-21 17:37:07,574 | INFO | Epoch 3: Train Loss=1.0965, Train Acc=73.75% | Val Loss=1.1444, Val Acc=71.58% | Time: 6.56s
2025-04-21 17:37:07,576 | INFO | New best model saved (val loss = 1.1444)
2025-04-21 17:37:14,178 | INFO | Epoch 4: Train Loss=1.0039, Train Acc=78.00% | Val Loss=1.0786, Val Acc=74.00% | Time: 6.60s
2025-04-21 17:37:14,179 | INFO | New best model saved (val loss = 1.0786)
2025-04-21 17:37:20,728 | INFO | Epoch 5: Train Loss=0.9437, Train Acc=81.04% | Val Loss=0.9756, Val Acc=79.16% | Time: 6.55s
2025-04-21 17:37:20,729 | INFO | New best model saved (val loss = 0.9756)
2025-04-21 17:37:27,238 | INFO | Epoch 6: Train Loss=0.9014, Train Acc=82.49% | Val Loss=0.9893, Val Acc=78.96% | Time: 6.51s
2025-04-21 17:37:33,761 | INFO | Epoch 7: Train Loss=0.8672, Train Acc=84.21% | Val Loss=0.9110, Val Acc=81.54% | Time: 6.52s
2025-04-21 17:37:33,762 | INFO | New best model saved (val loss = 0.9110)
2025-04-21 17:37:40,315 | INFO | Epoch 8: Train Loss=0.8399, Train Acc=85.36% | Val Loss=0.9908, Val Acc=78.26% | Time: 6.55s
2025-04-21 17:37:46,829 | INFO | Epoch 9: Train Loss=0.8184, Train Acc=86.33% | Val Loss=0.9730, Val Acc=79.56% | Time: 6.51s
2025-04-21 17:37:53,353 | INFO | Epoch 10: Train Loss=0.7952, Train Acc=87.41% | Val Loss=0.9471, Val Acc=80.44% | Time: 6.52s
2025-04-21 17:37:59,867 | INFO | Epoch 11: Train Loss=0.7750, Train Acc=88.22% | Val Loss=1.0237, Val Acc=77.30% | Time: 6.51s
2025-04-21 17:38:06,380 | INFO | Epoch 12: Train Loss=0.6837, Train Acc=92.37% | Val Loss=0.7285, Val Acc=90.30% | Time: 6.51s
2025-04-21 17:38:06,381 | INFO | New best model saved (val loss = 0.7285)
2025-04-21 17:38:12,940 | INFO | Epoch 13: Train Loss=0.6553, Train Acc=93.52% | Val Loss=0.7195, Val Acc=90.60% | Time: 6.56s
2025-04-21 17:38:12,941 | INFO | New best model saved (val loss = 0.7195)
2025-04-21 17:38:19,513 | INFO | Epoch 14: Train Loss=0.6421, Train Acc=94.12% | Val Loss=0.7124, Val Acc=90.78% | Time: 6.57s
2025-04-21 17:38:19,514 | INFO | New best model saved (val loss = 0.7124)
2025-04-21 17:38:26,044 | INFO | Epoch 15: Train Loss=0.6321, Train Acc=94.52% | Val Loss=0.7151, Val Acc=90.56% | Time: 6.53s
2025-04-21 17:38:32,572 | INFO | Epoch 16: Train Loss=0.6232, Train Acc=94.95% | Val Loss=0.7212, Val Acc=90.58% | Time: 6.53s
2025-04-21 17:38:39,105 | INFO | Epoch 17: Train Loss=0.6143, Train Acc=95.35% | Val Loss=0.7122, Val Acc=91.04% | Time: 6.53s
2025-04-21 17:38:39,106 | INFO | New best model saved (val loss = 0.7122)
2025-04-21 17:38:45,623 | INFO | Epoch 18: Train Loss=0.6087, Train Acc=95.58% | Val Loss=0.7168, Val Acc=90.64% | Time: 6.52s
2025-04-21 17:38:52,138 | INFO | Epoch 19: Train Loss=0.6030, Train Acc=95.76% | Val Loss=0.7132, Val Acc=90.80% | Time: 6.52s
2025-04-21 17:38:58,645 | INFO | Epoch 20: Train Loss=0.5972, Train Acc=96.03% | Val Loss=0.7060, Val Acc=91.34% | Time: 6.51s
2025-04-21 17:38:58,646 | INFO | New best model saved (val loss = 0.7060)
2025-04-21 17:39:05,230 | INFO | Epoch 21: Train Loss=0.5886, Train Acc=96.42% | Val Loss=0.7036, Val Acc=91.46% | Time: 6.58s
2025-04-21 17:39:05,231 | INFO | New best model saved (val loss = 0.7036)
2025-04-21 17:39:11,756 | INFO | Epoch 22: Train Loss=0.5851, Train Acc=96.58% | Val Loss=0.7110, Val Acc=91.34% | Time: 6.52s
2025-04-21 17:39:18,285 | INFO | Epoch 23: Train Loss=0.5803, Train Acc=96.81% | Val Loss=0.7157, Val Acc=90.86% | Time: 6.53s
2025-04-21 17:39:24,816 | INFO | Epoch 24: Train Loss=0.5769, Train Acc=96.98% | Val Loss=0.7124, Val Acc=91.44% | Time: 6.53s
2025-04-21 17:39:31,353 | INFO | Epoch 25: Train Loss=0.5722, Train Acc=97.15% | Val Loss=0.7069, Val Acc=91.26% | Time: 6.54s
2025-04-21 17:39:37,896 | INFO | Epoch 26: Train Loss=0.5568, Train Acc=97.78% | Val Loss=0.6919, Val Acc=92.42% | Time: 6.54s
2025-04-21 17:39:37,897 | INFO | New best model saved (val loss = 0.6919)
2025-04-21 17:39:44,435 | INFO | Epoch 27: Train Loss=0.5520, Train Acc=98.07% | Val Loss=0.6973, Val Acc=91.96% | Time: 6.54s
2025-04-21 17:39:50,965 | INFO | Epoch 28: Train Loss=0.5498, Train Acc=98.09% | Val Loss=0.6986, Val Acc=91.84% | Time: 6.53s
2025-04-21 17:39:57,487 | INFO | Epoch 29: Train Loss=0.5495, Train Acc=98.17% | Val Loss=0.6999, Val Acc=92.30% | Time: 6.52s
2025-04-21 17:40:04,013 | INFO | Epoch 30: Train Loss=0.5464, Train Acc=98.29% | Val Loss=0.6945, Val Acc=91.96% | Time: 6.53s
2025-04-21 17:40:10,525 | INFO | Epoch 31: Train Loss=0.5447, Train Acc=98.30% | Val Loss=0.6968, Val Acc=92.08% | Time: 6.51s
2025-04-21 17:40:17,039 | INFO | Epoch 32: Train Loss=0.5447, Train Acc=98.32% | Val Loss=0.7039, Val Acc=91.28% | Time: 6.51s
2025-04-21 17:40:23,552 | INFO | Epoch 33: Train Loss=0.5446, Train Acc=98.36% | Val Loss=0.6963, Val Acc=91.86% | Time: 6.51s
2025-04-21 17:40:30,057 | INFO | Epoch 34: Train Loss=0.5434, Train Acc=98.38% | Val Loss=0.6964, Val Acc=92.12% | Time: 6.50s
2025-04-21 17:40:36,569 | INFO | Epoch 35: Train Loss=0.5439, Train Acc=98.34% | Val Loss=0.7023, Val Acc=91.90% | Time: 6.51s
2025-04-21 17:40:43,079 | INFO | Epoch 36: Train Loss=0.5428, Train Acc=98.44% | Val Loss=0.6908, Val Acc=92.36% | Time: 6.51s
2025-04-21 17:40:43,080 | INFO | New best model saved (val loss = 0.6908)
2025-04-21 17:40:49,700 | INFO | Epoch 37: Train Loss=0.5437, Train Acc=98.34% | Val Loss=0.6972, Val Acc=91.94% | Time: 6.62s
2025-04-21 17:40:56,204 | INFO | Epoch 38: Train Loss=0.5429, Train Acc=98.43% | Val Loss=0.7001, Val Acc=91.86% | Time: 6.50s
2025-04-21 17:41:02,729 | INFO | Epoch 39: Train Loss=0.5450, Train Acc=98.35% | Val Loss=0.6992, Val Acc=91.90% | Time: 6.52s
2025-04-21 17:41:09,278 | INFO | Epoch 40: Train Loss=0.5429, Train Acc=98.47% | Val Loss=0.6991, Val Acc=92.14% | Time: 6.55s
2025-04-21 17:41:15,810 | INFO | Epoch 41: Train Loss=0.5441, Train Acc=98.40% | Val Loss=0.6977, Val Acc=91.92% | Time: 6.53s
2025-04-21 17:41:22,347 | INFO | Epoch 42: Train Loss=0.5445, Train Acc=98.37% | Val Loss=0.6965, Val Acc=92.02% | Time: 6.54s
2025-04-21 17:41:28,858 | INFO | Epoch 43: Train Loss=0.5441, Train Acc=98.36% | Val Loss=0.6978, Val Acc=91.80% | Time: 6.51s
2025-04-21 17:41:35,397 | INFO | Epoch 44: Train Loss=0.5440, Train Acc=98.40% | Val Loss=0.6949, Val Acc=91.82% | Time: 6.54s
2025-04-21 17:41:41,913 | INFO | Epoch 45: Train Loss=0.5445, Train Acc=98.36% | Val Loss=0.6972, Val Acc=92.06% | Time: 6.52s
2025-04-21 17:41:48,435 | INFO | Epoch 46: Train Loss=0.5431, Train Acc=98.39% | Val Loss=0.6992, Val Acc=92.12% | Time: 6.52s
2025-04-21 17:41:48,435 | INFO | Early stopping triggered at epoch 46
2025-04-21 17:41:48,499 | INFO | Best model with lowest val loss 0.6907728850841522 at 35 epoch is saved.
2025-04-21 17:41:49,429 | INFO | Test Accuracy: 45.91%
2025-04-21 17:41:49,499 | INFO | Last model with val loss 0.6992158323526383 at 45 epoch is saved.
2025-04-21 17:41:50,251 | INFO | Test Accuracy: 45.70%
2025-04-21 17:41:50,259 | INFO | 
Job Completed
