2025-04-30 18:56:40,614 | INFO | Job Started
2025-04-30 18:56:40,614 | INFO | Logging run: /rds/general/user/psp20/home/Brain-Network/runs/stanford_dogs/batch_9/resnet_p62_20250430-185640
2025-04-30 18:56:40,781 | INFO | Using device: cuda
2025-04-30 18:56:40,781 | INFO | Training for 30 epochs
2025-04-30 18:56:40,781 | INFO | Debug mode: False
2025-04-30 18:56:40,781 | INFO | Downsampling by: 0.25
2025-04-30 18:56:40,781 | INFO | Auxiliary loss: {'loss_type': 0.01}
2025-04-30 18:56:40,781 | INFO | Train transforms: 
	Compose(
    RandomResizedCrop(size=(224, 224), scale=(0.8, 1), ratio=(0.75, 1.3333), interpolation=bilinear, antialias=True)
    RandomHorizontalFlip(p=0.5)
    ColorJitter(brightness=(0.8, 1.2), contrast=(0.8, 1.2), saturation=(0.8, 1.2), hue=None)
    ToTensor()
    Normalize(mean=(0.4765, 0.4517, 0.3911), std=(0.2264, 0.2214, 0.2193))
)
2025-04-30 18:56:40,781 | INFO | Test transforms: 
	Compose(
    Resize(size=[224, 224], interpolation=bilinear, max_size=None, antialias=True)
    ToTensor()
    Normalize(mean=(0.4765, 0.4517, 0.3911), std=(0.2264, 0.2214, 0.2193))
)
2025-04-30 18:56:41,063 | INFO | Downsampling by: 0.25. Few shot: False
2025-04-30 18:56:41,478 | INFO | Label smoothing: 0.1
2025-04-30 18:56:41,478 | INFO | Auxiliary loss: {'loss_type': 0.01}
2025-04-30 18:57:18,938 | INFO | Epoch: 1 | Time: 37.46s
2025-04-30 18:57:18,938 | INFO | Train Loss=4.8701, Train Acc=0.80%
2025-04-30 18:57:18,938 | INFO | Val Loss=4.8391, Val Acc=0.58%
2025-04-30 18:57:18,939 | INFO | New best model saved (val loss = 4.8391)
2025-04-30 18:57:48,707 | INFO | Epoch: 2 | Time: 29.77s
2025-04-30 18:57:48,708 | INFO | Train Loss=4.8261, Train Acc=0.80%
2025-04-30 18:57:48,708 | INFO | Val Loss=4.8165, Val Acc=0.83%
2025-04-30 18:57:48,708 | INFO | New best model saved (val loss = 4.8165)
2025-04-30 18:58:20,207 | INFO | Epoch: 3 | Time: 31.50s
2025-04-30 18:58:20,207 | INFO | Train Loss=4.7529, Train Acc=1.60%
2025-04-30 18:58:20,207 | INFO | Val Loss=4.7521, Val Acc=2.00%
2025-04-30 18:58:20,208 | INFO | New best model saved (val loss = 4.7521)
2025-04-30 18:58:46,564 | INFO | Epoch: 4 | Time: 26.36s
2025-04-30 18:58:46,564 | INFO | Train Loss=4.6683, Train Acc=2.33%
2025-04-30 18:58:46,565 | INFO | Val Loss=4.7506, Val Acc=2.00%
2025-04-30 18:58:46,565 | INFO | New best model saved (val loss = 4.7506)
2025-04-30 18:59:16,059 | INFO | Epoch: 5 | Time: 29.49s
2025-04-30 18:59:16,059 | INFO | Train Loss=4.5407, Train Acc=3.83%
2025-04-30 18:59:16,059 | INFO | Val Loss=5.0614, Val Acc=1.67%
2025-04-30 18:59:46,033 | INFO | Epoch: 6 | Time: 29.97s
2025-04-30 18:59:46,034 | INFO | Train Loss=4.4522, Train Acc=4.57%
2025-04-30 18:59:46,034 | INFO | Val Loss=4.5714, Val Acc=2.83%
2025-04-30 18:59:46,034 | INFO | New best model saved (val loss = 4.5714)
2025-04-30 19:00:11,925 | INFO | Epoch: 7 | Time: 25.89s
2025-04-30 19:00:11,926 | INFO | Train Loss=4.3693, Train Acc=4.83%
2025-04-30 19:00:11,926 | INFO | Val Loss=4.7817, Val Acc=3.08%
2025-04-30 19:00:40,575 | INFO | Epoch: 8 | Time: 28.65s
2025-04-30 19:00:40,576 | INFO | Train Loss=4.2550, Train Acc=7.33%
2025-04-30 19:00:40,576 | INFO | Val Loss=4.9321, Val Acc=3.25%
2025-04-30 19:01:09,927 | INFO | Epoch: 9 | Time: 29.35s
2025-04-30 19:01:09,928 | INFO | Train Loss=4.0971, Train Acc=9.97%
2025-04-30 19:01:09,928 | INFO | Val Loss=4.3440, Val Acc=5.67%
2025-04-30 19:01:09,928 | INFO | New best model saved (val loss = 4.3440)
2025-04-30 19:01:34,470 | INFO | Epoch: 10 | Time: 24.54s
2025-04-30 19:01:34,471 | INFO | Train Loss=3.9596, Train Acc=10.83%
2025-04-30 19:01:34,471 | INFO | Val Loss=4.8083, Val Acc=4.67%
2025-04-30 19:01:58,454 | INFO | Epoch: 11 | Time: 23.98s
2025-04-30 19:01:58,455 | INFO | Train Loss=3.8615, Train Acc=14.67%
2025-04-30 19:01:58,455 | INFO | Val Loss=4.9486, Val Acc=4.50%
2025-04-30 19:02:20,655 | INFO | Epoch: 12 | Time: 22.20s
2025-04-30 19:02:20,656 | INFO | Train Loss=3.7466, Train Acc=16.13%
2025-04-30 19:02:20,656 | INFO | Val Loss=4.4992, Val Acc=6.92%
2025-04-30 19:02:48,147 | INFO | Epoch: 13 | Time: 27.49s
2025-04-30 19:02:48,147 | INFO | Train Loss=3.5871, Train Acc=20.93%
2025-04-30 19:02:48,147 | INFO | Val Loss=4.2724, Val Acc=6.25%
2025-04-30 19:02:48,148 | INFO | New best model saved (val loss = 4.2724)
2025-04-30 19:03:15,338 | INFO | Epoch: 14 | Time: 27.19s
2025-04-30 19:03:15,339 | INFO | Train Loss=3.4459, Train Acc=23.67%
2025-04-30 19:03:15,339 | INFO | Val Loss=4.3426, Val Acc=7.33%
2025-04-30 19:03:41,048 | INFO | Epoch: 15 | Time: 25.71s
2025-04-30 19:03:41,048 | INFO | Train Loss=3.2941, Train Acc=27.80%
2025-04-30 19:03:41,048 | INFO | Val Loss=4.0406, Val Acc=9.17%
2025-04-30 19:03:41,049 | INFO | New best model saved (val loss = 4.0406)
2025-04-30 19:04:07,805 | INFO | Epoch: 16 | Time: 26.76s
2025-04-30 19:04:07,806 | INFO | Train Loss=3.1647, Train Acc=30.37%
2025-04-30 19:04:07,806 | INFO | Val Loss=4.0904, Val Acc=9.83%
2025-04-30 19:04:33,791 | INFO | Epoch: 17 | Time: 25.98s
2025-04-30 19:04:33,791 | INFO | Train Loss=3.0129, Train Acc=36.83%
2025-04-30 19:04:33,791 | INFO | Val Loss=4.0215, Val Acc=12.17%
2025-04-30 19:04:33,792 | INFO | New best model saved (val loss = 4.0215)
2025-04-30 19:05:00,559 | INFO | Epoch: 18 | Time: 26.77s
2025-04-30 19:05:00,559 | INFO | Train Loss=2.8443, Train Acc=41.43%
2025-04-30 19:05:00,559 | INFO | Val Loss=4.0380, Val Acc=10.42%
2025-04-30 19:05:22,843 | INFO | Epoch: 19 | Time: 22.28s
2025-04-30 19:05:22,843 | INFO | Train Loss=2.6981, Train Acc=45.67%
2025-04-30 19:05:22,843 | INFO | Val Loss=3.9057, Val Acc=12.25%
2025-04-30 19:05:22,844 | INFO | New best model saved (val loss = 3.9057)
2025-04-30 19:05:45,685 | INFO | Epoch: 20 | Time: 22.84s
2025-04-30 19:05:45,685 | INFO | Train Loss=2.5446, Train Acc=51.50%
2025-04-30 19:05:45,685 | INFO | Val Loss=3.8010, Val Acc=14.08%
2025-04-30 19:05:45,686 | INFO | New best model saved (val loss = 3.8010)
2025-04-30 19:06:11,220 | INFO | Epoch: 21 | Time: 25.53s
2025-04-30 19:06:11,221 | INFO | Train Loss=2.3787, Train Acc=58.63%
2025-04-30 19:06:11,221 | INFO | Val Loss=3.7438, Val Acc=16.33%
2025-04-30 19:06:11,221 | INFO | New best model saved (val loss = 3.7438)
2025-04-30 19:06:36,590 | INFO | Epoch: 22 | Time: 25.37s
2025-04-30 19:06:36,590 | INFO | Train Loss=2.2356, Train Acc=64.07%
2025-04-30 19:06:36,590 | INFO | Val Loss=3.7194, Val Acc=15.92%
2025-04-30 19:06:36,591 | INFO | New best model saved (val loss = 3.7194)
2025-04-30 19:07:00,240 | INFO | Epoch: 23 | Time: 23.65s
2025-04-30 19:07:00,240 | INFO | Train Loss=2.1364, Train Acc=69.23%
2025-04-30 19:07:00,240 | INFO | Val Loss=3.6787, Val Acc=17.17%
2025-04-30 19:07:00,241 | INFO | New best model saved (val loss = 3.6787)
2025-04-30 19:07:24,984 | INFO | Epoch: 24 | Time: 24.74s
2025-04-30 19:07:24,984 | INFO | Train Loss=2.0708, Train Acc=72.30%
2025-04-30 19:07:24,984 | INFO | Val Loss=3.6385, Val Acc=16.67%
2025-04-30 19:07:24,985 | INFO | New best model saved (val loss = 3.6385)
2025-04-30 19:07:49,046 | INFO | Epoch: 25 | Time: 24.06s
2025-04-30 19:07:49,046 | INFO | Train Loss=2.0068, Train Acc=74.90%
2025-04-30 19:07:49,046 | INFO | Val Loss=3.6248, Val Acc=17.50%
2025-04-30 19:07:49,047 | INFO | New best model saved (val loss = 3.6248)
2025-04-30 19:08:15,119 | INFO | Epoch: 26 | Time: 26.07s
2025-04-30 19:08:15,119 | INFO | Train Loss=1.9737, Train Acc=76.37%
2025-04-30 19:08:15,120 | INFO | Val Loss=3.6194, Val Acc=17.83%
2025-04-30 19:08:15,120 | INFO | New best model saved (val loss = 3.6194)
2025-04-30 19:08:43,362 | INFO | Epoch: 27 | Time: 28.24s
2025-04-30 19:08:43,362 | INFO | Train Loss=1.9725, Train Acc=75.67%
2025-04-30 19:08:43,362 | INFO | Val Loss=3.6236, Val Acc=17.33%
2025-04-30 19:09:10,553 | INFO | Epoch: 28 | Time: 27.19s
2025-04-30 19:09:10,553 | INFO | Train Loss=1.9659, Train Acc=76.10%
2025-04-30 19:09:10,553 | INFO | Val Loss=3.6247, Val Acc=18.08%
2025-04-30 19:09:37,131 | INFO | Epoch: 29 | Time: 26.58s
2025-04-30 19:09:37,131 | INFO | Train Loss=1.9636, Train Acc=76.53%
2025-04-30 19:09:37,131 | INFO | Val Loss=3.6193, Val Acc=17.50%
2025-04-30 19:09:37,132 | INFO | New best model saved (val loss = 3.6193)
2025-04-30 19:10:03,267 | INFO | Epoch: 30 | Time: 26.13s
2025-04-30 19:10:03,267 | INFO | Train Loss=1.9699, Train Acc=76.67%
2025-04-30 19:10:03,267 | INFO | Val Loss=3.6242, Val Acc=17.58%
2025-04-30 19:10:03,332 | INFO | Best model with lowest val loss 3.619340495059365 at 28 epoch is saved.
2025-04-30 19:11:02,314 | INFO | Test Accuracy: 16.88%
2025-04-30 19:11:02,394 | INFO | Last model with val loss 3.6242174474816573 at 29 epoch is saved.
2025-04-30 19:12:01,248 | INFO | Test Accuracy: 16.88%
2025-04-30 19:12:01,258 | INFO | 
Job Completed
