2025-06-05 19:36:49,788 | INFO | Job Started
2025-06-05 19:36:49,788 | INFO | Logging run: /rds/general/user/psp20/home/Brain-Network/runs/brainit_4_3_sample_eff_0_25_20250605-193649
2025-06-05 19:36:49,791 | INFO | Using device: cuda
2025-06-05 19:36:49,791 | INFO | Training for 100 epochs
2025-06-05 19:36:49,791 | INFO | Debug mode: False
2025-06-05 19:36:49,791 | INFO | Downsampling by: 0.25
2025-06-05 19:36:49,791 | INFO | Auxiliary loss: {'attention_entropy_loss': 0.1}
2025-06-05 19:36:49,791 | INFO | Train transforms: 
	Compose(
    RandomCrop(size=(32, 32), padding=4)
    RandomHorizontalFlip(p=0.5)
    ColorJitter(brightness=(0.8, 1.2), contrast=(0.8, 1.2), saturation=(0.8, 1.2), hue=None)
    ToTensor()
    Normalize(mean=(0.4914, 0.4822, 0.4465), std=(0.2023, 0.1994, 0.201))
)
2025-06-05 19:36:49,791 | INFO | Test transforms: 
	Compose(
    ToTensor()
    Normalize(mean=(0.4914, 0.4822, 0.4465), std=(0.2023, 0.1994, 0.201))
)
2025-06-05 19:36:51,632 | INFO | Full train/val size with downsampling (0.25): 12500
2025-06-05 19:36:51,767 | INFO | Using mixup function and SoftTargetCrossEntropy
2025-06-05 19:36:51,767 | INFO | Auxiliary loss: {'attention_entropy_loss': 0.1}
2025-06-05 19:36:57,730 | INFO | Epoch: 1 | Time: 5.96s
2025-06-05 19:36:57,731 | INFO | Train Loss=2.5747, Train Acc=15.16%
2025-06-05 19:36:57,731 | INFO | Val Loss=2.3902, Val Acc=22.96%
2025-06-05 19:36:57,731 | INFO | Train Gamma Loss=0.3031 | Val Gamma Loss=0.2847578227519989
2025-06-05 19:36:57,732 | INFO | New best model saved (val loss = 2.3902)
2025-06-05 19:37:03,708 | INFO | Epoch: 2 | Time: 5.97s
2025-06-05 19:37:03,708 | INFO | Train Loss=2.3839, Train Acc=22.12%
2025-06-05 19:37:03,708 | INFO | Val Loss=2.1402, Val Acc=26.32%
2025-06-05 19:37:03,708 | INFO | Train Gamma Loss=0.2336 | Val Gamma Loss=0.16768059134483337
2025-06-05 19:37:03,710 | INFO | New best model saved (val loss = 2.1402)
2025-06-05 19:37:09,678 | INFO | Epoch: 3 | Time: 5.97s
2025-06-05 19:37:09,678 | INFO | Train Loss=2.1010, Train Acc=25.01%
2025-06-05 19:37:09,678 | INFO | Val Loss=1.8230, Val Acc=32.40%
2025-06-05 19:37:09,678 | INFO | Train Gamma Loss=0.0026 | Val Gamma Loss=0.0062904926016926765
2025-06-05 19:37:09,679 | INFO | New best model saved (val loss = 1.8230)
2025-06-05 19:37:15,647 | INFO | Epoch: 4 | Time: 5.97s
2025-06-05 19:37:15,648 | INFO | Train Loss=1.9417, Train Acc=32.42%
2025-06-05 19:37:15,648 | INFO | Val Loss=1.8304, Val Acc=30.32%
2025-06-05 19:37:15,648 | INFO | Train Gamma Loss=-0.0044 | Val Gamma Loss=0.00576986325904727
2025-06-05 19:37:21,650 | INFO | Epoch: 5 | Time: 6.00s
2025-06-05 19:37:21,650 | INFO | Train Loss=1.9406, Train Acc=34.47%
2025-06-05 19:37:21,650 | INFO | Val Loss=1.6466, Val Acc=41.60%
2025-06-05 19:37:21,650 | INFO | Train Gamma Loss=-0.0045 | Val Gamma Loss=0.005568064283579588
2025-06-05 19:37:21,651 | INFO | New best model saved (val loss = 1.6466)
2025-06-05 19:37:27,654 | INFO | Epoch: 6 | Time: 6.00s
2025-06-05 19:37:27,654 | INFO | Train Loss=1.8537, Train Acc=40.60%
2025-06-05 19:37:27,654 | INFO | Val Loss=1.6511, Val Acc=41.12%
2025-06-05 19:37:27,654 | INFO | Train Gamma Loss=-0.0049 | Val Gamma Loss=0.005454488564282656
2025-06-05 19:37:33,628 | INFO | Epoch: 7 | Time: 5.97s
2025-06-05 19:37:33,628 | INFO | Train Loss=1.7782, Train Acc=43.72%
2025-06-05 19:37:33,628 | INFO | Val Loss=1.5521, Val Acc=44.88%
2025-06-05 19:37:33,628 | INFO | Train Gamma Loss=-0.0049 | Val Gamma Loss=0.00506555987522006
2025-06-05 19:37:33,629 | INFO | New best model saved (val loss = 1.5521)
2025-06-05 19:37:39,603 | INFO | Epoch: 8 | Time: 5.97s
2025-06-05 19:37:39,603 | INFO | Train Loss=1.6760, Train Acc=48.76%
2025-06-05 19:37:39,603 | INFO | Val Loss=1.3558, Val Acc=52.64%
2025-06-05 19:37:39,603 | INFO | Train Gamma Loss=-0.0054 | Val Gamma Loss=0.004922474268823862
2025-06-05 19:37:39,604 | INFO | New best model saved (val loss = 1.3558)
2025-06-05 19:37:45,567 | INFO | Epoch: 9 | Time: 5.96s
2025-06-05 19:37:45,567 | INFO | Train Loss=1.5928, Train Acc=51.86%
2025-06-05 19:37:45,568 | INFO | Val Loss=1.2472, Val Acc=57.36%
2025-06-05 19:37:45,568 | INFO | Train Gamma Loss=-0.0057 | Val Gamma Loss=0.004424440208822489
2025-06-05 19:37:45,569 | INFO | New best model saved (val loss = 1.2472)
2025-06-05 19:37:51,586 | INFO | Epoch: 10 | Time: 6.01s
2025-06-05 19:37:51,586 | INFO | Train Loss=1.5602, Train Acc=56.62%
2025-06-05 19:37:51,586 | INFO | Val Loss=1.2460, Val Acc=57.28%
2025-06-05 19:37:51,586 | INFO | Train Gamma Loss=-0.0062 | Val Gamma Loss=0.004527131095528603
2025-06-05 19:37:51,587 | INFO | New best model saved (val loss = 1.2460)
2025-06-05 19:37:57,556 | INFO | Epoch: 11 | Time: 5.97s
2025-06-05 19:37:57,557 | INFO | Train Loss=1.5600, Train Acc=56.49%
2025-06-05 19:37:57,557 | INFO | Val Loss=1.3177, Val Acc=54.40%
2025-06-05 19:37:57,557 | INFO | Train Gamma Loss=-0.0063 | Val Gamma Loss=0.0038901411462575197
2025-06-05 19:38:03,514 | INFO | Epoch: 12 | Time: 5.96s
2025-06-05 19:38:03,514 | INFO | Train Loss=1.5453, Train Acc=57.56%
2025-06-05 19:38:03,514 | INFO | Val Loss=1.2259, Val Acc=59.28%
2025-06-05 19:38:03,514 | INFO | Train Gamma Loss=-0.0068 | Val Gamma Loss=0.003619882045313716
2025-06-05 19:38:03,516 | INFO | New best model saved (val loss = 1.2259)
2025-06-05 19:38:09,595 | INFO | Epoch: 13 | Time: 6.08s
2025-06-05 19:38:09,596 | INFO | Train Loss=1.5076, Train Acc=60.70%
2025-06-05 19:38:09,596 | INFO | Val Loss=1.1422, Val Acc=62.32%
2025-06-05 19:38:09,596 | INFO | Train Gamma Loss=-0.0072 | Val Gamma Loss=0.003385823918506503
2025-06-05 19:38:09,597 | INFO | New best model saved (val loss = 1.1422)
2025-06-05 19:38:15,566 | INFO | Epoch: 14 | Time: 5.97s
2025-06-05 19:38:15,566 | INFO | Train Loss=1.5473, Train Acc=59.24%
2025-06-05 19:38:15,567 | INFO | Val Loss=1.3081, Val Acc=55.84%
2025-06-05 19:38:15,567 | INFO | Train Gamma Loss=-0.0074 | Val Gamma Loss=0.0035485809203237295
2025-06-05 19:38:21,523 | INFO | Epoch: 15 | Time: 5.95s
2025-06-05 19:38:21,523 | INFO | Train Loss=1.4674, Train Acc=64.32%
2025-06-05 19:38:21,523 | INFO | Val Loss=0.9988, Val Acc=68.40%
2025-06-05 19:38:21,523 | INFO | Train Gamma Loss=-0.0078 | Val Gamma Loss=0.0030597534496337175
2025-06-05 19:38:21,524 | INFO | New best model saved (val loss = 0.9988)
2025-06-05 19:38:27,569 | INFO | Epoch: 16 | Time: 6.04s
2025-06-05 19:38:27,569 | INFO | Train Loss=1.3813, Train Acc=65.57%
2025-06-05 19:38:27,569 | INFO | Val Loss=1.1962, Val Acc=59.92%
2025-06-05 19:38:27,570 | INFO | Train Gamma Loss=-0.0077 | Val Gamma Loss=0.00303636328317225
2025-06-05 19:38:33,570 | INFO | Epoch: 17 | Time: 6.00s
2025-06-05 19:38:33,570 | INFO | Train Loss=1.3689, Train Acc=64.57%
2025-06-05 19:38:33,570 | INFO | Val Loss=1.1509, Val Acc=59.44%
2025-06-05 19:38:33,570 | INFO | Train Gamma Loss=-0.0078 | Val Gamma Loss=0.002895917044952512
2025-06-05 19:38:39,554 | INFO | Epoch: 18 | Time: 5.98s
2025-06-05 19:38:39,555 | INFO | Train Loss=1.3980, Train Acc=65.64%
2025-06-05 19:38:39,555 | INFO | Val Loss=1.0239, Val Acc=67.44%
2025-06-05 19:38:39,555 | INFO | Train Gamma Loss=-0.0081 | Val Gamma Loss=0.002556459978222847
2025-06-05 19:38:45,515 | INFO | Epoch: 19 | Time: 5.96s
2025-06-05 19:38:45,515 | INFO | Train Loss=1.5178, Train Acc=60.72%
2025-06-05 19:38:45,515 | INFO | Val Loss=0.9876, Val Acc=69.36%
2025-06-05 19:38:45,515 | INFO | Train Gamma Loss=-0.0082 | Val Gamma Loss=0.0027090762741863728
2025-06-05 19:38:45,516 | INFO | New best model saved (val loss = 0.9876)
2025-06-05 19:38:51,487 | INFO | Epoch: 20 | Time: 5.97s
2025-06-05 19:38:51,487 | INFO | Train Loss=1.3226, Train Acc=70.03%
2025-06-05 19:38:51,487 | INFO | Val Loss=1.0552, Val Acc=65.20%
2025-06-05 19:38:51,487 | INFO | Train Gamma Loss=-0.0082 | Val Gamma Loss=0.002537404652684927
2025-06-05 19:38:57,452 | INFO | Epoch: 21 | Time: 5.96s
2025-06-05 19:38:57,452 | INFO | Train Loss=1.3889, Train Acc=69.55%
2025-06-05 19:38:57,452 | INFO | Val Loss=0.9301, Val Acc=70.48%
2025-06-05 19:38:57,452 | INFO | Train Gamma Loss=-0.0084 | Val Gamma Loss=0.0024062965530902147
2025-06-05 19:38:57,453 | INFO | New best model saved (val loss = 0.9301)
2025-06-05 19:39:03,410 | INFO | Epoch: 22 | Time: 5.95s
2025-06-05 19:39:03,411 | INFO | Train Loss=1.2726, Train Acc=71.60%
2025-06-05 19:39:03,411 | INFO | Val Loss=0.9758, Val Acc=68.40%
2025-06-05 19:39:03,411 | INFO | Train Gamma Loss=-0.0086 | Val Gamma Loss=0.002112907124683261
2025-06-05 19:39:09,375 | INFO | Epoch: 23 | Time: 5.96s
2025-06-05 19:39:09,375 | INFO | Train Loss=1.3325, Train Acc=71.20%
2025-06-05 19:39:09,375 | INFO | Val Loss=0.9887, Val Acc=68.56%
2025-06-05 19:39:09,375 | INFO | Train Gamma Loss=-0.0087 | Val Gamma Loss=0.0022711099591106176
2025-06-05 19:39:15,327 | INFO | Epoch: 24 | Time: 5.95s
2025-06-05 19:39:15,327 | INFO | Train Loss=1.2500, Train Acc=71.83%
2025-06-05 19:39:15,327 | INFO | Val Loss=0.9198, Val Acc=70.88%
2025-06-05 19:39:15,327 | INFO | Train Gamma Loss=-0.0088 | Val Gamma Loss=0.0018258978379890323
2025-06-05 19:39:15,329 | INFO | New best model saved (val loss = 0.9198)
2025-06-05 19:39:21,379 | INFO | Epoch: 25 | Time: 6.05s
2025-06-05 19:39:21,379 | INFO | Train Loss=1.2903, Train Acc=72.38%
2025-06-05 19:39:21,379 | INFO | Val Loss=0.8507, Val Acc=73.44%
2025-06-05 19:39:21,379 | INFO | Train Gamma Loss=-0.0089 | Val Gamma Loss=0.0019097378244623542
2025-06-05 19:39:21,380 | INFO | New best model saved (val loss = 0.8507)
2025-06-05 19:39:27,338 | INFO | Epoch: 26 | Time: 5.95s
2025-06-05 19:39:27,338 | INFO | Train Loss=1.2537, Train Acc=72.82%
2025-06-05 19:39:27,338 | INFO | Val Loss=0.8934, Val Acc=73.04%
2025-06-05 19:39:27,338 | INFO | Train Gamma Loss=-0.0090 | Val Gamma Loss=0.0018597220769152045
2025-06-05 19:39:33,321 | INFO | Epoch: 27 | Time: 5.98s
2025-06-05 19:39:33,321 | INFO | Train Loss=1.2738, Train Acc=72.07%
2025-06-05 19:39:33,321 | INFO | Val Loss=0.8696, Val Acc=73.20%
2025-06-05 19:39:33,321 | INFO | Train Gamma Loss=-0.0089 | Val Gamma Loss=0.0018742118263617158
2025-06-05 19:39:39,287 | INFO | Epoch: 28 | Time: 5.96s
2025-06-05 19:39:39,287 | INFO | Train Loss=1.2169, Train Acc=74.70%
2025-06-05 19:39:39,287 | INFO | Val Loss=0.8767, Val Acc=72.80%
2025-06-05 19:39:39,287 | INFO | Train Gamma Loss=-0.0090 | Val Gamma Loss=0.001945538679137826
2025-06-05 19:39:45,271 | INFO | Epoch: 29 | Time: 5.98s
2025-06-05 19:39:45,272 | INFO | Train Loss=1.2224, Train Acc=72.51%
2025-06-05 19:39:45,272 | INFO | Val Loss=0.8594, Val Acc=74.00%
2025-06-05 19:39:45,272 | INFO | Train Gamma Loss=-0.0090 | Val Gamma Loss=0.0018599160248413682
2025-06-05 19:39:51,274 | INFO | Epoch: 30 | Time: 6.00s
2025-06-05 19:39:51,274 | INFO | Train Loss=1.1219, Train Acc=77.89%
2025-06-05 19:39:51,274 | INFO | Val Loss=0.7803, Val Acc=75.60%
2025-06-05 19:39:51,274 | INFO | Train Gamma Loss=-0.0090 | Val Gamma Loss=0.001701060333289206
2025-06-05 19:39:51,276 | INFO | New best model saved (val loss = 0.7803)
2025-06-05 19:39:57,300 | INFO | Epoch: 31 | Time: 6.02s
2025-06-05 19:39:57,300 | INFO | Train Loss=1.2505, Train Acc=73.39%
2025-06-05 19:39:57,300 | INFO | Val Loss=0.7195, Val Acc=78.64%
2025-06-05 19:39:57,300 | INFO | Train Gamma Loss=-0.0092 | Val Gamma Loss=0.0017544139409437776
2025-06-05 19:39:57,302 | INFO | New best model saved (val loss = 0.7195)
2025-06-05 19:40:03,262 | INFO | Epoch: 32 | Time: 5.96s
2025-06-05 19:40:03,262 | INFO | Train Loss=1.1371, Train Acc=77.83%
2025-06-05 19:40:03,262 | INFO | Val Loss=0.7573, Val Acc=76.56%
2025-06-05 19:40:03,262 | INFO | Train Gamma Loss=-0.0092 | Val Gamma Loss=0.0015648665139451623
2025-06-05 19:40:09,248 | INFO | Epoch: 33 | Time: 5.98s
2025-06-05 19:40:09,248 | INFO | Train Loss=1.2331, Train Acc=75.53%
2025-06-05 19:40:09,248 | INFO | Val Loss=0.7909, Val Acc=75.36%
2025-06-05 19:40:09,248 | INFO | Train Gamma Loss=-0.0092 | Val Gamma Loss=0.0016502740327268839
2025-06-05 19:40:15,258 | INFO | Epoch: 34 | Time: 6.01s
2025-06-05 19:40:15,258 | INFO | Train Loss=1.0990, Train Acc=78.53%
2025-06-05 19:40:15,258 | INFO | Val Loss=0.8487, Val Acc=73.44%
2025-06-05 19:40:15,258 | INFO | Train Gamma Loss=-0.0092 | Val Gamma Loss=0.0016882757190614939
2025-06-05 19:40:21,263 | INFO | Epoch: 35 | Time: 6.00s
2025-06-05 19:40:21,263 | INFO | Train Loss=1.1201, Train Acc=77.94%
2025-06-05 19:40:21,263 | INFO | Val Loss=0.7473, Val Acc=76.80%
2025-06-05 19:40:21,263 | INFO | Train Gamma Loss=-0.0093 | Val Gamma Loss=0.0014675887068733573
2025-06-05 19:40:27,257 | INFO | Epoch: 36 | Time: 5.99s
2025-06-05 19:40:27,257 | INFO | Train Loss=1.1275, Train Acc=79.38%
2025-06-05 19:40:27,257 | INFO | Val Loss=0.8804, Val Acc=73.76%
2025-06-05 19:40:27,257 | INFO | Train Gamma Loss=-0.0094 | Val Gamma Loss=0.0015933075919747353
2025-06-05 19:40:33,245 | INFO | Epoch: 37 | Time: 5.98s
2025-06-05 19:40:33,245 | INFO | Train Loss=1.0630, Train Acc=80.52%
2025-06-05 19:40:33,245 | INFO | Val Loss=0.6798, Val Acc=79.04%
2025-06-05 19:40:33,246 | INFO | Train Gamma Loss=-0.0094 | Val Gamma Loss=0.0015903667081147432
2025-06-05 19:40:33,247 | INFO | New best model saved (val loss = 0.6798)
2025-06-05 19:40:39,331 | INFO | Epoch: 38 | Time: 6.08s
2025-06-05 19:40:39,331 | INFO | Train Loss=1.2620, Train Acc=74.56%
2025-06-05 19:40:39,331 | INFO | Val Loss=0.8284, Val Acc=74.88%
2025-06-05 19:40:39,331 | INFO | Train Gamma Loss=-0.0094 | Val Gamma Loss=0.0015734474873170257
2025-06-05 19:40:45,311 | INFO | Epoch: 39 | Time: 5.98s
2025-06-05 19:40:45,312 | INFO | Train Loss=1.1146, Train Acc=80.67%
2025-06-05 19:40:45,312 | INFO | Val Loss=0.7354, Val Acc=78.40%
2025-06-05 19:40:45,312 | INFO | Train Gamma Loss=-0.0094 | Val Gamma Loss=0.0014932870399206877
2025-06-05 19:40:51,368 | INFO | Epoch: 40 | Time: 6.05s
2025-06-05 19:40:51,368 | INFO | Train Loss=1.1523, Train Acc=77.52%
2025-06-05 19:40:51,368 | INFO | Val Loss=0.7322, Val Acc=78.16%
2025-06-05 19:40:51,368 | INFO | Train Gamma Loss=-0.0095 | Val Gamma Loss=0.0014797283802181482
2025-06-05 19:40:57,329 | INFO | Epoch: 41 | Time: 5.96s
2025-06-05 19:40:57,329 | INFO | Train Loss=1.1183, Train Acc=79.92%
2025-06-05 19:40:57,329 | INFO | Val Loss=0.6797, Val Acc=79.68%
2025-06-05 19:40:57,330 | INFO | Train Gamma Loss=-0.0095 | Val Gamma Loss=0.0013806073693558574
2025-06-05 19:40:57,331 | INFO | New best model saved (val loss = 0.6797)
2025-06-05 19:41:03,368 | INFO | Epoch: 42 | Time: 6.03s
2025-06-05 19:41:03,368 | INFO | Train Loss=1.1212, Train Acc=79.32%
2025-06-05 19:41:03,368 | INFO | Val Loss=0.6890, Val Acc=80.00%
2025-06-05 19:41:03,368 | INFO | Train Gamma Loss=-0.0095 | Val Gamma Loss=0.001333213527686894
2025-06-05 19:41:09,379 | INFO | Epoch: 43 | Time: 6.01s
2025-06-05 19:41:09,379 | INFO | Train Loss=1.1004, Train Acc=81.82%
2025-06-05 19:41:09,380 | INFO | Val Loss=0.7123, Val Acc=78.96%
2025-06-05 19:41:09,380 | INFO | Train Gamma Loss=-0.0095 | Val Gamma Loss=0.0013335073599591851
2025-06-05 19:41:15,382 | INFO | Epoch: 44 | Time: 6.00s
2025-06-05 19:41:15,382 | INFO | Train Loss=1.1086, Train Acc=81.75%
2025-06-05 19:41:15,382 | INFO | Val Loss=0.7109, Val Acc=79.44%
2025-06-05 19:41:15,382 | INFO | Train Gamma Loss=-0.0095 | Val Gamma Loss=0.0012952605029568076
2025-06-05 19:41:21,346 | INFO | Epoch: 45 | Time: 5.96s
2025-06-05 19:41:21,346 | INFO | Train Loss=1.0167, Train Acc=83.50%
2025-06-05 19:41:21,346 | INFO | Val Loss=0.7622, Val Acc=76.32%
2025-06-05 19:41:21,346 | INFO | Train Gamma Loss=-0.0096 | Val Gamma Loss=0.0013174171326681972
2025-06-05 19:41:27,292 | INFO | Epoch: 46 | Time: 5.94s
2025-06-05 19:41:27,293 | INFO | Train Loss=1.1274, Train Acc=80.24%
2025-06-05 19:41:27,293 | INFO | Val Loss=0.6552, Val Acc=80.88%
2025-06-05 19:41:27,293 | INFO | Train Gamma Loss=-0.0096 | Val Gamma Loss=0.0011938109528273344
2025-06-05 19:41:27,294 | INFO | New best model saved (val loss = 0.6552)
2025-06-05 19:41:33,268 | INFO | Epoch: 47 | Time: 5.97s
2025-06-05 19:41:33,268 | INFO | Train Loss=1.0773, Train Acc=81.85%
2025-06-05 19:41:33,268 | INFO | Val Loss=0.6642, Val Acc=80.56%
2025-06-05 19:41:33,268 | INFO | Train Gamma Loss=-0.0096 | Val Gamma Loss=0.001137144397944212
2025-06-05 19:41:39,260 | INFO | Epoch: 48 | Time: 5.99s
2025-06-05 19:41:39,261 | INFO | Train Loss=1.0498, Train Acc=83.40%
2025-06-05 19:41:39,261 | INFO | Val Loss=0.6788, Val Acc=80.16%
2025-06-05 19:41:39,261 | INFO | Train Gamma Loss=-0.0097 | Val Gamma Loss=0.0010558002395555377
2025-06-05 19:41:45,212 | INFO | Epoch: 49 | Time: 5.95s
2025-06-05 19:41:45,212 | INFO | Train Loss=1.2499, Train Acc=77.00%
2025-06-05 19:41:45,212 | INFO | Val Loss=0.6989, Val Acc=79.68%
2025-06-05 19:41:45,212 | INFO | Train Gamma Loss=-0.0098 | Val Gamma Loss=0.0011315875453874469
2025-06-05 19:41:51,195 | INFO | Epoch: 50 | Time: 5.98s
2025-06-05 19:41:51,195 | INFO | Train Loss=1.0107, Train Acc=86.57%
2025-06-05 19:41:51,195 | INFO | Val Loss=0.7526, Val Acc=77.76%
2025-06-05 19:41:51,195 | INFO | Train Gamma Loss=-0.0097 | Val Gamma Loss=0.001014983281493187
2025-06-05 19:41:57,234 | INFO | Epoch: 51 | Time: 6.03s
2025-06-05 19:41:57,235 | INFO | Train Loss=1.1210, Train Acc=80.32%
2025-06-05 19:41:57,235 | INFO | Val Loss=0.7219, Val Acc=80.64%
2025-06-05 19:41:57,235 | INFO | Train Gamma Loss=-0.0097 | Val Gamma Loss=0.0009098341688513756
2025-06-05 19:42:03,222 | INFO | Epoch: 52 | Time: 5.98s
2025-06-05 19:42:03,222 | INFO | Train Loss=1.1630, Train Acc=79.56%
2025-06-05 19:42:03,222 | INFO | Val Loss=0.6490, Val Acc=82.40%
2025-06-05 19:42:03,222 | INFO | Train Gamma Loss=-0.0098 | Val Gamma Loss=0.0011015009367838502
2025-06-05 19:42:03,223 | INFO | New best model saved (val loss = 0.6490)
2025-06-05 19:42:09,321 | INFO | Epoch: 53 | Time: 6.09s
2025-06-05 19:42:09,321 | INFO | Train Loss=1.0020, Train Acc=84.51%
2025-06-05 19:42:09,321 | INFO | Val Loss=0.6456, Val Acc=82.16%
2025-06-05 19:42:09,321 | INFO | Train Gamma Loss=-0.0097 | Val Gamma Loss=0.001039904891513288
2025-06-05 19:42:09,322 | INFO | New best model saved (val loss = 0.6456)
2025-06-05 19:42:15,310 | INFO | Epoch: 54 | Time: 5.98s
2025-06-05 19:42:15,311 | INFO | Train Loss=0.8839, Train Acc=88.23%
2025-06-05 19:42:15,311 | INFO | Val Loss=0.6167, Val Acc=81.44%
2025-06-05 19:42:15,311 | INFO | Train Gamma Loss=-0.0097 | Val Gamma Loss=0.0009609493426978588
2025-06-05 19:42:15,312 | INFO | New best model saved (val loss = 0.6167)
2025-06-05 19:42:21,252 | INFO | Epoch: 55 | Time: 5.94s
2025-06-05 19:42:21,253 | INFO | Train Loss=0.9226, Train Acc=87.05%
2025-06-05 19:42:21,253 | INFO | Val Loss=0.6325, Val Acc=82.24%
2025-06-05 19:42:21,253 | INFO | Train Gamma Loss=-0.0097 | Val Gamma Loss=0.0010075434111058712
2025-06-05 19:42:27,246 | INFO | Epoch: 56 | Time: 5.99s
2025-06-05 19:42:27,246 | INFO | Train Loss=0.9907, Train Acc=83.64%
2025-06-05 19:42:27,246 | INFO | Val Loss=0.6350, Val Acc=81.92%
2025-06-05 19:42:27,246 | INFO | Train Gamma Loss=-0.0098 | Val Gamma Loss=0.001054696156643331
2025-06-05 19:42:33,220 | INFO | Epoch: 57 | Time: 5.97s
2025-06-05 19:42:33,221 | INFO | Train Loss=0.9751, Train Acc=87.12%
2025-06-05 19:42:33,221 | INFO | Val Loss=0.7179, Val Acc=78.72%
2025-06-05 19:42:33,221 | INFO | Train Gamma Loss=-0.0097 | Val Gamma Loss=0.0008266353397630155
2025-06-05 19:42:39,198 | INFO | Epoch: 58 | Time: 5.97s
2025-06-05 19:42:39,198 | INFO | Train Loss=0.9288, Train Acc=87.68%
2025-06-05 19:42:39,198 | INFO | Val Loss=0.6132, Val Acc=82.72%
2025-06-05 19:42:39,198 | INFO | Train Gamma Loss=-0.0097 | Val Gamma Loss=0.0009888914646580815
2025-06-05 19:42:39,199 | INFO | New best model saved (val loss = 0.6132)
2025-06-05 19:42:45,178 | INFO | Epoch: 59 | Time: 5.97s
2025-06-05 19:42:45,178 | INFO | Train Loss=0.9535, Train Acc=85.91%
2025-06-05 19:42:45,179 | INFO | Val Loss=0.6542, Val Acc=80.48%
2025-06-05 19:42:45,179 | INFO | Train Gamma Loss=-0.0098 | Val Gamma Loss=0.0009276390192098916
2025-06-05 19:42:51,125 | INFO | Epoch: 60 | Time: 5.94s
2025-06-05 19:42:51,125 | INFO | Train Loss=0.9853, Train Acc=85.79%
2025-06-05 19:42:51,125 | INFO | Val Loss=0.5975, Val Acc=84.00%
2025-06-05 19:42:51,125 | INFO | Train Gamma Loss=-0.0098 | Val Gamma Loss=0.0009692471357993782
2025-06-05 19:42:51,126 | INFO | New best model saved (val loss = 0.5975)
2025-06-05 19:42:57,249 | INFO | Epoch: 61 | Time: 6.12s
2025-06-05 19:42:57,250 | INFO | Train Loss=0.8912, Train Acc=89.70%
2025-06-05 19:42:57,250 | INFO | Val Loss=0.5849, Val Acc=82.48%
2025-06-05 19:42:57,250 | INFO | Train Gamma Loss=-0.0098 | Val Gamma Loss=0.0009474442340433598
2025-06-05 19:42:57,251 | INFO | New best model saved (val loss = 0.5849)
2025-06-05 19:43:03,301 | INFO | Epoch: 62 | Time: 6.05s
2025-06-05 19:43:03,301 | INFO | Train Loss=0.9233, Train Acc=87.95%
2025-06-05 19:43:03,301 | INFO | Val Loss=0.6031, Val Acc=83.44%
2025-06-05 19:43:03,301 | INFO | Train Gamma Loss=-0.0098 | Val Gamma Loss=0.0008857670472934842
2025-06-05 19:43:09,390 | INFO | Epoch: 63 | Time: 6.08s
2025-06-05 19:43:09,390 | INFO | Train Loss=0.9612, Train Acc=88.51%
2025-06-05 19:43:09,390 | INFO | Val Loss=0.5892, Val Acc=82.96%
2025-06-05 19:43:09,390 | INFO | Train Gamma Loss=-0.0098 | Val Gamma Loss=0.0009642148506827652
2025-06-05 19:43:15,396 | INFO | Epoch: 64 | Time: 6.00s
2025-06-05 19:43:15,396 | INFO | Train Loss=0.7402, Train Acc=95.32%
2025-06-05 19:43:15,396 | INFO | Val Loss=0.6139, Val Acc=83.12%
2025-06-05 19:43:15,397 | INFO | Train Gamma Loss=-0.0097 | Val Gamma Loss=0.0007902366924099624
2025-06-05 19:43:21,433 | INFO | Epoch: 65 | Time: 6.03s
2025-06-05 19:43:21,434 | INFO | Train Loss=1.0437, Train Acc=86.94%
2025-06-05 19:43:21,434 | INFO | Val Loss=0.6205, Val Acc=85.28%
2025-06-05 19:43:21,434 | INFO | Train Gamma Loss=-0.0099 | Val Gamma Loss=0.0008026721770875156
2025-06-05 19:43:27,563 | INFO | Epoch: 66 | Time: 6.12s
2025-06-05 19:43:27,563 | INFO | Train Loss=0.9367, Train Acc=86.64%
2025-06-05 19:43:27,563 | INFO | Val Loss=0.6014, Val Acc=82.80%
2025-06-05 19:43:27,563 | INFO | Train Gamma Loss=-0.0099 | Val Gamma Loss=0.0008115586824715137
2025-06-05 19:43:33,567 | INFO | Epoch: 67 | Time: 6.00s
2025-06-05 19:43:33,567 | INFO | Train Loss=0.9378, Train Acc=89.53%
2025-06-05 19:43:33,567 | INFO | Val Loss=0.6007, Val Acc=83.20%
2025-06-05 19:43:33,567 | INFO | Train Gamma Loss=-0.0099 | Val Gamma Loss=0.0009133871644735336
2025-06-05 19:43:40,425 | INFO | Epoch: 68 | Time: 6.85s
2025-06-05 19:43:40,425 | INFO | Train Loss=0.8810, Train Acc=90.92%
2025-06-05 19:43:40,425 | INFO | Val Loss=0.6224, Val Acc=83.84%
2025-06-05 19:43:40,425 | INFO | Train Gamma Loss=-0.0098 | Val Gamma Loss=0.0007707736804150045
2025-06-05 19:43:46,500 | INFO | Epoch: 69 | Time: 6.07s
2025-06-05 19:43:46,500 | INFO | Train Loss=0.8744, Train Acc=90.46%
2025-06-05 19:43:46,500 | INFO | Val Loss=0.5876, Val Acc=84.00%
2025-06-05 19:43:46,500 | INFO | Train Gamma Loss=-0.0099 | Val Gamma Loss=0.0007776450365781784
2025-06-05 19:43:52,534 | INFO | Epoch: 70 | Time: 6.00s
2025-06-05 19:43:52,534 | INFO | Train Loss=0.8932, Train Acc=88.76%
2025-06-05 19:43:52,534 | INFO | Val Loss=0.5825, Val Acc=84.16%
2025-06-05 19:43:52,534 | INFO | Train Gamma Loss=-0.0099 | Val Gamma Loss=0.000849872303660959
2025-06-05 19:43:52,535 | INFO | New best model saved (val loss = 0.5825)
2025-06-05 19:43:58,508 | INFO | Epoch: 71 | Time: 5.97s
2025-06-05 19:43:58,508 | INFO | Train Loss=0.8103, Train Acc=91.49%
2025-06-05 19:43:58,509 | INFO | Val Loss=0.6227, Val Acc=83.12%
2025-06-05 19:43:58,509 | INFO | Train Gamma Loss=-0.0098 | Val Gamma Loss=0.0008893590420484543
2025-06-05 19:44:04,444 | INFO | Epoch: 72 | Time: 5.93s
2025-06-05 19:44:04,444 | INFO | Train Loss=0.8760, Train Acc=90.23%
2025-06-05 19:44:04,444 | INFO | Val Loss=0.5500, Val Acc=84.88%
2025-06-05 19:44:04,444 | INFO | Train Gamma Loss=-0.0099 | Val Gamma Loss=0.0008196442504413426
2025-06-05 19:44:04,445 | INFO | New best model saved (val loss = 0.5500)
2025-06-05 19:44:10,541 | INFO | Epoch: 73 | Time: 6.09s
2025-06-05 19:44:10,541 | INFO | Train Loss=0.8103, Train Acc=91.78%
2025-06-05 19:44:10,541 | INFO | Val Loss=0.5783, Val Acc=84.32%
2025-06-05 19:44:10,541 | INFO | Train Gamma Loss=-0.0099 | Val Gamma Loss=0.0008206322672776878
2025-06-05 19:44:16,544 | INFO | Epoch: 74 | Time: 6.00s
2025-06-05 19:44:16,544 | INFO | Train Loss=0.9200, Train Acc=87.81%
2025-06-05 19:44:16,544 | INFO | Val Loss=0.5241, Val Acc=86.00%
2025-06-05 19:44:16,544 | INFO | Train Gamma Loss=-0.0099 | Val Gamma Loss=0.0008526332676410675
2025-06-05 19:44:16,545 | INFO | New best model saved (val loss = 0.5241)
2025-06-05 19:44:22,597 | INFO | Epoch: 75 | Time: 6.05s
2025-06-05 19:44:22,597 | INFO | Train Loss=0.8570, Train Acc=93.14%
2025-06-05 19:44:22,597 | INFO | Val Loss=0.5721, Val Acc=84.32%
2025-06-05 19:44:22,598 | INFO | Train Gamma Loss=-0.0099 | Val Gamma Loss=0.0008016777574084699
2025-06-05 19:44:28,561 | INFO | Epoch: 76 | Time: 5.96s
2025-06-05 19:44:28,561 | INFO | Train Loss=0.8902, Train Acc=88.86%
2025-06-05 19:44:28,561 | INFO | Val Loss=0.5638, Val Acc=84.08%
2025-06-05 19:44:28,561 | INFO | Train Gamma Loss=-0.0099 | Val Gamma Loss=0.0008169430657289922
2025-06-05 19:44:34,489 | INFO | Epoch: 77 | Time: 5.92s
2025-06-05 19:44:34,489 | INFO | Train Loss=0.9189, Train Acc=89.64%
2025-06-05 19:44:34,489 | INFO | Val Loss=0.5685, Val Acc=84.24%
2025-06-05 19:44:34,489 | INFO | Train Gamma Loss=-0.0099 | Val Gamma Loss=0.0008031291072256863
2025-06-05 19:44:40,402 | INFO | Epoch: 78 | Time: 5.91s
2025-06-05 19:44:40,403 | INFO | Train Loss=0.9332, Train Acc=88.63%
2025-06-05 19:44:40,403 | INFO | Val Loss=0.5546, Val Acc=85.52%
2025-06-05 19:44:40,403 | INFO | Train Gamma Loss=-0.0099 | Val Gamma Loss=0.0008166241459548473
2025-06-05 19:44:46,321 | INFO | Epoch: 79 | Time: 5.91s
2025-06-05 19:44:46,321 | INFO | Train Loss=0.7997, Train Acc=93.18%
2025-06-05 19:44:46,321 | INFO | Val Loss=0.5352, Val Acc=86.08%
2025-06-05 19:44:46,321 | INFO | Train Gamma Loss=-0.0099 | Val Gamma Loss=0.0008193550747819245
2025-06-05 19:44:52,252 | INFO | Epoch: 80 | Time: 5.93s
2025-06-05 19:44:52,252 | INFO | Train Loss=0.9702, Train Acc=90.17%
2025-06-05 19:44:52,252 | INFO | Val Loss=0.5897, Val Acc=85.44%
2025-06-05 19:44:52,252 | INFO | Train Gamma Loss=-0.0099 | Val Gamma Loss=0.0008254676940850914
2025-06-05 19:44:58,217 | INFO | Epoch: 81 | Time: 5.96s
2025-06-05 19:44:58,217 | INFO | Train Loss=0.8832, Train Acc=92.31%
2025-06-05 19:44:58,217 | INFO | Val Loss=0.5751, Val Acc=84.88%
2025-06-05 19:44:58,217 | INFO | Train Gamma Loss=-0.0099 | Val Gamma Loss=0.0008196714334189892
2025-06-05 19:45:04,137 | INFO | Epoch: 82 | Time: 5.91s
2025-06-05 19:45:04,137 | INFO | Train Loss=0.8506, Train Acc=90.21%
2025-06-05 19:45:04,137 | INFO | Val Loss=0.5591, Val Acc=84.96%
2025-06-05 19:45:04,137 | INFO | Train Gamma Loss=-0.0099 | Val Gamma Loss=0.0007917737821117043
2025-06-05 19:45:10,044 | INFO | Epoch: 83 | Time: 5.90s
2025-06-05 19:45:10,044 | INFO | Train Loss=0.8947, Train Acc=88.40%
2025-06-05 19:45:10,044 | INFO | Val Loss=0.5630, Val Acc=85.92%
2025-06-05 19:45:10,044 | INFO | Train Gamma Loss=-0.0099 | Val Gamma Loss=0.0008201976306736469
2025-06-05 19:45:16,000 | INFO | Epoch: 84 | Time: 5.95s
2025-06-05 19:45:16,000 | INFO | Train Loss=0.9536, Train Acc=89.23%
2025-06-05 19:45:16,000 | INFO | Val Loss=0.5707, Val Acc=84.32%
2025-06-05 19:45:16,000 | INFO | Train Gamma Loss=-0.0099 | Val Gamma Loss=0.0008063993300311267
2025-06-05 19:45:21,934 | INFO | Epoch: 85 | Time: 5.93s
2025-06-05 19:45:21,934 | INFO | Train Loss=0.8635, Train Acc=92.32%
2025-06-05 19:45:21,934 | INFO | Val Loss=0.5392, Val Acc=85.92%
2025-06-05 19:45:21,934 | INFO | Train Gamma Loss=-0.0099 | Val Gamma Loss=0.0007872706628404558
2025-06-05 19:45:27,882 | INFO | Epoch: 86 | Time: 5.94s
2025-06-05 19:45:27,882 | INFO | Train Loss=0.8921, Train Acc=88.83%
2025-06-05 19:45:27,882 | INFO | Val Loss=0.5660, Val Acc=85.12%
2025-06-05 19:45:27,882 | INFO | Train Gamma Loss=-0.0099 | Val Gamma Loss=0.0008041668916121125
2025-06-05 19:45:33,828 | INFO | Epoch: 87 | Time: 5.94s
2025-06-05 19:45:33,829 | INFO | Train Loss=0.9822, Train Acc=88.61%
2025-06-05 19:45:33,829 | INFO | Val Loss=0.5410, Val Acc=85.04%
2025-06-05 19:45:33,829 | INFO | Train Gamma Loss=-0.0099 | Val Gamma Loss=0.0008098075049929321
2025-06-05 19:45:39,813 | INFO | Epoch: 88 | Time: 5.98s
2025-06-05 19:45:39,814 | INFO | Train Loss=0.9906, Train Acc=88.91%
2025-06-05 19:45:39,814 | INFO | Val Loss=0.5579, Val Acc=84.96%
2025-06-05 19:45:39,814 | INFO | Train Gamma Loss=-0.0099 | Val Gamma Loss=0.0008144683088175952
2025-06-05 19:45:45,782 | INFO | Epoch: 89 | Time: 5.96s
2025-06-05 19:45:45,782 | INFO | Train Loss=0.8671, Train Acc=91.19%
2025-06-05 19:45:45,782 | INFO | Val Loss=0.5480, Val Acc=84.88%
2025-06-05 19:45:45,782 | INFO | Train Gamma Loss=-0.0099 | Val Gamma Loss=0.0008071768097579479
2025-06-05 19:45:51,718 | INFO | Epoch: 90 | Time: 5.93s
2025-06-05 19:45:51,718 | INFO | Train Loss=0.7336, Train Acc=94.76%
2025-06-05 19:45:51,718 | INFO | Val Loss=0.5408, Val Acc=85.92%
2025-06-05 19:45:51,718 | INFO | Train Gamma Loss=-0.0099 | Val Gamma Loss=0.0008497860399074852
2025-06-05 19:45:57,679 | INFO | Epoch: 91 | Time: 5.95s
2025-06-05 19:45:57,679 | INFO | Train Loss=0.8398, Train Acc=89.93%
2025-06-05 19:45:57,680 | INFO | Val Loss=0.5478, Val Acc=85.36%
2025-06-05 19:45:57,680 | INFO | Train Gamma Loss=-0.0099 | Val Gamma Loss=0.0007990705198608339
2025-06-05 19:46:03,644 | INFO | Epoch: 92 | Time: 5.96s
2025-06-05 19:46:03,644 | INFO | Train Loss=1.0013, Train Acc=86.57%
2025-06-05 19:46:03,644 | INFO | Val Loss=0.5620, Val Acc=85.92%
2025-06-05 19:46:03,644 | INFO | Train Gamma Loss=-0.0099 | Val Gamma Loss=0.000847953197080642
2025-06-05 19:46:09,715 | INFO | Epoch: 93 | Time: 6.06s
2025-06-05 19:46:09,716 | INFO | Train Loss=1.0347, Train Acc=85.92%
2025-06-05 19:46:09,716 | INFO | Val Loss=0.5592, Val Acc=85.60%
2025-06-05 19:46:09,716 | INFO | Train Gamma Loss=-0.0099 | Val Gamma Loss=0.000832190562505275
2025-06-05 19:46:15,667 | INFO | Epoch: 94 | Time: 5.94s
2025-06-05 19:46:15,667 | INFO | Train Loss=1.0269, Train Acc=86.70%
2025-06-05 19:46:15,667 | INFO | Val Loss=0.5616, Val Acc=86.08%
2025-06-05 19:46:15,667 | INFO | Train Gamma Loss=-0.0099 | Val Gamma Loss=0.0008049401803873479
2025-06-05 19:46:15,667 | INFO | Early stopping triggered at epoch 94
2025-06-05 19:46:15,763 | INFO | Best model with lowest val loss 0.524132251739502 at 73 epoch is saved.
2025-06-05 19:46:18,586 | INFO | Test Accuracy: 86.29%
2025-06-05 19:46:18,667 | INFO | Last model with val loss 0.5616222620010376 at 93 epoch is saved.
2025-06-05 19:46:21,456 | INFO | Test Accuracy: 86.29%
2025-06-05 19:46:21,490 | INFO | 
Job Completed
