2025-05-29 21:24:42,373 | INFO | Job Started
2025-05-29 21:24:42,373 | INFO | Logging run: /rds/general/user/psp20/home/Brain-Network/runs/brainit_4_3_sample_eff_0_5_20250529-212442
2025-05-29 21:24:42,377 | INFO | Using device: cuda
2025-05-29 21:24:42,377 | INFO | Training for 100 epochs
2025-05-29 21:24:42,377 | INFO | Debug mode: False
2025-05-29 21:24:42,377 | INFO | Downsampling by: 0.5
2025-05-29 21:24:42,377 | INFO | Auxiliary loss: {'attention_entropy_loss': 0.1}
2025-05-29 21:24:42,377 | INFO | Train transforms: 
	Compose(
    RandomCrop(size=(32, 32), padding=4)
    RandomHorizontalFlip(p=0.5)
    ColorJitter(brightness=(0.8, 1.2), contrast=(0.8, 1.2), saturation=(0.8, 1.2), hue=None)
    ToTensor()
    Normalize(mean=(0.4914, 0.4822, 0.4465), std=(0.2023, 0.1994, 0.201))
)
2025-05-29 21:24:42,377 | INFO | Test transforms: 
	Compose(
    ToTensor()
    Normalize(mean=(0.4914, 0.4822, 0.4465), std=(0.2023, 0.1994, 0.201))
)
2025-05-29 21:24:44,637 | INFO | Full train/val size with downsampling (0.5): 25000
2025-05-29 21:24:44,778 | INFO | Using mixup function and SoftTargetCrossEntropy
2025-05-29 21:24:44,778 | INFO | Auxiliary loss: {'attention_entropy_loss': 0.1}
2025-05-29 21:24:57,324 | INFO | Epoch: 1 | Time: 12.54s
2025-05-29 21:24:57,324 | INFO | Train Loss=2.4589, Train Acc=18.41%
2025-05-29 21:24:57,325 | INFO | Val Loss=2.1324, Val Acc=24.84%
2025-05-29 21:24:57,325 | INFO | Train Gamma Loss=0.2501 | Val Gamma Loss=0.12009183317422867
2025-05-29 21:24:57,326 | INFO | New best model saved (val loss = 2.1324)
2025-05-29 21:25:10,126 | INFO | Epoch: 2 | Time: 12.79s
2025-05-29 21:25:10,126 | INFO | Train Loss=2.1331, Train Acc=24.88%
2025-05-29 21:25:10,126 | INFO | Val Loss=1.8914, Val Acc=31.72%
2025-05-29 21:25:10,126 | INFO | Train Gamma Loss=0.0390 | Val Gamma Loss=0.011290050111711025
2025-05-29 21:25:10,128 | INFO | New best model saved (val loss = 1.8914)
2025-05-29 21:25:22,607 | INFO | Epoch: 3 | Time: 12.47s
2025-05-29 21:25:22,607 | INFO | Train Loss=1.9312, Train Acc=33.55%
2025-05-29 21:25:22,608 | INFO | Val Loss=1.8496, Val Acc=34.72%
2025-05-29 21:25:22,608 | INFO | Train Gamma Loss=-0.0026 | Val Gamma Loss=0.007073431741446257
2025-05-29 21:25:22,609 | INFO | New best model saved (val loss = 1.8496)
2025-05-29 21:25:35,141 | INFO | Epoch: 4 | Time: 12.53s
2025-05-29 21:25:35,141 | INFO | Train Loss=1.8665, Train Acc=39.24%
2025-05-29 21:25:35,141 | INFO | Val Loss=1.5815, Val Acc=45.28%
2025-05-29 21:25:35,141 | INFO | Train Gamma Loss=-0.0038 | Val Gamma Loss=0.006218628492206335
2025-05-29 21:25:35,143 | INFO | New best model saved (val loss = 1.5815)
2025-05-29 21:25:47,693 | INFO | Epoch: 5 | Time: 12.55s
2025-05-29 21:25:47,693 | INFO | Train Loss=1.7391, Train Acc=46.51%
2025-05-29 21:25:47,693 | INFO | Val Loss=1.4332, Val Acc=49.44%
2025-05-29 21:25:47,694 | INFO | Train Gamma Loss=-0.0042 | Val Gamma Loss=0.005875920411199331
2025-05-29 21:25:47,695 | INFO | New best model saved (val loss = 1.4332)
2025-05-29 21:26:00,220 | INFO | Epoch: 6 | Time: 12.52s
2025-05-29 21:26:00,220 | INFO | Train Loss=1.6544, Train Acc=51.77%
2025-05-29 21:26:00,220 | INFO | Val Loss=1.4160, Val Acc=51.92%
2025-05-29 21:26:00,220 | INFO | Train Gamma Loss=-0.0047 | Val Gamma Loss=0.005514837801456451
2025-05-29 21:26:00,222 | INFO | New best model saved (val loss = 1.4160)
2025-05-29 21:26:12,853 | INFO | Epoch: 7 | Time: 12.62s
2025-05-29 21:26:12,853 | INFO | Train Loss=1.5596, Train Acc=56.05%
2025-05-29 21:26:12,853 | INFO | Val Loss=1.4850, Val Acc=48.00%
2025-05-29 21:26:12,853 | INFO | Train Gamma Loss=-0.0056 | Val Gamma Loss=0.004973065573722124
2025-05-29 21:26:25,286 | INFO | Epoch: 8 | Time: 12.43s
2025-05-29 21:26:25,286 | INFO | Train Loss=1.4940, Train Acc=59.76%
2025-05-29 21:26:25,286 | INFO | Val Loss=1.1956, Val Acc=61.32%
2025-05-29 21:26:25,286 | INFO | Train Gamma Loss=-0.0063 | Val Gamma Loss=0.0037648470606654882
2025-05-29 21:26:25,291 | INFO | New best model saved (val loss = 1.1956)
2025-05-29 21:26:37,786 | INFO | Epoch: 9 | Time: 12.49s
2025-05-29 21:26:37,786 | INFO | Train Loss=1.4262, Train Acc=63.71%
2025-05-29 21:26:37,786 | INFO | Val Loss=1.0863, Val Acc=67.96%
2025-05-29 21:26:37,787 | INFO | Train Gamma Loss=-0.0073 | Val Gamma Loss=0.00309532368555665
2025-05-29 21:26:37,788 | INFO | New best model saved (val loss = 1.0863)
2025-05-29 21:26:50,049 | INFO | Epoch: 10 | Time: 12.26s
2025-05-29 21:26:50,049 | INFO | Train Loss=1.4075, Train Acc=65.16%
2025-05-29 21:26:50,049 | INFO | Val Loss=1.0811, Val Acc=66.64%
2025-05-29 21:26:50,050 | INFO | Train Gamma Loss=-0.0078 | Val Gamma Loss=0.002791372826322913
2025-05-29 21:26:50,051 | INFO | New best model saved (val loss = 1.0811)
2025-05-29 21:27:02,657 | INFO | Epoch: 11 | Time: 12.60s
2025-05-29 21:27:02,657 | INFO | Train Loss=1.3347, Train Acc=68.80%
2025-05-29 21:27:02,657 | INFO | Val Loss=0.8989, Val Acc=71.60%
2025-05-29 21:27:02,657 | INFO | Train Gamma Loss=-0.0080 | Val Gamma Loss=0.0027195054572075605
2025-05-29 21:27:02,658 | INFO | New best model saved (val loss = 0.8989)
2025-05-29 21:27:14,570 | INFO | Epoch: 12 | Time: 11.91s
2025-05-29 21:27:14,571 | INFO | Train Loss=1.3542, Train Acc=69.09%
2025-05-29 21:27:14,571 | INFO | Val Loss=0.9199, Val Acc=70.40%
2025-05-29 21:27:14,571 | INFO | Train Gamma Loss=-0.0084 | Val Gamma Loss=0.0024456882383674383
2025-05-29 21:27:27,124 | INFO | Epoch: 13 | Time: 12.55s
2025-05-29 21:27:27,124 | INFO | Train Loss=1.3403, Train Acc=69.06%
2025-05-29 21:27:27,124 | INFO | Val Loss=0.8586, Val Acc=74.72%
2025-05-29 21:27:27,124 | INFO | Train Gamma Loss=-0.0087 | Val Gamma Loss=0.0021904814057052135
2025-05-29 21:27:27,126 | INFO | New best model saved (val loss = 0.8586)
2025-05-29 21:27:39,976 | INFO | Epoch: 14 | Time: 12.85s
2025-05-29 21:27:39,976 | INFO | Train Loss=1.3044, Train Acc=71.18%
2025-05-29 21:27:39,976 | INFO | Val Loss=0.7934, Val Acc=75.48%
2025-05-29 21:27:39,976 | INFO | Train Gamma Loss=-0.0089 | Val Gamma Loss=0.0021235335152596235
2025-05-29 21:27:39,978 | INFO | New best model saved (val loss = 0.7934)
2025-05-29 21:27:52,598 | INFO | Epoch: 15 | Time: 12.62s
2025-05-29 21:27:52,598 | INFO | Train Loss=1.3538, Train Acc=71.35%
2025-05-29 21:27:52,598 | INFO | Val Loss=0.9112, Val Acc=74.68%
2025-05-29 21:27:52,598 | INFO | Train Gamma Loss=-0.0089 | Val Gamma Loss=0.001703383051790297
2025-05-29 21:28:05,131 | INFO | Epoch: 16 | Time: 12.53s
2025-05-29 21:28:05,131 | INFO | Train Loss=1.2252, Train Acc=73.71%
2025-05-29 21:28:05,131 | INFO | Val Loss=0.7545, Val Acc=76.72%
2025-05-29 21:28:05,131 | INFO | Train Gamma Loss=-0.0091 | Val Gamma Loss=0.00191712926607579
2025-05-29 21:28:05,132 | INFO | New best model saved (val loss = 0.7545)
2025-05-29 21:28:16,848 | INFO | Epoch: 17 | Time: 11.71s
2025-05-29 21:28:16,848 | INFO | Train Loss=1.2206, Train Acc=74.12%
2025-05-29 21:28:16,848 | INFO | Val Loss=0.7467, Val Acc=78.56%
2025-05-29 21:28:16,848 | INFO | Train Gamma Loss=-0.0092 | Val Gamma Loss=0.0016670896438881755
2025-05-29 21:28:16,850 | INFO | New best model saved (val loss = 0.7467)
2025-05-29 21:28:29,438 | INFO | Epoch: 18 | Time: 12.58s
2025-05-29 21:28:29,438 | INFO | Train Loss=1.3557, Train Acc=70.95%
2025-05-29 21:28:29,438 | INFO | Val Loss=0.6940, Val Acc=79.92%
2025-05-29 21:28:29,438 | INFO | Train Gamma Loss=-0.0094 | Val Gamma Loss=0.0014612110098823905
2025-05-29 21:28:29,440 | INFO | New best model saved (val loss = 0.6940)
