2025-04-22 13:59:18,237 | INFO | Job Started
2025-04-22 13:59:18,238 | INFO | Logging run: /rds/general/user/psp20/home/Brain-Network/runs/lord_seed_m1_20250422-135918
2025-04-22 13:59:18,431 | INFO | Using device: cuda
2025-04-22 13:59:18,431 | INFO | Training for 50 epochs
2025-04-22 13:59:18,431 | INFO | Debug mode: False
2025-04-22 13:59:18,431 | INFO | Downsampling by: 0
2025-04-22 13:59:19,829 | INFO | Using custom transform
2025-04-22 13:59:21,701 | INFO | Full train/val size with downsampling (0): 50000
2025-04-22 13:59:23,866 | INFO | Label smoothing: 0.1
2025-04-22 13:59:33,777 | INFO | Epoch 1: Train Loss=1.7818, Train Acc=38.37% | Val Loss=1.6660, Val Acc=46.34% | Time: 9.91s
2025-04-22 13:59:33,777 | INFO | New best model saved (val loss = 1.6660)
2025-04-22 13:59:41,654 | INFO | Epoch 2: Train Loss=1.3685, Train Acc=59.72% | Val Loss=1.4322, Val Acc=58.46% | Time: 7.88s
2025-04-22 13:59:41,655 | INFO | New best model saved (val loss = 1.4322)
2025-04-22 13:59:49,763 | INFO | Epoch 3: Train Loss=1.1986, Train Acc=68.14% | Val Loss=1.3157, Val Acc=63.70% | Time: 8.11s
2025-04-22 13:59:49,764 | INFO | New best model saved (val loss = 1.3157)
2025-04-22 13:59:57,686 | INFO | Epoch 4: Train Loss=1.0901, Train Acc=73.55% | Val Loss=1.1259, Val Acc=72.06% | Time: 7.92s
2025-04-22 13:59:57,687 | INFO | New best model saved (val loss = 1.1259)
2025-04-22 14:00:05,659 | INFO | Epoch 5: Train Loss=1.0105, Train Acc=77.30% | Val Loss=1.0844, Val Acc=74.74% | Time: 7.97s
2025-04-22 14:00:05,660 | INFO | New best model saved (val loss = 1.0844)
2025-04-22 14:00:13,557 | INFO | Epoch 6: Train Loss=0.9444, Train Acc=80.53% | Val Loss=1.0289, Val Acc=76.72% | Time: 7.89s
2025-04-22 14:00:13,558 | INFO | New best model saved (val loss = 1.0289)
2025-04-22 14:00:21,449 | INFO | Epoch 7: Train Loss=0.9067, Train Acc=82.36% | Val Loss=1.1458, Val Acc=72.14% | Time: 7.89s
2025-04-22 14:00:29,341 | INFO | Epoch 8: Train Loss=0.8668, Train Acc=83.96% | Val Loss=0.9960, Val Acc=79.04% | Time: 7.89s
2025-04-22 14:00:29,342 | INFO | New best model saved (val loss = 0.9960)
2025-04-22 14:00:37,284 | INFO | Epoch 9: Train Loss=0.8450, Train Acc=84.85% | Val Loss=0.9532, Val Acc=80.08% | Time: 7.94s
2025-04-22 14:00:37,285 | INFO | New best model saved (val loss = 0.9532)
2025-04-22 14:00:45,255 | INFO | Epoch 10: Train Loss=0.8144, Train Acc=86.36% | Val Loss=1.0397, Val Acc=77.22% | Time: 7.97s
2025-04-22 14:00:53,150 | INFO | Epoch 11: Train Loss=0.8035, Train Acc=86.77% | Val Loss=0.8691, Val Acc=83.68% | Time: 7.89s
2025-04-22 14:00:53,151 | INFO | New best model saved (val loss = 0.8691)
2025-04-22 14:01:01,208 | INFO | Epoch 12: Train Loss=0.7853, Train Acc=87.67% | Val Loss=0.9640, Val Acc=79.80% | Time: 8.05s
2025-04-22 14:01:09,132 | INFO | Epoch 13: Train Loss=0.7701, Train Acc=88.41% | Val Loss=0.8446, Val Acc=84.90% | Time: 7.92s
2025-04-22 14:01:09,133 | INFO | New best model saved (val loss = 0.8446)
2025-04-22 14:01:17,125 | INFO | Epoch 14: Train Loss=0.7546, Train Acc=88.98% | Val Loss=0.8857, Val Acc=84.04% | Time: 7.91s
2025-04-22 14:01:25,081 | INFO | Epoch 15: Train Loss=0.7425, Train Acc=89.61% | Val Loss=0.8788, Val Acc=84.04% | Time: 7.95s
2025-04-22 14:01:33,060 | INFO | Epoch 16: Train Loss=0.7323, Train Acc=89.88% | Val Loss=0.8463, Val Acc=85.14% | Time: 7.97s
2025-04-22 14:01:40,991 | INFO | Epoch 17: Train Loss=0.7211, Train Acc=90.55% | Val Loss=0.8126, Val Acc=86.28% | Time: 7.93s
2025-04-22 14:01:40,992 | INFO | New best model saved (val loss = 0.8126)
2025-04-22 14:01:49,094 | INFO | Epoch 18: Train Loss=0.7184, Train Acc=90.58% | Val Loss=0.7854, Val Acc=87.68% | Time: 8.10s
2025-04-22 14:01:49,095 | INFO | New best model saved (val loss = 0.7854)
2025-04-22 14:01:57,038 | INFO | Epoch 19: Train Loss=0.7069, Train Acc=90.99% | Val Loss=0.7828, Val Acc=87.46% | Time: 7.94s
2025-04-22 14:01:57,039 | INFO | New best model saved (val loss = 0.7828)
2025-04-22 14:02:04,975 | INFO | Epoch 20: Train Loss=0.6962, Train Acc=91.50% | Val Loss=0.7907, Val Acc=87.16% | Time: 7.93s
2025-04-22 14:02:12,903 | INFO | Epoch 21: Train Loss=0.6917, Train Acc=91.73% | Val Loss=0.8940, Val Acc=83.34% | Time: 7.92s
2025-04-22 14:02:20,842 | INFO | Epoch 22: Train Loss=0.6851, Train Acc=92.08% | Val Loss=0.7912, Val Acc=87.54% | Time: 7.93s
2025-04-22 14:02:28,769 | INFO | Epoch 23: Train Loss=0.6767, Train Acc=92.50% | Val Loss=0.8166, Val Acc=86.80% | Time: 7.92s
2025-04-22 14:02:36,732 | INFO | Epoch 24: Train Loss=0.6729, Train Acc=92.49% | Val Loss=0.8364, Val Acc=85.76% | Time: 7.96s
2025-04-22 14:02:44,689 | INFO | Epoch 25: Train Loss=0.6623, Train Acc=92.97% | Val Loss=0.8255, Val Acc=86.70% | Time: 7.95s
2025-04-22 14:02:52,633 | INFO | Epoch 26: Train Loss=0.6623, Train Acc=92.98% | Val Loss=0.8185, Val Acc=86.22% | Time: 7.94s
2025-04-22 14:03:00,572 | INFO | Epoch 27: Train Loss=0.6584, Train Acc=93.16% | Val Loss=0.8072, Val Acc=86.92% | Time: 7.93s
2025-04-22 14:03:08,490 | INFO | Epoch 28: Train Loss=0.6512, Train Acc=93.55% | Val Loss=0.7510, Val Acc=89.00% | Time: 7.91s
2025-04-22 14:03:08,491 | INFO | New best model saved (val loss = 0.7510)
2025-04-22 14:03:16,600 | INFO | Epoch 29: Train Loss=0.6467, Train Acc=93.68% | Val Loss=0.8365, Val Acc=86.48% | Time: 8.10s
2025-04-22 14:03:24,557 | INFO | Epoch 30: Train Loss=0.6409, Train Acc=93.92% | Val Loss=0.8343, Val Acc=86.08% | Time: 7.95s
2025-04-22 14:03:32,519 | INFO | Epoch 31: Train Loss=0.6392, Train Acc=93.97% | Val Loss=0.7619, Val Acc=89.38% | Time: 7.95s
2025-04-22 14:03:40,460 | INFO | Epoch 32: Train Loss=0.6364, Train Acc=94.16% | Val Loss=0.8481, Val Acc=86.18% | Time: 7.93s
2025-04-22 14:03:48,427 | INFO | Epoch 33: Train Loss=0.6321, Train Acc=94.38% | Val Loss=0.7614, Val Acc=89.02% | Time: 7.96s
2025-04-22 14:03:56,392 | INFO | Epoch 34: Train Loss=0.6267, Train Acc=94.46% | Val Loss=0.7719, Val Acc=88.68% | Time: 7.96s
2025-04-22 14:04:04,419 | INFO | Epoch 35: Train Loss=0.6273, Train Acc=94.48% | Val Loss=0.7862, Val Acc=88.30% | Time: 8.02s
2025-04-22 14:04:12,421 | INFO | Epoch 36: Train Loss=0.6204, Train Acc=94.79% | Val Loss=0.7731, Val Acc=88.64% | Time: 7.99s
2025-04-22 14:04:20,412 | INFO | Epoch 37: Train Loss=0.6213, Train Acc=94.82% | Val Loss=0.7578, Val Acc=88.72% | Time: 7.98s
2025-04-22 14:04:28,404 | INFO | Epoch 38: Train Loss=0.5651, Train Acc=97.36% | Val Loss=0.6841, Val Acc=92.54% | Time: 7.98s
2025-04-22 14:04:28,405 | INFO | New best model saved (val loss = 0.6841)
2025-04-22 14:04:36,347 | INFO | Epoch 39: Train Loss=0.5460, Train Acc=98.22% | Val Loss=0.6815, Val Acc=92.92% | Time: 7.93s
2025-04-22 14:04:36,348 | INFO | New best model saved (val loss = 0.6815)
2025-04-22 14:04:44,328 | INFO | Epoch 40: Train Loss=0.5376, Train Acc=98.58% | Val Loss=0.6918, Val Acc=92.38% | Time: 7.97s
2025-04-22 14:04:52,280 | INFO | Epoch 41: Train Loss=0.5324, Train Acc=98.79% | Val Loss=0.6916, Val Acc=92.36% | Time: 7.94s
2025-04-22 14:05:00,265 | INFO | Epoch 42: Train Loss=0.5284, Train Acc=98.98% | Val Loss=0.6991, Val Acc=92.42% | Time: 7.96s
2025-04-22 14:05:08,250 | INFO | Epoch 43: Train Loss=0.5268, Train Acc=99.00% | Val Loss=0.6867, Val Acc=92.62% | Time: 7.97s
2025-04-22 14:05:16,213 | INFO | Epoch 44: Train Loss=0.5253, Train Acc=99.06% | Val Loss=0.6995, Val Acc=92.22% | Time: 7.95s
2025-04-22 14:05:24,275 | INFO | Epoch 45: Train Loss=0.5235, Train Acc=99.15% | Val Loss=0.6883, Val Acc=92.58% | Time: 8.05s
2025-04-22 14:05:32,243 | INFO | Epoch 46: Train Loss=0.5220, Train Acc=99.20% | Val Loss=0.7058, Val Acc=92.36% | Time: 7.96s
2025-04-22 14:05:40,224 | INFO | Epoch 47: Train Loss=0.5189, Train Acc=99.30% | Val Loss=0.7041, Val Acc=92.24% | Time: 7.97s
2025-04-22 14:05:48,230 | INFO | Epoch 48: Train Loss=0.5181, Train Acc=99.35% | Val Loss=0.7050, Val Acc=92.58% | Time: 7.99s
2025-04-22 14:05:56,209 | INFO | Epoch 49: Train Loss=0.5150, Train Acc=99.47% | Val Loss=0.6948, Val Acc=93.00% | Time: 7.97s
2025-04-22 14:05:56,209 | INFO | Early stopping triggered at epoch 49
2025-04-22 14:05:56,265 | INFO | Best model with lowest val loss 0.6815233319997788 at 38 epoch is saved.
2025-04-22 14:05:57,274 | INFO | Test Accuracy: 92.76%
2025-04-22 14:05:57,317 | INFO | Last model with val loss 0.6947802692651749 at 48 epoch is saved.
2025-04-22 14:05:58,100 | INFO | Test Accuracy: 92.76%
2025-04-22 14:05:58,110 | INFO | 
Job Completed
