2025-04-15 19:34:05,788 | INFO | Job Started
2025-04-15 19:34:05,789 | INFO | Logging run: /rds/general/user/psp20/home/Brain-Network/runs/simple_cnn_20250415-193404
2025-04-15 19:34:05,789 | INFO | Config:
{
  "run_name": "simple_cnn",
  "writer": true,
  "seed": 42,
  "train_split": 0.9,
  "batch_size": 256,
  "num_workers": 2,
  "model_type": "fast_cnn",
  "optimizer": "adam",
  "criterion": "CE",
  "lr": 0.001,
  "epochs": 50
}
2025-04-15 19:34:05,881 | INFO | Using device: cuda
2025-04-15 19:34:05,881 | INFO | Training for 50 epochs
2025-04-15 19:34:15,982 | INFO | Epoch 1: Train Loss=1.7038, Train Acc=39.28% | Val Loss=1.4806, Val Acc=47.32% | Time: 5.12s
2025-04-15 19:34:19,471 | INFO | Epoch 2: Train Loss=1.3580, Train Acc=51.88% | Val Loss=1.3207, Val Acc=52.88% | Time: 3.49s
2025-04-15 19:34:22,966 | INFO | Epoch 3: Train Loss=1.2370, Train Acc=56.08% | Val Loss=1.2194, Val Acc=56.64% | Time: 3.49s
2025-04-15 19:34:26,487 | INFO | Epoch 4: Train Loss=1.1509, Train Acc=59.63% | Val Loss=1.1636, Val Acc=58.62% | Time: 3.52s
2025-04-15 19:34:29,990 | INFO | Epoch 5: Train Loss=1.0915, Train Acc=61.70% | Val Loss=1.1085, Val Acc=61.24% | Time: 3.50s
2025-04-15 19:34:33,491 | INFO | Epoch 6: Train Loss=1.0343, Train Acc=63.84% | Val Loss=1.0500, Val Acc=63.08% | Time: 3.50s
2025-04-15 19:34:37,006 | INFO | Epoch 7: Train Loss=0.9923, Train Acc=65.25% | Val Loss=1.0383, Val Acc=63.38% | Time: 3.51s
2025-04-15 19:34:40,544 | INFO | Epoch 8: Train Loss=0.9517, Train Acc=66.66% | Val Loss=1.0011, Val Acc=64.64% | Time: 3.54s
2025-04-15 19:34:44,050 | INFO | Epoch 9: Train Loss=0.9085, Train Acc=68.48% | Val Loss=0.9870, Val Acc=65.60% | Time: 3.51s
2025-04-15 19:34:47,559 | INFO | Epoch 10: Train Loss=0.8747, Train Acc=69.53% | Val Loss=0.9800, Val Acc=65.30% | Time: 3.51s
2025-04-15 19:34:51,067 | INFO | Epoch 11: Train Loss=0.8507, Train Acc=70.36% | Val Loss=0.9604, Val Acc=66.40% | Time: 3.51s
2025-04-15 19:34:54,576 | INFO | Epoch 12: Train Loss=0.8186, Train Acc=71.47% | Val Loss=0.9418, Val Acc=67.40% | Time: 3.51s
2025-04-15 19:34:58,097 | INFO | Epoch 13: Train Loss=0.7942, Train Acc=72.53% | Val Loss=0.9419, Val Acc=67.22% | Time: 3.52s
2025-04-15 19:35:01,619 | INFO | Epoch 14: Train Loss=0.7677, Train Acc=73.28% | Val Loss=0.9334, Val Acc=67.64% | Time: 3.52s
2025-04-15 19:35:05,145 | INFO | Epoch 15: Train Loss=0.7509, Train Acc=73.92% | Val Loss=0.9395, Val Acc=67.32% | Time: 3.53s
2025-04-15 19:35:08,674 | INFO | Epoch 16: Train Loss=0.7309, Train Acc=74.47% | Val Loss=0.9481, Val Acc=67.24% | Time: 3.53s
2025-04-15 19:35:12,202 | INFO | Epoch 17: Train Loss=0.7079, Train Acc=75.27% | Val Loss=0.9318, Val Acc=68.04% | Time: 3.53s
2025-04-15 19:35:15,735 | INFO | Epoch 18: Train Loss=0.6913, Train Acc=75.84% | Val Loss=0.9273, Val Acc=68.30% | Time: 3.53s
2025-04-15 19:35:19,246 | INFO | Epoch 19: Train Loss=0.6683, Train Acc=76.72% | Val Loss=0.9586, Val Acc=67.24% | Time: 3.51s
2025-04-15 19:35:22,751 | INFO | Epoch 20: Train Loss=0.6491, Train Acc=77.60% | Val Loss=0.9648, Val Acc=67.90% | Time: 3.50s
2025-04-15 19:35:26,263 | INFO | Epoch 21: Train Loss=0.6403, Train Acc=77.81% | Val Loss=0.9700, Val Acc=67.80% | Time: 3.51s
2025-04-15 19:35:29,783 | INFO | Epoch 22: Train Loss=0.6189, Train Acc=78.66% | Val Loss=0.9751, Val Acc=67.64% | Time: 3.52s
2025-04-15 19:35:33,310 | INFO | Epoch 23: Train Loss=0.6029, Train Acc=79.14% | Val Loss=1.0014, Val Acc=66.60% | Time: 3.53s
2025-04-15 19:35:36,824 | INFO | Epoch 24: Train Loss=0.5909, Train Acc=79.49% | Val Loss=0.9757, Val Acc=67.90% | Time: 3.51s
2025-04-15 19:35:40,331 | INFO | Epoch 25: Train Loss=0.5724, Train Acc=80.08% | Val Loss=0.9776, Val Acc=67.80% | Time: 3.51s
2025-04-15 19:35:43,839 | INFO | Epoch 26: Train Loss=0.5525, Train Acc=80.82% | Val Loss=0.9760, Val Acc=68.28% | Time: 3.51s
2025-04-15 19:35:47,362 | INFO | Epoch 27: Train Loss=0.5434, Train Acc=81.02% | Val Loss=1.0091, Val Acc=67.90% | Time: 3.52s
2025-04-15 19:35:50,887 | INFO | Epoch 28: Train Loss=0.5233, Train Acc=81.97% | Val Loss=1.0103, Val Acc=67.30% | Time: 3.52s
2025-04-15 19:35:54,403 | INFO | Epoch 29: Train Loss=0.5131, Train Acc=82.08% | Val Loss=1.0282, Val Acc=68.06% | Time: 3.52s
2025-04-15 19:35:57,937 | INFO | Epoch 30: Train Loss=0.4965, Train Acc=82.76% | Val Loss=1.0536, Val Acc=67.12% | Time: 3.53s
2025-04-15 19:36:01,468 | INFO | Epoch 31: Train Loss=0.4875, Train Acc=82.97% | Val Loss=1.0400, Val Acc=67.92% | Time: 3.53s
2025-04-15 19:36:04,992 | INFO | Epoch 32: Train Loss=0.4649, Train Acc=83.83% | Val Loss=1.0897, Val Acc=67.02% | Time: 3.52s
2025-04-15 19:36:08,502 | INFO | Epoch 33: Train Loss=0.4533, Train Acc=84.35% | Val Loss=1.1059, Val Acc=67.24% | Time: 3.51s
2025-04-15 19:36:12,025 | INFO | Epoch 34: Train Loss=0.4402, Train Acc=84.80% | Val Loss=1.1172, Val Acc=66.78% | Time: 3.52s
2025-04-15 19:36:15,544 | INFO | Epoch 35: Train Loss=0.4296, Train Acc=85.17% | Val Loss=1.1358, Val Acc=66.32% | Time: 3.52s
2025-04-15 19:36:19,068 | INFO | Epoch 36: Train Loss=0.4120, Train Acc=85.82% | Val Loss=1.1315, Val Acc=66.60% | Time: 3.52s
2025-04-15 19:36:22,594 | INFO | Epoch 37: Train Loss=0.4010, Train Acc=86.19% | Val Loss=1.1768, Val Acc=66.50% | Time: 3.53s
2025-04-15 19:36:26,101 | INFO | Epoch 38: Train Loss=0.3932, Train Acc=86.35% | Val Loss=1.1959, Val Acc=66.50% | Time: 3.51s
2025-04-15 19:36:29,620 | INFO | Epoch 39: Train Loss=0.3793, Train Acc=86.87% | Val Loss=1.2315, Val Acc=66.60% | Time: 3.52s
2025-04-15 19:36:33,129 | INFO | Epoch 40: Train Loss=0.3710, Train Acc=87.06% | Val Loss=1.2273, Val Acc=66.58% | Time: 3.51s
2025-04-15 19:36:36,632 | INFO | Epoch 41: Train Loss=0.3554, Train Acc=87.88% | Val Loss=1.3249, Val Acc=65.84% | Time: 3.50s
2025-04-15 19:36:40,144 | INFO | Epoch 42: Train Loss=0.3461, Train Acc=88.16% | Val Loss=1.2832, Val Acc=65.94% | Time: 3.51s
2025-04-15 19:36:43,679 | INFO | Epoch 43: Train Loss=0.3362, Train Acc=88.35% | Val Loss=1.3465, Val Acc=65.94% | Time: 3.53s
2025-04-15 19:36:47,206 | INFO | Epoch 44: Train Loss=0.3308, Train Acc=88.56% | Val Loss=1.3624, Val Acc=65.58% | Time: 3.53s
2025-04-15 19:36:50,718 | INFO | Epoch 45: Train Loss=0.3067, Train Acc=89.38% | Val Loss=1.3774, Val Acc=65.76% | Time: 3.51s
2025-04-15 19:36:54,233 | INFO | Epoch 46: Train Loss=0.2970, Train Acc=89.99% | Val Loss=1.4312, Val Acc=65.96% | Time: 3.51s
2025-04-15 19:36:57,742 | INFO | Epoch 47: Train Loss=0.2973, Train Acc=89.81% | Val Loss=1.4507, Val Acc=65.62% | Time: 3.51s
2025-04-15 19:37:01,251 | INFO | Epoch 48: Train Loss=0.2806, Train Acc=90.37% | Val Loss=1.4866, Val Acc=65.64% | Time: 3.51s
2025-04-15 19:37:04,783 | INFO | Epoch 49: Train Loss=0.2699, Train Acc=90.76% | Val Loss=1.5053, Val Acc=65.44% | Time: 3.53s
2025-04-15 19:37:08,305 | INFO | Epoch 50: Train Loss=0.2595, Train Acc=91.44% | Val Loss=1.5519, Val Acc=65.36% | Time: 3.52s
2025-04-15 19:37:09,235 | INFO | Test Accuracy: 65.51% | Test Loss: 1.57
2025-04-15 19:37:09,664 | INFO | 
Job Completed
