2025-06-05 22:32:27,941 | INFO | Job Started
2025-06-05 22:32:27,941 | INFO | Logging run: /rds/general/user/psp20/home/Brain-Network/runs/brainit_5_4_sample_eff_0_1_20250605-223227
2025-06-05 22:32:27,952 | INFO | Using device: cuda
2025-06-05 22:32:27,952 | INFO | Training for 100 epochs
2025-06-05 22:32:27,952 | INFO | Debug mode: False
2025-06-05 22:32:27,952 | INFO | Downsampling by: 0.1
2025-06-05 22:32:27,952 | INFO | Auxiliary loss: {'attention_entropy_loss': 0.1}
2025-06-05 22:32:27,953 | INFO | Train transforms: 
	Compose(
    RandomResizedCrop(size=(224, 224), scale=(0.7, 1), ratio=(0.75, 1.3333), interpolation=bilinear, antialias=True)
    RandomHorizontalFlip(p=0.5)
    ColorJitter(brightness=(0.8, 1.2), contrast=(0.8, 1.2), saturation=(0.8, 1.2), hue=None)
    ToTensor()
    Normalize(mean=(0.485, 0.456, 0.406), std=(0.229, 0.224, 0.225))
)
2025-06-05 22:32:27,953 | INFO | Test transforms: 
	Compose(
    Resize(size=256, interpolation=bilinear, max_size=None, antialias=True)
    CenterCrop(size=(224, 224))
    ToTensor()
    Normalize(mean=(0.485, 0.456, 0.406), std=(0.229, 0.224, 0.225))
)
2025-06-05 22:32:28,170 | INFO | Downsampling by: 0.1. Few shot: False
2025-06-05 22:32:28,170 | INFO | Downsample fraction is small - CHANGING TRAIN BATCH SIZE TO 32
2025-06-05 22:32:28,170 | INFO | Using pretrained weights
2025-06-05 22:32:28,911 | INFO | Using mixup function and SoftTargetCrossEntropy
2025-06-05 22:32:28,911 | INFO | Auxiliary loss: {'attention_entropy_loss': 0.1}
2025-06-05 22:32:50,716 | INFO | Epoch: 1 | Time: 21.78s
2025-06-05 22:32:50,717 | INFO | Train Loss=5.2625, Train Acc=0.83%
2025-06-05 22:32:50,717 | INFO | Val Loss=5.1332, Val Acc=0.92%
2025-06-05 22:32:50,717 | INFO | Train Gamma Loss=0.3572 | Val Gamma Loss=0.33372053503990173
2025-06-05 22:32:50,718 | INFO | New best model saved (val loss = 5.1332)
2025-06-05 22:33:12,455 | INFO | Epoch: 2 | Time: 21.73s
2025-06-05 22:33:12,456 | INFO | Train Loss=5.0495, Train Acc=1.17%
2025-06-05 22:33:12,456 | INFO | Val Loss=4.8951, Val Acc=1.50%
2025-06-05 22:33:12,456 | INFO | Train Gamma Loss=0.2565 | Val Gamma Loss=0.1526229977607727
2025-06-05 22:33:12,457 | INFO | New best model saved (val loss = 4.8951)
2025-06-05 22:33:34,857 | INFO | Epoch: 3 | Time: 22.39s
2025-06-05 22:33:34,858 | INFO | Train Loss=4.9341, Train Acc=1.42%
2025-06-05 22:33:34,858 | INFO | Val Loss=4.7525, Val Acc=1.42%
2025-06-05 22:33:34,858 | INFO | Train Gamma Loss=-0.0001 | Val Gamma Loss=0.0026398382615298033
2025-06-05 22:33:34,859 | INFO | New best model saved (val loss = 4.7525)
2025-06-05 22:33:57,344 | INFO | Epoch: 4 | Time: 22.47s
2025-06-05 22:33:57,345 | INFO | Train Loss=4.8006, Train Acc=1.83%
2025-06-05 22:33:57,345 | INFO | Val Loss=4.7329, Val Acc=1.92%
2025-06-05 22:33:57,345 | INFO | Train Gamma Loss=-0.0076 | Val Gamma Loss=0.0027403398416936398
2025-06-05 22:33:57,346 | INFO | New best model saved (val loss = 4.7329)
2025-06-05 22:34:18,666 | INFO | Epoch: 5 | Time: 21.31s
2025-06-05 22:34:18,666 | INFO | Train Loss=4.8109, Train Acc=1.42%
2025-06-05 22:34:18,666 | INFO | Val Loss=4.7568, Val Acc=2.42%
2025-06-05 22:34:18,666 | INFO | Train Gamma Loss=-0.0080 | Val Gamma Loss=0.002130325650796294
2025-06-05 22:34:39,760 | INFO | Epoch: 6 | Time: 21.08s
2025-06-05 22:34:39,760 | INFO | Train Loss=4.7876, Train Acc=1.83%
2025-06-05 22:34:39,760 | INFO | Val Loss=4.8303, Val Acc=0.83%
2025-06-05 22:34:39,760 | INFO | Train Gamma Loss=-0.0082 | Val Gamma Loss=0.001586387399584055
2025-06-05 22:35:00,182 | INFO | Epoch: 7 | Time: 20.41s
2025-06-05 22:35:00,182 | INFO | Train Loss=4.8986, Train Acc=1.00%
2025-06-05 22:35:00,182 | INFO | Val Loss=4.8719, Val Acc=1.08%
2025-06-05 22:35:00,182 | INFO | Train Gamma Loss=-0.0093 | Val Gamma Loss=0.000982364290393889
2025-06-05 22:35:20,292 | INFO | Epoch: 8 | Time: 20.10s
2025-06-05 22:35:20,292 | INFO | Train Loss=4.9048, Train Acc=0.33%
2025-06-05 22:35:20,293 | INFO | Val Loss=4.8269, Val Acc=1.25%
2025-06-05 22:35:20,293 | INFO | Train Gamma Loss=-0.0096 | Val Gamma Loss=0.0012627303367480636
2025-06-05 22:35:41,738 | INFO | Epoch: 9 | Time: 21.42s
2025-06-05 22:35:41,738 | INFO | Train Loss=4.8571, Train Acc=1.00%
2025-06-05 22:35:41,738 | INFO | Val Loss=4.7765, Val Acc=1.25%
2025-06-05 22:35:41,738 | INFO | Train Gamma Loss=-0.0098 | Val Gamma Loss=0.0006049124640412629
2025-06-05 22:36:02,231 | INFO | Epoch: 10 | Time: 20.48s
2025-06-05 22:36:02,231 | INFO | Train Loss=4.8423, Train Acc=1.42%
2025-06-05 22:36:02,231 | INFO | Val Loss=4.7926, Val Acc=1.42%
2025-06-05 22:36:02,231 | INFO | Train Gamma Loss=-0.0093 | Val Gamma Loss=0.0009400315466336906
2025-06-05 22:36:23,187 | INFO | Epoch: 11 | Time: 20.93s
2025-06-05 22:36:23,187 | INFO | Train Loss=4.8325, Train Acc=1.00%
2025-06-05 22:36:23,187 | INFO | Val Loss=4.7159, Val Acc=1.92%
2025-06-05 22:36:23,187 | INFO | Train Gamma Loss=-0.0101 | Val Gamma Loss=0.00043200113577768207
2025-06-05 22:36:23,188 | INFO | New best model saved (val loss = 4.7159)
2025-06-05 22:36:45,679 | INFO | Epoch: 12 | Time: 22.48s
2025-06-05 22:36:45,679 | INFO | Train Loss=4.8261, Train Acc=1.58%
2025-06-05 22:36:45,679 | INFO | Val Loss=4.7154, Val Acc=1.25%
2025-06-05 22:36:45,679 | INFO | Train Gamma Loss=-0.0101 | Val Gamma Loss=0.0008803833625279367
2025-06-05 22:36:45,680 | INFO | New best model saved (val loss = 4.7154)
2025-06-05 22:37:05,747 | INFO | Epoch: 13 | Time: 20.06s
2025-06-05 22:37:05,747 | INFO | Train Loss=4.7800, Train Acc=1.08%
2025-06-05 22:37:05,747 | INFO | Val Loss=4.6996, Val Acc=2.08%
2025-06-05 22:37:05,747 | INFO | Train Gamma Loss=-0.0101 | Val Gamma Loss=0.0011401638621464372
2025-06-05 22:37:05,748 | INFO | New best model saved (val loss = 4.6996)
2025-06-05 22:37:25,279 | INFO | Epoch: 14 | Time: 19.51s
2025-06-05 22:37:25,279 | INFO | Train Loss=4.7673, Train Acc=1.00%
2025-06-05 22:37:25,279 | INFO | Val Loss=4.7043, Val Acc=2.08%
2025-06-05 22:37:25,279 | INFO | Train Gamma Loss=-0.0085 | Val Gamma Loss=0.0013815470738336444
2025-06-05 22:37:47,590 | INFO | Epoch: 15 | Time: 22.29s
2025-06-05 22:37:47,590 | INFO | Train Loss=4.7773, Train Acc=1.33%
2025-06-05 22:37:47,590 | INFO | Val Loss=4.8012, Val Acc=1.17%
2025-06-05 22:37:47,590 | INFO | Train Gamma Loss=-0.0102 | Val Gamma Loss=0.0003474377444945276
2025-06-05 22:38:08,121 | INFO | Epoch: 16 | Time: 20.52s
2025-06-05 22:38:08,122 | INFO | Train Loss=4.7898, Train Acc=1.17%
2025-06-05 22:38:08,122 | INFO | Val Loss=4.8109, Val Acc=1.08%
2025-06-05 22:38:08,122 | INFO | Train Gamma Loss=-0.0100 | Val Gamma Loss=0.0003804703301284462
2025-06-05 22:38:32,534 | INFO | Epoch: 17 | Time: 24.40s
2025-06-05 22:38:32,534 | INFO | Train Loss=4.7619, Train Acc=1.08%
2025-06-05 22:38:32,534 | INFO | Val Loss=4.6930, Val Acc=1.50%
2025-06-05 22:38:32,534 | INFO | Train Gamma Loss=-0.0103 | Val Gamma Loss=0.0004122608806937933
2025-06-05 22:38:32,535 | INFO | New best model saved (val loss = 4.6930)
2025-06-05 22:38:55,392 | INFO | Epoch: 18 | Time: 22.84s
2025-06-05 22:38:55,392 | INFO | Train Loss=4.7531, Train Acc=1.00%
2025-06-05 22:38:55,392 | INFO | Val Loss=4.7086, Val Acc=1.83%
2025-06-05 22:38:55,392 | INFO | Train Gamma Loss=-0.0102 | Val Gamma Loss=0.0003797455574385822
2025-06-05 22:39:17,434 | INFO | Epoch: 19 | Time: 22.03s
2025-06-05 22:39:17,434 | INFO | Train Loss=4.7533, Train Acc=1.33%
2025-06-05 22:39:17,434 | INFO | Val Loss=4.7315, Val Acc=1.92%
2025-06-05 22:39:17,434 | INFO | Train Gamma Loss=-0.0103 | Val Gamma Loss=0.0002865950227715075
2025-06-05 22:39:39,515 | INFO | Epoch: 20 | Time: 22.07s
2025-06-05 22:39:39,515 | INFO | Train Loss=4.7308, Train Acc=2.00%
2025-06-05 22:39:39,515 | INFO | Val Loss=4.7592, Val Acc=0.83%
2025-06-05 22:39:39,515 | INFO | Train Gamma Loss=-0.0103 | Val Gamma Loss=0.00017456532805226743
2025-06-05 22:40:02,807 | INFO | Epoch: 21 | Time: 23.28s
2025-06-05 22:40:02,807 | INFO | Train Loss=4.7358, Train Acc=0.92%
2025-06-05 22:40:02,807 | INFO | Val Loss=4.6803, Val Acc=1.42%
2025-06-05 22:40:02,807 | INFO | Train Gamma Loss=-0.0104 | Val Gamma Loss=0.0002748048573266715
2025-06-05 22:40:02,808 | INFO | New best model saved (val loss = 4.6803)
2025-06-05 22:40:26,274 | INFO | Epoch: 22 | Time: 23.46s
2025-06-05 22:40:26,275 | INFO | Train Loss=4.7128, Train Acc=2.00%
2025-06-05 22:40:26,275 | INFO | Val Loss=4.6636, Val Acc=1.50%
2025-06-05 22:40:26,275 | INFO | Train Gamma Loss=-0.0103 | Val Gamma Loss=0.00035609479527920485
2025-06-05 22:40:26,276 | INFO | New best model saved (val loss = 4.6636)
2025-06-05 22:40:48,585 | INFO | Epoch: 23 | Time: 22.28s
2025-06-05 22:40:48,585 | INFO | Train Loss=4.7115, Train Acc=2.25%
2025-06-05 22:40:48,585 | INFO | Val Loss=4.7015, Val Acc=2.08%
2025-06-05 22:40:48,585 | INFO | Train Gamma Loss=-0.0103 | Val Gamma Loss=0.0003345127042848617
2025-06-05 22:41:10,647 | INFO | Epoch: 24 | Time: 22.05s
2025-06-05 22:41:10,647 | INFO | Train Loss=4.7118, Train Acc=2.00%
2025-06-05 22:41:10,647 | INFO | Val Loss=4.6583, Val Acc=2.00%
2025-06-05 22:41:10,647 | INFO | Train Gamma Loss=-0.0103 | Val Gamma Loss=0.00042701076017692685
2025-06-05 22:41:10,648 | INFO | New best model saved (val loss = 4.6583)
2025-06-05 22:41:32,005 | INFO | Epoch: 25 | Time: 21.34s
2025-06-05 22:41:32,005 | INFO | Train Loss=4.7012, Train Acc=1.83%
2025-06-05 22:41:32,005 | INFO | Val Loss=4.6698, Val Acc=1.75%
2025-06-05 22:41:32,005 | INFO | Train Gamma Loss=-0.0103 | Val Gamma Loss=0.00031762514845468104
2025-06-05 22:41:54,621 | INFO | Epoch: 26 | Time: 22.61s
2025-06-05 22:41:54,621 | INFO | Train Loss=4.6889, Train Acc=1.75%
2025-06-05 22:41:54,621 | INFO | Val Loss=4.6671, Val Acc=2.00%
2025-06-05 22:41:54,621 | INFO | Train Gamma Loss=-0.0102 | Val Gamma Loss=0.0004142143880017102
2025-06-05 22:42:17,025 | INFO | Epoch: 27 | Time: 22.39s
2025-06-05 22:42:17,025 | INFO | Train Loss=4.6806, Train Acc=1.75%
2025-06-05 22:42:17,025 | INFO | Val Loss=4.7648, Val Acc=1.42%
2025-06-05 22:42:17,025 | INFO | Train Gamma Loss=-0.0102 | Val Gamma Loss=0.0016574073815718293
2025-06-05 22:42:40,492 | INFO | Epoch: 28 | Time: 23.45s
2025-06-05 22:42:40,492 | INFO | Train Loss=4.7084, Train Acc=1.75%
2025-06-05 22:42:40,492 | INFO | Val Loss=4.7005, Val Acc=1.50%
2025-06-05 22:42:40,492 | INFO | Train Gamma Loss=-0.0100 | Val Gamma Loss=0.0005256029544398189
2025-06-05 22:43:03,249 | INFO | Epoch: 29 | Time: 22.74s
2025-06-05 22:43:03,249 | INFO | Train Loss=4.7205, Train Acc=2.08%
2025-06-05 22:43:03,249 | INFO | Val Loss=4.7482, Val Acc=1.50%
2025-06-05 22:43:03,249 | INFO | Train Gamma Loss=-0.0102 | Val Gamma Loss=0.0004083096282556653
2025-06-05 22:43:27,505 | INFO | Epoch: 30 | Time: 24.24s
2025-06-05 22:43:27,505 | INFO | Train Loss=4.7396, Train Acc=1.08%
2025-06-05 22:43:27,505 | INFO | Val Loss=4.7046, Val Acc=1.75%
2025-06-05 22:43:27,505 | INFO | Train Gamma Loss=-0.0102 | Val Gamma Loss=0.00040908853407017887
2025-06-05 22:43:52,598 | INFO | Epoch: 31 | Time: 25.08s
2025-06-05 22:43:52,599 | INFO | Train Loss=4.7433, Train Acc=1.17%
2025-06-05 22:43:52,599 | INFO | Val Loss=4.7232, Val Acc=1.83%
2025-06-05 22:43:52,599 | INFO | Train Gamma Loss=-0.0100 | Val Gamma Loss=0.0006539621972478926
2025-06-05 22:44:17,803 | INFO | Epoch: 32 | Time: 25.19s
2025-06-05 22:44:17,803 | INFO | Train Loss=4.7130, Train Acc=1.33%
2025-06-05 22:44:17,803 | INFO | Val Loss=4.6865, Val Acc=1.00%
2025-06-05 22:44:17,803 | INFO | Train Gamma Loss=-0.0102 | Val Gamma Loss=0.0003589007828850299
2025-06-05 22:44:44,973 | INFO | Epoch: 33 | Time: 27.16s
2025-06-05 22:44:44,973 | INFO | Train Loss=4.7162, Train Acc=1.58%
2025-06-05 22:44:44,973 | INFO | Val Loss=4.6819, Val Acc=1.25%
2025-06-05 22:44:44,974 | INFO | Train Gamma Loss=-0.0102 | Val Gamma Loss=0.00033002448617480695
2025-06-05 22:45:15,758 | INFO | Epoch: 34 | Time: 30.75s
2025-06-05 22:45:15,758 | INFO | Train Loss=4.7132, Train Acc=1.50%
2025-06-05 22:45:15,758 | INFO | Val Loss=4.6709, Val Acc=1.17%
2025-06-05 22:45:15,758 | INFO | Train Gamma Loss=-0.0103 | Val Gamma Loss=0.00032361011835746467
2025-06-05 22:45:40,772 | INFO | Epoch: 35 | Time: 25.00s
2025-06-05 22:45:40,773 | INFO | Train Loss=4.6742, Train Acc=1.83%
2025-06-05 22:45:40,773 | INFO | Val Loss=4.7404, Val Acc=1.42%
2025-06-05 22:45:40,773 | INFO | Train Gamma Loss=-0.0102 | Val Gamma Loss=0.0003501400351524353
2025-06-05 22:46:05,902 | INFO | Epoch: 36 | Time: 25.12s
2025-06-05 22:46:05,902 | INFO | Train Loss=4.7065, Train Acc=1.17%
2025-06-05 22:46:05,902 | INFO | Val Loss=4.6982, Val Acc=1.50%
2025-06-05 22:46:05,902 | INFO | Train Gamma Loss=-0.0103 | Val Gamma Loss=0.0003358011890668422
2025-06-05 22:46:32,084 | INFO | Epoch: 37 | Time: 26.17s
2025-06-05 22:46:32,084 | INFO | Train Loss=4.6968, Train Acc=1.25%
2025-06-05 22:46:32,084 | INFO | Val Loss=4.7636, Val Acc=1.42%
2025-06-05 22:46:32,085 | INFO | Train Gamma Loss=-0.0103 | Val Gamma Loss=0.0004147175932303071
2025-06-05 22:46:56,765 | INFO | Epoch: 38 | Time: 24.67s
2025-06-05 22:46:56,765 | INFO | Train Loss=4.7129, Train Acc=1.67%
2025-06-05 22:46:56,765 | INFO | Val Loss=4.6663, Val Acc=1.92%
2025-06-05 22:46:56,765 | INFO | Train Gamma Loss=-0.0103 | Val Gamma Loss=0.00037781696300953627
2025-06-05 22:47:22,422 | INFO | Epoch: 39 | Time: 25.65s
2025-06-05 22:47:22,422 | INFO | Train Loss=4.6978, Train Acc=1.17%
2025-06-05 22:47:22,422 | INFO | Val Loss=4.6533, Val Acc=1.83%
2025-06-05 22:47:22,422 | INFO | Train Gamma Loss=-0.0103 | Val Gamma Loss=0.00030495214741677046
2025-06-05 22:47:22,423 | INFO | New best model saved (val loss = 4.6533)
2025-06-05 22:47:49,455 | INFO | Epoch: 40 | Time: 27.02s
2025-06-05 22:47:49,455 | INFO | Train Loss=4.6779, Train Acc=2.08%
2025-06-05 22:47:49,455 | INFO | Val Loss=4.6738, Val Acc=1.67%
2025-06-05 22:47:49,456 | INFO | Train Gamma Loss=-0.0102 | Val Gamma Loss=0.0003102616756223142
2025-06-05 22:48:15,387 | INFO | Epoch: 41 | Time: 25.92s
2025-06-05 22:48:15,387 | INFO | Train Loss=4.6911, Train Acc=1.17%
2025-06-05 22:48:15,388 | INFO | Val Loss=4.6717, Val Acc=1.67%
2025-06-05 22:48:15,388 | INFO | Train Gamma Loss=-0.0102 | Val Gamma Loss=0.000316640711389482
2025-06-05 22:48:44,230 | INFO | Epoch: 42 | Time: 28.83s
2025-06-05 22:48:44,230 | INFO | Train Loss=4.6682, Train Acc=2.17%
2025-06-05 22:48:44,230 | INFO | Val Loss=4.6702, Val Acc=1.25%
2025-06-05 22:48:44,230 | INFO | Train Gamma Loss=-0.0101 | Val Gamma Loss=0.0003368653415236622
2025-06-05 22:49:12,969 | INFO | Epoch: 43 | Time: 28.73s
2025-06-05 22:49:12,969 | INFO | Train Loss=4.6820, Train Acc=1.67%
2025-06-05 22:49:12,969 | INFO | Val Loss=4.6633, Val Acc=0.92%
2025-06-05 22:49:12,969 | INFO | Train Gamma Loss=-0.0103 | Val Gamma Loss=0.0002801330992951989
2025-06-05 22:49:39,232 | INFO | Epoch: 44 | Time: 26.25s
2025-06-05 22:49:39,232 | INFO | Train Loss=4.6702, Train Acc=2.33%
2025-06-05 22:49:39,232 | INFO | Val Loss=4.6436, Val Acc=1.50%
2025-06-05 22:49:39,233 | INFO | Train Gamma Loss=-0.0102 | Val Gamma Loss=0.00038719625445082784
2025-06-05 22:49:39,234 | INFO | New best model saved (val loss = 4.6436)
2025-06-05 22:50:01,918 | INFO | Epoch: 45 | Time: 22.67s
2025-06-05 22:50:01,918 | INFO | Train Loss=4.6622, Train Acc=1.58%
2025-06-05 22:50:01,918 | INFO | Val Loss=4.6449, Val Acc=1.42%
2025-06-05 22:50:01,918 | INFO | Train Gamma Loss=-0.0102 | Val Gamma Loss=0.00031535461312159896
2025-06-05 22:50:25,803 | INFO | Epoch: 46 | Time: 23.87s
2025-06-05 22:50:25,803 | INFO | Train Loss=4.6659, Train Acc=2.17%
2025-06-05 22:50:25,803 | INFO | Val Loss=4.6601, Val Acc=2.58%
2025-06-05 22:50:25,803 | INFO | Train Gamma Loss=-0.0102 | Val Gamma Loss=0.00033988954965025187
2025-06-05 22:50:49,450 | INFO | Epoch: 47 | Time: 23.64s
2025-06-05 22:50:49,450 | INFO | Train Loss=4.6428, Train Acc=2.50%
2025-06-05 22:50:49,450 | INFO | Val Loss=4.6219, Val Acc=2.08%
2025-06-05 22:50:49,450 | INFO | Train Gamma Loss=-0.0102 | Val Gamma Loss=0.0003590495907701552
2025-06-05 22:50:49,451 | INFO | New best model saved (val loss = 4.6219)
2025-06-05 22:51:13,890 | INFO | Epoch: 48 | Time: 24.40s
2025-06-05 22:51:13,890 | INFO | Train Loss=4.6614, Train Acc=2.00%
2025-06-05 22:51:13,890 | INFO | Val Loss=4.6615, Val Acc=1.67%
2025-06-05 22:51:13,890 | INFO | Train Gamma Loss=-0.0103 | Val Gamma Loss=0.0006400119164027274
2025-06-05 22:51:36,195 | INFO | Epoch: 49 | Time: 22.29s
2025-06-05 22:51:36,195 | INFO | Train Loss=4.6239, Train Acc=3.33%
2025-06-05 22:51:36,195 | INFO | Val Loss=4.6758, Val Acc=1.92%
2025-06-05 22:51:36,195 | INFO | Train Gamma Loss=-0.0100 | Val Gamma Loss=0.0003579464682843536
2025-06-05 22:51:58,838 | INFO | Epoch: 50 | Time: 22.63s
2025-06-05 22:51:58,838 | INFO | Train Loss=4.6735, Train Acc=1.67%
2025-06-05 22:51:58,838 | INFO | Val Loss=4.6411, Val Acc=1.83%
2025-06-05 22:51:58,838 | INFO | Train Gamma Loss=-0.0100 | Val Gamma Loss=0.0004980453522875905
2025-06-05 22:52:22,596 | INFO | Epoch: 51 | Time: 23.75s
2025-06-05 22:52:22,596 | INFO | Train Loss=4.6603, Train Acc=1.92%
2025-06-05 22:52:22,596 | INFO | Val Loss=4.6436, Val Acc=2.08%
2025-06-05 22:52:22,596 | INFO | Train Gamma Loss=-0.0088 | Val Gamma Loss=0.001911112922243774
2025-06-05 22:52:43,939 | INFO | Epoch: 52 | Time: 21.33s
2025-06-05 22:52:43,939 | INFO | Train Loss=4.6765, Train Acc=2.17%
2025-06-05 22:52:43,939 | INFO | Val Loss=4.6851, Val Acc=2.50%
2025-06-05 22:52:43,939 | INFO | Train Gamma Loss=-0.0089 | Val Gamma Loss=0.0007414178107865155
2025-06-05 22:53:08,304 | INFO | Epoch: 53 | Time: 24.35s
2025-06-05 22:53:08,304 | INFO | Train Loss=4.7066, Train Acc=2.25%
2025-06-05 22:53:08,304 | INFO | Val Loss=4.7191, Val Acc=1.58%
2025-06-05 22:53:08,304 | INFO | Train Gamma Loss=-0.0099 | Val Gamma Loss=0.0008726770174689591
2025-06-05 22:53:30,519 | INFO | Epoch: 54 | Time: 22.20s
2025-06-05 22:53:30,519 | INFO | Train Loss=4.6653, Train Acc=2.25%
2025-06-05 22:53:30,519 | INFO | Val Loss=4.6774, Val Acc=2.33%
2025-06-05 22:53:30,519 | INFO | Train Gamma Loss=-0.0095 | Val Gamma Loss=0.0007439589244313538
2025-06-05 22:53:52,243 | INFO | Epoch: 55 | Time: 21.71s
2025-06-05 22:53:52,244 | INFO | Train Loss=4.6680, Train Acc=1.25%
2025-06-05 22:53:52,244 | INFO | Val Loss=4.6743, Val Acc=1.50%
2025-06-05 22:53:52,244 | INFO | Train Gamma Loss=-0.0098 | Val Gamma Loss=0.0005848322762176394
2025-06-05 22:54:15,241 | INFO | Epoch: 56 | Time: 22.99s
2025-06-05 22:54:15,241 | INFO | Train Loss=4.6305, Train Acc=1.58%
2025-06-05 22:54:15,241 | INFO | Val Loss=4.6298, Val Acc=2.33%
2025-06-05 22:54:15,241 | INFO | Train Gamma Loss=-0.0099 | Val Gamma Loss=0.0006864566239528358
2025-06-05 22:54:36,486 | INFO | Epoch: 57 | Time: 21.23s
2025-06-05 22:54:36,486 | INFO | Train Loss=4.6198, Train Acc=2.17%
2025-06-05 22:54:36,486 | INFO | Val Loss=4.6344, Val Acc=1.67%
2025-06-05 22:54:36,486 | INFO | Train Gamma Loss=-0.0098 | Val Gamma Loss=0.0009360074182040989
2025-06-05 22:54:57,864 | INFO | Epoch: 58 | Time: 21.37s
2025-06-05 22:54:57,864 | INFO | Train Loss=4.5926, Train Acc=2.67%
2025-06-05 22:54:57,864 | INFO | Val Loss=4.6135, Val Acc=2.50%
2025-06-05 22:54:57,864 | INFO | Train Gamma Loss=-0.0098 | Val Gamma Loss=0.0007388085359707475
2025-06-05 22:54:57,865 | INFO | New best model saved (val loss = 4.6135)
2025-06-05 22:55:20,452 | INFO | Epoch: 59 | Time: 22.57s
2025-06-05 22:55:20,453 | INFO | Train Loss=4.6033, Train Acc=2.75%
2025-06-05 22:55:20,453 | INFO | Val Loss=4.6029, Val Acc=2.33%
2025-06-05 22:55:20,453 | INFO | Train Gamma Loss=-0.0098 | Val Gamma Loss=0.0007765049231238663
2025-06-05 22:55:20,454 | INFO | New best model saved (val loss = 4.6029)
2025-06-05 22:55:42,602 | INFO | Epoch: 60 | Time: 22.10s
2025-06-05 22:55:42,602 | INFO | Train Loss=4.5925, Train Acc=3.50%
2025-06-05 22:55:42,602 | INFO | Val Loss=4.5874, Val Acc=2.75%
2025-06-05 22:55:42,602 | INFO | Train Gamma Loss=-0.0100 | Val Gamma Loss=0.0004883329966105521
2025-06-05 22:55:42,603 | INFO | New best model saved (val loss = 4.5874)
2025-06-05 22:56:05,681 | INFO | Epoch: 61 | Time: 23.06s
2025-06-05 22:56:05,681 | INFO | Train Loss=4.6072, Train Acc=3.00%
2025-06-05 22:56:05,681 | INFO | Val Loss=4.5891, Val Acc=2.08%
2025-06-05 22:56:05,681 | INFO | Train Gamma Loss=-0.0102 | Val Gamma Loss=0.0005427951691672206
2025-06-05 22:56:26,977 | INFO | Epoch: 62 | Time: 21.28s
2025-06-05 22:56:26,977 | INFO | Train Loss=4.5843, Train Acc=3.67%
2025-06-05 22:56:26,977 | INFO | Val Loss=4.5730, Val Acc=2.42%
2025-06-05 22:56:26,977 | INFO | Train Gamma Loss=-0.0100 | Val Gamma Loss=0.0006425886531360447
2025-06-05 22:56:26,978 | INFO | New best model saved (val loss = 4.5730)
2025-06-05 22:56:49,111 | INFO | Epoch: 63 | Time: 22.11s
2025-06-05 22:56:49,111 | INFO | Train Loss=4.5710, Train Acc=3.50%
2025-06-05 22:56:49,111 | INFO | Val Loss=4.6029, Val Acc=2.33%
2025-06-05 22:56:49,111 | INFO | Train Gamma Loss=-0.0099 | Val Gamma Loss=0.0005465132999233902
2025-06-05 22:57:11,386 | INFO | Epoch: 64 | Time: 22.26s
2025-06-05 22:57:11,386 | INFO | Train Loss=4.6004, Train Acc=2.50%
2025-06-05 22:57:11,386 | INFO | Val Loss=4.7593, Val Acc=2.17%
2025-06-05 22:57:11,386 | INFO | Train Gamma Loss=-0.0100 | Val Gamma Loss=0.0008055414073169231
2025-06-05 22:57:34,284 | INFO | Epoch: 65 | Time: 22.89s
2025-06-05 22:57:34,284 | INFO | Train Loss=4.6362, Train Acc=2.50%
2025-06-05 22:57:34,284 | INFO | Val Loss=4.6265, Val Acc=2.42%
2025-06-05 22:57:34,284 | INFO | Train Gamma Loss=-0.0101 | Val Gamma Loss=0.00048045467701740563
2025-06-05 22:57:58,952 | INFO | Epoch: 66 | Time: 24.64s
2025-06-05 22:57:58,953 | INFO | Train Loss=4.5896, Train Acc=2.67%
2025-06-05 22:57:58,953 | INFO | Val Loss=4.5790, Val Acc=3.25%
2025-06-05 22:57:58,953 | INFO | Train Gamma Loss=-0.0100 | Val Gamma Loss=0.0005435796920210123
2025-06-05 22:58:22,507 | INFO | Epoch: 67 | Time: 23.54s
2025-06-05 22:58:22,507 | INFO | Train Loss=4.5651, Train Acc=3.50%
2025-06-05 22:58:22,507 | INFO | Val Loss=4.5794, Val Acc=3.08%
2025-06-05 22:58:22,508 | INFO | Train Gamma Loss=-0.0100 | Val Gamma Loss=0.0004654913500417024
2025-06-05 22:58:44,810 | INFO | Epoch: 68 | Time: 22.29s
2025-06-05 22:58:44,810 | INFO | Train Loss=4.5502, Train Acc=3.58%
2025-06-05 22:58:44,810 | INFO | Val Loss=4.5848, Val Acc=2.33%
2025-06-05 22:58:44,810 | INFO | Train Gamma Loss=-0.0101 | Val Gamma Loss=0.00043853092938661575
2025-06-05 22:59:07,876 | INFO | Epoch: 69 | Time: 23.05s
2025-06-05 22:59:07,876 | INFO | Train Loss=4.5490, Train Acc=3.92%
2025-06-05 22:59:07,876 | INFO | Val Loss=4.6019, Val Acc=3.08%
2025-06-05 22:59:07,877 | INFO | Train Gamma Loss=-0.0102 | Val Gamma Loss=0.00042076155659742653
2025-06-05 22:59:29,910 | INFO | Epoch: 70 | Time: 22.02s
2025-06-05 22:59:29,910 | INFO | Train Loss=4.5875, Train Acc=2.67%
2025-06-05 22:59:29,910 | INFO | Val Loss=4.5921, Val Acc=2.58%
2025-06-05 22:59:29,910 | INFO | Train Gamma Loss=-0.0101 | Val Gamma Loss=0.000423712219344452
2025-06-05 22:59:54,775 | INFO | Epoch: 71 | Time: 24.85s
2025-06-05 22:59:54,775 | INFO | Train Loss=4.5723, Train Acc=3.25%
2025-06-05 22:59:54,775 | INFO | Val Loss=4.5826, Val Acc=2.50%
2025-06-05 22:59:54,775 | INFO | Train Gamma Loss=-0.0101 | Val Gamma Loss=0.000498036970384419
2025-06-05 23:00:23,812 | INFO | Epoch: 72 | Time: 29.02s
2025-06-05 23:00:23,812 | INFO | Train Loss=4.5356, Train Acc=3.67%
2025-06-05 23:00:23,812 | INFO | Val Loss=4.5775, Val Acc=2.25%
2025-06-05 23:00:23,812 | INFO | Train Gamma Loss=-0.0100 | Val Gamma Loss=0.0005483014392666519
2025-06-05 23:00:48,641 | INFO | Epoch: 73 | Time: 24.82s
2025-06-05 23:00:48,642 | INFO | Train Loss=4.5234, Train Acc=3.67%
2025-06-05 23:00:48,642 | INFO | Val Loss=4.6184, Val Acc=2.58%
2025-06-05 23:00:48,642 | INFO | Train Gamma Loss=-0.0099 | Val Gamma Loss=0.0004987043794244528
2025-06-05 23:01:11,011 | INFO | Epoch: 74 | Time: 22.36s
2025-06-05 23:01:11,011 | INFO | Train Loss=4.5547, Train Acc=3.50%
2025-06-05 23:01:11,011 | INFO | Val Loss=4.5757, Val Acc=2.08%
2025-06-05 23:01:11,011 | INFO | Train Gamma Loss=-0.0099 | Val Gamma Loss=0.0005885930731892586
2025-06-05 23:01:37,393 | INFO | Epoch: 75 | Time: 26.36s
2025-06-05 23:01:37,393 | INFO | Train Loss=4.5594, Train Acc=3.17%
2025-06-05 23:01:37,393 | INFO | Val Loss=4.5754, Val Acc=2.33%
2025-06-05 23:01:37,393 | INFO | Train Gamma Loss=-0.0099 | Val Gamma Loss=0.0005610839580185711
2025-06-05 23:01:59,248 | INFO | Epoch: 76 | Time: 21.84s
2025-06-05 23:01:59,248 | INFO | Train Loss=4.5383, Train Acc=3.67%
2025-06-05 23:01:59,248 | INFO | Val Loss=4.5671, Val Acc=1.92%
2025-06-05 23:01:59,248 | INFO | Train Gamma Loss=-0.0100 | Val Gamma Loss=0.00054839754011482
2025-06-05 23:01:59,249 | INFO | New best model saved (val loss = 4.5671)
2025-06-05 23:02:21,102 | INFO | Epoch: 77 | Time: 21.84s
2025-06-05 23:02:21,102 | INFO | Train Loss=4.5647, Train Acc=4.75%
2025-06-05 23:02:21,102 | INFO | Val Loss=4.5768, Val Acc=2.58%
2025-06-05 23:02:21,102 | INFO | Train Gamma Loss=-0.0100 | Val Gamma Loss=0.00046619705972261727
2025-06-05 23:02:47,004 | INFO | Epoch: 78 | Time: 25.89s
2025-06-05 23:02:47,004 | INFO | Train Loss=4.5449, Train Acc=3.75%
2025-06-05 23:02:47,004 | INFO | Val Loss=4.5636, Val Acc=2.25%
2025-06-05 23:02:47,004 | INFO | Train Gamma Loss=-0.0101 | Val Gamma Loss=0.0004792054241988808
2025-06-05 23:02:47,006 | INFO | New best model saved (val loss = 4.5636)
2025-06-05 23:03:09,183 | INFO | Epoch: 79 | Time: 22.14s
2025-06-05 23:03:09,183 | INFO | Train Loss=4.5091, Train Acc=4.17%
2025-06-05 23:03:09,183 | INFO | Val Loss=4.5800, Val Acc=2.17%
2025-06-05 23:03:09,183 | INFO | Train Gamma Loss=-0.0101 | Val Gamma Loss=0.0005187797360122204
2025-06-05 23:03:31,593 | INFO | Epoch: 80 | Time: 22.39s
2025-06-05 23:03:31,593 | INFO | Train Loss=4.5198, Train Acc=4.25%
2025-06-05 23:03:31,593 | INFO | Val Loss=4.5750, Val Acc=2.33%
2025-06-05 23:03:31,593 | INFO | Train Gamma Loss=-0.0100 | Val Gamma Loss=0.0005594281246885657
2025-06-05 23:03:53,177 | INFO | Epoch: 81 | Time: 21.57s
2025-06-05 23:03:53,177 | INFO | Train Loss=4.5302, Train Acc=4.75%
2025-06-05 23:03:53,177 | INFO | Val Loss=4.5687, Val Acc=2.83%
2025-06-05 23:03:53,177 | INFO | Train Gamma Loss=-0.0100 | Val Gamma Loss=0.0005458049126900733
2025-06-05 23:04:14,387 | INFO | Epoch: 82 | Time: 21.20s
2025-06-05 23:04:14,387 | INFO | Train Loss=4.4836, Train Acc=3.83%
2025-06-05 23:04:14,387 | INFO | Val Loss=4.5669, Val Acc=2.25%
2025-06-05 23:04:14,387 | INFO | Train Gamma Loss=-0.0100 | Val Gamma Loss=0.0006263229879550636
2025-06-05 23:04:34,727 | INFO | Epoch: 83 | Time: 20.33s
2025-06-05 23:04:34,727 | INFO | Train Loss=4.5373, Train Acc=4.42%
2025-06-05 23:04:34,727 | INFO | Val Loss=4.5638, Val Acc=2.50%
2025-06-05 23:04:34,727 | INFO | Train Gamma Loss=-0.0100 | Val Gamma Loss=0.0005887607694603503
2025-06-05 23:04:56,701 | INFO | Epoch: 84 | Time: 21.95s
2025-06-05 23:04:56,701 | INFO | Train Loss=4.5129, Train Acc=4.92%
2025-06-05 23:04:56,701 | INFO | Val Loss=4.5561, Val Acc=2.58%
2025-06-05 23:04:56,701 | INFO | Train Gamma Loss=-0.0100 | Val Gamma Loss=0.0005394363543018699
2025-06-05 23:04:56,702 | INFO | New best model saved (val loss = 4.5561)
2025-06-05 23:05:18,422 | INFO | Epoch: 85 | Time: 21.70s
2025-06-05 23:05:18,422 | INFO | Train Loss=4.5219, Train Acc=3.75%
2025-06-05 23:05:18,422 | INFO | Val Loss=4.5579, Val Acc=2.67%
2025-06-05 23:05:18,422 | INFO | Train Gamma Loss=-0.0100 | Val Gamma Loss=0.0005745270755141973
2025-06-05 23:05:39,903 | INFO | Epoch: 86 | Time: 21.46s
2025-06-05 23:05:39,903 | INFO | Train Loss=4.5350, Train Acc=3.83%
2025-06-05 23:05:39,903 | INFO | Val Loss=4.5535, Val Acc=2.58%
2025-06-05 23:05:39,904 | INFO | Train Gamma Loss=-0.0100 | Val Gamma Loss=0.0005928074824623764
2025-06-05 23:05:39,905 | INFO | New best model saved (val loss = 4.5535)
2025-06-05 23:06:01,216 | INFO | Epoch: 87 | Time: 21.27s
2025-06-05 23:06:01,216 | INFO | Train Loss=4.5249, Train Acc=4.50%
2025-06-05 23:06:01,216 | INFO | Val Loss=4.5541, Val Acc=2.58%
2025-06-05 23:06:01,216 | INFO | Train Gamma Loss=-0.0099 | Val Gamma Loss=0.0005941553972661495
2025-06-05 23:06:22,980 | INFO | Epoch: 88 | Time: 21.75s
2025-06-05 23:06:22,980 | INFO | Train Loss=4.5367, Train Acc=4.17%
2025-06-05 23:06:22,980 | INFO | Val Loss=4.5490, Val Acc=2.75%
2025-06-05 23:06:22,980 | INFO | Train Gamma Loss=-0.0100 | Val Gamma Loss=0.0006074872799217701
2025-06-05 23:06:22,981 | INFO | New best model saved (val loss = 4.5490)
2025-06-05 23:06:44,599 | INFO | Epoch: 89 | Time: 21.60s
2025-06-05 23:06:44,600 | INFO | Train Loss=4.5483, Train Acc=3.75%
2025-06-05 23:06:44,600 | INFO | Val Loss=4.5487, Val Acc=2.58%
2025-06-05 23:06:44,600 | INFO | Train Gamma Loss=-0.0100 | Val Gamma Loss=0.0006294971099123359
2025-06-05 23:06:44,601 | INFO | New best model saved (val loss = 4.5487)
2025-06-05 23:07:09,797 | INFO | Epoch: 90 | Time: 25.15s
2025-06-05 23:07:09,798 | INFO | Train Loss=4.4797, Train Acc=4.42%
2025-06-05 23:07:09,798 | INFO | Val Loss=4.5581, Val Acc=2.92%
2025-06-05 23:07:09,798 | INFO | Train Gamma Loss=-0.0100 | Val Gamma Loss=0.0006345397559925914
2025-06-05 23:07:34,022 | INFO | Epoch: 91 | Time: 24.21s
2025-06-05 23:07:34,023 | INFO | Train Loss=4.4852, Train Acc=4.67%
2025-06-05 23:07:34,023 | INFO | Val Loss=4.5515, Val Acc=2.67%
2025-06-05 23:07:34,023 | INFO | Train Gamma Loss=-0.0099 | Val Gamma Loss=0.0005930439219810069
2025-06-05 23:07:54,674 | INFO | Epoch: 92 | Time: 20.63s
2025-06-05 23:07:54,674 | INFO | Train Loss=4.5019, Train Acc=4.08%
2025-06-05 23:07:54,674 | INFO | Val Loss=4.5554, Val Acc=2.83%
2025-06-05 23:07:54,674 | INFO | Train Gamma Loss=-0.0099 | Val Gamma Loss=0.0006130994879640639
2025-06-05 23:08:14,231 | INFO | Epoch: 93 | Time: 19.54s
2025-06-05 23:08:14,231 | INFO | Train Loss=4.4737, Train Acc=5.08%
2025-06-05 23:08:14,231 | INFO | Val Loss=4.5545, Val Acc=2.08%
2025-06-05 23:08:14,231 | INFO | Train Gamma Loss=-0.0100 | Val Gamma Loss=0.0005680285394191742
2025-06-05 23:08:35,864 | INFO | Epoch: 94 | Time: 21.62s
2025-06-05 23:08:35,864 | INFO | Train Loss=4.5350, Train Acc=4.17%
2025-06-05 23:08:35,864 | INFO | Val Loss=4.5554, Val Acc=2.33%
2025-06-05 23:08:35,864 | INFO | Train Gamma Loss=-0.0100 | Val Gamma Loss=0.0005752890137955546
2025-06-05 23:08:56,534 | INFO | Epoch: 95 | Time: 20.65s
2025-06-05 23:08:56,534 | INFO | Train Loss=4.4590, Train Acc=3.75%
2025-06-05 23:08:56,534 | INFO | Val Loss=4.5523, Val Acc=2.50%
2025-06-05 23:08:56,534 | INFO | Train Gamma Loss=-0.0099 | Val Gamma Loss=0.0005856850766576827
2025-06-05 23:09:15,491 | INFO | Epoch: 96 | Time: 18.94s
2025-06-05 23:09:15,491 | INFO | Train Loss=4.4489, Train Acc=3.92%
2025-06-05 23:09:15,491 | INFO | Val Loss=4.5555, Val Acc=2.67%
2025-06-05 23:09:15,491 | INFO | Train Gamma Loss=-0.0100 | Val Gamma Loss=0.0006054965197108686
2025-06-05 23:09:33,656 | INFO | Epoch: 97 | Time: 18.14s
2025-06-05 23:09:33,657 | INFO | Train Loss=4.4898, Train Acc=4.00%
2025-06-05 23:09:33,657 | INFO | Val Loss=4.5584, Val Acc=2.83%
2025-06-05 23:09:33,657 | INFO | Train Gamma Loss=-0.0100 | Val Gamma Loss=0.000604092376306653
2025-06-05 23:09:51,753 | INFO | Epoch: 98 | Time: 18.08s
2025-06-05 23:09:51,753 | INFO | Train Loss=4.5354, Train Acc=3.83%
2025-06-05 23:09:51,753 | INFO | Val Loss=4.5571, Val Acc=2.33%
2025-06-05 23:09:51,753 | INFO | Train Gamma Loss=-0.0100 | Val Gamma Loss=0.0005997265106998384
2025-06-05 23:10:09,695 | INFO | Epoch: 99 | Time: 17.93s
2025-06-05 23:10:09,695 | INFO | Train Loss=4.5189, Train Acc=4.00%
2025-06-05 23:10:09,695 | INFO | Val Loss=4.5567, Val Acc=2.67%
2025-06-05 23:10:09,695 | INFO | Train Gamma Loss=-0.0099 | Val Gamma Loss=0.000588472408708185
2025-06-05 23:10:27,614 | INFO | Epoch: 100 | Time: 17.90s
2025-06-05 23:10:27,614 | INFO | Train Loss=4.5113, Train Acc=4.50%
2025-06-05 23:10:27,614 | INFO | Val Loss=4.5555, Val Acc=2.50%
2025-06-05 23:10:27,615 | INFO | Train Gamma Loss=-0.0100 | Val Gamma Loss=0.0005755917518399656
2025-06-05 23:10:27,722 | INFO | Best model with lowest val loss 4.548707158941972 at 88 epoch is saved.
2025-06-05 23:11:41,837 | INFO | Test Accuracy: 2.81%
2025-06-05 23:11:41,959 | INFO | Last model with val loss 4.55551636846442 at 99 epoch is saved.
2025-06-05 23:12:48,991 | INFO | Test Accuracy: 2.81%
2025-06-05 23:12:49,007 | INFO | 
Job Completed
