2025-06-05 19:49:17,580 | INFO | Job Started
2025-06-05 19:49:17,581 | INFO | Logging run: /rds/general/user/psp20/home/Brain-Network/runs/resnet_5_2v2_sample_eff_0_25_20250605-194917
2025-06-05 19:49:17,584 | INFO | Using device: cuda
2025-06-05 19:49:17,584 | INFO | Training for 100 epochs
2025-06-05 19:49:17,584 | INFO | Debug mode: False
2025-06-05 19:49:17,584 | INFO | Downsampling by: 0.25
2025-06-05 19:49:17,584 | INFO | Auxiliary loss: {'loss_type': 0.01}
2025-06-05 19:49:17,584 | INFO | Train transforms: 
	Compose(
    RandomCrop(size=(32, 32), padding=4)
    RandomHorizontalFlip(p=0.5)
    ToTensor()
    Normalize(mean=(0.485, 0.456, 0.406), std=(0.229, 0.224, 0.225))
)
2025-06-05 19:49:17,584 | INFO | Test transforms: 
	Compose(
    ToTensor()
    Normalize(mean=(0.485, 0.456, 0.406), std=(0.229, 0.224, 0.225))
)
2025-06-05 19:49:20,032 | INFO | Full train/val size with downsampling (0.25): 12500
2025-06-05 19:49:20,033 | INFO | Using pretrained weights
2025-06-05 19:49:20,560 | INFO | Label smoothing: 0.1
2025-06-05 19:49:20,560 | INFO | Auxiliary loss: {'loss_type': 0.01}
2025-06-05 19:49:22,707 | INFO | Epoch: 1 | Time: 2.15s
2025-06-05 19:49:22,707 | INFO | Train Loss=2.3238, Train Acc=17.62%
2025-06-05 19:49:22,707 | INFO | Val Loss=2.0797, Val Acc=26.88%
2025-06-05 19:49:22,708 | INFO | New best model saved (val loss = 2.0797)
2025-06-05 19:49:24,841 | INFO | Epoch: 2 | Time: 2.13s
2025-06-05 19:49:24,841 | INFO | Train Loss=2.0061, Train Acc=33.34%
2025-06-05 19:49:24,841 | INFO | Val Loss=1.8017, Val Acc=37.76%
2025-06-05 19:49:24,842 | INFO | New best model saved (val loss = 1.8017)
2025-06-05 19:49:26,979 | INFO | Epoch: 3 | Time: 2.14s
2025-06-05 19:49:26,979 | INFO | Train Loss=1.3964, Train Acc=60.91%
2025-06-05 19:49:26,979 | INFO | Val Loss=0.9357, Val Acc=67.68%
2025-06-05 19:49:26,980 | INFO | New best model saved (val loss = 0.9357)
2025-06-05 19:49:29,119 | INFO | Epoch: 4 | Time: 2.14s
2025-06-05 19:49:29,119 | INFO | Train Loss=1.0746, Train Acc=75.70%
2025-06-05 19:49:29,120 | INFO | Val Loss=0.7694, Val Acc=74.00%
2025-06-05 19:49:29,120 | INFO | New best model saved (val loss = 0.7694)
2025-06-05 19:49:31,241 | INFO | Epoch: 5 | Time: 2.12s
2025-06-05 19:49:31,241 | INFO | Train Loss=0.9324, Train Acc=81.88%
2025-06-05 19:49:31,241 | INFO | Val Loss=0.7296, Val Acc=76.16%
2025-06-05 19:49:31,242 | INFO | New best model saved (val loss = 0.7296)
2025-06-05 19:49:33,378 | INFO | Epoch: 6 | Time: 2.14s
2025-06-05 19:49:33,378 | INFO | Train Loss=0.8562, Train Acc=85.55%
2025-06-05 19:49:33,378 | INFO | Val Loss=0.7040, Val Acc=77.60%
2025-06-05 19:49:33,379 | INFO | New best model saved (val loss = 0.7040)
2025-06-05 19:49:35,516 | INFO | Epoch: 7 | Time: 2.14s
2025-06-05 19:49:35,516 | INFO | Train Loss=0.7990, Train Acc=87.80%
2025-06-05 19:49:35,516 | INFO | Val Loss=0.6680, Val Acc=79.36%
2025-06-05 19:49:35,517 | INFO | New best model saved (val loss = 0.6680)
2025-06-05 19:49:37,645 | INFO | Epoch: 8 | Time: 2.13s
2025-06-05 19:49:37,645 | INFO | Train Loss=0.7422, Train Acc=90.32%
2025-06-05 19:49:37,645 | INFO | Val Loss=0.6242, Val Acc=81.84%
2025-06-05 19:49:37,646 | INFO | New best model saved (val loss = 0.6242)
2025-06-05 19:49:39,772 | INFO | Epoch: 9 | Time: 2.13s
2025-06-05 19:49:39,772 | INFO | Train Loss=0.6898, Train Acc=92.75%
2025-06-05 19:49:39,772 | INFO | Val Loss=0.5489, Val Acc=83.28%
2025-06-05 19:49:39,773 | INFO | New best model saved (val loss = 0.5489)
2025-06-05 19:49:41,904 | INFO | Epoch: 10 | Time: 2.13s
2025-06-05 19:49:41,904 | INFO | Train Loss=0.6524, Train Acc=94.59%
2025-06-05 19:49:41,904 | INFO | Val Loss=0.6511, Val Acc=80.80%
2025-06-05 19:49:44,040 | INFO | Epoch: 11 | Time: 2.14s
2025-06-05 19:49:44,040 | INFO | Train Loss=0.6342, Train Acc=95.15%
2025-06-05 19:49:44,040 | INFO | Val Loss=0.5328, Val Acc=85.04%
2025-06-05 19:49:44,041 | INFO | New best model saved (val loss = 0.5328)
2025-06-05 19:49:46,159 | INFO | Epoch: 12 | Time: 2.12s
2025-06-05 19:49:46,159 | INFO | Train Loss=0.6147, Train Acc=95.84%
2025-06-05 19:49:46,159 | INFO | Val Loss=0.5959, Val Acc=82.88%
2025-06-05 19:49:48,282 | INFO | Epoch: 13 | Time: 2.12s
2025-06-05 19:49:48,283 | INFO | Train Loss=0.5994, Train Acc=96.63%
2025-06-05 19:49:48,283 | INFO | Val Loss=0.5462, Val Acc=83.92%
2025-06-05 19:49:50,420 | INFO | Epoch: 14 | Time: 2.14s
2025-06-05 19:49:50,420 | INFO | Train Loss=0.5846, Train Acc=97.24%
2025-06-05 19:49:50,420 | INFO | Val Loss=0.4962, Val Acc=85.52%
2025-06-05 19:49:50,421 | INFO | New best model saved (val loss = 0.4962)
2025-06-05 19:49:52,554 | INFO | Epoch: 15 | Time: 2.13s
2025-06-05 19:49:52,554 | INFO | Train Loss=0.5780, Train Acc=97.51%
2025-06-05 19:49:52,554 | INFO | Val Loss=0.5426, Val Acc=85.20%
2025-06-05 19:49:54,676 | INFO | Epoch: 16 | Time: 2.12s
2025-06-05 19:49:54,676 | INFO | Train Loss=0.5675, Train Acc=97.94%
2025-06-05 19:49:54,676 | INFO | Val Loss=0.5046, Val Acc=86.88%
2025-06-05 19:49:56,816 | INFO | Epoch: 17 | Time: 2.14s
2025-06-05 19:49:56,817 | INFO | Train Loss=0.5696, Train Acc=97.71%
2025-06-05 19:49:56,817 | INFO | Val Loss=0.5052, Val Acc=85.68%
2025-06-05 19:49:58,958 | INFO | Epoch: 18 | Time: 2.14s
2025-06-05 19:49:58,958 | INFO | Train Loss=0.5541, Train Acc=98.58%
2025-06-05 19:49:58,958 | INFO | Val Loss=0.4946, Val Acc=87.20%
2025-06-05 19:49:58,959 | INFO | New best model saved (val loss = 0.4946)
2025-06-05 19:50:01,079 | INFO | Epoch: 19 | Time: 2.12s
2025-06-05 19:50:01,079 | INFO | Train Loss=0.5454, Train Acc=98.86%
2025-06-05 19:50:01,079 | INFO | Val Loss=0.4733, Val Acc=86.96%
2025-06-05 19:50:01,080 | INFO | New best model saved (val loss = 0.4733)
2025-06-05 19:50:03,193 | INFO | Epoch: 20 | Time: 2.11s
2025-06-05 19:50:03,194 | INFO | Train Loss=0.5409, Train Acc=98.76%
2025-06-05 19:50:03,194 | INFO | Val Loss=0.4635, Val Acc=87.76%
2025-06-05 19:50:03,195 | INFO | New best model saved (val loss = 0.4635)
2025-06-05 19:50:05,322 | INFO | Epoch: 21 | Time: 2.13s
2025-06-05 19:50:05,323 | INFO | Train Loss=0.5399, Train Acc=99.03%
2025-06-05 19:50:05,323 | INFO | Val Loss=0.4683, Val Acc=86.80%
2025-06-05 19:50:07,450 | INFO | Epoch: 22 | Time: 2.13s
2025-06-05 19:50:07,451 | INFO | Train Loss=0.5375, Train Acc=98.92%
2025-06-05 19:50:07,451 | INFO | Val Loss=0.4530, Val Acc=87.60%
2025-06-05 19:50:07,452 | INFO | New best model saved (val loss = 0.4530)
2025-06-05 19:50:09,576 | INFO | Epoch: 23 | Time: 2.12s
2025-06-05 19:50:09,576 | INFO | Train Loss=0.5363, Train Acc=99.00%
2025-06-05 19:50:09,576 | INFO | Val Loss=0.4774, Val Acc=86.80%
2025-06-05 19:50:11,695 | INFO | Epoch: 24 | Time: 2.12s
2025-06-05 19:50:11,695 | INFO | Train Loss=0.5347, Train Acc=99.03%
2025-06-05 19:50:11,696 | INFO | Val Loss=0.4664, Val Acc=86.72%
2025-06-05 19:50:13,816 | INFO | Epoch: 25 | Time: 2.12s
2025-06-05 19:50:13,817 | INFO | Train Loss=0.5381, Train Acc=98.84%
2025-06-05 19:50:13,817 | INFO | Val Loss=0.5611, Val Acc=84.32%
2025-06-05 19:50:15,942 | INFO | Epoch: 26 | Time: 2.13s
2025-06-05 19:50:15,942 | INFO | Train Loss=0.5373, Train Acc=98.91%
2025-06-05 19:50:15,942 | INFO | Val Loss=0.4746, Val Acc=87.52%
2025-06-05 19:50:18,076 | INFO | Epoch: 27 | Time: 2.13s
2025-06-05 19:50:18,077 | INFO | Train Loss=0.5334, Train Acc=99.00%
2025-06-05 19:50:18,077 | INFO | Val Loss=0.4698, Val Acc=86.80%
2025-06-05 19:50:20,207 | INFO | Epoch: 28 | Time: 2.13s
2025-06-05 19:50:20,208 | INFO | Train Loss=0.5279, Train Acc=99.24%
2025-06-05 19:50:20,208 | INFO | Val Loss=0.5108, Val Acc=85.04%
2025-06-05 19:50:22,336 | INFO | Epoch: 29 | Time: 2.13s
2025-06-05 19:50:22,336 | INFO | Train Loss=0.5286, Train Acc=99.24%
2025-06-05 19:50:22,336 | INFO | Val Loss=0.4753, Val Acc=87.12%
2025-06-05 19:50:24,465 | INFO | Epoch: 30 | Time: 2.13s
2025-06-05 19:50:24,465 | INFO | Train Loss=0.5278, Train Acc=99.18%
2025-06-05 19:50:24,465 | INFO | Val Loss=0.5321, Val Acc=85.60%
2025-06-05 19:50:26,605 | INFO | Epoch: 31 | Time: 2.14s
2025-06-05 19:50:26,605 | INFO | Train Loss=0.5288, Train Acc=99.19%
2025-06-05 19:50:26,605 | INFO | Val Loss=0.4769, Val Acc=87.04%
2025-06-05 19:50:28,727 | INFO | Epoch: 32 | Time: 2.12s
2025-06-05 19:50:28,727 | INFO | Train Loss=0.5256, Train Acc=99.25%
2025-06-05 19:50:28,727 | INFO | Val Loss=0.4587, Val Acc=88.00%
2025-06-05 19:50:30,863 | INFO | Epoch: 33 | Time: 2.14s
2025-06-05 19:50:30,863 | INFO | Train Loss=0.5232, Train Acc=99.46%
2025-06-05 19:50:30,863 | INFO | Val Loss=0.4902, Val Acc=86.56%
2025-06-05 19:50:32,998 | INFO | Epoch: 34 | Time: 2.13s
2025-06-05 19:50:32,998 | INFO | Train Loss=0.5242, Train Acc=99.32%
2025-06-05 19:50:32,998 | INFO | Val Loss=0.4840, Val Acc=86.88%
2025-06-05 19:50:35,114 | INFO | Epoch: 35 | Time: 2.12s
2025-06-05 19:50:35,114 | INFO | Train Loss=0.5176, Train Acc=99.66%
2025-06-05 19:50:35,114 | INFO | Val Loss=0.4571, Val Acc=88.08%
2025-06-05 19:50:37,245 | INFO | Epoch: 36 | Time: 2.13s
2025-06-05 19:50:37,245 | INFO | Train Loss=0.5166, Train Acc=99.59%
2025-06-05 19:50:37,245 | INFO | Val Loss=0.4602, Val Acc=86.88%
2025-06-05 19:50:39,380 | INFO | Epoch: 37 | Time: 2.13s
2025-06-05 19:50:39,380 | INFO | Train Loss=0.5185, Train Acc=99.45%
2025-06-05 19:50:39,380 | INFO | Val Loss=0.4531, Val Acc=88.24%
2025-06-05 19:50:41,511 | INFO | Epoch: 38 | Time: 2.13s
2025-06-05 19:50:41,512 | INFO | Train Loss=0.5189, Train Acc=99.53%
2025-06-05 19:50:41,512 | INFO | Val Loss=0.4370, Val Acc=88.88%
2025-06-05 19:50:41,513 | INFO | New best model saved (val loss = 0.4370)
2025-06-05 19:50:43,627 | INFO | Epoch: 39 | Time: 2.11s
2025-06-05 19:50:43,627 | INFO | Train Loss=0.5141, Train Acc=99.64%
2025-06-05 19:50:43,627 | INFO | Val Loss=0.4230, Val Acc=88.88%
2025-06-05 19:50:43,628 | INFO | New best model saved (val loss = 0.4230)
2025-06-05 19:50:45,738 | INFO | Epoch: 40 | Time: 2.11s
2025-06-05 19:50:45,738 | INFO | Train Loss=0.5140, Train Acc=99.65%
2025-06-05 19:50:45,738 | INFO | Val Loss=0.4165, Val Acc=89.44%
2025-06-05 19:50:45,739 | INFO | New best model saved (val loss = 0.4165)
2025-06-05 19:50:47,855 | INFO | Epoch: 41 | Time: 2.12s
2025-06-05 19:50:47,856 | INFO | Train Loss=0.5131, Train Acc=99.68%
2025-06-05 19:50:47,856 | INFO | Val Loss=0.4381, Val Acc=88.00%
2025-06-05 19:50:49,984 | INFO | Epoch: 42 | Time: 2.13s
2025-06-05 19:50:49,984 | INFO | Train Loss=0.5102, Train Acc=99.84%
2025-06-05 19:50:49,984 | INFO | Val Loss=0.4221, Val Acc=89.52%
2025-06-05 19:50:52,123 | INFO | Epoch: 43 | Time: 2.14s
2025-06-05 19:50:52,123 | INFO | Train Loss=0.5102, Train Acc=99.77%
2025-06-05 19:50:52,123 | INFO | Val Loss=0.4660, Val Acc=88.24%
2025-06-05 19:50:54,267 | INFO | Epoch: 44 | Time: 2.14s
2025-06-05 19:50:54,267 | INFO | Train Loss=0.5084, Train Acc=99.80%
2025-06-05 19:50:54,267 | INFO | Val Loss=0.4433, Val Acc=88.64%
2025-06-05 19:50:56,401 | INFO | Epoch: 45 | Time: 2.13s
2025-06-05 19:50:56,401 | INFO | Train Loss=0.5069, Train Acc=99.90%
2025-06-05 19:50:56,401 | INFO | Val Loss=0.4306, Val Acc=89.52%
2025-06-05 19:50:58,525 | INFO | Epoch: 46 | Time: 2.12s
2025-06-05 19:50:58,525 | INFO | Train Loss=0.5067, Train Acc=99.88%
2025-06-05 19:50:58,525 | INFO | Val Loss=0.4304, Val Acc=88.96%
2025-06-05 19:51:00,639 | INFO | Epoch: 47 | Time: 2.11s
2025-06-05 19:51:00,639 | INFO | Train Loss=0.5069, Train Acc=99.87%
2025-06-05 19:51:00,639 | INFO | Val Loss=0.4214, Val Acc=89.20%
2025-06-05 19:51:02,763 | INFO | Epoch: 48 | Time: 2.12s
2025-06-05 19:51:02,763 | INFO | Train Loss=0.5051, Train Acc=99.96%
2025-06-05 19:51:02,763 | INFO | Val Loss=0.4167, Val Acc=90.00%
2025-06-05 19:51:04,884 | INFO | Epoch: 49 | Time: 2.12s
2025-06-05 19:51:04,884 | INFO | Train Loss=0.5057, Train Acc=99.90%
2025-06-05 19:51:04,884 | INFO | Val Loss=0.4120, Val Acc=89.52%
2025-06-05 19:51:04,885 | INFO | New best model saved (val loss = 0.4120)
2025-06-05 19:51:07,002 | INFO | Epoch: 50 | Time: 2.12s
2025-06-05 19:51:07,002 | INFO | Train Loss=0.5047, Train Acc=99.92%
2025-06-05 19:51:07,002 | INFO | Val Loss=0.4141, Val Acc=89.60%
2025-06-05 19:51:09,129 | INFO | Epoch: 51 | Time: 2.13s
2025-06-05 19:51:09,130 | INFO | Train Loss=0.5043, Train Acc=99.93%
2025-06-05 19:51:09,130 | INFO | Val Loss=0.4315, Val Acc=88.64%
2025-06-05 19:51:11,244 | INFO | Epoch: 52 | Time: 2.11s
2025-06-05 19:51:11,245 | INFO | Train Loss=0.5038, Train Acc=99.97%
2025-06-05 19:51:11,245 | INFO | Val Loss=0.3858, Val Acc=90.40%
2025-06-05 19:51:11,246 | INFO | New best model saved (val loss = 0.3858)
2025-06-05 19:51:13,362 | INFO | Epoch: 53 | Time: 2.12s
2025-06-05 19:51:13,362 | INFO | Train Loss=0.5034, Train Acc=99.96%
2025-06-05 19:51:13,362 | INFO | Val Loss=0.4309, Val Acc=89.28%
2025-06-05 19:51:15,527 | INFO | Epoch: 54 | Time: 2.16s
2025-06-05 19:51:15,527 | INFO | Train Loss=0.5035, Train Acc=99.96%
2025-06-05 19:51:15,527 | INFO | Val Loss=0.4095, Val Acc=89.84%
2025-06-05 19:51:17,653 | INFO | Epoch: 55 | Time: 2.13s
2025-06-05 19:51:17,654 | INFO | Train Loss=0.5036, Train Acc=99.94%
2025-06-05 19:51:17,654 | INFO | Val Loss=0.4118, Val Acc=89.12%
2025-06-05 19:51:19,787 | INFO | Epoch: 56 | Time: 2.13s
2025-06-05 19:51:19,787 | INFO | Train Loss=0.5026, Train Acc=99.98%
2025-06-05 19:51:19,787 | INFO | Val Loss=0.4114, Val Acc=89.68%
2025-06-05 19:51:21,952 | INFO | Epoch: 57 | Time: 2.16s
2025-06-05 19:51:21,952 | INFO | Train Loss=0.5026, Train Acc=100.00%
2025-06-05 19:51:21,952 | INFO | Val Loss=0.4023, Val Acc=89.52%
2025-06-05 19:51:24,082 | INFO | Epoch: 58 | Time: 2.13s
2025-06-05 19:51:24,082 | INFO | Train Loss=0.5021, Train Acc=99.99%
2025-06-05 19:51:24,082 | INFO | Val Loss=0.3772, Val Acc=89.92%
2025-06-05 19:51:24,083 | INFO | New best model saved (val loss = 0.3772)
2025-06-05 19:51:26,240 | INFO | Epoch: 59 | Time: 2.16s
2025-06-05 19:51:26,240 | INFO | Train Loss=0.5024, Train Acc=99.98%
2025-06-05 19:51:26,240 | INFO | Val Loss=0.4188, Val Acc=89.44%
2025-06-05 19:51:28,364 | INFO | Epoch: 60 | Time: 2.12s
2025-06-05 19:51:28,364 | INFO | Train Loss=0.5027, Train Acc=99.96%
2025-06-05 19:51:28,364 | INFO | Val Loss=0.4060, Val Acc=89.84%
2025-06-05 19:51:30,500 | INFO | Epoch: 61 | Time: 2.14s
2025-06-05 19:51:30,501 | INFO | Train Loss=0.5023, Train Acc=99.98%
2025-06-05 19:51:30,501 | INFO | Val Loss=0.4010, Val Acc=90.72%
2025-06-05 19:51:32,615 | INFO | Epoch: 62 | Time: 2.11s
2025-06-05 19:51:32,615 | INFO | Train Loss=0.5021, Train Acc=100.00%
2025-06-05 19:51:32,615 | INFO | Val Loss=0.4229, Val Acc=89.60%
2025-06-05 19:51:34,717 | INFO | Epoch: 63 | Time: 2.10s
2025-06-05 19:51:34,718 | INFO | Train Loss=0.5019, Train Acc=99.99%
2025-06-05 19:51:34,718 | INFO | Val Loss=0.4145, Val Acc=89.12%
2025-06-05 19:51:36,828 | INFO | Epoch: 64 | Time: 2.11s
2025-06-05 19:51:36,828 | INFO | Train Loss=0.5019, Train Acc=99.99%
2025-06-05 19:51:36,828 | INFO | Val Loss=0.4166, Val Acc=89.28%
2025-06-05 19:51:38,951 | INFO | Epoch: 65 | Time: 2.12s
2025-06-05 19:51:38,951 | INFO | Train Loss=0.5015, Train Acc=100.00%
2025-06-05 19:51:38,951 | INFO | Val Loss=0.3989, Val Acc=90.64%
2025-06-05 19:51:41,070 | INFO | Epoch: 66 | Time: 2.12s
2025-06-05 19:51:41,070 | INFO | Train Loss=0.5019, Train Acc=99.98%
2025-06-05 19:51:41,070 | INFO | Val Loss=0.4102, Val Acc=90.08%
2025-06-05 19:51:43,189 | INFO | Epoch: 67 | Time: 2.12s
2025-06-05 19:51:43,189 | INFO | Train Loss=0.5020, Train Acc=99.99%
2025-06-05 19:51:43,189 | INFO | Val Loss=0.3840, Val Acc=90.32%
2025-06-05 19:51:45,314 | INFO | Epoch: 68 | Time: 2.12s
2025-06-05 19:51:45,314 | INFO | Train Loss=0.5017, Train Acc=100.00%
2025-06-05 19:51:45,314 | INFO | Val Loss=0.4002, Val Acc=90.32%
2025-06-05 19:51:47,430 | INFO | Epoch: 69 | Time: 2.11s
2025-06-05 19:51:47,430 | INFO | Train Loss=0.5016, Train Acc=100.00%
2025-06-05 19:51:47,430 | INFO | Val Loss=0.3997, Val Acc=89.76%
2025-06-05 19:51:49,551 | INFO | Epoch: 70 | Time: 2.12s
2025-06-05 19:51:49,551 | INFO | Train Loss=0.5016, Train Acc=100.00%
2025-06-05 19:51:49,551 | INFO | Val Loss=0.3914, Val Acc=90.48%
2025-06-05 19:51:51,671 | INFO | Epoch: 71 | Time: 2.12s
2025-06-05 19:51:51,671 | INFO | Train Loss=0.5015, Train Acc=100.00%
2025-06-05 19:51:51,671 | INFO | Val Loss=0.3890, Val Acc=90.80%
2025-06-05 19:51:53,781 | INFO | Epoch: 72 | Time: 2.11s
2025-06-05 19:51:53,781 | INFO | Train Loss=0.5016, Train Acc=100.00%
2025-06-05 19:51:53,781 | INFO | Val Loss=0.4011, Val Acc=90.24%
2025-06-05 19:51:55,894 | INFO | Epoch: 73 | Time: 2.11s
2025-06-05 19:51:55,895 | INFO | Train Loss=0.5015, Train Acc=100.00%
2025-06-05 19:51:55,895 | INFO | Val Loss=0.4007, Val Acc=89.76%
2025-06-05 19:51:58,012 | INFO | Epoch: 74 | Time: 2.12s
2025-06-05 19:51:58,012 | INFO | Train Loss=0.5014, Train Acc=100.00%
2025-06-05 19:51:58,012 | INFO | Val Loss=0.3867, Val Acc=90.32%
2025-06-05 19:52:00,137 | INFO | Epoch: 75 | Time: 2.12s
2025-06-05 19:52:00,138 | INFO | Train Loss=0.5013, Train Acc=100.00%
2025-06-05 19:52:00,138 | INFO | Val Loss=0.3848, Val Acc=90.80%
2025-06-05 19:52:02,255 | INFO | Epoch: 76 | Time: 2.12s
2025-06-05 19:52:02,255 | INFO | Train Loss=0.5015, Train Acc=100.00%
2025-06-05 19:52:02,255 | INFO | Val Loss=0.3826, Val Acc=90.72%
2025-06-05 19:52:04,400 | INFO | Epoch: 77 | Time: 2.14s
2025-06-05 19:52:04,400 | INFO | Train Loss=0.5013, Train Acc=100.00%
2025-06-05 19:52:04,400 | INFO | Val Loss=0.3783, Val Acc=90.56%
2025-06-05 19:52:06,533 | INFO | Epoch: 78 | Time: 2.13s
2025-06-05 19:52:06,533 | INFO | Train Loss=0.5012, Train Acc=100.00%
2025-06-05 19:52:06,533 | INFO | Val Loss=0.3868, Val Acc=91.04%
2025-06-05 19:52:06,533 | INFO | Early stopping triggered at epoch 78
2025-06-05 19:52:06,603 | INFO | Best model with lowest val loss 0.3771603643894196 at 57 epoch is saved.
2025-06-05 19:52:07,437 | INFO | Test Accuracy: 90.51%
2025-06-05 19:52:07,518 | INFO | Last model with val loss 0.38678136467933655 at 77 epoch is saved.
2025-06-05 19:52:08,342 | INFO | Test Accuracy: 90.51%
2025-06-05 19:52:08,351 | INFO | 
Job Completed
