2025-05-29 21:32:09,638 | INFO | Job Started
2025-05-29 21:32:09,638 | INFO | Logging run: /rds/general/user/psp20/home/Brain-Network/runs/zoomvit_4_5_acc_20250529-213209
2025-05-29 21:32:09,935 | INFO | Using device: cuda
2025-05-29 21:32:09,935 | INFO | Training for 100 epochs
2025-05-29 21:32:09,935 | INFO | Debug mode: False
2025-05-29 21:32:09,935 | INFO | Downsampling by: 0
2025-05-29 21:32:09,935 | INFO | Auxiliary loss: {'attention_entropy_loss': 0.1}
2025-05-29 21:32:09,935 | INFO | Train transforms: 
	Compose(
    RandomCrop(size=(32, 32), padding=4)
    RandomHorizontalFlip(p=0.5)
    ColorJitter(brightness=(0.8, 1.2), contrast=(0.8, 1.2), saturation=(0.8, 1.2), hue=None)
    ToTensor()
    Normalize(mean=(0.485, 0.456, 0.406), std=(0.229, 0.224, 0.225))
)
2025-05-29 21:32:09,936 | INFO | Test transforms: 
	Compose(
    ToTensor()
    Normalize(mean=(0.485, 0.456, 0.406), std=(0.229, 0.224, 0.225))
)
2025-05-29 21:32:12,371 | INFO | Full train/val size with downsampling (0): 50000
2025-05-29 21:32:12,409 | INFO | Using pretrained weights
2025-05-29 21:32:13,692 | INFO | Using mixup function and SoftTargetCrossEntropy
2025-05-29 21:32:13,692 | INFO | Auxiliary loss: {'attention_entropy_loss': 0.1}
2025-05-29 21:32:34,583 | INFO | Epoch: 1 | Time: 20.89s
2025-05-29 21:32:34,583 | INFO | Train Loss=2.3468, Train Acc=35.00%
2025-05-29 21:32:34,583 | INFO | Val Loss=1.8303, Val Acc=50.96%
2025-05-29 21:32:34,583 | INFO | Train Gamma Loss=0.4048 | Val Gamma Loss=0.4159001410007477
2025-05-29 21:32:34,585 | INFO | New best model saved (val loss = 1.8303)
2025-05-29 21:32:49,176 | INFO | Epoch: 2 | Time: 14.59s
2025-05-29 21:32:49,176 | INFO | Train Loss=2.0715, Train Acc=50.13%
2025-05-29 21:32:49,176 | INFO | Val Loss=1.4990, Val Acc=60.40%
2025-05-29 21:32:49,176 | INFO | Train Gamma Loss=0.3801 | Val Gamma Loss=0.3152930736541748
2025-05-29 21:32:49,178 | INFO | New best model saved (val loss = 1.4990)
2025-05-29 21:33:03,808 | INFO | Epoch: 3 | Time: 14.63s
2025-05-29 21:33:03,809 | INFO | Train Loss=1.4270, Train Acc=66.17%
2025-05-29 21:33:03,809 | INFO | Val Loss=0.6306, Val Acc=80.60%
2025-05-29 21:33:03,809 | INFO | Train Gamma Loss=0.0147 | Val Gamma Loss=0.005399229936301708
2025-05-29 21:33:03,810 | INFO | New best model saved (val loss = 0.6306)
2025-05-29 21:33:18,413 | INFO | Epoch: 4 | Time: 14.60s
2025-05-29 21:33:18,413 | INFO | Train Loss=1.2787, Train Acc=73.91%
2025-05-29 21:33:18,413 | INFO | Val Loss=0.5042, Val Acc=85.76%
2025-05-29 21:33:18,413 | INFO | Train Gamma Loss=-0.0066 | Val Gamma Loss=0.003568215062841773
2025-05-29 21:33:18,415 | INFO | New best model saved (val loss = 0.5042)
2025-05-29 21:33:32,898 | INFO | Epoch: 5 | Time: 14.48s
2025-05-29 21:33:32,898 | INFO | Train Loss=1.2145, Train Acc=77.42%
2025-05-29 21:33:32,898 | INFO | Val Loss=0.5055, Val Acc=86.64%
2025-05-29 21:33:32,898 | INFO | Train Gamma Loss=-0.0082 | Val Gamma Loss=0.0023451976012438536
2025-05-29 21:33:47,492 | INFO | Epoch: 6 | Time: 14.59s
2025-05-29 21:33:47,492 | INFO | Train Loss=1.1605, Train Acc=79.32%
2025-05-29 21:33:47,492 | INFO | Val Loss=0.5361, Val Acc=86.28%
2025-05-29 21:33:47,492 | INFO | Train Gamma Loss=-0.0090 | Val Gamma Loss=0.0018384248251095414
2025-05-29 21:34:02,032 | INFO | Epoch: 7 | Time: 14.54s
2025-05-29 21:34:02,033 | INFO | Train Loss=1.1194, Train Acc=81.28%
2025-05-29 21:34:02,033 | INFO | Val Loss=0.5643, Val Acc=85.98%
2025-05-29 21:34:02,033 | INFO | Train Gamma Loss=-0.0095 | Val Gamma Loss=0.0012424441520124674
2025-05-29 21:34:16,685 | INFO | Epoch: 8 | Time: 14.65s
2025-05-29 21:34:16,685 | INFO | Train Loss=1.0817, Train Acc=82.62%
2025-05-29 21:34:16,685 | INFO | Val Loss=0.4862, Val Acc=88.36%
2025-05-29 21:34:16,686 | INFO | Train Gamma Loss=-0.0097 | Val Gamma Loss=0.0011092278873547912
2025-05-29 21:34:16,687 | INFO | New best model saved (val loss = 0.4862)
2025-05-29 21:34:31,253 | INFO | Epoch: 9 | Time: 14.55s
2025-05-29 21:34:31,253 | INFO | Train Loss=1.0805, Train Acc=83.58%
2025-05-29 21:34:31,253 | INFO | Val Loss=0.5404, Val Acc=84.86%
2025-05-29 21:34:31,253 | INFO | Train Gamma Loss=-0.0098 | Val Gamma Loss=0.0012192408321425319
2025-05-29 21:34:45,830 | INFO | Epoch: 10 | Time: 14.57s
2025-05-29 21:34:45,831 | INFO | Train Loss=1.1014, Train Acc=83.21%
2025-05-29 21:34:45,831 | INFO | Val Loss=0.4615, Val Acc=88.32%
2025-05-29 21:34:45,831 | INFO | Train Gamma Loss=-0.0099 | Val Gamma Loss=0.0009588654502294958
2025-05-29 21:34:45,832 | INFO | New best model saved (val loss = 0.4615)
2025-05-29 21:35:00,397 | INFO | Epoch: 11 | Time: 14.53s
2025-05-29 21:35:00,397 | INFO | Train Loss=1.0664, Train Acc=83.58%
2025-05-29 21:35:00,397 | INFO | Val Loss=0.4537, Val Acc=88.20%
2025-05-29 21:35:00,397 | INFO | Train Gamma Loss=-0.0100 | Val Gamma Loss=0.0008964505395852029
2025-05-29 21:35:00,399 | INFO | New best model saved (val loss = 0.4537)
2025-05-29 21:35:15,014 | INFO | Epoch: 12 | Time: 14.60s
2025-05-29 21:35:15,014 | INFO | Train Loss=1.0405, Train Acc=85.32%
2025-05-29 21:35:15,014 | INFO | Val Loss=0.4078, Val Acc=89.78%
2025-05-29 21:35:15,015 | INFO | Train Gamma Loss=-0.0101 | Val Gamma Loss=0.0007947959238663316
2025-05-29 21:35:15,016 | INFO | New best model saved (val loss = 0.4078)
2025-05-29 21:35:29,667 | INFO | Epoch: 13 | Time: 14.65s
2025-05-29 21:35:29,667 | INFO | Train Loss=1.0641, Train Acc=84.12%
2025-05-29 21:35:29,667 | INFO | Val Loss=0.3976, Val Acc=90.72%
2025-05-29 21:35:29,668 | INFO | Train Gamma Loss=-0.0101 | Val Gamma Loss=0.0005391498561948538
2025-05-29 21:35:29,669 | INFO | New best model saved (val loss = 0.3976)
2025-05-29 21:35:44,335 | INFO | Epoch: 14 | Time: 14.66s
2025-05-29 21:35:44,336 | INFO | Train Loss=1.0851, Train Acc=83.15%
2025-05-29 21:35:44,336 | INFO | Val Loss=0.4803, Val Acc=91.02%
2025-05-29 21:35:44,336 | INFO | Train Gamma Loss=-0.0102 | Val Gamma Loss=0.0003962111659348011
2025-05-29 21:35:58,970 | INFO | Epoch: 15 | Time: 14.63s
2025-05-29 21:35:58,970 | INFO | Train Loss=1.0440, Train Acc=83.20%
2025-05-29 21:35:58,971 | INFO | Val Loss=0.4383, Val Acc=89.32%
2025-05-29 21:35:58,971 | INFO | Train Gamma Loss=-0.0101 | Val Gamma Loss=0.00035363584174774587
2025-05-29 21:36:13,648 | INFO | Epoch: 16 | Time: 14.67s
2025-05-29 21:36:13,648 | INFO | Train Loss=1.0407, Train Acc=83.77%
2025-05-29 21:36:13,648 | INFO | Val Loss=0.5117, Val Acc=86.62%
2025-05-29 21:36:13,648 | INFO | Train Gamma Loss=-0.0101 | Val Gamma Loss=0.0005155248800292611
2025-05-29 21:36:28,297 | INFO | Epoch: 17 | Time: 14.64s
2025-05-29 21:36:28,297 | INFO | Train Loss=1.0710, Train Acc=81.84%
2025-05-29 21:36:28,297 | INFO | Val Loss=0.4136, Val Acc=88.68%
2025-05-29 21:36:28,297 | INFO | Train Gamma Loss=-0.0102 | Val Gamma Loss=0.0002985581522807479
2025-05-29 21:36:42,731 | INFO | Epoch: 18 | Time: 14.43s
2025-05-29 21:36:42,731 | INFO | Train Loss=1.0896, Train Acc=82.68%
2025-05-29 21:36:42,731 | INFO | Val Loss=0.4509, Val Acc=89.80%
2025-05-29 21:36:42,731 | INFO | Train Gamma Loss=-0.0103 | Val Gamma Loss=0.00025119041674770415
2025-05-29 21:36:57,351 | INFO | Epoch: 19 | Time: 14.61s
2025-05-29 21:36:57,351 | INFO | Train Loss=1.0054, Train Acc=85.80%
2025-05-29 21:36:57,351 | INFO | Val Loss=0.4342, Val Acc=90.52%
2025-05-29 21:36:57,352 | INFO | Train Gamma Loss=-0.0101 | Val Gamma Loss=0.00029155428637750447
2025-05-29 21:37:11,938 | INFO | Epoch: 20 | Time: 14.58s
2025-05-29 21:37:11,938 | INFO | Train Loss=0.9897, Train Acc=86.44%
2025-05-29 21:37:11,938 | INFO | Val Loss=0.3690, Val Acc=90.82%
2025-05-29 21:37:11,938 | INFO | Train Gamma Loss=-0.0102 | Val Gamma Loss=0.00026022581732831895
2025-05-29 21:37:11,940 | INFO | New best model saved (val loss = 0.3690)
2025-05-29 21:37:26,577 | INFO | Epoch: 21 | Time: 14.63s
2025-05-29 21:37:26,577 | INFO | Train Loss=0.9737, Train Acc=86.24%
2025-05-29 21:37:26,577 | INFO | Val Loss=0.3960, Val Acc=90.92%
2025-05-29 21:37:26,578 | INFO | Train Gamma Loss=-0.0103 | Val Gamma Loss=0.0002045756409643218
2025-05-29 21:37:41,065 | INFO | Epoch: 22 | Time: 14.48s
2025-05-29 21:37:41,065 | INFO | Train Loss=1.0524, Train Acc=83.90%
2025-05-29 21:37:41,065 | INFO | Val Loss=0.3646, Val Acc=91.74%
2025-05-29 21:37:41,065 | INFO | Train Gamma Loss=-0.0104 | Val Gamma Loss=0.00016714220691937953
2025-05-29 21:37:41,067 | INFO | New best model saved (val loss = 0.3646)
2025-05-29 21:37:55,635 | INFO | Epoch: 23 | Time: 14.56s
2025-05-29 21:37:55,635 | INFO | Train Loss=1.0155, Train Acc=85.81%
2025-05-29 21:37:55,635 | INFO | Val Loss=0.3645, Val Acc=91.28%
2025-05-29 21:37:55,635 | INFO | Train Gamma Loss=-0.0104 | Val Gamma Loss=0.00021232357539702207
2025-05-29 21:37:55,637 | INFO | New best model saved (val loss = 0.3645)
2025-05-29 21:38:10,231 | INFO | Epoch: 24 | Time: 14.58s
2025-05-29 21:38:10,231 | INFO | Train Loss=1.0188, Train Acc=85.20%
2025-05-29 21:38:10,231 | INFO | Val Loss=0.4334, Val Acc=89.84%
2025-05-29 21:38:10,231 | INFO | Train Gamma Loss=-0.0103 | Val Gamma Loss=0.00029046935378573835
2025-05-29 21:38:24,808 | INFO | Epoch: 25 | Time: 14.57s
2025-05-29 21:38:24,808 | INFO | Train Loss=0.9875, Train Acc=85.96%
2025-05-29 21:38:24,808 | INFO | Val Loss=0.4745, Val Acc=87.28%
2025-05-29 21:38:24,809 | INFO | Train Gamma Loss=-0.0102 | Val Gamma Loss=0.000376498035620898
2025-05-29 21:38:39,291 | INFO | Epoch: 26 | Time: 14.47s
2025-05-29 21:38:39,291 | INFO | Train Loss=0.9600, Train Acc=85.60%
2025-05-29 21:38:39,291 | INFO | Val Loss=0.5035, Val Acc=87.24%
2025-05-29 21:38:39,291 | INFO | Train Gamma Loss=-0.0102 | Val Gamma Loss=0.0009444030001759529
2025-05-29 21:38:53,835 | INFO | Epoch: 27 | Time: 14.54s
2025-05-29 21:38:53,835 | INFO | Train Loss=0.9265, Train Acc=87.08%
2025-05-29 21:38:53,835 | INFO | Val Loss=0.4568, Val Acc=87.22%
2025-05-29 21:38:53,835 | INFO | Train Gamma Loss=-0.0102 | Val Gamma Loss=0.00032224590540863574
2025-05-29 21:39:08,374 | INFO | Epoch: 28 | Time: 14.53s
2025-05-29 21:39:08,375 | INFO | Train Loss=1.1992, Train Acc=77.66%
2025-05-29 21:39:08,375 | INFO | Val Loss=0.6338, Val Acc=82.82%
2025-05-29 21:39:08,375 | INFO | Train Gamma Loss=-0.0098 | Val Gamma Loss=0.00021186871163081378
2025-05-29 21:39:22,972 | INFO | Epoch: 29 | Time: 14.59s
2025-05-29 21:39:22,972 | INFO | Train Loss=1.1053, Train Acc=82.39%
2025-05-29 21:39:22,972 | INFO | Val Loss=0.5726, Val Acc=83.74%
2025-05-29 21:39:22,972 | INFO | Train Gamma Loss=-0.0103 | Val Gamma Loss=0.00019784476899076253
2025-05-29 21:39:37,465 | INFO | Epoch: 30 | Time: 14.48s
2025-05-29 21:39:37,465 | INFO | Train Loss=1.0814, Train Acc=82.11%
2025-05-29 21:39:37,465 | INFO | Val Loss=0.3702, Val Acc=90.20%
2025-05-29 21:39:37,465 | INFO | Train Gamma Loss=-0.0103 | Val Gamma Loss=0.00033782896935008466
2025-05-29 21:39:51,895 | INFO | Epoch: 31 | Time: 14.42s
2025-05-29 21:39:51,895 | INFO | Train Loss=1.0486, Train Acc=82.74%
2025-05-29 21:39:51,895 | INFO | Val Loss=0.4502, Val Acc=88.36%
2025-05-29 21:39:51,896 | INFO | Train Gamma Loss=-0.0101 | Val Gamma Loss=0.00015383251593448222
2025-05-29 21:40:06,405 | INFO | Epoch: 32 | Time: 14.50s
2025-05-29 21:40:06,405 | INFO | Train Loss=1.5632, Train Acc=56.84%
2025-05-29 21:40:06,405 | INFO | Val Loss=1.6480, Val Acc=41.74%
2025-05-29 21:40:06,405 | INFO | Train Gamma Loss=-0.0102 | Val Gamma Loss=0.00023425773542840034
2025-05-29 21:40:21,012 | INFO | Epoch: 33 | Time: 14.60s
2025-05-29 21:40:21,012 | INFO | Train Loss=1.9926, Train Acc=31.79%
2025-05-29 21:40:21,012 | INFO | Val Loss=1.8682, Val Acc=29.00%
2025-05-29 21:40:21,012 | INFO | Train Gamma Loss=-0.0104 | Val Gamma Loss=0.0001770956296240911
2025-05-29 21:40:35,603 | INFO | Epoch: 34 | Time: 14.58s
2025-05-29 21:40:35,603 | INFO | Train Loss=1.9002, Train Acc=35.22%
2025-05-29 21:40:35,603 | INFO | Val Loss=1.4915, Val Acc=46.52%
2025-05-29 21:40:35,603 | INFO | Train Gamma Loss=-0.0105 | Val Gamma Loss=0.00014542842109221965
2025-05-29 21:40:50,107 | INFO | Epoch: 35 | Time: 14.49s
2025-05-29 21:40:50,107 | INFO | Train Loss=1.7196, Train Acc=46.12%
2025-05-29 21:40:50,107 | INFO | Val Loss=1.3997, Val Acc=51.48%
2025-05-29 21:40:50,107 | INFO | Train Gamma Loss=-0.0105 | Val Gamma Loss=0.0001556805509608239
2025-05-29 21:41:04,714 | INFO | Epoch: 36 | Time: 14.60s
2025-05-29 21:41:04,714 | INFO | Train Loss=1.6458, Train Acc=52.01%
2025-05-29 21:41:04,714 | INFO | Val Loss=1.1228, Val Acc=62.50%
2025-05-29 21:41:04,714 | INFO | Train Gamma Loss=-0.0104 | Val Gamma Loss=0.0004899742780253291
2025-05-29 21:41:19,291 | INFO | Epoch: 37 | Time: 14.57s
2025-05-29 21:41:19,291 | INFO | Train Loss=1.5321, Train Acc=57.72%
2025-05-29 21:41:19,291 | INFO | Val Loss=1.0774, Val Acc=66.66%
2025-05-29 21:41:19,291 | INFO | Train Gamma Loss=-0.0103 | Val Gamma Loss=0.00016168932779692113
2025-05-29 21:41:33,884 | INFO | Epoch: 38 | Time: 14.58s
2025-05-29 21:41:33,884 | INFO | Train Loss=1.4287, Train Acc=63.71%
2025-05-29 21:41:33,884 | INFO | Val Loss=0.8687, Val Acc=71.14%
2025-05-29 21:41:33,884 | INFO | Train Gamma Loss=-0.0104 | Val Gamma Loss=0.0005231633549556136
2025-05-29 21:41:48,553 | INFO | Epoch: 39 | Time: 14.66s
2025-05-29 21:41:48,553 | INFO | Train Loss=1.4420, Train Acc=64.34%
2025-05-29 21:41:48,553 | INFO | Val Loss=0.9781, Val Acc=68.80%
2025-05-29 21:41:48,553 | INFO | Train Gamma Loss=-0.0101 | Val Gamma Loss=0.0002843362162820995
2025-05-29 21:42:03,158 | INFO | Epoch: 40 | Time: 14.59s
2025-05-29 21:42:03,158 | INFO | Train Loss=1.3896, Train Acc=67.34%
2025-05-29 21:42:03,158 | INFO | Val Loss=0.8287, Val Acc=73.66%
2025-05-29 21:42:03,159 | INFO | Train Gamma Loss=-0.0104 | Val Gamma Loss=0.00020404723181854934
2025-05-29 21:42:17,658 | INFO | Epoch: 41 | Time: 14.49s
2025-05-29 21:42:17,658 | INFO | Train Loss=1.3638, Train Acc=68.72%
2025-05-29 21:42:17,658 | INFO | Val Loss=0.7127, Val Acc=79.10%
2025-05-29 21:42:17,658 | INFO | Train Gamma Loss=-0.0104 | Val Gamma Loss=0.00017542863497510552
2025-05-29 21:42:32,087 | INFO | Epoch: 42 | Time: 14.42s
2025-05-29 21:42:32,087 | INFO | Train Loss=1.3296, Train Acc=70.40%
2025-05-29 21:42:32,087 | INFO | Val Loss=0.6536, Val Acc=79.74%
2025-05-29 21:42:32,087 | INFO | Train Gamma Loss=-0.0104 | Val Gamma Loss=0.0002473857894074172
2025-05-29 21:42:32,087 | INFO | Early stopping triggered at epoch 42
2025-05-29 21:42:32,294 | INFO | Best model with lowest val loss 0.3645121410489082 at 22 epoch is saved.
2025-05-29 21:42:34,082 | INFO | Test Accuracy: 80.65%
2025-05-29 21:42:34,231 | INFO | Last model with val loss 0.6536469250917435 at 41 epoch is saved.
2025-05-29 21:42:35,246 | INFO | Test Accuracy: 80.65%
2025-05-29 21:42:35,258 | INFO | 
Job Completed
2025-05-29 22:01:21,733 | INFO | No test config present. Using train config.
2025-05-29 22:01:23,908 | INFO | Full train/val size with downsampling (0): 50000
2025-05-29 22:01:23,910 | INFO | Batch size: 32
2025-05-29 22:01:23,910 | INFO | Running these attacks:
2025-05-29 22:01:23,910 | INFO | {'FGSM': [0.01, 0.05, 0.1, 0.2], 'PGD': [0.01, 0.05, 0.1, 0.2], 'gaussian noise': [0.01, 0.05, 0.1, 0.2]}
2025-05-29 22:01:23,910 | INFO | 
Testing model: /rds/general/user/psp20/home/Brain-Network/runs/zoomvit_4_5_acc_20250529-213209/zoomvit_4_5_acc_20250529-213209_e22_best_model.pt
2025-05-29 22:01:23,910 | INFO | Running attack: FGSM, 0.01
2025-05-29 22:01:33,740 | INFO | Test accuracy: 38.71
2025-05-29 22:01:33,740 | INFO | Running attack: FGSM, 0.05
2025-05-29 22:01:42,239 | INFO | Test accuracy: 25.61
2025-05-29 22:01:42,239 | INFO | Running attack: FGSM, 0.1
2025-05-29 22:01:51,384 | INFO | Test accuracy: 17.76
2025-05-29 22:01:51,385 | INFO | Running attack: FGSM, 0.2
2025-05-29 22:02:01,167 | INFO | Test accuracy: 12.42
2025-05-29 22:02:01,167 | INFO | Running attack: PGD, 0.01
2025-05-29 22:02:44,410 | INFO | Test accuracy: 31.1
2025-05-29 22:02:44,410 | INFO | Running attack: PGD, 0.05
2025-05-29 22:03:35,145 | INFO | Test accuracy: 7.72
2025-05-29 22:03:35,145 | INFO | Running attack: PGD, 0.1
2025-05-29 22:04:19,784 | INFO | Test accuracy: 4.39
2025-05-29 22:04:19,784 | INFO | Running attack: PGD, 0.2
2025-05-29 22:05:03,085 | INFO | Test accuracy: 2.62
2025-05-29 22:05:03,085 | INFO | Running attack: gaussian noise, 0.01
2025-05-29 22:05:07,087 | INFO | Test accuracy: 43.18
2025-05-29 22:05:07,087 | INFO | Running attack: gaussian noise, 0.05
2025-05-29 22:05:10,700 | INFO | Test accuracy: 42.65
2025-05-29 22:05:10,719 | INFO | Running attack: gaussian noise, 0.1
2025-05-29 22:05:14,312 | INFO | Test accuracy: 40.21
2025-05-29 22:05:14,312 | INFO | Running attack: gaussian noise, 0.2
2025-05-29 22:05:17,724 | INFO | Test accuracy: 34.08
2025-06-07 20:57:29,413 | INFO | 
2025-06-07 20:57:29,426 | INFO | Running robustness tests
2025-06-07 20:57:29,429 | INFO | Using config: runs/cifar/round_4/zoomvit_4_5_acc_20250529-213209/config_zoomvit_4_5_acc.json
2025-06-07 20:57:29,429 | INFO | Using model: runs/cifar/round_4/zoomvit_4_5_acc_20250529-213209/zoomvit_4_5_acc_20250529-213209_e22_best_model.pt
2025-06-07 20:57:29,566 | INFO | Running these corruptions: ['brightness', 'contrast', 'defocus_blur', 'elastic_transform', 'fog', 'frost', 'gaussian_blur', 'gaussian_noise', 'glass_blur', 'impulse_noise', 'jpeg_compression', 'motion_blur', 'pixelate', 'saturate', 'shot_noise', 'snow', 'spatter', 'speckle_noise', 'zoom_blur']
2025-06-07 20:57:29,567 | INFO | For these severities: [1, 2, 3, 4, 5]
2025-06-07 20:57:29,567 | INFO | Corruption type: brightness
2025-06-07 20:57:29,567 | INFO | Severity type: 1
2025-06-07 20:57:29,820 | INFO | FULL mode: using 10000 robustness samples
2025-06-07 20:57:35,941 | INFO | Test accuracy: 80.55
2025-06-07 20:57:35,941 | INFO | Severity type: 2
2025-06-07 20:57:35,971 | INFO | FULL mode: using 10000 robustness samples
2025-06-07 20:57:38,352 | INFO | Test accuracy: 80.15
2025-06-07 20:57:38,353 | INFO | Severity type: 3
2025-06-07 20:57:38,384 | INFO | FULL mode: using 10000 robustness samples
2025-06-07 20:57:40,712 | INFO | Test accuracy: 79.36
2025-06-07 20:57:40,713 | INFO | Severity type: 4
2025-06-07 20:57:40,743 | INFO | FULL mode: using 10000 robustness samples
2025-06-07 20:57:43,089 | INFO | Test accuracy: 78.23
2025-06-07 20:57:43,090 | INFO | Severity type: 5
2025-06-07 20:57:43,120 | INFO | FULL mode: using 10000 robustness samples
2025-06-07 20:57:45,465 | INFO | Test accuracy: 74.43
2025-06-07 20:57:45,466 | INFO | Corruption type: contrast
2025-06-07 20:57:45,466 | INFO | Severity type: 1
2025-06-07 20:57:45,690 | INFO | FULL mode: using 10000 robustness samples
2025-06-07 20:57:48,041 | INFO | Test accuracy: 78.92
2025-06-07 20:57:48,042 | INFO | Severity type: 2
2025-06-07 20:57:48,073 | INFO | FULL mode: using 10000 robustness samples
2025-06-07 20:57:50,420 | INFO | Test accuracy: 69.27
2025-06-07 20:57:50,420 | INFO | Severity type: 3
2025-06-07 20:57:50,450 | INFO | FULL mode: using 10000 robustness samples
2025-06-07 20:57:52,799 | INFO | Test accuracy: 59.54
2025-06-07 20:57:52,799 | INFO | Severity type: 4
2025-06-07 20:57:52,828 | INFO | FULL mode: using 10000 robustness samples
2025-06-07 20:57:55,180 | INFO | Test accuracy: 43.15
2025-06-07 20:57:55,180 | INFO | Severity type: 5
2025-06-07 20:57:55,211 | INFO | FULL mode: using 10000 robustness samples
2025-06-07 20:57:57,595 | INFO | Test accuracy: 18.21
2025-06-07 20:57:57,595 | INFO | Corruption type: defocus_blur
2025-06-07 20:57:57,595 | INFO | Severity type: 1
2025-06-07 20:57:57,826 | INFO | FULL mode: using 10000 robustness samples
2025-06-07 20:58:00,176 | INFO | Test accuracy: 80.32
2025-06-07 20:58:00,176 | INFO | Severity type: 2
2025-06-07 20:58:00,205 | INFO | FULL mode: using 10000 robustness samples
2025-06-07 20:58:02,558 | INFO | Test accuracy: 76.39
2025-06-07 20:58:02,558 | INFO | Severity type: 3
2025-06-07 20:58:02,589 | INFO | FULL mode: using 10000 robustness samples
2025-06-07 20:58:04,938 | INFO | Test accuracy: 66.97
2025-06-07 20:58:04,938 | INFO | Severity type: 4
2025-06-07 20:58:04,969 | INFO | FULL mode: using 10000 robustness samples
2025-06-07 20:58:07,321 | INFO | Test accuracy: 54.32
2025-06-07 20:58:07,321 | INFO | Severity type: 5
2025-06-07 20:58:07,353 | INFO | FULL mode: using 10000 robustness samples
2025-06-07 20:58:09,706 | INFO | Test accuracy: 34.11
2025-06-07 20:58:09,706 | INFO | Corruption type: elastic_transform
2025-06-07 20:58:09,706 | INFO | Severity type: 1
2025-06-07 20:58:10,070 | INFO | FULL mode: using 10000 robustness samples
2025-06-07 20:58:12,440 | INFO | Test accuracy: 71.99
2025-06-07 20:58:12,440 | INFO | Severity type: 2
2025-06-07 20:58:12,469 | INFO | FULL mode: using 10000 robustness samples
2025-06-07 20:58:14,819 | INFO | Test accuracy: 70.97
2025-06-07 20:58:14,819 | INFO | Severity type: 3
2025-06-07 20:58:14,852 | INFO | FULL mode: using 10000 robustness samples
2025-06-07 20:58:17,220 | INFO | Test accuracy: 65.43
2025-06-07 20:58:17,220 | INFO | Severity type: 4
2025-06-07 20:58:17,252 | INFO | FULL mode: using 10000 robustness samples
2025-06-07 20:58:19,632 | INFO | Test accuracy: 62.89
2025-06-07 20:58:19,632 | INFO | Severity type: 5
2025-06-07 20:58:19,661 | INFO | FULL mode: using 10000 robustness samples
2025-06-07 20:58:22,014 | INFO | Test accuracy: 61.22
2025-06-07 20:58:22,015 | INFO | Corruption type: fog
2025-06-07 20:58:22,015 | INFO | Severity type: 1
2025-06-07 20:58:22,255 | INFO | FULL mode: using 10000 robustness samples
2025-06-07 20:58:24,606 | INFO | Test accuracy: 79.69
2025-06-07 20:58:24,606 | INFO | Severity type: 2
2025-06-07 20:58:24,638 | INFO | FULL mode: using 10000 robustness samples
2025-06-07 20:58:27,031 | INFO | Test accuracy: 76.67
2025-06-07 20:58:27,031 | INFO | Severity type: 3
2025-06-07 20:58:27,060 | INFO | FULL mode: using 10000 robustness samples
2025-06-07 20:58:29,434 | INFO | Test accuracy: 72.47
2025-06-07 20:58:29,434 | INFO | Severity type: 4
2025-06-07 20:58:29,464 | INFO | FULL mode: using 10000 robustness samples
2025-06-07 20:58:31,823 | INFO | Test accuracy: 67.36
2025-06-07 20:58:31,823 | INFO | Severity type: 5
2025-06-07 20:58:31,853 | INFO | FULL mode: using 10000 robustness samples
2025-06-07 20:58:34,230 | INFO | Test accuracy: 53.06
2025-06-07 20:58:34,230 | INFO | Corruption type: frost
2025-06-07 20:58:34,230 | INFO | Severity type: 1
2025-06-07 20:58:34,450 | INFO | FULL mode: using 10000 robustness samples
2025-06-07 20:58:36,821 | INFO | Test accuracy: 73.8
2025-06-07 20:58:36,821 | INFO | Severity type: 2
2025-06-07 20:58:36,850 | INFO | FULL mode: using 10000 robustness samples
2025-06-07 20:58:39,213 | INFO | Test accuracy: 65.11
2025-06-07 20:58:39,213 | INFO | Severity type: 3
2025-06-07 20:58:39,243 | INFO | FULL mode: using 10000 robustness samples
2025-06-07 20:58:41,609 | INFO | Test accuracy: 52.26
2025-06-07 20:58:41,609 | INFO | Severity type: 4
2025-06-07 20:58:41,639 | INFO | FULL mode: using 10000 robustness samples
2025-06-07 20:58:44,005 | INFO | Test accuracy: 51.22
2025-06-07 20:58:44,005 | INFO | Severity type: 5
2025-06-07 20:58:44,036 | INFO | FULL mode: using 10000 robustness samples
2025-06-07 20:58:46,385 | INFO | Test accuracy: 40.47
2025-06-07 20:58:46,385 | INFO | Corruption type: gaussian_blur
2025-06-07 20:58:46,385 | INFO | Severity type: 1
2025-06-07 20:58:46,557 | INFO | FULL mode: using 10000 robustness samples
2025-06-07 20:58:48,920 | INFO | Test accuracy: 80.36
2025-06-07 20:58:48,920 | INFO | Severity type: 2
2025-06-07 20:58:48,949 | INFO | FULL mode: using 10000 robustness samples
2025-06-07 20:58:51,305 | INFO | Test accuracy: 66.69
2025-06-07 20:58:51,305 | INFO | Severity type: 3
2025-06-07 20:58:51,334 | INFO | FULL mode: using 10000 robustness samples
2025-06-07 20:58:53,687 | INFO | Test accuracy: 55.0
2025-06-07 20:58:53,687 | INFO | Severity type: 4
2025-06-07 20:58:53,716 | INFO | FULL mode: using 10000 robustness samples
2025-06-07 20:58:56,079 | INFO | Test accuracy: 43.47
2025-06-07 20:58:56,080 | INFO | Severity type: 5
2025-06-07 20:58:56,110 | INFO | FULL mode: using 10000 robustness samples
2025-06-07 20:58:58,472 | INFO | Test accuracy: 28.21
2025-06-07 20:58:58,472 | INFO | Corruption type: gaussian_noise
2025-06-07 20:58:58,472 | INFO | Severity type: 1
2025-06-07 20:58:58,910 | INFO | FULL mode: using 10000 robustness samples
2025-06-07 20:59:01,260 | INFO | Test accuracy: 60.08
2025-06-07 20:59:01,260 | INFO | Severity type: 2
2025-06-07 20:59:01,290 | INFO | FULL mode: using 10000 robustness samples
2025-06-07 20:59:03,657 | INFO | Test accuracy: 38.92
2025-06-07 20:59:03,657 | INFO | Severity type: 3
2025-06-07 20:59:03,694 | INFO | FULL mode: using 10000 robustness samples
2025-06-07 20:59:06,052 | INFO | Test accuracy: 24.8
2025-06-07 20:59:06,053 | INFO | Severity type: 4
2025-06-07 20:59:06,082 | INFO | FULL mode: using 10000 robustness samples
2025-06-07 20:59:08,445 | INFO | Test accuracy: 20.6
2025-06-07 20:59:08,445 | INFO | Severity type: 5
2025-06-07 20:59:08,475 | INFO | FULL mode: using 10000 robustness samples
2025-06-07 20:59:10,842 | INFO | Test accuracy: 17.71
2025-06-07 20:59:10,842 | INFO | Corruption type: glass_blur
2025-06-07 20:59:10,842 | INFO | Severity type: 1
2025-06-07 20:59:11,043 | INFO | FULL mode: using 10000 robustness samples
2025-06-07 20:59:13,402 | INFO | Test accuracy: 30.11
2025-06-07 20:59:13,402 | INFO | Severity type: 2
2025-06-07 20:59:13,432 | INFO | FULL mode: using 10000 robustness samples
2025-06-07 20:59:15,784 | INFO | Test accuracy: 31.68
2025-06-07 20:59:15,784 | INFO | Severity type: 3
2025-06-07 20:59:15,814 | INFO | FULL mode: using 10000 robustness samples
2025-06-07 20:59:18,180 | INFO | Test accuracy: 37.06
2025-06-07 20:59:18,181 | INFO | Severity type: 4
2025-06-07 20:59:18,210 | INFO | FULL mode: using 10000 robustness samples
2025-06-07 20:59:20,573 | INFO | Test accuracy: 25.77
2025-06-07 20:59:20,574 | INFO | Severity type: 5
2025-06-07 20:59:20,606 | INFO | FULL mode: using 10000 robustness samples
2025-06-07 20:59:22,966 | INFO | Test accuracy: 28.73
2025-06-07 20:59:22,966 | INFO | Corruption type: impulse_noise
2025-06-07 20:59:22,966 | INFO | Severity type: 1
2025-06-07 20:59:23,221 | INFO | FULL mode: using 10000 robustness samples
2025-06-07 20:59:25,582 | INFO | Test accuracy: 72.86
2025-06-07 20:59:25,583 | INFO | Severity type: 2
2025-06-07 20:59:25,612 | INFO | FULL mode: using 10000 robustness samples
2025-06-07 20:59:27,980 | INFO | Test accuracy: 58.23
2025-06-07 20:59:27,980 | INFO | Severity type: 3
2025-06-07 20:59:28,011 | INFO | FULL mode: using 10000 robustness samples
2025-06-07 20:59:30,382 | INFO | Test accuracy: 42.79
2025-06-07 20:59:30,382 | INFO | Severity type: 4
2025-06-07 20:59:30,413 | INFO | FULL mode: using 10000 robustness samples
2025-06-07 20:59:32,781 | INFO | Test accuracy: 20.46
2025-06-07 20:59:32,781 | INFO | Severity type: 5
2025-06-07 20:59:32,810 | INFO | FULL mode: using 10000 robustness samples
2025-06-07 20:59:35,171 | INFO | Test accuracy: 13.65
2025-06-07 20:59:35,172 | INFO | Corruption type: jpeg_compression
2025-06-07 20:59:35,172 | INFO | Severity type: 1
2025-06-07 20:59:35,399 | INFO | FULL mode: using 10000 robustness samples
2025-06-07 20:59:37,760 | INFO | Test accuracy: 75.12
2025-06-07 20:59:37,760 | INFO | Severity type: 2
2025-06-07 20:59:37,790 | INFO | FULL mode: using 10000 robustness samples
2025-06-07 20:59:40,306 | INFO | Test accuracy: 71.21
2025-06-07 20:59:40,306 | INFO | Severity type: 3
2025-06-07 20:59:40,335 | INFO | FULL mode: using 10000 robustness samples
2025-06-07 20:59:42,709 | INFO | Test accuracy: 69.64
2025-06-07 20:59:42,709 | INFO | Severity type: 4
2025-06-07 20:59:42,739 | INFO | FULL mode: using 10000 robustness samples
2025-06-07 20:59:45,113 | INFO | Test accuracy: 67.76
2025-06-07 20:59:45,113 | INFO | Severity type: 5
2025-06-07 20:59:45,142 | INFO | FULL mode: using 10000 robustness samples
2025-06-07 20:59:47,510 | INFO | Test accuracy: 65.77
2025-06-07 20:59:47,510 | INFO | Corruption type: motion_blur
2025-06-07 20:59:47,510 | INFO | Severity type: 1
2025-06-07 20:59:47,732 | INFO | FULL mode: using 10000 robustness samples
2025-06-07 20:59:50,094 | INFO | Test accuracy: 71.05
2025-06-07 20:59:50,094 | INFO | Severity type: 2
2025-06-07 20:59:50,123 | INFO | FULL mode: using 10000 robustness samples
2025-06-07 20:59:52,490 | INFO | Test accuracy: 60.2
2025-06-07 20:59:52,490 | INFO | Severity type: 3
2025-06-07 20:59:52,519 | INFO | FULL mode: using 10000 robustness samples
2025-06-07 20:59:54,880 | INFO | Test accuracy: 50.21
2025-06-07 20:59:54,880 | INFO | Severity type: 4
2025-06-07 20:59:54,911 | INFO | FULL mode: using 10000 robustness samples
2025-06-07 20:59:57,275 | INFO | Test accuracy: 49.4
2025-06-07 20:59:57,291 | INFO | Severity type: 5
2025-06-07 20:59:57,320 | INFO | FULL mode: using 10000 robustness samples
2025-06-07 20:59:59,698 | INFO | Test accuracy: 41.14
2025-06-07 20:59:59,698 | INFO | Corruption type: pixelate
2025-06-07 20:59:59,698 | INFO | Severity type: 1
2025-06-07 21:00:00,000 | INFO | FULL mode: using 10000 robustness samples
2025-06-07 21:00:02,363 | INFO | Test accuracy: 77.42
2025-06-07 21:00:02,363 | INFO | Severity type: 2
2025-06-07 21:00:02,393 | INFO | FULL mode: using 10000 robustness samples
2025-06-07 21:00:04,755 | INFO | Test accuracy: 70.8
2025-06-07 21:00:04,755 | INFO | Severity type: 3
2025-06-07 21:00:04,785 | INFO | FULL mode: using 10000 robustness samples
2025-06-07 21:00:07,154 | INFO | Test accuracy: 66.39
2025-06-07 21:00:07,155 | INFO | Severity type: 4
2025-06-07 21:00:07,188 | INFO | FULL mode: using 10000 robustness samples
2025-06-07 21:00:09,546 | INFO | Test accuracy: 48.58
2025-06-07 21:00:09,546 | INFO | Severity type: 5
2025-06-07 21:00:09,577 | INFO | FULL mode: using 10000 robustness samples
2025-06-07 21:00:11,958 | INFO | Test accuracy: 36.96
2025-06-07 21:00:11,958 | INFO | Corruption type: saturate
2025-06-07 21:00:11,959 | INFO | Severity type: 1
2025-06-07 21:00:12,199 | INFO | FULL mode: using 10000 robustness samples
2025-06-07 21:00:14,558 | INFO | Test accuracy: 78.32
2025-06-07 21:00:14,558 | INFO | Severity type: 2
2025-06-07 21:00:14,588 | INFO | FULL mode: using 10000 robustness samples
2025-06-07 21:00:16,955 | INFO | Test accuracy: 76.82
2025-06-07 21:00:16,955 | INFO | Severity type: 3
2025-06-07 21:00:16,985 | INFO | FULL mode: using 10000 robustness samples
2025-06-07 21:00:19,369 | INFO | Test accuracy: 80.56
2025-06-07 21:00:19,369 | INFO | Severity type: 4
2025-06-07 21:00:19,399 | INFO | FULL mode: using 10000 robustness samples
2025-06-07 21:00:21,764 | INFO | Test accuracy: 78.68
2025-06-07 21:00:21,765 | INFO | Severity type: 5
2025-06-07 21:00:21,794 | INFO | FULL mode: using 10000 robustness samples
2025-06-07 21:00:24,161 | INFO | Test accuracy: 75.37
2025-06-07 21:00:24,161 | INFO | Corruption type: shot_noise
2025-06-07 21:00:24,161 | INFO | Severity type: 1
2025-06-07 21:00:24,359 | INFO | FULL mode: using 10000 robustness samples
2025-06-07 21:00:26,723 | INFO | Test accuracy: 68.82
2025-06-07 21:00:26,723 | INFO | Severity type: 2
2025-06-07 21:00:26,751 | INFO | FULL mode: using 10000 robustness samples
2025-06-07 21:00:29,118 | INFO | Test accuracy: 58.04
2025-06-07 21:00:29,118 | INFO | Severity type: 3
2025-06-07 21:00:29,148 | INFO | FULL mode: using 10000 robustness samples
2025-06-07 21:00:31,515 | INFO | Test accuracy: 35.32
2025-06-07 21:00:31,515 | INFO | Severity type: 4
2025-06-07 21:00:31,546 | INFO | FULL mode: using 10000 robustness samples
2025-06-07 21:00:33,927 | INFO | Test accuracy: 28.24
2025-06-07 21:00:33,927 | INFO | Severity type: 5
2025-06-07 21:00:33,955 | INFO | FULL mode: using 10000 robustness samples
2025-06-07 21:00:36,330 | INFO | Test accuracy: 20.63
2025-06-07 21:00:36,330 | INFO | Corruption type: snow
2025-06-07 21:00:36,330 | INFO | Severity type: 1
2025-06-07 21:00:36,660 | INFO | FULL mode: using 10000 robustness samples
2025-06-07 21:00:39,022 | INFO | Test accuracy: 73.52
2025-06-07 21:00:39,022 | INFO | Severity type: 2
2025-06-07 21:00:39,051 | INFO | FULL mode: using 10000 robustness samples
2025-06-07 21:00:41,418 | INFO | Test accuracy: 55.12
2025-06-07 21:00:41,418 | INFO | Severity type: 3
2025-06-07 21:00:41,449 | INFO | FULL mode: using 10000 robustness samples
2025-06-07 21:00:43,827 | INFO | Test accuracy: 62.55
2025-06-07 21:00:43,827 | INFO | Severity type: 4
2025-06-07 21:00:43,856 | INFO | FULL mode: using 10000 robustness samples
2025-06-07 21:00:46,224 | INFO | Test accuracy: 60.2
2025-06-07 21:00:46,224 | INFO | Severity type: 5
2025-06-07 21:00:46,253 | INFO | FULL mode: using 10000 robustness samples
2025-06-07 21:00:48,618 | INFO | Test accuracy: 53.28
2025-06-07 21:00:48,619 | INFO | Corruption type: spatter
2025-06-07 21:00:48,654 | INFO | Severity type: 1
2025-06-07 21:00:48,888 | INFO | FULL mode: using 10000 robustness samples
2025-06-07 21:00:51,267 | INFO | Test accuracy: 77.59
2025-06-07 21:00:51,267 | INFO | Severity type: 2
2025-06-07 21:00:51,299 | INFO | FULL mode: using 10000 robustness samples
2025-06-07 21:00:53,668 | INFO | Test accuracy: 72.24
2025-06-07 21:00:53,669 | INFO | Severity type: 3
2025-06-07 21:00:53,699 | INFO | FULL mode: using 10000 robustness samples
2025-06-07 21:00:56,061 | INFO | Test accuracy: 66.46
2025-06-07 21:00:56,061 | INFO | Severity type: 4
2025-06-07 21:00:56,091 | INFO | FULL mode: using 10000 robustness samples
2025-06-07 21:00:58,467 | INFO | Test accuracy: 73.29
2025-06-07 21:00:58,467 | INFO | Severity type: 5
2025-06-07 21:00:58,497 | INFO | FULL mode: using 10000 robustness samples
2025-06-07 21:01:00,862 | INFO | Test accuracy: 65.39
2025-06-07 21:01:00,862 | INFO | Corruption type: speckle_noise
2025-06-07 21:01:00,862 | INFO | Severity type: 1
2025-06-07 21:01:01,102 | INFO | FULL mode: using 10000 robustness samples
2025-06-07 21:01:03,467 | INFO | Test accuracy: 68.92
2025-06-07 21:01:03,467 | INFO | Severity type: 2
2025-06-07 21:01:03,496 | INFO | FULL mode: using 10000 robustness samples
2025-06-07 21:01:05,866 | INFO | Test accuracy: 52.73
2025-06-07 21:01:05,866 | INFO | Severity type: 3
2025-06-07 21:01:05,896 | INFO | FULL mode: using 10000 robustness samples
2025-06-07 21:01:08,267 | INFO | Test accuracy: 45.3
2025-06-07 21:01:08,268 | INFO | Severity type: 4
2025-06-07 21:01:08,298 | INFO | FULL mode: using 10000 robustness samples
2025-06-07 21:01:10,675 | INFO | Test accuracy: 31.87
2025-06-07 21:01:10,675 | INFO | Severity type: 5
2025-06-07 21:01:10,704 | INFO | FULL mode: using 10000 robustness samples
2025-06-07 21:01:13,081 | INFO | Test accuracy: 22.82
2025-06-07 21:01:13,081 | INFO | Corruption type: zoom_blur
2025-06-07 21:01:13,081 | INFO | Severity type: 1
2025-06-07 21:01:13,328 | INFO | FULL mode: using 10000 robustness samples
2025-06-07 21:01:15,690 | INFO | Test accuracy: 66.33
2025-06-07 21:01:15,690 | INFO | Severity type: 2
2025-06-07 21:01:15,719 | INFO | FULL mode: using 10000 robustness samples
2025-06-07 21:01:18,093 | INFO | Test accuracy: 62.12
2025-06-07 21:01:18,094 | INFO | Severity type: 3
2025-06-07 21:01:18,123 | INFO | FULL mode: using 10000 robustness samples
2025-06-07 21:01:20,493 | INFO | Test accuracy: 54.98
2025-06-07 21:01:20,493 | INFO | Severity type: 4
2025-06-07 21:01:20,524 | INFO | FULL mode: using 10000 robustness samples
2025-06-07 21:01:22,889 | INFO | Test accuracy: 49.53
2025-06-07 21:01:22,889 | INFO | Severity type: 5
2025-06-07 21:01:22,918 | INFO | FULL mode: using 10000 robustness samples
2025-06-07 21:01:25,291 | INFO | Test accuracy: 41.28
