2025-06-05 23:12:49,022 | INFO | Job Started
2025-06-05 23:12:49,022 | INFO | Logging run: /rds/general/user/psp20/home/Brain-Network/runs/brainit_5_4_sample_eff_0_25_20250605-231249
2025-06-05 23:12:49,025 | INFO | Using device: cuda
2025-06-05 23:12:49,025 | INFO | Training for 100 epochs
2025-06-05 23:12:49,025 | INFO | Debug mode: False
2025-06-05 23:12:49,025 | INFO | Downsampling by: 0.25
2025-06-05 23:12:49,025 | INFO | Auxiliary loss: {'attention_entropy_loss': 0.1}
2025-06-05 23:12:49,026 | INFO | Train transforms: 
	Compose(
    RandomResizedCrop(size=(224, 224), scale=(0.7, 1), ratio=(0.75, 1.3333), interpolation=bilinear, antialias=True)
    RandomHorizontalFlip(p=0.5)
    ColorJitter(brightness=(0.8, 1.2), contrast=(0.8, 1.2), saturation=(0.8, 1.2), hue=None)
    ToTensor()
    Normalize(mean=(0.485, 0.456, 0.406), std=(0.229, 0.224, 0.225))
)
2025-06-05 23:12:49,026 | INFO | Test transforms: 
	Compose(
    Resize(size=256, interpolation=bilinear, max_size=None, antialias=True)
    CenterCrop(size=(224, 224))
    ToTensor()
    Normalize(mean=(0.485, 0.456, 0.406), std=(0.229, 0.224, 0.225))
)
2025-06-05 23:12:49,245 | INFO | Downsampling by: 0.25. Few shot: False
2025-06-05 23:12:49,245 | INFO | Using pretrained weights
2025-06-05 23:12:50,000 | INFO | Using mixup function and SoftTargetCrossEntropy
2025-06-05 23:12:50,000 | INFO | Auxiliary loss: {'attention_entropy_loss': 0.1}
2025-06-05 23:13:30,577 | INFO | Epoch: 1 | Time: 40.56s
2025-06-05 23:13:30,577 | INFO | Train Loss=5.2016, Train Acc=0.90%
2025-06-05 23:13:30,577 | INFO | Val Loss=5.0622, Val Acc=1.25%
2025-06-05 23:13:30,577 | INFO | Train Gamma Loss=0.3455 | Val Gamma Loss=0.28966546058654785
2025-06-05 23:13:30,578 | INFO | New best model saved (val loss = 5.0622)
2025-06-05 23:14:11,614 | INFO | Epoch: 2 | Time: 41.02s
2025-06-05 23:14:11,615 | INFO | Train Loss=4.9339, Train Acc=1.57%
2025-06-05 23:14:11,615 | INFO | Val Loss=4.7558, Val Acc=2.75%
2025-06-05 23:14:11,615 | INFO | Train Gamma Loss=0.1669 | Val Gamma Loss=0.040345851331949234
2025-06-05 23:14:11,616 | INFO | New best model saved (val loss = 4.7558)
2025-06-05 23:14:50,488 | INFO | Epoch: 3 | Time: 38.84s
2025-06-05 23:14:50,488 | INFO | Train Loss=4.7867, Train Acc=2.03%
2025-06-05 23:14:50,488 | INFO | Val Loss=4.5658, Val Acc=2.92%
2025-06-05 23:14:50,488 | INFO | Train Gamma Loss=-0.0062 | Val Gamma Loss=0.0028253416530787945
2025-06-05 23:14:50,489 | INFO | New best model saved (val loss = 4.5658)
2025-06-05 23:15:34,544 | INFO | Epoch: 4 | Time: 44.02s
2025-06-05 23:15:34,544 | INFO | Train Loss=4.6026, Train Acc=3.83%
2025-06-05 23:15:34,544 | INFO | Val Loss=4.4273, Val Acc=4.50%
2025-06-05 23:15:34,545 | INFO | Train Gamma Loss=-0.0076 | Val Gamma Loss=0.0024385014548897743
2025-06-05 23:15:34,546 | INFO | New best model saved (val loss = 4.4273)
2025-06-05 23:16:17,100 | INFO | Epoch: 5 | Time: 42.53s
2025-06-05 23:16:17,100 | INFO | Train Loss=4.4772, Train Acc=4.90%
2025-06-05 23:16:17,100 | INFO | Val Loss=4.4158, Val Acc=4.67%
2025-06-05 23:16:17,100 | INFO | Train Gamma Loss=-0.0077 | Val Gamma Loss=0.002197252819314599
2025-06-05 23:16:17,102 | INFO | New best model saved (val loss = 4.4158)
2025-06-05 23:17:00,312 | INFO | Epoch: 6 | Time: 43.19s
2025-06-05 23:17:00,312 | INFO | Train Loss=4.4387, Train Acc=5.60%
2025-06-05 23:17:00,312 | INFO | Val Loss=4.4838, Val Acc=4.17%
2025-06-05 23:17:00,313 | INFO | Train Gamma Loss=-0.0082 | Val Gamma Loss=0.0016921142814680934
2025-06-05 23:17:43,335 | INFO | Epoch: 7 | Time: 43.01s
2025-06-05 23:17:43,335 | INFO | Train Loss=4.3668, Train Acc=6.47%
2025-06-05 23:17:43,335 | INFO | Val Loss=4.6289, Val Acc=3.42%
2025-06-05 23:17:43,335 | INFO | Train Gamma Loss=-0.0085 | Val Gamma Loss=0.0014485237188637257
2025-06-05 23:18:25,083 | INFO | Epoch: 8 | Time: 41.74s
2025-06-05 23:18:25,083 | INFO | Train Loss=4.5071, Train Acc=4.93%
2025-06-05 23:18:25,084 | INFO | Val Loss=4.9004, Val Acc=3.00%
2025-06-05 23:18:25,085 | INFO | Train Gamma Loss=-0.0092 | Val Gamma Loss=0.000607325870078057
2025-06-05 23:19:06,302 | INFO | Epoch: 9 | Time: 41.21s
2025-06-05 23:19:06,302 | INFO | Train Loss=4.4036, Train Acc=6.00%
2025-06-05 23:19:06,302 | INFO | Val Loss=4.0869, Val Acc=6.83%
2025-06-05 23:19:06,302 | INFO | Train Gamma Loss=-0.0096 | Val Gamma Loss=0.0005409726873040199
2025-06-05 23:19:06,303 | INFO | New best model saved (val loss = 4.0869)
2025-06-05 23:19:48,792 | INFO | Epoch: 10 | Time: 42.46s
2025-06-05 23:19:48,792 | INFO | Train Loss=4.2161, Train Acc=8.03%
2025-06-05 23:19:48,792 | INFO | Val Loss=4.1672, Val Acc=7.83%
2025-06-05 23:19:48,792 | INFO | Train Gamma Loss=-0.0093 | Val Gamma Loss=0.0023744474165141582
2025-06-05 23:20:30,837 | INFO | Epoch: 11 | Time: 42.04s
2025-06-05 23:20:30,837 | INFO | Train Loss=4.1655, Train Acc=9.23%
2025-06-05 23:20:30,837 | INFO | Val Loss=3.9132, Val Acc=9.25%
2025-06-05 23:20:30,837 | INFO | Train Gamma Loss=-0.0095 | Val Gamma Loss=0.0004409504181239754
2025-06-05 23:20:30,838 | INFO | New best model saved (val loss = 3.9132)
2025-06-05 23:21:13,090 | INFO | Epoch: 12 | Time: 42.09s
2025-06-05 23:21:13,090 | INFO | Train Loss=4.0494, Train Acc=11.03%
2025-06-05 23:21:13,090 | INFO | Val Loss=3.8910, Val Acc=8.92%
2025-06-05 23:21:13,090 | INFO | Train Gamma Loss=-0.0096 | Val Gamma Loss=0.00046906518400646746
2025-06-05 23:21:13,091 | INFO | New best model saved (val loss = 3.8910)
2025-06-05 23:21:55,876 | INFO | Epoch: 13 | Time: 42.74s
2025-06-05 23:21:55,876 | INFO | Train Loss=3.9493, Train Acc=12.03%
2025-06-05 23:21:55,876 | INFO | Val Loss=3.7747, Val Acc=11.67%
2025-06-05 23:21:55,876 | INFO | Train Gamma Loss=-0.0096 | Val Gamma Loss=0.001567606464959681
2025-06-05 23:21:55,877 | INFO | New best model saved (val loss = 3.7747)
2025-06-05 23:22:38,378 | INFO | Epoch: 14 | Time: 42.48s
2025-06-05 23:22:38,379 | INFO | Train Loss=4.0942, Train Acc=11.17%
2025-06-05 23:22:38,379 | INFO | Val Loss=3.7737, Val Acc=11.58%
2025-06-05 23:22:38,379 | INFO | Train Gamma Loss=-0.0096 | Val Gamma Loss=0.0005485122674144804
2025-06-05 23:22:38,380 | INFO | New best model saved (val loss = 3.7737)
2025-06-05 23:23:20,926 | INFO | Epoch: 15 | Time: 42.50s
2025-06-05 23:23:20,926 | INFO | Train Loss=3.9001, Train Acc=15.00%
2025-06-05 23:23:20,926 | INFO | Val Loss=3.8541, Val Acc=10.25%
2025-06-05 23:23:20,926 | INFO | Train Gamma Loss=-0.0094 | Val Gamma Loss=0.0006117705488577485
2025-06-05 23:24:03,511 | INFO | Epoch: 16 | Time: 42.57s
2025-06-05 23:24:03,511 | INFO | Train Loss=3.8100, Train Acc=16.10%
2025-06-05 23:24:03,511 | INFO | Val Loss=3.6633, Val Acc=13.75%
2025-06-05 23:24:03,511 | INFO | Train Gamma Loss=-0.0097 | Val Gamma Loss=0.0010629070457071066
2025-06-05 23:24:03,513 | INFO | New best model saved (val loss = 3.6633)
2025-06-05 23:24:45,848 | INFO | Epoch: 17 | Time: 42.31s
2025-06-05 23:24:45,849 | INFO | Train Loss=3.6798, Train Acc=18.10%
2025-06-05 23:24:45,849 | INFO | Val Loss=3.7877, Val Acc=12.50%
2025-06-05 23:24:45,849 | INFO | Train Gamma Loss=-0.0094 | Val Gamma Loss=0.000537690008059144
2025-06-05 23:25:29,286 | INFO | Epoch: 18 | Time: 43.43s
2025-06-05 23:25:29,286 | INFO | Train Loss=3.7902, Train Acc=20.30%
2025-06-05 23:25:29,286 | INFO | Val Loss=3.5814, Val Acc=14.25%
2025-06-05 23:25:29,286 | INFO | Train Gamma Loss=-0.0099 | Val Gamma Loss=0.00039590350934304297
2025-06-05 23:25:29,287 | INFO | New best model saved (val loss = 3.5814)
2025-06-05 23:26:12,369 | INFO | Epoch: 19 | Time: 43.06s
2025-06-05 23:26:12,369 | INFO | Train Loss=3.5480, Train Acc=22.50%
2025-06-05 23:26:12,369 | INFO | Val Loss=3.3189, Val Acc=17.92%
2025-06-05 23:26:12,370 | INFO | Train Gamma Loss=-0.0099 | Val Gamma Loss=0.0004469232226256281
2025-06-05 23:26:12,371 | INFO | New best model saved (val loss = 3.3189)
2025-06-05 23:26:54,981 | INFO | Epoch: 20 | Time: 42.59s
2025-06-05 23:26:54,981 | INFO | Train Loss=3.5854, Train Acc=23.67%
2025-06-05 23:26:54,981 | INFO | Val Loss=3.2323, Val Acc=21.08%
2025-06-05 23:26:54,981 | INFO | Train Gamma Loss=-0.0098 | Val Gamma Loss=0.0006714244955219328
2025-06-05 23:26:54,983 | INFO | New best model saved (val loss = 3.2323)
2025-06-05 23:27:38,847 | INFO | Epoch: 21 | Time: 43.79s
2025-06-05 23:27:38,848 | INFO | Train Loss=3.4898, Train Acc=24.17%
2025-06-05 23:27:38,848 | INFO | Val Loss=3.4358, Val Acc=17.25%
2025-06-05 23:27:38,848 | INFO | Train Gamma Loss=-0.0097 | Val Gamma Loss=0.0014391931472346187
2025-06-05 23:28:23,316 | INFO | Epoch: 22 | Time: 44.45s
2025-06-05 23:28:23,316 | INFO | Train Loss=3.4894, Train Acc=25.10%
2025-06-05 23:28:23,317 | INFO | Val Loss=3.2477, Val Acc=18.33%
2025-06-05 23:28:23,317 | INFO | Train Gamma Loss=-0.0095 | Val Gamma Loss=0.0007833304698579013
2025-06-05 23:29:05,954 | INFO | Epoch: 23 | Time: 42.63s
2025-06-05 23:29:05,954 | INFO | Train Loss=3.4970, Train Acc=25.60%
2025-06-05 23:29:05,954 | INFO | Val Loss=3.2777, Val Acc=19.50%
2025-06-05 23:29:05,954 | INFO | Train Gamma Loss=-0.0096 | Val Gamma Loss=0.0005060401745140553
2025-06-05 23:29:47,951 | INFO | Epoch: 24 | Time: 41.98s
2025-06-05 23:29:47,952 | INFO | Train Loss=3.4603, Train Acc=26.10%
2025-06-05 23:29:47,952 | INFO | Val Loss=3.1405, Val Acc=22.33%
2025-06-05 23:29:47,952 | INFO | Train Gamma Loss=-0.0096 | Val Gamma Loss=0.000713852234184742
2025-06-05 23:29:47,953 | INFO | New best model saved (val loss = 3.1405)
2025-06-05 23:30:31,963 | INFO | Epoch: 25 | Time: 43.95s
2025-06-05 23:30:31,964 | INFO | Train Loss=3.4739, Train Acc=25.87%
2025-06-05 23:30:31,964 | INFO | Val Loss=3.3376, Val Acc=18.42%
2025-06-05 23:30:31,964 | INFO | Train Gamma Loss=-0.0097 | Val Gamma Loss=0.0013873755233362317
2025-06-05 23:31:14,875 | INFO | Epoch: 26 | Time: 42.90s
2025-06-05 23:31:14,876 | INFO | Train Loss=3.1962, Train Acc=31.20%
2025-06-05 23:31:14,876 | INFO | Val Loss=3.1887, Val Acc=22.17%
2025-06-05 23:31:14,876 | INFO | Train Gamma Loss=-0.0100 | Val Gamma Loss=0.0005895304493606091
2025-06-05 23:31:58,814 | INFO | Epoch: 27 | Time: 43.93s
2025-06-05 23:31:58,814 | INFO | Train Loss=3.3364, Train Acc=30.50%
2025-06-05 23:31:58,815 | INFO | Val Loss=2.9215, Val Acc=28.17%
2025-06-05 23:31:58,815 | INFO | Train Gamma Loss=-0.0097 | Val Gamma Loss=0.0004328525683376938
2025-06-05 23:31:58,816 | INFO | New best model saved (val loss = 2.9215)
2025-06-05 23:32:41,706 | INFO | Epoch: 28 | Time: 42.77s
2025-06-05 23:32:41,706 | INFO | Train Loss=3.2373, Train Acc=31.97%
2025-06-05 23:32:41,706 | INFO | Val Loss=3.1116, Val Acc=22.83%
2025-06-05 23:32:41,706 | INFO | Train Gamma Loss=-0.0100 | Val Gamma Loss=0.0007290085195563734
2025-06-05 23:33:26,014 | INFO | Epoch: 29 | Time: 44.29s
2025-06-05 23:33:26,014 | INFO | Train Loss=3.0253, Train Acc=35.63%
2025-06-05 23:33:26,014 | INFO | Val Loss=3.1086, Val Acc=23.08%
2025-06-05 23:33:26,014 | INFO | Train Gamma Loss=-0.0095 | Val Gamma Loss=0.0018555306596681476
2025-06-05 23:34:09,889 | INFO | Epoch: 30 | Time: 43.86s
2025-06-05 23:34:09,889 | INFO | Train Loss=3.2444, Train Acc=33.33%
2025-06-05 23:34:09,889 | INFO | Val Loss=2.9151, Val Acc=26.75%
2025-06-05 23:34:09,890 | INFO | Train Gamma Loss=-0.0096 | Val Gamma Loss=0.0008942264248616993
2025-06-05 23:34:09,891 | INFO | New best model saved (val loss = 2.9151)
2025-06-05 23:34:55,116 | INFO | Epoch: 31 | Time: 45.20s
2025-06-05 23:34:55,116 | INFO | Train Loss=3.3912, Train Acc=30.70%
2025-06-05 23:34:55,116 | INFO | Val Loss=2.8221, Val Acc=28.92%
2025-06-05 23:34:55,116 | INFO | Train Gamma Loss=-0.0101 | Val Gamma Loss=0.0004277456901036203
2025-06-05 23:34:55,117 | INFO | New best model saved (val loss = 2.8221)
2025-06-05 23:35:39,233 | INFO | Epoch: 32 | Time: 44.08s
2025-06-05 23:35:39,234 | INFO | Train Loss=3.0671, Train Acc=38.30%
2025-06-05 23:35:39,234 | INFO | Val Loss=3.0242, Val Acc=25.75%
2025-06-05 23:35:39,234 | INFO | Train Gamma Loss=-0.0101 | Val Gamma Loss=0.00015971425455063581
2025-06-05 23:36:25,976 | INFO | Epoch: 33 | Time: 46.70s
2025-06-05 23:36:25,976 | INFO | Train Loss=2.9743, Train Acc=39.47%
2025-06-05 23:36:25,976 | INFO | Val Loss=3.0146, Val Acc=24.50%
2025-06-05 23:36:25,976 | INFO | Train Gamma Loss=-0.0102 | Val Gamma Loss=0.0007732731173746288
2025-06-05 23:37:09,976 | INFO | Epoch: 34 | Time: 43.99s
2025-06-05 23:37:09,992 | INFO | Train Loss=3.0396, Train Acc=39.40%
2025-06-05 23:37:09,992 | INFO | Val Loss=2.9112, Val Acc=28.75%
2025-06-05 23:37:09,992 | INFO | Train Gamma Loss=-0.0094 | Val Gamma Loss=0.0012600456830114126
2025-06-05 23:37:48,594 | INFO | Epoch: 35 | Time: 38.58s
2025-06-05 23:37:48,594 | INFO | Train Loss=3.0941, Train Acc=39.03%
2025-06-05 23:37:48,594 | INFO | Val Loss=2.7194, Val Acc=30.58%
2025-06-05 23:37:48,595 | INFO | Train Gamma Loss=-0.0099 | Val Gamma Loss=0.0026360703632235527
2025-06-05 23:37:48,596 | INFO | New best model saved (val loss = 2.7194)
2025-06-05 23:38:32,346 | INFO | Epoch: 36 | Time: 43.73s
2025-06-05 23:38:32,346 | INFO | Train Loss=3.0257, Train Acc=42.13%
2025-06-05 23:38:32,346 | INFO | Val Loss=2.8690, Val Acc=29.58%
2025-06-05 23:38:32,346 | INFO | Train Gamma Loss=-0.0099 | Val Gamma Loss=0.00039737587212584913
2025-06-05 23:39:14,381 | INFO | Epoch: 37 | Time: 42.02s
2025-06-05 23:39:14,382 | INFO | Train Loss=2.7730, Train Acc=46.40%
2025-06-05 23:39:14,382 | INFO | Val Loss=2.9284, Val Acc=26.67%
2025-06-05 23:39:14,382 | INFO | Train Gamma Loss=-0.0099 | Val Gamma Loss=0.00044525766861625016
2025-06-05 23:39:52,399 | INFO | Epoch: 38 | Time: 38.01s
2025-06-05 23:39:52,399 | INFO | Train Loss=2.8501, Train Acc=44.03%
2025-06-05 23:39:52,399 | INFO | Val Loss=2.7801, Val Acc=31.00%
2025-06-05 23:39:52,399 | INFO | Train Gamma Loss=-0.0099 | Val Gamma Loss=0.0007416768930852413
2025-06-05 23:40:29,576 | INFO | Epoch: 39 | Time: 37.17s
2025-06-05 23:40:29,576 | INFO | Train Loss=2.8273, Train Acc=46.20%
2025-06-05 23:40:29,576 | INFO | Val Loss=2.7962, Val Acc=29.58%
2025-06-05 23:40:29,576 | INFO | Train Gamma Loss=-0.0100 | Val Gamma Loss=0.0004171642358414829
2025-06-05 23:41:07,853 | INFO | Epoch: 40 | Time: 38.27s
2025-06-05 23:41:07,879 | INFO | Train Loss=2.7855, Train Acc=47.97%
2025-06-05 23:41:07,879 | INFO | Val Loss=2.7334, Val Acc=31.08%
2025-06-05 23:41:07,879 | INFO | Train Gamma Loss=-0.0100 | Val Gamma Loss=0.0008180454024113715
2025-06-05 23:41:46,623 | INFO | Epoch: 41 | Time: 38.71s
2025-06-05 23:41:46,623 | INFO | Train Loss=2.8665, Train Acc=48.43%
2025-06-05 23:41:46,623 | INFO | Val Loss=2.8654, Val Acc=27.92%
2025-06-05 23:41:46,623 | INFO | Train Gamma Loss=-0.0099 | Val Gamma Loss=0.0005635310662910342
2025-06-05 23:42:23,176 | INFO | Epoch: 42 | Time: 36.54s
2025-06-05 23:42:23,176 | INFO | Train Loss=2.7731, Train Acc=51.13%
2025-06-05 23:42:23,176 | INFO | Val Loss=2.6360, Val Acc=34.67%
2025-06-05 23:42:23,176 | INFO | Train Gamma Loss=-0.0101 | Val Gamma Loss=0.0006824170704931021
2025-06-05 23:42:23,178 | INFO | New best model saved (val loss = 2.6360)
2025-06-05 23:42:59,951 | INFO | Epoch: 43 | Time: 36.74s
2025-06-05 23:42:59,951 | INFO | Train Loss=2.5643, Train Acc=55.17%
2025-06-05 23:42:59,951 | INFO | Val Loss=2.7428, Val Acc=31.83%
2025-06-05 23:42:59,951 | INFO | Train Gamma Loss=-0.0097 | Val Gamma Loss=0.0005117668188177049
2025-06-05 23:43:36,798 | INFO | Epoch: 44 | Time: 36.84s
2025-06-05 23:43:36,799 | INFO | Train Loss=2.5458, Train Acc=55.87%
2025-06-05 23:43:36,799 | INFO | Val Loss=2.6197, Val Acc=32.42%
2025-06-05 23:43:36,799 | INFO | Train Gamma Loss=-0.0100 | Val Gamma Loss=0.0005900646792724729
2025-06-05 23:43:36,800 | INFO | New best model saved (val loss = 2.6197)
2025-06-05 23:44:13,796 | INFO | Epoch: 45 | Time: 36.98s
2025-06-05 23:44:13,796 | INFO | Train Loss=2.5090, Train Acc=56.30%
2025-06-05 23:44:13,796 | INFO | Val Loss=2.6045, Val Acc=34.50%
2025-06-05 23:44:13,797 | INFO | Train Gamma Loss=-0.0100 | Val Gamma Loss=0.0002619665174279362
2025-06-05 23:44:13,798 | INFO | New best model saved (val loss = 2.6045)
2025-06-05 23:44:50,774 | INFO | Epoch: 46 | Time: 36.93s
2025-06-05 23:44:50,774 | INFO | Train Loss=2.4092, Train Acc=61.63%
2025-06-05 23:44:50,774 | INFO | Val Loss=2.4983, Val Acc=35.92%
2025-06-05 23:44:50,774 | INFO | Train Gamma Loss=-0.0101 | Val Gamma Loss=0.0004778775037266314
2025-06-05 23:44:50,775 | INFO | New best model saved (val loss = 2.4983)
2025-06-05 23:45:27,442 | INFO | Epoch: 47 | Time: 36.60s
2025-06-05 23:45:27,458 | INFO | Train Loss=2.3609, Train Acc=61.83%
2025-06-05 23:45:27,458 | INFO | Val Loss=2.5824, Val Acc=34.92%
2025-06-05 23:45:27,458 | INFO | Train Gamma Loss=-0.0100 | Val Gamma Loss=0.0003047769714612514
2025-06-05 23:46:04,348 | INFO | Epoch: 48 | Time: 36.88s
2025-06-05 23:46:04,348 | INFO | Train Loss=2.5142, Train Acc=59.23%
2025-06-05 23:46:04,348 | INFO | Val Loss=2.7633, Val Acc=33.67%
2025-06-05 23:46:04,348 | INFO | Train Gamma Loss=-0.0102 | Val Gamma Loss=0.00036612441181205213
2025-06-05 23:46:42,146 | INFO | Epoch: 49 | Time: 37.79s
2025-06-05 23:46:42,147 | INFO | Train Loss=2.4222, Train Acc=61.80%
2025-06-05 23:46:42,147 | INFO | Val Loss=2.5149, Val Acc=36.42%
2025-06-05 23:46:42,147 | INFO | Train Gamma Loss=-0.0101 | Val Gamma Loss=0.000312452029902488
2025-06-05 23:47:19,305 | INFO | Epoch: 50 | Time: 37.15s
2025-06-05 23:47:19,305 | INFO | Train Loss=2.4587, Train Acc=63.73%
2025-06-05 23:47:19,305 | INFO | Val Loss=2.5907, Val Acc=36.25%
2025-06-05 23:47:19,305 | INFO | Train Gamma Loss=-0.0101 | Val Gamma Loss=0.0005122222937643528
2025-06-05 23:47:55,964 | INFO | Epoch: 51 | Time: 36.64s
2025-06-05 23:47:55,964 | INFO | Train Loss=2.3160, Train Acc=65.53%
2025-06-05 23:47:55,964 | INFO | Val Loss=2.8052, Val Acc=32.50%
2025-06-05 23:47:55,964 | INFO | Train Gamma Loss=-0.0101 | Val Gamma Loss=0.0002994200331158936
2025-06-05 23:48:32,972 | INFO | Epoch: 52 | Time: 37.00s
2025-06-05 23:48:32,972 | INFO | Train Loss=2.4065, Train Acc=63.67%
2025-06-05 23:48:32,972 | INFO | Val Loss=2.6164, Val Acc=34.25%
2025-06-05 23:48:32,972 | INFO | Train Gamma Loss=-0.0103 | Val Gamma Loss=0.00025164999533444643
2025-06-05 23:49:11,587 | INFO | Epoch: 53 | Time: 38.60s
2025-06-05 23:49:11,603 | INFO | Train Loss=2.2576, Train Acc=68.80%
2025-06-05 23:49:11,603 | INFO | Val Loss=2.5629, Val Acc=35.83%
2025-06-05 23:49:11,603 | INFO | Train Gamma Loss=-0.0103 | Val Gamma Loss=0.00022004394850227982
2025-06-05 23:49:48,640 | INFO | Epoch: 54 | Time: 37.00s
2025-06-05 23:49:48,640 | INFO | Train Loss=2.0130, Train Acc=74.83%
2025-06-05 23:49:48,640 | INFO | Val Loss=2.5532, Val Acc=37.25%
2025-06-05 23:49:48,640 | INFO | Train Gamma Loss=-0.0102 | Val Gamma Loss=0.00024840349215082824
2025-06-05 23:50:26,709 | INFO | Epoch: 55 | Time: 38.06s
2025-06-05 23:50:26,709 | INFO | Train Loss=2.0669, Train Acc=73.30%
2025-06-05 23:50:26,709 | INFO | Val Loss=2.5116, Val Acc=38.58%
2025-06-05 23:50:26,709 | INFO | Train Gamma Loss=-0.0103 | Val Gamma Loss=0.00022955285385251045
2025-06-05 23:51:03,829 | INFO | Epoch: 56 | Time: 37.11s
2025-06-05 23:51:03,830 | INFO | Train Loss=2.2172, Train Acc=72.07%
2025-06-05 23:51:03,830 | INFO | Val Loss=2.7066, Val Acc=34.17%
2025-06-05 23:51:03,830 | INFO | Train Gamma Loss=-0.0103 | Val Gamma Loss=0.00023056664213072509
2025-06-05 23:51:41,040 | INFO | Epoch: 57 | Time: 37.20s
2025-06-05 23:51:41,040 | INFO | Train Loss=2.3804, Train Acc=70.40%
2025-06-05 23:51:41,040 | INFO | Val Loss=2.4964, Val Acc=39.00%
2025-06-05 23:51:41,040 | INFO | Train Gamma Loss=-0.0103 | Val Gamma Loss=0.0002115879178745672
2025-06-05 23:51:41,041 | INFO | New best model saved (val loss = 2.4964)
2025-06-05 23:52:18,170 | INFO | Epoch: 58 | Time: 37.10s
2025-06-05 23:52:18,170 | INFO | Train Loss=2.2543, Train Acc=70.33%
2025-06-05 23:52:18,170 | INFO | Val Loss=2.3985, Val Acc=41.08%
2025-06-05 23:52:18,170 | INFO | Train Gamma Loss=-0.0103 | Val Gamma Loss=0.00020543712889775634
2025-06-05 23:52:18,172 | INFO | New best model saved (val loss = 2.3985)
2025-06-05 23:52:56,504 | INFO | Epoch: 59 | Time: 38.30s
2025-06-05 23:52:56,504 | INFO | Train Loss=1.9775, Train Acc=79.23%
2025-06-05 23:52:56,504 | INFO | Val Loss=2.4498, Val Acc=39.67%
2025-06-05 23:52:56,504 | INFO | Train Gamma Loss=-0.0103 | Val Gamma Loss=0.0002240655740024522
2025-06-05 23:53:33,771 | INFO | Epoch: 60 | Time: 37.26s
2025-06-05 23:53:33,771 | INFO | Train Loss=1.9677, Train Acc=78.07%
2025-06-05 23:53:33,771 | INFO | Val Loss=2.5719, Val Acc=37.67%
2025-06-05 23:53:33,771 | INFO | Train Gamma Loss=-0.0102 | Val Gamma Loss=0.00023490707098972052
2025-06-05 23:54:16,170 | INFO | Epoch: 61 | Time: 42.36s
2025-06-05 23:54:16,170 | INFO | Train Loss=2.1011, Train Acc=73.33%
2025-06-05 23:54:16,170 | INFO | Val Loss=2.4392, Val Acc=41.67%
2025-06-05 23:54:16,170 | INFO | Train Gamma Loss=-0.0103 | Val Gamma Loss=0.0002460115938447416
2025-06-05 23:55:08,851 | INFO | Epoch: 62 | Time: 52.60s
2025-06-05 23:55:08,892 | INFO | Train Loss=2.1334, Train Acc=75.27%
2025-06-05 23:55:08,892 | INFO | Val Loss=2.5120, Val Acc=39.17%
2025-06-05 23:55:08,892 | INFO | Train Gamma Loss=-0.0103 | Val Gamma Loss=0.00022098109184298664
2025-06-05 23:55:52,960 | INFO | Epoch: 63 | Time: 44.04s
2025-06-05 23:55:52,961 | INFO | Train Loss=2.2914, Train Acc=74.17%
2025-06-05 23:55:52,961 | INFO | Val Loss=2.4082, Val Acc=40.75%
2025-06-05 23:55:52,961 | INFO | Train Gamma Loss=-0.0103 | Val Gamma Loss=0.00022622337564826012
2025-06-05 23:56:41,803 | INFO | Epoch: 64 | Time: 48.81s
2025-06-05 23:56:41,803 | INFO | Train Loss=1.7930, Train Acc=83.80%
2025-06-05 23:56:41,803 | INFO | Val Loss=2.3667, Val Acc=42.17%
2025-06-05 23:56:41,803 | INFO | Train Gamma Loss=-0.0103 | Val Gamma Loss=0.00024552998365834355
2025-06-05 23:56:41,804 | INFO | New best model saved (val loss = 2.3667)
2025-06-05 23:57:28,366 | INFO | Epoch: 65 | Time: 46.53s
2025-06-05 23:57:28,366 | INFO | Train Loss=1.8267, Train Acc=82.60%
2025-06-05 23:57:28,366 | INFO | Val Loss=2.3979, Val Acc=42.33%
2025-06-05 23:57:28,366 | INFO | Train Gamma Loss=-0.0103 | Val Gamma Loss=0.00023571678320877254
2025-06-05 23:58:14,222 | INFO | Epoch: 66 | Time: 45.84s
2025-06-05 23:58:14,222 | INFO | Train Loss=1.8763, Train Acc=81.07%
2025-06-05 23:58:14,222 | INFO | Val Loss=2.3804, Val Acc=41.67%
2025-06-05 23:58:14,222 | INFO | Train Gamma Loss=-0.0103 | Val Gamma Loss=0.00020972115453332663
2025-06-05 23:58:58,373 | INFO | Epoch: 67 | Time: 44.14s
2025-06-05 23:58:58,373 | INFO | Train Loss=2.0251, Train Acc=79.50%
2025-06-05 23:58:58,373 | INFO | Val Loss=2.4287, Val Acc=41.83%
2025-06-05 23:58:58,373 | INFO | Train Gamma Loss=-0.0103 | Val Gamma Loss=0.00021181559714023024
2025-06-05 23:59:38,648 | INFO | Epoch: 68 | Time: 40.26s
2025-06-05 23:59:38,648 | INFO | Train Loss=1.8945, Train Acc=83.90%
2025-06-05 23:59:38,648 | INFO | Val Loss=2.4041, Val Acc=41.33%
2025-06-05 23:59:38,648 | INFO | Train Gamma Loss=-0.0103 | Val Gamma Loss=0.00020075609791092575
2025-06-06 00:00:17,381 | INFO | Epoch: 69 | Time: 38.72s
2025-06-06 00:00:17,381 | INFO | Train Loss=1.9548, Train Acc=80.47%
2025-06-06 00:00:17,381 | INFO | Val Loss=2.3477, Val Acc=43.42%
2025-06-06 00:00:17,381 | INFO | Train Gamma Loss=-0.0103 | Val Gamma Loss=0.00022642113617621362
2025-06-06 00:00:17,382 | INFO | New best model saved (val loss = 2.3477)
2025-06-06 00:01:01,553 | INFO | Epoch: 70 | Time: 44.13s
2025-06-06 00:01:01,553 | INFO | Train Loss=2.0987, Train Acc=78.30%
2025-06-06 00:01:01,553 | INFO | Val Loss=2.3965, Val Acc=42.50%
2025-06-06 00:01:01,553 | INFO | Train Gamma Loss=-0.0103 | Val Gamma Loss=0.00022457640443462878
2025-06-06 00:01:38,419 | INFO | Epoch: 71 | Time: 36.85s
2025-06-06 00:01:38,419 | INFO | Train Loss=2.2174, Train Acc=74.83%
2025-06-06 00:01:38,419 | INFO | Val Loss=2.3623, Val Acc=43.50%
2025-06-06 00:01:38,419 | INFO | Train Gamma Loss=-0.0103 | Val Gamma Loss=0.0002127361367456615
2025-06-06 00:02:16,387 | INFO | Epoch: 72 | Time: 37.91s
2025-06-06 00:02:16,387 | INFO | Train Loss=1.9229, Train Acc=82.47%
2025-06-06 00:02:16,387 | INFO | Val Loss=2.3898, Val Acc=41.92%
2025-06-06 00:02:16,387 | INFO | Train Gamma Loss=-0.0103 | Val Gamma Loss=0.00023356419114861637
2025-06-06 00:02:52,997 | INFO | Epoch: 73 | Time: 36.60s
2025-06-06 00:02:52,998 | INFO | Train Loss=1.7975, Train Acc=83.87%
2025-06-06 00:02:52,998 | INFO | Val Loss=2.3559, Val Acc=42.08%
2025-06-06 00:02:52,998 | INFO | Train Gamma Loss=-0.0103 | Val Gamma Loss=0.0002264699578518048
2025-06-06 00:03:30,379 | INFO | Epoch: 74 | Time: 37.36s
2025-06-06 00:03:30,379 | INFO | Train Loss=1.6434, Train Acc=85.27%
2025-06-06 00:03:30,391 | INFO | Val Loss=2.3426, Val Acc=43.92%
2025-06-06 00:03:30,391 | INFO | Train Gamma Loss=-0.0103 | Val Gamma Loss=0.0002282626082887873
2025-06-06 00:03:30,392 | INFO | New best model saved (val loss = 2.3426)
2025-06-06 00:04:06,999 | INFO | Epoch: 75 | Time: 36.59s
2025-06-06 00:04:06,999 | INFO | Train Loss=1.6812, Train Acc=87.53%
2025-06-06 00:04:06,999 | INFO | Val Loss=2.3721, Val Acc=42.42%
2025-06-06 00:04:06,999 | INFO | Train Gamma Loss=-0.0103 | Val Gamma Loss=0.00022724905284121633
2025-06-06 00:04:44,805 | INFO | Epoch: 76 | Time: 37.79s
2025-06-06 00:04:44,805 | INFO | Train Loss=2.1664, Train Acc=78.80%
2025-06-06 00:04:44,805 | INFO | Val Loss=2.3784, Val Acc=43.08%
2025-06-06 00:04:44,805 | INFO | Train Gamma Loss=-0.0103 | Val Gamma Loss=0.0002169315266655758
2025-06-06 00:05:23,195 | INFO | Epoch: 77 | Time: 38.37s
2025-06-06 00:05:23,195 | INFO | Train Loss=1.6330, Train Acc=87.07%
2025-06-06 00:05:23,195 | INFO | Val Loss=2.3218, Val Acc=43.42%
2025-06-06 00:05:23,196 | INFO | Train Gamma Loss=-0.0103 | Val Gamma Loss=0.0002307958493474871
2025-06-06 00:05:23,197 | INFO | New best model saved (val loss = 2.3218)
2025-06-06 00:06:00,060 | INFO | Epoch: 78 | Time: 36.82s
2025-06-06 00:06:00,060 | INFO | Train Loss=1.6186, Train Acc=89.60%
2025-06-06 00:06:00,060 | INFO | Val Loss=2.3784, Val Acc=43.25%
2025-06-06 00:06:00,060 | INFO | Train Gamma Loss=-0.0103 | Val Gamma Loss=0.0002394670300418511
2025-06-06 00:06:36,789 | INFO | Epoch: 79 | Time: 36.72s
2025-06-06 00:06:36,790 | INFO | Train Loss=1.7062, Train Acc=86.63%
2025-06-06 00:06:36,790 | INFO | Val Loss=2.3648, Val Acc=44.17%
2025-06-06 00:06:36,790 | INFO | Train Gamma Loss=-0.0103 | Val Gamma Loss=0.0002199885930167511
2025-06-06 00:07:13,538 | INFO | Epoch: 80 | Time: 36.73s
2025-06-06 00:07:13,538 | INFO | Train Loss=2.0189, Train Acc=80.47%
2025-06-06 00:07:13,538 | INFO | Val Loss=2.3366, Val Acc=43.42%
2025-06-06 00:07:13,538 | INFO | Train Gamma Loss=-0.0103 | Val Gamma Loss=0.0002132326044375077
2025-06-06 00:07:53,582 | INFO | Epoch: 81 | Time: 40.01s
2025-06-06 00:07:53,582 | INFO | Train Loss=1.7831, Train Acc=83.93%
2025-06-06 00:07:53,582 | INFO | Val Loss=2.3204, Val Acc=44.08%
2025-06-06 00:07:53,582 | INFO | Train Gamma Loss=-0.0103 | Val Gamma Loss=0.0002178418217226863
2025-06-06 00:07:53,584 | INFO | New best model saved (val loss = 2.3204)
2025-06-06 00:08:34,049 | INFO | Epoch: 82 | Time: 40.43s
2025-06-06 00:08:34,049 | INFO | Train Loss=1.8283, Train Acc=82.23%
2025-06-06 00:08:34,049 | INFO | Val Loss=2.3429, Val Acc=43.75%
2025-06-06 00:08:34,049 | INFO | Train Gamma Loss=-0.0103 | Val Gamma Loss=0.0002198524452978745
2025-06-06 00:09:13,751 | INFO | Epoch: 83 | Time: 39.69s
2025-06-06 00:09:13,751 | INFO | Train Loss=1.8259, Train Acc=84.30%
2025-06-06 00:09:13,751 | INFO | Val Loss=2.3368, Val Acc=44.00%
2025-06-06 00:09:13,751 | INFO | Train Gamma Loss=-0.0103 | Val Gamma Loss=0.00022568643908016384
2025-06-06 00:09:56,079 | INFO | Epoch: 84 | Time: 42.31s
2025-06-06 00:09:56,079 | INFO | Train Loss=1.9581, Train Acc=81.30%
2025-06-06 00:09:56,079 | INFO | Val Loss=2.3267, Val Acc=44.58%
2025-06-06 00:09:56,079 | INFO | Train Gamma Loss=-0.0103 | Val Gamma Loss=0.00022247862943913788
2025-06-06 00:10:36,546 | INFO | Epoch: 85 | Time: 40.45s
2025-06-06 00:10:36,546 | INFO | Train Loss=2.0897, Train Acc=81.47%
2025-06-06 00:10:36,546 | INFO | Val Loss=2.3596, Val Acc=43.50%
2025-06-06 00:10:36,546 | INFO | Train Gamma Loss=-0.0103 | Val Gamma Loss=0.00022400807938538492
2025-06-06 00:11:14,222 | INFO | Epoch: 86 | Time: 37.66s
2025-06-06 00:11:14,222 | INFO | Train Loss=1.7495, Train Acc=83.63%
2025-06-06 00:11:14,222 | INFO | Val Loss=2.3312, Val Acc=45.00%
2025-06-06 00:11:14,222 | INFO | Train Gamma Loss=-0.0103 | Val Gamma Loss=0.000231677942792885
2025-06-06 00:11:51,845 | INFO | Epoch: 87 | Time: 37.61s
2025-06-06 00:11:51,845 | INFO | Train Loss=2.0848, Train Acc=81.73%
2025-06-06 00:11:51,845 | INFO | Val Loss=2.3450, Val Acc=44.83%
2025-06-06 00:11:51,845 | INFO | Train Gamma Loss=-0.0103 | Val Gamma Loss=0.00022404374612960964
2025-06-06 00:12:28,217 | INFO | Epoch: 88 | Time: 36.22s
2025-06-06 00:12:28,217 | INFO | Train Loss=1.7269, Train Acc=84.70%
2025-06-06 00:12:28,217 | INFO | Val Loss=2.3342, Val Acc=44.33%
2025-06-06 00:12:28,217 | INFO | Train Gamma Loss=-0.0103 | Val Gamma Loss=0.00022804808395449072
2025-06-06 00:13:04,647 | INFO | Epoch: 89 | Time: 36.41s
2025-06-06 00:13:04,647 | INFO | Train Loss=1.7906, Train Acc=86.60%
2025-06-06 00:13:04,647 | INFO | Val Loss=2.3163, Val Acc=43.33%
2025-06-06 00:13:04,647 | INFO | Train Gamma Loss=-0.0103 | Val Gamma Loss=0.0002216497523477301
2025-06-06 00:13:04,649 | INFO | New best model saved (val loss = 2.3163)
2025-06-06 00:13:41,029 | INFO | Epoch: 90 | Time: 36.32s
2025-06-06 00:13:41,030 | INFO | Train Loss=1.7129, Train Acc=88.37%
2025-06-06 00:13:41,030 | INFO | Val Loss=2.3150, Val Acc=43.58%
2025-06-06 00:13:41,030 | INFO | Train Gamma Loss=-0.0103 | Val Gamma Loss=0.00022433322737924755
2025-06-06 00:13:41,031 | INFO | New best model saved (val loss = 2.3150)
2025-06-06 00:14:18,605 | INFO | Epoch: 91 | Time: 37.55s
2025-06-06 00:14:18,605 | INFO | Train Loss=1.9222, Train Acc=83.37%
2025-06-06 00:14:18,605 | INFO | Val Loss=2.3382, Val Acc=44.42%
2025-06-06 00:14:18,605 | INFO | Train Gamma Loss=-0.0103 | Val Gamma Loss=0.00022873544367030263
2025-06-06 00:14:59,538 | INFO | Epoch: 92 | Time: 40.91s
2025-06-06 00:14:59,538 | INFO | Train Loss=1.6726, Train Acc=89.30%
2025-06-06 00:14:59,538 | INFO | Val Loss=2.3234, Val Acc=43.83%
2025-06-06 00:14:59,538 | INFO | Train Gamma Loss=-0.0103 | Val Gamma Loss=0.00022817187709733844
2025-06-06 00:15:45,389 | INFO | Epoch: 93 | Time: 45.84s
2025-06-06 00:15:45,389 | INFO | Train Loss=1.8680, Train Acc=85.50%
2025-06-06 00:15:45,389 | INFO | Val Loss=2.3287, Val Acc=43.58%
2025-06-06 00:15:45,389 | INFO | Train Gamma Loss=-0.0103 | Val Gamma Loss=0.00022929784609004855
2025-06-06 00:16:22,117 | INFO | Epoch: 94 | Time: 36.71s
2025-06-06 00:16:22,117 | INFO | Train Loss=1.9335, Train Acc=83.53%
2025-06-06 00:16:22,117 | INFO | Val Loss=2.3250, Val Acc=44.17%
2025-06-06 00:16:22,118 | INFO | Train Gamma Loss=-0.0103 | Val Gamma Loss=0.0002259457396576181
2025-06-06 00:16:59,235 | INFO | Epoch: 95 | Time: 37.10s
2025-06-06 00:16:59,236 | INFO | Train Loss=1.3884, Train Acc=92.70%
2025-06-06 00:16:59,236 | INFO | Val Loss=2.3203, Val Acc=43.58%
2025-06-06 00:16:59,236 | INFO | Train Gamma Loss=-0.0103 | Val Gamma Loss=0.00022646348224952817
2025-06-06 00:17:35,740 | INFO | Epoch: 96 | Time: 36.49s
2025-06-06 00:17:35,740 | INFO | Train Loss=1.5088, Train Acc=90.70%
2025-06-06 00:17:35,740 | INFO | Val Loss=2.3259, Val Acc=43.42%
2025-06-06 00:17:35,740 | INFO | Train Gamma Loss=-0.0103 | Val Gamma Loss=0.00022451364202424884
2025-06-06 00:18:15,096 | INFO | Epoch: 97 | Time: 39.34s
2025-06-06 00:18:15,096 | INFO | Train Loss=1.7431, Train Acc=82.70%
2025-06-06 00:18:15,097 | INFO | Val Loss=2.3204, Val Acc=43.67%
2025-06-06 00:18:15,097 | INFO | Train Gamma Loss=-0.0103 | Val Gamma Loss=0.00022589442960452288
2025-06-06 00:18:57,620 | INFO | Epoch: 98 | Time: 42.50s
2025-06-06 00:18:57,620 | INFO | Train Loss=1.8153, Train Acc=87.80%
2025-06-06 00:18:57,620 | INFO | Val Loss=2.3206, Val Acc=43.83%
2025-06-06 00:18:57,620 | INFO | Train Gamma Loss=-0.0103 | Val Gamma Loss=0.00022592520690523088
2025-06-06 00:19:38,563 | INFO | Epoch: 99 | Time: 40.93s
2025-06-06 00:19:38,563 | INFO | Train Loss=2.0634, Train Acc=79.57%
2025-06-06 00:19:38,563 | INFO | Val Loss=2.3297, Val Acc=44.00%
2025-06-06 00:19:38,563 | INFO | Train Gamma Loss=-0.0103 | Val Gamma Loss=0.0002269315009471029
2025-06-06 00:20:20,983 | INFO | Epoch: 100 | Time: 42.40s
2025-06-06 00:20:20,983 | INFO | Train Loss=1.6137, Train Acc=88.87%
2025-06-06 00:20:20,983 | INFO | Val Loss=2.3225, Val Acc=43.75%
2025-06-06 00:20:20,983 | INFO | Train Gamma Loss=-0.0103 | Val Gamma Loss=0.00022716724197380245
2025-06-06 00:20:21,070 | INFO | Best model with lowest val loss 2.3149778403733907 at 89 epoch is saved.
2025-06-06 00:21:26,630 | INFO | Test Accuracy: 44.31%
2025-06-06 00:21:26,728 | INFO | Last model with val loss 2.322475420801263 at 99 epoch is saved.
2025-06-06 00:22:29,917 | INFO | Test Accuracy: 44.31%
2025-06-06 00:22:29,946 | INFO | 
Job Completed
