2025-04-24 15:25:57,716 | INFO | Job Started
2025-04-24 15:25:57,717 | INFO | Logging run: /rds/general/user/psp20/home/Brain-Network/runs/stanford_dogs/zoomvit_p4_20250424-152557
2025-04-24 15:25:57,878 | INFO | Using device: cuda
2025-04-24 15:25:57,879 | INFO | Training for 50 epochs
2025-04-24 15:25:57,879 | INFO | Debug mode: False
2025-04-24 15:25:57,879 | INFO | Downsampling by: 0
2025-04-24 15:25:58,617 | INFO | Label smoothing: 0.1
2025-04-24 15:28:09,080 | INFO | Epoch 1: Train Loss=4.8364, Train Acc=0.98% | Val Loss=4.7728, Val Acc=1.75% | Time: 130.40s
2025-04-24 15:28:09,081 | INFO | New best model saved (val loss = 4.7728)
2025-04-24 15:30:13,942 | INFO | Epoch 2: Train Loss=4.7461, Train Acc=1.44% | Val Loss=4.7009, Val Acc=2.00% | Time: 124.84s
2025-04-24 15:30:13,944 | INFO | New best model saved (val loss = 4.7009)
2025-04-24 15:32:17,170 | INFO | Epoch 3: Train Loss=4.7038, Train Acc=2.03% | Val Loss=4.6961, Val Acc=2.33% | Time: 123.19s
2025-04-24 15:32:17,172 | INFO | New best model saved (val loss = 4.6961)
2025-04-24 15:34:20,629 | INFO | Epoch 4: Train Loss=4.6649, Train Acc=2.02% | Val Loss=4.8361, Val Acc=1.58% | Time: 123.42s
2025-04-24 15:36:25,400 | INFO | Epoch 5: Train Loss=4.6087, Train Acc=2.34% | Val Loss=4.6088, Val Acc=2.42% | Time: 124.73s
2025-04-24 15:36:25,402 | INFO | New best model saved (val loss = 4.6088)
2025-04-24 15:38:34,365 | INFO | Epoch 6: Train Loss=4.5497, Train Acc=2.51% | Val Loss=4.6628, Val Acc=2.58% | Time: 128.91s
2025-04-24 15:40:45,931 | INFO | Epoch 7: Train Loss=4.4888, Train Acc=3.27% | Val Loss=4.5462, Val Acc=2.08% | Time: 131.56s
2025-04-24 15:40:45,933 | INFO | New best model saved (val loss = 4.5462)
2025-04-24 15:43:01,554 | INFO | Epoch 8: Train Loss=4.4537, Train Acc=3.29% | Val Loss=4.4656, Val Acc=3.17% | Time: 135.59s
2025-04-24 15:43:01,555 | INFO | New best model saved (val loss = 4.4656)
2025-04-24 15:45:12,851 | INFO | Epoch 9: Train Loss=4.4170, Train Acc=3.83% | Val Loss=4.5261, Val Acc=2.67% | Time: 131.27s
2025-04-24 15:47:25,432 | INFO | Epoch 10: Train Loss=4.3655, Train Acc=4.54% | Val Loss=4.4727, Val Acc=4.17% | Time: 132.57s
2025-04-24 15:49:34,003 | INFO | Epoch 11: Train Loss=4.3235, Train Acc=4.91% | Val Loss=4.3894, Val Acc=4.92% | Time: 128.56s
2025-04-24 15:49:34,005 | INFO | New best model saved (val loss = 4.3894)
2025-04-24 15:51:48,117 | INFO | Epoch 12: Train Loss=4.2655, Train Acc=5.69% | Val Loss=4.2715, Val Acc=6.75% | Time: 134.08s
2025-04-24 15:51:48,118 | INFO | New best model saved (val loss = 4.2715)
2025-04-24 15:54:08,448 | INFO | Epoch 13: Train Loss=4.2107, Train Acc=6.70% | Val Loss=4.2088, Val Acc=5.67% | Time: 140.29s
2025-04-24 15:54:08,450 | INFO | New best model saved (val loss = 4.2088)
2025-04-24 15:56:19,627 | INFO | Epoch 14: Train Loss=4.1515, Train Acc=7.35% | Val Loss=4.2295, Val Acc=7.00% | Time: 131.10s
2025-04-24 15:58:29,321 | INFO | Epoch 15: Train Loss=4.0896, Train Acc=8.62% | Val Loss=4.1844, Val Acc=7.33% | Time: 129.68s
2025-04-24 15:58:29,322 | INFO | New best model saved (val loss = 4.1844)
2025-04-24 16:00:35,924 | INFO | Epoch 16: Train Loss=4.0302, Train Acc=9.43% | Val Loss=4.2646, Val Acc=7.08% | Time: 126.58s
2025-04-24 16:02:48,959 | INFO | Epoch 17: Train Loss=3.9679, Train Acc=10.11% | Val Loss=4.0754, Val Acc=7.83% | Time: 133.02s
2025-04-24 16:02:48,960 | INFO | New best model saved (val loss = 4.0754)
2025-04-24 16:05:01,819 | INFO | Epoch 18: Train Loss=3.9125, Train Acc=11.66% | Val Loss=3.9361, Val Acc=11.08% | Time: 132.83s
2025-04-24 16:05:01,821 | INFO | New best model saved (val loss = 3.9361)
2025-04-24 16:07:19,869 | INFO | Epoch 19: Train Loss=3.8401, Train Acc=12.98% | Val Loss=3.9735, Val Acc=11.25% | Time: 137.98s
2025-04-24 16:09:32,261 | INFO | Epoch 20: Train Loss=3.7896, Train Acc=13.89% | Val Loss=3.9117, Val Acc=12.00% | Time: 132.37s
2025-04-24 16:09:32,262 | INFO | New best model saved (val loss = 3.9117)
2025-04-24 16:11:42,561 | INFO | Epoch 21: Train Loss=3.7228, Train Acc=14.95% | Val Loss=3.9202, Val Acc=12.58% | Time: 130.27s
2025-04-24 16:13:46,946 | INFO | Epoch 22: Train Loss=3.6392, Train Acc=17.35% | Val Loss=3.7429, Val Acc=16.25% | Time: 124.37s
2025-04-24 16:13:46,947 | INFO | New best model saved (val loss = 3.7429)
2025-04-24 16:15:53,097 | INFO | Epoch 23: Train Loss=3.5586, Train Acc=18.44% | Val Loss=3.9014, Val Acc=13.08% | Time: 126.10s
2025-04-24 16:18:01,420 | INFO | Epoch 24: Train Loss=3.4787, Train Acc=21.20% | Val Loss=3.8839, Val Acc=12.67% | Time: 128.31s
2025-04-24 16:20:08,778 | INFO | Epoch 25: Train Loss=3.3997, Train Acc=22.75% | Val Loss=3.6229, Val Acc=17.83% | Time: 127.33s
2025-04-24 16:20:08,779 | INFO | New best model saved (val loss = 3.6229)
2025-04-24 16:22:15,046 | INFO | Epoch 26: Train Loss=3.3373, Train Acc=24.11% | Val Loss=3.5767, Val Acc=17.25% | Time: 126.24s
2025-04-24 16:22:15,048 | INFO | New best model saved (val loss = 3.5767)
2025-04-24 16:24:22,339 | INFO | Epoch 27: Train Loss=3.2557, Train Acc=26.20% | Val Loss=3.5098, Val Acc=20.75% | Time: 127.27s
2025-04-24 16:24:22,340 | INFO | New best model saved (val loss = 3.5098)
2025-04-24 16:26:26,849 | INFO | Epoch 28: Train Loss=3.1688, Train Acc=28.48% | Val Loss=3.5029, Val Acc=22.42% | Time: 124.46s
2025-04-24 16:26:26,850 | INFO | New best model saved (val loss = 3.5029)
2025-04-24 16:28:32,386 | INFO | Epoch 29: Train Loss=3.1022, Train Acc=30.87% | Val Loss=3.5490, Val Acc=20.25% | Time: 125.47s
2025-04-24 16:30:42,224 | INFO | Epoch 30: Train Loss=3.0000, Train Acc=33.13% | Val Loss=3.5233, Val Acc=21.25% | Time: 129.83s
2025-04-24 16:32:48,770 | INFO | Epoch 31: Train Loss=2.9374, Train Acc=34.06% | Val Loss=3.1963, Val Acc=27.33% | Time: 126.48s
2025-04-24 16:32:48,771 | INFO | New best model saved (val loss = 3.1963)
2025-04-24 16:34:56,736 | INFO | Epoch 32: Train Loss=2.8513, Train Acc=36.94% | Val Loss=3.5025, Val Acc=23.83% | Time: 127.90s
2025-04-24 16:37:05,378 | INFO | Epoch 33: Train Loss=2.7692, Train Acc=39.98% | Val Loss=3.2174, Val Acc=27.50% | Time: 128.63s
2025-04-24 16:39:14,140 | INFO | Epoch 34: Train Loss=2.7041, Train Acc=41.46% | Val Loss=3.4110, Val Acc=26.17% | Time: 128.73s
2025-04-24 16:41:22,709 | INFO | Epoch 35: Train Loss=2.5935, Train Acc=44.67% | Val Loss=3.2914, Val Acc=26.25% | Time: 128.56s
2025-04-24 16:43:31,839 | INFO | Epoch 36: Train Loss=2.5186, Train Acc=47.29% | Val Loss=3.3262, Val Acc=25.83% | Time: 129.12s
2025-04-24 16:45:38,813 | INFO | Epoch 37: Train Loss=2.4569, Train Acc=49.45% | Val Loss=3.3439, Val Acc=26.67% | Time: 126.96s
2025-04-24 16:47:49,151 | INFO | Epoch 38: Train Loss=2.3750, Train Acc=51.61% | Val Loss=3.1384, Val Acc=31.75% | Time: 130.29s
2025-04-24 16:47:49,152 | INFO | New best model saved (val loss = 3.1384)
2025-04-24 16:49:57,639 | INFO | Epoch 39: Train Loss=2.2959, Train Acc=53.71% | Val Loss=3.2664, Val Acc=27.75% | Time: 128.46s
2025-04-24 16:52:06,119 | INFO | Epoch 40: Train Loss=2.1917, Train Acc=58.17% | Val Loss=3.1851, Val Acc=31.67% | Time: 128.46s
2025-04-24 16:54:11,485 | INFO | Epoch 41: Train Loss=2.1266, Train Acc=60.56% | Val Loss=3.1370, Val Acc=33.67% | Time: 125.35s
2025-04-24 16:54:11,487 | INFO | New best model saved (val loss = 3.1370)
2025-04-24 16:56:16,258 | INFO | Epoch 42: Train Loss=2.0223, Train Acc=64.19% | Val Loss=3.0785, Val Acc=33.92% | Time: 124.76s
2025-04-24 16:56:16,259 | INFO | New best model saved (val loss = 3.0785)
2025-04-24 16:58:23,473 | INFO | Epoch 43: Train Loss=1.9643, Train Acc=66.96% | Val Loss=3.1943, Val Acc=32.75% | Time: 127.20s
2025-04-24 17:00:30,393 | INFO | Epoch 44: Train Loss=1.8820, Train Acc=69.83% | Val Loss=3.2924, Val Acc=30.17% | Time: 126.86s
2025-04-24 17:02:33,727 | INFO | Epoch 45: Train Loss=1.8431, Train Acc=71.43% | Val Loss=3.2812, Val Acc=31.00% | Time: 123.32s
2025-04-24 17:04:45,517 | INFO | Epoch 46: Train Loss=1.7414, Train Acc=75.37% | Val Loss=3.3666, Val Acc=31.42% | Time: 131.77s
2025-04-24 17:06:51,776 | INFO | Epoch 47: Train Loss=1.6897, Train Acc=77.69% | Val Loss=3.2322, Val Acc=32.17% | Time: 126.22s
2025-04-24 17:08:55,553 | INFO | Epoch 48: Train Loss=1.6304, Train Acc=79.69% | Val Loss=3.3508, Val Acc=32.00% | Time: 123.71s
2025-04-24 17:11:03,510 | INFO | Epoch 49: Train Loss=1.5671, Train Acc=82.19% | Val Loss=3.2622, Val Acc=33.17% | Time: 127.93s
2025-04-24 17:13:18,800 | INFO | Epoch 50: Train Loss=1.5173, Train Acc=84.10% | Val Loss=3.5001, Val Acc=29.83% | Time: 135.26s
2025-04-24 17:13:18,882 | INFO | Best model with lowest val loss 3.0784896925876013 at 41 epoch is saved.
2025-04-24 17:14:23,998 | INFO | Test Accuracy: 27.60%
2025-04-24 17:14:24,085 | INFO | Last model with val loss 3.5000963963960348 at 49 epoch is saved.
2025-04-24 17:15:28,588 | INFO | Test Accuracy: 27.60%
2025-04-24 17:15:28,604 | INFO | 
Job Completed
