2025-06-05 22:54:20,887 | INFO | Job Started
2025-06-05 22:54:20,887 | INFO | Logging run: /rds/general/user/psp20/home/Brain-Network/runs/brainit_5_3_sample_eff_0_25_20250605-225420
2025-06-05 22:54:20,911 | INFO | Using device: cuda
2025-06-05 22:54:20,911 | INFO | Training for 100 epochs
2025-06-05 22:54:20,911 | INFO | Debug mode: False
2025-06-05 22:54:20,911 | INFO | Downsampling by: 0.25
2025-06-05 22:54:20,911 | INFO | Auxiliary loss: {'attention_entropy_loss': 0.1}
2025-06-05 22:54:20,912 | INFO | Train transforms: 
	Compose(
    RandomResizedCrop(size=(224, 224), scale=(0.8, 1), ratio=(0.75, 1.3333), interpolation=bilinear, antialias=True)
    RandomHorizontalFlip(p=0.5)
    ColorJitter(brightness=(0.8, 1.2), contrast=(0.8, 1.2), saturation=(0.8, 1.2), hue=None)
    ToTensor()
    Normalize(mean=(0.4765, 0.4517, 0.3911), std=(0.2264, 0.2214, 0.2193))
)
2025-06-05 22:54:20,912 | INFO | Test transforms: 
	Compose(
    Resize(size=[224, 224], interpolation=bilinear, max_size=None, antialias=True)
    ToTensor()
    Normalize(mean=(0.4765, 0.4517, 0.3911), std=(0.2264, 0.2214, 0.2193))
)
2025-06-05 22:54:21,142 | INFO | Downsampling by: 0.25. Few shot: False
2025-06-05 22:54:21,437 | INFO | Using mixup function and SoftTargetCrossEntropy
2025-06-05 22:54:21,437 | INFO | Auxiliary loss: {'attention_entropy_loss': 0.1}
2025-06-05 22:55:04,602 | INFO | Epoch: 1 | Time: 43.14s
2025-06-05 22:55:04,602 | INFO | Train Loss=5.2136, Train Acc=0.93%
2025-06-05 22:55:04,602 | INFO | Val Loss=5.1216, Val Acc=1.25%
2025-06-05 22:55:04,602 | INFO | Train Gamma Loss=0.3305 | Val Gamma Loss=0.30948081612586975
2025-06-05 22:55:04,603 | INFO | New best model saved (val loss = 5.1216)
2025-06-05 22:55:46,168 | INFO | Epoch: 2 | Time: 41.54s
2025-06-05 22:55:46,168 | INFO | Train Loss=5.0458, Train Acc=1.10%
2025-06-05 22:55:46,168 | INFO | Val Loss=4.9546, Val Acc=0.58%
2025-06-05 22:55:46,168 | INFO | Train Gamma Loss=0.2414 | Val Gamma Loss=0.17431588470935822
2025-06-05 22:55:46,169 | INFO | New best model saved (val loss = 4.9546)
2025-06-05 22:56:27,510 | INFO | Epoch: 3 | Time: 41.24s
2025-06-05 22:56:27,510 | INFO | Train Loss=4.8374, Train Acc=1.03%
2025-06-05 22:56:27,510 | INFO | Val Loss=4.7295, Val Acc=1.75%
2025-06-05 22:56:27,510 | INFO | Train Gamma Loss=0.0030 | Val Gamma Loss=0.0027071370277553797
2025-06-05 22:56:27,511 | INFO | New best model saved (val loss = 4.7295)
2025-06-05 22:57:09,244 | INFO | Epoch: 4 | Time: 41.71s
2025-06-05 22:57:09,245 | INFO | Train Loss=4.7611, Train Acc=1.67%
2025-06-05 22:57:09,245 | INFO | Val Loss=4.7368, Val Acc=1.25%
2025-06-05 22:57:09,245 | INFO | Train Gamma Loss=-0.0071 | Val Gamma Loss=0.0027608107775449753
2025-06-05 22:57:52,019 | INFO | Epoch: 5 | Time: 42.76s
2025-06-05 22:57:52,019 | INFO | Train Loss=4.7362, Train Acc=1.97%
2025-06-05 22:57:52,019 | INFO | Val Loss=4.7201, Val Acc=2.25%
2025-06-05 22:57:52,019 | INFO | Train Gamma Loss=-0.0075 | Val Gamma Loss=0.002488981233909726
2025-06-05 22:57:52,020 | INFO | New best model saved (val loss = 4.7201)
2025-06-05 22:58:33,598 | INFO | Epoch: 6 | Time: 41.55s
2025-06-05 22:58:33,598 | INFO | Train Loss=4.7387, Train Acc=1.93%
2025-06-05 22:58:33,598 | INFO | Val Loss=4.6783, Val Acc=2.08%
2025-06-05 22:58:33,599 | INFO | Train Gamma Loss=-0.0079 | Val Gamma Loss=0.002365177497267723
2025-06-05 22:58:33,600 | INFO | New best model saved (val loss = 4.6783)
2025-06-05 22:59:15,100 | INFO | Epoch: 7 | Time: 41.42s
2025-06-05 22:59:15,101 | INFO | Train Loss=4.7050, Train Acc=2.90%
2025-06-05 22:59:15,101 | INFO | Val Loss=4.6775, Val Acc=1.92%
2025-06-05 22:59:15,101 | INFO | Train Gamma Loss=-0.0080 | Val Gamma Loss=0.0024542072787880898
2025-06-05 22:59:15,102 | INFO | New best model saved (val loss = 4.6775)
2025-06-05 22:59:57,035 | INFO | Epoch: 8 | Time: 41.90s
2025-06-05 22:59:57,035 | INFO | Train Loss=4.7016, Train Acc=1.83%
2025-06-05 22:59:57,036 | INFO | Val Loss=4.6845, Val Acc=2.67%
2025-06-05 22:59:57,036 | INFO | Train Gamma Loss=-0.0082 | Val Gamma Loss=0.00188929820433259
2025-06-05 23:00:45,295 | INFO | Epoch: 9 | Time: 48.24s
2025-06-05 23:00:45,295 | INFO | Train Loss=4.6814, Train Acc=2.30%
2025-06-05 23:00:45,295 | INFO | Val Loss=4.6113, Val Acc=2.83%
2025-06-05 23:00:45,295 | INFO | Train Gamma Loss=-0.0084 | Val Gamma Loss=0.0019142888486385345
2025-06-05 23:00:45,297 | INFO | New best model saved (val loss = 4.6113)
2025-06-05 23:01:28,284 | INFO | Epoch: 10 | Time: 42.97s
2025-06-05 23:01:28,284 | INFO | Train Loss=4.6126, Train Acc=2.63%
2025-06-05 23:01:28,284 | INFO | Val Loss=4.6911, Val Acc=2.58%
2025-06-05 23:01:28,284 | INFO | Train Gamma Loss=-0.0086 | Val Gamma Loss=0.0018309704028069973
2025-06-05 23:02:12,487 | INFO | Epoch: 11 | Time: 44.19s
2025-06-05 23:02:12,488 | INFO | Train Loss=4.6022, Train Acc=3.00%
2025-06-05 23:02:12,488 | INFO | Val Loss=4.6279, Val Acc=2.58%
2025-06-05 23:02:12,488 | INFO | Train Gamma Loss=-0.0086 | Val Gamma Loss=0.001593397930264473
2025-06-05 23:03:01,204 | INFO | Epoch: 12 | Time: 48.71s
2025-06-05 23:03:01,204 | INFO | Train Loss=4.5782, Train Acc=3.20%
2025-06-05 23:03:01,205 | INFO | Val Loss=4.6382, Val Acc=2.67%
2025-06-05 23:03:01,205 | INFO | Train Gamma Loss=-0.0090 | Val Gamma Loss=0.0017830629367381334
2025-06-05 23:03:45,835 | INFO | Epoch: 13 | Time: 44.53s
2025-06-05 23:03:45,835 | INFO | Train Loss=4.5534, Train Acc=4.37%
2025-06-05 23:03:45,835 | INFO | Val Loss=4.5963, Val Acc=3.00%
2025-06-05 23:03:45,835 | INFO | Train Gamma Loss=-0.0087 | Val Gamma Loss=0.0015764395939186215
2025-06-05 23:03:45,836 | INFO | New best model saved (val loss = 4.5963)
2025-06-05 23:04:28,051 | INFO | Epoch: 14 | Time: 42.14s
2025-06-05 23:04:28,051 | INFO | Train Loss=4.5205, Train Acc=4.47%
2025-06-05 23:04:28,051 | INFO | Val Loss=4.4720, Val Acc=3.67%
2025-06-05 23:04:28,052 | INFO | Train Gamma Loss=-0.0088 | Val Gamma Loss=0.0015753640327602625
2025-06-05 23:04:28,053 | INFO | New best model saved (val loss = 4.4720)
2025-06-05 23:05:10,214 | INFO | Epoch: 15 | Time: 42.13s
2025-06-05 23:05:10,214 | INFO | Train Loss=4.5119, Train Acc=4.40%
2025-06-05 23:05:10,214 | INFO | Val Loss=4.4715, Val Acc=2.75%
2025-06-05 23:05:10,215 | INFO | Train Gamma Loss=-0.0089 | Val Gamma Loss=0.0015768003650009632
2025-06-05 23:05:10,216 | INFO | New best model saved (val loss = 4.4715)
2025-06-05 23:05:53,509 | INFO | Epoch: 16 | Time: 43.23s
2025-06-05 23:05:53,509 | INFO | Train Loss=4.4642, Train Acc=5.23%
2025-06-05 23:05:53,510 | INFO | Val Loss=4.4951, Val Acc=3.92%
2025-06-05 23:05:53,510 | INFO | Train Gamma Loss=-0.0088 | Val Gamma Loss=0.001663076807744801
2025-06-05 23:06:38,084 | INFO | Epoch: 17 | Time: 44.51s
2025-06-05 23:06:38,084 | INFO | Train Loss=4.4119, Train Acc=5.40%
2025-06-05 23:06:38,084 | INFO | Val Loss=4.4647, Val Acc=3.58%
2025-06-05 23:06:38,084 | INFO | Train Gamma Loss=-0.0088 | Val Gamma Loss=0.0015268379356712103
2025-06-05 23:06:38,085 | INFO | New best model saved (val loss = 4.4647)
2025-06-05 23:07:26,337 | INFO | Epoch: 18 | Time: 48.15s
2025-06-05 23:07:26,337 | INFO | Train Loss=4.4542, Train Acc=4.53%
2025-06-05 23:07:26,337 | INFO | Val Loss=4.4613, Val Acc=4.25%
2025-06-05 23:07:26,337 | INFO | Train Gamma Loss=-0.0090 | Val Gamma Loss=0.0015696508344262838
2025-06-05 23:07:26,339 | INFO | New best model saved (val loss = 4.4613)
2025-06-05 23:08:13,710 | INFO | Epoch: 19 | Time: 47.30s
2025-06-05 23:08:13,710 | INFO | Train Loss=4.3554, Train Acc=6.53%
2025-06-05 23:08:13,710 | INFO | Val Loss=4.4757, Val Acc=4.50%
2025-06-05 23:08:13,710 | INFO | Train Gamma Loss=-0.0089 | Val Gamma Loss=0.0014722878113389015
2025-06-05 23:08:57,244 | INFO | Epoch: 20 | Time: 43.44s
2025-06-05 23:08:57,244 | INFO | Train Loss=4.3653, Train Acc=6.60%
2025-06-05 23:08:57,244 | INFO | Val Loss=4.3245, Val Acc=5.25%
2025-06-05 23:08:57,244 | INFO | Train Gamma Loss=-0.0090 | Val Gamma Loss=0.001429649768397212
2025-06-05 23:08:57,246 | INFO | New best model saved (val loss = 4.3245)
2025-06-05 23:09:39,171 | INFO | Epoch: 21 | Time: 41.90s
2025-06-05 23:09:39,171 | INFO | Train Loss=4.2993, Train Acc=7.17%
2025-06-05 23:09:39,171 | INFO | Val Loss=4.3678, Val Acc=4.92%
2025-06-05 23:09:39,172 | INFO | Train Gamma Loss=-0.0089 | Val Gamma Loss=0.0017120866104960442
2025-06-05 23:10:23,836 | INFO | Epoch: 22 | Time: 44.61s
2025-06-05 23:10:23,836 | INFO | Train Loss=4.2800, Train Acc=7.33%
2025-06-05 23:10:23,836 | INFO | Val Loss=4.2762, Val Acc=5.00%
2025-06-05 23:10:23,836 | INFO | Train Gamma Loss=-0.0089 | Val Gamma Loss=0.001451041898690164
2025-06-05 23:10:23,838 | INFO | New best model saved (val loss = 4.2762)
2025-06-05 23:11:10,534 | INFO | Epoch: 23 | Time: 46.66s
2025-06-05 23:11:10,534 | INFO | Train Loss=4.2788, Train Acc=7.60%
2025-06-05 23:11:10,534 | INFO | Val Loss=4.2412, Val Acc=6.42%
2025-06-05 23:11:10,534 | INFO | Train Gamma Loss=-0.0089 | Val Gamma Loss=0.0015923695173114538
2025-06-05 23:11:10,535 | INFO | New best model saved (val loss = 4.2412)
2025-06-05 23:11:53,976 | INFO | Epoch: 24 | Time: 43.42s
2025-06-05 23:11:53,976 | INFO | Train Loss=4.2285, Train Acc=8.70%
2025-06-05 23:11:53,976 | INFO | Val Loss=4.3187, Val Acc=6.33%
2025-06-05 23:11:53,976 | INFO | Train Gamma Loss=-0.0088 | Val Gamma Loss=0.0016347746131941676
2025-06-05 23:12:37,155 | INFO | Epoch: 25 | Time: 43.17s
2025-06-05 23:12:37,155 | INFO | Train Loss=4.2225, Train Acc=9.10%
2025-06-05 23:12:37,155 | INFO | Val Loss=4.2096, Val Acc=7.50%
2025-06-05 23:12:37,156 | INFO | Train Gamma Loss=-0.0090 | Val Gamma Loss=0.0015454497188329697
2025-06-05 23:12:37,157 | INFO | New best model saved (val loss = 4.2096)
2025-06-05 23:13:22,597 | INFO | Epoch: 26 | Time: 45.40s
2025-06-05 23:13:22,597 | INFO | Train Loss=4.1048, Train Acc=10.67%
2025-06-05 23:13:22,597 | INFO | Val Loss=4.2380, Val Acc=6.92%
2025-06-05 23:13:22,597 | INFO | Train Gamma Loss=-0.0089 | Val Gamma Loss=0.0015568312956020236
2025-06-05 23:14:07,611 | INFO | Epoch: 27 | Time: 45.00s
2025-06-05 23:14:07,611 | INFO | Train Loss=4.1520, Train Acc=10.67%
2025-06-05 23:14:07,611 | INFO | Val Loss=4.2522, Val Acc=6.25%
2025-06-05 23:14:07,611 | INFO | Train Gamma Loss=-0.0089 | Val Gamma Loss=0.001603654003702104
2025-06-05 23:14:50,496 | INFO | Epoch: 28 | Time: 42.85s
2025-06-05 23:14:50,497 | INFO | Train Loss=4.1037, Train Acc=10.30%
2025-06-05 23:14:50,497 | INFO | Val Loss=4.2473, Val Acc=7.17%
2025-06-05 23:14:50,497 | INFO | Train Gamma Loss=-0.0089 | Val Gamma Loss=0.0017160383285954595
2025-06-05 23:15:34,542 | INFO | Epoch: 29 | Time: 44.02s
2025-06-05 23:15:34,542 | INFO | Train Loss=3.9923, Train Acc=12.70%
2025-06-05 23:15:34,542 | INFO | Val Loss=4.2257, Val Acc=7.75%
2025-06-05 23:15:34,542 | INFO | Train Gamma Loss=-0.0088 | Val Gamma Loss=0.0015816226368770003
2025-06-05 23:16:17,085 | INFO | Epoch: 30 | Time: 42.53s
2025-06-05 23:16:17,086 | INFO | Train Loss=4.0467, Train Acc=12.93%
2025-06-05 23:16:17,086 | INFO | Val Loss=4.1708, Val Acc=7.58%
2025-06-05 23:16:17,086 | INFO | Train Gamma Loss=-0.0088 | Val Gamma Loss=0.0018061719601973891
2025-06-05 23:16:17,087 | INFO | New best model saved (val loss = 4.1708)
2025-06-05 23:17:00,323 | INFO | Epoch: 31 | Time: 43.20s
2025-06-05 23:17:00,323 | INFO | Train Loss=4.1114, Train Acc=12.07%
2025-06-05 23:17:00,323 | INFO | Val Loss=4.1663, Val Acc=7.83%
2025-06-05 23:17:00,323 | INFO | Train Gamma Loss=-0.0088 | Val Gamma Loss=0.0016952455043792725
2025-06-05 23:17:00,324 | INFO | New best model saved (val loss = 4.1663)
2025-06-05 23:17:43,356 | INFO | Epoch: 32 | Time: 42.99s
2025-06-05 23:17:43,356 | INFO | Train Loss=3.9823, Train Acc=13.40%
2025-06-05 23:17:43,357 | INFO | Val Loss=4.1431, Val Acc=8.25%
2025-06-05 23:17:43,357 | INFO | Train Gamma Loss=-0.0087 | Val Gamma Loss=0.0016813529655337334
2025-06-05 23:17:43,358 | INFO | New best model saved (val loss = 4.1431)
2025-06-05 23:18:25,095 | INFO | Epoch: 33 | Time: 41.70s
2025-06-05 23:18:25,095 | INFO | Train Loss=3.9114, Train Acc=14.97%
2025-06-05 23:18:25,095 | INFO | Val Loss=4.2006, Val Acc=7.25%
2025-06-05 23:18:25,095 | INFO | Train Gamma Loss=-0.0088 | Val Gamma Loss=0.0017277328297495842
2025-06-05 23:19:06,371 | INFO | Epoch: 34 | Time: 41.19s
2025-06-05 23:19:06,372 | INFO | Train Loss=3.9133, Train Acc=15.43%
2025-06-05 23:19:06,372 | INFO | Val Loss=4.1527, Val Acc=8.25%
2025-06-05 23:19:06,372 | INFO | Train Gamma Loss=-0.0088 | Val Gamma Loss=0.0017220578156411648
2025-06-05 23:19:48,774 | INFO | Epoch: 35 | Time: 42.39s
2025-06-05 23:19:48,774 | INFO | Train Loss=3.9332, Train Acc=16.03%
2025-06-05 23:19:48,774 | INFO | Val Loss=4.1720, Val Acc=9.08%
2025-06-05 23:19:48,775 | INFO | Train Gamma Loss=-0.0086 | Val Gamma Loss=0.0015379092656075954
2025-06-05 23:20:30,861 | INFO | Epoch: 36 | Time: 42.05s
2025-06-05 23:20:30,861 | INFO | Train Loss=3.8862, Train Acc=16.27%
2025-06-05 23:20:30,861 | INFO | Val Loss=4.2102, Val Acc=7.25%
2025-06-05 23:20:30,861 | INFO | Train Gamma Loss=-0.0088 | Val Gamma Loss=0.0016138505889102817
2025-06-05 23:21:12,960 | INFO | Epoch: 37 | Time: 42.08s
2025-06-05 23:21:12,960 | INFO | Train Loss=3.7178, Train Acc=19.63%
2025-06-05 23:21:12,960 | INFO | Val Loss=4.1869, Val Acc=8.92%
2025-06-05 23:21:12,960 | INFO | Train Gamma Loss=-0.0088 | Val Gamma Loss=0.0016000423347577453
2025-06-05 23:21:55,875 | INFO | Epoch: 38 | Time: 42.86s
2025-06-05 23:21:55,875 | INFO | Train Loss=3.7192, Train Acc=19.43%
2025-06-05 23:21:55,875 | INFO | Val Loss=4.1945, Val Acc=9.25%
2025-06-05 23:21:55,875 | INFO | Train Gamma Loss=-0.0088 | Val Gamma Loss=0.0015773033956065774
2025-06-05 23:22:38,389 | INFO | Epoch: 39 | Time: 42.49s
2025-06-05 23:22:38,389 | INFO | Train Loss=3.7165, Train Acc=20.20%
2025-06-05 23:22:38,389 | INFO | Val Loss=4.1607, Val Acc=9.25%
2025-06-05 23:22:38,389 | INFO | Train Gamma Loss=-0.0088 | Val Gamma Loss=0.0016888915561139584
2025-06-05 23:23:20,930 | INFO | Epoch: 40 | Time: 42.48s
2025-06-05 23:23:20,931 | INFO | Train Loss=3.7018, Train Acc=20.47%
2025-06-05 23:23:20,931 | INFO | Val Loss=4.1246, Val Acc=8.67%
2025-06-05 23:23:20,931 | INFO | Train Gamma Loss=-0.0087 | Val Gamma Loss=0.001625344273634255
2025-06-05 23:23:20,932 | INFO | New best model saved (val loss = 4.1246)
2025-06-05 23:24:03,553 | INFO | Epoch: 41 | Time: 42.58s
2025-06-05 23:24:03,553 | INFO | Train Loss=3.7004, Train Acc=22.13%
2025-06-05 23:24:03,553 | INFO | Val Loss=4.0907, Val Acc=9.17%
2025-06-05 23:24:03,553 | INFO | Train Gamma Loss=-0.0087 | Val Gamma Loss=0.0016092414734885097
2025-06-05 23:24:03,555 | INFO | New best model saved (val loss = 4.0907)
2025-06-05 23:24:45,895 | INFO | Epoch: 42 | Time: 42.29s
2025-06-05 23:24:45,896 | INFO | Train Loss=3.6467, Train Acc=23.53%
2025-06-05 23:24:45,896 | INFO | Val Loss=4.1504, Val Acc=9.50%
2025-06-05 23:24:45,896 | INFO | Train Gamma Loss=-0.0088 | Val Gamma Loss=0.0016846474027261138
2025-06-05 23:25:29,303 | INFO | Epoch: 43 | Time: 43.38s
2025-06-05 23:25:29,303 | INFO | Train Loss=3.4529, Train Acc=27.67%
2025-06-05 23:25:29,304 | INFO | Val Loss=4.1204, Val Acc=9.00%
2025-06-05 23:25:29,304 | INFO | Train Gamma Loss=-0.0087 | Val Gamma Loss=0.0016512649599462748
2025-06-05 23:26:12,406 | INFO | Epoch: 44 | Time: 43.07s
2025-06-05 23:26:12,406 | INFO | Train Loss=3.4273, Train Acc=28.77%
2025-06-05 23:26:12,406 | INFO | Val Loss=4.1769, Val Acc=9.00%
2025-06-05 23:26:12,406 | INFO | Train Gamma Loss=-0.0086 | Val Gamma Loss=0.0017799055203795433
2025-06-05 23:26:55,027 | INFO | Epoch: 45 | Time: 42.56s
2025-06-05 23:26:55,028 | INFO | Train Loss=3.3776, Train Acc=29.60%
2025-06-05 23:26:55,028 | INFO | Val Loss=4.1828, Val Acc=9.75%
2025-06-05 23:26:55,028 | INFO | Train Gamma Loss=-0.0086 | Val Gamma Loss=0.0017440591473132372
2025-06-05 23:27:38,835 | INFO | Epoch: 46 | Time: 43.79s
2025-06-05 23:27:38,835 | INFO | Train Loss=3.2562, Train Acc=34.43%
2025-06-05 23:27:38,835 | INFO | Val Loss=4.1303, Val Acc=10.75%
2025-06-05 23:27:38,835 | INFO | Train Gamma Loss=-0.0086 | Val Gamma Loss=0.0017532769124954939
2025-06-05 23:28:23,319 | INFO | Epoch: 47 | Time: 44.47s
2025-06-05 23:28:23,319 | INFO | Train Loss=3.2101, Train Acc=34.93%
2025-06-05 23:28:23,319 | INFO | Val Loss=4.1228, Val Acc=12.17%
2025-06-05 23:28:23,319 | INFO | Train Gamma Loss=-0.0086 | Val Gamma Loss=0.0016934347804635763
2025-06-05 23:29:05,963 | INFO | Epoch: 48 | Time: 42.63s
2025-06-05 23:29:05,964 | INFO | Train Loss=3.2706, Train Acc=33.40%
2025-06-05 23:29:05,964 | INFO | Val Loss=4.1731, Val Acc=10.50%
2025-06-05 23:29:05,964 | INFO | Train Gamma Loss=-0.0086 | Val Gamma Loss=0.0017247607465833426
2025-06-05 23:29:47,996 | INFO | Epoch: 49 | Time: 42.00s
2025-06-05 23:29:47,997 | INFO | Train Loss=3.1377, Train Acc=39.27%
2025-06-05 23:29:47,997 | INFO | Val Loss=4.1393, Val Acc=10.75%
2025-06-05 23:29:47,997 | INFO | Train Gamma Loss=-0.0086 | Val Gamma Loss=0.0018015549285337329
2025-06-05 23:30:31,918 | INFO | Epoch: 50 | Time: 43.91s
2025-06-05 23:30:31,919 | INFO | Train Loss=3.2184, Train Acc=39.00%
2025-06-05 23:30:31,919 | INFO | Val Loss=4.1143, Val Acc=11.50%
2025-06-05 23:30:31,919 | INFO | Train Gamma Loss=-0.0085 | Val Gamma Loss=0.0017495492938905954
2025-06-05 23:31:14,885 | INFO | Epoch: 51 | Time: 42.95s
2025-06-05 23:31:14,886 | INFO | Train Loss=2.9949, Train Acc=43.47%
2025-06-05 23:31:14,886 | INFO | Val Loss=4.1893, Val Acc=10.92%
2025-06-05 23:31:14,886 | INFO | Train Gamma Loss=-0.0086 | Val Gamma Loss=0.0017955285729840398
2025-06-05 23:31:58,835 | INFO | Epoch: 52 | Time: 43.93s
2025-06-05 23:31:58,835 | INFO | Train Loss=3.0877, Train Acc=42.17%
2025-06-05 23:31:58,835 | INFO | Val Loss=4.1600, Val Acc=11.08%
2025-06-05 23:31:58,835 | INFO | Train Gamma Loss=-0.0085 | Val Gamma Loss=0.0017467535799369216
2025-06-05 23:32:41,625 | INFO | Epoch: 53 | Time: 42.76s
2025-06-05 23:32:41,625 | INFO | Train Loss=2.9202, Train Acc=48.20%
2025-06-05 23:32:41,625 | INFO | Val Loss=4.1582, Val Acc=10.92%
2025-06-05 23:32:41,626 | INFO | Train Gamma Loss=-0.0085 | Val Gamma Loss=0.0018099936423823237
2025-06-05 23:33:26,025 | INFO | Epoch: 54 | Time: 44.36s
2025-06-05 23:33:26,025 | INFO | Train Loss=2.6732, Train Acc=53.80%
2025-06-05 23:33:26,025 | INFO | Val Loss=4.2225, Val Acc=11.75%
2025-06-05 23:33:26,025 | INFO | Train Gamma Loss=-0.0085 | Val Gamma Loss=0.0018340225797146559
2025-06-05 23:34:09,936 | INFO | Epoch: 55 | Time: 43.86s
2025-06-05 23:34:09,936 | INFO | Train Loss=2.6397, Train Acc=55.33%
2025-06-05 23:34:09,937 | INFO | Val Loss=4.1982, Val Acc=11.92%
2025-06-05 23:34:09,937 | INFO | Train Gamma Loss=-0.0084 | Val Gamma Loss=0.001832550740800798
2025-06-05 23:34:55,099 | INFO | Epoch: 56 | Time: 45.15s
2025-06-05 23:34:55,099 | INFO | Train Loss=2.7324, Train Acc=55.37%
2025-06-05 23:34:55,099 | INFO | Val Loss=4.2600, Val Acc=12.25%
2025-06-05 23:34:55,100 | INFO | Train Gamma Loss=-0.0085 | Val Gamma Loss=0.0018011217471212149
2025-06-05 23:35:39,253 | INFO | Epoch: 57 | Time: 44.11s
2025-06-05 23:35:39,253 | INFO | Train Loss=2.9601, Train Acc=50.20%
2025-06-05 23:35:39,253 | INFO | Val Loss=4.2825, Val Acc=10.42%
2025-06-05 23:35:39,253 | INFO | Train Gamma Loss=-0.0085 | Val Gamma Loss=0.001843224628828466
2025-06-05 23:36:25,951 | INFO | Epoch: 58 | Time: 46.68s
2025-06-05 23:36:25,951 | INFO | Train Loss=2.7746, Train Acc=54.73%
2025-06-05 23:36:25,951 | INFO | Val Loss=4.2411, Val Acc=12.25%
2025-06-05 23:36:25,951 | INFO | Train Gamma Loss=-0.0084 | Val Gamma Loss=0.0018822390120476484
2025-06-05 23:37:10,014 | INFO | Epoch: 59 | Time: 44.02s
2025-06-05 23:37:10,015 | INFO | Train Loss=2.4712, Train Acc=63.40%
2025-06-05 23:37:10,015 | INFO | Val Loss=4.2324, Val Acc=12.33%
2025-06-05 23:37:10,015 | INFO | Train Gamma Loss=-0.0085 | Val Gamma Loss=0.0018276374321430922
2025-06-05 23:37:49,685 | INFO | Epoch: 60 | Time: 39.66s
2025-06-05 23:37:49,685 | INFO | Train Loss=2.4319, Train Acc=63.87%
2025-06-05 23:37:49,685 | INFO | Val Loss=4.2277, Val Acc=13.42%
2025-06-05 23:37:49,686 | INFO | Train Gamma Loss=-0.0084 | Val Gamma Loss=0.001863293000496924
2025-06-05 23:38:32,435 | INFO | Epoch: 61 | Time: 42.71s
2025-06-05 23:38:32,435 | INFO | Train Loss=2.5184, Train Acc=62.83%
2025-06-05 23:38:32,435 | INFO | Val Loss=4.2326, Val Acc=11.50%
2025-06-05 23:38:32,435 | INFO | Train Gamma Loss=-0.0084 | Val Gamma Loss=0.001876185997389257
2025-06-05 23:38:32,435 | INFO | Early stopping triggered at epoch 61
2025-06-05 23:38:32,551 | INFO | Best model with lowest val loss 4.090674638748169 at 40 epoch is saved.
2025-06-05 23:39:52,370 | INFO | Test Accuracy: 11.72%
2025-06-05 23:39:52,494 | INFO | Last model with val loss 4.2326172527514005 at 60 epoch is saved.
2025-06-05 23:41:04,049 | INFO | Test Accuracy: 11.72%
2025-06-05 23:41:04,074 | INFO | 
Job Completed
