2025-04-26 19:17:13,454 | INFO | Job Started
2025-04-26 19:17:13,454 | INFO | Logging run: /rds/general/user/psp20/home/Brain-Network/runs/stanford_dogs/brainit_p18_20250426-191713
2025-04-26 19:17:13,624 | INFO | Using device: cuda
2025-04-26 19:17:13,624 | INFO | Training for 50 epochs
2025-04-26 19:17:13,624 | INFO | Debug mode: False
2025-04-26 19:17:13,624 | INFO | Downsampling by: 0.5
2025-04-26 19:17:13,624 | INFO | Train transforms: 
	Compose(
    RandomResizedCrop(size=(224, 224), scale=(0.7, 1), ratio=(0.75, 1.3333), interpolation=bilinear, antialias=True)
    RandomHorizontalFlip(p=0.5)
    ColorJitter(brightness=(0.8, 1.2), contrast=(0.8, 1.2), saturation=(0.8, 1.2), hue=None)
    ToTensor()
    Normalize(mean=(0.485, 0.456, 0.406), std=(0.229, 0.224, 0.225))
)
2025-04-26 19:17:13,624 | INFO | Test transforms: 
	Compose(
    Resize(size=256, interpolation=bilinear, max_size=None, antialias=True)
    CenterCrop(size=(224, 224))
    ToTensor()
    Normalize(mean=(0.485, 0.456, 0.406), std=(0.229, 0.224, 0.225))
)
2025-04-26 19:17:13,847 | INFO | Downsampling by: 0.5. Few shot: False
2025-04-26 19:17:13,848 | INFO | Using pretrained weights
2025-04-26 19:17:14,679 | INFO | Label smoothing: 0.1
2025-04-26 19:18:21,191 | INFO | Epoch 1: Train Loss=4.8015, Train Acc=1.08% | Val Loss=4.7020, Val Acc=2.75% | Time: 66.49s
2025-04-26 19:18:21,192 | INFO | New best model saved (val loss = 4.7020)
2025-04-26 19:19:28,030 | INFO | Epoch 2: Train Loss=4.6305, Train Acc=3.38% | Val Loss=4.5221, Val Acc=5.33% | Time: 66.82s
2025-04-26 19:19:28,031 | INFO | New best model saved (val loss = 4.5221)
2025-04-26 19:20:35,340 | INFO | Epoch 3: Train Loss=4.3168, Train Acc=6.65% | Val Loss=4.0950, Val Acc=10.08% | Time: 67.29s
2025-04-26 19:20:35,341 | INFO | New best model saved (val loss = 4.0950)
2025-04-26 19:21:42,125 | INFO | Epoch 4: Train Loss=3.8927, Train Acc=11.88% | Val Loss=4.0387, Val Acc=11.17% | Time: 66.77s
2025-04-26 19:21:42,126 | INFO | New best model saved (val loss = 4.0387)
2025-04-26 19:22:49,069 | INFO | Epoch 5: Train Loss=3.6595, Train Acc=15.98% | Val Loss=3.8129, Val Acc=16.08% | Time: 66.93s
2025-04-26 19:22:49,071 | INFO | New best model saved (val loss = 3.8129)
2025-04-26 19:23:55,367 | INFO | Epoch 6: Train Loss=3.5661, Train Acc=17.82% | Val Loss=3.9013, Val Acc=14.00% | Time: 66.29s
2025-04-26 19:25:02,791 | INFO | Epoch 7: Train Loss=3.6191, Train Acc=17.53% | Val Loss=3.9697, Val Acc=11.92% | Time: 67.41s
2025-04-26 19:26:09,284 | INFO | Epoch 8: Train Loss=3.4732, Train Acc=20.15% | Val Loss=3.6944, Val Acc=17.75% | Time: 66.48s
2025-04-26 19:26:09,285 | INFO | New best model saved (val loss = 3.6944)
2025-04-26 19:27:16,028 | INFO | Epoch 9: Train Loss=3.4542, Train Acc=20.52% | Val Loss=3.7868, Val Acc=15.92% | Time: 66.73s
2025-04-26 19:28:22,955 | INFO | Epoch 10: Train Loss=3.4049, Train Acc=22.35% | Val Loss=3.6652, Val Acc=18.17% | Time: 66.90s
2025-04-26 19:28:22,956 | INFO | New best model saved (val loss = 3.6652)
2025-04-26 19:29:29,599 | INFO | Epoch 11: Train Loss=3.1718, Train Acc=26.82% | Val Loss=3.3828, Val Acc=20.58% | Time: 66.61s
2025-04-26 19:29:29,601 | INFO | New best model saved (val loss = 3.3828)
2025-04-26 19:30:36,248 | INFO | Epoch 12: Train Loss=2.9729, Train Acc=32.80% | Val Loss=3.5726, Val Acc=21.75% | Time: 66.64s
2025-04-26 19:31:44,099 | INFO | Epoch 13: Train Loss=2.8561, Train Acc=35.38% | Val Loss=3.2063, Val Acc=29.08% | Time: 67.84s
2025-04-26 19:31:44,100 | INFO | New best model saved (val loss = 3.2063)
2025-04-26 19:32:50,191 | INFO | Epoch 14: Train Loss=2.8008, Train Acc=36.25% | Val Loss=3.2447, Val Acc=28.00% | Time: 66.07s
2025-04-26 19:33:57,073 | INFO | Epoch 15: Train Loss=2.6845, Train Acc=39.45% | Val Loss=3.0331, Val Acc=33.17% | Time: 66.86s
2025-04-26 19:33:57,075 | INFO | New best model saved (val loss = 3.0331)
2025-04-26 19:35:04,125 | INFO | Epoch 16: Train Loss=2.5464, Train Acc=44.03% | Val Loss=3.1624, Val Acc=31.25% | Time: 67.04s
2025-04-26 19:36:10,851 | INFO | Epoch 17: Train Loss=2.4700, Train Acc=45.43% | Val Loss=3.0039, Val Acc=33.92% | Time: 66.69s
2025-04-26 19:36:10,853 | INFO | New best model saved (val loss = 3.0039)
2025-04-26 19:37:17,660 | INFO | Epoch 18: Train Loss=2.3711, Train Acc=49.13% | Val Loss=2.8679, Val Acc=36.67% | Time: 66.80s
2025-04-26 19:37:17,661 | INFO | New best model saved (val loss = 2.8679)
2025-04-26 19:38:24,104 | INFO | Epoch 19: Train Loss=2.2392, Train Acc=52.95% | Val Loss=3.1078, Val Acc=33.00% | Time: 66.43s
2025-04-26 19:39:31,605 | INFO | Epoch 20: Train Loss=2.1843, Train Acc=54.73% | Val Loss=2.8281, Val Acc=39.17% | Time: 67.49s
2025-04-26 19:39:31,606 | INFO | New best model saved (val loss = 2.8281)
2025-04-26 19:40:38,087 | INFO | Epoch 21: Train Loss=2.1016, Train Acc=57.22% | Val Loss=3.1049, Val Acc=32.92% | Time: 66.44s
2025-04-26 19:41:44,944 | INFO | Epoch 22: Train Loss=2.1839, Train Acc=54.18% | Val Loss=3.0191, Val Acc=33.58% | Time: 66.85s
2025-04-26 19:42:53,216 | INFO | Epoch 23: Train Loss=2.0705, Train Acc=57.77% | Val Loss=2.7050, Val Acc=42.00% | Time: 68.26s
2025-04-26 19:42:53,217 | INFO | New best model saved (val loss = 2.7050)
2025-04-26 19:44:02,232 | INFO | Epoch 24: Train Loss=1.9156, Train Acc=63.80% | Val Loss=2.8120, Val Acc=41.17% | Time: 68.98s
2025-04-26 19:45:10,515 | INFO | Epoch 25: Train Loss=1.9500, Train Acc=62.60% | Val Loss=2.8033, Val Acc=40.33% | Time: 68.27s
2025-04-26 19:46:19,117 | INFO | Epoch 26: Train Loss=1.8906, Train Acc=64.62% | Val Loss=2.6528, Val Acc=43.58% | Time: 68.59s
2025-04-26 19:46:19,118 | INFO | New best model saved (val loss = 2.6528)
2025-04-26 19:47:27,091 | INFO | Epoch 27: Train Loss=1.7222, Train Acc=70.42% | Val Loss=2.5137, Val Acc=47.75% | Time: 67.95s
2025-04-26 19:47:27,093 | INFO | New best model saved (val loss = 2.5137)
2025-04-26 19:48:35,805 | INFO | Epoch 28: Train Loss=1.5970, Train Acc=75.17% | Val Loss=2.5605, Val Acc=46.67% | Time: 68.69s
2025-04-26 19:49:44,413 | INFO | Epoch 29: Train Loss=1.5205, Train Acc=77.17% | Val Loss=2.4929, Val Acc=49.08% | Time: 68.57s
2025-04-26 19:49:44,415 | INFO | New best model saved (val loss = 2.4929)
2025-04-26 19:50:53,593 | INFO | Epoch 30: Train Loss=1.4294, Train Acc=81.40% | Val Loss=2.4042, Val Acc=53.42% | Time: 69.15s
2025-04-26 19:50:53,595 | INFO | New best model saved (val loss = 2.4042)
2025-04-26 19:52:00,321 | INFO | Epoch 31: Train Loss=1.3456, Train Acc=84.87% | Val Loss=2.3981, Val Acc=52.92% | Time: 66.67s
2025-04-26 19:52:00,322 | INFO | New best model saved (val loss = 2.3981)
2025-04-26 19:53:06,832 | INFO | Epoch 32: Train Loss=1.2826, Train Acc=87.27% | Val Loss=2.4163, Val Acc=53.17% | Time: 66.46s
2025-04-26 19:54:14,865 | INFO | Epoch 33: Train Loss=1.2299, Train Acc=89.62% | Val Loss=2.3863, Val Acc=53.25% | Time: 68.00s
2025-04-26 19:54:14,867 | INFO | New best model saved (val loss = 2.3863)
2025-04-26 19:55:23,324 | INFO | Epoch 34: Train Loss=1.1697, Train Acc=92.32% | Val Loss=2.3701, Val Acc=53.92% | Time: 68.44s
2025-04-26 19:55:23,326 | INFO | New best model saved (val loss = 2.3701)
2025-04-26 19:56:32,337 | INFO | Epoch 35: Train Loss=1.1472, Train Acc=93.32% | Val Loss=2.3965, Val Acc=54.17% | Time: 68.98s
2025-04-26 19:57:41,320 | INFO | Epoch 36: Train Loss=1.1186, Train Acc=94.32% | Val Loss=2.3700, Val Acc=55.17% | Time: 68.97s
2025-04-26 19:57:41,322 | INFO | New best model saved (val loss = 2.3700)
2025-04-26 19:58:49,924 | INFO | Epoch 37: Train Loss=1.0886, Train Acc=95.53% | Val Loss=2.3564, Val Acc=55.67% | Time: 68.58s
2025-04-26 19:58:49,925 | INFO | New best model saved (val loss = 2.3564)
2025-04-26 19:59:58,064 | INFO | Epoch 38: Train Loss=1.0658, Train Acc=96.40% | Val Loss=2.3408, Val Acc=55.00% | Time: 68.11s
2025-04-26 19:59:58,066 | INFO | New best model saved (val loss = 2.3408)
2025-04-26 20:01:07,737 | INFO | Epoch 39: Train Loss=1.0475, Train Acc=96.78% | Val Loss=2.3430, Val Acc=56.42% | Time: 69.62s
2025-04-26 20:02:16,809 | INFO | Epoch 40: Train Loss=1.0416, Train Acc=97.05% | Val Loss=2.3712, Val Acc=55.83% | Time: 69.06s
2025-04-26 20:03:25,685 | INFO | Epoch 41: Train Loss=1.0252, Train Acc=97.58% | Val Loss=2.3686, Val Acc=54.92% | Time: 68.85s
2025-04-26 20:04:34,723 | INFO | Epoch 42: Train Loss=1.0164, Train Acc=97.73% | Val Loss=2.3537, Val Acc=55.92% | Time: 69.03s
2025-04-26 20:05:41,936 | INFO | Epoch 43: Train Loss=1.0090, Train Acc=98.10% | Val Loss=2.3547, Val Acc=55.33% | Time: 67.20s
2025-04-26 20:06:48,427 | INFO | Epoch 44: Train Loss=1.0071, Train Acc=98.42% | Val Loss=2.3524, Val Acc=55.33% | Time: 66.48s
2025-04-26 20:07:55,804 | INFO | Epoch 45: Train Loss=0.9999, Train Acc=98.57% | Val Loss=2.3607, Val Acc=55.58% | Time: 67.37s
2025-04-26 20:09:02,189 | INFO | Epoch 46: Train Loss=1.0042, Train Acc=98.30% | Val Loss=2.3534, Val Acc=56.17% | Time: 66.37s
2025-04-26 20:10:08,648 | INFO | Epoch 47: Train Loss=1.0058, Train Acc=98.12% | Val Loss=2.3527, Val Acc=55.75% | Time: 66.45s
2025-04-26 20:11:14,801 | INFO | Epoch 48: Train Loss=1.0050, Train Acc=98.15% | Val Loss=2.3540, Val Acc=56.58% | Time: 66.14s
2025-04-26 20:12:21,006 | INFO | Epoch 49: Train Loss=1.0048, Train Acc=98.25% | Val Loss=2.3609, Val Acc=55.50% | Time: 66.19s
2025-04-26 20:13:28,169 | INFO | Epoch 50: Train Loss=1.0016, Train Acc=98.48% | Val Loss=2.3594, Val Acc=55.92% | Time: 67.15s
2025-04-26 20:13:28,254 | INFO | Best model with lowest val loss 2.3408475173147103 at 37 epoch is saved.
2025-04-26 20:14:35,725 | INFO | Test Accuracy: 54.24%
2025-04-26 20:14:35,823 | INFO | Last model with val loss 2.3593585240213493 at 49 epoch is saved.
2025-04-26 20:15:31,714 | INFO | Test Accuracy: 54.24%
2025-04-26 20:15:31,725 | INFO | 
Job Completed
