2025-04-22 14:26:20,058 | INFO | Job Started
2025-04-22 14:26:20,058 | INFO | Logging run: /rds/general/user/psp20/home/Brain-Network/runs/lord_seed_m3_20250422-142620
2025-04-22 14:26:20,211 | INFO | Using device: cuda
2025-04-22 14:26:20,211 | INFO | Training for 50 epochs
2025-04-22 14:26:20,211 | INFO | Debug mode: False
2025-04-22 14:26:20,211 | INFO | Downsampling by: 0
2025-04-22 14:26:21,641 | INFO | Using foveation transform
2025-04-22 14:26:23,563 | INFO | Full train/val size with downsampling (0): 50000
2025-04-22 14:26:25,850 | INFO | Label smoothing: 0.1
2025-04-22 14:26:45,621 | INFO | Epoch 1: Train Loss=2.0142, Train Acc=24.62% | Val Loss=1.9069, Val Acc=31.00% | Time: 19.77s
2025-04-22 14:26:45,622 | INFO | New best model saved (val loss = 1.9069)
2025-04-22 14:27:03,046 | INFO | Epoch 2: Train Loss=1.7910, Train Acc=37.35% | Val Loss=1.6795, Val Acc=44.46% | Time: 17.42s
2025-04-22 14:27:03,047 | INFO | New best model saved (val loss = 1.6795)
2025-04-22 14:27:20,490 | INFO | Epoch 3: Train Loss=1.6307, Train Acc=46.94% | Val Loss=1.6472, Val Acc=45.98% | Time: 17.44s
2025-04-22 14:27:20,491 | INFO | New best model saved (val loss = 1.6472)
2025-04-22 14:27:38,128 | INFO | Epoch 4: Train Loss=1.5189, Train Acc=52.73% | Val Loss=1.5579, Val Acc=52.00% | Time: 17.64s
2025-04-22 14:27:38,129 | INFO | New best model saved (val loss = 1.5579)
2025-04-22 14:27:55,726 | INFO | Epoch 5: Train Loss=1.4447, Train Acc=56.87% | Val Loss=1.5447, Val Acc=52.80% | Time: 17.60s
2025-04-22 14:27:55,727 | INFO | New best model saved (val loss = 1.5447)
2025-04-22 14:28:12,978 | INFO | Epoch 6: Train Loss=1.3942, Train Acc=59.23% | Val Loss=1.5108, Val Acc=52.62% | Time: 17.25s
2025-04-22 14:28:12,979 | INFO | New best model saved (val loss = 1.5108)
2025-04-22 14:28:30,531 | INFO | Epoch 7: Train Loss=1.3506, Train Acc=61.50% | Val Loss=1.3220, Val Acc=62.62% | Time: 17.55s
2025-04-22 14:28:30,532 | INFO | New best model saved (val loss = 1.3220)
2025-04-22 14:28:48,021 | INFO | Epoch 8: Train Loss=1.3039, Train Acc=63.78% | Val Loss=1.3342, Val Acc=61.60% | Time: 17.49s
2025-04-22 14:29:05,526 | INFO | Epoch 9: Train Loss=1.2723, Train Acc=65.52% | Val Loss=1.3162, Val Acc=63.62% | Time: 17.50s
2025-04-22 14:29:05,527 | INFO | New best model saved (val loss = 1.3162)
2025-04-22 14:29:23,041 | INFO | Epoch 10: Train Loss=1.2453, Train Acc=66.65% | Val Loss=1.2752, Val Acc=64.44% | Time: 17.51s
2025-04-22 14:29:23,043 | INFO | New best model saved (val loss = 1.2752)
2025-04-22 14:29:40,646 | INFO | Epoch 11: Train Loss=1.2168, Train Acc=67.95% | Val Loss=1.2340, Val Acc=67.74% | Time: 17.60s
2025-04-22 14:29:40,647 | INFO | New best model saved (val loss = 1.2340)
2025-04-22 14:29:57,875 | INFO | Epoch 12: Train Loss=1.1931, Train Acc=69.02% | Val Loss=1.2407, Val Acc=66.70% | Time: 17.23s
2025-04-22 14:30:15,458 | INFO | Epoch 13: Train Loss=1.1695, Train Acc=70.09% | Val Loss=1.2097, Val Acc=68.42% | Time: 17.58s
2025-04-22 14:30:15,459 | INFO | New best model saved (val loss = 1.2097)
2025-04-22 14:30:33,174 | INFO | Epoch 14: Train Loss=1.1521, Train Acc=70.77% | Val Loss=1.2349, Val Acc=66.84% | Time: 17.71s
2025-04-22 14:30:50,951 | INFO | Epoch 15: Train Loss=1.1287, Train Acc=71.99% | Val Loss=1.1589, Val Acc=70.60% | Time: 17.78s
2025-04-22 14:30:50,952 | INFO | New best model saved (val loss = 1.1589)
2025-04-22 14:31:08,482 | INFO | Epoch 16: Train Loss=1.1124, Train Acc=72.78% | Val Loss=1.1345, Val Acc=71.30% | Time: 17.53s
2025-04-22 14:31:08,483 | INFO | New best model saved (val loss = 1.1345)
2025-04-22 14:31:25,880 | INFO | Epoch 17: Train Loss=1.0909, Train Acc=73.77% | Val Loss=1.1397, Val Acc=72.00% | Time: 17.40s
2025-04-22 14:31:43,313 | INFO | Epoch 18: Train Loss=1.0844, Train Acc=74.04% | Val Loss=1.1262, Val Acc=72.32% | Time: 17.43s
2025-04-22 14:31:43,315 | INFO | New best model saved (val loss = 1.1262)
2025-04-22 14:32:00,930 | INFO | Epoch 19: Train Loss=1.0714, Train Acc=74.59% | Val Loss=1.1346, Val Acc=72.22% | Time: 17.61s
2025-04-22 14:32:18,185 | INFO | Epoch 20: Train Loss=1.0530, Train Acc=75.47% | Val Loss=1.1741, Val Acc=70.10% | Time: 17.25s
2025-04-22 14:32:35,628 | INFO | Epoch 21: Train Loss=1.0356, Train Acc=76.17% | Val Loss=1.0787, Val Acc=74.60% | Time: 17.44s
2025-04-22 14:32:35,629 | INFO | New best model saved (val loss = 1.0787)
2025-04-22 14:32:53,054 | INFO | Epoch 22: Train Loss=1.0275, Train Acc=76.52% | Val Loss=1.1056, Val Acc=73.96% | Time: 17.43s
2025-04-22 14:33:10,637 | INFO | Epoch 23: Train Loss=1.0206, Train Acc=76.98% | Val Loss=1.1118, Val Acc=73.24% | Time: 17.58s
2025-04-22 14:33:28,053 | INFO | Epoch 24: Train Loss=1.0046, Train Acc=77.80% | Val Loss=1.0862, Val Acc=73.58% | Time: 17.42s
2025-04-22 14:33:45,663 | INFO | Epoch 25: Train Loss=0.9985, Train Acc=78.00% | Val Loss=1.0504, Val Acc=75.64% | Time: 17.61s
2025-04-22 14:33:45,664 | INFO | New best model saved (val loss = 1.0504)
2025-04-22 14:34:03,220 | INFO | Epoch 26: Train Loss=0.9856, Train Acc=78.60% | Val Loss=1.0719, Val Acc=74.96% | Time: 17.55s
2025-04-22 14:34:20,786 | INFO | Epoch 27: Train Loss=0.9778, Train Acc=78.81% | Val Loss=1.0491, Val Acc=75.78% | Time: 17.57s
2025-04-22 14:34:20,787 | INFO | New best model saved (val loss = 1.0491)
2025-04-22 14:34:38,294 | INFO | Epoch 28: Train Loss=0.9675, Train Acc=79.15% | Val Loss=1.0277, Val Acc=76.18% | Time: 17.51s
2025-04-22 14:34:38,295 | INFO | New best model saved (val loss = 1.0277)
2025-04-22 14:34:55,657 | INFO | Epoch 29: Train Loss=0.9581, Train Acc=79.81% | Val Loss=1.0468, Val Acc=75.88% | Time: 17.36s
2025-04-22 14:35:13,133 | INFO | Epoch 30: Train Loss=0.9572, Train Acc=79.89% | Val Loss=1.0210, Val Acc=77.02% | Time: 17.48s
2025-04-22 14:35:13,135 | INFO | New best model saved (val loss = 1.0210)
2025-04-22 14:35:30,411 | INFO | Epoch 31: Train Loss=0.9447, Train Acc=80.28% | Val Loss=1.0441, Val Acc=75.78% | Time: 17.28s
2025-04-22 14:35:47,733 | INFO | Epoch 32: Train Loss=0.9352, Train Acc=80.67% | Val Loss=0.9983, Val Acc=78.08% | Time: 17.32s
2025-04-22 14:35:47,734 | INFO | New best model saved (val loss = 0.9983)
2025-04-22 14:36:05,195 | INFO | Epoch 33: Train Loss=0.9374, Train Acc=80.47% | Val Loss=1.0123, Val Acc=77.18% | Time: 17.46s
2025-04-22 14:36:22,820 | INFO | Epoch 34: Train Loss=0.9256, Train Acc=81.24% | Val Loss=1.0066, Val Acc=77.32% | Time: 17.62s
2025-04-22 14:36:40,389 | INFO | Epoch 35: Train Loss=0.9233, Train Acc=81.17% | Val Loss=1.0084, Val Acc=77.58% | Time: 17.57s
2025-04-22 14:36:58,085 | INFO | Epoch 36: Train Loss=0.9145, Train Acc=81.67% | Val Loss=1.0218, Val Acc=77.00% | Time: 17.70s
2025-04-22 14:37:15,591 | INFO | Epoch 37: Train Loss=0.9112, Train Acc=81.61% | Val Loss=0.9821, Val Acc=78.30% | Time: 17.51s
2025-04-22 14:37:15,592 | INFO | New best model saved (val loss = 0.9821)
2025-04-22 14:37:32,940 | INFO | Epoch 38: Train Loss=0.9010, Train Acc=82.18% | Val Loss=0.9805, Val Acc=79.32% | Time: 17.35s
2025-04-22 14:37:32,941 | INFO | New best model saved (val loss = 0.9805)
2025-04-22 14:37:50,496 | INFO | Epoch 39: Train Loss=0.8942, Train Acc=82.54% | Val Loss=1.0012, Val Acc=78.00% | Time: 17.55s
2025-04-22 14:38:08,028 | INFO | Epoch 40: Train Loss=0.8897, Train Acc=82.72% | Val Loss=1.0057, Val Acc=77.76% | Time: 17.53s
2025-04-22 14:38:25,412 | INFO | Epoch 41: Train Loss=0.8912, Train Acc=82.46% | Val Loss=0.9892, Val Acc=78.16% | Time: 17.38s
2025-04-22 14:38:42,818 | INFO | Epoch 42: Train Loss=0.8800, Train Acc=83.12% | Val Loss=0.9757, Val Acc=78.68% | Time: 17.41s
2025-04-22 14:38:42,819 | INFO | New best model saved (val loss = 0.9757)
2025-04-22 14:39:00,332 | INFO | Epoch 43: Train Loss=0.8756, Train Acc=83.40% | Val Loss=1.0039, Val Acc=77.88% | Time: 17.51s
2025-04-22 14:39:17,776 | INFO | Epoch 44: Train Loss=0.8755, Train Acc=83.33% | Val Loss=0.9920, Val Acc=78.44% | Time: 17.44s
2025-04-22 14:39:35,174 | INFO | Epoch 45: Train Loss=0.8676, Train Acc=83.82% | Val Loss=0.9828, Val Acc=78.82% | Time: 17.40s
2025-04-22 14:39:52,322 | INFO | Epoch 46: Train Loss=0.8647, Train Acc=83.82% | Val Loss=0.9764, Val Acc=79.16% | Time: 17.15s
2025-04-22 14:40:09,510 | INFO | Epoch 47: Train Loss=0.8603, Train Acc=84.08% | Val Loss=0.9622, Val Acc=79.32% | Time: 17.19s
2025-04-22 14:40:09,511 | INFO | New best model saved (val loss = 0.9622)
2025-04-22 14:40:27,176 | INFO | Epoch 48: Train Loss=0.8539, Train Acc=84.36% | Val Loss=0.9833, Val Acc=78.86% | Time: 17.66s
2025-04-22 14:40:44,711 | INFO | Epoch 49: Train Loss=0.8560, Train Acc=84.24% | Val Loss=0.9489, Val Acc=80.28% | Time: 17.53s
2025-04-22 14:40:44,712 | INFO | New best model saved (val loss = 0.9489)
2025-04-22 14:41:02,216 | INFO | Epoch 50: Train Loss=0.8475, Train Acc=84.61% | Val Loss=0.9779, Val Acc=78.98% | Time: 17.50s
2025-04-22 14:41:02,299 | INFO | Best model with lowest val loss 0.9489184260368347 at 48 epoch is saved.
2025-04-22 14:41:05,719 | INFO | Test Accuracy: 79.75%
2025-04-22 14:41:05,810 | INFO | Last model with val loss 0.9778994798660279 at 49 epoch is saved.
2025-04-22 14:41:08,952 | INFO | Test Accuracy: 79.75%
2025-04-22 14:41:08,964 | INFO | 
Job Completed
