2025-04-22 17:31:28,913 | INFO | Job Started
2025-04-22 17:31:28,914 | INFO | Logging run: /rds/general/user/psp20/home/Brain-Network/runs/round_2/resnet_r2_m4_20250422-173128
2025-04-22 17:31:29,057 | INFO | Using device: cuda
2025-04-22 17:31:29,057 | INFO | Training for 100 epochs
2025-04-22 17:31:29,057 | INFO | Debug mode: False
2025-04-22 17:31:29,057 | INFO | Downsampling by: 0
2025-04-22 17:31:29,372 | INFO | Using foveation transform
2025-04-22 17:31:31,270 | INFO | Full train/val size with downsampling (0): 50000
2025-04-22 17:31:33,878 | INFO | Label smoothing: 0.1
2025-04-22 17:31:53,569 | INFO | Epoch 1: Train Loss=1.8490, Train Acc=36.70% | Val Loss=1.6849, Val Acc=44.34% | Time: 19.69s
2025-04-22 17:31:53,570 | INFO | New best model saved (val loss = 1.6849)
2025-04-22 17:32:10,477 | INFO | Epoch 2: Train Loss=1.5705, Train Acc=51.12% | Val Loss=1.5808, Val Acc=51.40% | Time: 16.91s
2025-04-22 17:32:10,478 | INFO | New best model saved (val loss = 1.5808)
2025-04-22 17:32:27,444 | INFO | Epoch 3: Train Loss=1.4392, Train Acc=57.46% | Val Loss=1.5611, Val Acc=51.94% | Time: 16.97s
2025-04-22 17:32:27,445 | INFO | New best model saved (val loss = 1.5611)
2025-04-22 17:32:44,433 | INFO | Epoch 4: Train Loss=1.3609, Train Acc=61.02% | Val Loss=1.4230, Val Acc=58.58% | Time: 16.99s
2025-04-22 17:32:44,434 | INFO | New best model saved (val loss = 1.4230)
2025-04-22 17:33:01,288 | INFO | Epoch 5: Train Loss=1.3025, Train Acc=64.02% | Val Loss=1.4127, Val Acc=59.06% | Time: 16.85s
2025-04-22 17:33:01,289 | INFO | New best model saved (val loss = 1.4127)
2025-04-22 17:33:18,269 | INFO | Epoch 6: Train Loss=1.2601, Train Acc=66.08% | Val Loss=1.3467, Val Acc=61.08% | Time: 16.98s
2025-04-22 17:33:18,271 | INFO | New best model saved (val loss = 1.3467)
2025-04-22 17:33:35,093 | INFO | Epoch 7: Train Loss=1.2206, Train Acc=68.06% | Val Loss=1.2991, Val Acc=64.38% | Time: 16.82s
2025-04-22 17:33:35,094 | INFO | New best model saved (val loss = 1.2991)
2025-04-22 17:33:52,077 | INFO | Epoch 8: Train Loss=1.1914, Train Acc=69.25% | Val Loss=1.2306, Val Acc=67.04% | Time: 16.98s
2025-04-22 17:33:52,078 | INFO | New best model saved (val loss = 1.2306)
2025-04-22 17:34:08,898 | INFO | Epoch 9: Train Loss=1.1695, Train Acc=70.28% | Val Loss=1.2205, Val Acc=67.42% | Time: 16.82s
2025-04-22 17:34:08,899 | INFO | New best model saved (val loss = 1.2205)
2025-04-22 17:34:25,815 | INFO | Epoch 10: Train Loss=1.1507, Train Acc=70.99% | Val Loss=1.2275, Val Acc=67.68% | Time: 16.92s
2025-04-22 17:34:42,532 | INFO | Epoch 11: Train Loss=1.1291, Train Acc=72.10% | Val Loss=1.1938, Val Acc=69.02% | Time: 16.72s
2025-04-22 17:34:42,533 | INFO | New best model saved (val loss = 1.1938)
2025-04-22 17:34:59,366 | INFO | Epoch 12: Train Loss=1.1087, Train Acc=73.07% | Val Loss=1.2186, Val Acc=67.50% | Time: 16.83s
2025-04-22 17:35:16,361 | INFO | Epoch 13: Train Loss=1.0940, Train Acc=73.75% | Val Loss=1.1256, Val Acc=72.92% | Time: 16.99s
2025-04-22 17:35:16,362 | INFO | New best model saved (val loss = 1.1256)
2025-04-22 17:35:33,287 | INFO | Epoch 14: Train Loss=1.0776, Train Acc=74.56% | Val Loss=1.1474, Val Acc=70.86% | Time: 16.92s
2025-04-22 17:35:49,972 | INFO | Epoch 15: Train Loss=1.0629, Train Acc=75.19% | Val Loss=1.2123, Val Acc=69.42% | Time: 16.68s
2025-04-22 17:36:06,979 | INFO | Epoch 16: Train Loss=1.0480, Train Acc=75.89% | Val Loss=1.1844, Val Acc=70.38% | Time: 17.01s
2025-04-22 17:36:23,954 | INFO | Epoch 17: Train Loss=1.0357, Train Acc=76.21% | Val Loss=1.1348, Val Acc=72.28% | Time: 16.97s
2025-04-22 17:36:40,648 | INFO | Epoch 18: Train Loss=1.0206, Train Acc=76.94% | Val Loss=1.0863, Val Acc=74.16% | Time: 16.69s
2025-04-22 17:36:40,649 | INFO | New best model saved (val loss = 1.0863)
2025-04-22 17:36:57,520 | INFO | Epoch 19: Train Loss=1.0096, Train Acc=77.52% | Val Loss=1.0967, Val Acc=73.40% | Time: 16.87s
2025-04-22 17:37:14,317 | INFO | Epoch 20: Train Loss=1.0048, Train Acc=77.75% | Val Loss=1.0760, Val Acc=74.20% | Time: 16.80s
2025-04-22 17:37:14,318 | INFO | New best model saved (val loss = 1.0760)
2025-04-22 17:37:31,147 | INFO | Epoch 21: Train Loss=0.9955, Train Acc=78.06% | Val Loss=1.0464, Val Acc=75.82% | Time: 16.83s
2025-04-22 17:37:31,148 | INFO | New best model saved (val loss = 1.0464)
2025-04-22 17:37:47,973 | INFO | Epoch 22: Train Loss=0.9813, Train Acc=78.85% | Val Loss=1.0972, Val Acc=73.34% | Time: 16.82s
2025-04-22 17:38:04,935 | INFO | Epoch 23: Train Loss=0.9720, Train Acc=79.12% | Val Loss=1.1078, Val Acc=73.00% | Time: 16.96s
2025-04-22 17:38:21,872 | INFO | Epoch 24: Train Loss=0.9608, Train Acc=79.71% | Val Loss=1.0405, Val Acc=75.40% | Time: 16.94s
2025-04-22 17:38:21,873 | INFO | New best model saved (val loss = 1.0405)
2025-04-22 17:38:38,665 | INFO | Epoch 25: Train Loss=0.9622, Train Acc=79.60% | Val Loss=1.0103, Val Acc=76.86% | Time: 16.79s
2025-04-22 17:38:38,667 | INFO | New best model saved (val loss = 1.0103)
2025-04-22 17:38:55,317 | INFO | Epoch 26: Train Loss=0.9493, Train Acc=80.24% | Val Loss=1.0283, Val Acc=76.78% | Time: 16.65s
2025-04-22 17:39:12,197 | INFO | Epoch 27: Train Loss=0.9409, Train Acc=80.58% | Val Loss=1.0507, Val Acc=75.26% | Time: 16.88s
2025-04-22 17:39:29,141 | INFO | Epoch 28: Train Loss=0.9377, Train Acc=80.66% | Val Loss=1.0638, Val Acc=74.60% | Time: 16.94s
2025-04-22 17:39:46,026 | INFO | Epoch 29: Train Loss=0.9305, Train Acc=80.88% | Val Loss=1.0126, Val Acc=77.18% | Time: 16.88s
2025-04-22 17:40:02,826 | INFO | Epoch 30: Train Loss=0.9212, Train Acc=81.39% | Val Loss=1.0162, Val Acc=76.92% | Time: 16.80s
2025-04-22 17:40:19,483 | INFO | Epoch 31: Train Loss=0.9157, Train Acc=81.57% | Val Loss=1.0114, Val Acc=76.92% | Time: 16.66s
2025-04-22 17:40:36,304 | INFO | Epoch 32: Train Loss=0.9133, Train Acc=81.76% | Val Loss=1.0040, Val Acc=78.24% | Time: 16.82s
2025-04-22 17:40:36,306 | INFO | New best model saved (val loss = 1.0040)
2025-04-22 17:40:53,141 | INFO | Epoch 33: Train Loss=0.9002, Train Acc=82.31% | Val Loss=0.9891, Val Acc=78.30% | Time: 16.83s
2025-04-22 17:40:53,142 | INFO | New best model saved (val loss = 0.9891)
2025-04-22 17:41:09,839 | INFO | Epoch 34: Train Loss=0.9002, Train Acc=82.29% | Val Loss=1.0525, Val Acc=75.28% | Time: 16.70s
2025-04-22 17:41:26,751 | INFO | Epoch 35: Train Loss=0.8959, Train Acc=82.68% | Val Loss=1.0010, Val Acc=77.36% | Time: 16.91s
2025-04-22 17:41:43,751 | INFO | Epoch 36: Train Loss=0.8926, Train Acc=82.66% | Val Loss=1.0149, Val Acc=76.84% | Time: 17.00s
2025-04-22 17:42:00,426 | INFO | Epoch 37: Train Loss=0.8845, Train Acc=83.16% | Val Loss=0.9836, Val Acc=78.44% | Time: 16.67s
2025-04-22 17:42:00,427 | INFO | New best model saved (val loss = 0.9836)
2025-04-22 17:42:17,530 | INFO | Epoch 38: Train Loss=0.8822, Train Acc=83.09% | Val Loss=0.9765, Val Acc=78.48% | Time: 17.10s
2025-04-22 17:42:17,531 | INFO | New best model saved (val loss = 0.9765)
2025-04-22 17:42:34,419 | INFO | Epoch 39: Train Loss=0.8746, Train Acc=83.55% | Val Loss=0.9759, Val Acc=78.84% | Time: 16.89s
2025-04-22 17:42:34,420 | INFO | New best model saved (val loss = 0.9759)
2025-04-22 17:42:51,124 | INFO | Epoch 40: Train Loss=0.8740, Train Acc=83.54% | Val Loss=1.0087, Val Acc=78.02% | Time: 16.70s
2025-04-22 17:43:08,046 | INFO | Epoch 41: Train Loss=0.8711, Train Acc=83.60% | Val Loss=0.9967, Val Acc=78.44% | Time: 16.92s
2025-04-22 17:43:25,003 | INFO | Epoch 42: Train Loss=0.8624, Train Acc=84.07% | Val Loss=1.0152, Val Acc=76.82% | Time: 16.96s
2025-04-22 17:43:41,951 | INFO | Epoch 43: Train Loss=0.8654, Train Acc=83.69% | Val Loss=0.9934, Val Acc=78.30% | Time: 16.95s
2025-04-22 17:43:58,767 | INFO | Epoch 44: Train Loss=0.8543, Train Acc=84.34% | Val Loss=0.9762, Val Acc=79.12% | Time: 16.82s
2025-04-22 17:44:15,620 | INFO | Epoch 45: Train Loss=0.8520, Train Acc=84.56% | Val Loss=0.9724, Val Acc=79.44% | Time: 16.85s
2025-04-22 17:44:15,621 | INFO | New best model saved (val loss = 0.9724)
2025-04-22 17:44:32,635 | INFO | Epoch 46: Train Loss=0.8474, Train Acc=84.65% | Val Loss=0.9626, Val Acc=79.64% | Time: 17.01s
2025-04-22 17:44:32,636 | INFO | New best model saved (val loss = 0.9626)
2025-04-22 17:44:49,440 | INFO | Epoch 47: Train Loss=0.8446, Train Acc=84.88% | Val Loss=0.9579, Val Acc=79.56% | Time: 16.80s
2025-04-22 17:44:49,441 | INFO | New best model saved (val loss = 0.9579)
2025-04-22 17:45:06,382 | INFO | Epoch 48: Train Loss=0.8394, Train Acc=84.98% | Val Loss=0.9877, Val Acc=78.88% | Time: 16.94s
2025-04-22 17:45:23,311 | INFO | Epoch 49: Train Loss=0.8335, Train Acc=85.30% | Val Loss=0.9905, Val Acc=78.52% | Time: 16.93s
2025-04-22 17:45:40,144 | INFO | Epoch 50: Train Loss=0.8385, Train Acc=85.09% | Val Loss=0.9561, Val Acc=80.14% | Time: 16.83s
2025-04-22 17:45:40,145 | INFO | New best model saved (val loss = 0.9561)
2025-04-22 17:45:57,064 | INFO | Epoch 51: Train Loss=0.8337, Train Acc=85.30% | Val Loss=0.9558, Val Acc=80.24% | Time: 16.92s
2025-04-22 17:45:57,065 | INFO | New best model saved (val loss = 0.9558)
2025-04-22 17:46:13,928 | INFO | Epoch 52: Train Loss=0.8266, Train Acc=85.53% | Val Loss=0.9737, Val Acc=79.56% | Time: 16.86s
2025-04-22 17:46:30,880 | INFO | Epoch 53: Train Loss=0.8252, Train Acc=85.65% | Val Loss=0.9508, Val Acc=80.26% | Time: 16.95s
2025-04-22 17:46:30,881 | INFO | New best model saved (val loss = 0.9508)
2025-04-22 17:46:48,034 | INFO | Epoch 54: Train Loss=0.8270, Train Acc=85.59% | Val Loss=0.9621, Val Acc=80.08% | Time: 17.15s
2025-04-22 17:47:04,938 | INFO | Epoch 55: Train Loss=0.8220, Train Acc=85.80% | Val Loss=0.9754, Val Acc=78.40% | Time: 16.90s
2025-04-22 17:47:21,812 | INFO | Epoch 56: Train Loss=0.8197, Train Acc=85.86% | Val Loss=0.9777, Val Acc=79.44% | Time: 16.87s
2025-04-22 17:47:38,690 | INFO | Epoch 57: Train Loss=0.8156, Train Acc=86.14% | Val Loss=0.9325, Val Acc=81.32% | Time: 16.88s
2025-04-22 17:47:38,691 | INFO | New best model saved (val loss = 0.9325)
2025-04-22 17:47:55,526 | INFO | Epoch 58: Train Loss=0.8124, Train Acc=86.13% | Val Loss=0.9481, Val Acc=80.16% | Time: 16.83s
2025-04-22 17:48:12,390 | INFO | Epoch 59: Train Loss=0.8079, Train Acc=86.54% | Val Loss=0.9589, Val Acc=79.78% | Time: 16.86s
2025-04-22 17:48:29,013 | INFO | Epoch 60: Train Loss=0.8031, Train Acc=86.73% | Val Loss=0.9382, Val Acc=80.68% | Time: 16.62s
2025-04-22 17:48:46,011 | INFO | Epoch 61: Train Loss=0.8010, Train Acc=86.91% | Val Loss=0.9686, Val Acc=79.62% | Time: 17.00s
2025-04-22 17:49:02,929 | INFO | Epoch 62: Train Loss=0.7994, Train Acc=86.78% | Val Loss=0.9640, Val Acc=79.26% | Time: 16.92s
2025-04-22 17:49:19,877 | INFO | Epoch 63: Train Loss=0.8050, Train Acc=86.56% | Val Loss=0.9387, Val Acc=80.50% | Time: 16.95s
2025-04-22 17:49:36,747 | INFO | Epoch 64: Train Loss=0.7994, Train Acc=87.01% | Val Loss=0.9497, Val Acc=80.60% | Time: 16.87s
2025-04-22 17:49:53,416 | INFO | Epoch 65: Train Loss=0.7960, Train Acc=86.98% | Val Loss=0.9389, Val Acc=80.80% | Time: 16.67s
2025-04-22 17:50:10,137 | INFO | Epoch 66: Train Loss=0.7908, Train Acc=87.23% | Val Loss=0.9667, Val Acc=79.22% | Time: 16.72s
2025-04-22 17:50:27,066 | INFO | Epoch 67: Train Loss=0.7266, Train Acc=90.24% | Val Loss=0.8741, Val Acc=83.68% | Time: 16.93s
2025-04-22 17:50:27,067 | INFO | New best model saved (val loss = 0.8741)
2025-04-22 17:50:43,976 | INFO | Epoch 68: Train Loss=0.6964, Train Acc=91.55% | Val Loss=0.8580, Val Acc=83.86% | Time: 16.91s
2025-04-22 17:50:43,977 | INFO | New best model saved (val loss = 0.8580)
2025-04-22 17:51:00,944 | INFO | Epoch 69: Train Loss=0.6856, Train Acc=91.99% | Val Loss=0.8563, Val Acc=84.40% | Time: 16.97s
2025-04-22 17:51:00,945 | INFO | New best model saved (val loss = 0.8563)
2025-04-22 17:51:17,905 | INFO | Epoch 70: Train Loss=0.6766, Train Acc=92.38% | Val Loss=0.8462, Val Acc=84.38% | Time: 16.96s
2025-04-22 17:51:17,907 | INFO | New best model saved (val loss = 0.8462)
2025-04-22 17:51:34,799 | INFO | Epoch 71: Train Loss=0.6685, Train Acc=92.80% | Val Loss=0.8465, Val Acc=84.94% | Time: 16.89s
2025-04-22 17:51:51,741 | INFO | Epoch 72: Train Loss=0.6635, Train Acc=93.01% | Val Loss=0.8723, Val Acc=83.88% | Time: 16.94s
2025-04-22 17:52:08,420 | INFO | Epoch 73: Train Loss=0.6574, Train Acc=93.39% | Val Loss=0.8609, Val Acc=84.74% | Time: 16.68s
2025-04-22 17:52:25,377 | INFO | Epoch 74: Train Loss=0.6543, Train Acc=93.41% | Val Loss=0.8730, Val Acc=84.50% | Time: 16.96s
2025-04-22 17:52:42,289 | INFO | Epoch 75: Train Loss=0.6488, Train Acc=93.72% | Val Loss=0.8675, Val Acc=84.48% | Time: 16.91s
2025-04-22 17:52:59,128 | INFO | Epoch 76: Train Loss=0.6462, Train Acc=93.87% | Val Loss=0.8658, Val Acc=84.70% | Time: 16.84s
2025-04-22 17:53:16,042 | INFO | Epoch 77: Train Loss=0.6440, Train Acc=93.88% | Val Loss=0.8655, Val Acc=84.44% | Time: 16.91s
2025-04-22 17:53:33,002 | INFO | Epoch 78: Train Loss=0.6425, Train Acc=94.03% | Val Loss=0.8757, Val Acc=84.52% | Time: 16.96s
2025-04-22 17:53:49,898 | INFO | Epoch 79: Train Loss=0.6343, Train Acc=94.45% | Val Loss=0.8616, Val Acc=84.54% | Time: 16.90s
2025-04-22 17:54:06,807 | INFO | Epoch 80: Train Loss=0.6292, Train Acc=94.62% | Val Loss=0.8536, Val Acc=85.10% | Time: 16.91s
2025-04-22 17:54:06,807 | INFO | Early stopping triggered at epoch 80
2025-04-22 17:54:07,234 | INFO | Best model with lowest val loss 0.8461816132068634 at 69 epoch is saved.
2025-04-22 17:54:10,973 | INFO | Test Accuracy: 85.59%
2025-04-22 17:54:11,094 | INFO | Last model with val loss 0.8535634875297546 at 79 epoch is saved.
2025-04-22 17:54:14,078 | INFO | Test Accuracy: 85.59%
2025-04-22 17:54:14,087 | INFO | 
Job Completed
