2025-06-05 17:07:08,124 | INFO | Job Started
2025-06-05 17:07:08,124 | INFO | Logging run: /rds/general/user/psp20/home/Brain-Network/runs/resnet_5_1_v2_sample_eff_0_5_20250605-170708
2025-06-05 17:07:08,129 | INFO | Using device: cuda
2025-06-05 17:07:08,130 | INFO | Training for 100 epochs
2025-06-05 17:07:08,130 | INFO | Debug mode: False
2025-06-05 17:07:08,130 | INFO | Downsampling by: 0.5
2025-06-05 17:07:08,130 | INFO | Auxiliary loss: {'loss_type': 0.01}
2025-06-05 17:07:08,130 | INFO | Train transforms: 
	Compose(
    RandomCrop(size=(32, 32), padding=4)
    RandomHorizontalFlip(p=0.5)
    ColorJitter(brightness=(0.8, 1.2), contrast=(0.8, 1.2), saturation=(0.8, 1.2), hue=None)
    ToTensor()
    Normalize(mean=(0.4914, 0.4822, 0.4465), std=(0.2023, 0.1994, 0.201))
)
2025-06-05 17:07:08,130 | INFO | Test transforms: 
	Compose(
    ToTensor()
    Normalize(mean=(0.4914, 0.4822, 0.4465), std=(0.2023, 0.1994, 0.201))
)
2025-06-05 17:07:10,174 | INFO | Full train/val size with downsampling (0.5): 25000
2025-06-05 17:07:10,296 | INFO | Label smoothing: 0.1
2025-06-05 17:07:10,296 | INFO | Auxiliary loss: {'loss_type': 0.01}
2025-06-05 17:07:15,826 | INFO | Epoch: 1 | Time: 5.53s
2025-06-05 17:07:15,827 | INFO | Train Loss=2.2460, Train Acc=15.94%
2025-06-05 17:07:15,827 | INFO | Val Loss=2.0744, Val Acc=25.16%
2025-06-05 17:07:15,828 | INFO | New best model saved (val loss = 2.0744)
2025-06-05 17:07:21,340 | INFO | Epoch: 2 | Time: 5.51s
2025-06-05 17:07:21,340 | INFO | Train Loss=2.0443, Train Acc=27.49%
2025-06-05 17:07:21,340 | INFO | Val Loss=1.9242, Val Acc=30.80%
2025-06-05 17:07:21,341 | INFO | New best model saved (val loss = 1.9242)
2025-06-05 17:07:26,855 | INFO | Epoch: 3 | Time: 5.51s
2025-06-05 17:07:26,855 | INFO | Train Loss=1.7652, Train Acc=40.77%
2025-06-05 17:07:26,855 | INFO | Val Loss=1.5665, Val Acc=43.48%
2025-06-05 17:07:26,856 | INFO | New best model saved (val loss = 1.5665)
2025-06-05 17:07:32,375 | INFO | Epoch: 4 | Time: 5.52s
2025-06-05 17:07:32,376 | INFO | Train Loss=1.5704, Train Acc=50.30%
2025-06-05 17:07:32,376 | INFO | Val Loss=1.4438, Val Acc=49.40%
2025-06-05 17:07:32,376 | INFO | New best model saved (val loss = 1.4438)
2025-06-05 17:07:37,882 | INFO | Epoch: 5 | Time: 5.51s
2025-06-05 17:07:37,882 | INFO | Train Loss=1.3971, Train Acc=59.45%
2025-06-05 17:07:37,882 | INFO | Val Loss=1.1866, Val Acc=58.08%
2025-06-05 17:07:37,883 | INFO | New best model saved (val loss = 1.1866)
2025-06-05 17:07:43,379 | INFO | Epoch: 6 | Time: 5.50s
2025-06-05 17:07:43,380 | INFO | Train Loss=1.2756, Train Acc=65.27%
2025-06-05 17:07:43,380 | INFO | Val Loss=1.1146, Val Acc=62.68%
2025-06-05 17:07:43,381 | INFO | New best model saved (val loss = 1.1146)
2025-06-05 17:07:48,904 | INFO | Epoch: 7 | Time: 5.52s
2025-06-05 17:07:48,904 | INFO | Train Loss=1.1773, Train Acc=70.35%
2025-06-05 17:07:48,904 | INFO | Val Loss=1.0693, Val Acc=63.32%
2025-06-05 17:07:48,905 | INFO | New best model saved (val loss = 1.0693)
2025-06-05 17:07:54,420 | INFO | Epoch: 8 | Time: 5.52s
2025-06-05 17:07:54,421 | INFO | Train Loss=1.0914, Train Acc=74.33%
2025-06-05 17:07:54,421 | INFO | Val Loss=0.8884, Val Acc=70.36%
2025-06-05 17:07:54,422 | INFO | New best model saved (val loss = 0.8884)
2025-06-05 17:07:59,935 | INFO | Epoch: 9 | Time: 5.51s
2025-06-05 17:07:59,935 | INFO | Train Loss=1.0344, Train Acc=77.01%
2025-06-05 17:07:59,935 | INFO | Val Loss=0.8347, Val Acc=73.32%
2025-06-05 17:07:59,936 | INFO | New best model saved (val loss = 0.8347)
2025-06-05 17:08:05,456 | INFO | Epoch: 10 | Time: 5.52s
2025-06-05 17:08:05,456 | INFO | Train Loss=0.9848, Train Acc=79.00%
2025-06-05 17:08:05,456 | INFO | Val Loss=0.7234, Val Acc=77.56%
2025-06-05 17:08:05,457 | INFO | New best model saved (val loss = 0.7234)
2025-06-05 17:08:10,962 | INFO | Epoch: 11 | Time: 5.50s
2025-06-05 17:08:10,962 | INFO | Train Loss=0.9356, Train Acc=81.29%
2025-06-05 17:08:10,963 | INFO | Val Loss=0.8763, Val Acc=71.84%
2025-06-05 17:08:16,475 | INFO | Epoch: 12 | Time: 5.51s
2025-06-05 17:08:16,475 | INFO | Train Loss=0.9072, Train Acc=82.95%
2025-06-05 17:08:16,475 | INFO | Val Loss=0.7504, Val Acc=76.32%
2025-06-05 17:08:21,958 | INFO | Epoch: 13 | Time: 5.48s
2025-06-05 17:08:21,958 | INFO | Train Loss=0.8813, Train Acc=83.72%
2025-06-05 17:08:21,958 | INFO | Val Loss=0.7145, Val Acc=77.04%
2025-06-05 17:08:21,959 | INFO | New best model saved (val loss = 0.7145)
2025-06-05 17:08:27,467 | INFO | Epoch: 14 | Time: 5.51s
2025-06-05 17:08:27,467 | INFO | Train Loss=0.8554, Train Acc=84.97%
2025-06-05 17:08:27,467 | INFO | Val Loss=0.7529, Val Acc=76.16%
2025-06-05 17:08:32,995 | INFO | Epoch: 15 | Time: 5.53s
2025-06-05 17:08:32,995 | INFO | Train Loss=0.8328, Train Acc=85.93%
2025-06-05 17:08:32,995 | INFO | Val Loss=0.6127, Val Acc=80.04%
2025-06-05 17:08:32,996 | INFO | New best model saved (val loss = 0.6127)
2025-06-05 17:08:38,482 | INFO | Epoch: 16 | Time: 5.49s
2025-06-05 17:08:38,482 | INFO | Train Loss=0.8025, Train Acc=87.44%
2025-06-05 17:08:38,482 | INFO | Val Loss=0.5974, Val Acc=81.16%
2025-06-05 17:08:38,483 | INFO | New best model saved (val loss = 0.5974)
2025-06-05 17:08:43,985 | INFO | Epoch: 17 | Time: 5.50s
2025-06-05 17:08:43,985 | INFO | Train Loss=0.7909, Train Acc=87.93%
2025-06-05 17:08:43,985 | INFO | Val Loss=0.6196, Val Acc=81.52%
2025-06-05 17:08:49,497 | INFO | Epoch: 18 | Time: 5.51s
2025-06-05 17:08:49,497 | INFO | Train Loss=0.7732, Train Acc=88.55%
2025-06-05 17:08:49,497 | INFO | Val Loss=0.6045, Val Acc=81.16%
2025-06-05 17:08:55,021 | INFO | Epoch: 19 | Time: 5.52s
2025-06-05 17:08:55,021 | INFO | Train Loss=0.7548, Train Acc=89.50%
2025-06-05 17:08:55,021 | INFO | Val Loss=0.6054, Val Acc=80.80%
2025-06-05 17:09:00,533 | INFO | Epoch: 20 | Time: 5.51s
2025-06-05 17:09:00,534 | INFO | Train Loss=0.7384, Train Acc=90.08%
2025-06-05 17:09:00,534 | INFO | Val Loss=0.6634, Val Acc=78.80%
2025-06-05 17:09:06,041 | INFO | Epoch: 21 | Time: 5.51s
2025-06-05 17:09:06,041 | INFO | Train Loss=0.7265, Train Acc=90.50%
2025-06-05 17:09:06,041 | INFO | Val Loss=0.5957, Val Acc=82.64%
2025-06-05 17:09:06,042 | INFO | New best model saved (val loss = 0.5957)
2025-06-05 17:09:11,715 | INFO | Epoch: 22 | Time: 5.67s
2025-06-05 17:09:11,715 | INFO | Train Loss=0.7159, Train Acc=91.21%
2025-06-05 17:09:11,715 | INFO | Val Loss=0.5432, Val Acc=83.64%
2025-06-05 17:09:11,716 | INFO | New best model saved (val loss = 0.5432)
2025-06-05 17:09:17,228 | INFO | Epoch: 23 | Time: 5.51s
2025-06-05 17:09:17,229 | INFO | Train Loss=0.6921, Train Acc=92.22%
2025-06-05 17:09:17,229 | INFO | Val Loss=0.6305, Val Acc=80.80%
2025-06-05 17:09:22,730 | INFO | Epoch: 24 | Time: 5.50s
2025-06-05 17:09:22,731 | INFO | Train Loss=0.6785, Train Acc=92.60%
2025-06-05 17:09:22,731 | INFO | Val Loss=0.6355, Val Acc=81.44%
2025-06-05 17:09:28,270 | INFO | Epoch: 25 | Time: 5.54s
2025-06-05 17:09:28,270 | INFO | Train Loss=0.6726, Train Acc=92.99%
2025-06-05 17:09:28,270 | INFO | Val Loss=0.5952, Val Acc=82.28%
2025-06-05 17:09:33,778 | INFO | Epoch: 26 | Time: 5.51s
2025-06-05 17:09:33,779 | INFO | Train Loss=0.6614, Train Acc=93.56%
2025-06-05 17:09:33,779 | INFO | Val Loss=0.5291, Val Acc=84.00%
2025-06-05 17:09:33,780 | INFO | New best model saved (val loss = 0.5291)
2025-06-05 17:09:39,316 | INFO | Epoch: 27 | Time: 5.54s
2025-06-05 17:09:39,316 | INFO | Train Loss=0.6491, Train Acc=94.04%
2025-06-05 17:09:39,316 | INFO | Val Loss=0.5079, Val Acc=84.84%
2025-06-05 17:09:39,317 | INFO | New best model saved (val loss = 0.5079)
2025-06-05 17:09:44,924 | INFO | Epoch: 28 | Time: 5.61s
2025-06-05 17:09:44,924 | INFO | Train Loss=0.6470, Train Acc=93.93%
2025-06-05 17:09:44,924 | INFO | Val Loss=0.5253, Val Acc=84.28%
2025-06-05 17:09:50,438 | INFO | Epoch: 29 | Time: 5.51s
2025-06-05 17:09:50,438 | INFO | Train Loss=0.6364, Train Acc=94.44%
2025-06-05 17:09:50,438 | INFO | Val Loss=0.6064, Val Acc=82.20%
2025-06-05 17:09:55,950 | INFO | Epoch: 30 | Time: 5.51s
2025-06-05 17:09:55,951 | INFO | Train Loss=0.6211, Train Acc=95.16%
2025-06-05 17:09:55,951 | INFO | Val Loss=0.5417, Val Acc=84.44%
2025-06-05 17:10:01,464 | INFO | Epoch: 31 | Time: 5.51s
2025-06-05 17:10:01,464 | INFO | Train Loss=0.6145, Train Acc=95.61%
2025-06-05 17:10:01,464 | INFO | Val Loss=0.5335, Val Acc=84.44%
2025-06-05 17:10:06,988 | INFO | Epoch: 32 | Time: 5.52s
2025-06-05 17:10:06,988 | INFO | Train Loss=0.6043, Train Acc=95.87%
2025-06-05 17:10:06,988 | INFO | Val Loss=0.4950, Val Acc=85.84%
2025-06-05 17:10:06,989 | INFO | New best model saved (val loss = 0.4950)
2025-06-05 17:10:12,507 | INFO | Epoch: 33 | Time: 5.52s
2025-06-05 17:10:12,507 | INFO | Train Loss=0.6004, Train Acc=96.10%
2025-06-05 17:10:12,507 | INFO | Val Loss=0.5171, Val Acc=84.84%
2025-06-05 17:10:18,022 | INFO | Epoch: 34 | Time: 5.51s
2025-06-05 17:10:18,023 | INFO | Train Loss=0.5923, Train Acc=96.43%
2025-06-05 17:10:18,023 | INFO | Val Loss=0.5636, Val Acc=83.76%
2025-06-05 17:10:23,540 | INFO | Epoch: 35 | Time: 5.52s
2025-06-05 17:10:23,541 | INFO | Train Loss=0.5889, Train Acc=96.54%
2025-06-05 17:10:23,541 | INFO | Val Loss=0.5500, Val Acc=84.80%
2025-06-05 17:10:29,061 | INFO | Epoch: 36 | Time: 5.52s
2025-06-05 17:10:29,061 | INFO | Train Loss=0.5801, Train Acc=96.85%
2025-06-05 17:10:29,061 | INFO | Val Loss=0.5127, Val Acc=85.36%
2025-06-05 17:10:34,600 | INFO | Epoch: 37 | Time: 5.54s
2025-06-05 17:10:34,601 | INFO | Train Loss=0.5762, Train Acc=97.08%
2025-06-05 17:10:34,601 | INFO | Val Loss=0.4900, Val Acc=86.12%
2025-06-05 17:10:34,602 | INFO | New best model saved (val loss = 0.4900)
2025-06-05 17:10:40,100 | INFO | Epoch: 38 | Time: 5.50s
2025-06-05 17:10:40,101 | INFO | Train Loss=0.5752, Train Acc=97.12%
2025-06-05 17:10:40,101 | INFO | Val Loss=0.5122, Val Acc=85.68%
2025-06-05 17:10:45,607 | INFO | Epoch: 39 | Time: 5.51s
2025-06-05 17:10:45,607 | INFO | Train Loss=0.5666, Train Acc=97.57%
2025-06-05 17:10:45,607 | INFO | Val Loss=0.5102, Val Acc=85.80%
2025-06-05 17:10:51,127 | INFO | Epoch: 40 | Time: 5.52s
2025-06-05 17:10:51,128 | INFO | Train Loss=0.5596, Train Acc=97.83%
2025-06-05 17:10:51,128 | INFO | Val Loss=0.5199, Val Acc=85.56%
2025-06-05 17:10:56,692 | INFO | Epoch: 41 | Time: 5.56s
2025-06-05 17:10:56,693 | INFO | Train Loss=0.5606, Train Acc=97.71%
2025-06-05 17:10:56,693 | INFO | Val Loss=0.5006, Val Acc=86.28%
2025-06-05 17:11:02,199 | INFO | Epoch: 42 | Time: 5.51s
2025-06-05 17:11:02,199 | INFO | Train Loss=0.5481, Train Acc=98.21%
2025-06-05 17:11:02,199 | INFO | Val Loss=0.5016, Val Acc=86.56%
2025-06-05 17:11:07,749 | INFO | Epoch: 43 | Time: 5.55s
2025-06-05 17:11:07,749 | INFO | Train Loss=0.5484, Train Acc=98.32%
2025-06-05 17:11:07,749 | INFO | Val Loss=0.5014, Val Acc=86.12%
2025-06-05 17:11:13,276 | INFO | Epoch: 44 | Time: 5.53s
2025-06-05 17:11:13,276 | INFO | Train Loss=0.5459, Train Acc=98.36%
2025-06-05 17:11:13,276 | INFO | Val Loss=0.4824, Val Acc=86.56%
2025-06-05 17:11:13,277 | INFO | New best model saved (val loss = 0.4824)
2025-06-05 17:11:18,816 | INFO | Epoch: 45 | Time: 5.54s
2025-06-05 17:11:18,816 | INFO | Train Loss=0.5430, Train Acc=98.48%
2025-06-05 17:11:18,816 | INFO | Val Loss=0.5018, Val Acc=86.40%
2025-06-05 17:11:24,320 | INFO | Epoch: 46 | Time: 5.50s
2025-06-05 17:11:24,321 | INFO | Train Loss=0.5364, Train Acc=98.78%
2025-06-05 17:11:24,321 | INFO | Val Loss=0.4871, Val Acc=87.00%
2025-06-05 17:11:29,839 | INFO | Epoch: 47 | Time: 5.52s
2025-06-05 17:11:29,839 | INFO | Train Loss=0.5338, Train Acc=98.89%
2025-06-05 17:11:29,839 | INFO | Val Loss=0.4697, Val Acc=86.96%
2025-06-05 17:11:29,840 | INFO | New best model saved (val loss = 0.4697)
2025-06-05 17:11:35,379 | INFO | Epoch: 48 | Time: 5.54s
2025-06-05 17:11:35,379 | INFO | Train Loss=0.5342, Train Acc=98.80%
2025-06-05 17:11:35,379 | INFO | Val Loss=0.5109, Val Acc=86.68%
2025-06-05 17:11:40,874 | INFO | Epoch: 49 | Time: 5.50s
2025-06-05 17:11:40,875 | INFO | Train Loss=0.5331, Train Acc=98.87%
2025-06-05 17:11:40,875 | INFO | Val Loss=0.4595, Val Acc=87.80%
2025-06-05 17:11:40,876 | INFO | New best model saved (val loss = 0.4595)
2025-06-05 17:11:46,392 | INFO | Epoch: 50 | Time: 5.52s
2025-06-05 17:11:46,392 | INFO | Train Loss=0.5286, Train Acc=99.11%
2025-06-05 17:11:46,392 | INFO | Val Loss=0.4998, Val Acc=86.96%
2025-06-05 17:11:51,902 | INFO | Epoch: 51 | Time: 5.51s
2025-06-05 17:11:51,903 | INFO | Train Loss=0.5270, Train Acc=99.12%
2025-06-05 17:11:51,903 | INFO | Val Loss=0.5077, Val Acc=86.56%
2025-06-05 17:11:57,437 | INFO | Epoch: 52 | Time: 5.53s
2025-06-05 17:11:57,437 | INFO | Train Loss=0.5271, Train Acc=99.08%
2025-06-05 17:11:57,437 | INFO | Val Loss=0.4707, Val Acc=87.68%
2025-06-05 17:12:02,925 | INFO | Epoch: 53 | Time: 5.49s
2025-06-05 17:12:02,925 | INFO | Train Loss=0.5202, Train Acc=99.45%
2025-06-05 17:12:02,925 | INFO | Val Loss=0.4599, Val Acc=87.80%
2025-06-05 17:12:08,430 | INFO | Epoch: 54 | Time: 5.50s
2025-06-05 17:12:08,430 | INFO | Train Loss=0.5198, Train Acc=99.38%
2025-06-05 17:12:08,430 | INFO | Val Loss=0.4417, Val Acc=88.28%
2025-06-05 17:12:08,431 | INFO | New best model saved (val loss = 0.4417)
2025-06-05 17:12:13,951 | INFO | Epoch: 55 | Time: 5.52s
2025-06-05 17:12:13,951 | INFO | Train Loss=0.5174, Train Acc=99.50%
2025-06-05 17:12:13,951 | INFO | Val Loss=0.4673, Val Acc=87.40%
2025-06-05 17:12:19,476 | INFO | Epoch: 56 | Time: 5.52s
2025-06-05 17:12:19,476 | INFO | Train Loss=0.5209, Train Acc=99.33%
2025-06-05 17:12:19,476 | INFO | Val Loss=0.4487, Val Acc=88.08%
2025-06-05 17:12:25,019 | INFO | Epoch: 57 | Time: 5.54s
2025-06-05 17:12:25,019 | INFO | Train Loss=0.5159, Train Acc=99.60%
2025-06-05 17:12:25,019 | INFO | Val Loss=0.4499, Val Acc=88.56%
2025-06-05 17:12:30,563 | INFO | Epoch: 58 | Time: 5.54s
2025-06-05 17:12:30,563 | INFO | Train Loss=0.5135, Train Acc=99.61%
2025-06-05 17:12:30,563 | INFO | Val Loss=0.4608, Val Acc=87.92%
2025-06-05 17:12:36,087 | INFO | Epoch: 59 | Time: 5.52s
2025-06-05 17:12:36,088 | INFO | Train Loss=0.5127, Train Acc=99.66%
2025-06-05 17:12:36,088 | INFO | Val Loss=0.4511, Val Acc=88.36%
2025-06-05 17:12:41,696 | INFO | Epoch: 60 | Time: 5.61s
2025-06-05 17:12:41,696 | INFO | Train Loss=0.5125, Train Acc=99.68%
2025-06-05 17:12:41,696 | INFO | Val Loss=0.4688, Val Acc=87.56%
2025-06-05 17:12:47,210 | INFO | Epoch: 61 | Time: 5.51s
2025-06-05 17:12:47,210 | INFO | Train Loss=0.5092, Train Acc=99.80%
2025-06-05 17:12:47,210 | INFO | Val Loss=0.4524, Val Acc=88.64%
2025-06-05 17:12:52,750 | INFO | Epoch: 62 | Time: 5.54s
2025-06-05 17:12:52,750 | INFO | Train Loss=0.5088, Train Acc=99.80%
2025-06-05 17:12:52,750 | INFO | Val Loss=0.4476, Val Acc=88.72%
2025-06-05 17:12:58,289 | INFO | Epoch: 63 | Time: 5.54s
2025-06-05 17:12:58,290 | INFO | Train Loss=0.5117, Train Acc=99.70%
2025-06-05 17:12:58,290 | INFO | Val Loss=0.4434, Val Acc=89.00%
2025-06-05 17:13:03,855 | INFO | Epoch: 64 | Time: 5.56s
2025-06-05 17:13:03,855 | INFO | Train Loss=0.5091, Train Acc=99.83%
2025-06-05 17:13:03,855 | INFO | Val Loss=0.4333, Val Acc=89.00%
2025-06-05 17:13:03,856 | INFO | New best model saved (val loss = 0.4333)
2025-06-05 17:13:09,410 | INFO | Epoch: 65 | Time: 5.55s
2025-06-05 17:13:09,410 | INFO | Train Loss=0.5074, Train Acc=99.87%
2025-06-05 17:13:09,410 | INFO | Val Loss=0.4387, Val Acc=89.16%
2025-06-05 17:13:14,947 | INFO | Epoch: 66 | Time: 5.54s
2025-06-05 17:13:14,948 | INFO | Train Loss=0.5066, Train Acc=99.88%
2025-06-05 17:13:14,948 | INFO | Val Loss=0.4430, Val Acc=88.32%
2025-06-05 17:13:20,473 | INFO | Epoch: 67 | Time: 5.53s
2025-06-05 17:13:20,473 | INFO | Train Loss=0.5064, Train Acc=99.88%
2025-06-05 17:13:20,473 | INFO | Val Loss=0.4418, Val Acc=89.08%
2025-06-05 17:13:25,984 | INFO | Epoch: 68 | Time: 5.51s
2025-06-05 17:13:25,985 | INFO | Train Loss=0.5067, Train Acc=99.87%
2025-06-05 17:13:25,985 | INFO | Val Loss=0.4435, Val Acc=89.12%
2025-06-05 17:13:31,492 | INFO | Epoch: 69 | Time: 5.51s
2025-06-05 17:13:31,492 | INFO | Train Loss=0.5061, Train Acc=99.88%
2025-06-05 17:13:31,492 | INFO | Val Loss=0.4489, Val Acc=88.72%
2025-06-05 17:13:37,016 | INFO | Epoch: 70 | Time: 5.52s
2025-06-05 17:13:37,017 | INFO | Train Loss=0.5054, Train Acc=99.91%
2025-06-05 17:13:37,017 | INFO | Val Loss=0.4283, Val Acc=89.32%
2025-06-05 17:13:37,018 | INFO | New best model saved (val loss = 0.4283)
2025-06-05 17:13:42,524 | INFO | Epoch: 71 | Time: 5.51s
2025-06-05 17:13:42,525 | INFO | Train Loss=0.5050, Train Acc=99.93%
2025-06-05 17:13:42,525 | INFO | Val Loss=0.4211, Val Acc=89.52%
2025-06-05 17:13:42,526 | INFO | New best model saved (val loss = 0.4211)
2025-06-05 17:13:48,033 | INFO | Epoch: 72 | Time: 5.51s
2025-06-05 17:13:48,033 | INFO | Train Loss=0.5040, Train Acc=99.96%
2025-06-05 17:13:48,033 | INFO | Val Loss=0.4366, Val Acc=88.92%
2025-06-05 17:13:53,542 | INFO | Epoch: 73 | Time: 5.51s
2025-06-05 17:13:53,542 | INFO | Train Loss=0.5038, Train Acc=99.98%
2025-06-05 17:13:53,542 | INFO | Val Loss=0.4256, Val Acc=89.28%
2025-06-05 17:13:59,052 | INFO | Epoch: 74 | Time: 5.51s
2025-06-05 17:13:59,052 | INFO | Train Loss=0.5034, Train Acc=99.98%
2025-06-05 17:13:59,052 | INFO | Val Loss=0.4344, Val Acc=88.76%
2025-06-05 17:14:04,565 | INFO | Epoch: 75 | Time: 5.51s
2025-06-05 17:14:04,565 | INFO | Train Loss=0.5034, Train Acc=99.96%
2025-06-05 17:14:04,566 | INFO | Val Loss=0.4318, Val Acc=89.52%
2025-06-05 17:14:10,066 | INFO | Epoch: 76 | Time: 5.50s
2025-06-05 17:14:10,067 | INFO | Train Loss=0.5033, Train Acc=99.96%
2025-06-05 17:14:10,067 | INFO | Val Loss=0.4347, Val Acc=89.32%
2025-06-05 17:14:15,577 | INFO | Epoch: 77 | Time: 5.51s
2025-06-05 17:14:15,577 | INFO | Train Loss=0.5035, Train Acc=99.96%
2025-06-05 17:14:15,577 | INFO | Val Loss=0.4457, Val Acc=88.80%
2025-06-05 17:14:21,086 | INFO | Epoch: 78 | Time: 5.51s
2025-06-05 17:14:21,087 | INFO | Train Loss=0.5031, Train Acc=99.98%
2025-06-05 17:14:21,087 | INFO | Val Loss=0.4261, Val Acc=89.60%
2025-06-05 17:14:26,618 | INFO | Epoch: 79 | Time: 5.53s
2025-06-05 17:14:26,618 | INFO | Train Loss=0.5027, Train Acc=99.98%
2025-06-05 17:14:26,618 | INFO | Val Loss=0.4326, Val Acc=88.92%
2025-06-05 17:14:32,135 | INFO | Epoch: 80 | Time: 5.52s
2025-06-05 17:14:32,135 | INFO | Train Loss=0.5023, Train Acc=100.00%
2025-06-05 17:14:32,135 | INFO | Val Loss=0.4043, Val Acc=89.84%
2025-06-05 17:14:32,136 | INFO | New best model saved (val loss = 0.4043)
2025-06-05 17:14:37,667 | INFO | Epoch: 81 | Time: 5.53s
2025-06-05 17:14:37,667 | INFO | Train Loss=0.5024, Train Acc=99.99%
2025-06-05 17:14:37,667 | INFO | Val Loss=0.4294, Val Acc=89.44%
2025-06-05 17:14:43,184 | INFO | Epoch: 82 | Time: 5.52s
2025-06-05 17:14:43,185 | INFO | Train Loss=0.5026, Train Acc=99.99%
2025-06-05 17:14:43,185 | INFO | Val Loss=0.4157, Val Acc=89.68%
2025-06-05 17:14:48,700 | INFO | Epoch: 83 | Time: 5.52s
2025-06-05 17:14:48,700 | INFO | Train Loss=0.5022, Train Acc=99.99%
2025-06-05 17:14:48,700 | INFO | Val Loss=0.4270, Val Acc=89.48%
2025-06-05 17:14:54,209 | INFO | Epoch: 84 | Time: 5.51s
2025-06-05 17:14:54,210 | INFO | Train Loss=0.5023, Train Acc=99.98%
2025-06-05 17:14:54,210 | INFO | Val Loss=0.4140, Val Acc=89.60%
2025-06-05 17:14:59,717 | INFO | Epoch: 85 | Time: 5.51s
2025-06-05 17:14:59,718 | INFO | Train Loss=0.5024, Train Acc=99.98%
2025-06-05 17:14:59,718 | INFO | Val Loss=0.4305, Val Acc=89.12%
2025-06-05 17:15:05,211 | INFO | Epoch: 86 | Time: 5.49s
2025-06-05 17:15:05,211 | INFO | Train Loss=0.5020, Train Acc=100.00%
2025-06-05 17:15:05,211 | INFO | Val Loss=0.4247, Val Acc=89.36%
2025-06-05 17:15:10,718 | INFO | Epoch: 87 | Time: 5.51s
2025-06-05 17:15:10,718 | INFO | Train Loss=0.5022, Train Acc=99.99%
2025-06-05 17:15:10,719 | INFO | Val Loss=0.4148, Val Acc=89.64%
2025-06-05 17:15:16,218 | INFO | Epoch: 88 | Time: 5.50s
2025-06-05 17:15:16,218 | INFO | Train Loss=0.5021, Train Acc=99.99%
2025-06-05 17:15:16,218 | INFO | Val Loss=0.4147, Val Acc=89.68%
2025-06-05 17:15:21,724 | INFO | Epoch: 89 | Time: 5.51s
2025-06-05 17:15:21,725 | INFO | Train Loss=0.5019, Train Acc=100.00%
2025-06-05 17:15:21,725 | INFO | Val Loss=0.4278, Val Acc=89.28%
2025-06-05 17:15:27,226 | INFO | Epoch: 90 | Time: 5.50s
2025-06-05 17:15:27,226 | INFO | Train Loss=0.5019, Train Acc=100.00%
2025-06-05 17:15:27,226 | INFO | Val Loss=0.4233, Val Acc=89.48%
2025-06-05 17:15:32,731 | INFO | Epoch: 91 | Time: 5.50s
2025-06-05 17:15:32,731 | INFO | Train Loss=0.5020, Train Acc=100.00%
2025-06-05 17:15:32,731 | INFO | Val Loss=0.4196, Val Acc=89.64%
2025-06-05 17:15:38,244 | INFO | Epoch: 92 | Time: 5.51s
2025-06-05 17:15:38,244 | INFO | Train Loss=0.5019, Train Acc=100.00%
2025-06-05 17:15:38,244 | INFO | Val Loss=0.4198, Val Acc=90.04%
2025-06-05 17:15:43,731 | INFO | Epoch: 93 | Time: 5.49s
2025-06-05 17:15:43,731 | INFO | Train Loss=0.5019, Train Acc=100.00%
2025-06-05 17:15:43,731 | INFO | Val Loss=0.4201, Val Acc=89.80%
2025-06-05 17:15:49,200 | INFO | Epoch: 94 | Time: 5.47s
2025-06-05 17:15:49,201 | INFO | Train Loss=0.5019, Train Acc=100.00%
2025-06-05 17:15:49,201 | INFO | Val Loss=0.4356, Val Acc=89.28%
2025-06-05 17:15:54,687 | INFO | Epoch: 95 | Time: 5.49s
2025-06-05 17:15:54,688 | INFO | Train Loss=0.5018, Train Acc=100.00%
2025-06-05 17:15:54,688 | INFO | Val Loss=0.4173, Val Acc=89.76%
2025-06-05 17:16:00,175 | INFO | Epoch: 96 | Time: 5.49s
2025-06-05 17:16:00,175 | INFO | Train Loss=0.5019, Train Acc=100.00%
2025-06-05 17:16:00,175 | INFO | Val Loss=0.4162, Val Acc=89.68%
2025-06-05 17:16:05,651 | INFO | Epoch: 97 | Time: 5.48s
2025-06-05 17:16:05,651 | INFO | Train Loss=0.5018, Train Acc=100.00%
2025-06-05 17:16:05,651 | INFO | Val Loss=0.4035, Val Acc=90.60%
2025-06-05 17:16:05,652 | INFO | New best model saved (val loss = 0.4035)
2025-06-05 17:16:11,162 | INFO | Epoch: 98 | Time: 5.51s
2025-06-05 17:16:11,162 | INFO | Train Loss=0.5020, Train Acc=100.00%
2025-06-05 17:16:11,162 | INFO | Val Loss=0.4190, Val Acc=89.84%
2025-06-05 17:16:16,658 | INFO | Epoch: 99 | Time: 5.50s
2025-06-05 17:16:16,659 | INFO | Train Loss=0.5018, Train Acc=99.99%
2025-06-05 17:16:16,659 | INFO | Val Loss=0.4243, Val Acc=89.64%
2025-06-05 17:16:22,162 | INFO | Epoch: 100 | Time: 5.50s
2025-06-05 17:16:22,162 | INFO | Train Loss=0.5019, Train Acc=100.00%
2025-06-05 17:16:22,162 | INFO | Val Loss=0.4253, Val Acc=89.36%
2025-06-05 17:16:22,162 | INFO | Early stopping triggered at epoch 100
2025-06-05 17:16:22,238 | INFO | Best model with lowest val loss 0.4034638524055481 at 96 epoch is saved.
2025-06-05 17:16:23,032 | INFO | Test Accuracy: 90.52%
2025-06-05 17:16:23,109 | INFO | Last model with val loss 0.4252720773220062 at 99 epoch is saved.
2025-06-05 17:16:23,899 | INFO | Test Accuracy: 90.52%
2025-06-05 17:16:23,909 | INFO | 
Job Completed
