2025-06-06 11:39:38,282 | INFO | Job Started
2025-06-06 11:39:38,282 | INFO | Logging run: /rds/general/user/psp20/home/Brain-Network/runs/zoomvit_p66_20250606-113938
2025-06-06 11:39:38,477 | INFO | Using device: cuda
2025-06-06 11:39:38,477 | INFO | Training for 100 epochs
2025-06-06 11:39:38,477 | INFO | Debug mode: False
2025-06-06 11:39:38,477 | INFO | Downsampling by: 0.5
2025-06-06 11:39:38,477 | INFO | Auxiliary loss: {'attention_entropy_loss': 0.1}
2025-06-06 11:39:38,478 | INFO | Train transforms: 
	Compose(
    RandomResizedCrop(size=(224, 224), scale=(0.7, 1), ratio=(0.75, 1.3333), interpolation=bilinear, antialias=True)
    RandomHorizontalFlip(p=0.5)
    ColorJitter(brightness=(0.8, 1.2), contrast=(0.8, 1.2), saturation=(0.8, 1.2), hue=None)
    ToTensor()
    Normalize(mean=(0.485, 0.456, 0.406), std=(0.229, 0.224, 0.225))
)
2025-06-06 11:39:38,478 | INFO | Test transforms: 
	Compose(
    Resize(size=256, interpolation=bilinear, max_size=None, antialias=True)
    CenterCrop(size=(224, 224))
    ToTensor()
    Normalize(mean=(0.485, 0.456, 0.406), std=(0.229, 0.224, 0.225))
)
2025-06-06 11:39:38,714 | INFO | Downsampling by: 0.5. Few shot: False
2025-06-06 11:39:38,715 | INFO | Using pretrained weights
2025-06-06 11:39:39,623 | INFO | Using mixup function and SoftTargetCrossEntropy
2025-06-06 11:39:39,623 | INFO | Auxiliary loss: {'attention_entropy_loss': 0.1}
2025-06-06 11:40:53,518 | INFO | Epoch: 1 | Time: 73.86s
2025-06-06 11:40:53,518 | INFO | Train Loss=5.3412, Train Acc=0.98%
2025-06-06 11:40:53,518 | INFO | Val Loss=5.2531, Val Acc=2.33%
2025-06-06 11:40:53,518 | INFO | Train Gamma Loss=0.5142 | Val Gamma Loss=0.5249599814414978
2025-06-06 11:40:53,520 | INFO | New best model saved (val loss = 5.2531)
2025-06-06 11:42:12,198 | INFO | Epoch: 2 | Time: 78.63s
2025-06-06 11:42:12,199 | INFO | Train Loss=5.2432, Train Acc=1.95%
2025-06-06 11:42:12,199 | INFO | Val Loss=5.1393, Val Acc=3.58%
2025-06-06 11:42:12,199 | INFO | Train Gamma Loss=0.5135 | Val Gamma Loss=0.5233606100082397
2025-06-06 11:42:12,200 | INFO | New best model saved (val loss = 5.1393)
2025-06-06 11:43:44,133 | INFO | Epoch: 3 | Time: 91.90s
2025-06-06 11:43:44,133 | INFO | Train Loss=4.7256, Train Acc=3.72%
2025-06-06 11:43:44,133 | INFO | Val Loss=4.1377, Val Acc=5.75%
2025-06-06 11:43:44,133 | INFO | Train Gamma Loss=0.1364 | Val Gamma Loss=0.004167297389358282
2025-06-06 11:43:44,134 | INFO | New best model saved (val loss = 4.1377)
2025-06-06 11:45:14,664 | INFO | Epoch: 4 | Time: 90.51s
2025-06-06 11:45:14,664 | INFO | Train Loss=4.2641, Train Acc=7.38%
2025-06-06 11:45:14,664 | INFO | Val Loss=4.1661, Val Acc=5.00%
2025-06-06 11:45:14,665 | INFO | Train Gamma Loss=-0.0064 | Val Gamma Loss=0.0016419326420873404
2025-06-06 11:46:37,079 | INFO | Epoch: 5 | Time: 82.40s
2025-06-06 11:46:37,079 | INFO | Train Loss=4.1286, Train Acc=10.02%
2025-06-06 11:46:37,079 | INFO | Val Loss=3.8340, Val Acc=11.67%
2025-06-06 11:46:37,079 | INFO | Train Gamma Loss=-0.0085 | Val Gamma Loss=0.0019610871095210314
2025-06-06 11:46:37,080 | INFO | New best model saved (val loss = 3.8340)
2025-06-06 11:47:57,431 | INFO | Epoch: 6 | Time: 80.32s
2025-06-06 11:47:57,431 | INFO | Train Loss=4.0138, Train Acc=11.35%
2025-06-06 11:47:57,431 | INFO | Val Loss=3.8469, Val Acc=10.00%
2025-06-06 11:47:57,431 | INFO | Train Gamma Loss=-0.0091 | Val Gamma Loss=0.0018908469937741756
2025-06-06 11:49:22,972 | INFO | Epoch: 7 | Time: 85.53s
2025-06-06 11:49:22,972 | INFO | Train Loss=4.0314, Train Acc=11.60%
2025-06-06 11:49:22,972 | INFO | Val Loss=4.1928, Val Acc=5.75%
2025-06-06 11:49:22,972 | INFO | Train Gamma Loss=-0.0092 | Val Gamma Loss=0.002803460694849491
2025-06-06 11:50:50,076 | INFO | Epoch: 8 | Time: 87.07s
2025-06-06 11:50:50,076 | INFO | Train Loss=3.9901, Train Acc=12.08%
2025-06-06 11:50:50,076 | INFO | Val Loss=3.7777, Val Acc=10.75%
2025-06-06 11:50:50,077 | INFO | Train Gamma Loss=-0.0090 | Val Gamma Loss=0.0007982878596521914
2025-06-06 11:50:50,078 | INFO | New best model saved (val loss = 3.7777)
2025-06-06 11:52:16,550 | INFO | Epoch: 9 | Time: 86.43s
2025-06-06 11:52:16,550 | INFO | Train Loss=3.9011, Train Acc=15.42%
2025-06-06 11:52:16,550 | INFO | Val Loss=3.7823, Val Acc=10.08%
2025-06-06 11:52:16,550 | INFO | Train Gamma Loss=-0.0095 | Val Gamma Loss=0.0008099691476672888
2025-06-06 11:53:52,928 | INFO | Epoch: 10 | Time: 96.37s
2025-06-06 11:53:52,928 | INFO | Train Loss=3.7558, Train Acc=17.02%
2025-06-06 11:53:52,928 | INFO | Val Loss=3.4010, Val Acc=16.83%
2025-06-06 11:53:52,928 | INFO | Train Gamma Loss=-0.0096 | Val Gamma Loss=0.0008685644716024399
2025-06-06 11:53:52,929 | INFO | New best model saved (val loss = 3.4010)
2025-06-06 11:55:21,541 | INFO | Epoch: 11 | Time: 88.55s
2025-06-06 11:55:21,541 | INFO | Train Loss=3.7725, Train Acc=16.95%
2025-06-06 11:55:21,541 | INFO | Val Loss=3.4511, Val Acc=15.08%
2025-06-06 11:55:21,541 | INFO | Train Gamma Loss=-0.0096 | Val Gamma Loss=0.0007640508702024817
2025-06-06 11:56:45,894 | INFO | Epoch: 12 | Time: 84.34s
2025-06-06 11:56:45,895 | INFO | Train Loss=3.7420, Train Acc=18.63%
2025-06-06 11:56:45,895 | INFO | Val Loss=3.6749, Val Acc=12.08%
2025-06-06 11:56:45,895 | INFO | Train Gamma Loss=-0.0098 | Val Gamma Loss=0.002411269349977374
2025-06-06 11:58:16,617 | INFO | Epoch: 13 | Time: 90.71s
2025-06-06 11:58:16,617 | INFO | Train Loss=3.6279, Train Acc=21.67%
2025-06-06 11:58:16,617 | INFO | Val Loss=3.3327, Val Acc=19.25%
2025-06-06 11:58:16,617 | INFO | Train Gamma Loss=-0.0094 | Val Gamma Loss=0.00023696187417954206
2025-06-06 11:58:16,618 | INFO | New best model saved (val loss = 3.3327)
2025-06-06 11:59:45,965 | INFO | Epoch: 14 | Time: 89.33s
2025-06-06 11:59:45,965 | INFO | Train Loss=3.5439, Train Acc=23.77%
2025-06-06 11:59:45,965 | INFO | Val Loss=3.0291, Val Acc=23.67%
2025-06-06 11:59:45,965 | INFO | Train Gamma Loss=-0.0102 | Val Gamma Loss=0.00010983609536197037
2025-06-06 11:59:45,966 | INFO | New best model saved (val loss = 3.0291)
2025-06-06 12:01:14,190 | INFO | Epoch: 15 | Time: 88.20s
2025-06-06 12:01:14,190 | INFO | Train Loss=3.4051, Train Acc=26.32%
2025-06-06 12:01:14,190 | INFO | Val Loss=2.7828, Val Acc=29.50%
2025-06-06 12:01:14,190 | INFO | Train Gamma Loss=-0.0102 | Val Gamma Loss=0.00014343355724122375
2025-06-06 12:01:14,191 | INFO | New best model saved (val loss = 2.7828)
2025-06-06 12:02:43,515 | INFO | Epoch: 16 | Time: 89.29s
2025-06-06 12:02:43,515 | INFO | Train Loss=3.4961, Train Acc=27.15%
2025-06-06 12:02:43,515 | INFO | Val Loss=2.9733, Val Acc=25.67%
2025-06-06 12:02:43,515 | INFO | Train Gamma Loss=-0.0100 | Val Gamma Loss=0.0004931182484142482
2025-06-06 12:04:07,248 | INFO | Epoch: 17 | Time: 83.72s
2025-06-06 12:04:07,248 | INFO | Train Loss=3.3564, Train Acc=28.07%
2025-06-06 12:04:07,248 | INFO | Val Loss=2.8442, Val Acc=26.92%
2025-06-06 12:04:07,248 | INFO | Train Gamma Loss=-0.0097 | Val Gamma Loss=0.00023692866670899093
2025-06-06 12:05:31,779 | INFO | Epoch: 18 | Time: 84.50s
2025-06-06 12:05:31,779 | INFO | Train Loss=3.4102, Train Acc=29.28%
2025-06-06 12:05:31,779 | INFO | Val Loss=2.6863, Val Acc=31.00%
2025-06-06 12:05:31,779 | INFO | Train Gamma Loss=-0.0100 | Val Gamma Loss=0.0007232821662910283
2025-06-06 12:05:31,780 | INFO | New best model saved (val loss = 2.6863)
2025-06-06 12:07:01,208 | INFO | Epoch: 19 | Time: 89.40s
2025-06-06 12:07:01,208 | INFO | Train Loss=3.2288, Train Acc=33.03%
2025-06-06 12:07:01,208 | INFO | Val Loss=2.6663, Val Acc=30.33%
2025-06-06 12:07:01,208 | INFO | Train Gamma Loss=-0.0098 | Val Gamma Loss=0.000810466764960438
2025-06-06 12:07:01,209 | INFO | New best model saved (val loss = 2.6663)
2025-06-06 12:08:24,403 | INFO | Epoch: 20 | Time: 83.18s
2025-06-06 12:08:24,403 | INFO | Train Loss=3.2166, Train Acc=33.30%
2025-06-06 12:08:24,403 | INFO | Val Loss=2.5446, Val Acc=34.75%
2025-06-06 12:08:24,403 | INFO | Train Gamma Loss=-0.0097 | Val Gamma Loss=0.00031376752303913236
2025-06-06 12:08:24,404 | INFO | New best model saved (val loss = 2.5446)
2025-06-06 12:09:48,915 | INFO | Epoch: 21 | Time: 84.46s
2025-06-06 12:09:48,915 | INFO | Train Loss=3.2466, Train Acc=33.27%
2025-06-06 12:09:48,915 | INFO | Val Loss=2.6172, Val Acc=32.92%
2025-06-06 12:09:48,915 | INFO | Train Gamma Loss=-0.0100 | Val Gamma Loss=0.0004912139265798032
2025-06-06 12:11:19,322 | INFO | Epoch: 22 | Time: 90.39s
2025-06-06 12:11:19,322 | INFO | Train Loss=3.0470, Train Acc=37.42%
2025-06-06 12:11:19,322 | INFO | Val Loss=2.5805, Val Acc=32.58%
2025-06-06 12:11:19,322 | INFO | Train Gamma Loss=-0.0101 | Val Gamma Loss=0.00024760980159044266
2025-06-06 12:12:37,472 | INFO | Epoch: 23 | Time: 78.14s
2025-06-06 12:12:37,472 | INFO | Train Loss=3.0203, Train Acc=38.73%
2025-06-06 12:12:37,472 | INFO | Val Loss=2.5394, Val Acc=34.67%
2025-06-06 12:12:37,472 | INFO | Train Gamma Loss=-0.0101 | Val Gamma Loss=0.0007759596919640899
2025-06-06 12:12:37,474 | INFO | New best model saved (val loss = 2.5394)
2025-06-06 12:13:57,554 | INFO | Epoch: 24 | Time: 80.04s
2025-06-06 12:13:57,554 | INFO | Train Loss=3.0211, Train Acc=38.97%
2025-06-06 12:13:57,554 | INFO | Val Loss=2.6016, Val Acc=34.92%
2025-06-06 12:13:57,554 | INFO | Train Gamma Loss=-0.0097 | Val Gamma Loss=0.001335448119789362
2025-06-06 12:15:19,690 | INFO | Epoch: 25 | Time: 82.12s
2025-06-06 12:15:19,690 | INFO | Train Loss=3.1194, Train Acc=37.42%
2025-06-06 12:15:19,690 | INFO | Val Loss=2.7100, Val Acc=30.92%
2025-06-06 12:15:19,690 | INFO | Train Gamma Loss=-0.0096 | Val Gamma Loss=0.0007185068679973483
2025-06-06 12:16:43,538 | INFO | Epoch: 26 | Time: 83.84s
2025-06-06 12:16:43,538 | INFO | Train Loss=3.0247, Train Acc=38.38%
2025-06-06 12:16:43,538 | INFO | Val Loss=2.4701, Val Acc=34.92%
2025-06-06 12:16:43,538 | INFO | Train Gamma Loss=-0.0100 | Val Gamma Loss=0.0004814256390091032
2025-06-06 12:16:43,539 | INFO | New best model saved (val loss = 2.4701)
2025-06-06 12:18:05,619 | INFO | Epoch: 27 | Time: 82.05s
2025-06-06 12:18:05,619 | INFO | Train Loss=2.8112, Train Acc=44.75%
2025-06-06 12:18:05,619 | INFO | Val Loss=2.4618, Val Acc=35.42%
2025-06-06 12:18:05,619 | INFO | Train Gamma Loss=-0.0098 | Val Gamma Loss=0.003045600838959217
2025-06-06 12:18:05,620 | INFO | New best model saved (val loss = 2.4618)
2025-06-06 12:19:30,784 | INFO | Epoch: 28 | Time: 85.14s
2025-06-06 12:19:30,784 | INFO | Train Loss=2.9013, Train Acc=42.77%
2025-06-06 12:19:30,784 | INFO | Val Loss=2.5447, Val Acc=35.00%
2025-06-06 12:19:30,784 | INFO | Train Gamma Loss=-0.0082 | Val Gamma Loss=0.002012962941080332
2025-06-06 12:20:52,350 | INFO | Epoch: 29 | Time: 81.54s
2025-06-06 12:20:52,350 | INFO | Train Loss=3.0886, Train Acc=39.02%
2025-06-06 12:20:52,350 | INFO | Val Loss=2.6140, Val Acc=31.75%
2025-06-06 12:20:52,350 | INFO | Train Gamma Loss=-0.0096 | Val Gamma Loss=0.0005328066763468087
2025-06-06 12:22:10,132 | INFO | Epoch: 30 | Time: 77.77s
2025-06-06 12:22:10,132 | INFO | Train Loss=2.8420, Train Acc=43.80%
2025-06-06 12:22:10,132 | INFO | Val Loss=2.4224, Val Acc=37.50%
2025-06-06 12:22:10,132 | INFO | Train Gamma Loss=-0.0099 | Val Gamma Loss=0.0006055362755432725
2025-06-06 12:22:10,133 | INFO | New best model saved (val loss = 2.4224)
2025-06-06 12:23:31,554 | INFO | Epoch: 31 | Time: 81.39s
2025-06-06 12:23:31,554 | INFO | Train Loss=2.9390, Train Acc=42.17%
2025-06-06 12:23:31,554 | INFO | Val Loss=2.5628, Val Acc=34.00%
2025-06-06 12:23:31,555 | INFO | Train Gamma Loss=-0.0093 | Val Gamma Loss=0.0005192765383981168
2025-06-06 12:25:02,195 | INFO | Epoch: 32 | Time: 90.62s
2025-06-06 12:25:02,195 | INFO | Train Loss=2.7850, Train Acc=48.12%
2025-06-06 12:25:02,195 | INFO | Val Loss=2.3918, Val Acc=36.67%
2025-06-06 12:25:02,195 | INFO | Train Gamma Loss=-0.0101 | Val Gamma Loss=0.0002903726417571306
2025-06-06 12:25:02,197 | INFO | New best model saved (val loss = 2.3918)
2025-06-06 12:26:36,686 | INFO | Epoch: 33 | Time: 94.43s
2025-06-06 12:26:36,686 | INFO | Train Loss=2.6844, Train Acc=48.83%
2025-06-06 12:26:36,686 | INFO | Val Loss=2.4142, Val Acc=37.25%
2025-06-06 12:26:36,686 | INFO | Train Gamma Loss=-0.0101 | Val Gamma Loss=0.00018331475439481437
2025-06-06 12:28:01,414 | INFO | Epoch: 34 | Time: 84.70s
2025-06-06 12:28:01,414 | INFO | Train Loss=2.7950, Train Acc=47.38%
2025-06-06 12:28:01,414 | INFO | Val Loss=2.4386, Val Acc=37.67%
2025-06-06 12:28:01,414 | INFO | Train Gamma Loss=-0.0103 | Val Gamma Loss=0.00010577377543086186
2025-06-06 12:29:24,367 | INFO | Epoch: 35 | Time: 82.94s
2025-06-06 12:29:24,367 | INFO | Train Loss=2.7670, Train Acc=50.42%
2025-06-06 12:29:24,367 | INFO | Val Loss=2.1794, Val Acc=44.08%
2025-06-06 12:29:24,367 | INFO | Train Gamma Loss=-0.0103 | Val Gamma Loss=0.000313347700284794
2025-06-06 12:29:24,369 | INFO | New best model saved (val loss = 2.1794)
2025-06-06 12:30:50,366 | INFO | Epoch: 36 | Time: 85.94s
2025-06-06 12:30:50,366 | INFO | Train Loss=2.8410, Train Acc=48.27%
2025-06-06 12:30:50,366 | INFO | Val Loss=2.1285, Val Acc=44.25%
2025-06-06 12:30:50,366 | INFO | Train Gamma Loss=-0.0100 | Val Gamma Loss=0.0012353315250948071
2025-06-06 12:30:50,368 | INFO | New best model saved (val loss = 2.1285)
2025-06-06 12:32:15,587 | INFO | Epoch: 37 | Time: 85.19s
2025-06-06 12:32:15,587 | INFO | Train Loss=2.5492, Train Acc=52.58%
2025-06-06 12:32:15,587 | INFO | Val Loss=2.1468, Val Acc=44.08%
2025-06-06 12:32:15,587 | INFO | Train Gamma Loss=-0.0100 | Val Gamma Loss=0.0001256038958672434
2025-06-06 12:33:41,478 | INFO | Epoch: 38 | Time: 85.86s
2025-06-06 12:33:41,479 | INFO | Train Loss=2.6779, Train Acc=51.80%
2025-06-06 12:33:41,479 | INFO | Val Loss=2.2450, Val Acc=42.92%
2025-06-06 12:33:41,479 | INFO | Train Gamma Loss=-0.0103 | Val Gamma Loss=0.00029143912252038717
2025-06-06 12:35:08,712 | INFO | Epoch: 39 | Time: 87.22s
2025-06-06 12:35:08,712 | INFO | Train Loss=2.4371, Train Acc=56.45%
2025-06-06 12:35:08,712 | INFO | Val Loss=2.0474, Val Acc=44.92%
2025-06-06 12:35:08,712 | INFO | Train Gamma Loss=-0.0103 | Val Gamma Loss=0.0001664321025600657
2025-06-06 12:35:08,714 | INFO | New best model saved (val loss = 2.0474)
2025-06-06 12:36:36,038 | INFO | Epoch: 40 | Time: 87.31s
2025-06-06 12:36:36,038 | INFO | Train Loss=2.5791, Train Acc=55.28%
2025-06-06 12:36:36,038 | INFO | Val Loss=2.2063, Val Acc=42.08%
2025-06-06 12:36:36,038 | INFO | Train Gamma Loss=-0.0102 | Val Gamma Loss=0.00026248174253851175
2025-06-06 12:37:55,025 | INFO | Epoch: 41 | Time: 78.97s
2025-06-06 12:37:55,025 | INFO | Train Loss=2.5675, Train Acc=54.80%
2025-06-06 12:37:55,025 | INFO | Val Loss=2.1208, Val Acc=44.50%
2025-06-06 12:37:55,025 | INFO | Train Gamma Loss=-0.0102 | Val Gamma Loss=0.00022552166774403304
2025-06-06 12:39:11,109 | INFO | Epoch: 42 | Time: 76.06s
2025-06-06 12:39:11,109 | INFO | Train Loss=2.6178, Train Acc=54.33%
2025-06-06 12:39:11,109 | INFO | Val Loss=2.0995, Val Acc=44.83%
2025-06-06 12:39:11,109 | INFO | Train Gamma Loss=-0.0103 | Val Gamma Loss=0.00011744154471671209
2025-06-06 12:40:30,657 | INFO | Epoch: 43 | Time: 79.53s
2025-06-06 12:40:30,657 | INFO | Train Loss=2.6196, Train Acc=56.12%
2025-06-06 12:40:30,657 | INFO | Val Loss=2.3168, Val Acc=40.50%
2025-06-06 12:40:30,657 | INFO | Train Gamma Loss=-0.0104 | Val Gamma Loss=0.0002670015674084425
2025-06-06 12:41:54,088 | INFO | Epoch: 44 | Time: 83.41s
2025-06-06 12:41:54,088 | INFO | Train Loss=2.6409, Train Acc=53.87%
2025-06-06 12:41:54,088 | INFO | Val Loss=2.1339, Val Acc=44.25%
2025-06-06 12:41:54,088 | INFO | Train Gamma Loss=-0.0102 | Val Gamma Loss=0.00025391715462319553
2025-06-06 12:43:17,519 | INFO | Epoch: 45 | Time: 83.41s
2025-06-06 12:43:17,519 | INFO | Train Loss=2.4433, Train Acc=59.15%
2025-06-06 12:43:17,519 | INFO | Val Loss=2.0435, Val Acc=46.92%
2025-06-06 12:43:17,519 | INFO | Train Gamma Loss=-0.0100 | Val Gamma Loss=0.000388950458727777
2025-06-06 12:43:17,521 | INFO | New best model saved (val loss = 2.0435)
2025-06-06 12:44:36,202 | INFO | Epoch: 46 | Time: 78.62s
2025-06-06 12:44:36,202 | INFO | Train Loss=2.4745, Train Acc=60.30%
2025-06-06 12:44:36,202 | INFO | Val Loss=2.0987, Val Acc=46.25%
2025-06-06 12:44:36,202 | INFO | Train Gamma Loss=-0.0096 | Val Gamma Loss=0.0006204309756867588
2025-06-06 12:45:47,684 | INFO | Epoch: 47 | Time: 71.47s
2025-06-06 12:45:47,684 | INFO | Train Loss=2.5403, Train Acc=59.12%
2025-06-06 12:45:47,684 | INFO | Val Loss=2.2024, Val Acc=42.50%
2025-06-06 12:45:47,684 | INFO | Train Gamma Loss=-0.0101 | Val Gamma Loss=0.0005231163231655955
2025-06-06 12:46:57,600 | INFO | Epoch: 48 | Time: 69.90s
2025-06-06 12:46:57,601 | INFO | Train Loss=2.1262, Train Acc=65.62%
2025-06-06 12:46:57,601 | INFO | Val Loss=1.9947, Val Acc=46.50%
2025-06-06 12:46:57,601 | INFO | Train Gamma Loss=-0.0101 | Val Gamma Loss=0.00016662744747009128
2025-06-06 12:46:57,602 | INFO | New best model saved (val loss = 1.9947)
2025-06-06 12:48:11,783 | INFO | Epoch: 49 | Time: 74.10s
2025-06-06 12:48:11,783 | INFO | Train Loss=2.4008, Train Acc=61.45%
2025-06-06 12:48:11,783 | INFO | Val Loss=1.8872, Val Acc=50.00%
2025-06-06 12:48:11,783 | INFO | Train Gamma Loss=-0.0102 | Val Gamma Loss=0.0001579836680321023
2025-06-06 12:48:11,784 | INFO | New best model saved (val loss = 1.8872)
2025-06-06 12:49:26,487 | INFO | Epoch: 50 | Time: 74.67s
2025-06-06 12:49:26,487 | INFO | Train Loss=2.3613, Train Acc=64.93%
2025-06-06 12:49:26,487 | INFO | Val Loss=2.0385, Val Acc=47.25%
2025-06-06 12:49:26,487 | INFO | Train Gamma Loss=-0.0102 | Val Gamma Loss=0.00025442964397370815
2025-06-06 12:50:46,028 | INFO | Epoch: 51 | Time: 79.51s
2025-06-06 12:50:46,029 | INFO | Train Loss=2.1333, Train Acc=68.25%
2025-06-06 12:50:46,029 | INFO | Val Loss=1.9473, Val Acc=48.25%
2025-06-06 12:50:46,029 | INFO | Train Gamma Loss=-0.0103 | Val Gamma Loss=0.00017782030045054853
2025-06-06 12:52:03,605 | INFO | Epoch: 52 | Time: 77.56s
2025-06-06 12:52:03,605 | INFO | Train Loss=2.3821, Train Acc=65.48%
2025-06-06 12:52:03,605 | INFO | Val Loss=1.8515, Val Acc=51.83%
2025-06-06 12:52:03,605 | INFO | Train Gamma Loss=-0.0103 | Val Gamma Loss=0.00010071472206618637
2025-06-06 12:52:03,606 | INFO | New best model saved (val loss = 1.8515)
2025-06-06 12:53:21,487 | INFO | Epoch: 53 | Time: 77.82s
2025-06-06 12:53:21,488 | INFO | Train Loss=2.4510, Train Acc=62.93%
2025-06-06 12:53:21,488 | INFO | Val Loss=1.9988, Val Acc=48.67%
2025-06-06 12:53:21,488 | INFO | Train Gamma Loss=-0.0104 | Val Gamma Loss=8.231935498770326e-05
2025-06-06 12:54:32,078 | INFO | Epoch: 54 | Time: 70.58s
2025-06-06 12:54:32,078 | INFO | Train Loss=2.3393, Train Acc=66.35%
2025-06-06 12:54:32,078 | INFO | Val Loss=1.9676, Val Acc=49.75%
2025-06-06 12:54:32,078 | INFO | Train Gamma Loss=-0.0104 | Val Gamma Loss=7.505567918997258e-05
2025-06-06 12:55:43,147 | INFO | Epoch: 55 | Time: 71.04s
2025-06-06 12:55:43,147 | INFO | Train Loss=2.2789, Train Acc=69.57%
2025-06-06 12:55:43,147 | INFO | Val Loss=1.8619, Val Acc=52.42%
2025-06-06 12:55:43,147 | INFO | Train Gamma Loss=-0.0104 | Val Gamma Loss=8.286100637633353e-05
2025-06-06 12:56:58,364 | INFO | Epoch: 56 | Time: 75.20s
2025-06-06 12:56:58,364 | INFO | Train Loss=2.0182, Train Acc=74.15%
2025-06-06 12:56:58,364 | INFO | Val Loss=1.8892, Val Acc=49.92%
2025-06-06 12:56:58,364 | INFO | Train Gamma Loss=-0.0104 | Val Gamma Loss=7.663080759812146e-05
2025-06-06 12:58:09,596 | INFO | Epoch: 57 | Time: 71.22s
2025-06-06 12:58:09,596 | INFO | Train Loss=2.1832, Train Acc=70.87%
2025-06-06 12:58:09,596 | INFO | Val Loss=1.8810, Val Acc=50.92%
2025-06-06 12:58:09,596 | INFO | Train Gamma Loss=-0.0104 | Val Gamma Loss=7.135955092962831e-05
2025-06-06 12:59:22,385 | INFO | Epoch: 58 | Time: 72.78s
2025-06-06 12:59:22,385 | INFO | Train Loss=2.1277, Train Acc=71.92%
2025-06-06 12:59:22,385 | INFO | Val Loss=1.8534, Val Acc=52.92%
2025-06-06 12:59:22,385 | INFO | Train Gamma Loss=-0.0104 | Val Gamma Loss=7.12131368345581e-05
2025-06-06 13:00:38,822 | INFO | Epoch: 59 | Time: 76.42s
2025-06-06 13:00:38,822 | INFO | Train Loss=2.1594, Train Acc=71.22%
2025-06-06 13:00:38,822 | INFO | Val Loss=1.8986, Val Acc=51.42%
2025-06-06 13:00:38,822 | INFO | Train Gamma Loss=-0.0104 | Val Gamma Loss=0.00011941113916691393
2025-06-06 13:01:56,071 | INFO | Epoch: 60 | Time: 77.16s
2025-06-06 13:01:56,071 | INFO | Train Loss=2.1009, Train Acc=72.25%
2025-06-06 13:01:56,071 | INFO | Val Loss=1.8239, Val Acc=52.00%
2025-06-06 13:01:56,071 | INFO | Train Gamma Loss=-0.0103 | Val Gamma Loss=8.399167563766241e-05
2025-06-06 13:01:56,072 | INFO | New best model saved (val loss = 1.8239)
2025-06-06 13:03:20,880 | INFO | Epoch: 61 | Time: 84.78s
2025-06-06 13:03:20,880 | INFO | Train Loss=2.1379, Train Acc=73.08%
2025-06-06 13:03:20,880 | INFO | Val Loss=1.8206, Val Acc=52.58%
2025-06-06 13:03:20,880 | INFO | Train Gamma Loss=-0.0104 | Val Gamma Loss=0.00010823082266142592
2025-06-06 13:03:20,881 | INFO | New best model saved (val loss = 1.8206)
2025-06-06 13:04:34,301 | INFO | Epoch: 62 | Time: 73.35s
2025-06-06 13:04:34,301 | INFO | Train Loss=2.0066, Train Acc=75.68%
2025-06-06 13:04:34,301 | INFO | Val Loss=1.8373, Val Acc=53.08%
2025-06-06 13:04:34,301 | INFO | Train Gamma Loss=-0.0104 | Val Gamma Loss=9.023374150274321e-05
2025-06-06 13:05:52,581 | INFO | Epoch: 63 | Time: 78.26s
2025-06-06 13:05:52,581 | INFO | Train Loss=1.9259, Train Acc=79.85%
2025-06-06 13:05:52,581 | INFO | Val Loss=1.7945, Val Acc=54.08%
2025-06-06 13:05:52,581 | INFO | Train Gamma Loss=-0.0104 | Val Gamma Loss=8.630476804682985e-05
2025-06-06 13:05:52,582 | INFO | New best model saved (val loss = 1.7945)
2025-06-06 13:07:06,423 | INFO | Epoch: 64 | Time: 73.78s
2025-06-06 13:07:06,423 | INFO | Train Loss=1.7000, Train Acc=83.98%
2025-06-06 13:07:06,424 | INFO | Val Loss=1.7723, Val Acc=54.00%
2025-06-06 13:07:06,424 | INFO | Train Gamma Loss=-0.0104 | Val Gamma Loss=5.83275941608008e-05
2025-06-06 13:07:06,425 | INFO | New best model saved (val loss = 1.7723)
2025-06-06 13:08:22,577 | INFO | Epoch: 65 | Time: 76.12s
2025-06-06 13:08:22,577 | INFO | Train Loss=2.0952, Train Acc=76.72%
2025-06-06 13:08:22,577 | INFO | Val Loss=1.7983, Val Acc=54.17%
2025-06-06 13:08:22,577 | INFO | Train Gamma Loss=-0.0105 | Val Gamma Loss=6.258112262003124e-05
2025-06-06 13:09:37,209 | INFO | Epoch: 66 | Time: 74.57s
2025-06-06 13:09:37,209 | INFO | Train Loss=2.0393, Train Acc=76.38%
2025-06-06 13:09:37,209 | INFO | Val Loss=1.8254, Val Acc=52.75%
2025-06-06 13:09:37,209 | INFO | Train Gamma Loss=-0.0104 | Val Gamma Loss=7.41411276976578e-05
2025-06-06 13:10:53,437 | INFO | Epoch: 67 | Time: 76.21s
2025-06-06 13:10:53,437 | INFO | Train Loss=1.8696, Train Acc=79.62%
2025-06-06 13:10:53,437 | INFO | Val Loss=1.8325, Val Acc=54.25%
2025-06-06 13:10:53,437 | INFO | Train Gamma Loss=-0.0104 | Val Gamma Loss=7.123730756575242e-05
2025-06-06 13:12:05,896 | INFO | Epoch: 68 | Time: 72.44s
2025-06-06 13:12:05,896 | INFO | Train Loss=1.8044, Train Acc=81.50%
2025-06-06 13:12:05,896 | INFO | Val Loss=1.8004, Val Acc=54.92%
2025-06-06 13:12:05,896 | INFO | Train Gamma Loss=-0.0104 | Val Gamma Loss=7.730546349193901e-05
2025-06-06 13:13:18,058 | INFO | Epoch: 69 | Time: 72.14s
2025-06-06 13:13:18,058 | INFO | Train Loss=1.8991, Train Acc=82.62%
2025-06-06 13:13:18,058 | INFO | Val Loss=1.8022, Val Acc=55.92%
2025-06-06 13:13:18,059 | INFO | Train Gamma Loss=-0.0104 | Val Gamma Loss=8.092316420515999e-05
2025-06-06 13:14:35,459 | INFO | Epoch: 70 | Time: 77.38s
2025-06-06 13:14:35,460 | INFO | Train Loss=1.6614, Train Acc=85.85%
2025-06-06 13:14:35,460 | INFO | Val Loss=1.7777, Val Acc=54.17%
2025-06-06 13:14:35,460 | INFO | Train Gamma Loss=-0.0104 | Val Gamma Loss=6.80396260577254e-05
2025-06-06 13:15:52,988 | INFO | Epoch: 71 | Time: 77.51s
2025-06-06 13:15:52,988 | INFO | Train Loss=1.8731, Train Acc=81.77%
2025-06-06 13:15:52,988 | INFO | Val Loss=1.7653, Val Acc=56.17%
2025-06-06 13:15:52,988 | INFO | Train Gamma Loss=-0.0104 | Val Gamma Loss=7.193592318799347e-05
2025-06-06 13:15:52,990 | INFO | New best model saved (val loss = 1.7653)
2025-06-06 13:17:07,808 | INFO | Epoch: 72 | Time: 74.79s
2025-06-06 13:17:07,808 | INFO | Train Loss=1.9871, Train Acc=78.07%
2025-06-06 13:17:07,808 | INFO | Val Loss=1.7690, Val Acc=55.75%
2025-06-06 13:17:07,808 | INFO | Train Gamma Loss=-0.0104 | Val Gamma Loss=6.229643622646108e-05
2025-06-06 13:18:23,771 | INFO | Epoch: 73 | Time: 75.94s
2025-06-06 13:18:23,771 | INFO | Train Loss=1.9719, Train Acc=80.60%
2025-06-06 13:18:23,771 | INFO | Val Loss=1.7693, Val Acc=54.83%
2025-06-06 13:18:23,771 | INFO | Train Gamma Loss=-0.0104 | Val Gamma Loss=6.150314584374428e-05
2025-06-06 13:19:36,023 | INFO | Epoch: 74 | Time: 72.23s
2025-06-06 13:19:36,024 | INFO | Train Loss=1.7311, Train Acc=85.37%
2025-06-06 13:19:36,024 | INFO | Val Loss=1.7767, Val Acc=54.83%
2025-06-06 13:19:36,024 | INFO | Train Gamma Loss=-0.0105 | Val Gamma Loss=6.144406506791711e-05
2025-06-06 13:20:54,121 | INFO | Epoch: 75 | Time: 78.08s
2025-06-06 13:20:54,121 | INFO | Train Loss=1.6978, Train Acc=84.78%
2025-06-06 13:20:54,121 | INFO | Val Loss=1.7731, Val Acc=56.00%
2025-06-06 13:20:54,121 | INFO | Train Gamma Loss=-0.0105 | Val Gamma Loss=5.9647136367857456e-05
2025-06-06 13:22:21,935 | INFO | Epoch: 76 | Time: 87.79s
2025-06-06 13:22:21,935 | INFO | Train Loss=1.8997, Train Acc=79.33%
2025-06-06 13:22:21,936 | INFO | Val Loss=1.7501, Val Acc=55.42%
2025-06-06 13:22:21,936 | INFO | Train Gamma Loss=-0.0105 | Val Gamma Loss=6.121942715253681e-05
2025-06-06 13:22:21,937 | INFO | New best model saved (val loss = 1.7501)
2025-06-06 13:23:41,275 | INFO | Epoch: 77 | Time: 79.30s
2025-06-06 13:23:41,276 | INFO | Train Loss=1.9237, Train Acc=81.95%
2025-06-06 13:23:41,276 | INFO | Val Loss=1.7634, Val Acc=55.42%
2025-06-06 13:23:41,276 | INFO | Train Gamma Loss=-0.0105 | Val Gamma Loss=6.19778802501969e-05
2025-06-06 13:25:09,432 | INFO | Epoch: 78 | Time: 88.12s
2025-06-06 13:25:09,432 | INFO | Train Loss=1.8189, Train Acc=82.67%
2025-06-06 13:25:09,432 | INFO | Val Loss=1.7673, Val Acc=55.75%
2025-06-06 13:25:09,432 | INFO | Train Gamma Loss=-0.0105 | Val Gamma Loss=5.565442916122265e-05
2025-06-06 13:26:31,376 | INFO | Epoch: 79 | Time: 81.92s
2025-06-06 13:26:31,377 | INFO | Train Loss=1.8332, Train Acc=83.30%
2025-06-06 13:26:31,377 | INFO | Val Loss=1.7369, Val Acc=57.25%
2025-06-06 13:26:31,377 | INFO | Train Gamma Loss=-0.0105 | Val Gamma Loss=5.699447137885727e-05
2025-06-06 13:26:31,378 | INFO | New best model saved (val loss = 1.7369)
2025-06-06 13:27:45,712 | INFO | Epoch: 80 | Time: 74.30s
2025-06-06 13:27:45,712 | INFO | Train Loss=1.8192, Train Acc=83.70%
2025-06-06 13:27:45,712 | INFO | Val Loss=1.7422, Val Acc=56.92%
2025-06-06 13:27:45,712 | INFO | Train Gamma Loss=-0.0105 | Val Gamma Loss=5.734735168516636e-05
2025-06-06 13:29:01,014 | INFO | Epoch: 81 | Time: 75.28s
2025-06-06 13:29:01,014 | INFO | Train Loss=1.9092, Train Acc=83.22%
2025-06-06 13:29:01,014 | INFO | Val Loss=1.7391, Val Acc=57.17%
2025-06-06 13:29:01,014 | INFO | Train Gamma Loss=-0.0105 | Val Gamma Loss=5.652093022945337e-05
2025-06-06 13:30:19,500 | INFO | Epoch: 82 | Time: 78.43s
2025-06-06 13:30:19,500 | INFO | Train Loss=1.7382, Train Acc=84.85%
2025-06-06 13:30:19,500 | INFO | Val Loss=1.7326, Val Acc=56.50%
2025-06-06 13:30:19,500 | INFO | Train Gamma Loss=-0.0105 | Val Gamma Loss=5.688613236998208e-05
2025-06-06 13:30:19,502 | INFO | New best model saved (val loss = 1.7326)
2025-06-06 13:31:35,091 | INFO | Epoch: 83 | Time: 75.57s
2025-06-06 13:31:35,091 | INFO | Train Loss=1.6905, Train Acc=84.13%
2025-06-06 13:31:35,091 | INFO | Val Loss=1.7539, Val Acc=55.67%
2025-06-06 13:31:35,091 | INFO | Train Gamma Loss=-0.0105 | Val Gamma Loss=5.5409687774954364e-05
2025-06-06 13:33:00,072 | INFO | Epoch: 84 | Time: 84.92s
2025-06-06 13:33:00,072 | INFO | Train Loss=1.7470, Train Acc=85.58%
2025-06-06 13:33:00,072 | INFO | Val Loss=1.7293, Val Acc=56.75%
2025-06-06 13:33:00,072 | INFO | Train Gamma Loss=-0.0105 | Val Gamma Loss=5.771817814093083e-05
2025-06-06 13:33:00,073 | INFO | New best model saved (val loss = 1.7293)
2025-06-06 13:34:29,999 | INFO | Epoch: 85 | Time: 89.89s
2025-06-06 13:34:29,999 | INFO | Train Loss=1.8648, Train Acc=82.80%
2025-06-06 13:34:29,999 | INFO | Val Loss=1.7256, Val Acc=56.83%
2025-06-06 13:34:29,999 | INFO | Train Gamma Loss=-0.0105 | Val Gamma Loss=5.8716716011986136e-05
2025-06-06 13:34:30,001 | INFO | New best model saved (val loss = 1.7256)
2025-06-06 13:35:56,053 | INFO | Epoch: 86 | Time: 86.02s
2025-06-06 13:35:56,053 | INFO | Train Loss=1.7530, Train Acc=85.00%
2025-06-06 13:35:56,053 | INFO | Val Loss=1.7321, Val Acc=57.42%
2025-06-06 13:35:56,053 | INFO | Train Gamma Loss=-0.0105 | Val Gamma Loss=5.8142690249951556e-05
2025-06-06 13:37:18,659 | INFO | Epoch: 87 | Time: 82.55s
2025-06-06 13:37:18,659 | INFO | Train Loss=1.6930, Train Acc=86.32%
2025-06-06 13:37:18,659 | INFO | Val Loss=1.7223, Val Acc=56.83%
2025-06-06 13:37:18,659 | INFO | Train Gamma Loss=-0.0105 | Val Gamma Loss=5.835635602124967e-05
2025-06-06 13:37:18,661 | INFO | New best model saved (val loss = 1.7223)
2025-06-06 13:38:39,500 | INFO | Epoch: 88 | Time: 80.81s
2025-06-06 13:38:39,500 | INFO | Train Loss=1.8298, Train Acc=81.75%
2025-06-06 13:38:39,500 | INFO | Val Loss=1.7110, Val Acc=57.33%
2025-06-06 13:38:39,500 | INFO | Train Gamma Loss=-0.0105 | Val Gamma Loss=5.934830551268533e-05
2025-06-06 13:38:39,502 | INFO | New best model saved (val loss = 1.7110)
2025-06-06 13:40:02,052 | INFO | Epoch: 89 | Time: 82.51s
2025-06-06 13:40:02,052 | INFO | Train Loss=1.8458, Train Acc=84.27%
2025-06-06 13:40:02,052 | INFO | Val Loss=1.7170, Val Acc=57.25%
2025-06-06 13:40:02,052 | INFO | Train Gamma Loss=-0.0105 | Val Gamma Loss=5.7510762417223305e-05
2025-06-06 13:41:18,497 | INFO | Epoch: 90 | Time: 76.38s
2025-06-06 13:41:18,497 | INFO | Train Loss=1.7367, Train Acc=85.95%
2025-06-06 13:41:18,498 | INFO | Val Loss=1.7147, Val Acc=56.92%
2025-06-06 13:41:18,498 | INFO | Train Gamma Loss=-0.0105 | Val Gamma Loss=5.7396202464587986e-05
2025-06-06 13:42:35,235 | INFO | Epoch: 91 | Time: 76.72s
2025-06-06 13:42:35,235 | INFO | Train Loss=1.7363, Train Acc=83.70%
2025-06-06 13:42:35,235 | INFO | Val Loss=1.7055, Val Acc=57.58%
2025-06-06 13:42:35,235 | INFO | Train Gamma Loss=-0.0105 | Val Gamma Loss=5.855748167959973e-05
2025-06-06 13:42:35,236 | INFO | New best model saved (val loss = 1.7055)
2025-06-06 13:43:57,957 | INFO | Epoch: 92 | Time: 82.68s
2025-06-06 13:43:57,957 | INFO | Train Loss=1.8114, Train Acc=84.47%
2025-06-06 13:43:57,957 | INFO | Val Loss=1.7116, Val Acc=56.92%
2025-06-06 13:43:57,957 | INFO | Train Gamma Loss=-0.0105 | Val Gamma Loss=5.70989323023241e-05
2025-06-06 13:45:21,745 | INFO | Epoch: 93 | Time: 83.77s
2025-06-06 13:45:21,745 | INFO | Train Loss=1.8545, Train Acc=84.72%
2025-06-06 13:45:21,745 | INFO | Val Loss=1.7189, Val Acc=57.17%
2025-06-06 13:45:21,745 | INFO | Train Gamma Loss=-0.0105 | Val Gamma Loss=5.818163481308147e-05
2025-06-06 13:46:45,253 | INFO | Epoch: 94 | Time: 83.42s
2025-06-06 13:46:45,253 | INFO | Train Loss=1.8165, Train Acc=84.03%
2025-06-06 13:46:45,253 | INFO | Val Loss=1.7192, Val Acc=57.17%
2025-06-06 13:46:45,253 | INFO | Train Gamma Loss=-0.0105 | Val Gamma Loss=5.767975017079152e-05
2025-06-06 13:48:07,917 | INFO | Epoch: 95 | Time: 82.62s
2025-06-06 13:48:07,917 | INFO | Train Loss=1.7674, Train Acc=85.02%
2025-06-06 13:48:07,917 | INFO | Val Loss=1.7280, Val Acc=56.67%
2025-06-06 13:48:07,917 | INFO | Train Gamma Loss=-0.0105 | Val Gamma Loss=5.703436545445584e-05
2025-06-06 13:49:36,087 | INFO | Epoch: 96 | Time: 88.06s
2025-06-06 13:49:36,088 | INFO | Train Loss=1.7632, Train Acc=82.47%
2025-06-06 13:49:36,088 | INFO | Val Loss=1.7114, Val Acc=57.08%
2025-06-06 13:49:36,088 | INFO | Train Gamma Loss=-0.0105 | Val Gamma Loss=5.696975495084189e-05
2025-06-06 13:51:04,161 | INFO | Epoch: 97 | Time: 88.05s
2025-06-06 13:51:04,161 | INFO | Train Loss=2.0336, Train Acc=80.28%
2025-06-06 13:51:04,161 | INFO | Val Loss=1.7308, Val Acc=57.00%
2025-06-06 13:51:04,161 | INFO | Train Gamma Loss=-0.0105 | Val Gamma Loss=5.890244574402459e-05
2025-06-06 13:52:30,580 | INFO | Epoch: 98 | Time: 86.38s
2025-06-06 13:52:30,580 | INFO | Train Loss=1.8314, Train Acc=81.48%
2025-06-06 13:52:30,580 | INFO | Val Loss=1.7199, Val Acc=56.67%
2025-06-06 13:52:30,580 | INFO | Train Gamma Loss=-0.0105 | Val Gamma Loss=5.765813330071978e-05
2025-06-06 13:53:55,816 | INFO | Epoch: 99 | Time: 85.02s
2025-06-06 13:53:55,816 | INFO | Train Loss=1.6096, Train Acc=88.78%
2025-06-06 13:53:55,816 | INFO | Val Loss=1.7115, Val Acc=56.83%
2025-06-06 13:53:55,816 | INFO | Train Gamma Loss=-0.0105 | Val Gamma Loss=5.720775152440183e-05
2025-06-06 13:55:28,511 | INFO | Epoch: 100 | Time: 92.68s
2025-06-06 13:55:28,512 | INFO | Train Loss=1.6564, Train Acc=87.32%
2025-06-06 13:55:28,512 | INFO | Val Loss=1.7172, Val Acc=56.75%
2025-06-06 13:55:28,512 | INFO | Train Gamma Loss=-0.0105 | Val Gamma Loss=5.787566988146864e-05
2025-06-06 13:55:28,599 | INFO | Best model with lowest val loss 1.7055423698927228 at 90 epoch is saved.
2025-06-06 13:56:51,072 | INFO | Test Accuracy: 58.96%
2025-06-06 13:56:51,167 | INFO | Last model with val loss 1.7172069047626697 at 99 epoch is saved.
2025-06-06 13:58:18,562 | INFO | Test Accuracy: 58.96%
2025-06-06 13:58:18,720 | INFO | 
Job Completed
