2025-04-18 12:06:33,423 | INFO | Job Started
2025-04-18 12:06:33,423 | INFO | Logging run: /rds/general/user/psp20/home/Brain-Network/runs/resnet18_3_bz_128_20250418-120633
2025-04-18 12:06:33,424 | INFO | Config:
{
  "run_name": "resnet18_3_bz_128",
  "writer": true,
  "seed": 42,
  "train_split": 0.9,
  "batch_size": 128,
  "num_workers": 2,
  "model_type": "resnet18",
  "optimizer": "adam",
  "criterion": "CE",
  "lr": 0.001,
  "epochs": 50,
  "use_flex": false,
  "resnet_custom_transform": true,
  "early_stopping": true,
  "patience": 5,
  "min_diff": 0.001
}
2025-04-18 12:06:33,620 | INFO | Using device: cuda
2025-04-18 12:06:33,620 | INFO | Training for 50 epochs
2025-04-18 12:06:33,620 | INFO | Debug mode: False
2025-04-18 12:06:46,580 | INFO | Epoch 1: Train Loss=1.3889, Train Acc=49.40% | Val Loss=1.2464, Val Acc=56.40% | Time: 7.98s
2025-04-18 12:06:46,581 | INFO | New best model saved (val loss = 1.2464)
2025-04-18 12:06:52,360 | INFO | Epoch 2: Train Loss=0.9173, Train Acc=67.55% | Val Loss=1.0107, Val Acc=66.54% | Time: 5.78s
2025-04-18 12:06:52,361 | INFO | New best model saved (val loss = 1.0107)
2025-04-18 12:06:58,165 | INFO | Epoch 3: Train Loss=0.7345, Train Acc=74.44% | Val Loss=0.7722, Val Acc=73.52% | Time: 5.80s
2025-04-18 12:06:58,166 | INFO | New best model saved (val loss = 0.7722)
2025-04-18 12:07:03,956 | INFO | Epoch 4: Train Loss=0.6288, Train Acc=78.16% | Val Loss=0.6524, Val Acc=77.30% | Time: 5.79s
2025-04-18 12:07:03,957 | INFO | New best model saved (val loss = 0.6524)
2025-04-18 12:07:09,771 | INFO | Epoch 5: Train Loss=0.5546, Train Acc=80.78% | Val Loss=0.7291, Val Acc=75.24% | Time: 5.81s
2025-04-18 12:07:15,579 | INFO | Epoch 6: Train Loss=0.5157, Train Acc=82.10% | Val Loss=0.6442, Val Acc=78.32% | Time: 5.81s
2025-04-18 12:07:15,579 | INFO | New best model saved (val loss = 0.6442)
2025-04-18 12:07:21,460 | INFO | Epoch 7: Train Loss=0.4733, Train Acc=83.72% | Val Loss=0.5313, Val Acc=81.76% | Time: 5.88s
2025-04-18 12:07:21,461 | INFO | New best model saved (val loss = 0.5313)
2025-04-18 12:07:27,413 | INFO | Epoch 8: Train Loss=0.4418, Train Acc=84.88% | Val Loss=0.6270, Val Acc=79.24% | Time: 5.95s
2025-04-18 12:07:33,282 | INFO | Epoch 9: Train Loss=0.4101, Train Acc=85.93% | Val Loss=0.4929, Val Acc=83.28% | Time: 5.87s
2025-04-18 12:07:33,283 | INFO | New best model saved (val loss = 0.4929)
2025-04-18 12:07:39,147 | INFO | Epoch 10: Train Loss=0.3822, Train Acc=86.78% | Val Loss=0.5379, Val Acc=82.52% | Time: 5.86s
2025-04-18 12:07:45,067 | INFO | Epoch 11: Train Loss=0.3638, Train Acc=87.49% | Val Loss=0.4508, Val Acc=84.98% | Time: 5.92s
2025-04-18 12:07:45,068 | INFO | New best model saved (val loss = 0.4508)
2025-04-18 12:07:50,909 | INFO | Epoch 12: Train Loss=0.3379, Train Acc=88.56% | Val Loss=0.3952, Val Acc=86.56% | Time: 5.84s
2025-04-18 12:07:50,910 | INFO | New best model saved (val loss = 0.3952)
2025-04-18 12:07:56,787 | INFO | Epoch 13: Train Loss=0.3187, Train Acc=89.17% | Val Loss=0.4158, Val Acc=86.12% | Time: 5.88s
2025-04-18 12:08:02,754 | INFO | Epoch 14: Train Loss=0.3037, Train Acc=89.49% | Val Loss=0.4404, Val Acc=85.68% | Time: 5.97s
2025-04-18 12:08:08,638 | INFO | Epoch 15: Train Loss=0.2891, Train Acc=90.12% | Val Loss=0.4357, Val Acc=86.20% | Time: 5.88s
2025-04-18 12:08:14,571 | INFO | Epoch 16: Train Loss=0.2782, Train Acc=90.39% | Val Loss=0.4261, Val Acc=85.90% | Time: 5.93s
2025-04-18 12:08:20,478 | INFO | Epoch 17: Train Loss=0.1729, Train Acc=94.20% | Val Loss=0.2554, Val Acc=91.82% | Time: 5.91s
2025-04-18 12:08:20,479 | INFO | New best model saved (val loss = 0.2554)
2025-04-18 12:08:26,415 | INFO | Epoch 18: Train Loss=0.1357, Train Acc=95.42% | Val Loss=0.2575, Val Acc=91.92% | Time: 5.94s
2025-04-18 12:08:32,264 | INFO | Epoch 19: Train Loss=0.1200, Train Acc=95.99% | Val Loss=0.2428, Val Acc=92.04% | Time: 5.85s
2025-04-18 12:08:32,265 | INFO | New best model saved (val loss = 0.2428)
2025-04-18 12:08:38,313 | INFO | Epoch 20: Train Loss=0.1100, Train Acc=96.18% | Val Loss=0.2480, Val Acc=92.56% | Time: 6.05s
2025-04-18 12:08:44,230 | INFO | Epoch 21: Train Loss=0.0997, Train Acc=96.60% | Val Loss=0.2633, Val Acc=91.94% | Time: 5.92s
2025-04-18 12:08:50,094 | INFO | Epoch 22: Train Loss=0.0924, Train Acc=96.87% | Val Loss=0.2585, Val Acc=92.56% | Time: 5.86s
2025-04-18 12:08:55,931 | INFO | Epoch 23: Train Loss=0.0835, Train Acc=97.12% | Val Loss=0.2597, Val Acc=92.24% | Time: 5.84s
2025-04-18 12:09:01,742 | INFO | Epoch 24: Train Loss=0.0707, Train Acc=97.60% | Val Loss=0.2378, Val Acc=93.04% | Time: 5.81s
2025-04-18 12:09:01,743 | INFO | New best model saved (val loss = 0.2378)
2025-04-18 12:09:07,556 | INFO | Epoch 25: Train Loss=0.0649, Train Acc=97.82% | Val Loss=0.2526, Val Acc=92.66% | Time: 5.81s
2025-04-18 12:09:13,394 | INFO | Epoch 26: Train Loss=0.0630, Train Acc=97.88% | Val Loss=0.2428, Val Acc=92.98% | Time: 5.84s
2025-04-18 12:09:19,341 | INFO | Epoch 27: Train Loss=0.0613, Train Acc=97.97% | Val Loss=0.2587, Val Acc=92.74% | Time: 5.95s
2025-04-18 12:09:25,191 | INFO | Epoch 28: Train Loss=0.0620, Train Acc=97.92% | Val Loss=0.2522, Val Acc=92.72% | Time: 5.85s
2025-04-18 12:09:31,076 | INFO | Epoch 29: Train Loss=0.0596, Train Acc=98.00% | Val Loss=0.2435, Val Acc=93.00% | Time: 5.88s
2025-04-18 12:09:31,076 | INFO | Early stopping triggered at epoch 29
2025-04-18 12:09:31,141 | INFO | Best model with lowest val loss 0.2378438726067543 saved.
2025-04-18 12:09:32,004 | INFO | Test Accuracy: 92.27% | Test Loss: 0.28
2025-04-18 12:09:32,005 | INFO | 
Job Completed
