2025-06-05 17:13:10,046 | INFO | Job Started
2025-06-05 17:13:10,047 | INFO | Logging run: /rds/general/user/psp20/home/Brain-Network/runs/resnet_5_2_acc_20250605-171310
2025-06-05 17:13:10,428 | INFO | Using device: cuda
2025-06-05 17:13:10,429 | INFO | Training for 100 epochs
2025-06-05 17:13:10,429 | INFO | Debug mode: False
2025-06-05 17:13:10,429 | INFO | Downsampling by: 0
2025-06-05 17:13:10,429 | INFO | Auxiliary loss: {'loss_type': 0.01}
2025-06-05 17:13:10,429 | INFO | Train transforms: 
	Compose(
    RandomCrop(size=(32, 32), padding=4)
    RandomHorizontalFlip(p=0.5)
    ColorJitter(brightness=(0.8, 1.2), contrast=(0.8, 1.2), saturation=(0.8, 1.2), hue=None)
    ToTensor()
    Normalize(mean=(0.485, 0.456, 0.406), std=(0.229, 0.224, 0.225))
)
2025-06-05 17:13:10,429 | INFO | Test transforms: 
	Compose(
    ToTensor()
    Normalize(mean=(0.485, 0.456, 0.406), std=(0.229, 0.224, 0.225))
)
2025-06-05 17:13:12,767 | INFO | Full train/val size with downsampling (0): 50000
2025-06-05 17:13:12,769 | INFO | Using pretrained weights
2025-06-05 17:13:13,438 | INFO | Label smoothing: 0.1
2025-06-05 17:13:13,438 | INFO | Auxiliary loss: {'loss_type': 0.01}
2025-06-05 17:13:24,788 | INFO | Epoch: 1 | Time: 11.35s
2025-06-05 17:13:24,788 | INFO | Train Loss=1.9534, Train Acc=34.62%
2025-06-05 17:13:24,788 | INFO | Val Loss=1.5098, Val Acc=48.64%
2025-06-05 17:13:24,789 | INFO | New best model saved (val loss = 1.5098)
2025-06-05 17:13:35,424 | INFO | Epoch: 2 | Time: 10.63s
2025-06-05 17:13:35,424 | INFO | Train Loss=1.5324, Train Acc=54.36%
2025-06-05 17:13:35,424 | INFO | Val Loss=1.2297, Val Acc=58.42%
2025-06-05 17:13:35,425 | INFO | New best model saved (val loss = 1.2297)
2025-06-05 17:13:46,139 | INFO | Epoch: 3 | Time: 10.71s
2025-06-05 17:13:46,139 | INFO | Train Loss=1.0751, Train Acc=75.33%
2025-06-05 17:13:46,140 | INFO | Val Loss=0.5968, Val Acc=81.80%
2025-06-05 17:13:46,140 | INFO | New best model saved (val loss = 0.5968)
2025-06-05 17:13:56,852 | INFO | Epoch: 4 | Time: 10.71s
2025-06-05 17:13:56,853 | INFO | Train Loss=0.8498, Train Acc=85.42%
2025-06-05 17:13:56,853 | INFO | Val Loss=0.4456, Val Acc=87.16%
2025-06-05 17:13:56,854 | INFO | New best model saved (val loss = 0.4456)
2025-06-05 17:14:07,591 | INFO | Epoch: 5 | Time: 10.74s
2025-06-05 17:14:07,591 | INFO | Train Loss=0.7633, Train Acc=89.29%
2025-06-05 17:14:07,592 | INFO | Val Loss=0.4183, Val Acc=87.78%
2025-06-05 17:14:07,592 | INFO | New best model saved (val loss = 0.4183)
2025-06-05 17:14:18,228 | INFO | Epoch: 6 | Time: 10.64s
2025-06-05 17:14:18,228 | INFO | Train Loss=0.7284, Train Acc=90.76%
2025-06-05 17:14:18,229 | INFO | Val Loss=0.4140, Val Acc=88.00%
2025-06-05 17:14:18,229 | INFO | New best model saved (val loss = 0.4140)
2025-06-05 17:14:28,919 | INFO | Epoch: 7 | Time: 10.69s
2025-06-05 17:14:28,919 | INFO | Train Loss=0.7088, Train Acc=91.42%
2025-06-05 17:14:28,919 | INFO | Val Loss=0.4106, Val Acc=88.06%
2025-06-05 17:14:28,920 | INFO | New best model saved (val loss = 0.4106)
2025-06-05 17:14:39,545 | INFO | Epoch: 8 | Time: 10.62s
2025-06-05 17:14:39,545 | INFO | Train Loss=0.6773, Train Acc=92.74%
2025-06-05 17:14:39,545 | INFO | Val Loss=0.3687, Val Acc=89.38%
2025-06-05 17:14:39,546 | INFO | New best model saved (val loss = 0.3687)
2025-06-05 17:14:50,227 | INFO | Epoch: 9 | Time: 10.68s
2025-06-05 17:14:50,227 | INFO | Train Loss=0.6502, Train Acc=94.01%
2025-06-05 17:14:50,227 | INFO | Val Loss=0.4625, Val Acc=86.14%
2025-06-05 17:15:00,986 | INFO | Epoch: 10 | Time: 10.76s
2025-06-05 17:15:00,986 | INFO | Train Loss=0.6362, Train Acc=94.47%
2025-06-05 17:15:00,986 | INFO | Val Loss=0.3499, Val Acc=90.56%
2025-06-05 17:15:00,987 | INFO | New best model saved (val loss = 0.3499)
2025-06-05 17:15:11,922 | INFO | Epoch: 11 | Time: 10.93s
2025-06-05 17:15:11,923 | INFO | Train Loss=0.6211, Train Acc=95.14%
2025-06-05 17:15:11,923 | INFO | Val Loss=0.3579, Val Acc=90.20%
2025-06-05 17:15:22,851 | INFO | Epoch: 12 | Time: 10.93s
2025-06-05 17:15:22,851 | INFO | Train Loss=0.6100, Train Acc=95.52%
2025-06-05 17:15:22,851 | INFO | Val Loss=0.3782, Val Acc=90.08%
2025-06-05 17:15:33,596 | INFO | Epoch: 13 | Time: 10.74s
2025-06-05 17:15:33,596 | INFO | Train Loss=0.6048, Train Acc=95.75%
2025-06-05 17:15:33,596 | INFO | Val Loss=0.3479, Val Acc=90.82%
2025-06-05 17:15:33,597 | INFO | New best model saved (val loss = 0.3479)
2025-06-05 17:15:44,336 | INFO | Epoch: 14 | Time: 10.74s
2025-06-05 17:15:44,336 | INFO | Train Loss=0.5943, Train Acc=96.26%
2025-06-05 17:15:44,336 | INFO | Val Loss=0.3728, Val Acc=89.78%
2025-06-05 17:15:55,057 | INFO | Epoch: 15 | Time: 10.72s
2025-06-05 17:15:55,057 | INFO | Train Loss=0.5946, Train Acc=96.22%
2025-06-05 17:15:55,057 | INFO | Val Loss=0.3281, Val Acc=91.46%
2025-06-05 17:15:55,058 | INFO | New best model saved (val loss = 0.3281)
2025-06-05 17:16:05,755 | INFO | Epoch: 16 | Time: 10.70s
2025-06-05 17:16:05,755 | INFO | Train Loss=0.5810, Train Acc=96.77%
2025-06-05 17:16:05,755 | INFO | Val Loss=0.3280, Val Acc=91.70%
2025-06-05 17:16:05,756 | INFO | New best model saved (val loss = 0.3280)
2025-06-05 17:16:16,454 | INFO | Epoch: 17 | Time: 10.70s
2025-06-05 17:16:16,454 | INFO | Train Loss=0.5797, Train Acc=96.81%
2025-06-05 17:16:16,454 | INFO | Val Loss=0.3296, Val Acc=91.60%
2025-06-05 17:16:27,174 | INFO | Epoch: 18 | Time: 10.72s
2025-06-05 17:16:27,174 | INFO | Train Loss=0.5709, Train Acc=97.24%
2025-06-05 17:16:27,174 | INFO | Val Loss=0.3183, Val Acc=91.72%
2025-06-05 17:16:27,175 | INFO | New best model saved (val loss = 0.3183)
2025-06-05 17:16:37,944 | INFO | Epoch: 19 | Time: 10.77s
2025-06-05 17:16:37,944 | INFO | Train Loss=0.5705, Train Acc=97.16%
2025-06-05 17:16:37,944 | INFO | Val Loss=0.3417, Val Acc=90.72%
2025-06-05 17:16:48,724 | INFO | Epoch: 20 | Time: 10.78s
2025-06-05 17:16:48,724 | INFO | Train Loss=0.5680, Train Acc=97.30%
2025-06-05 17:16:48,724 | INFO | Val Loss=0.3374, Val Acc=91.28%
2025-06-05 17:16:59,520 | INFO | Epoch: 21 | Time: 10.80s
2025-06-05 17:16:59,520 | INFO | Train Loss=0.5662, Train Acc=97.34%
2025-06-05 17:16:59,520 | INFO | Val Loss=0.3763, Val Acc=90.26%
2025-06-05 17:17:10,218 | INFO | Epoch: 22 | Time: 10.70s
2025-06-05 17:17:10,219 | INFO | Train Loss=0.5594, Train Acc=97.72%
2025-06-05 17:17:10,219 | INFO | Val Loss=0.3180, Val Acc=92.12%
2025-06-05 17:17:10,220 | INFO | New best model saved (val loss = 0.3180)
2025-06-05 17:17:20,914 | INFO | Epoch: 23 | Time: 10.69s
2025-06-05 17:17:20,914 | INFO | Train Loss=0.5555, Train Acc=97.80%
2025-06-05 17:17:20,914 | INFO | Val Loss=0.3360, Val Acc=91.34%
2025-06-05 17:17:31,594 | INFO | Epoch: 24 | Time: 10.68s
2025-06-05 17:17:31,594 | INFO | Train Loss=0.5536, Train Acc=97.98%
2025-06-05 17:17:31,594 | INFO | Val Loss=0.3084, Val Acc=92.30%
2025-06-05 17:17:31,595 | INFO | New best model saved (val loss = 0.3084)
2025-06-05 17:17:42,331 | INFO | Epoch: 25 | Time: 10.74s
2025-06-05 17:17:42,331 | INFO | Train Loss=0.5469, Train Acc=98.18%
2025-06-05 17:17:42,331 | INFO | Val Loss=0.3222, Val Acc=92.10%
2025-06-05 17:17:52,998 | INFO | Epoch: 26 | Time: 10.67s
2025-06-05 17:17:52,998 | INFO | Train Loss=0.5475, Train Acc=98.18%
2025-06-05 17:17:52,998 | INFO | Val Loss=0.3196, Val Acc=92.06%
2025-06-05 17:18:03,718 | INFO | Epoch: 27 | Time: 10.72s
2025-06-05 17:18:03,718 | INFO | Train Loss=0.5463, Train Acc=98.25%
2025-06-05 17:18:03,718 | INFO | Val Loss=0.3162, Val Acc=92.00%
2025-06-05 17:18:14,409 | INFO | Epoch: 28 | Time: 10.69s
2025-06-05 17:18:14,409 | INFO | Train Loss=0.5399, Train Acc=98.55%
2025-06-05 17:18:14,409 | INFO | Val Loss=0.3118, Val Acc=92.70%
2025-06-05 17:18:25,154 | INFO | Epoch: 29 | Time: 10.74s
2025-06-05 17:18:25,155 | INFO | Train Loss=0.5426, Train Acc=98.40%
2025-06-05 17:18:25,155 | INFO | Val Loss=0.3169, Val Acc=92.08%
2025-06-05 17:18:35,785 | INFO | Epoch: 30 | Time: 10.63s
2025-06-05 17:18:35,785 | INFO | Train Loss=0.5382, Train Acc=98.58%
2025-06-05 17:18:35,785 | INFO | Val Loss=0.3139, Val Acc=92.66%
2025-06-05 17:18:46,550 | INFO | Epoch: 31 | Time: 10.76s
2025-06-05 17:18:46,550 | INFO | Train Loss=0.5390, Train Acc=98.54%
2025-06-05 17:18:46,550 | INFO | Val Loss=0.3285, Val Acc=91.98%
2025-06-05 17:18:57,226 | INFO | Epoch: 32 | Time: 10.68s
2025-06-05 17:18:57,226 | INFO | Train Loss=0.5352, Train Acc=98.74%
2025-06-05 17:18:57,226 | INFO | Val Loss=0.3140, Val Acc=92.56%
2025-06-05 17:19:07,847 | INFO | Epoch: 33 | Time: 10.62s
2025-06-05 17:19:07,847 | INFO | Train Loss=0.5348, Train Acc=98.69%
2025-06-05 17:19:07,847 | INFO | Val Loss=0.3064, Val Acc=92.46%
2025-06-05 17:19:07,848 | INFO | New best model saved (val loss = 0.3064)
2025-06-05 17:19:18,478 | INFO | Epoch: 34 | Time: 10.63s
2025-06-05 17:19:18,478 | INFO | Train Loss=0.5317, Train Acc=98.80%
2025-06-05 17:19:18,478 | INFO | Val Loss=0.3263, Val Acc=92.16%
2025-06-05 17:19:29,097 | INFO | Epoch: 35 | Time: 10.62s
2025-06-05 17:19:29,097 | INFO | Train Loss=0.5335, Train Acc=98.72%
2025-06-05 17:19:29,097 | INFO | Val Loss=0.3145, Val Acc=92.74%
2025-06-05 17:19:39,722 | INFO | Epoch: 36 | Time: 10.62s
2025-06-05 17:19:39,722 | INFO | Train Loss=0.5300, Train Acc=98.94%
2025-06-05 17:19:39,722 | INFO | Val Loss=0.3226, Val Acc=92.06%
2025-06-05 17:19:50,466 | INFO | Epoch: 37 | Time: 10.74s
2025-06-05 17:19:50,467 | INFO | Train Loss=0.5242, Train Acc=99.15%
2025-06-05 17:19:50,467 | INFO | Val Loss=0.2938, Val Acc=93.04%
2025-06-05 17:19:50,468 | INFO | New best model saved (val loss = 0.2938)
2025-06-05 17:20:01,134 | INFO | Epoch: 38 | Time: 10.67s
2025-06-05 17:20:01,134 | INFO | Train Loss=0.5256, Train Acc=99.03%
2025-06-05 17:20:01,134 | INFO | Val Loss=0.3200, Val Acc=92.24%
2025-06-05 17:20:11,813 | INFO | Epoch: 39 | Time: 10.68s
2025-06-05 17:20:11,813 | INFO | Train Loss=0.5258, Train Acc=99.03%
2025-06-05 17:20:11,813 | INFO | Val Loss=0.3071, Val Acc=92.78%
2025-06-05 17:20:22,523 | INFO | Epoch: 40 | Time: 10.71s
2025-06-05 17:20:22,523 | INFO | Train Loss=0.5224, Train Acc=99.23%
2025-06-05 17:20:22,523 | INFO | Val Loss=0.3065, Val Acc=92.92%
2025-06-05 17:20:33,292 | INFO | Epoch: 41 | Time: 10.77s
2025-06-05 17:20:33,292 | INFO | Train Loss=0.5251, Train Acc=99.03%
2025-06-05 17:20:33,292 | INFO | Val Loss=0.3221, Val Acc=92.32%
2025-06-05 17:20:44,020 | INFO | Epoch: 42 | Time: 10.73s
2025-06-05 17:20:44,020 | INFO | Train Loss=0.5197, Train Acc=99.34%
2025-06-05 17:20:44,020 | INFO | Val Loss=0.3116, Val Acc=92.80%
2025-06-05 17:20:54,760 | INFO | Epoch: 43 | Time: 10.74s
2025-06-05 17:20:54,761 | INFO | Train Loss=0.5179, Train Acc=99.38%
2025-06-05 17:20:54,761 | INFO | Val Loss=0.2840, Val Acc=93.62%
2025-06-05 17:20:54,762 | INFO | New best model saved (val loss = 0.2840)
2025-06-05 17:21:05,491 | INFO | Epoch: 44 | Time: 10.73s
2025-06-05 17:21:05,492 | INFO | Train Loss=0.5183, Train Acc=99.35%
2025-06-05 17:21:05,492 | INFO | Val Loss=0.3000, Val Acc=93.18%
2025-06-05 17:21:16,212 | INFO | Epoch: 45 | Time: 10.72s
2025-06-05 17:21:16,212 | INFO | Train Loss=0.5181, Train Acc=99.34%
2025-06-05 17:21:16,212 | INFO | Val Loss=0.2916, Val Acc=93.02%
2025-06-05 17:21:27,017 | INFO | Epoch: 46 | Time: 10.80s
2025-06-05 17:21:27,017 | INFO | Train Loss=0.5166, Train Acc=99.41%
2025-06-05 17:21:27,017 | INFO | Val Loss=0.2837, Val Acc=93.66%
2025-06-05 17:21:27,018 | INFO | New best model saved (val loss = 0.2837)
2025-06-05 17:21:37,754 | INFO | Epoch: 47 | Time: 10.74s
2025-06-05 17:21:37,755 | INFO | Train Loss=0.5176, Train Acc=99.37%
2025-06-05 17:21:37,755 | INFO | Val Loss=0.3013, Val Acc=92.80%
2025-06-05 17:21:48,369 | INFO | Epoch: 48 | Time: 10.61s
2025-06-05 17:21:48,370 | INFO | Train Loss=0.5156, Train Acc=99.48%
2025-06-05 17:21:48,370 | INFO | Val Loss=0.2829, Val Acc=93.88%
2025-06-05 17:21:48,371 | INFO | New best model saved (val loss = 0.2829)
2025-06-05 17:21:59,103 | INFO | Epoch: 49 | Time: 10.73s
2025-06-05 17:21:59,104 | INFO | Train Loss=0.5118, Train Acc=99.60%
2025-06-05 17:21:59,104 | INFO | Val Loss=0.3049, Val Acc=92.90%
2025-06-05 17:22:09,848 | INFO | Epoch: 50 | Time: 10.74s
2025-06-05 17:22:09,849 | INFO | Train Loss=0.5137, Train Acc=99.50%
2025-06-05 17:22:09,849 | INFO | Val Loss=0.3095, Val Acc=92.90%
2025-06-05 17:22:20,494 | INFO | Epoch: 51 | Time: 10.65s
2025-06-05 17:22:20,495 | INFO | Train Loss=0.5122, Train Acc=99.56%
2025-06-05 17:22:20,495 | INFO | Val Loss=0.2755, Val Acc=93.92%
2025-06-05 17:22:20,496 | INFO | New best model saved (val loss = 0.2755)
2025-06-05 17:22:31,228 | INFO | Epoch: 52 | Time: 10.73s
2025-06-05 17:22:31,228 | INFO | Train Loss=0.5094, Train Acc=99.71%
2025-06-05 17:22:31,228 | INFO | Val Loss=0.2819, Val Acc=93.82%
2025-06-05 17:22:41,928 | INFO | Epoch: 53 | Time: 10.70s
2025-06-05 17:22:41,929 | INFO | Train Loss=0.5086, Train Acc=99.74%
2025-06-05 17:22:41,929 | INFO | Val Loss=0.2847, Val Acc=94.02%
2025-06-05 17:22:52,707 | INFO | Epoch: 54 | Time: 10.78s
2025-06-05 17:22:52,707 | INFO | Train Loss=0.5108, Train Acc=99.62%
2025-06-05 17:22:52,707 | INFO | Val Loss=0.2847, Val Acc=93.60%
2025-06-05 17:23:03,419 | INFO | Epoch: 55 | Time: 10.71s
2025-06-05 17:23:03,419 | INFO | Train Loss=0.5095, Train Acc=99.68%
2025-06-05 17:23:03,420 | INFO | Val Loss=0.2930, Val Acc=93.48%
2025-06-05 17:23:14,186 | INFO | Epoch: 56 | Time: 10.77s
2025-06-05 17:23:14,186 | INFO | Train Loss=0.5080, Train Acc=99.74%
2025-06-05 17:23:14,186 | INFO | Val Loss=0.2869, Val Acc=93.38%
2025-06-05 17:23:24,871 | INFO | Epoch: 57 | Time: 10.68s
2025-06-05 17:23:24,871 | INFO | Train Loss=0.5077, Train Acc=99.75%
2025-06-05 17:23:24,871 | INFO | Val Loss=0.2860, Val Acc=93.98%
2025-06-05 17:23:35,580 | INFO | Epoch: 58 | Time: 10.71s
2025-06-05 17:23:35,580 | INFO | Train Loss=0.5073, Train Acc=99.78%
2025-06-05 17:23:35,580 | INFO | Val Loss=0.2773, Val Acc=94.06%
2025-06-05 17:23:46,313 | INFO | Epoch: 59 | Time: 10.73s
2025-06-05 17:23:46,313 | INFO | Train Loss=0.5059, Train Acc=99.85%
2025-06-05 17:23:46,313 | INFO | Val Loss=0.2737, Val Acc=94.12%
2025-06-05 17:23:46,314 | INFO | New best model saved (val loss = 0.2737)
2025-06-05 17:23:57,152 | INFO | Epoch: 60 | Time: 10.84s
2025-06-05 17:23:57,153 | INFO | Train Loss=0.5073, Train Acc=99.76%
2025-06-05 17:23:57,153 | INFO | Val Loss=0.2860, Val Acc=93.66%
2025-06-05 17:24:07,873 | INFO | Epoch: 61 | Time: 10.72s
2025-06-05 17:24:07,873 | INFO | Train Loss=0.5062, Train Acc=99.81%
2025-06-05 17:24:07,873 | INFO | Val Loss=0.2783, Val Acc=94.28%
2025-06-05 17:24:18,628 | INFO | Epoch: 62 | Time: 10.75s
2025-06-05 17:24:18,628 | INFO | Train Loss=0.5042, Train Acc=99.88%
2025-06-05 17:24:18,628 | INFO | Val Loss=0.2779, Val Acc=94.18%
2025-06-05 17:24:29,355 | INFO | Epoch: 63 | Time: 10.73s
2025-06-05 17:24:29,355 | INFO | Train Loss=0.5042, Train Acc=99.88%
2025-06-05 17:24:29,355 | INFO | Val Loss=0.2965, Val Acc=93.54%
2025-06-05 17:24:40,057 | INFO | Epoch: 64 | Time: 10.70s
2025-06-05 17:24:40,057 | INFO | Train Loss=0.5045, Train Acc=99.85%
2025-06-05 17:24:40,057 | INFO | Val Loss=0.2752, Val Acc=94.30%
2025-06-05 17:24:50,692 | INFO | Epoch: 65 | Time: 10.63s
2025-06-05 17:24:50,692 | INFO | Train Loss=0.5040, Train Acc=99.89%
2025-06-05 17:24:50,692 | INFO | Val Loss=0.2819, Val Acc=93.98%
2025-06-05 17:25:01,278 | INFO | Epoch: 66 | Time: 10.59s
2025-06-05 17:25:01,278 | INFO | Train Loss=0.5038, Train Acc=99.90%
2025-06-05 17:25:01,278 | INFO | Val Loss=0.2722, Val Acc=94.20%
2025-06-05 17:25:01,279 | INFO | New best model saved (val loss = 0.2722)
2025-06-05 17:25:11,919 | INFO | Epoch: 67 | Time: 10.64s
2025-06-05 17:25:11,919 | INFO | Train Loss=0.5030, Train Acc=99.93%
2025-06-05 17:25:11,919 | INFO | Val Loss=0.2665, Val Acc=94.54%
2025-06-05 17:25:11,920 | INFO | New best model saved (val loss = 0.2665)
2025-06-05 17:25:22,634 | INFO | Epoch: 68 | Time: 10.71s
2025-06-05 17:25:22,634 | INFO | Train Loss=0.5028, Train Acc=99.93%
2025-06-05 17:25:22,634 | INFO | Val Loss=0.2744, Val Acc=94.04%
2025-06-05 17:25:33,280 | INFO | Epoch: 69 | Time: 10.65s
2025-06-05 17:25:33,280 | INFO | Train Loss=0.5024, Train Acc=99.94%
2025-06-05 17:25:33,280 | INFO | Val Loss=0.2721, Val Acc=94.28%
2025-06-05 17:25:43,996 | INFO | Epoch: 70 | Time: 10.72s
2025-06-05 17:25:43,996 | INFO | Train Loss=0.5024, Train Acc=99.96%
2025-06-05 17:25:43,996 | INFO | Val Loss=0.2723, Val Acc=94.32%
2025-06-05 17:25:54,680 | INFO | Epoch: 71 | Time: 10.68s
2025-06-05 17:25:54,681 | INFO | Train Loss=0.5025, Train Acc=99.95%
2025-06-05 17:25:54,681 | INFO | Val Loss=0.2685, Val Acc=94.40%
2025-06-05 17:26:05,377 | INFO | Epoch: 72 | Time: 10.70s
2025-06-05 17:26:05,377 | INFO | Train Loss=0.5023, Train Acc=99.95%
2025-06-05 17:26:05,377 | INFO | Val Loss=0.2621, Val Acc=94.78%
2025-06-05 17:26:05,378 | INFO | New best model saved (val loss = 0.2621)
2025-06-05 17:26:16,151 | INFO | Epoch: 73 | Time: 10.77s
2025-06-05 17:26:16,151 | INFO | Train Loss=0.5019, Train Acc=99.97%
2025-06-05 17:26:16,151 | INFO | Val Loss=0.2602, Val Acc=94.64%
2025-06-05 17:26:16,152 | INFO | New best model saved (val loss = 0.2602)
2025-06-05 17:26:26,856 | INFO | Epoch: 74 | Time: 10.70s
2025-06-05 17:26:26,856 | INFO | Train Loss=0.5016, Train Acc=99.98%
2025-06-05 17:26:26,856 | INFO | Val Loss=0.2666, Val Acc=94.36%
2025-06-05 17:26:37,556 | INFO | Epoch: 75 | Time: 10.70s
2025-06-05 17:26:37,556 | INFO | Train Loss=0.5020, Train Acc=99.96%
2025-06-05 17:26:37,556 | INFO | Val Loss=0.2703, Val Acc=94.46%
2025-06-05 17:26:48,279 | INFO | Epoch: 76 | Time: 10.72s
2025-06-05 17:26:48,279 | INFO | Train Loss=0.5018, Train Acc=99.96%
2025-06-05 17:26:48,279 | INFO | Val Loss=0.2567, Val Acc=94.88%
2025-06-05 17:26:48,280 | INFO | New best model saved (val loss = 0.2567)
2025-06-05 17:26:58,975 | INFO | Epoch: 77 | Time: 10.69s
2025-06-05 17:26:58,975 | INFO | Train Loss=0.5017, Train Acc=99.96%
2025-06-05 17:26:58,975 | INFO | Val Loss=0.2692, Val Acc=94.50%
2025-06-05 17:27:09,649 | INFO | Epoch: 78 | Time: 10.67s
2025-06-05 17:27:09,649 | INFO | Train Loss=0.5017, Train Acc=99.96%
2025-06-05 17:27:09,649 | INFO | Val Loss=0.2651, Val Acc=94.60%
2025-06-05 17:27:20,286 | INFO | Epoch: 79 | Time: 10.64s
2025-06-05 17:27:20,287 | INFO | Train Loss=0.5013, Train Acc=99.99%
2025-06-05 17:27:20,287 | INFO | Val Loss=0.2546, Val Acc=94.98%
2025-06-05 17:27:20,288 | INFO | New best model saved (val loss = 0.2546)
2025-06-05 17:27:31,020 | INFO | Epoch: 80 | Time: 10.73s
2025-06-05 17:27:31,020 | INFO | Train Loss=0.5013, Train Acc=99.98%
2025-06-05 17:27:31,020 | INFO | Val Loss=0.2544, Val Acc=94.74%
2025-06-05 17:27:31,021 | INFO | New best model saved (val loss = 0.2544)
2025-06-05 17:27:41,773 | INFO | Epoch: 81 | Time: 10.75s
2025-06-05 17:27:41,773 | INFO | Train Loss=0.5011, Train Acc=99.99%
2025-06-05 17:27:41,773 | INFO | Val Loss=0.2594, Val Acc=94.78%
2025-06-05 17:27:52,481 | INFO | Epoch: 82 | Time: 10.71s
2025-06-05 17:27:52,481 | INFO | Train Loss=0.5012, Train Acc=99.98%
2025-06-05 17:27:52,481 | INFO | Val Loss=0.2559, Val Acc=94.98%
2025-06-05 17:28:03,214 | INFO | Epoch: 83 | Time: 10.73s
2025-06-05 17:28:03,214 | INFO | Train Loss=0.5010, Train Acc=99.99%
2025-06-05 17:28:03,214 | INFO | Val Loss=0.2535, Val Acc=95.14%
2025-06-05 17:28:03,215 | INFO | New best model saved (val loss = 0.2535)
2025-06-05 17:28:13,937 | INFO | Epoch: 84 | Time: 10.72s
2025-06-05 17:28:13,937 | INFO | Train Loss=0.5011, Train Acc=99.98%
2025-06-05 17:28:13,937 | INFO | Val Loss=0.2626, Val Acc=94.54%
2025-06-05 17:28:24,713 | INFO | Epoch: 85 | Time: 10.78s
2025-06-05 17:28:24,713 | INFO | Train Loss=0.5009, Train Acc=100.00%
2025-06-05 17:28:24,713 | INFO | Val Loss=0.2604, Val Acc=94.84%
2025-06-05 17:28:35,378 | INFO | Epoch: 86 | Time: 10.67s
2025-06-05 17:28:35,379 | INFO | Train Loss=0.5009, Train Acc=99.99%
2025-06-05 17:28:35,379 | INFO | Val Loss=0.2552, Val Acc=94.84%
2025-06-05 17:28:46,108 | INFO | Epoch: 87 | Time: 10.73s
2025-06-05 17:28:46,109 | INFO | Train Loss=0.5008, Train Acc=100.00%
2025-06-05 17:28:46,109 | INFO | Val Loss=0.2560, Val Acc=94.74%
2025-06-05 17:28:56,807 | INFO | Epoch: 88 | Time: 10.70s
2025-06-05 17:28:56,807 | INFO | Train Loss=0.5008, Train Acc=100.00%
2025-06-05 17:28:56,807 | INFO | Val Loss=0.2551, Val Acc=95.06%
2025-06-05 17:29:07,522 | INFO | Epoch: 89 | Time: 10.71s
2025-06-05 17:29:07,522 | INFO | Train Loss=0.5008, Train Acc=100.00%
2025-06-05 17:29:07,522 | INFO | Val Loss=0.2598, Val Acc=94.98%
2025-06-05 17:29:18,276 | INFO | Epoch: 90 | Time: 10.75s
2025-06-05 17:29:18,276 | INFO | Train Loss=0.5010, Train Acc=99.99%
2025-06-05 17:29:18,276 | INFO | Val Loss=0.2698, Val Acc=94.32%
2025-06-05 17:29:29,019 | INFO | Epoch: 91 | Time: 10.74s
2025-06-05 17:29:29,019 | INFO | Train Loss=0.5009, Train Acc=99.99%
2025-06-05 17:29:29,019 | INFO | Val Loss=0.2525, Val Acc=94.84%
2025-06-05 17:29:29,020 | INFO | New best model saved (val loss = 0.2525)
2025-06-05 17:29:39,827 | INFO | Epoch: 92 | Time: 10.81s
2025-06-05 17:29:39,827 | INFO | Train Loss=0.5008, Train Acc=100.00%
2025-06-05 17:29:39,827 | INFO | Val Loss=0.2546, Val Acc=94.82%
2025-06-05 17:29:50,541 | INFO | Epoch: 93 | Time: 10.71s
2025-06-05 17:29:50,541 | INFO | Train Loss=0.5008, Train Acc=100.00%
2025-06-05 17:29:50,541 | INFO | Val Loss=0.2569, Val Acc=94.86%
2025-06-05 17:30:01,204 | INFO | Epoch: 94 | Time: 10.66s
2025-06-05 17:30:01,204 | INFO | Train Loss=0.5009, Train Acc=100.00%
2025-06-05 17:30:01,204 | INFO | Val Loss=0.2551, Val Acc=94.90%
2025-06-05 17:30:11,951 | INFO | Epoch: 95 | Time: 10.75s
2025-06-05 17:30:11,952 | INFO | Train Loss=0.5008, Train Acc=99.99%
2025-06-05 17:30:11,952 | INFO | Val Loss=0.2556, Val Acc=94.92%
2025-06-05 17:30:22,633 | INFO | Epoch: 96 | Time: 10.68s
2025-06-05 17:30:22,633 | INFO | Train Loss=0.5009, Train Acc=99.99%
2025-06-05 17:30:22,634 | INFO | Val Loss=0.2600, Val Acc=94.88%
2025-06-05 17:30:33,352 | INFO | Epoch: 97 | Time: 10.72s
2025-06-05 17:30:33,352 | INFO | Train Loss=0.5008, Train Acc=100.00%
2025-06-05 17:30:33,352 | INFO | Val Loss=0.2543, Val Acc=94.86%
2025-06-05 17:30:44,028 | INFO | Epoch: 98 | Time: 10.68s
2025-06-05 17:30:44,028 | INFO | Train Loss=0.5008, Train Acc=100.00%
2025-06-05 17:30:44,028 | INFO | Val Loss=0.2612, Val Acc=94.74%
2025-06-05 17:30:54,705 | INFO | Epoch: 99 | Time: 10.68s
2025-06-05 17:30:54,705 | INFO | Train Loss=0.5008, Train Acc=100.00%
2025-06-05 17:30:54,705 | INFO | Val Loss=0.2543, Val Acc=94.98%
2025-06-05 17:31:05,407 | INFO | Epoch: 100 | Time: 10.70s
2025-06-05 17:31:05,407 | INFO | Train Loss=0.5008, Train Acc=100.00%
2025-06-05 17:31:05,407 | INFO | Val Loss=0.2538, Val Acc=95.02%
2025-06-05 17:31:05,478 | INFO | Best model with lowest val loss 0.25250744447112083 at 90 epoch is saved.
2025-06-05 17:31:06,438 | INFO | Test Accuracy: 95.54%
2025-06-05 17:31:06,513 | INFO | Last model with val loss 0.2538390539586544 at 99 epoch is saved.
2025-06-05 17:31:07,313 | INFO | Test Accuracy: 95.54%
2025-06-05 17:31:07,323 | INFO | 
Job Completed
2025-06-05 17:46:54,980 | INFO | No test config present. Using train config.
2025-06-05 17:46:56,984 | INFO | Full train/val size with downsampling (0): 50000
2025-06-05 17:46:56,986 | INFO | Batch size: 32
2025-06-05 17:46:56,986 | INFO | Running these attacks:
2025-06-05 17:46:56,986 | INFO | {'FGSM': [0.01, 0.05, 0.1, 0.2], 'PGD': [0.01, 0.05, 0.1, 0.2], 'gaussian noise': [0.01, 0.05, 0.1, 0.2]}
2025-06-05 17:46:56,986 | INFO | 
Testing model: /rds/general/user/psp20/home/Brain-Network/runs/resnet_5_2_acc_20250605-171310/resnet_5_2_acc_20250605-171310_e90_best_model.pt
2025-06-05 17:46:56,986 | INFO | Running attack: FGSM, 0.01
2025-06-05 17:47:02,282 | INFO | Test accuracy: 68.19
2025-06-05 17:47:02,282 | INFO | Running attack: FGSM, 0.05
2025-06-05 17:47:06,041 | INFO | Test accuracy: 64.88
2025-06-05 17:47:06,041 | INFO | Running attack: FGSM, 0.1
2025-06-05 17:47:09,552 | INFO | Test accuracy: 59.66
2025-06-05 17:47:09,552 | INFO | Running attack: FGSM, 0.2
2025-06-05 17:47:12,791 | INFO | Test accuracy: 50.2
2025-06-05 17:47:12,791 | INFO | Running attack: PGD, 0.01
2025-06-05 17:47:28,641 | INFO | Test accuracy: 49.49
2025-06-05 17:47:28,641 | INFO | Running attack: PGD, 0.05
2025-06-05 17:47:44,764 | INFO | Test accuracy: 24.83
2025-06-05 17:47:44,764 | INFO | Running attack: PGD, 0.1
2025-06-05 17:48:00,635 | INFO | Test accuracy: 21.33
2025-06-05 17:48:00,635 | INFO | Running attack: PGD, 0.2
2025-06-05 17:48:16,878 | INFO | Test accuracy: 16.75
2025-06-05 17:48:16,878 | INFO | Running attack: gaussian noise, 0.01
2025-06-05 17:48:19,184 | INFO | Test accuracy: 68.95
2025-06-05 17:48:19,184 | INFO | Running attack: gaussian noise, 0.05
2025-06-05 17:48:20,450 | INFO | Test accuracy: 67.83
2025-06-05 17:48:20,450 | INFO | Running attack: gaussian noise, 0.1
2025-06-05 17:48:21,708 | INFO | Test accuracy: 64.68
2025-06-05 17:48:21,708 | INFO | Running attack: gaussian noise, 0.2
2025-06-05 17:48:22,970 | INFO | Test accuracy: 54.83
