2025-06-05 20:00:05,045 | INFO | Job Started
2025-06-05 20:00:05,045 | INFO | Logging run: /rds/general/user/psp20/home/Brain-Network/runs/zoomvit_p65_acc_20250605-200005
2025-06-05 20:00:05,362 | INFO | Using device: cuda
2025-06-05 20:00:05,362 | INFO | Training for 100 epochs
2025-06-05 20:00:05,362 | INFO | Debug mode: False
2025-06-05 20:00:05,362 | INFO | Downsampling by: 0
2025-06-05 20:00:05,362 | INFO | Auxiliary loss: {'attention_entropy_loss': 0.1}
2025-06-05 20:00:05,363 | INFO | Train transforms: 
	Compose(
    RandomResizedCrop(size=(224, 224), scale=(0.8, 1), ratio=(0.75, 1.3333), interpolation=bilinear, antialias=True)
    RandomHorizontalFlip(p=0.5)
    ColorJitter(brightness=(0.8, 1.2), contrast=(0.8, 1.2), saturation=(0.8, 1.2), hue=None)
    ToTensor()
    Normalize(mean=(0.4765, 0.4517, 0.3911), std=(0.2264, 0.2214, 0.2193))
)
2025-06-05 20:00:05,363 | INFO | Test transforms: 
	Compose(
    Resize(size=[224, 224], interpolation=bilinear, max_size=None, antialias=True)
    ToTensor()
    Normalize(mean=(0.4765, 0.4517, 0.3911), std=(0.2264, 0.2214, 0.2193))
)
2025-06-05 20:00:06,284 | INFO | Using mixup function and SoftTargetCrossEntropy
2025-06-05 20:00:06,284 | INFO | Auxiliary loss: {'attention_entropy_loss': 0.1}
2025-06-05 20:02:28,641 | INFO | Epoch: 1 | Time: 142.25s
2025-06-05 20:02:28,641 | INFO | Train Loss=5.3400, Train Acc=0.90%
2025-06-05 20:02:28,641 | INFO | Val Loss=5.2665, Val Acc=1.50%
2025-06-05 20:02:28,642 | INFO | Train Gamma Loss=0.5147 | Val Gamma Loss=0.5237923264503479
2025-06-05 20:02:28,643 | INFO | New best model saved (val loss = 5.2665)
2025-06-05 20:04:29,557 | INFO | Epoch: 2 | Time: 120.84s
2025-06-05 20:04:29,557 | INFO | Train Loss=5.2533, Train Acc=1.62%
2025-06-05 20:04:29,557 | INFO | Val Loss=5.1435, Val Acc=2.83%
2025-06-05 20:04:29,558 | INFO | Train Gamma Loss=0.4963 | Val Gamma Loss=0.45845121145248413
2025-06-05 20:04:29,559 | INFO | New best model saved (val loss = 5.1435)
2025-06-05 20:06:38,037 | INFO | Epoch: 3 | Time: 128.45s
2025-06-05 20:06:38,037 | INFO | Train Loss=4.8136, Train Acc=1.62%
2025-06-05 20:06:38,037 | INFO | Val Loss=4.5882, Val Acc=3.00%
2025-06-05 20:06:38,037 | INFO | Train Gamma Loss=0.0645 | Val Gamma Loss=0.006147023756057024
2025-06-05 20:06:38,038 | INFO | New best model saved (val loss = 4.5882)
2025-06-05 20:08:46,396 | INFO | Epoch: 4 | Time: 128.31s
2025-06-05 20:08:46,396 | INFO | Train Loss=4.6639, Train Acc=2.50%
2025-06-05 20:08:46,396 | INFO | Val Loss=4.5057, Val Acc=3.25%
2025-06-05 20:08:46,396 | INFO | Train Gamma Loss=-0.0045 | Val Gamma Loss=0.00365922087803483
2025-06-05 20:08:46,397 | INFO | New best model saved (val loss = 4.5057)
2025-06-05 20:10:48,235 | INFO | Epoch: 5 | Time: 121.80s
2025-06-05 20:10:48,236 | INFO | Train Loss=4.5764, Train Acc=3.36%
2025-06-05 20:10:48,236 | INFO | Val Loss=4.3174, Val Acc=7.08%
2025-06-05 20:10:48,236 | INFO | Train Gamma Loss=-0.0077 | Val Gamma Loss=0.0020172398071736097
2025-06-05 20:10:48,237 | INFO | New best model saved (val loss = 4.3174)
2025-06-05 20:12:38,994 | INFO | Epoch: 6 | Time: 110.73s
2025-06-05 20:12:38,994 | INFO | Train Loss=4.4874, Train Acc=4.32%
2025-06-05 20:12:38,994 | INFO | Val Loss=4.3149, Val Acc=4.50%
2025-06-05 20:12:38,994 | INFO | Train Gamma Loss=-0.0083 | Val Gamma Loss=0.0012508471263572574
2025-06-05 20:12:38,995 | INFO | New best model saved (val loss = 4.3149)
2025-06-05 20:14:26,140 | INFO | Epoch: 7 | Time: 107.12s
2025-06-05 20:14:26,140 | INFO | Train Loss=4.4333, Train Acc=5.12%
2025-06-05 20:14:26,140 | INFO | Val Loss=4.1610, Val Acc=6.08%
2025-06-05 20:14:26,140 | INFO | Train Gamma Loss=-0.0086 | Val Gamma Loss=0.0016389692900702357
2025-06-05 20:14:26,141 | INFO | New best model saved (val loss = 4.1610)
2025-06-05 20:16:16,958 | INFO | Epoch: 8 | Time: 110.75s
2025-06-05 20:16:16,958 | INFO | Train Loss=4.3291, Train Acc=6.58%
2025-06-05 20:16:16,959 | INFO | Val Loss=4.0833, Val Acc=6.67%
2025-06-05 20:16:16,959 | INFO | Train Gamma Loss=-0.0094 | Val Gamma Loss=0.0010223279241472483
2025-06-05 20:16:16,960 | INFO | New best model saved (val loss = 4.0833)
2025-06-05 20:18:07,634 | INFO | Epoch: 9 | Time: 110.66s
2025-06-05 20:18:07,649 | INFO | Train Loss=4.2519, Train Acc=7.91%
2025-06-05 20:18:07,649 | INFO | Val Loss=4.0571, Val Acc=5.58%
2025-06-05 20:18:07,649 | INFO | Train Gamma Loss=-0.0096 | Val Gamma Loss=0.002634912496432662
2025-06-05 20:18:07,650 | INFO | New best model saved (val loss = 4.0571)
2025-06-05 20:20:00,319 | INFO | Epoch: 10 | Time: 112.55s
2025-06-05 20:20:00,319 | INFO | Train Loss=4.2076, Train Acc=8.58%
2025-06-05 20:20:00,319 | INFO | Val Loss=3.9655, Val Acc=8.42%
2025-06-05 20:20:00,319 | INFO | Train Gamma Loss=-0.0098 | Val Gamma Loss=0.0004908290575258434
2025-06-05 20:20:00,320 | INFO | New best model saved (val loss = 3.9655)
2025-06-05 20:21:48,216 | INFO | Epoch: 11 | Time: 107.84s
2025-06-05 20:21:48,216 | INFO | Train Loss=4.1063, Train Acc=9.84%
2025-06-05 20:21:48,216 | INFO | Val Loss=3.7782, Val Acc=11.50%
2025-06-05 20:21:48,217 | INFO | Train Gamma Loss=-0.0098 | Val Gamma Loss=0.00048716578749008477
2025-06-05 20:21:48,218 | INFO | New best model saved (val loss = 3.7782)
2025-06-05 20:23:33,866 | INFO | Epoch: 12 | Time: 105.61s
2025-06-05 20:23:33,866 | INFO | Train Loss=4.0751, Train Acc=10.92%
2025-06-05 20:23:33,866 | INFO | Val Loss=3.7269, Val Acc=11.42%
2025-06-05 20:23:33,867 | INFO | Train Gamma Loss=-0.0098 | Val Gamma Loss=0.0005186181515455246
2025-06-05 20:23:33,868 | INFO | New best model saved (val loss = 3.7269)
2025-06-05 20:25:27,134 | INFO | Epoch: 13 | Time: 113.22s
2025-06-05 20:25:27,135 | INFO | Train Loss=3.9432, Train Acc=13.28%
2025-06-05 20:25:27,135 | INFO | Val Loss=3.9533, Val Acc=8.92%
2025-06-05 20:25:27,135 | INFO | Train Gamma Loss=-0.0098 | Val Gamma Loss=0.000960347184445709
2025-06-05 20:27:24,891 | INFO | Epoch: 14 | Time: 117.74s
2025-06-05 20:27:24,891 | INFO | Train Loss=3.9205, Train Acc=14.24%
2025-06-05 20:27:24,891 | INFO | Val Loss=3.7016, Val Acc=15.08%
2025-06-05 20:27:24,891 | INFO | Train Gamma Loss=-0.0098 | Val Gamma Loss=0.00156458152923733
2025-06-05 20:27:24,892 | INFO | New best model saved (val loss = 3.7016)
2025-06-05 20:29:24,415 | INFO | Epoch: 15 | Time: 119.49s
2025-06-05 20:29:24,424 | INFO | Train Loss=3.8702, Train Acc=15.55%
2025-06-05 20:29:24,424 | INFO | Val Loss=3.4775, Val Acc=17.50%
2025-06-05 20:29:24,424 | INFO | Train Gamma Loss=-0.0094 | Val Gamma Loss=0.0010668605100363493
2025-06-05 20:29:24,425 | INFO | New best model saved (val loss = 3.4775)
2025-06-05 20:31:19,578 | INFO | Epoch: 16 | Time: 115.06s
2025-06-05 20:31:19,578 | INFO | Train Loss=3.8218, Train Acc=17.23%
2025-06-05 20:31:19,578 | INFO | Val Loss=3.9024, Val Acc=10.33%
2025-06-05 20:31:19,578 | INFO | Train Gamma Loss=-0.0091 | Val Gamma Loss=0.0013895187294110656
2025-06-05 20:33:08,854 | INFO | Epoch: 17 | Time: 109.26s
2025-06-05 20:33:08,882 | INFO | Train Loss=3.7148, Train Acc=18.94%
2025-06-05 20:33:08,882 | INFO | Val Loss=3.2695, Val Acc=19.75%
2025-06-05 20:33:08,882 | INFO | Train Gamma Loss=-0.0094 | Val Gamma Loss=0.0014076336519792676
2025-06-05 20:33:08,883 | INFO | New best model saved (val loss = 3.2695)
2025-06-05 20:35:01,431 | INFO | Epoch: 18 | Time: 112.51s
2025-06-05 20:35:01,431 | INFO | Train Loss=3.6967, Train Acc=20.14%
2025-06-05 20:35:01,431 | INFO | Val Loss=3.1397, Val Acc=21.58%
2025-06-05 20:35:01,431 | INFO | Train Gamma Loss=-0.0090 | Val Gamma Loss=0.0009543497581034899
2025-06-05 20:35:01,432 | INFO | New best model saved (val loss = 3.1397)
2025-06-05 20:36:51,074 | INFO | Epoch: 19 | Time: 109.61s
2025-06-05 20:36:51,074 | INFO | Train Loss=3.5973, Train Acc=22.05%
2025-06-05 20:36:51,074 | INFO | Val Loss=3.1597, Val Acc=21.67%
2025-06-05 20:36:51,075 | INFO | Train Gamma Loss=-0.0091 | Val Gamma Loss=0.0007517353515140712
2025-06-05 20:38:41,769 | INFO | Epoch: 20 | Time: 110.67s
2025-06-05 20:38:41,770 | INFO | Train Loss=3.6218, Train Acc=22.44%
2025-06-05 20:38:41,770 | INFO | Val Loss=3.0227, Val Acc=24.42%
2025-06-05 20:38:41,770 | INFO | Train Gamma Loss=-0.0091 | Val Gamma Loss=0.001612373162060976
2025-06-05 20:38:41,792 | INFO | New best model saved (val loss = 3.0227)
2025-06-05 20:40:29,834 | INFO | Epoch: 21 | Time: 107.99s
2025-06-05 20:40:29,834 | INFO | Train Loss=3.4289, Train Acc=25.42%
2025-06-05 20:40:29,834 | INFO | Val Loss=2.9045, Val Acc=26.67%
2025-06-05 20:40:29,834 | INFO | Train Gamma Loss=-0.0087 | Val Gamma Loss=0.0021193332504481077
2025-06-05 20:40:29,835 | INFO | New best model saved (val loss = 2.9045)
2025-06-05 20:42:25,806 | INFO | Epoch: 22 | Time: 115.95s
2025-06-05 20:42:25,824 | INFO | Train Loss=3.4118, Train Acc=27.28%
2025-06-05 20:42:25,824 | INFO | Val Loss=2.7653, Val Acc=28.33%
2025-06-05 20:42:25,824 | INFO | Train Gamma Loss=-0.0090 | Val Gamma Loss=0.0013825896894559264
2025-06-05 20:42:25,825 | INFO | New best model saved (val loss = 2.7653)
2025-06-05 20:44:22,679 | INFO | Epoch: 23 | Time: 116.83s
2025-06-05 20:44:22,679 | INFO | Train Loss=3.3962, Train Acc=28.27%
2025-06-05 20:44:22,679 | INFO | Val Loss=2.6199, Val Acc=32.67%
2025-06-05 20:44:22,679 | INFO | Train Gamma Loss=-0.0086 | Val Gamma Loss=0.0013561960076913238
2025-06-05 20:44:22,680 | INFO | New best model saved (val loss = 2.6199)
2025-06-05 20:46:15,523 | INFO | Epoch: 24 | Time: 112.81s
2025-06-05 20:46:15,524 | INFO | Train Loss=3.3794, Train Acc=29.51%
2025-06-05 20:46:15,524 | INFO | Val Loss=2.7714, Val Acc=29.67%
2025-06-05 20:46:15,524 | INFO | Train Gamma Loss=-0.0088 | Val Gamma Loss=0.0016610439633950591
2025-06-05 20:48:07,383 | INFO | Epoch: 25 | Time: 111.85s
2025-06-05 20:48:07,384 | INFO | Train Loss=3.2675, Train Acc=32.04%
2025-06-05 20:48:07,384 | INFO | Val Loss=2.6983, Val Acc=29.50%
2025-06-05 20:48:07,384 | INFO | Train Gamma Loss=-0.0088 | Val Gamma Loss=0.00112999533303082
2025-06-05 20:49:54,676 | INFO | Epoch: 26 | Time: 107.21s
2025-06-05 20:49:54,676 | INFO | Train Loss=3.2292, Train Acc=32.99%
2025-06-05 20:49:54,676 | INFO | Val Loss=2.6804, Val Acc=29.25%
2025-06-05 20:49:54,676 | INFO | Train Gamma Loss=-0.0093 | Val Gamma Loss=0.001610293285921216
2025-06-05 20:51:45,690 | INFO | Epoch: 27 | Time: 110.98s
2025-06-05 20:51:45,690 | INFO | Train Loss=3.0760, Train Acc=35.05%
2025-06-05 20:51:45,690 | INFO | Val Loss=2.5924, Val Acc=31.50%
2025-06-05 20:51:45,690 | INFO | Train Gamma Loss=-0.0089 | Val Gamma Loss=0.0017581499414518476
2025-06-05 20:51:45,691 | INFO | New best model saved (val loss = 2.5924)
2025-06-05 20:53:33,826 | INFO | Epoch: 28 | Time: 108.00s
2025-06-05 20:53:33,826 | INFO | Train Loss=3.1033, Train Acc=36.40%
2025-06-05 20:53:33,826 | INFO | Val Loss=2.4231, Val Acc=36.50%
2025-06-05 20:53:33,827 | INFO | Train Gamma Loss=-0.0089 | Val Gamma Loss=0.0018797063967213035
2025-06-05 20:53:33,828 | INFO | New best model saved (val loss = 2.4231)
2025-06-05 20:55:23,842 | INFO | Epoch: 29 | Time: 109.80s
2025-06-05 20:55:23,842 | INFO | Train Loss=3.0753, Train Acc=38.24%
2025-06-05 20:55:23,842 | INFO | Val Loss=2.5562, Val Acc=33.58%
2025-06-05 20:55:23,842 | INFO | Train Gamma Loss=-0.0089 | Val Gamma Loss=0.0016978589119389653
2025-06-05 20:57:12,043 | INFO | Epoch: 30 | Time: 108.19s
2025-06-05 20:57:12,044 | INFO | Train Loss=3.1004, Train Acc=38.74%
2025-06-05 20:57:12,044 | INFO | Val Loss=2.2209, Val Acc=40.83%
2025-06-05 20:57:12,044 | INFO | Train Gamma Loss=-0.0089 | Val Gamma Loss=0.0014742575585842133
2025-06-05 20:57:12,045 | INFO | New best model saved (val loss = 2.2209)
2025-06-05 20:59:05,591 | INFO | Epoch: 31 | Time: 113.50s
2025-06-05 20:59:05,615 | INFO | Train Loss=2.9555, Train Acc=41.94%
2025-06-05 20:59:05,616 | INFO | Val Loss=2.3011, Val Acc=41.08%
2025-06-05 20:59:05,616 | INFO | Train Gamma Loss=-0.0091 | Val Gamma Loss=0.0012831148924306035
2025-06-05 21:00:57,302 | INFO | Epoch: 32 | Time: 111.54s
2025-06-05 21:00:57,302 | INFO | Train Loss=2.8823, Train Acc=43.28%
2025-06-05 21:00:57,302 | INFO | Val Loss=2.3060, Val Acc=39.92%
2025-06-05 21:00:57,303 | INFO | Train Gamma Loss=-0.0090 | Val Gamma Loss=0.001593597000464797
2025-06-05 21:02:45,552 | INFO | Epoch: 33 | Time: 108.19s
2025-06-05 21:02:45,552 | INFO | Train Loss=2.8769, Train Acc=43.42%
2025-06-05 21:02:45,572 | INFO | Val Loss=2.3315, Val Acc=37.50%
2025-06-05 21:02:45,572 | INFO | Train Gamma Loss=-0.0089 | Val Gamma Loss=0.0016651946352794766
2025-06-05 21:04:33,073 | INFO | Epoch: 34 | Time: 107.41s
2025-06-05 21:04:33,091 | INFO | Train Loss=2.8792, Train Acc=43.94%
2025-06-05 21:04:33,091 | INFO | Val Loss=2.3780, Val Acc=37.33%
2025-06-05 21:04:33,091 | INFO | Train Gamma Loss=-0.0092 | Val Gamma Loss=0.0009509899537079036
2025-06-05 21:06:23,866 | INFO | Epoch: 35 | Time: 110.64s
2025-06-05 21:06:23,882 | INFO | Train Loss=2.7205, Train Acc=48.41%
2025-06-05 21:06:23,882 | INFO | Val Loss=2.3531, Val Acc=38.25%
2025-06-05 21:06:23,882 | INFO | Train Gamma Loss=-0.0090 | Val Gamma Loss=0.0014097922248765826
2025-06-05 21:08:14,354 | INFO | Epoch: 36 | Time: 110.41s
2025-06-05 21:08:14,354 | INFO | Train Loss=2.6290, Train Acc=50.46%
2025-06-05 21:08:14,354 | INFO | Val Loss=2.0465, Val Acc=47.58%
2025-06-05 21:08:14,354 | INFO | Train Gamma Loss=-0.0091 | Val Gamma Loss=0.0012997548328712583
2025-06-05 21:08:14,355 | INFO | New best model saved (val loss = 2.0465)
2025-06-05 21:09:58,385 | INFO | Epoch: 37 | Time: 104.00s
2025-06-05 21:09:58,399 | INFO | Train Loss=2.6901, Train Acc=50.06%
2025-06-05 21:09:58,399 | INFO | Val Loss=2.0169, Val Acc=45.75%
2025-06-05 21:09:58,399 | INFO | Train Gamma Loss=-0.0091 | Val Gamma Loss=0.001367344637401402
2025-06-05 21:09:58,400 | INFO | New best model saved (val loss = 2.0169)
2025-06-05 21:11:27,636 | INFO | Epoch: 38 | Time: 89.21s
2025-06-05 21:11:27,636 | INFO | Train Loss=2.5985, Train Acc=52.22%
2025-06-05 21:11:27,636 | INFO | Val Loss=1.9666, Val Acc=46.42%
2025-06-05 21:11:27,637 | INFO | Train Gamma Loss=-0.0091 | Val Gamma Loss=0.0014205131446942687
2025-06-05 21:11:27,638 | INFO | New best model saved (val loss = 1.9666)
2025-06-05 21:12:56,659 | INFO | Epoch: 39 | Time: 88.98s
2025-06-05 21:12:56,659 | INFO | Train Loss=2.4403, Train Acc=56.16%
2025-06-05 21:12:56,659 | INFO | Val Loss=2.0692, Val Acc=44.42%
2025-06-05 21:12:56,659 | INFO | Train Gamma Loss=-0.0090 | Val Gamma Loss=0.00147730961907655
2025-06-05 21:14:32,198 | INFO | Epoch: 40 | Time: 95.53s
2025-06-05 21:14:32,199 | INFO | Train Loss=2.5902, Train Acc=53.49%
2025-06-05 21:14:32,199 | INFO | Val Loss=1.9679, Val Acc=48.25%
2025-06-05 21:14:32,199 | INFO | Train Gamma Loss=-0.0091 | Val Gamma Loss=0.0013656588271260262
2025-06-05 21:16:04,822 | INFO | Epoch: 41 | Time: 92.61s
2025-06-05 21:16:04,823 | INFO | Train Loss=2.4623, Train Acc=58.26%
2025-06-05 21:16:04,823 | INFO | Val Loss=1.7860, Val Acc=52.50%
2025-06-05 21:16:04,823 | INFO | Train Gamma Loss=-0.0090 | Val Gamma Loss=0.0014226825442165136
2025-06-05 21:16:04,824 | INFO | New best model saved (val loss = 1.7860)
2025-06-05 21:17:46,750 | INFO | Epoch: 42 | Time: 101.90s
2025-06-05 21:17:46,750 | INFO | Train Loss=2.5048, Train Acc=56.00%
2025-06-05 21:17:46,750 | INFO | Val Loss=1.9014, Val Acc=51.50%
2025-06-05 21:17:46,750 | INFO | Train Gamma Loss=-0.0091 | Val Gamma Loss=0.001336255925707519
2025-06-05 21:19:25,289 | INFO | Epoch: 43 | Time: 98.51s
2025-06-05 21:19:25,289 | INFO | Train Loss=2.3948, Train Acc=60.41%
2025-06-05 21:19:25,289 | INFO | Val Loss=1.7973, Val Acc=51.17%
2025-06-05 21:19:25,289 | INFO | Train Gamma Loss=-0.0091 | Val Gamma Loss=0.0013669764157384634
2025-06-05 21:21:05,908 | INFO | Epoch: 44 | Time: 100.61s
2025-06-05 21:21:05,908 | INFO | Train Loss=2.4675, Train Acc=58.41%
2025-06-05 21:21:05,908 | INFO | Val Loss=1.9375, Val Acc=50.00%
2025-06-05 21:21:05,908 | INFO | Train Gamma Loss=-0.0091 | Val Gamma Loss=0.0012054642429575324
2025-06-05 21:22:41,222 | INFO | Epoch: 45 | Time: 95.30s
2025-06-05 21:22:41,240 | INFO | Train Loss=2.3418, Train Acc=63.49%
2025-06-05 21:22:41,240 | INFO | Val Loss=1.8162, Val Acc=53.08%
2025-06-05 21:22:41,241 | INFO | Train Gamma Loss=-0.0092 | Val Gamma Loss=0.0014620323199778795
2025-06-05 21:24:17,971 | INFO | Epoch: 46 | Time: 96.70s
2025-06-05 21:24:17,971 | INFO | Train Loss=2.2547, Train Acc=63.88%
2025-06-05 21:24:17,971 | INFO | Val Loss=1.8039, Val Acc=51.92%
2025-06-05 21:24:17,986 | INFO | Train Gamma Loss=-0.0092 | Val Gamma Loss=0.0011279579484835267
2025-06-05 21:25:58,669 | INFO | Epoch: 47 | Time: 100.64s
2025-06-05 21:25:58,682 | INFO | Train Loss=2.3104, Train Acc=63.99%
2025-06-05 21:25:58,682 | INFO | Val Loss=1.8044, Val Acc=51.17%
2025-06-05 21:25:58,682 | INFO | Train Gamma Loss=-0.0093 | Val Gamma Loss=0.0012369456235319376
2025-06-05 21:27:38,034 | INFO | Epoch: 48 | Time: 99.29s
2025-06-05 21:27:38,034 | INFO | Train Loss=2.2809, Train Acc=65.69%
2025-06-05 21:27:38,034 | INFO | Val Loss=1.7403, Val Acc=54.67%
2025-06-05 21:27:38,034 | INFO | Train Gamma Loss=-0.0094 | Val Gamma Loss=0.0008869399898685515
2025-06-05 21:27:38,036 | INFO | New best model saved (val loss = 1.7403)
2025-06-05 21:29:07,530 | INFO | Epoch: 49 | Time: 89.47s
2025-06-05 21:29:07,530 | INFO | Train Loss=2.2202, Train Acc=67.34%
2025-06-05 21:29:07,530 | INFO | Val Loss=1.6786, Val Acc=55.50%
2025-06-05 21:29:07,530 | INFO | Train Gamma Loss=-0.0094 | Val Gamma Loss=0.0009144828072749078
2025-06-05 21:29:07,531 | INFO | New best model saved (val loss = 1.6786)
2025-06-05 21:30:42,741 | INFO | Epoch: 50 | Time: 95.17s
2025-06-05 21:30:42,741 | INFO | Train Loss=2.2241, Train Acc=67.53%
2025-06-05 21:30:42,741 | INFO | Val Loss=1.7399, Val Acc=54.92%
2025-06-05 21:30:42,741 | INFO | Train Gamma Loss=-0.0094 | Val Gamma Loss=0.0009106028010137379
2025-06-05 21:32:16,833 | INFO | Epoch: 51 | Time: 94.08s
2025-06-05 21:32:16,833 | INFO | Train Loss=2.1597, Train Acc=68.97%
2025-06-05 21:32:16,833 | INFO | Val Loss=1.8413, Val Acc=51.92%
2025-06-05 21:32:16,833 | INFO | Train Gamma Loss=-0.0093 | Val Gamma Loss=0.001326373778283596
2025-06-05 21:33:49,559 | INFO | Epoch: 52 | Time: 92.63s
2025-06-05 21:33:49,559 | INFO | Train Loss=2.2079, Train Acc=69.60%
2025-06-05 21:33:49,559 | INFO | Val Loss=1.7656, Val Acc=55.17%
2025-06-05 21:33:49,559 | INFO | Train Gamma Loss=-0.0091 | Val Gamma Loss=0.0011192483361810446
2025-06-05 21:35:27,822 | INFO | Epoch: 53 | Time: 98.22s
2025-06-05 21:35:27,822 | INFO | Train Loss=2.2108, Train Acc=69.79%
2025-06-05 21:35:27,822 | INFO | Val Loss=1.7181, Val Acc=56.00%
2025-06-05 21:35:27,822 | INFO | Train Gamma Loss=-0.0093 | Val Gamma Loss=0.001111396006308496
2025-06-05 21:37:02,340 | INFO | Epoch: 54 | Time: 94.49s
2025-06-05 21:37:02,340 | INFO | Train Loss=2.1994, Train Acc=71.13%
2025-06-05 21:37:02,340 | INFO | Val Loss=1.6968, Val Acc=57.08%
2025-06-05 21:37:02,340 | INFO | Train Gamma Loss=-0.0091 | Val Gamma Loss=0.0013837995938956738
2025-06-05 21:38:35,911 | INFO | Epoch: 55 | Time: 93.55s
2025-06-05 21:38:35,911 | INFO | Train Loss=2.0519, Train Acc=73.10%
2025-06-05 21:38:35,911 | INFO | Val Loss=1.6781, Val Acc=55.58%
2025-06-05 21:38:35,911 | INFO | Train Gamma Loss=-0.0090 | Val Gamma Loss=0.001273339963518083
2025-06-05 21:38:35,912 | INFO | New best model saved (val loss = 1.6781)
2025-06-05 21:40:07,751 | INFO | Epoch: 56 | Time: 91.80s
2025-06-05 21:40:07,751 | INFO | Train Loss=2.0017, Train Acc=75.97%
2025-06-05 21:40:07,751 | INFO | Val Loss=1.6543, Val Acc=57.42%
2025-06-05 21:40:07,751 | INFO | Train Gamma Loss=-0.0092 | Val Gamma Loss=0.0010823324555531144
2025-06-05 21:40:07,752 | INFO | New best model saved (val loss = 1.6543)
2025-06-05 21:41:45,683 | INFO | Epoch: 57 | Time: 97.88s
2025-06-05 21:41:45,699 | INFO | Train Loss=2.0488, Train Acc=75.62%
2025-06-05 21:41:45,699 | INFO | Val Loss=1.6769, Val Acc=57.50%
2025-06-05 21:41:45,699 | INFO | Train Gamma Loss=-0.0091 | Val Gamma Loss=0.001297841197811067
2025-06-05 21:43:23,181 | INFO | Epoch: 58 | Time: 97.44s
2025-06-05 21:43:23,181 | INFO | Train Loss=2.0451, Train Acc=74.86%
2025-06-05 21:43:23,181 | INFO | Val Loss=1.6308, Val Acc=58.92%
2025-06-05 21:43:23,181 | INFO | Train Gamma Loss=-0.0090 | Val Gamma Loss=0.0013032214483246207
2025-06-05 21:43:23,182 | INFO | New best model saved (val loss = 1.6308)
2025-06-05 21:45:03,763 | INFO | Epoch: 59 | Time: 100.55s
2025-06-05 21:45:03,763 | INFO | Train Loss=1.9903, Train Acc=76.45%
2025-06-05 21:45:03,774 | INFO | Val Loss=1.5931, Val Acc=59.25%
2025-06-05 21:45:03,774 | INFO | Train Gamma Loss=-0.0089 | Val Gamma Loss=0.001471067196689546
2025-06-05 21:45:03,775 | INFO | New best model saved (val loss = 1.5931)
2025-06-05 21:46:43,047 | INFO | Epoch: 60 | Time: 99.24s
2025-06-05 21:46:43,057 | INFO | Train Loss=2.1570, Train Acc=75.26%
2025-06-05 21:46:43,057 | INFO | Val Loss=1.7470, Val Acc=56.33%
2025-06-05 21:46:43,057 | INFO | Train Gamma Loss=-0.0088 | Val Gamma Loss=0.001346897566691041
2025-06-05 21:48:27,124 | INFO | Epoch: 61 | Time: 104.04s
2025-06-05 21:48:27,125 | INFO | Train Loss=2.0933, Train Acc=75.03%
2025-06-05 21:48:27,125 | INFO | Val Loss=1.6897, Val Acc=58.75%
2025-06-05 21:48:27,125 | INFO | Train Gamma Loss=-0.0090 | Val Gamma Loss=0.0014333825092762709
2025-06-05 21:50:07,822 | INFO | Epoch: 62 | Time: 100.68s
2025-06-05 21:50:07,840 | INFO | Train Loss=2.0219, Train Acc=76.28%
2025-06-05 21:50:07,840 | INFO | Val Loss=1.6276, Val Acc=59.50%
2025-06-05 21:50:07,840 | INFO | Train Gamma Loss=-0.0089 | Val Gamma Loss=0.0014791380381211638
2025-06-05 21:51:48,049 | INFO | Epoch: 63 | Time: 100.18s
2025-06-05 21:51:48,065 | INFO | Train Loss=2.0137, Train Acc=76.04%
2025-06-05 21:51:48,065 | INFO | Val Loss=1.6115, Val Acc=58.25%
2025-06-05 21:51:48,065 | INFO | Train Gamma Loss=-0.0087 | Val Gamma Loss=0.0016684955917298794
2025-06-05 21:53:34,332 | INFO | Epoch: 64 | Time: 106.24s
2025-06-05 21:53:34,349 | INFO | Train Loss=2.0547, Train Acc=77.59%
2025-06-05 21:53:34,349 | INFO | Val Loss=1.5971, Val Acc=59.33%
2025-06-05 21:53:34,349 | INFO | Train Gamma Loss=-0.0087 | Val Gamma Loss=0.001499946927651763
2025-06-05 21:55:15,759 | INFO | Epoch: 65 | Time: 101.39s
2025-06-05 21:55:15,759 | INFO | Train Loss=2.0363, Train Acc=77.15%
2025-06-05 21:55:15,759 | INFO | Val Loss=1.5942, Val Acc=59.75%
2025-06-05 21:55:15,760 | INFO | Train Gamma Loss=-0.0089 | Val Gamma Loss=0.0013720683054998517
2025-06-05 21:57:03,204 | INFO | Epoch: 66 | Time: 107.41s
2025-06-05 21:57:03,205 | INFO | Train Loss=1.9719, Train Acc=79.89%
2025-06-05 21:57:03,205 | INFO | Val Loss=1.5405, Val Acc=61.67%
2025-06-05 21:57:03,205 | INFO | Train Gamma Loss=-0.0091 | Val Gamma Loss=0.0012462115846574306
2025-06-05 21:57:03,206 | INFO | New best model saved (val loss = 1.5405)
2025-06-05 21:58:53,670 | INFO | Epoch: 67 | Time: 110.44s
2025-06-05 21:58:53,670 | INFO | Train Loss=1.8567, Train Acc=80.94%
2025-06-05 21:58:53,670 | INFO | Val Loss=1.6290, Val Acc=59.25%
2025-06-05 21:58:53,671 | INFO | Train Gamma Loss=-0.0092 | Val Gamma Loss=0.001259795157238841
2025-06-05 22:00:39,102 | INFO | Epoch: 68 | Time: 105.42s
2025-06-05 22:00:39,102 | INFO | Train Loss=1.8250, Train Acc=80.67%
2025-06-05 22:00:39,102 | INFO | Val Loss=1.5874, Val Acc=60.25%
2025-06-05 22:00:39,102 | INFO | Train Gamma Loss=-0.0091 | Val Gamma Loss=0.0012556101428344846
2025-06-05 22:02:35,001 | INFO | Epoch: 69 | Time: 115.88s
2025-06-05 22:02:35,001 | INFO | Train Loss=2.0489, Train Acc=76.07%
2025-06-05 22:02:35,001 | INFO | Val Loss=1.6087, Val Acc=60.58%
2025-06-05 22:02:35,001 | INFO | Train Gamma Loss=-0.0090 | Val Gamma Loss=0.001306239515542984
2025-06-05 22:04:27,500 | INFO | Epoch: 70 | Time: 112.48s
2025-06-05 22:04:27,515 | INFO | Train Loss=1.9861, Train Acc=80.19%
2025-06-05 22:04:27,515 | INFO | Val Loss=1.6010, Val Acc=60.08%
2025-06-05 22:04:27,515 | INFO | Train Gamma Loss=-0.0090 | Val Gamma Loss=0.0013904955703765154
2025-06-05 22:06:25,848 | INFO | Epoch: 71 | Time: 118.31s
2025-06-05 22:06:25,848 | INFO | Train Loss=1.7889, Train Acc=84.92%
2025-06-05 22:06:25,848 | INFO | Val Loss=1.5969, Val Acc=59.92%
2025-06-05 22:06:25,848 | INFO | Train Gamma Loss=-0.0089 | Val Gamma Loss=0.0014818813651800156
2025-06-05 22:08:20,820 | INFO | Epoch: 72 | Time: 114.95s
2025-06-05 22:08:20,820 | INFO | Train Loss=1.8478, Train Acc=82.79%
2025-06-05 22:08:20,820 | INFO | Val Loss=1.5557, Val Acc=62.08%
2025-06-05 22:08:20,820 | INFO | Train Gamma Loss=-0.0089 | Val Gamma Loss=0.0013964527752250433
2025-06-05 22:10:24,132 | INFO | Epoch: 73 | Time: 123.29s
2025-06-05 22:10:24,148 | INFO | Train Loss=1.8372, Train Acc=82.76%
2025-06-05 22:10:24,148 | INFO | Val Loss=1.5511, Val Acc=61.17%
2025-06-05 22:10:24,149 | INFO | Train Gamma Loss=-0.0090 | Val Gamma Loss=0.0014691166579723358
2025-06-05 22:12:25,912 | INFO | Epoch: 74 | Time: 121.74s
2025-06-05 22:12:25,925 | INFO | Train Loss=1.8301, Train Acc=84.48%
2025-06-05 22:12:25,925 | INFO | Val Loss=1.5716, Val Acc=62.67%
2025-06-05 22:12:25,925 | INFO | Train Gamma Loss=-0.0090 | Val Gamma Loss=0.0013535807374864817
2025-06-05 22:14:23,798 | INFO | Epoch: 75 | Time: 117.85s
2025-06-05 22:14:23,798 | INFO | Train Loss=1.7740, Train Acc=84.93%
2025-06-05 22:14:23,798 | INFO | Val Loss=1.5605, Val Acc=62.33%
2025-06-05 22:14:23,798 | INFO | Train Gamma Loss=-0.0090 | Val Gamma Loss=0.0013969793217256665
2025-06-05 22:16:31,096 | INFO | Epoch: 76 | Time: 127.27s
2025-06-05 22:16:31,096 | INFO | Train Loss=1.8150, Train Acc=83.95%
2025-06-05 22:16:31,096 | INFO | Val Loss=1.5734, Val Acc=62.08%
2025-06-05 22:16:31,096 | INFO | Train Gamma Loss=-0.0090 | Val Gamma Loss=0.0014169312780722976
2025-06-05 22:18:28,592 | INFO | Epoch: 77 | Time: 117.42s
2025-06-05 22:18:28,593 | INFO | Train Loss=1.7481, Train Acc=84.72%
2025-06-05 22:18:28,593 | INFO | Val Loss=1.5514, Val Acc=61.42%
2025-06-05 22:18:28,593 | INFO | Train Gamma Loss=-0.0090 | Val Gamma Loss=0.0014434299664571881
2025-06-05 22:20:53,913 | INFO | Epoch: 78 | Time: 145.29s
2025-06-05 22:20:53,913 | INFO | Train Loss=1.7172, Train Acc=85.57%
2025-06-05 22:20:53,913 | INFO | Val Loss=1.5417, Val Acc=62.58%
2025-06-05 22:20:53,914 | INFO | Train Gamma Loss=-0.0090 | Val Gamma Loss=0.001388901611790061
2025-06-05 22:23:28,012 | INFO | Epoch: 79 | Time: 154.07s
2025-06-05 22:23:28,012 | INFO | Train Loss=1.8551, Train Acc=83.03%
2025-06-05 22:23:28,012 | INFO | Val Loss=1.5534, Val Acc=62.25%
2025-06-05 22:23:28,012 | INFO | Train Gamma Loss=-0.0090 | Val Gamma Loss=0.0013803958427160978
2025-06-05 22:25:59,141 | INFO | Epoch: 80 | Time: 151.05s
2025-06-05 22:25:59,141 | INFO | Train Loss=1.9221, Train Acc=80.25%
2025-06-05 22:25:59,141 | INFO | Val Loss=1.5516, Val Acc=63.42%
2025-06-05 22:25:59,142 | INFO | Train Gamma Loss=-0.0090 | Val Gamma Loss=0.0014106789603829384
2025-06-05 22:28:28,100 | INFO | Epoch: 81 | Time: 148.94s
2025-06-05 22:28:28,100 | INFO | Train Loss=1.8300, Train Acc=83.19%
2025-06-05 22:28:28,100 | INFO | Val Loss=1.5474, Val Acc=62.75%
2025-06-05 22:28:28,100 | INFO | Train Gamma Loss=-0.0090 | Val Gamma Loss=0.0014264073688536882
2025-06-05 22:30:57,957 | INFO | Epoch: 82 | Time: 149.81s
2025-06-05 22:30:57,957 | INFO | Train Loss=1.7271, Train Acc=85.70%
2025-06-05 22:30:57,957 | INFO | Val Loss=1.5534, Val Acc=63.67%
2025-06-05 22:30:57,957 | INFO | Train Gamma Loss=-0.0089 | Val Gamma Loss=0.0014247559010982513
2025-06-05 22:32:46,954 | INFO | Epoch: 83 | Time: 108.98s
2025-06-05 22:32:46,954 | INFO | Train Loss=1.7783, Train Acc=84.67%
2025-06-05 22:32:46,954 | INFO | Val Loss=1.5353, Val Acc=63.25%
2025-06-05 22:32:46,955 | INFO | Train Gamma Loss=-0.0089 | Val Gamma Loss=0.001518939039669931
2025-06-05 22:32:46,956 | INFO | New best model saved (val loss = 1.5353)
2025-06-05 22:34:31,597 | INFO | Epoch: 84 | Time: 104.61s
2025-06-05 22:34:31,597 | INFO | Train Loss=1.7437, Train Acc=85.66%
2025-06-05 22:34:31,597 | INFO | Val Loss=1.5552, Val Acc=62.75%
2025-06-05 22:34:31,597 | INFO | Train Gamma Loss=-0.0089 | Val Gamma Loss=0.0015001873252913356
2025-06-05 22:36:06,007 | INFO | Epoch: 85 | Time: 94.39s
2025-06-05 22:36:06,007 | INFO | Train Loss=1.7952, Train Acc=84.83%
2025-06-05 22:36:06,007 | INFO | Val Loss=1.5329, Val Acc=62.92%
2025-06-05 22:36:06,007 | INFO | Train Gamma Loss=-0.0089 | Val Gamma Loss=0.001462646760046482
2025-06-05 22:36:06,008 | INFO | New best model saved (val loss = 1.5329)
2025-06-05 22:37:45,459 | INFO | Epoch: 86 | Time: 99.43s
2025-06-05 22:37:45,460 | INFO | Train Loss=1.7652, Train Acc=84.94%
2025-06-05 22:37:45,460 | INFO | Val Loss=1.5342, Val Acc=63.92%
2025-06-05 22:37:45,498 | INFO | Train Gamma Loss=-0.0089 | Val Gamma Loss=0.0014748747926205397
2025-06-05 22:39:35,676 | INFO | Epoch: 87 | Time: 110.09s
2025-06-05 22:39:35,690 | INFO | Train Loss=1.9082, Train Acc=81.54%
2025-06-05 22:39:35,690 | INFO | Val Loss=1.5351, Val Acc=63.50%
2025-06-05 22:39:35,690 | INFO | Train Gamma Loss=-0.0089 | Val Gamma Loss=0.0015150062972679734
2025-06-05 22:41:30,396 | INFO | Epoch: 88 | Time: 114.67s
2025-06-05 22:41:30,396 | INFO | Train Loss=1.7893, Train Acc=83.63%
2025-06-05 22:41:30,396 | INFO | Val Loss=1.5175, Val Acc=64.00%
2025-06-05 22:41:30,396 | INFO | Train Gamma Loss=-0.0089 | Val Gamma Loss=0.0014827392296865582
2025-06-05 22:41:30,397 | INFO | New best model saved (val loss = 1.5175)
2025-06-05 22:43:34,672 | INFO | Epoch: 89 | Time: 124.24s
2025-06-05 22:43:34,673 | INFO | Train Loss=1.7349, Train Acc=85.36%
2025-06-05 22:43:34,673 | INFO | Val Loss=1.5272, Val Acc=63.75%
2025-06-05 22:43:34,673 | INFO | Train Gamma Loss=-0.0089 | Val Gamma Loss=0.001494441065005958
2025-06-05 22:45:57,507 | INFO | Epoch: 90 | Time: 142.78s
2025-06-05 22:45:57,508 | INFO | Train Loss=1.7688, Train Acc=86.11%
2025-06-05 22:45:57,508 | INFO | Val Loss=1.5223, Val Acc=63.42%
2025-06-05 22:45:57,508 | INFO | Train Gamma Loss=-0.0089 | Val Gamma Loss=0.00149461068212986
2025-06-05 22:48:16,024 | INFO | Epoch: 91 | Time: 138.35s
2025-06-05 22:48:16,024 | INFO | Train Loss=1.7220, Train Acc=84.68%
2025-06-05 22:48:16,025 | INFO | Val Loss=1.5185, Val Acc=64.08%
2025-06-05 22:48:16,025 | INFO | Train Gamma Loss=-0.0089 | Val Gamma Loss=0.0014241442549973726
2025-06-05 22:50:38,795 | INFO | Epoch: 92 | Time: 142.76s
2025-06-05 22:50:38,796 | INFO | Train Loss=1.6438, Train Acc=88.75%
2025-06-05 22:50:38,796 | INFO | Val Loss=1.5173, Val Acc=64.42%
2025-06-05 22:50:38,796 | INFO | Train Gamma Loss=-0.0090 | Val Gamma Loss=0.0014977303799241781
2025-06-05 22:50:38,797 | INFO | New best model saved (val loss = 1.5173)
2025-06-05 22:52:37,559 | INFO | Epoch: 93 | Time: 118.67s
2025-06-05 22:52:37,573 | INFO | Train Loss=1.6315, Train Acc=85.13%
2025-06-05 22:52:37,573 | INFO | Val Loss=1.5172, Val Acc=63.83%
2025-06-05 22:52:37,573 | INFO | Train Gamma Loss=-0.0089 | Val Gamma Loss=0.001472201314754784
2025-06-05 22:52:37,574 | INFO | New best model saved (val loss = 1.5172)
2025-06-05 22:54:33,734 | INFO | Epoch: 94 | Time: 116.12s
2025-06-05 22:54:33,735 | INFO | Train Loss=1.7554, Train Acc=84.08%
2025-06-05 22:54:33,735 | INFO | Val Loss=1.5239, Val Acc=63.92%
2025-06-05 22:54:33,735 | INFO | Train Gamma Loss=-0.0090 | Val Gamma Loss=0.0015156823210418224
2025-06-05 22:56:28,480 | INFO | Epoch: 95 | Time: 114.72s
2025-06-05 22:56:28,480 | INFO | Train Loss=1.8037, Train Acc=82.29%
2025-06-05 22:56:28,480 | INFO | Val Loss=1.5128, Val Acc=64.50%
2025-06-05 22:56:28,480 | INFO | Train Gamma Loss=-0.0090 | Val Gamma Loss=0.001527990447357297
2025-06-05 22:56:28,481 | INFO | New best model saved (val loss = 1.5128)
2025-06-05 22:58:19,256 | INFO | Epoch: 96 | Time: 110.66s
2025-06-05 22:58:19,257 | INFO | Train Loss=1.8467, Train Acc=83.94%
2025-06-05 22:58:19,257 | INFO | Val Loss=1.5128, Val Acc=64.50%
2025-06-05 22:58:19,257 | INFO | Train Gamma Loss=-0.0089 | Val Gamma Loss=0.0015362617559731007
2025-06-05 23:00:13,353 | INFO | Epoch: 97 | Time: 114.08s
2025-06-05 23:00:13,354 | INFO | Train Loss=1.8554, Train Acc=82.27%
2025-06-05 23:00:13,354 | INFO | Val Loss=1.5145, Val Acc=64.50%
2025-06-05 23:00:13,354 | INFO | Train Gamma Loss=-0.0090 | Val Gamma Loss=0.0014164233580231667
2025-06-05 23:02:21,047 | INFO | Epoch: 98 | Time: 127.67s
2025-06-05 23:02:21,047 | INFO | Train Loss=1.7442, Train Acc=85.56%
2025-06-05 23:02:21,047 | INFO | Val Loss=1.5147, Val Acc=64.33%
2025-06-05 23:02:21,048 | INFO | Train Gamma Loss=-0.0090 | Val Gamma Loss=0.0014822435332462192
2025-06-05 23:04:29,747 | INFO | Epoch: 99 | Time: 128.68s
2025-06-05 23:04:29,747 | INFO | Train Loss=1.8089, Train Acc=84.69%
2025-06-05 23:04:29,748 | INFO | Val Loss=1.5217, Val Acc=64.17%
2025-06-05 23:04:29,748 | INFO | Train Gamma Loss=-0.0090 | Val Gamma Loss=0.0015200329944491386
2025-06-05 23:06:30,501 | INFO | Epoch: 100 | Time: 120.70s
2025-06-05 23:06:30,524 | INFO | Train Loss=1.8539, Train Acc=83.05%
2025-06-05 23:06:30,524 | INFO | Val Loss=1.5139, Val Acc=64.17%
2025-06-05 23:06:30,524 | INFO | Train Gamma Loss=-0.0090 | Val Gamma Loss=0.0014787204563617706
2025-06-05 23:06:30,829 | INFO | Best model with lowest val loss 1.5128070555235211 at 94 epoch is saved.
2025-06-05 23:07:50,048 | INFO | Test Accuracy: 62.58%
2025-06-05 23:07:50,193 | INFO | Last model with val loss 1.5138555890635441 at 99 epoch is saved.
2025-06-05 23:08:58,207 | INFO | Test Accuracy: 62.58%
2025-06-05 23:08:58,220 | INFO | 
Job Completed
