2025-04-26 18:11:46,469 | INFO | Job Started
2025-04-26 18:11:46,470 | INFO | Logging run: /rds/general/user/psp20/home/Brain-Network/runs/stanford_dogs/zoomvit_p15_20250426-181146
2025-04-26 18:11:46,637 | INFO | Using device: cuda
2025-04-26 18:11:46,637 | INFO | Training for 50 epochs
2025-04-26 18:11:46,637 | INFO | Debug mode: False
2025-04-26 18:11:46,637 | INFO | Downsampling by: 0.5
2025-04-26 18:11:46,638 | INFO | Train transforms: 
	Compose(
    RandomResizedCrop(size=(224, 224), scale=(0.7, 1), ratio=(0.75, 1.3333), interpolation=bilinear, antialias=True)
    RandomHorizontalFlip(p=0.5)
    ColorJitter(brightness=(0.8, 1.2), contrast=(0.8, 1.2), saturation=(0.8, 1.2), hue=None)
    ToTensor()
    Normalize(mean=(0.485, 0.456, 0.406), std=(0.229, 0.224, 0.225))
)
2025-04-26 18:11:46,638 | INFO | Test transforms: 
	Compose(
    Resize(size=256, interpolation=bilinear, max_size=None, antialias=True)
    CenterCrop(size=(224, 224))
    ToTensor()
    Normalize(mean=(0.485, 0.456, 0.406), std=(0.229, 0.224, 0.225))
)
2025-04-26 18:11:46,870 | INFO | Downsampling by: 0.5. Few shot: False
2025-04-26 18:11:46,871 | INFO | Using pretrained weights
2025-04-26 18:11:47,810 | INFO | Label smoothing: 0.1
2025-04-26 18:12:43,553 | INFO | Epoch 1: Train Loss=4.8035, Train Acc=1.27% | Val Loss=4.7127, Val Acc=2.42% | Time: 55.73s
2025-04-26 18:12:43,554 | INFO | New best model saved (val loss = 4.7127)
2025-04-26 18:13:36,336 | INFO | Epoch 2: Train Loss=4.6224, Train Acc=3.73% | Val Loss=4.5043, Val Acc=5.58% | Time: 52.75s
2025-04-26 18:13:36,338 | INFO | New best model saved (val loss = 4.5043)
2025-04-26 18:14:30,536 | INFO | Epoch 3: Train Loss=4.2564, Train Acc=7.07% | Val Loss=4.3631, Val Acc=6.67% | Time: 54.18s
2025-04-26 18:14:30,537 | INFO | New best model saved (val loss = 4.3631)
2025-04-26 18:15:18,614 | INFO | Epoch 4: Train Loss=3.7661, Train Acc=14.43% | Val Loss=3.7405, Val Acc=15.33% | Time: 48.06s
2025-04-26 18:15:18,615 | INFO | New best model saved (val loss = 3.7405)
2025-04-26 18:16:09,108 | INFO | Epoch 5: Train Loss=3.5428, Train Acc=18.22% | Val Loss=3.6654, Val Acc=16.17% | Time: 50.44s
2025-04-26 18:16:09,110 | INFO | New best model saved (val loss = 3.6654)
2025-04-26 18:17:01,420 | INFO | Epoch 6: Train Loss=3.4424, Train Acc=20.93% | Val Loss=4.0129, Val Acc=12.92% | Time: 52.29s
2025-04-26 18:17:53,530 | INFO | Epoch 7: Train Loss=3.4036, Train Acc=21.52% | Val Loss=3.8913, Val Acc=13.67% | Time: 52.10s
2025-04-26 18:18:45,603 | INFO | Epoch 8: Train Loss=3.2068, Train Acc=25.87% | Val Loss=3.6231, Val Acc=19.33% | Time: 52.06s
2025-04-26 18:18:45,604 | INFO | New best model saved (val loss = 3.6231)
2025-04-26 18:19:37,237 | INFO | Epoch 9: Train Loss=3.0362, Train Acc=29.97% | Val Loss=3.4025, Val Acc=22.58% | Time: 51.62s
2025-04-26 18:19:37,238 | INFO | New best model saved (val loss = 3.4025)
2025-04-26 18:20:31,449 | INFO | Epoch 10: Train Loss=2.9031, Train Acc=33.87% | Val Loss=3.3226, Val Acc=24.83% | Time: 54.20s
2025-04-26 18:20:31,450 | INFO | New best model saved (val loss = 3.3226)
2025-04-26 18:21:24,226 | INFO | Epoch 11: Train Loss=3.0037, Train Acc=32.28% | Val Loss=3.8441, Val Acc=16.67% | Time: 52.76s
2025-04-26 18:22:18,074 | INFO | Epoch 12: Train Loss=2.9671, Train Acc=32.20% | Val Loss=3.6336, Val Acc=21.50% | Time: 53.83s
2025-04-26 18:23:11,801 | INFO | Epoch 13: Train Loss=2.9996, Train Acc=32.47% | Val Loss=3.5080, Val Acc=23.67% | Time: 53.71s
2025-04-26 18:24:03,812 | INFO | Epoch 14: Train Loss=2.8316, Train Acc=36.17% | Val Loss=3.2528, Val Acc=26.00% | Time: 52.00s
2025-04-26 18:24:03,814 | INFO | New best model saved (val loss = 3.2528)
2025-04-26 18:25:01,864 | INFO | Epoch 15: Train Loss=2.6638, Train Acc=41.17% | Val Loss=3.1795, Val Acc=28.75% | Time: 57.99s
2025-04-26 18:25:01,865 | INFO | New best model saved (val loss = 3.1795)
2025-04-26 18:25:54,518 | INFO | Epoch 16: Train Loss=2.5147, Train Acc=45.12% | Val Loss=3.0504, Val Acc=35.17% | Time: 52.62s
2025-04-26 18:25:54,520 | INFO | New best model saved (val loss = 3.0504)
2025-04-26 18:26:50,741 | INFO | Epoch 17: Train Loss=2.4167, Train Acc=48.10% | Val Loss=2.7746, Val Acc=40.42% | Time: 56.14s
2025-04-26 18:26:50,743 | INFO | New best model saved (val loss = 2.7746)
2025-04-26 18:27:52,182 | INFO | Epoch 18: Train Loss=2.2554, Train Acc=53.15% | Val Loss=2.8361, Val Acc=38.08% | Time: 61.41s
2025-04-26 18:28:49,603 | INFO | Epoch 19: Train Loss=2.2109, Train Acc=54.17% | Val Loss=2.8806, Val Acc=37.67% | Time: 57.41s
2025-04-26 18:29:43,190 | INFO | Epoch 20: Train Loss=2.2460, Train Acc=53.07% | Val Loss=3.0216, Val Acc=35.00% | Time: 53.57s
2025-04-26 18:30:37,470 | INFO | Epoch 21: Train Loss=2.0962, Train Acc=57.62% | Val Loss=2.7290, Val Acc=42.08% | Time: 54.27s
2025-04-26 18:30:37,472 | INFO | New best model saved (val loss = 2.7290)
2025-04-26 18:31:30,391 | INFO | Epoch 22: Train Loss=1.9814, Train Acc=60.50% | Val Loss=2.6021, Val Acc=45.50% | Time: 52.90s
2025-04-26 18:31:30,392 | INFO | New best model saved (val loss = 2.6021)
2025-04-26 18:32:22,102 | INFO | Epoch 23: Train Loss=1.9188, Train Acc=63.48% | Val Loss=2.6026, Val Acc=45.33% | Time: 51.68s
2025-04-26 18:33:13,535 | INFO | Epoch 24: Train Loss=1.8031, Train Acc=67.22% | Val Loss=2.6718, Val Acc=44.92% | Time: 51.42s
2025-04-26 18:34:06,896 | INFO | Epoch 25: Train Loss=1.7506, Train Acc=69.13% | Val Loss=2.5267, Val Acc=47.25% | Time: 53.35s
2025-04-26 18:34:06,897 | INFO | New best model saved (val loss = 2.5267)
2025-04-26 18:35:00,311 | INFO | Epoch 26: Train Loss=1.6459, Train Acc=72.87% | Val Loss=2.6002, Val Acc=47.67% | Time: 53.37s
2025-04-26 18:35:53,073 | INFO | Epoch 27: Train Loss=1.5563, Train Acc=76.20% | Val Loss=2.5983, Val Acc=47.75% | Time: 52.75s
2025-04-26 18:36:44,597 | INFO | Epoch 28: Train Loss=1.4855, Train Acc=79.48% | Val Loss=2.4691, Val Acc=49.00% | Time: 51.51s
2025-04-26 18:36:44,599 | INFO | New best model saved (val loss = 2.4691)
2025-04-26 18:37:36,050 | INFO | Epoch 29: Train Loss=1.4144, Train Acc=82.30% | Val Loss=2.5088, Val Acc=49.33% | Time: 51.41s
2025-04-26 18:38:27,585 | INFO | Epoch 30: Train Loss=1.3410, Train Acc=84.62% | Val Loss=2.4516, Val Acc=50.42% | Time: 51.52s
2025-04-26 18:38:27,587 | INFO | New best model saved (val loss = 2.4516)
2025-04-26 18:39:19,353 | INFO | Epoch 31: Train Loss=1.2863, Train Acc=86.93% | Val Loss=2.4263, Val Acc=52.58% | Time: 51.74s
2025-04-26 18:39:19,354 | INFO | New best model saved (val loss = 2.4263)
2025-04-26 18:40:12,183 | INFO | Epoch 32: Train Loss=1.2128, Train Acc=90.52% | Val Loss=2.4323, Val Acc=52.17% | Time: 52.81s
2025-04-26 18:41:03,141 | INFO | Epoch 33: Train Loss=1.1763, Train Acc=92.10% | Val Loss=2.4340, Val Acc=51.75% | Time: 50.94s
2025-04-26 18:41:53,556 | INFO | Epoch 34: Train Loss=1.1404, Train Acc=92.98% | Val Loss=2.4076, Val Acc=54.67% | Time: 50.40s
2025-04-26 18:41:53,557 | INFO | New best model saved (val loss = 2.4076)
2025-04-26 18:42:45,082 | INFO | Epoch 35: Train Loss=1.1166, Train Acc=94.70% | Val Loss=2.4149, Val Acc=53.83% | Time: 51.50s
2025-04-26 18:43:38,057 | INFO | Epoch 36: Train Loss=1.0878, Train Acc=95.35% | Val Loss=2.3915, Val Acc=54.83% | Time: 52.96s
2025-04-26 18:43:38,058 | INFO | New best model saved (val loss = 2.3915)
2025-04-26 18:44:28,812 | INFO | Epoch 37: Train Loss=1.0621, Train Acc=96.15% | Val Loss=2.3799, Val Acc=55.67% | Time: 50.68s
2025-04-26 18:44:28,814 | INFO | New best model saved (val loss = 2.3799)
2025-04-26 18:45:19,764 | INFO | Epoch 38: Train Loss=1.0354, Train Acc=97.30% | Val Loss=2.3918, Val Acc=55.25% | Time: 50.93s
2025-04-26 18:46:10,380 | INFO | Epoch 39: Train Loss=1.0241, Train Acc=97.40% | Val Loss=2.3974, Val Acc=54.67% | Time: 50.60s
2025-04-26 18:47:01,576 | INFO | Epoch 40: Train Loss=1.0167, Train Acc=97.63% | Val Loss=2.3794, Val Acc=56.25% | Time: 51.18s
2025-04-26 18:47:01,577 | INFO | New best model saved (val loss = 2.3794)
2025-04-26 18:47:52,982 | INFO | Epoch 41: Train Loss=1.0102, Train Acc=97.85% | Val Loss=2.3720, Val Acc=54.58% | Time: 51.37s
2025-04-26 18:47:52,983 | INFO | New best model saved (val loss = 2.3720)
2025-04-26 18:48:44,656 | INFO | Epoch 42: Train Loss=0.9988, Train Acc=98.10% | Val Loss=2.3675, Val Acc=55.67% | Time: 51.64s
2025-04-26 18:48:44,657 | INFO | New best model saved (val loss = 2.3675)
2025-04-26 18:49:35,505 | INFO | Epoch 43: Train Loss=0.9933, Train Acc=98.32% | Val Loss=2.3605, Val Acc=56.58% | Time: 50.80s
2025-04-26 18:49:35,507 | INFO | New best model saved (val loss = 2.3605)
2025-04-26 18:50:26,457 | INFO | Epoch 44: Train Loss=0.9903, Train Acc=98.50% | Val Loss=2.3624, Val Acc=56.08% | Time: 50.93s
2025-04-26 18:51:17,422 | INFO | Epoch 45: Train Loss=0.9856, Train Acc=98.70% | Val Loss=2.3693, Val Acc=55.83% | Time: 50.95s
2025-04-26 18:52:09,607 | INFO | Epoch 46: Train Loss=0.9866, Train Acc=98.77% | Val Loss=2.3640, Val Acc=55.75% | Time: 52.12s
2025-04-26 18:53:01,499 | INFO | Epoch 47: Train Loss=0.9828, Train Acc=98.70% | Val Loss=2.3639, Val Acc=56.25% | Time: 51.88s
2025-04-26 18:53:52,474 | INFO | Epoch 48: Train Loss=0.9854, Train Acc=98.60% | Val Loss=2.3674, Val Acc=55.75% | Time: 50.96s
2025-04-26 18:54:43,357 | INFO | Epoch 49: Train Loss=0.9855, Train Acc=98.50% | Val Loss=2.3677, Val Acc=55.92% | Time: 50.87s
2025-04-26 18:55:33,625 | INFO | Epoch 50: Train Loss=0.9848, Train Acc=98.48% | Val Loss=2.3676, Val Acc=56.42% | Time: 50.26s
2025-04-26 18:55:33,710 | INFO | Best model with lowest val loss 2.360539775145681 at 42 epoch is saved.
2025-04-26 18:56:33,752 | INFO | Test Accuracy: 56.26%
2025-04-26 18:56:33,840 | INFO | Last model with val loss 2.3675662969288074 at 49 epoch is saved.
2025-04-26 18:57:30,967 | INFO | Test Accuracy: 56.26%
2025-04-26 18:57:30,985 | INFO | 
Job Completed
