2025-05-29 21:53:56,404 | INFO | Job Started
2025-05-29 21:53:56,404 | INFO | Logging run: /rds/general/user/psp20/home/Brain-Network/runs/brainit_4_6_sample_eff_0_1_20250529-215356
2025-05-29 21:53:56,408 | INFO | Using device: cuda
2025-05-29 21:53:56,408 | INFO | Training for 100 epochs
2025-05-29 21:53:56,408 | INFO | Debug mode: False
2025-05-29 21:53:56,408 | INFO | Downsampling by: 0.1
2025-05-29 21:53:56,408 | INFO | Auxiliary loss: {'attention_entropy_loss': 0.1}
2025-05-29 21:53:56,408 | INFO | Train transforms: 
	Compose(
    RandomCrop(size=(32, 32), padding=4)
    RandomHorizontalFlip(p=0.5)
    ColorJitter(brightness=(0.8, 1.2), contrast=(0.8, 1.2), saturation=(0.8, 1.2), hue=None)
    ToTensor()
    Normalize(mean=(0.485, 0.456, 0.406), std=(0.229, 0.224, 0.225))
)
2025-05-29 21:53:56,408 | INFO | Test transforms: 
	Compose(
    ToTensor()
    Normalize(mean=(0.485, 0.456, 0.406), std=(0.229, 0.224, 0.225))
)
2025-05-29 21:53:58,226 | INFO | Full train/val size with downsampling (0.1): 5000
2025-05-29 21:53:58,227 | INFO | Using pretrained weights
2025-05-29 21:53:58,390 | INFO | Using mixup function and SoftTargetCrossEntropy
2025-05-29 21:53:58,391 | INFO | Auxiliary loss: {'attention_entropy_loss': 0.1}
2025-05-29 21:54:01,663 | INFO | Epoch: 1 | Time: 3.27s
2025-05-29 21:54:01,663 | INFO | Train Loss=2.6270, Train Acc=13.29%
2025-05-29 21:54:01,663 | INFO | Val Loss=2.5390, Val Acc=17.60%
2025-05-29 21:54:01,663 | INFO | Train Gamma Loss=0.3103 | Val Gamma Loss=0.3199106752872467
2025-05-29 21:54:01,665 | INFO | New best model saved (val loss = 2.5390)
2025-05-29 21:54:04,869 | INFO | Epoch: 2 | Time: 3.20s
2025-05-29 21:54:04,869 | INFO | Train Loss=2.5201, Train Acc=16.18%
2025-05-29 21:54:04,870 | INFO | Val Loss=2.4075, Val Acc=21.80%
2025-05-29 21:54:04,870 | INFO | Train Gamma Loss=0.2812 | Val Gamma Loss=0.25988173484802246
2025-05-29 21:54:04,871 | INFO | New best model saved (val loss = 2.4075)
2025-05-29 21:54:08,081 | INFO | Epoch: 3 | Time: 3.21s
2025-05-29 21:54:08,081 | INFO | Train Loss=2.1923, Train Acc=22.71%
2025-05-29 21:54:08,081 | INFO | Val Loss=2.0333, Val Acc=24.60%
2025-05-29 21:54:08,081 | INFO | Train Gamma Loss=0.0261 | Val Gamma Loss=0.00445669936016202
2025-05-29 21:54:08,082 | INFO | New best model saved (val loss = 2.0333)
2025-05-29 21:54:11,293 | INFO | Epoch: 4 | Time: 3.21s
2025-05-29 21:54:11,293 | INFO | Train Loss=2.0937, Train Acc=24.84%
2025-05-29 21:54:11,293 | INFO | Val Loss=1.9121, Val Acc=28.20%
2025-05-29 21:54:11,293 | INFO | Train Gamma Loss=-0.0048 | Val Gamma Loss=0.006133079528808594
2025-05-29 21:54:11,294 | INFO | New best model saved (val loss = 1.9121)
2025-05-29 21:54:14,508 | INFO | Epoch: 5 | Time: 3.21s
2025-05-29 21:54:14,508 | INFO | Train Loss=1.9398, Train Acc=31.51%
2025-05-29 21:54:14,508 | INFO | Val Loss=1.9568, Val Acc=27.20%
2025-05-29 21:54:14,508 | INFO | Train Gamma Loss=-0.0041 | Val Gamma Loss=0.0064033642411231995
2025-05-29 21:54:17,718 | INFO | Epoch: 6 | Time: 3.21s
2025-05-29 21:54:17,718 | INFO | Train Loss=1.9721, Train Acc=32.60%
2025-05-29 21:54:17,718 | INFO | Val Loss=1.9056, Val Acc=27.60%
2025-05-29 21:54:17,718 | INFO | Train Gamma Loss=-0.0044 | Val Gamma Loss=0.005878380034118891
2025-05-29 21:54:17,719 | INFO | New best model saved (val loss = 1.9056)
2025-05-29 21:54:20,939 | INFO | Epoch: 7 | Time: 3.22s
2025-05-29 21:54:20,939 | INFO | Train Loss=2.0166, Train Acc=30.80%
2025-05-29 21:54:20,939 | INFO | Val Loss=1.8443, Val Acc=31.40%
2025-05-29 21:54:20,939 | INFO | Train Gamma Loss=-0.0048 | Val Gamma Loss=0.006000944878906012
2025-05-29 21:54:20,941 | INFO | New best model saved (val loss = 1.8443)
2025-05-29 21:54:24,156 | INFO | Epoch: 8 | Time: 3.21s
2025-05-29 21:54:24,156 | INFO | Train Loss=1.9234, Train Acc=36.93%
2025-05-29 21:54:24,156 | INFO | Val Loss=1.8206, Val Acc=34.80%
2025-05-29 21:54:24,156 | INFO | Train Gamma Loss=-0.0048 | Val Gamma Loss=0.005892287474125624
2025-05-29 21:54:24,158 | INFO | New best model saved (val loss = 1.8206)
2025-05-29 21:54:27,368 | INFO | Epoch: 9 | Time: 3.21s
2025-05-29 21:54:27,368 | INFO | Train Loss=1.9109, Train Acc=36.38%
2025-05-29 21:54:27,368 | INFO | Val Loss=1.6759, Val Acc=35.20%
2025-05-29 21:54:27,369 | INFO | Train Gamma Loss=-0.0051 | Val Gamma Loss=0.005432657897472382
2025-05-29 21:54:27,370 | INFO | New best model saved (val loss = 1.6759)
2025-05-29 21:54:30,574 | INFO | Epoch: 10 | Time: 3.20s
2025-05-29 21:54:30,574 | INFO | Train Loss=1.8633, Train Acc=40.56%
2025-05-29 21:54:30,574 | INFO | Val Loss=1.6527, Val Acc=40.00%
2025-05-29 21:54:30,574 | INFO | Train Gamma Loss=-0.0056 | Val Gamma Loss=0.005145544186234474
2025-05-29 21:54:30,576 | INFO | New best model saved (val loss = 1.6527)
2025-05-29 21:54:33,785 | INFO | Epoch: 11 | Time: 3.21s
2025-05-29 21:54:33,785 | INFO | Train Loss=1.8988, Train Acc=39.18%
2025-05-29 21:54:33,785 | INFO | Val Loss=1.7378, Val Acc=40.60%
2025-05-29 21:54:33,785 | INFO | Train Gamma Loss=-0.0061 | Val Gamma Loss=0.00474973302334547
2025-05-29 21:54:36,998 | INFO | Epoch: 12 | Time: 3.21s
2025-05-29 21:54:36,998 | INFO | Train Loss=1.6819, Train Acc=47.69%
2025-05-29 21:54:36,998 | INFO | Val Loss=1.7251, Val Acc=36.60%
2025-05-29 21:54:36,998 | INFO | Train Gamma Loss=-0.0065 | Val Gamma Loss=0.004014650359749794
2025-05-29 21:54:40,219 | INFO | Epoch: 13 | Time: 3.22s
2025-05-29 21:54:40,220 | INFO | Train Loss=1.7678, Train Acc=46.56%
2025-05-29 21:54:40,220 | INFO | Val Loss=1.6323, Val Acc=40.80%
2025-05-29 21:54:40,220 | INFO | Train Gamma Loss=-0.0074 | Val Gamma Loss=0.0039944457821547985
2025-05-29 21:54:40,221 | INFO | New best model saved (val loss = 1.6323)
2025-05-29 21:54:43,426 | INFO | Epoch: 14 | Time: 3.20s
2025-05-29 21:54:43,426 | INFO | Train Loss=1.5834, Train Acc=52.29%
2025-05-29 21:54:43,426 | INFO | Val Loss=1.4889, Val Acc=48.60%
2025-05-29 21:54:43,426 | INFO | Train Gamma Loss=-0.0076 | Val Gamma Loss=0.0036091823130846024
2025-05-29 21:54:43,428 | INFO | New best model saved (val loss = 1.4889)
2025-05-29 21:54:46,628 | INFO | Epoch: 15 | Time: 3.20s
2025-05-29 21:54:46,628 | INFO | Train Loss=1.6422, Train Acc=52.87%
2025-05-29 21:54:46,628 | INFO | Val Loss=1.6983, Val Acc=42.60%
2025-05-29 21:54:46,628 | INFO | Train Gamma Loss=-0.0081 | Val Gamma Loss=0.0035393452271819115
2025-05-29 21:54:49,838 | INFO | Epoch: 16 | Time: 3.21s
2025-05-29 21:54:49,838 | INFO | Train Loss=1.6982, Train Acc=49.98%
2025-05-29 21:54:49,838 | INFO | Val Loss=1.4618, Val Acc=47.20%
2025-05-29 21:54:49,838 | INFO | Train Gamma Loss=-0.0081 | Val Gamma Loss=0.002710140310227871
2025-05-29 21:54:49,840 | INFO | New best model saved (val loss = 1.4618)
2025-05-29 21:54:53,081 | INFO | Epoch: 17 | Time: 3.24s
2025-05-29 21:54:53,081 | INFO | Train Loss=1.6742, Train Acc=54.24%
2025-05-29 21:54:53,081 | INFO | Val Loss=1.5824, Val Acc=46.00%
2025-05-29 21:54:53,081 | INFO | Train Gamma Loss=-0.0085 | Val Gamma Loss=0.0028742009308189154
2025-05-29 21:54:56,300 | INFO | Epoch: 18 | Time: 3.22s
2025-05-29 21:54:56,300 | INFO | Train Loss=1.5136, Train Acc=58.60%
2025-05-29 21:54:56,300 | INFO | Val Loss=1.3340, Val Acc=55.60%
2025-05-29 21:54:56,300 | INFO | Train Gamma Loss=-0.0082 | Val Gamma Loss=0.0028704432770609856
2025-05-29 21:54:56,302 | INFO | New best model saved (val loss = 1.3340)
2025-05-29 21:54:59,508 | INFO | Epoch: 19 | Time: 3.20s
2025-05-29 21:54:59,508 | INFO | Train Loss=1.6763, Train Acc=52.16%
2025-05-29 21:54:59,508 | INFO | Val Loss=1.3766, Val Acc=57.20%
2025-05-29 21:54:59,508 | INFO | Train Gamma Loss=-0.0084 | Val Gamma Loss=0.0027912710793316364
2025-05-29 21:55:02,722 | INFO | Epoch: 20 | Time: 3.21s
2025-05-29 21:55:02,723 | INFO | Train Loss=1.6412, Train Acc=56.09%
2025-05-29 21:55:02,723 | INFO | Val Loss=1.5548, Val Acc=47.00%
2025-05-29 21:55:02,723 | INFO | Train Gamma Loss=-0.0085 | Val Gamma Loss=0.002030686940997839
2025-05-29 21:55:05,938 | INFO | Epoch: 21 | Time: 3.21s
2025-05-29 21:55:05,938 | INFO | Train Loss=1.6345, Train Acc=52.73%
2025-05-29 21:55:05,938 | INFO | Val Loss=1.3107, Val Acc=57.80%
2025-05-29 21:55:05,938 | INFO | Train Gamma Loss=-0.0088 | Val Gamma Loss=0.002178181428462267
2025-05-29 21:55:05,939 | INFO | New best model saved (val loss = 1.3107)
2025-05-29 21:55:09,143 | INFO | Epoch: 22 | Time: 3.20s
2025-05-29 21:55:09,143 | INFO | Train Loss=1.5197, Train Acc=57.87%
2025-05-29 21:55:09,143 | INFO | Val Loss=1.2208, Val Acc=57.00%
2025-05-29 21:55:09,144 | INFO | Train Gamma Loss=-0.0090 | Val Gamma Loss=0.002142364624887705
2025-05-29 21:55:09,145 | INFO | New best model saved (val loss = 1.2208)
2025-05-29 21:55:12,365 | INFO | Epoch: 23 | Time: 3.22s
2025-05-29 21:55:12,365 | INFO | Train Loss=1.5814, Train Acc=55.40%
2025-05-29 21:55:12,365 | INFO | Val Loss=1.1795, Val Acc=61.00%
2025-05-29 21:55:12,365 | INFO | Train Gamma Loss=-0.0092 | Val Gamma Loss=0.0020335521548986435
2025-05-29 21:55:12,366 | INFO | New best model saved (val loss = 1.1795)
2025-05-29 21:55:15,569 | INFO | Epoch: 24 | Time: 3.20s
2025-05-29 21:55:15,569 | INFO | Train Loss=1.5400, Train Acc=59.71%
2025-05-29 21:55:15,569 | INFO | Val Loss=1.2600, Val Acc=58.80%
2025-05-29 21:55:15,569 | INFO | Train Gamma Loss=-0.0093 | Val Gamma Loss=0.0018535407725721598
2025-05-29 21:55:18,783 | INFO | Epoch: 25 | Time: 3.21s
2025-05-29 21:55:18,783 | INFO | Train Loss=1.5774, Train Acc=60.76%
2025-05-29 21:55:18,783 | INFO | Val Loss=1.4459, Val Acc=50.80%
2025-05-29 21:55:18,784 | INFO | Train Gamma Loss=-0.0093 | Val Gamma Loss=0.0018993390258401632
2025-05-29 21:55:22,011 | INFO | Epoch: 26 | Time: 3.23s
2025-05-29 21:55:22,011 | INFO | Train Loss=1.4193, Train Acc=64.18%
2025-05-29 21:55:22,011 | INFO | Val Loss=1.4312, Val Acc=55.80%
2025-05-29 21:55:22,011 | INFO | Train Gamma Loss=-0.0092 | Val Gamma Loss=0.002416647970676422
2025-05-29 21:55:25,219 | INFO | Epoch: 27 | Time: 3.21s
2025-05-29 21:55:25,219 | INFO | Train Loss=1.3813, Train Acc=63.62%
2025-05-29 21:55:25,219 | INFO | Val Loss=1.4127, Val Acc=53.60%
2025-05-29 21:55:25,219 | INFO | Train Gamma Loss=-0.0093 | Val Gamma Loss=0.0017855523619800806
2025-05-29 21:55:28,431 | INFO | Epoch: 28 | Time: 3.21s
2025-05-29 21:55:28,431 | INFO | Train Loss=1.4759, Train Acc=63.91%
2025-05-29 21:55:28,431 | INFO | Val Loss=1.5226, Val Acc=52.40%
2025-05-29 21:55:28,431 | INFO | Train Gamma Loss=-0.0094 | Val Gamma Loss=0.0015097225550562143
2025-05-29 21:55:31,654 | INFO | Epoch: 29 | Time: 3.22s
2025-05-29 21:55:31,655 | INFO | Train Loss=1.4652, Train Acc=62.42%
2025-05-29 21:55:31,655 | INFO | Val Loss=1.3898, Val Acc=53.20%
2025-05-29 21:55:31,655 | INFO | Train Gamma Loss=-0.0094 | Val Gamma Loss=0.0018052146770060062
2025-05-29 21:55:34,920 | INFO | Epoch: 30 | Time: 3.25s
2025-05-29 21:55:34,920 | INFO | Train Loss=1.4828, Train Acc=63.44%
2025-05-29 21:55:34,920 | INFO | Val Loss=1.1078, Val Acc=65.00%
2025-05-29 21:55:34,920 | INFO | Train Gamma Loss=-0.0095 | Val Gamma Loss=0.0013932565925642848
2025-05-29 21:55:34,921 | INFO | New best model saved (val loss = 1.1078)
2025-05-29 21:55:38,143 | INFO | Epoch: 31 | Time: 3.22s
2025-05-29 21:55:38,143 | INFO | Train Loss=1.3147, Train Acc=70.71%
2025-05-29 21:55:38,143 | INFO | Val Loss=1.1624, Val Acc=61.40%
2025-05-29 21:55:38,143 | INFO | Train Gamma Loss=-0.0096 | Val Gamma Loss=0.0013199236709624529
2025-05-29 21:55:41,362 | INFO | Epoch: 32 | Time: 3.22s
2025-05-29 21:55:41,362 | INFO | Train Loss=1.1633, Train Acc=74.29%
2025-05-29 21:55:41,362 | INFO | Val Loss=0.9936, Val Acc=67.20%
2025-05-29 21:55:41,362 | INFO | Train Gamma Loss=-0.0097 | Val Gamma Loss=0.0011950744083151221
2025-05-29 21:55:41,363 | INFO | New best model saved (val loss = 0.9936)
2025-05-29 21:55:44,579 | INFO | Epoch: 33 | Time: 3.21s
2025-05-29 21:55:44,579 | INFO | Train Loss=1.2284, Train Acc=73.20%
2025-05-29 21:55:44,579 | INFO | Val Loss=1.1486, Val Acc=63.00%
2025-05-29 21:55:44,579 | INFO | Train Gamma Loss=-0.0097 | Val Gamma Loss=0.0013333759270608425
2025-05-29 21:55:47,814 | INFO | Epoch: 34 | Time: 3.23s
2025-05-29 21:55:47,815 | INFO | Train Loss=1.2633, Train Acc=73.00%
2025-05-29 21:55:47,815 | INFO | Val Loss=1.0772, Val Acc=64.00%
2025-05-29 21:55:47,815 | INFO | Train Gamma Loss=-0.0096 | Val Gamma Loss=0.0010745078325271606
2025-05-29 21:55:51,032 | INFO | Epoch: 35 | Time: 3.22s
2025-05-29 21:55:51,033 | INFO | Train Loss=1.3095, Train Acc=71.60%
2025-05-29 21:55:51,033 | INFO | Val Loss=1.0512, Val Acc=67.00%
2025-05-29 21:55:51,033 | INFO | Train Gamma Loss=-0.0097 | Val Gamma Loss=0.001095430226996541
2025-05-29 21:55:54,243 | INFO | Epoch: 36 | Time: 3.21s
2025-05-29 21:55:54,244 | INFO | Train Loss=1.2911, Train Acc=70.96%
2025-05-29 21:55:54,244 | INFO | Val Loss=1.2091, Val Acc=61.40%
2025-05-29 21:55:54,244 | INFO | Train Gamma Loss=-0.0097 | Val Gamma Loss=0.0014021298848092556
2025-05-29 21:55:57,477 | INFO | Epoch: 37 | Time: 3.23s
2025-05-29 21:55:57,477 | INFO | Train Loss=1.4066, Train Acc=66.18%
2025-05-29 21:55:57,477 | INFO | Val Loss=1.1241, Val Acc=64.40%
2025-05-29 21:55:57,477 | INFO | Train Gamma Loss=-0.0098 | Val Gamma Loss=0.001220508711412549
2025-05-29 21:56:00,681 | INFO | Epoch: 38 | Time: 3.20s
2025-05-29 21:56:00,681 | INFO | Train Loss=1.1708, Train Acc=74.69%
2025-05-29 21:56:00,681 | INFO | Val Loss=1.1674, Val Acc=62.20%
2025-05-29 21:56:00,681 | INFO | Train Gamma Loss=-0.0097 | Val Gamma Loss=0.0010540970833972096
2025-05-29 21:56:03,911 | INFO | Epoch: 39 | Time: 3.23s
2025-05-29 21:56:03,911 | INFO | Train Loss=1.2041, Train Acc=77.29%
2025-05-29 21:56:03,911 | INFO | Val Loss=1.0569, Val Acc=67.40%
2025-05-29 21:56:03,911 | INFO | Train Gamma Loss=-0.0098 | Val Gamma Loss=0.0009386527817696333
2025-05-29 21:56:07,132 | INFO | Epoch: 40 | Time: 3.22s
2025-05-29 21:56:07,132 | INFO | Train Loss=1.3623, Train Acc=68.18%
2025-05-29 21:56:07,132 | INFO | Val Loss=1.0933, Val Acc=68.00%
2025-05-29 21:56:07,132 | INFO | Train Gamma Loss=-0.0098 | Val Gamma Loss=0.0009899262804538012
2025-05-29 21:56:10,348 | INFO | Epoch: 41 | Time: 3.21s
2025-05-29 21:56:10,348 | INFO | Train Loss=1.3862, Train Acc=71.09%
2025-05-29 21:56:10,348 | INFO | Val Loss=1.1168, Val Acc=65.40%
2025-05-29 21:56:10,349 | INFO | Train Gamma Loss=-0.0097 | Val Gamma Loss=0.001142260618507862
2025-05-29 21:56:13,577 | INFO | Epoch: 42 | Time: 3.23s
2025-05-29 21:56:13,577 | INFO | Train Loss=1.2731, Train Acc=74.44%
2025-05-29 21:56:13,578 | INFO | Val Loss=1.0299, Val Acc=65.80%
2025-05-29 21:56:13,578 | INFO | Train Gamma Loss=-0.0098 | Val Gamma Loss=0.0009265105472877622
2025-05-29 21:56:16,790 | INFO | Epoch: 43 | Time: 3.21s
2025-05-29 21:56:16,790 | INFO | Train Loss=1.0624, Train Acc=80.44%
2025-05-29 21:56:16,790 | INFO | Val Loss=1.0486, Val Acc=66.80%
2025-05-29 21:56:16,790 | INFO | Train Gamma Loss=-0.0097 | Val Gamma Loss=0.0009395892266184092
2025-05-29 21:56:20,006 | INFO | Epoch: 44 | Time: 3.21s
2025-05-29 21:56:20,006 | INFO | Train Loss=1.2788, Train Acc=74.27%
2025-05-29 21:56:20,006 | INFO | Val Loss=1.0715, Val Acc=67.20%
2025-05-29 21:56:20,006 | INFO | Train Gamma Loss=-0.0098 | Val Gamma Loss=0.0011655592825263739
2025-05-29 21:56:23,236 | INFO | Epoch: 45 | Time: 3.23s
2025-05-29 21:56:23,236 | INFO | Train Loss=1.1956, Train Acc=76.31%
2025-05-29 21:56:23,236 | INFO | Val Loss=1.0724, Val Acc=64.60%
2025-05-29 21:56:23,236 | INFO | Train Gamma Loss=-0.0098 | Val Gamma Loss=0.0010618476662784815
2025-05-29 21:56:26,451 | INFO | Epoch: 46 | Time: 3.21s
2025-05-29 21:56:26,451 | INFO | Train Loss=1.1808, Train Acc=78.27%
2025-05-29 21:56:26,452 | INFO | Val Loss=0.9831, Val Acc=70.20%
2025-05-29 21:56:26,452 | INFO | Train Gamma Loss=-0.0097 | Val Gamma Loss=0.0010216052178293467
2025-05-29 21:56:26,453 | INFO | New best model saved (val loss = 0.9831)
2025-05-29 21:56:29,664 | INFO | Epoch: 47 | Time: 3.21s
2025-05-29 21:56:29,664 | INFO | Train Loss=1.0248, Train Acc=82.47%
2025-05-29 21:56:29,664 | INFO | Val Loss=0.8949, Val Acc=70.60%
2025-05-29 21:56:29,664 | INFO | Train Gamma Loss=-0.0097 | Val Gamma Loss=0.0010739240096881986
2025-05-29 21:56:29,665 | INFO | New best model saved (val loss = 0.8949)
2025-05-29 21:56:32,874 | INFO | Epoch: 48 | Time: 3.21s
2025-05-29 21:56:32,874 | INFO | Train Loss=1.1927, Train Acc=76.58%
2025-05-29 21:56:32,874 | INFO | Val Loss=0.9378, Val Acc=70.60%
2025-05-29 21:56:32,874 | INFO | Train Gamma Loss=-0.0098 | Val Gamma Loss=0.0009774843929335475
2025-05-29 21:56:36,080 | INFO | Epoch: 49 | Time: 3.20s
2025-05-29 21:56:36,080 | INFO | Train Loss=1.1514, Train Acc=78.64%
2025-05-29 21:56:36,080 | INFO | Val Loss=0.8993, Val Acc=71.80%
2025-05-29 21:56:36,080 | INFO | Train Gamma Loss=-0.0097 | Val Gamma Loss=0.0010825928766280413
2025-05-29 21:56:39,302 | INFO | Epoch: 50 | Time: 3.22s
2025-05-29 21:56:39,302 | INFO | Train Loss=0.8987, Train Acc=86.60%
2025-05-29 21:56:39,302 | INFO | Val Loss=1.0333, Val Acc=67.20%
2025-05-29 21:56:39,302 | INFO | Train Gamma Loss=-0.0097 | Val Gamma Loss=0.0010510805295780301
2025-05-29 21:56:42,517 | INFO | Epoch: 51 | Time: 3.21s
2025-05-29 21:56:42,517 | INFO | Train Loss=1.2663, Train Acc=75.82%
2025-05-29 21:56:42,517 | INFO | Val Loss=0.9039, Val Acc=70.20%
2025-05-29 21:56:42,518 | INFO | Train Gamma Loss=-0.0098 | Val Gamma Loss=0.0010046230163425207
2025-05-29 21:56:45,722 | INFO | Epoch: 52 | Time: 3.20s
2025-05-29 21:56:45,722 | INFO | Train Loss=1.2977, Train Acc=74.56%
2025-05-29 21:56:45,722 | INFO | Val Loss=0.9254, Val Acc=71.00%
2025-05-29 21:56:45,722 | INFO | Train Gamma Loss=-0.0098 | Val Gamma Loss=0.0009973347187042236
2025-05-29 21:56:48,935 | INFO | Epoch: 53 | Time: 3.20s
2025-05-29 21:56:48,935 | INFO | Train Loss=1.2663, Train Acc=76.29%
2025-05-29 21:56:48,935 | INFO | Val Loss=0.9455, Val Acc=68.40%
2025-05-29 21:56:48,936 | INFO | Train Gamma Loss=-0.0098 | Val Gamma Loss=0.0009385645389556885
2025-05-29 21:56:52,154 | INFO | Epoch: 54 | Time: 3.22s
2025-05-29 21:56:52,155 | INFO | Train Loss=1.1091, Train Acc=76.69%
2025-05-29 21:56:52,155 | INFO | Val Loss=0.9249, Val Acc=69.40%
2025-05-29 21:56:52,155 | INFO | Train Gamma Loss=-0.0099 | Val Gamma Loss=0.000914607779122889
2025-05-29 21:56:55,371 | INFO | Epoch: 55 | Time: 3.21s
2025-05-29 21:56:55,371 | INFO | Train Loss=1.2301, Train Acc=81.80%
2025-05-29 21:56:55,371 | INFO | Val Loss=0.9017, Val Acc=71.20%
2025-05-29 21:56:55,371 | INFO | Train Gamma Loss=-0.0098 | Val Gamma Loss=0.0009345768485218287
2025-05-29 21:56:58,560 | INFO | Epoch: 56 | Time: 3.19s
2025-05-29 21:56:58,560 | INFO | Train Loss=1.1000, Train Acc=85.18%
2025-05-29 21:56:58,560 | INFO | Val Loss=1.0172, Val Acc=69.80%
2025-05-29 21:56:58,560 | INFO | Train Gamma Loss=-0.0099 | Val Gamma Loss=0.0009576105512678623
2025-05-29 21:57:01,767 | INFO | Epoch: 57 | Time: 3.20s
2025-05-29 21:57:01,767 | INFO | Train Loss=1.2605, Train Acc=77.80%
2025-05-29 21:57:01,767 | INFO | Val Loss=0.9073, Val Acc=70.60%
2025-05-29 21:57:01,768 | INFO | Train Gamma Loss=-0.0098 | Val Gamma Loss=0.0009018322452902794
2025-05-29 21:57:04,977 | INFO | Epoch: 58 | Time: 3.21s
2025-05-29 21:57:04,977 | INFO | Train Loss=1.2170, Train Acc=80.40%
2025-05-29 21:57:04,977 | INFO | Val Loss=0.8659, Val Acc=74.60%
2025-05-29 21:57:04,978 | INFO | Train Gamma Loss=-0.0099 | Val Gamma Loss=0.0008885161951184273
2025-05-29 21:57:04,979 | INFO | New best model saved (val loss = 0.8659)
2025-05-29 21:57:08,181 | INFO | Epoch: 59 | Time: 3.20s
2025-05-29 21:57:08,181 | INFO | Train Loss=1.0611, Train Acc=81.78%
2025-05-29 21:57:08,181 | INFO | Val Loss=0.9612, Val Acc=70.40%
2025-05-29 21:57:08,182 | INFO | Train Gamma Loss=-0.0099 | Val Gamma Loss=0.0009878745768219233
2025-05-29 21:57:11,386 | INFO | Epoch: 60 | Time: 3.20s
2025-05-29 21:57:11,386 | INFO | Train Loss=1.0828, Train Acc=83.42%
2025-05-29 21:57:11,386 | INFO | Val Loss=0.9238, Val Acc=71.80%
2025-05-29 21:57:11,386 | INFO | Train Gamma Loss=-0.0099 | Val Gamma Loss=0.000907745270524174
2025-05-29 21:57:14,600 | INFO | Epoch: 61 | Time: 3.21s
2025-05-29 21:57:14,600 | INFO | Train Loss=1.0063, Train Acc=84.71%
2025-05-29 21:57:14,600 | INFO | Val Loss=0.8633, Val Acc=73.40%
2025-05-29 21:57:14,600 | INFO | Train Gamma Loss=-0.0099 | Val Gamma Loss=0.000922009814530611
2025-05-29 21:57:14,601 | INFO | New best model saved (val loss = 0.8633)
2025-05-29 21:57:17,885 | INFO | Epoch: 62 | Time: 3.28s
2025-05-29 21:57:17,885 | INFO | Train Loss=1.1637, Train Acc=81.16%
2025-05-29 21:57:17,885 | INFO | Val Loss=0.8913, Val Acc=74.00%
2025-05-29 21:57:17,885 | INFO | Train Gamma Loss=-0.0099 | Val Gamma Loss=0.0008920513209886849
2025-05-29 21:57:21,099 | INFO | Epoch: 63 | Time: 3.21s
2025-05-29 21:57:21,099 | INFO | Train Loss=1.1271, Train Acc=80.38%
2025-05-29 21:57:21,099 | INFO | Val Loss=0.8858, Val Acc=73.20%
2025-05-29 21:57:21,099 | INFO | Train Gamma Loss=-0.0099 | Val Gamma Loss=0.0008710161782801151
2025-05-29 21:57:24,312 | INFO | Epoch: 64 | Time: 3.21s
2025-05-29 21:57:24,312 | INFO | Train Loss=1.0867, Train Acc=85.07%
2025-05-29 21:57:24,312 | INFO | Val Loss=0.8733, Val Acc=73.80%
2025-05-29 21:57:24,312 | INFO | Train Gamma Loss=-0.0099 | Val Gamma Loss=0.0008764107478782535
2025-05-29 21:57:27,525 | INFO | Epoch: 65 | Time: 3.21s
2025-05-29 21:57:27,525 | INFO | Train Loss=1.0126, Train Acc=88.78%
2025-05-29 21:57:27,525 | INFO | Val Loss=0.8389, Val Acc=74.00%
2025-05-29 21:57:27,525 | INFO | Train Gamma Loss=-0.0099 | Val Gamma Loss=0.0008635064586997032
2025-05-29 21:57:27,526 | INFO | New best model saved (val loss = 0.8389)
2025-05-29 21:57:30,773 | INFO | Epoch: 66 | Time: 3.24s
2025-05-29 21:57:30,773 | INFO | Train Loss=1.1086, Train Acc=81.71%
2025-05-29 21:57:30,773 | INFO | Val Loss=0.8275, Val Acc=74.00%
2025-05-29 21:57:30,773 | INFO | Train Gamma Loss=-0.0099 | Val Gamma Loss=0.0008452700567431748
2025-05-29 21:57:30,775 | INFO | New best model saved (val loss = 0.8275)
2025-05-29 21:57:33,977 | INFO | Epoch: 67 | Time: 3.20s
2025-05-29 21:57:33,977 | INFO | Train Loss=0.9920, Train Acc=91.27%
2025-05-29 21:57:33,977 | INFO | Val Loss=0.8713, Val Acc=73.80%
2025-05-29 21:57:33,977 | INFO | Train Gamma Loss=-0.0099 | Val Gamma Loss=0.0008392056915909052
2025-05-29 21:57:37,183 | INFO | Epoch: 68 | Time: 3.20s
2025-05-29 21:57:37,183 | INFO | Train Loss=1.1026, Train Acc=82.04%
2025-05-29 21:57:37,183 | INFO | Val Loss=0.8273, Val Acc=73.60%
2025-05-29 21:57:37,183 | INFO | Train Gamma Loss=-0.0099 | Val Gamma Loss=0.0008363950182683766
2025-05-29 21:57:37,184 | INFO | New best model saved (val loss = 0.8273)
2025-05-29 21:57:40,401 | INFO | Epoch: 69 | Time: 3.21s
2025-05-29 21:57:40,401 | INFO | Train Loss=1.0503, Train Acc=86.47%
2025-05-29 21:57:40,401 | INFO | Val Loss=0.8501, Val Acc=75.60%
2025-05-29 21:57:40,401 | INFO | Train Gamma Loss=-0.0099 | Val Gamma Loss=0.0007978224894031882
2025-05-29 21:57:43,607 | INFO | Epoch: 70 | Time: 3.20s
2025-05-29 21:57:43,607 | INFO | Train Loss=0.9576, Train Acc=85.42%
2025-05-29 21:57:43,607 | INFO | Val Loss=0.8624, Val Acc=72.60%
2025-05-29 21:57:43,607 | INFO | Train Gamma Loss=-0.0099 | Val Gamma Loss=0.0008034888305701315
2025-05-29 21:57:46,808 | INFO | Epoch: 71 | Time: 3.20s
2025-05-29 21:57:46,808 | INFO | Train Loss=1.1314, Train Acc=84.67%
2025-05-29 21:57:46,808 | INFO | Val Loss=0.8824, Val Acc=73.00%
2025-05-29 21:57:46,808 | INFO | Train Gamma Loss=-0.0099 | Val Gamma Loss=0.0008213028777390718
2025-05-29 21:57:50,023 | INFO | Epoch: 72 | Time: 3.21s
2025-05-29 21:57:50,023 | INFO | Train Loss=0.9077, Train Acc=90.29%
2025-05-29 21:57:50,023 | INFO | Val Loss=0.8364, Val Acc=74.00%
2025-05-29 21:57:50,023 | INFO | Train Gamma Loss=-0.0099 | Val Gamma Loss=0.0008077106904238462
2025-05-29 21:57:53,243 | INFO | Epoch: 73 | Time: 3.22s
2025-05-29 21:57:53,244 | INFO | Train Loss=1.0024, Train Acc=91.76%
2025-05-29 21:57:53,244 | INFO | Val Loss=0.8027, Val Acc=74.60%
2025-05-29 21:57:53,244 | INFO | Train Gamma Loss=-0.0099 | Val Gamma Loss=0.0007827915833331645
2025-05-29 21:57:53,245 | INFO | New best model saved (val loss = 0.8027)
2025-05-29 21:57:56,498 | INFO | Epoch: 74 | Time: 3.25s
2025-05-29 21:57:56,498 | INFO | Train Loss=1.0172, Train Acc=88.64%
2025-05-29 21:57:56,498 | INFO | Val Loss=0.8209, Val Acc=76.20%
2025-05-29 21:57:56,498 | INFO | Train Gamma Loss=-0.0099 | Val Gamma Loss=0.0007220379775390029
2025-05-29 21:57:59,707 | INFO | Epoch: 75 | Time: 3.21s
2025-05-29 21:57:59,707 | INFO | Train Loss=0.8443, Train Acc=88.56%
2025-05-29 21:57:59,707 | INFO | Val Loss=0.7920, Val Acc=77.20%
2025-05-29 21:57:59,707 | INFO | Train Gamma Loss=-0.0099 | Val Gamma Loss=0.0008049801690503955
2025-05-29 21:57:59,709 | INFO | New best model saved (val loss = 0.7920)
2025-05-29 21:58:02,947 | INFO | Epoch: 76 | Time: 3.24s
2025-05-29 21:58:02,948 | INFO | Train Loss=1.0519, Train Acc=85.67%
2025-05-29 21:58:02,948 | INFO | Val Loss=0.8172, Val Acc=74.80%
2025-05-29 21:58:02,948 | INFO | Train Gamma Loss=-0.0099 | Val Gamma Loss=0.0007642225828021765
2025-05-29 21:58:06,178 | INFO | Epoch: 77 | Time: 3.23s
2025-05-29 21:58:06,178 | INFO | Train Loss=0.9453, Train Acc=89.29%
2025-05-29 21:58:06,178 | INFO | Val Loss=0.8164, Val Acc=75.80%
2025-05-29 21:58:06,178 | INFO | Train Gamma Loss=-0.0099 | Val Gamma Loss=0.0007790705421939492
2025-05-29 21:58:09,386 | INFO | Epoch: 78 | Time: 3.20s
2025-05-29 21:58:09,386 | INFO | Train Loss=0.8176, Train Acc=93.69%
2025-05-29 21:58:09,386 | INFO | Val Loss=0.8093, Val Acc=73.20%
2025-05-29 21:58:09,387 | INFO | Train Gamma Loss=-0.0099 | Val Gamma Loss=0.0007575993658974767
2025-05-29 21:58:12,594 | INFO | Epoch: 79 | Time: 3.20s
2025-05-29 21:58:12,594 | INFO | Train Loss=0.9117, Train Acc=89.20%
2025-05-29 21:58:12,594 | INFO | Val Loss=0.8039, Val Acc=74.40%
2025-05-29 21:58:12,594 | INFO | Train Gamma Loss=-0.0099 | Val Gamma Loss=0.0007561565143987536
2025-05-29 21:58:15,802 | INFO | Epoch: 80 | Time: 3.20s
2025-05-29 21:58:15,802 | INFO | Train Loss=0.9000, Train Acc=91.36%
2025-05-29 21:58:15,802 | INFO | Val Loss=0.7850, Val Acc=74.00%
2025-05-29 21:58:15,802 | INFO | Train Gamma Loss=-0.0099 | Val Gamma Loss=0.0007456035236828029
2025-05-29 21:58:15,803 | INFO | New best model saved (val loss = 0.7850)
2025-05-29 21:58:19,010 | INFO | Epoch: 81 | Time: 3.20s
2025-05-29 21:58:19,011 | INFO | Train Loss=0.9038, Train Acc=89.36%
2025-05-29 21:58:19,011 | INFO | Val Loss=0.8022, Val Acc=76.60%
2025-05-29 21:58:19,011 | INFO | Train Gamma Loss=-0.0099 | Val Gamma Loss=0.0007442658534273505
2025-05-29 21:58:22,241 | INFO | Epoch: 82 | Time: 3.22s
2025-05-29 21:58:22,241 | INFO | Train Loss=1.0098, Train Acc=88.44%
2025-05-29 21:58:22,241 | INFO | Val Loss=0.7612, Val Acc=76.80%
2025-05-29 21:58:22,241 | INFO | Train Gamma Loss=-0.0100 | Val Gamma Loss=0.0007268029148690403
2025-05-29 21:58:22,243 | INFO | New best model saved (val loss = 0.7612)
2025-05-29 21:58:25,453 | INFO | Epoch: 83 | Time: 3.21s
2025-05-29 21:58:25,454 | INFO | Train Loss=1.0684, Train Acc=85.42%
2025-05-29 21:58:25,454 | INFO | Val Loss=0.7855, Val Acc=75.00%
2025-05-29 21:58:25,454 | INFO | Train Gamma Loss=-0.0100 | Val Gamma Loss=0.0007761253509670496
2025-05-29 21:58:28,662 | INFO | Epoch: 84 | Time: 3.20s
2025-05-29 21:58:28,662 | INFO | Train Loss=0.6513, Train Acc=96.20%
2025-05-29 21:58:28,662 | INFO | Val Loss=0.7922, Val Acc=75.00%
2025-05-29 21:58:28,662 | INFO | Train Gamma Loss=-0.0099 | Val Gamma Loss=0.0007064761593937874
2025-05-29 21:58:31,887 | INFO | Epoch: 85 | Time: 3.22s
2025-05-29 21:58:31,887 | INFO | Train Loss=0.8376, Train Acc=92.49%
2025-05-29 21:58:31,887 | INFO | Val Loss=0.7755, Val Acc=77.20%
2025-05-29 21:58:31,887 | INFO | Train Gamma Loss=-0.0099 | Val Gamma Loss=0.0007351834792643785
2025-05-29 21:58:35,123 | INFO | Epoch: 86 | Time: 3.23s
2025-05-29 21:58:35,124 | INFO | Train Loss=0.7775, Train Acc=93.82%
2025-05-29 21:58:35,124 | INFO | Val Loss=0.8008, Val Acc=75.20%
2025-05-29 21:58:35,124 | INFO | Train Gamma Loss=-0.0099 | Val Gamma Loss=0.0007373343105427921
2025-05-29 21:58:38,339 | INFO | Epoch: 87 | Time: 3.21s
2025-05-29 21:58:38,339 | INFO | Train Loss=1.0721, Train Acc=84.02%
2025-05-29 21:58:38,339 | INFO | Val Loss=0.7806, Val Acc=77.00%
2025-05-29 21:58:38,339 | INFO | Train Gamma Loss=-0.0100 | Val Gamma Loss=0.0007543715182691813
2025-05-29 21:58:41,567 | INFO | Epoch: 88 | Time: 3.22s
2025-05-29 21:58:41,567 | INFO | Train Loss=0.9980, Train Acc=88.31%
2025-05-29 21:58:41,567 | INFO | Val Loss=0.7976, Val Acc=76.20%
2025-05-29 21:58:41,567 | INFO | Train Gamma Loss=-0.0100 | Val Gamma Loss=0.0007307314081117511
2025-05-29 21:58:44,794 | INFO | Epoch: 89 | Time: 3.22s
2025-05-29 21:58:44,794 | INFO | Train Loss=1.1094, Train Acc=85.53%
2025-05-29 21:58:44,794 | INFO | Val Loss=0.8056, Val Acc=77.40%
2025-05-29 21:58:44,794 | INFO | Train Gamma Loss=-0.0100 | Val Gamma Loss=0.0007378576556220651
2025-05-29 21:58:48,003 | INFO | Epoch: 90 | Time: 3.21s
2025-05-29 21:58:48,003 | INFO | Train Loss=1.0244, Train Acc=82.96%
2025-05-29 21:58:48,003 | INFO | Val Loss=0.8165, Val Acc=76.40%
2025-05-29 21:58:48,004 | INFO | Train Gamma Loss=-0.0100 | Val Gamma Loss=0.0007321632001549006
2025-05-29 21:58:51,215 | INFO | Epoch: 91 | Time: 3.21s
2025-05-29 21:58:51,215 | INFO | Train Loss=1.2229, Train Acc=78.76%
2025-05-29 21:58:51,215 | INFO | Val Loss=0.8024, Val Acc=75.00%
2025-05-29 21:58:51,215 | INFO | Train Gamma Loss=-0.0100 | Val Gamma Loss=0.0007219535764306784
2025-05-29 21:58:54,425 | INFO | Epoch: 92 | Time: 3.21s
2025-05-29 21:58:54,426 | INFO | Train Loss=0.6834, Train Acc=98.04%
2025-05-29 21:58:54,426 | INFO | Val Loss=0.7897, Val Acc=76.60%
2025-05-29 21:58:54,426 | INFO | Train Gamma Loss=-0.0100 | Val Gamma Loss=0.0006853115046396852
2025-05-29 21:58:57,656 | INFO | Epoch: 93 | Time: 3.23s
2025-05-29 21:58:57,657 | INFO | Train Loss=1.0573, Train Acc=85.40%
2025-05-29 21:58:57,657 | INFO | Val Loss=0.7845, Val Acc=76.40%
2025-05-29 21:58:57,657 | INFO | Train Gamma Loss=-0.0100 | Val Gamma Loss=0.0007234885124489665
2025-05-29 21:59:00,872 | INFO | Epoch: 94 | Time: 3.21s
2025-05-29 21:59:00,872 | INFO | Train Loss=0.7460, Train Acc=96.27%
2025-05-29 21:59:00,872 | INFO | Val Loss=0.7947, Val Acc=75.60%
2025-05-29 21:59:00,872 | INFO | Train Gamma Loss=-0.0100 | Val Gamma Loss=0.0007149972370825708
2025-05-29 21:59:04,087 | INFO | Epoch: 95 | Time: 3.21s
2025-05-29 21:59:04,087 | INFO | Train Loss=0.9836, Train Acc=89.13%
2025-05-29 21:59:04,087 | INFO | Val Loss=0.7835, Val Acc=75.80%
2025-05-29 21:59:04,087 | INFO | Train Gamma Loss=-0.0100 | Val Gamma Loss=0.0007372585241682827
2025-05-29 21:59:07,293 | INFO | Epoch: 96 | Time: 3.20s
2025-05-29 21:59:07,294 | INFO | Train Loss=0.9204, Train Acc=88.11%
2025-05-29 21:59:07,294 | INFO | Val Loss=0.7813, Val Acc=76.80%
2025-05-29 21:59:07,294 | INFO | Train Gamma Loss=-0.0100 | Val Gamma Loss=0.0007076783804222941
2025-05-29 21:59:10,501 | INFO | Epoch: 97 | Time: 3.20s
2025-05-29 21:59:10,501 | INFO | Train Loss=0.9645, Train Acc=87.89%
2025-05-29 21:59:10,502 | INFO | Val Loss=0.7934, Val Acc=76.20%
2025-05-29 21:59:10,502 | INFO | Train Gamma Loss=-0.0100 | Val Gamma Loss=0.000732251675799489
2025-05-29 21:59:13,721 | INFO | Epoch: 98 | Time: 3.21s
2025-05-29 21:59:13,721 | INFO | Train Loss=0.7998, Train Acc=93.31%
2025-05-29 21:59:13,722 | INFO | Val Loss=0.7741, Val Acc=79.40%
2025-05-29 21:59:13,722 | INFO | Train Gamma Loss=-0.0100 | Val Gamma Loss=0.0006998697062954307
2025-05-29 21:59:16,922 | INFO | Epoch: 99 | Time: 3.20s
2025-05-29 21:59:16,922 | INFO | Train Loss=0.9322, Train Acc=88.84%
2025-05-29 21:59:16,922 | INFO | Val Loss=0.7844, Val Acc=75.40%
2025-05-29 21:59:16,922 | INFO | Train Gamma Loss=-0.0100 | Val Gamma Loss=0.0007195317884907126
2025-05-29 21:59:20,162 | INFO | Epoch: 100 | Time: 3.24s
2025-05-29 21:59:20,162 | INFO | Train Loss=1.0041, Train Acc=88.58%
2025-05-29 21:59:20,162 | INFO | Val Loss=0.7661, Val Acc=77.40%
2025-05-29 21:59:20,162 | INFO | Train Gamma Loss=-0.0100 | Val Gamma Loss=0.0007157555082812905
2025-05-29 21:59:20,266 | INFO | Best model with lowest val loss 0.7612123191356659 at 81 epoch is saved.
2025-05-29 21:59:23,289 | INFO | Test Accuracy: 77.51%
2025-05-29 21:59:23,391 | INFO | Last model with val loss 0.7661458551883698 at 99 epoch is saved.
2025-05-29 21:59:26,432 | INFO | Test Accuracy: 77.51%
2025-05-29 21:59:26,441 | INFO | 
Job Completed
