mv: cannot stat 'job_logs/train.err': No such file or directory
Starting training on cx3-20-3.cx3.hpc.ic.ac.uk at Sat 26 Apr 18:21:44 BST 2025
Using config: configs/stanford_dogs/zoomvit_configs/config_zoomvit_p22.json
in
/rds/general/user/psp20/home/.local/lib/python3.11/site-packages/torch/autograd/graph.py:823: UserWarning: adaptive_avg_pool2d_backward_cuda does not have a deterministic implementation, but you set 'torch.use_deterministic_algorithms(True, warn_only=True)'. You can file an issue at https://github.com/pytorch/pytorch/issues to help us prioritize adding deterministic support for this operation. (Triggered internally at /pytorch/aten/src/ATen/Context.cpp:92.)
  return Variable._execution_engine.run_backward(  # Calls into the C++ engine to run the backward pass
/rds/general/user/psp20/home/miniforge3/envs/brain-network-env/lib/python3.11/site-packages/sklearn/metrics/_classification.py:1565: UndefinedMetricWarning: Precision is ill-defined and being set to 0.0 in labels with no predicted samples. Use `zero_division` parameter to control this behavior.
  _warn_prf(average, modifier, f"{metric.capitalize()} is", len(result))
/rds/general/user/psp20/home/miniforge3/envs/brain-network-env/lib/python3.11/site-packages/sklearn/metrics/_classification.py:1565: UndefinedMetricWarning: Precision is ill-defined and being set to 0.0 in labels with no predicted samples. Use `zero_division` parameter to control this behavior.
  _warn_prf(average, modifier, f"{metric.capitalize()} is", len(result))
/rds/general/user/psp20/home/miniforge3/envs/brain-network-env/lib/python3.11/site-packages/sklearn/metrics/_classification.py:1565: UndefinedMetricWarning: Precision is ill-defined and being set to 0.0 in labels with no predicted samples. Use `zero_division` parameter to control this behavior.
  _warn_prf(average, modifier, f"{metric.capitalize()} is", len(result))
/rds/general/user/psp20/home/.local/lib/python3.11/site-packages/torch/autograd/graph.py:823: UserWarning: adaptive_avg_pool2d_backward_cuda does not have a deterministic implementation, but you set 'torch.use_deterministic_algorithms(True, warn_only=True)'. You can file an issue at https://github.com/pytorch/pytorch/issues to help us prioritize adding deterministic support for this operation. (Triggered internally at /pytorch/aten/src/ATen/Context.cpp:92.)
  return Variable._execution_engine.run_backward(  # Calls into the C++ engine to run the backward pass
/rds/general/user/psp20/home/miniforge3/envs/brain-network-env/lib/python3.11/site-packages/sklearn/metrics/_classification.py:1565: UndefinedMetricWarning: Precision is ill-defined and being set to 0.0 in labels with no predicted samples. Use `zero_division` parameter to control this behavior.
  _warn_prf(average, modifier, f"{metric.capitalize()} is", len(result))
/rds/general/user/psp20/home/miniforge3/envs/brain-network-env/lib/python3.11/site-packages/sklearn/metrics/_classification.py:1565: UndefinedMetricWarning: Precision is ill-defined and being set to 0.0 in labels with no predicted samples. Use `zero_division` parameter to control this behavior.
  _warn_prf(average, modifier, f"{metric.capitalize()} is", len(result))
/rds/general/user/psp20/home/miniforge3/envs/brain-network-env/lib/python3.11/site-packages/sklearn/metrics/_classification.py:1565: UndefinedMetricWarning: Precision is ill-defined and being set to 0.0 in labels with no predicted samples. Use `zero_division` parameter to control this behavior.
  _warn_prf(average, modifier, f"{metric.capitalize()} is", len(result))
Finished at Sat 26 Apr 19:38:51 BST 2025

====================================
CPU Time used: 01:56:04
CPU Percent: 163%
Memory usage: 1993744kb
Approx Power usage: 0.0232
Walltime usage: 01:17:18

====================================
