mv: cannot stat 'job_logs/train.err': No such file or directory
Starting training on cx3-20-0.cx3.hpc.ic.ac.uk at Fri 18 Apr 20:14:38 BST 2025
Using config: configs/config_cls_token.json
Traceback (most recent call last):
  File "/rds/general/user/psp20/home/Brain-Network/source/simple_cnn.py", line 452, in <module>
    main()
  File "/rds/general/user/psp20/home/Brain-Network/source/simple_cnn.py", line 373, in main
    model = ZoomVisionTransformer(
            ^^^^^^^^^^^^^^^^^^^^^^
  File "/rds/general/user/psp20/home/Brain-Network/source/models.py", line 195, in __init__
    self.register_buffer("dist_matrix", self.compute_token_distance_matrix(device=device))
                                        ^^^^^^^^^^^^^^^^^^^^^^^^^^^^^^^^^^^^^^^^^^^^^^^^^
  File "/rds/general/user/psp20/home/Brain-Network/source/models.py", line 263, in compute_token_distance_matrix
    dist = torch.cat([cls_row, dist], dim=0)
           ^^^^^^^^^^^^^^^^^^^^^^^^^^^^^^^^^
RuntimeError: Expected all tensors to be on the same device, but found at least two devices, cuda:0 and cpu! (when checking argument for argument tensors in method wrapper_CUDA_cat)
Finished at Fri 18 Apr 20:15:25 BST 2025

====================================
CPU Time used: 00:00:04
CPU Percent: 7%
Memory usage: 469672kb
Approx Power usage: 0.0
Walltime usage: 00:00:58

====================================
