mv: cannot stat 'job_logs/train.out': No such file or directory
mv: cannot stat 'job_logs/train.err': No such file or directory
Starting training on cx3-20-0.cx3.hpc.ic.ac.uk at Thu 24 Apr 10:38:30 BST 2025
Using config: configs/stanford_dogs/seed_configs/config_resnet_ps3.json
/rds/general/user/psp20/home/miniforge3/envs/brain-network-env/lib/python3.11/site-packages/sklearn/metrics/_classification.py:1565: UndefinedMetricWarning: Precision is ill-defined and being set to 0.0 in labels with no predicted samples. Use `zero_division` parameter to control this behavior.
  _warn_prf(average, modifier, f"{metric.capitalize()} is", len(result))
/rds/general/user/psp20/home/miniforge3/envs/brain-network-env/lib/python3.11/site-packages/sklearn/metrics/_classification.py:1565: UndefinedMetricWarning: Precision is ill-defined and being set to 0.0 in labels with no predicted samples. Use `zero_division` parameter to control this behavior.
  _warn_prf(average, modifier, f"{metric.capitalize()} is", len(result))
/rds/general/user/psp20/home/miniforge3/envs/brain-network-env/lib/python3.11/site-packages/sklearn/metrics/_classification.py:1565: UndefinedMetricWarning: Precision is ill-defined and being set to 0.0 in labels with no predicted samples. Use `zero_division` parameter to control this behavior.
  _warn_prf(average, modifier, f"{metric.capitalize()} is", len(result))
/rds/general/user/psp20/home/miniforge3/envs/brain-network-env/lib/python3.11/site-packages/sklearn/metrics/_classification.py:1565: UndefinedMetricWarning: Precision is ill-defined and being set to 0.0 in labels with no predicted samples. Use `zero_division` parameter to control this behavior.
  _warn_prf(average, modifier, f"{metric.capitalize()} is", len(result))
/rds/general/user/psp20/home/miniforge3/envs/brain-network-env/lib/python3.11/site-packages/sklearn/metrics/_classification.py:1565: UndefinedMetricWarning: Precision is ill-defined and being set to 0.0 in labels with no predicted samples. Use `zero_division` parameter to control this behavior.
  _warn_prf(average, modifier, f"{metric.capitalize()} is", len(result))
/rds/general/user/psp20/home/miniforge3/envs/brain-network-env/lib/python3.11/site-packages/sklearn/metrics/_classification.py:1565: UndefinedMetricWarning: Precision is ill-defined and being set to 0.0 in labels with no predicted samples. Use `zero_division` parameter to control this behavior.
  _warn_prf(average, modifier, f"{metric.capitalize()} is", len(result))
Finished at Thu 24 Apr 10:47:40 BST 2025

====================================
CPU Time used: 00:05:19
CPU Percent: 81%
Memory usage: 1549568kb
Approx Power usage: 0.001
Walltime usage: 00:09:23

====================================
