Starting training on cx3-20-6.cx3.hpc.ic.ac.uk at Thu  5 Jun 19:58:55 BST 2025
Using config: configs/stanford_dogs/zoomvit_configs/config_zoomvit_p65.json
/rds/general/user/psp20/home/Brain-Network/runs/zoomvit_p65_acc_20250605-200005
/rds/general/user/psp20/home/.local/lib/python3.11/site-packages/torch/autograd/graph.py:823: UserWarning: adaptive_avg_pool2d_backward_cuda does not have a deterministic implementation, but you set 'torch.use_deterministic_algorithms(True, warn_only=True)'. You can file an issue at https://github.com/pytorch/pytorch/issues to help us prioritize adding deterministic support for this operation. (Triggered internally at /pytorch/aten/src/ATen/Context.cpp:92.)
  return Variable._execution_engine.run_backward(  # Calls into the C++ engine to run the backward pass
/rds/general/user/psp20/home/Brain-Network/runs/zoomvit_p65_sample_eff_0_1_20250605-230858
/rds/general/user/psp20/home/.local/lib/python3.11/site-packages/torch/autograd/graph.py:823: UserWarning: adaptive_avg_pool2d_backward_cuda does not have a deterministic implementation, but you set 'torch.use_deterministic_algorithms(True, warn_only=True)'. You can file an issue at https://github.com/pytorch/pytorch/issues to help us prioritize adding deterministic support for this operation. (Triggered internally at /pytorch/aten/src/ATen/Context.cpp:92.)
  return Variable._execution_engine.run_backward(  # Calls into the C++ engine to run the backward pass
/rds/general/user/psp20/home/Brain-Network/runs/zoomvit_p65_sample_eff_0_25_20250605-234722
/rds/general/user/psp20/home/.local/lib/python3.11/site-packages/torch/autograd/graph.py:823: UserWarning: adaptive_avg_pool2d_backward_cuda does not have a deterministic implementation, but you set 'torch.use_deterministic_algorithms(True, warn_only=True)'. You can file an issue at https://github.com/pytorch/pytorch/issues to help us prioritize adding deterministic support for this operation. (Triggered internally at /pytorch/aten/src/ATen/Context.cpp:92.)
  return Variable._execution_engine.run_backward(  # Calls into the C++ engine to run the backward pass
/rds/general/user/psp20/home/Brain-Network/runs/zoomvit_p65_sample_eff_0_5_20250606-005231
/rds/general/user/psp20/home/.local/lib/python3.11/site-packages/torch/autograd/graph.py:823: UserWarning: adaptive_avg_pool2d_backward_cuda does not have a deterministic implementation, but you set 'torch.use_deterministic_algorithms(True, warn_only=True)'. You can file an issue at https://github.com/pytorch/pytorch/issues to help us prioritize adding deterministic support for this operation. (Triggered internally at /pytorch/aten/src/ATen/Context.cpp:92.)
  return Variable._execution_engine.run_backward(  # Calls into the C++ engine to run the backward pass
=>> PBS: job killed: walltime 21718 exceeded limit 21600
Clean up
/var/spool/pbs/mom_priv/jobs/502887.pbs-7.SC: line 15: 1322444 Terminated              python source/run_all_train_tests.py -c $CONFIG --run_all_tests
mv: cannot stat 'job_logs/train.err': No such file or directory

====================================
CPU Time used: 06:50:04
CPU Percent: 147%
Memory usage: 1975280kb
Approx Power usage: 0.082
Walltime usage: 06:02:09

====================================
