Starting training on cx3-20-0.cx3.hpc.ic.ac.uk at Thu  5 Jun 19:04:25 BST 2025
Using config: configs/cifar/round_5_05_06/config_brainit_5_3.json
/rds/general/user/psp20/home/Brain-Network/runs/brainit_5_3_acc_20250605-190518
/rds/general/user/psp20/home/.local/lib/python3.11/site-packages/torch/autograd/graph.py:823: UserWarning: adaptive_avg_pool2d_backward_cuda does not have a deterministic implementation, but you set 'torch.use_deterministic_algorithms(True, warn_only=True)'. You can file an issue at https://github.com/pytorch/pytorch/issues to help us prioritize adding deterministic support for this operation. (Triggered internally at /pytorch/aten/src/ATen/Context.cpp:92.)
  return Variable._execution_engine.run_backward(  # Calls into the C++ engine to run the backward pass
/rds/general/user/psp20/home/Brain-Network/runs/brainit_5_3_sample_eff_0_1_20250605-223813
/rds/general/user/psp20/home/.local/lib/python3.11/site-packages/torch/autograd/graph.py:823: UserWarning: adaptive_avg_pool2d_backward_cuda does not have a deterministic implementation, but you set 'torch.use_deterministic_algorithms(True, warn_only=True)'. You can file an issue at https://github.com/pytorch/pytorch/issues to help us prioritize adding deterministic support for this operation. (Triggered internally at /pytorch/aten/src/ATen/Context.cpp:92.)
  return Variable._execution_engine.run_backward(  # Calls into the C++ engine to run the backward pass
/rds/general/user/psp20/home/miniforge3/envs/brain-network-env/lib/python3.11/site-packages/sklearn/metrics/_classification.py:1565: UndefinedMetricWarning: Precision is ill-defined and being set to 0.0 in labels with no predicted samples. Use `zero_division` parameter to control this behavior.
  _warn_prf(average, modifier, f"{metric.capitalize()} is", len(result))
/rds/general/user/psp20/home/miniforge3/envs/brain-network-env/lib/python3.11/site-packages/sklearn/metrics/_classification.py:1565: UndefinedMetricWarning: Precision is ill-defined and being set to 0.0 in labels with no predicted samples. Use `zero_division` parameter to control this behavior.
  _warn_prf(average, modifier, f"{metric.capitalize()} is", len(result))
/rds/general/user/psp20/home/miniforge3/envs/brain-network-env/lib/python3.11/site-packages/sklearn/metrics/_classification.py:1565: UndefinedMetricWarning: Precision is ill-defined and being set to 0.0 in labels with no predicted samples. Use `zero_division` parameter to control this behavior.
  _warn_prf(average, modifier, f"{metric.capitalize()} is", len(result))
/rds/general/user/psp20/home/miniforge3/envs/brain-network-env/lib/python3.11/site-packages/sklearn/metrics/_classification.py:1565: UndefinedMetricWarning: Precision is ill-defined and being set to 0.0 in labels with no predicted samples. Use `zero_division` parameter to control this behavior.
  _warn_prf(average, modifier, f"{metric.capitalize()} is", len(result))
/rds/general/user/psp20/home/miniforge3/envs/brain-network-env/lib/python3.11/site-packages/sklearn/metrics/_classification.py:1565: UndefinedMetricWarning: Precision is ill-defined and being set to 0.0 in labels with no predicted samples. Use `zero_division` parameter to control this behavior.
  _warn_prf(average, modifier, f"{metric.capitalize()} is", len(result))
/rds/general/user/psp20/home/miniforge3/envs/brain-network-env/lib/python3.11/site-packages/sklearn/metrics/_classification.py:1565: UndefinedMetricWarning: Precision is ill-defined and being set to 0.0 in labels with no predicted samples. Use `zero_division` parameter to control this behavior.
  _warn_prf(average, modifier, f"{metric.capitalize()} is", len(result))
/rds/general/user/psp20/home/Brain-Network/runs/brainit_5_3_sample_eff_0_25_20250605-225420
/rds/general/user/psp20/home/.local/lib/python3.11/site-packages/torch/autograd/graph.py:823: UserWarning: adaptive_avg_pool2d_backward_cuda does not have a deterministic implementation, but you set 'torch.use_deterministic_algorithms(True, warn_only=True)'. You can file an issue at https://github.com/pytorch/pytorch/issues to help us prioritize adding deterministic support for this operation. (Triggered internally at /pytorch/aten/src/ATen/Context.cpp:92.)
  return Variable._execution_engine.run_backward(  # Calls into the C++ engine to run the backward pass
/rds/general/user/psp20/home/Brain-Network/runs/brainit_5_3_sample_eff_0_5_20250605-234104
/rds/general/user/psp20/home/.local/lib/python3.11/site-packages/torch/autograd/graph.py:823: UserWarning: adaptive_avg_pool2d_backward_cuda does not have a deterministic implementation, but you set 'torch.use_deterministic_algorithms(True, warn_only=True)'. You can file an issue at https://github.com/pytorch/pytorch/issues to help us prioritize adding deterministic support for this operation. (Triggered internally at /pytorch/aten/src/ATen/Context.cpp:92.)
  return Variable._execution_engine.run_backward(  # Calls into the C++ engine to run the backward pass
=>> PBS: job killed: walltime 21705 exceeded limit 21600
Clean up
/var/spool/pbs/mom_priv/jobs/501619.pbs-7.SC: line 15: 3014622 Terminated              python source/run_all_train_tests.py -c $CONFIG --run_all_tests
mv: cannot stat 'job_logs/train.err': No such file or directory

====================================
CPU Time used: 07:29:44
CPU Percent: 143%
Memory usage: 2291572kb
Approx Power usage: 0.08979999999999999
Walltime usage: 06:01:56

====================================
