2025-04-20 16:31:34,478 | INFO | Job Started
2025-04-20 16:31:34,478 | INFO | Logging run: /rds/general/user/psp20/home/Brain-Network/runs/resnet_m23_20250420-163134
2025-04-20 16:31:34,478 | INFO | Config:
{
  "seed": 42,
  "run_name": "resnet_m23",
  "model_type": "resnet18",
  "optimizer": "adam",
  "scheduler": "ReduceLROnPlateau",
  "criterion": "CE",
  "label_smoothing": 0,
  "train_split": 0.9,
  "batch_size": 128,
  "num_workers": 2,
  "lr": 0.001,
  "epochs": 50,
  "ema": false,
  "early_stopping": true,
  "min_diff": 0.001,
  "writer": true,
  "patience": 10,
  "use_flex": false,
  "use_pos_embed": false,
  "add_dropout": false,
  "mlp_end": false,
  "add_cls_token": false,
  "num_layers": 2,
  "trans_dropout_ratio": 0.0,
  "standard_scale": false,
  "transform_type": "custom",
  "downsample_fraction": 0.5,
  "few_shot": false,
  "attacker": false,
  "epsilon": false,
  "gaussian_std": false
}
2025-04-20 16:31:34,641 | INFO | Using device: cuda
2025-04-20 16:31:34,641 | INFO | Training for 50 epochs
2025-04-20 16:31:34,641 | INFO | Debug mode: False
2025-04-20 16:31:34,641 | INFO | Downsampling by: 0.5
2025-04-20 16:31:34,912 | INFO | Using custom transform
2025-04-20 16:31:36,701 | INFO | Full train/val size with downsampling (0.5): 25000
2025-04-20 16:31:38,531 | INFO | Label smoothing: 0
2025-04-20 16:31:42,668 | INFO | Epoch 1: Train Loss=1.6164, Train Acc=40.14% | Val Loss=1.4250, Val Acc=48.36% | Time: 4.14s
2025-04-20 16:31:42,669 | INFO | New best model saved (val loss = 1.4250)
2025-04-20 16:31:45,709 | INFO | Epoch 2: Train Loss=1.2010, Train Acc=56.85% | Val Loss=1.2750, Val Acc=55.96% | Time: 3.04s
2025-04-20 16:31:45,710 | INFO | New best model saved (val loss = 1.2750)
2025-04-20 16:31:48,747 | INFO | Epoch 3: Train Loss=1.0043, Train Acc=64.45% | Val Loss=1.2165, Val Acc=57.84% | Time: 3.04s
2025-04-20 16:31:48,748 | INFO | New best model saved (val loss = 1.2165)
2025-04-20 16:31:51,774 | INFO | Epoch 4: Train Loss=0.8742, Train Acc=69.12% | Val Loss=1.0624, Val Acc=65.32% | Time: 3.03s
2025-04-20 16:31:51,775 | INFO | New best model saved (val loss = 1.0624)
2025-04-20 16:31:54,789 | INFO | Epoch 5: Train Loss=0.7819, Train Acc=72.68% | Val Loss=0.9243, Val Acc=68.16% | Time: 3.01s
2025-04-20 16:31:54,790 | INFO | New best model saved (val loss = 0.9243)
2025-04-20 16:31:57,849 | INFO | Epoch 6: Train Loss=0.7088, Train Acc=75.42% | Val Loss=0.7775, Val Acc=72.92% | Time: 3.06s
2025-04-20 16:31:57,850 | INFO | New best model saved (val loss = 0.7775)
2025-04-20 16:32:00,925 | INFO | Epoch 7: Train Loss=0.6468, Train Acc=77.31% | Val Loss=0.7644, Val Acc=73.12% | Time: 3.07s
2025-04-20 16:32:00,926 | INFO | New best model saved (val loss = 0.7644)
2025-04-20 16:32:04,000 | INFO | Epoch 8: Train Loss=0.5854, Train Acc=79.94% | Val Loss=0.7298, Val Acc=74.40% | Time: 3.07s
2025-04-20 16:32:04,001 | INFO | New best model saved (val loss = 0.7298)
2025-04-20 16:32:07,084 | INFO | Epoch 9: Train Loss=0.5601, Train Acc=80.75% | Val Loss=0.7534, Val Acc=73.76% | Time: 3.08s
2025-04-20 16:32:10,137 | INFO | Epoch 10: Train Loss=0.5139, Train Acc=82.27% | Val Loss=0.7047, Val Acc=76.88% | Time: 3.05s
2025-04-20 16:32:10,138 | INFO | New best model saved (val loss = 0.7047)
2025-04-20 16:32:13,202 | INFO | Epoch 11: Train Loss=0.4977, Train Acc=82.92% | Val Loss=0.7375, Val Acc=75.00% | Time: 3.06s
2025-04-20 16:32:16,248 | INFO | Epoch 12: Train Loss=0.4687, Train Acc=83.70% | Val Loss=0.6446, Val Acc=77.44% | Time: 3.05s
2025-04-20 16:32:16,249 | INFO | New best model saved (val loss = 0.6446)
2025-04-20 16:32:19,289 | INFO | Epoch 13: Train Loss=0.4439, Train Acc=84.72% | Val Loss=0.5858, Val Acc=80.24% | Time: 3.04s
2025-04-20 16:32:19,290 | INFO | New best model saved (val loss = 0.5858)
2025-04-20 16:32:22,356 | INFO | Epoch 14: Train Loss=0.4143, Train Acc=85.66% | Val Loss=0.6080, Val Acc=80.12% | Time: 3.07s
2025-04-20 16:32:25,420 | INFO | Epoch 15: Train Loss=0.3990, Train Acc=86.27% | Val Loss=0.6084, Val Acc=79.76% | Time: 3.06s
2025-04-20 16:32:28,510 | INFO | Epoch 16: Train Loss=0.3755, Train Acc=87.18% | Val Loss=0.6065, Val Acc=80.04% | Time: 3.09s
2025-04-20 16:32:31,637 | INFO | Epoch 17: Train Loss=0.3673, Train Acc=87.18% | Val Loss=0.5996, Val Acc=79.92% | Time: 3.13s
2025-04-20 16:32:34,821 | INFO | Epoch 18: Train Loss=0.2410, Train Acc=91.88% | Val Loss=0.3838, Val Acc=87.16% | Time: 3.18s
2025-04-20 16:32:34,822 | INFO | New best model saved (val loss = 0.3838)
2025-04-20 16:32:38,063 | INFO | Epoch 19: Train Loss=0.1918, Train Acc=93.67% | Val Loss=0.3806, Val Acc=87.76% | Time: 3.24s
2025-04-20 16:32:38,064 | INFO | New best model saved (val loss = 0.3806)
2025-04-20 16:32:41,118 | INFO | Epoch 20: Train Loss=0.1734, Train Acc=94.11% | Val Loss=0.3871, Val Acc=87.60% | Time: 3.05s
2025-04-20 16:32:44,161 | INFO | Epoch 21: Train Loss=0.1594, Train Acc=94.70% | Val Loss=0.4104, Val Acc=87.04% | Time: 3.04s
2025-04-20 16:32:47,236 | INFO | Epoch 22: Train Loss=0.1499, Train Acc=94.94% | Val Loss=0.3857, Val Acc=87.92% | Time: 3.07s
2025-04-20 16:32:50,304 | INFO | Epoch 23: Train Loss=0.1372, Train Acc=95.34% | Val Loss=0.4168, Val Acc=87.00% | Time: 3.07s
2025-04-20 16:32:53,379 | INFO | Epoch 24: Train Loss=0.1218, Train Acc=95.84% | Val Loss=0.4004, Val Acc=87.84% | Time: 3.07s
2025-04-20 16:32:56,428 | INFO | Epoch 25: Train Loss=0.1127, Train Acc=96.18% | Val Loss=0.4116, Val Acc=87.48% | Time: 3.05s
2025-04-20 16:32:59,478 | INFO | Epoch 26: Train Loss=0.1099, Train Acc=96.35% | Val Loss=0.4068, Val Acc=87.76% | Time: 3.05s
2025-04-20 16:33:02,519 | INFO | Epoch 27: Train Loss=0.1117, Train Acc=96.20% | Val Loss=0.3984, Val Acc=87.56% | Time: 3.04s
2025-04-20 16:33:05,578 | INFO | Epoch 28: Train Loss=0.1088, Train Acc=96.32% | Val Loss=0.3918, Val Acc=88.36% | Time: 3.06s
2025-04-20 16:33:08,630 | INFO | Epoch 29: Train Loss=0.1086, Train Acc=96.29% | Val Loss=0.4039, Val Acc=87.84% | Time: 3.05s
2025-04-20 16:33:08,630 | INFO | Early stopping triggered at epoch 29
2025-04-20 16:33:08,699 | INFO | Best model with lowest val loss 0.3805821105837822 at 18 epoch is saved.
2025-04-20 16:33:09,487 | INFO | Test Accuracy: 88.50% | Test Loss: 0.39
2025-04-20 16:33:09,558 | INFO | Last model with val loss 0.40394093841314316 at 28 epoch is saved.
2025-04-20 16:33:10,318 | INFO | Test Accuracy: 88.50% | Test Loss: 0.39
2025-04-20 16:33:10,328 | INFO | 
Job Completed
