2025-05-29 21:48:24,466 | INFO | Job Started
2025-05-29 21:48:24,466 | INFO | Logging run: /rds/general/user/psp20/home/Brain-Network/runs/zoomvit_4_5_sample_eff_0_5_20250529-214824
2025-05-29 21:48:24,470 | INFO | Using device: cuda
2025-05-29 21:48:24,470 | INFO | Training for 100 epochs
2025-05-29 21:48:24,470 | INFO | Debug mode: False
2025-05-29 21:48:24,470 | INFO | Downsampling by: 0.5
2025-05-29 21:48:24,470 | INFO | Auxiliary loss: {'attention_entropy_loss': 0.1}
2025-05-29 21:48:24,470 | INFO | Train transforms: 
	Compose(
    RandomCrop(size=(32, 32), padding=4)
    RandomHorizontalFlip(p=0.5)
    ColorJitter(brightness=(0.8, 1.2), contrast=(0.8, 1.2), saturation=(0.8, 1.2), hue=None)
    ToTensor()
    Normalize(mean=(0.485, 0.456, 0.406), std=(0.229, 0.224, 0.225))
)
2025-05-29 21:48:24,470 | INFO | Test transforms: 
	Compose(
    ToTensor()
    Normalize(mean=(0.485, 0.456, 0.406), std=(0.229, 0.224, 0.225))
)
2025-05-29 21:48:26,580 | INFO | Full train/val size with downsampling (0.5): 25000
2025-05-29 21:48:26,581 | INFO | Using pretrained weights
2025-05-29 21:48:27,110 | INFO | Using mixup function and SoftTargetCrossEntropy
2025-05-29 21:48:27,110 | INFO | Auxiliary loss: {'attention_entropy_loss': 0.1}
2025-05-29 21:48:34,933 | INFO | Epoch: 1 | Time: 7.82s
2025-05-29 21:48:34,933 | INFO | Train Loss=2.4741, Train Acc=28.35%
2025-05-29 21:48:34,933 | INFO | Val Loss=2.0101, Val Acc=44.04%
2025-05-29 21:48:34,933 | INFO | Train Gamma Loss=0.4049 | Val Gamma Loss=0.41616225242614746
2025-05-29 21:48:34,935 | INFO | New best model saved (val loss = 2.0101)
2025-05-29 21:48:42,677 | INFO | Epoch: 2 | Time: 7.74s
2025-05-29 21:48:42,677 | INFO | Train Loss=2.1874, Train Acc=45.00%
2025-05-29 21:48:42,677 | INFO | Val Loss=1.7531, Val Acc=55.40%
2025-05-29 21:48:42,677 | INFO | Train Gamma Loss=0.4047 | Val Gamma Loss=0.41587671637535095
2025-05-29 21:48:42,679 | INFO | New best model saved (val loss = 1.7531)
2025-05-29 21:48:50,408 | INFO | Epoch: 3 | Time: 7.73s
2025-05-29 21:48:50,408 | INFO | Train Loss=1.6080, Train Acc=63.07%
2025-05-29 21:48:50,408 | INFO | Val Loss=0.7832, Val Acc=74.76%
2025-05-29 21:48:50,408 | INFO | Train Gamma Loss=0.1626 | Val Gamma Loss=0.011170659214258194
2025-05-29 21:48:50,410 | INFO | New best model saved (val loss = 0.7832)
2025-05-29 21:48:58,237 | INFO | Epoch: 4 | Time: 7.82s
2025-05-29 21:48:58,237 | INFO | Train Loss=1.3600, Train Acc=70.47%
2025-05-29 21:48:58,238 | INFO | Val Loss=0.7581, Val Acc=78.60%
2025-05-29 21:48:58,238 | INFO | Train Gamma Loss=-0.0071 | Val Gamma Loss=4.1230912756873295e-05
2025-05-29 21:48:58,239 | INFO | New best model saved (val loss = 0.7581)
2025-05-29 21:49:05,956 | INFO | Epoch: 5 | Time: 7.71s
2025-05-29 21:49:05,956 | INFO | Train Loss=1.2110, Train Acc=76.43%
2025-05-29 21:49:05,956 | INFO | Val Loss=0.5428, Val Acc=84.36%
2025-05-29 21:49:05,956 | INFO | Train Gamma Loss=-0.0097 | Val Gamma Loss=6.489246152341366e-05
2025-05-29 21:49:05,958 | INFO | New best model saved (val loss = 0.5428)
2025-05-29 21:49:13,670 | INFO | Epoch: 6 | Time: 7.71s
2025-05-29 21:49:13,670 | INFO | Train Loss=1.1672, Train Acc=78.88%
2025-05-29 21:49:13,670 | INFO | Val Loss=0.6433, Val Acc=80.72%
2025-05-29 21:49:13,670 | INFO | Train Gamma Loss=-0.0098 | Val Gamma Loss=3.307137740193866e-05
2025-05-29 21:49:21,337 | INFO | Epoch: 7 | Time: 7.67s
2025-05-29 21:49:21,338 | INFO | Train Loss=1.1326, Train Acc=79.12%
2025-05-29 21:49:21,338 | INFO | Val Loss=0.5904, Val Acc=82.00%
2025-05-29 21:49:21,338 | INFO | Train Gamma Loss=-0.0098 | Val Gamma Loss=4.425237057148479e-05
2025-05-29 21:49:29,082 | INFO | Epoch: 8 | Time: 7.74s
2025-05-29 21:49:29,082 | INFO | Train Loss=1.1036, Train Acc=80.76%
2025-05-29 21:49:29,082 | INFO | Val Loss=0.6298, Val Acc=85.28%
2025-05-29 21:49:29,083 | INFO | Train Gamma Loss=-0.0100 | Val Gamma Loss=1.106915715354262e-05
2025-05-29 21:49:36,820 | INFO | Epoch: 9 | Time: 7.73s
2025-05-29 21:49:36,820 | INFO | Train Loss=1.0719, Train Acc=83.12%
2025-05-29 21:49:36,820 | INFO | Val Loss=0.6253, Val Acc=86.96%
2025-05-29 21:49:36,821 | INFO | Train Gamma Loss=-0.0101 | Val Gamma Loss=3.0843709737382596e-06
2025-05-29 21:49:44,508 | INFO | Epoch: 10 | Time: 7.68s
2025-05-29 21:49:44,509 | INFO | Train Loss=1.0622, Train Acc=83.68%
2025-05-29 21:49:44,509 | INFO | Val Loss=0.6400, Val Acc=86.52%
2025-05-29 21:49:44,509 | INFO | Train Gamma Loss=-0.0102 | Val Gamma Loss=4.308823190513067e-05
2025-05-29 21:49:52,209 | INFO | Epoch: 11 | Time: 7.70s
2025-05-29 21:49:52,209 | INFO | Train Loss=0.9998, Train Acc=86.04%
2025-05-29 21:49:52,209 | INFO | Val Loss=0.4321, Val Acc=88.80%
2025-05-29 21:49:52,209 | INFO | Train Gamma Loss=-0.0102 | Val Gamma Loss=2.9324777642614208e-05
2025-05-29 21:49:52,210 | INFO | New best model saved (val loss = 0.4321)
2025-05-29 21:49:59,978 | INFO | Epoch: 12 | Time: 7.76s
2025-05-29 21:49:59,978 | INFO | Train Loss=1.0450, Train Acc=85.83%
2025-05-29 21:49:59,979 | INFO | Val Loss=0.4791, Val Acc=88.04%
2025-05-29 21:49:59,979 | INFO | Train Gamma Loss=-0.0103 | Val Gamma Loss=5.976972261123592e-06
2025-05-29 21:50:07,681 | INFO | Epoch: 13 | Time: 7.70s
2025-05-29 21:50:07,681 | INFO | Train Loss=1.0360, Train Acc=84.36%
2025-05-29 21:50:07,681 | INFO | Val Loss=0.4537, Val Acc=88.52%
2025-05-29 21:50:07,682 | INFO | Train Gamma Loss=-0.0103 | Val Gamma Loss=8.251373947132379e-05
2025-05-29 21:50:15,430 | INFO | Epoch: 14 | Time: 7.74s
2025-05-29 21:50:15,430 | INFO | Train Loss=1.0232, Train Acc=85.12%
2025-05-29 21:50:15,430 | INFO | Val Loss=0.4092, Val Acc=89.40%
2025-05-29 21:50:15,430 | INFO | Train Gamma Loss=-0.0100 | Val Gamma Loss=0.00031052660779096186
2025-05-29 21:50:15,431 | INFO | New best model saved (val loss = 0.4092)
2025-05-29 21:50:23,273 | INFO | Epoch: 15 | Time: 7.84s
2025-05-29 21:50:23,273 | INFO | Train Loss=1.0855, Train Acc=85.82%
2025-05-29 21:50:23,273 | INFO | Val Loss=0.5046, Val Acc=89.76%
2025-05-29 21:50:23,273 | INFO | Train Gamma Loss=-0.0101 | Val Gamma Loss=1.8959512090077624e-05
2025-05-29 21:50:31,002 | INFO | Epoch: 16 | Time: 7.72s
2025-05-29 21:50:31,002 | INFO | Train Loss=0.9344, Train Acc=87.73%
2025-05-29 21:50:31,002 | INFO | Val Loss=0.4293, Val Acc=88.64%
2025-05-29 21:50:31,002 | INFO | Train Gamma Loss=-0.0101 | Val Gamma Loss=0.0003629221464507282
2025-05-29 21:50:38,715 | INFO | Epoch: 17 | Time: 7.71s
2025-05-29 21:50:38,715 | INFO | Train Loss=0.9540, Train Acc=87.09%
2025-05-29 21:50:38,715 | INFO | Val Loss=0.4522, Val Acc=89.52%
2025-05-29 21:50:38,715 | INFO | Train Gamma Loss=-0.0101 | Val Gamma Loss=0.00017170356295537204
2025-05-29 21:50:46,436 | INFO | Epoch: 18 | Time: 7.72s
2025-05-29 21:50:46,436 | INFO | Train Loss=1.1274, Train Acc=82.71%
2025-05-29 21:50:46,436 | INFO | Val Loss=0.3971, Val Acc=89.08%
2025-05-29 21:50:46,436 | INFO | Train Gamma Loss=-0.0101 | Val Gamma Loss=0.0004331999516580254
2025-05-29 21:50:46,438 | INFO | New best model saved (val loss = 0.3971)
2025-05-29 21:50:54,414 | INFO | Epoch: 19 | Time: 7.97s
2025-05-29 21:50:54,414 | INFO | Train Loss=0.9776, Train Acc=86.10%
2025-05-29 21:50:54,414 | INFO | Val Loss=0.4295, Val Acc=89.76%
2025-05-29 21:50:54,414 | INFO | Train Gamma Loss=-0.0099 | Val Gamma Loss=0.00018521645688451827
2025-05-29 21:51:02,295 | INFO | Epoch: 20 | Time: 7.88s
2025-05-29 21:51:02,295 | INFO | Train Loss=1.0191, Train Acc=86.38%
2025-05-29 21:51:02,295 | INFO | Val Loss=0.4287, Val Acc=89.60%
2025-05-29 21:51:02,295 | INFO | Train Gamma Loss=-0.0100 | Val Gamma Loss=0.00040892718243412673
2025-05-29 21:51:10,041 | INFO | Epoch: 21 | Time: 7.74s
2025-05-29 21:51:10,041 | INFO | Train Loss=1.0129, Train Acc=86.97%
2025-05-29 21:51:10,041 | INFO | Val Loss=0.4235, Val Acc=89.00%
2025-05-29 21:51:10,041 | INFO | Train Gamma Loss=-0.0098 | Val Gamma Loss=0.0003697899228427559
2025-05-29 21:51:17,731 | INFO | Epoch: 22 | Time: 7.69s
2025-05-29 21:51:17,731 | INFO | Train Loss=1.0151, Train Acc=85.78%
2025-05-29 21:51:17,731 | INFO | Val Loss=0.3781, Val Acc=90.68%
2025-05-29 21:51:17,731 | INFO | Train Gamma Loss=-0.0100 | Val Gamma Loss=0.00016323706950061023
2025-05-29 21:51:17,733 | INFO | New best model saved (val loss = 0.3781)
2025-05-29 21:51:25,474 | INFO | Epoch: 23 | Time: 7.74s
2025-05-29 21:51:25,474 | INFO | Train Loss=0.9422, Train Acc=88.40%
2025-05-29 21:51:25,474 | INFO | Val Loss=0.4419, Val Acc=89.56%
2025-05-29 21:51:25,474 | INFO | Train Gamma Loss=-0.0102 | Val Gamma Loss=0.00014775102317798883
2025-05-29 21:51:33,243 | INFO | Epoch: 24 | Time: 7.76s
2025-05-29 21:51:33,243 | INFO | Train Loss=0.9666, Train Acc=87.78%
2025-05-29 21:51:33,243 | INFO | Val Loss=0.4615, Val Acc=89.96%
2025-05-29 21:51:33,243 | INFO | Train Gamma Loss=-0.0100 | Val Gamma Loss=0.00019259417604189366
2025-05-29 21:51:41,053 | INFO | Epoch: 25 | Time: 7.77s
2025-05-29 21:51:41,053 | INFO | Train Loss=0.9418, Train Acc=88.48%
2025-05-29 21:51:41,053 | INFO | Val Loss=0.4198, Val Acc=90.16%
2025-05-29 21:51:41,053 | INFO | Train Gamma Loss=-0.0099 | Val Gamma Loss=0.0002627946378197521
2025-05-29 21:51:48,707 | INFO | Epoch: 26 | Time: 7.65s
2025-05-29 21:51:48,708 | INFO | Train Loss=0.9772, Train Acc=88.56%
2025-05-29 21:51:48,708 | INFO | Val Loss=0.4862, Val Acc=89.36%
2025-05-29 21:51:48,708 | INFO | Train Gamma Loss=-0.0099 | Val Gamma Loss=0.0001916986220749095
2025-05-29 21:51:56,693 | INFO | Epoch: 27 | Time: 7.98s
2025-05-29 21:51:56,693 | INFO | Train Loss=0.9202, Train Acc=88.71%
2025-05-29 21:51:56,693 | INFO | Val Loss=0.4363, Val Acc=89.28%
2025-05-29 21:51:56,693 | INFO | Train Gamma Loss=-0.0101 | Val Gamma Loss=0.00020087613665964454
2025-05-29 21:52:04,334 | INFO | Epoch: 28 | Time: 7.64s
2025-05-29 21:52:04,334 | INFO | Train Loss=0.9461, Train Acc=87.52%
2025-05-29 21:52:04,334 | INFO | Val Loss=0.4248, Val Acc=89.20%
2025-05-29 21:52:04,334 | INFO | Train Gamma Loss=-0.0100 | Val Gamma Loss=0.0005039981915615499
2025-05-29 21:52:12,032 | INFO | Epoch: 29 | Time: 7.69s
2025-05-29 21:52:12,032 | INFO | Train Loss=0.9112, Train Acc=87.80%
2025-05-29 21:52:12,033 | INFO | Val Loss=0.4162, Val Acc=88.68%
2025-05-29 21:52:12,033 | INFO | Train Gamma Loss=-0.0101 | Val Gamma Loss=0.0005188590730540454
2025-05-29 21:52:19,712 | INFO | Epoch: 30 | Time: 7.67s
2025-05-29 21:52:19,712 | INFO | Train Loss=0.9347, Train Acc=87.63%
2025-05-29 21:52:19,712 | INFO | Val Loss=0.3929, Val Acc=91.00%
2025-05-29 21:52:19,712 | INFO | Train Gamma Loss=-0.0101 | Val Gamma Loss=0.00030103937024250627
2025-05-29 21:52:27,404 | INFO | Epoch: 31 | Time: 7.69s
2025-05-29 21:52:27,405 | INFO | Train Loss=0.9707, Train Acc=86.95%
2025-05-29 21:52:27,405 | INFO | Val Loss=0.3821, Val Acc=91.16%
2025-05-29 21:52:27,405 | INFO | Train Gamma Loss=-0.0101 | Val Gamma Loss=0.000731996085960418
2025-05-29 21:52:35,027 | INFO | Epoch: 32 | Time: 7.62s
2025-05-29 21:52:35,027 | INFO | Train Loss=0.9395, Train Acc=86.71%
2025-05-29 21:52:35,027 | INFO | Val Loss=0.4294, Val Acc=89.56%
2025-05-29 21:52:35,028 | INFO | Train Gamma Loss=-0.0099 | Val Gamma Loss=0.00040530573460273445
2025-05-29 21:52:42,752 | INFO | Epoch: 33 | Time: 7.72s
2025-05-29 21:52:42,752 | INFO | Train Loss=0.9607, Train Acc=87.59%
2025-05-29 21:52:42,752 | INFO | Val Loss=0.4144, Val Acc=90.12%
2025-05-29 21:52:42,753 | INFO | Train Gamma Loss=-0.0101 | Val Gamma Loss=0.0004759177681989968
2025-05-29 21:52:50,420 | INFO | Epoch: 34 | Time: 7.66s
2025-05-29 21:52:50,420 | INFO | Train Loss=0.9428, Train Acc=89.71%
2025-05-29 21:52:50,420 | INFO | Val Loss=0.4612, Val Acc=88.00%
2025-05-29 21:52:50,420 | INFO | Train Gamma Loss=-0.0099 | Val Gamma Loss=0.0007242708816193044
2025-05-29 21:52:58,064 | INFO | Epoch: 35 | Time: 7.64s
2025-05-29 21:52:58,064 | INFO | Train Loss=0.9832, Train Acc=86.90%
2025-05-29 21:52:58,064 | INFO | Val Loss=0.4647, Val Acc=88.56%
2025-05-29 21:52:58,065 | INFO | Train Gamma Loss=-0.0099 | Val Gamma Loss=0.0009224177338182926
2025-05-29 21:53:05,710 | INFO | Epoch: 36 | Time: 7.64s
2025-05-29 21:53:05,710 | INFO | Train Loss=0.9931, Train Acc=86.83%
2025-05-29 21:53:05,710 | INFO | Val Loss=0.4024, Val Acc=89.60%
2025-05-29 21:53:05,710 | INFO | Train Gamma Loss=-0.0101 | Val Gamma Loss=0.0007311977096833289
2025-05-29 21:53:13,482 | INFO | Epoch: 37 | Time: 7.77s
2025-05-29 21:53:13,482 | INFO | Train Loss=0.8940, Train Acc=90.98%
2025-05-29 21:53:13,482 | INFO | Val Loss=0.3862, Val Acc=90.76%
2025-05-29 21:53:13,482 | INFO | Train Gamma Loss=-0.0100 | Val Gamma Loss=0.0004863303620368242
2025-05-29 21:53:21,135 | INFO | Epoch: 38 | Time: 7.65s
2025-05-29 21:53:21,135 | INFO | Train Loss=1.0344, Train Acc=85.87%
2025-05-29 21:53:21,135 | INFO | Val Loss=0.4115, Val Acc=90.72%
2025-05-29 21:53:21,135 | INFO | Train Gamma Loss=-0.0101 | Val Gamma Loss=0.00046131687122397125
2025-05-29 21:53:28,842 | INFO | Epoch: 39 | Time: 7.70s
2025-05-29 21:53:28,842 | INFO | Train Loss=0.9050, Train Acc=88.59%
2025-05-29 21:53:28,842 | INFO | Val Loss=0.3876, Val Acc=90.84%
2025-05-29 21:53:28,842 | INFO | Train Gamma Loss=-0.0101 | Val Gamma Loss=0.00024741346715018153
2025-05-29 21:53:36,471 | INFO | Epoch: 40 | Time: 7.62s
2025-05-29 21:53:36,472 | INFO | Train Loss=0.8714, Train Acc=91.14%
2025-05-29 21:53:36,472 | INFO | Val Loss=0.3686, Val Acc=90.88%
2025-05-29 21:53:36,472 | INFO | Train Gamma Loss=-0.0101 | Val Gamma Loss=0.0004292679950594902
2025-05-29 21:53:36,473 | INFO | New best model saved (val loss = 0.3686)
2025-05-29 21:53:44,281 | INFO | Epoch: 41 | Time: 7.80s
2025-05-29 21:53:44,281 | INFO | Train Loss=0.8589, Train Acc=91.40%
2025-05-29 21:53:44,282 | INFO | Val Loss=0.3435, Val Acc=91.84%
2025-05-29 21:53:44,282 | INFO | Train Gamma Loss=-0.0101 | Val Gamma Loss=0.0004268465272616595
2025-05-29 21:53:44,283 | INFO | New best model saved (val loss = 0.3435)
2025-05-29 21:53:51,902 | INFO | Epoch: 42 | Time: 7.61s
2025-05-29 21:53:51,902 | INFO | Train Loss=0.8984, Train Acc=90.79%
2025-05-29 21:53:51,902 | INFO | Val Loss=0.3932, Val Acc=90.60%
2025-05-29 21:53:51,902 | INFO | Train Gamma Loss=-0.0101 | Val Gamma Loss=0.00036229408578947186
2025-05-29 21:53:59,573 | INFO | Epoch: 43 | Time: 7.66s
2025-05-29 21:53:59,573 | INFO | Train Loss=0.9066, Train Acc=90.68%
2025-05-29 21:53:59,573 | INFO | Val Loss=0.3604, Val Acc=90.96%
2025-05-29 21:53:59,573 | INFO | Train Gamma Loss=-0.0101 | Val Gamma Loss=0.0005841930978931487
2025-05-29 21:54:07,262 | INFO | Epoch: 44 | Time: 7.68s
2025-05-29 21:54:07,263 | INFO | Train Loss=0.8653, Train Acc=92.38%
2025-05-29 21:54:07,263 | INFO | Val Loss=0.3776, Val Acc=91.04%
2025-05-29 21:54:07,263 | INFO | Train Gamma Loss=-0.0101 | Val Gamma Loss=0.0002012259792536497
2025-05-29 21:54:14,944 | INFO | Epoch: 45 | Time: 7.67s
2025-05-29 21:54:14,944 | INFO | Train Loss=0.9021, Train Acc=89.29%
2025-05-29 21:54:14,944 | INFO | Val Loss=0.3844, Val Acc=91.44%
2025-05-29 21:54:14,945 | INFO | Train Gamma Loss=-0.0102 | Val Gamma Loss=0.00024521839804947376
2025-05-29 21:54:22,662 | INFO | Epoch: 46 | Time: 7.71s
2025-05-29 21:54:22,663 | INFO | Train Loss=0.9020, Train Acc=90.00%
2025-05-29 21:54:22,663 | INFO | Val Loss=0.3323, Val Acc=92.52%
2025-05-29 21:54:22,663 | INFO | Train Gamma Loss=-0.0102 | Val Gamma Loss=0.00017064157873392105
2025-05-29 21:54:22,664 | INFO | New best model saved (val loss = 0.3323)
2025-05-29 21:54:30,290 | INFO | Epoch: 47 | Time: 7.62s
2025-05-29 21:54:30,290 | INFO | Train Loss=0.8068, Train Acc=91.07%
2025-05-29 21:54:30,290 | INFO | Val Loss=0.3591, Val Acc=90.68%
2025-05-29 21:54:30,290 | INFO | Train Gamma Loss=-0.0103 | Val Gamma Loss=0.0001344285992672667
2025-05-29 21:54:37,945 | INFO | Epoch: 48 | Time: 7.65s
2025-05-29 21:54:37,945 | INFO | Train Loss=0.8811, Train Acc=91.34%
2025-05-29 21:54:37,945 | INFO | Val Loss=0.3738, Val Acc=91.20%
2025-05-29 21:54:37,945 | INFO | Train Gamma Loss=-0.0103 | Val Gamma Loss=0.0002125800820067525
2025-05-29 21:54:45,696 | INFO | Epoch: 49 | Time: 7.74s
2025-05-29 21:54:45,697 | INFO | Train Loss=0.9196, Train Acc=89.96%
2025-05-29 21:54:45,697 | INFO | Val Loss=0.3590, Val Acc=92.00%
2025-05-29 21:54:45,697 | INFO | Train Gamma Loss=-0.0101 | Val Gamma Loss=0.0001922744995681569
2025-05-29 21:54:53,352 | INFO | Epoch: 50 | Time: 7.65s
2025-05-29 21:54:53,353 | INFO | Train Loss=0.7930, Train Acc=93.24%
2025-05-29 21:54:53,353 | INFO | Val Loss=0.3350, Val Acc=91.80%
2025-05-29 21:54:53,353 | INFO | Train Gamma Loss=-0.0102 | Val Gamma Loss=0.00024040548305492848
2025-05-29 21:55:01,045 | INFO | Epoch: 51 | Time: 7.68s
2025-05-29 21:55:01,046 | INFO | Train Loss=0.8769, Train Acc=90.51%
2025-05-29 21:55:01,046 | INFO | Val Loss=0.3479, Val Acc=91.96%
2025-05-29 21:55:01,046 | INFO | Train Gamma Loss=-0.0102 | Val Gamma Loss=0.00030839728424325585
2025-05-29 21:55:08,694 | INFO | Epoch: 52 | Time: 7.64s
2025-05-29 21:55:08,694 | INFO | Train Loss=0.8907, Train Acc=89.51%
2025-05-29 21:55:08,694 | INFO | Val Loss=0.3706, Val Acc=92.48%
2025-05-29 21:55:08,694 | INFO | Train Gamma Loss=-0.0103 | Val Gamma Loss=0.00014557466784026474
2025-05-29 21:55:16,434 | INFO | Epoch: 53 | Time: 7.73s
2025-05-29 21:55:16,434 | INFO | Train Loss=0.8974, Train Acc=90.30%
2025-05-29 21:55:16,434 | INFO | Val Loss=0.3717, Val Acc=92.16%
2025-05-29 21:55:16,434 | INFO | Train Gamma Loss=-0.0103 | Val Gamma Loss=0.00014393609308172017
2025-05-29 21:55:24,074 | INFO | Epoch: 54 | Time: 7.63s
2025-05-29 21:55:24,074 | INFO | Train Loss=0.8812, Train Acc=89.88%
2025-05-29 21:55:24,074 | INFO | Val Loss=0.3268, Val Acc=92.28%
2025-05-29 21:55:24,074 | INFO | Train Gamma Loss=-0.0103 | Val Gamma Loss=0.00011131654173368588
2025-05-29 21:55:24,076 | INFO | New best model saved (val loss = 0.3268)
2025-05-29 21:55:31,742 | INFO | Epoch: 55 | Time: 7.66s
2025-05-29 21:55:31,742 | INFO | Train Loss=0.8450, Train Acc=91.06%
2025-05-29 21:55:31,742 | INFO | Val Loss=0.3523, Val Acc=92.48%
2025-05-29 21:55:31,742 | INFO | Train Gamma Loss=-0.0103 | Val Gamma Loss=0.0001517145719844848
2025-05-29 21:55:39,425 | INFO | Epoch: 56 | Time: 7.67s
2025-05-29 21:55:39,425 | INFO | Train Loss=0.8729, Train Acc=90.73%
2025-05-29 21:55:39,425 | INFO | Val Loss=0.3405, Val Acc=92.60%
2025-05-29 21:55:39,425 | INFO | Train Gamma Loss=-0.0103 | Val Gamma Loss=0.0002218435110989958
2025-05-29 21:55:47,088 | INFO | Epoch: 57 | Time: 7.65s
2025-05-29 21:55:47,088 | INFO | Train Loss=0.8964, Train Acc=88.56%
2025-05-29 21:55:47,088 | INFO | Val Loss=0.3232, Val Acc=93.16%
2025-05-29 21:55:47,088 | INFO | Train Gamma Loss=-0.0102 | Val Gamma Loss=0.0001531217567389831
2025-05-29 21:55:47,090 | INFO | New best model saved (val loss = 0.3232)
2025-05-29 21:55:54,761 | INFO | Epoch: 58 | Time: 7.66s
2025-05-29 21:55:54,762 | INFO | Train Loss=0.8068, Train Acc=92.87%
2025-05-29 21:55:54,762 | INFO | Val Loss=0.3276, Val Acc=92.40%
2025-05-29 21:55:54,762 | INFO | Train Gamma Loss=-0.0103 | Val Gamma Loss=0.00014852627646178007
2025-05-29 21:56:02,519 | INFO | Epoch: 59 | Time: 7.75s
2025-05-29 21:56:02,520 | INFO | Train Loss=0.8699, Train Acc=91.72%
2025-05-29 21:56:02,520 | INFO | Val Loss=0.3202, Val Acc=93.08%
2025-05-29 21:56:02,520 | INFO | Train Gamma Loss=-0.0103 | Val Gamma Loss=9.744721319293603e-05
2025-05-29 21:56:02,521 | INFO | New best model saved (val loss = 0.3202)
2025-05-29 21:56:10,544 | INFO | Epoch: 60 | Time: 8.01s
2025-05-29 21:56:10,544 | INFO | Train Loss=0.8523, Train Acc=93.47%
2025-05-29 21:56:10,544 | INFO | Val Loss=0.3188, Val Acc=93.08%
2025-05-29 21:56:10,544 | INFO | Train Gamma Loss=-0.0104 | Val Gamma Loss=8.09478442533873e-05
2025-05-29 21:56:10,545 | INFO | New best model saved (val loss = 0.3188)
2025-05-29 21:56:18,251 | INFO | Epoch: 61 | Time: 7.70s
2025-05-29 21:56:18,251 | INFO | Train Loss=0.8867, Train Acc=90.14%
2025-05-29 21:56:18,251 | INFO | Val Loss=0.3408, Val Acc=93.40%
2025-05-29 21:56:18,251 | INFO | Train Gamma Loss=-0.0103 | Val Gamma Loss=0.00012157810851931572
2025-05-29 21:56:25,960 | INFO | Epoch: 62 | Time: 7.70s
2025-05-29 21:56:25,960 | INFO | Train Loss=0.8772, Train Acc=90.40%
2025-05-29 21:56:25,960 | INFO | Val Loss=0.3196, Val Acc=93.64%
2025-05-29 21:56:25,960 | INFO | Train Gamma Loss=-0.0102 | Val Gamma Loss=0.0001282752928091213
2025-05-29 21:56:33,636 | INFO | Epoch: 63 | Time: 7.67s
2025-05-29 21:56:33,636 | INFO | Train Loss=0.9231, Train Acc=89.37%
2025-05-29 21:56:33,636 | INFO | Val Loss=0.4921, Val Acc=86.60%
2025-05-29 21:56:33,636 | INFO | Train Gamma Loss=-0.0102 | Val Gamma Loss=9.089744708035141e-05
2025-05-29 21:56:41,331 | INFO | Epoch: 64 | Time: 7.68s
2025-05-29 21:56:41,331 | INFO | Train Loss=0.9284, Train Acc=88.22%
2025-05-29 21:56:41,331 | INFO | Val Loss=0.3218, Val Acc=93.12%
2025-05-29 21:56:41,331 | INFO | Train Gamma Loss=-0.0103 | Val Gamma Loss=0.00012406054884195328
2025-05-29 21:56:49,122 | INFO | Epoch: 65 | Time: 7.78s
2025-05-29 21:56:49,122 | INFO | Train Loss=0.8435, Train Acc=93.30%
2025-05-29 21:56:49,122 | INFO | Val Loss=0.3032, Val Acc=93.20%
2025-05-29 21:56:49,122 | INFO | Train Gamma Loss=-0.0103 | Val Gamma Loss=0.00021787760488223284
2025-05-29 21:56:49,124 | INFO | New best model saved (val loss = 0.3032)
2025-05-29 21:56:56,916 | INFO | Epoch: 66 | Time: 7.78s
2025-05-29 21:56:56,917 | INFO | Train Loss=0.8762, Train Acc=91.46%
2025-05-29 21:56:56,917 | INFO | Val Loss=0.2948, Val Acc=93.52%
2025-05-29 21:56:56,917 | INFO | Train Gamma Loss=-0.0103 | Val Gamma Loss=0.00019955894094891846
2025-05-29 21:56:56,919 | INFO | New best model saved (val loss = 0.2948)
2025-05-29 21:57:04,583 | INFO | Epoch: 67 | Time: 7.65s
2025-05-29 21:57:04,583 | INFO | Train Loss=0.8727, Train Acc=91.06%
2025-05-29 21:57:04,583 | INFO | Val Loss=0.3171, Val Acc=93.12%
2025-05-29 21:57:04,583 | INFO | Train Gamma Loss=-0.0103 | Val Gamma Loss=0.000196898850845173
2025-05-29 21:57:12,246 | INFO | Epoch: 68 | Time: 7.65s
2025-05-29 21:57:12,246 | INFO | Train Loss=0.8761, Train Acc=90.96%
2025-05-29 21:57:12,246 | INFO | Val Loss=0.2963, Val Acc=93.52%
2025-05-29 21:57:12,246 | INFO | Train Gamma Loss=-0.0103 | Val Gamma Loss=0.00026174887898378074
2025-05-29 21:57:19,897 | INFO | Epoch: 69 | Time: 7.64s
2025-05-29 21:57:19,897 | INFO | Train Loss=0.8197, Train Acc=93.47%
2025-05-29 21:57:19,897 | INFO | Val Loss=0.2948, Val Acc=94.44%
2025-05-29 21:57:19,897 | INFO | Train Gamma Loss=-0.0103 | Val Gamma Loss=0.0002101006539305672
2025-05-29 21:57:19,899 | INFO | New best model saved (val loss = 0.2948)
2025-05-29 21:57:27,620 | INFO | Epoch: 70 | Time: 7.70s
2025-05-29 21:57:27,620 | INFO | Train Loss=0.8261, Train Acc=92.45%
2025-05-29 21:57:27,620 | INFO | Val Loss=0.3099, Val Acc=93.76%
2025-05-29 21:57:27,620 | INFO | Train Gamma Loss=-0.0103 | Val Gamma Loss=0.0002632507821545005
2025-05-29 21:57:35,286 | INFO | Epoch: 71 | Time: 7.66s
2025-05-29 21:57:35,286 | INFO | Train Loss=0.8216, Train Acc=92.93%
2025-05-29 21:57:35,286 | INFO | Val Loss=0.3214, Val Acc=93.72%
2025-05-29 21:57:35,287 | INFO | Train Gamma Loss=-0.0103 | Val Gamma Loss=0.0001486480177845806
2025-05-29 21:57:42,996 | INFO | Epoch: 72 | Time: 7.70s
2025-05-29 21:57:42,997 | INFO | Train Loss=0.8260, Train Acc=92.24%
2025-05-29 21:57:42,997 | INFO | Val Loss=0.3004, Val Acc=93.96%
2025-05-29 21:57:42,997 | INFO | Train Gamma Loss=-0.0103 | Val Gamma Loss=0.00020509716705419123
2025-05-29 21:57:50,747 | INFO | Epoch: 73 | Time: 7.74s
2025-05-29 21:57:50,748 | INFO | Train Loss=0.7976, Train Acc=94.27%
2025-05-29 21:57:50,748 | INFO | Val Loss=0.2997, Val Acc=94.04%
2025-05-29 21:57:50,748 | INFO | Train Gamma Loss=-0.0103 | Val Gamma Loss=9.529085218673572e-05
2025-05-29 21:57:58,481 | INFO | Epoch: 74 | Time: 7.72s
2025-05-29 21:57:58,482 | INFO | Train Loss=0.8726, Train Acc=92.48%
2025-05-29 21:57:58,482 | INFO | Val Loss=0.3111, Val Acc=93.56%
2025-05-29 21:57:58,482 | INFO | Train Gamma Loss=-0.0103 | Val Gamma Loss=0.00012208674161229283
2025-05-29 21:58:06,132 | INFO | Epoch: 75 | Time: 7.64s
2025-05-29 21:58:06,133 | INFO | Train Loss=0.8749, Train Acc=91.62%
2025-05-29 21:58:06,133 | INFO | Val Loss=0.2957, Val Acc=94.08%
2025-05-29 21:58:06,133 | INFO | Train Gamma Loss=-0.0103 | Val Gamma Loss=0.0001303788594668731
2025-05-29 21:58:13,925 | INFO | Epoch: 76 | Time: 7.78s
2025-05-29 21:58:13,925 | INFO | Train Loss=0.8253, Train Acc=92.80%
2025-05-29 21:58:13,925 | INFO | Val Loss=0.3132, Val Acc=93.92%
2025-05-29 21:58:13,925 | INFO | Train Gamma Loss=-0.0103 | Val Gamma Loss=0.000146630743984133
2025-05-29 21:58:21,629 | INFO | Epoch: 77 | Time: 7.69s
2025-05-29 21:58:21,629 | INFO | Train Loss=0.7841, Train Acc=94.91%
2025-05-29 21:58:21,629 | INFO | Val Loss=0.3135, Val Acc=93.76%
2025-05-29 21:58:21,629 | INFO | Train Gamma Loss=-0.0103 | Val Gamma Loss=0.00012607041571754962
2025-05-29 21:58:29,324 | INFO | Epoch: 78 | Time: 7.68s
2025-05-29 21:58:29,324 | INFO | Train Loss=0.8332, Train Acc=93.57%
2025-05-29 21:58:29,324 | INFO | Val Loss=0.2874, Val Acc=93.88%
2025-05-29 21:58:29,324 | INFO | Train Gamma Loss=-0.0103 | Val Gamma Loss=0.00014504230057355016
2025-05-29 21:58:29,326 | INFO | New best model saved (val loss = 0.2874)
2025-05-29 21:58:36,976 | INFO | Epoch: 79 | Time: 7.64s
2025-05-29 21:58:36,976 | INFO | Train Loss=0.8751, Train Acc=91.34%
2025-05-29 21:58:36,977 | INFO | Val Loss=0.3242, Val Acc=94.44%
2025-05-29 21:58:36,977 | INFO | Train Gamma Loss=-0.0103 | Val Gamma Loss=0.00010007163655245677
2025-05-29 21:58:44,631 | INFO | Epoch: 80 | Time: 7.64s
2025-05-29 21:58:44,632 | INFO | Train Loss=0.8315, Train Acc=91.07%
2025-05-29 21:58:44,632 | INFO | Val Loss=0.3104, Val Acc=94.56%
2025-05-29 21:58:44,632 | INFO | Train Gamma Loss=-0.0103 | Val Gamma Loss=0.0001776809513103217
2025-05-29 21:58:52,332 | INFO | Epoch: 81 | Time: 7.69s
2025-05-29 21:58:52,332 | INFO | Train Loss=0.8430, Train Acc=93.20%
2025-05-29 21:58:52,332 | INFO | Val Loss=0.2989, Val Acc=94.16%
2025-05-29 21:58:52,332 | INFO | Train Gamma Loss=-0.0103 | Val Gamma Loss=0.00011339256161591038
2025-05-29 21:59:00,161 | INFO | Epoch: 82 | Time: 7.82s
2025-05-29 21:59:00,161 | INFO | Train Loss=0.7625, Train Acc=94.00%
2025-05-29 21:59:00,162 | INFO | Val Loss=0.2986, Val Acc=94.28%
2025-05-29 21:59:00,162 | INFO | Train Gamma Loss=-0.0102 | Val Gamma Loss=0.00017617709818296134
2025-05-29 21:59:07,932 | INFO | Epoch: 83 | Time: 7.76s
2025-05-29 21:59:07,932 | INFO | Train Loss=0.8428, Train Acc=91.78%
2025-05-29 21:59:07,932 | INFO | Val Loss=0.2882, Val Acc=94.28%
2025-05-29 21:59:07,932 | INFO | Train Gamma Loss=-0.0103 | Val Gamma Loss=0.0001529028086224571
2025-05-29 21:59:15,681 | INFO | Epoch: 84 | Time: 7.74s
2025-05-29 21:59:15,681 | INFO | Train Loss=0.8348, Train Acc=94.81%
2025-05-29 21:59:15,681 | INFO | Val Loss=0.3080, Val Acc=94.64%
2025-05-29 21:59:15,681 | INFO | Train Gamma Loss=-0.0103 | Val Gamma Loss=9.469829092267901e-05
2025-05-29 21:59:23,422 | INFO | Epoch: 85 | Time: 7.73s
2025-05-29 21:59:23,423 | INFO | Train Loss=0.8563, Train Acc=92.72%
2025-05-29 21:59:23,423 | INFO | Val Loss=0.2886, Val Acc=94.52%
2025-05-29 21:59:23,423 | INFO | Train Gamma Loss=-0.0103 | Val Gamma Loss=0.00010732490773079917
2025-05-29 21:59:31,137 | INFO | Epoch: 86 | Time: 7.70s
2025-05-29 21:59:31,137 | INFO | Train Loss=0.7996, Train Acc=92.85%
2025-05-29 21:59:31,137 | INFO | Val Loss=0.2832, Val Acc=94.72%
2025-05-29 21:59:31,137 | INFO | Train Gamma Loss=-0.0103 | Val Gamma Loss=0.00011619151337072253
2025-05-29 21:59:31,139 | INFO | New best model saved (val loss = 0.2832)
2025-05-29 21:59:38,770 | INFO | Epoch: 87 | Time: 7.62s
2025-05-29 21:59:38,770 | INFO | Train Loss=0.7517, Train Acc=94.45%
2025-05-29 21:59:38,770 | INFO | Val Loss=0.2820, Val Acc=94.48%
2025-05-29 21:59:38,770 | INFO | Train Gamma Loss=-0.0103 | Val Gamma Loss=0.00016703311121091247
2025-05-29 21:59:38,772 | INFO | New best model saved (val loss = 0.2820)
2025-05-29 21:59:46,533 | INFO | Epoch: 88 | Time: 7.74s
2025-05-29 21:59:46,533 | INFO | Train Loss=0.7343, Train Acc=93.84%
2025-05-29 21:59:46,533 | INFO | Val Loss=0.2937, Val Acc=94.16%
2025-05-29 21:59:46,533 | INFO | Train Gamma Loss=-0.0103 | Val Gamma Loss=0.00010390290117356926
2025-05-29 21:59:54,321 | INFO | Epoch: 89 | Time: 7.77s
2025-05-29 21:59:54,321 | INFO | Train Loss=0.8341, Train Acc=90.77%
2025-05-29 21:59:54,321 | INFO | Val Loss=0.3160, Val Acc=94.00%
2025-05-29 21:59:54,322 | INFO | Train Gamma Loss=-0.0103 | Val Gamma Loss=0.0001313130051130429
2025-05-29 22:00:02,092 | INFO | Epoch: 90 | Time: 7.76s
2025-05-29 22:00:02,092 | INFO | Train Loss=0.8896, Train Acc=92.29%
2025-05-29 22:00:02,092 | INFO | Val Loss=0.3010, Val Acc=94.48%
2025-05-29 22:00:02,092 | INFO | Train Gamma Loss=-0.0103 | Val Gamma Loss=9.954557026503608e-05
2025-05-29 22:00:09,807 | INFO | Epoch: 91 | Time: 7.70s
2025-05-29 22:00:09,807 | INFO | Train Loss=0.9024, Train Acc=90.18%
2025-05-29 22:00:09,807 | INFO | Val Loss=0.3054, Val Acc=94.20%
2025-05-29 22:00:09,807 | INFO | Train Gamma Loss=-0.0103 | Val Gamma Loss=0.0001256035320693627
2025-05-29 22:00:17,527 | INFO | Epoch: 92 | Time: 7.71s
2025-05-29 22:00:17,527 | INFO | Train Loss=0.9009, Train Acc=89.83%
2025-05-29 22:00:17,527 | INFO | Val Loss=0.3101, Val Acc=94.56%
2025-05-29 22:00:17,527 | INFO | Train Gamma Loss=-0.0103 | Val Gamma Loss=9.259396028937772e-05
2025-05-29 22:00:25,249 | INFO | Epoch: 93 | Time: 7.71s
2025-05-29 22:00:25,249 | INFO | Train Loss=0.8552, Train Acc=91.91%
2025-05-29 22:00:25,249 | INFO | Val Loss=0.3020, Val Acc=94.56%
2025-05-29 22:00:25,249 | INFO | Train Gamma Loss=-0.0103 | Val Gamma Loss=0.00011076321970904246
2025-05-29 22:00:32,982 | INFO | Epoch: 94 | Time: 7.72s
2025-05-29 22:00:32,982 | INFO | Train Loss=0.8427, Train Acc=91.20%
2025-05-29 22:00:32,982 | INFO | Val Loss=0.2939, Val Acc=93.68%
2025-05-29 22:00:32,982 | INFO | Train Gamma Loss=-0.0103 | Val Gamma Loss=9.859673446044326e-05
2025-05-29 22:00:40,752 | INFO | Epoch: 95 | Time: 7.76s
2025-05-29 22:00:40,753 | INFO | Train Loss=0.7591, Train Acc=93.68%
2025-05-29 22:00:40,753 | INFO | Val Loss=0.2968, Val Acc=94.08%
2025-05-29 22:00:40,753 | INFO | Train Gamma Loss=-0.0103 | Val Gamma Loss=0.00012488161155488342
2025-05-29 22:00:48,438 | INFO | Epoch: 96 | Time: 7.67s
2025-05-29 22:00:48,438 | INFO | Train Loss=0.8459, Train Acc=93.62%
2025-05-29 22:00:48,438 | INFO | Val Loss=0.2620, Val Acc=94.68%
2025-05-29 22:00:48,438 | INFO | Train Gamma Loss=-0.0103 | Val Gamma Loss=0.0001333849795628339
2025-05-29 22:00:48,440 | INFO | New best model saved (val loss = 0.2620)
2025-05-29 22:00:56,398 | INFO | Epoch: 97 | Time: 7.94s
2025-05-29 22:00:56,398 | INFO | Train Loss=0.9154, Train Acc=89.72%
2025-05-29 22:00:56,399 | INFO | Val Loss=0.3122, Val Acc=94.56%
2025-05-29 22:00:56,399 | INFO | Train Gamma Loss=-0.0103 | Val Gamma Loss=0.00011435990745667368
2025-05-29 22:01:04,077 | INFO | Epoch: 98 | Time: 7.66s
2025-05-29 22:01:04,077 | INFO | Train Loss=0.8521, Train Acc=92.66%
2025-05-29 22:01:04,077 | INFO | Val Loss=0.3076, Val Acc=94.28%
2025-05-29 22:01:04,078 | INFO | Train Gamma Loss=-0.0103 | Val Gamma Loss=0.00011783917580032721
2025-05-29 22:01:11,852 | INFO | Epoch: 99 | Time: 7.76s
2025-05-29 22:01:11,852 | INFO | Train Loss=0.7968, Train Acc=94.27%
2025-05-29 22:01:11,852 | INFO | Val Loss=0.2873, Val Acc=94.36%
2025-05-29 22:01:11,853 | INFO | Train Gamma Loss=-0.0103 | Val Gamma Loss=0.00015093902766238898
2025-05-29 22:01:19,536 | INFO | Epoch: 100 | Time: 7.67s
2025-05-29 22:01:19,536 | INFO | Train Loss=0.8175, Train Acc=93.63%
2025-05-29 22:01:19,536 | INFO | Val Loss=0.3205, Val Acc=94.96%
2025-05-29 22:01:19,536 | INFO | Train Gamma Loss=-0.0103 | Val Gamma Loss=0.00014574939268641174
2025-05-29 22:01:19,636 | INFO | Best model with lowest val loss 0.26196770220994947 at 95 epoch is saved.
2025-05-29 22:01:20,586 | INFO | Test Accuracy: 94.52%
2025-05-29 22:01:20,706 | INFO | Last model with val loss 0.32045179456472395 at 99 epoch is saved.
2025-05-29 22:01:21,691 | INFO | Test Accuracy: 94.52%
2025-05-29 22:01:21,726 | INFO | 
Job Completed
