2025-06-05 19:50:57,333 | INFO | Job Started
2025-06-05 19:50:57,333 | INFO | Logging run: /rds/general/user/psp20/home/Brain-Network/runs/resnet_5_1_v3_acc_20250605-195057
2025-06-05 19:50:57,531 | INFO | Using device: cuda
2025-06-05 19:50:57,531 | INFO | Training for 100 epochs
2025-06-05 19:50:57,531 | INFO | Debug mode: False
2025-06-05 19:50:57,531 | INFO | Downsampling by: 0
2025-06-05 19:50:57,531 | INFO | Auxiliary loss: {'loss_type': 0.01}
2025-06-05 19:50:57,532 | INFO | Train transforms: 
	Compose(
    RandomCrop(size=(32, 32), padding=4)
    RandomHorizontalFlip(p=0.5)
    ToTensor()
    Normalize(mean=(0.4914, 0.4822, 0.4465), std=(0.2023, 0.1994, 0.201))
)
2025-06-05 19:50:57,532 | INFO | Test transforms: 
	Compose(
    ToTensor()
    Normalize(mean=(0.4914, 0.4822, 0.4465), std=(0.2023, 0.1994, 0.201))
)
2025-06-05 19:51:00,312 | INFO | Full train/val size with downsampling (0): 50000
2025-06-05 19:51:00,669 | INFO | Label smoothing: 0.1
2025-06-05 19:51:00,669 | INFO | Auxiliary loss: {'loss_type': 0.01}
2025-06-05 19:51:13,193 | INFO | Epoch: 1 | Time: 12.52s
2025-06-05 19:51:13,193 | INFO | Train Loss=2.0842, Train Acc=25.62%
2025-06-05 19:51:13,193 | INFO | Val Loss=1.8364, Val Acc=32.54%
2025-06-05 19:51:13,194 | INFO | New best model saved (val loss = 1.8364)
2025-06-05 19:51:20,041 | INFO | Epoch: 2 | Time: 6.85s
2025-06-05 19:51:20,041 | INFO | Train Loss=1.8357, Train Acc=37.00%
2025-06-05 19:51:20,041 | INFO | Val Loss=1.6507, Val Acc=39.72%
2025-06-05 19:51:20,042 | INFO | New best model saved (val loss = 1.6507)
2025-06-05 19:51:26,937 | INFO | Epoch: 3 | Time: 6.90s
2025-06-05 19:51:26,938 | INFO | Train Loss=1.5842, Train Acc=49.45%
2025-06-05 19:51:26,938 | INFO | Val Loss=1.2999, Val Acc=54.24%
2025-06-05 19:51:26,938 | INFO | New best model saved (val loss = 1.2999)
2025-06-05 19:51:33,832 | INFO | Epoch: 4 | Time: 6.89s
2025-06-05 19:51:33,832 | INFO | Train Loss=1.3544, Train Acc=61.18%
2025-06-05 19:51:33,832 | INFO | Val Loss=1.0262, Val Acc=64.14%
2025-06-05 19:51:33,833 | INFO | New best model saved (val loss = 1.0262)
2025-06-05 19:51:40,789 | INFO | Epoch: 5 | Time: 6.96s
2025-06-05 19:51:40,790 | INFO | Train Loss=1.1878, Train Acc=69.70%
2025-06-05 19:51:40,790 | INFO | Val Loss=0.9039, Val Acc=69.82%
2025-06-05 19:51:40,790 | INFO | New best model saved (val loss = 0.9039)
2025-06-05 19:51:47,681 | INFO | Epoch: 6 | Time: 6.89s
2025-06-05 19:51:47,681 | INFO | Train Loss=1.0798, Train Acc=74.81%
2025-06-05 19:51:47,682 | INFO | Val Loss=0.8014, Val Acc=73.80%
2025-06-05 19:51:47,682 | INFO | New best model saved (val loss = 0.8014)
2025-06-05 19:51:54,658 | INFO | Epoch: 7 | Time: 6.97s
2025-06-05 19:51:54,658 | INFO | Train Loss=1.0037, Train Acc=78.39%
2025-06-05 19:51:54,658 | INFO | Val Loss=0.7949, Val Acc=73.80%
2025-06-05 19:51:54,659 | INFO | New best model saved (val loss = 0.7949)
2025-06-05 19:52:01,559 | INFO | Epoch: 8 | Time: 6.90s
2025-06-05 19:52:01,560 | INFO | Train Loss=0.9345, Train Acc=81.52%
2025-06-05 19:52:01,560 | INFO | Val Loss=0.6589, Val Acc=78.66%
2025-06-05 19:52:01,561 | INFO | New best model saved (val loss = 0.6589)
2025-06-05 19:52:08,468 | INFO | Epoch: 9 | Time: 6.91s
2025-06-05 19:52:08,468 | INFO | Train Loss=0.8826, Train Acc=83.60%
2025-06-05 19:52:08,468 | INFO | Val Loss=0.6612, Val Acc=78.54%
2025-06-05 19:52:15,360 | INFO | Epoch: 10 | Time: 6.89s
2025-06-05 19:52:15,360 | INFO | Train Loss=0.8451, Train Acc=85.43%
2025-06-05 19:52:15,360 | INFO | Val Loss=0.5464, Val Acc=83.08%
2025-06-05 19:52:15,361 | INFO | New best model saved (val loss = 0.5464)
2025-06-05 19:52:22,261 | INFO | Epoch: 11 | Time: 6.90s
2025-06-05 19:52:22,261 | INFO | Train Loss=0.8162, Train Acc=86.52%
2025-06-05 19:52:22,261 | INFO | Val Loss=0.5595, Val Acc=83.00%
2025-06-05 19:52:29,173 | INFO | Epoch: 12 | Time: 6.91s
2025-06-05 19:52:29,174 | INFO | Train Loss=0.7837, Train Acc=87.92%
2025-06-05 19:52:29,174 | INFO | Val Loss=0.5265, Val Acc=84.10%
2025-06-05 19:52:29,175 | INFO | New best model saved (val loss = 0.5265)
2025-06-05 19:52:36,144 | INFO | Epoch: 13 | Time: 6.97s
2025-06-05 19:52:36,144 | INFO | Train Loss=0.7651, Train Acc=88.72%
2025-06-05 19:52:36,144 | INFO | Val Loss=0.4862, Val Acc=85.06%
2025-06-05 19:52:36,145 | INFO | New best model saved (val loss = 0.4862)
2025-06-05 19:52:43,049 | INFO | Epoch: 14 | Time: 6.90s
2025-06-05 19:52:43,049 | INFO | Train Loss=0.7466, Train Acc=89.66%
2025-06-05 19:52:43,049 | INFO | Val Loss=0.4985, Val Acc=86.04%
2025-06-05 19:52:49,960 | INFO | Epoch: 15 | Time: 6.91s
2025-06-05 19:52:49,960 | INFO | Train Loss=0.7320, Train Acc=90.24%
2025-06-05 19:52:49,960 | INFO | Val Loss=0.5775, Val Acc=82.10%
2025-06-05 19:52:56,861 | INFO | Epoch: 16 | Time: 6.90s
2025-06-05 19:52:56,861 | INFO | Train Loss=0.7141, Train Acc=91.04%
2025-06-05 19:52:56,861 | INFO | Val Loss=0.4974, Val Acc=85.96%
2025-06-05 19:53:03,769 | INFO | Epoch: 17 | Time: 6.91s
2025-06-05 19:53:03,769 | INFO | Train Loss=0.6963, Train Acc=91.73%
2025-06-05 19:53:03,769 | INFO | Val Loss=0.4687, Val Acc=86.22%
2025-06-05 19:53:03,770 | INFO | New best model saved (val loss = 0.4687)
2025-06-05 19:53:10,680 | INFO | Epoch: 18 | Time: 6.91s
2025-06-05 19:53:10,681 | INFO | Train Loss=0.6830, Train Acc=92.37%
2025-06-05 19:53:10,681 | INFO | Val Loss=0.4283, Val Acc=87.30%
2025-06-05 19:53:10,681 | INFO | New best model saved (val loss = 0.4283)
2025-06-05 19:53:17,599 | INFO | Epoch: 19 | Time: 6.92s
2025-06-05 19:53:17,600 | INFO | Train Loss=0.6725, Train Acc=92.83%
2025-06-05 19:53:17,600 | INFO | Val Loss=0.4186, Val Acc=88.34%
2025-06-05 19:53:17,601 | INFO | New best model saved (val loss = 0.4186)
2025-06-05 19:53:24,605 | INFO | Epoch: 20 | Time: 7.00s
2025-06-05 19:53:24,605 | INFO | Train Loss=0.6618, Train Acc=93.33%
2025-06-05 19:53:24,605 | INFO | Val Loss=0.4171, Val Acc=87.94%
2025-06-05 19:53:24,606 | INFO | New best model saved (val loss = 0.4171)
2025-06-05 19:53:31,541 | INFO | Epoch: 21 | Time: 6.93s
2025-06-05 19:53:31,541 | INFO | Train Loss=0.6508, Train Acc=93.80%
2025-06-05 19:53:31,541 | INFO | Val Loss=0.4752, Val Acc=86.36%
2025-06-05 19:53:38,449 | INFO | Epoch: 22 | Time: 6.91s
2025-06-05 19:53:38,449 | INFO | Train Loss=0.6409, Train Acc=94.22%
2025-06-05 19:53:38,450 | INFO | Val Loss=0.4032, Val Acc=88.26%
2025-06-05 19:53:38,450 | INFO | New best model saved (val loss = 0.4032)
2025-06-05 19:53:45,408 | INFO | Epoch: 23 | Time: 6.96s
2025-06-05 19:53:45,408 | INFO | Train Loss=0.6333, Train Acc=94.39%
2025-06-05 19:53:45,409 | INFO | Val Loss=0.4392, Val Acc=86.78%
2025-06-05 19:53:52,329 | INFO | Epoch: 24 | Time: 6.92s
2025-06-05 19:53:52,329 | INFO | Train Loss=0.6257, Train Acc=94.86%
2025-06-05 19:53:52,329 | INFO | Val Loss=0.4398, Val Acc=87.18%
2025-06-05 19:53:59,289 | INFO | Epoch: 25 | Time: 6.96s
2025-06-05 19:53:59,289 | INFO | Train Loss=0.6158, Train Acc=95.26%
2025-06-05 19:53:59,289 | INFO | Val Loss=0.4318, Val Acc=88.38%
2025-06-05 19:54:06,250 | INFO | Epoch: 26 | Time: 6.96s
2025-06-05 19:54:06,251 | INFO | Train Loss=0.6092, Train Acc=95.42%
2025-06-05 19:54:06,251 | INFO | Val Loss=0.4345, Val Acc=87.90%
2025-06-05 19:54:13,169 | INFO | Epoch: 27 | Time: 6.92s
2025-06-05 19:54:13,169 | INFO | Train Loss=0.6022, Train Acc=95.72%
2025-06-05 19:54:13,169 | INFO | Val Loss=0.4184, Val Acc=87.64%
2025-06-05 19:54:20,092 | INFO | Epoch: 28 | Time: 6.92s
2025-06-05 19:54:20,093 | INFO | Train Loss=0.5940, Train Acc=96.06%
2025-06-05 19:54:20,093 | INFO | Val Loss=0.3959, Val Acc=89.08%
2025-06-05 19:54:20,094 | INFO | New best model saved (val loss = 0.3959)
2025-06-05 19:54:27,151 | INFO | Epoch: 29 | Time: 7.06s
2025-06-05 19:54:27,152 | INFO | Train Loss=0.5873, Train Acc=96.44%
2025-06-05 19:54:27,152 | INFO | Val Loss=0.3951, Val Acc=89.12%
2025-06-05 19:54:27,153 | INFO | New best model saved (val loss = 0.3951)
2025-06-05 19:54:34,082 | INFO | Epoch: 30 | Time: 6.93s
2025-06-05 19:54:34,082 | INFO | Train Loss=0.5816, Train Acc=96.65%
2025-06-05 19:54:34,083 | INFO | Val Loss=0.3934, Val Acc=89.20%
2025-06-05 19:54:34,083 | INFO | New best model saved (val loss = 0.3934)
2025-06-05 19:54:41,027 | INFO | Epoch: 31 | Time: 6.94s
2025-06-05 19:54:41,027 | INFO | Train Loss=0.5802, Train Acc=96.72%
2025-06-05 19:54:41,028 | INFO | Val Loss=0.3760, Val Acc=89.82%
2025-06-05 19:54:41,028 | INFO | New best model saved (val loss = 0.3760)
2025-06-05 19:54:47,955 | INFO | Epoch: 32 | Time: 6.93s
2025-06-05 19:54:47,955 | INFO | Train Loss=0.5706, Train Acc=97.07%
2025-06-05 19:54:47,955 | INFO | Val Loss=0.3917, Val Acc=89.44%
2025-06-05 19:54:54,874 | INFO | Epoch: 33 | Time: 6.92s
2025-06-05 19:54:54,874 | INFO | Train Loss=0.5674, Train Acc=97.33%
2025-06-05 19:54:54,874 | INFO | Val Loss=0.4083, Val Acc=88.86%
2025-06-05 19:55:01,805 | INFO | Epoch: 34 | Time: 6.93s
2025-06-05 19:55:01,805 | INFO | Train Loss=0.5629, Train Acc=97.52%
2025-06-05 19:55:01,805 | INFO | Val Loss=0.4084, Val Acc=88.92%
2025-06-05 19:55:08,729 | INFO | Epoch: 35 | Time: 6.92s
2025-06-05 19:55:08,730 | INFO | Train Loss=0.5563, Train Acc=97.77%
2025-06-05 19:55:08,730 | INFO | Val Loss=0.3910, Val Acc=89.52%
2025-06-05 19:55:15,636 | INFO | Epoch: 36 | Time: 6.91s
2025-06-05 19:55:15,636 | INFO | Train Loss=0.5523, Train Acc=97.94%
2025-06-05 19:55:15,636 | INFO | Val Loss=0.3799, Val Acc=89.66%
2025-06-05 19:55:22,575 | INFO | Epoch: 37 | Time: 6.94s
2025-06-05 19:55:22,575 | INFO | Train Loss=0.5502, Train Acc=97.98%
2025-06-05 19:55:22,575 | INFO | Val Loss=0.3798, Val Acc=90.02%
2025-06-05 19:55:29,544 | INFO | Epoch: 38 | Time: 6.97s
2025-06-05 19:55:29,545 | INFO | Train Loss=0.5453, Train Acc=98.23%
2025-06-05 19:55:29,545 | INFO | Val Loss=0.3957, Val Acc=89.70%
2025-06-05 19:55:36,529 | INFO | Epoch: 39 | Time: 6.98s
2025-06-05 19:55:36,529 | INFO | Train Loss=0.5418, Train Acc=98.44%
2025-06-05 19:55:36,529 | INFO | Val Loss=0.3871, Val Acc=89.50%
2025-06-05 19:55:43,484 | INFO | Epoch: 40 | Time: 6.95s
2025-06-05 19:55:43,484 | INFO | Train Loss=0.5424, Train Acc=98.30%
2025-06-05 19:55:43,484 | INFO | Val Loss=0.3598, Val Acc=90.72%
2025-06-05 19:55:43,485 | INFO | New best model saved (val loss = 0.3598)
2025-06-05 19:55:50,512 | INFO | Epoch: 41 | Time: 7.03s
2025-06-05 19:55:50,512 | INFO | Train Loss=0.5415, Train Acc=98.30%
2025-06-05 19:55:50,512 | INFO | Val Loss=0.3637, Val Acc=90.84%
2025-06-05 19:55:57,454 | INFO | Epoch: 42 | Time: 6.94s
2025-06-05 19:55:57,454 | INFO | Train Loss=0.5375, Train Acc=98.51%
2025-06-05 19:55:57,454 | INFO | Val Loss=0.3990, Val Acc=89.50%
2025-06-05 19:56:04,425 | INFO | Epoch: 43 | Time: 6.97s
2025-06-05 19:56:04,425 | INFO | Train Loss=0.5356, Train Acc=98.65%
2025-06-05 19:56:04,425 | INFO | Val Loss=0.3535, Val Acc=91.20%
2025-06-05 19:56:04,426 | INFO | New best model saved (val loss = 0.3535)
2025-06-05 19:56:11,459 | INFO | Epoch: 44 | Time: 7.03s
2025-06-05 19:56:11,459 | INFO | Train Loss=0.5312, Train Acc=98.85%
2025-06-05 19:56:11,459 | INFO | Val Loss=0.3763, Val Acc=90.30%
2025-06-05 19:56:18,386 | INFO | Epoch: 45 | Time: 6.93s
2025-06-05 19:56:18,386 | INFO | Train Loss=0.5294, Train Acc=98.89%
2025-06-05 19:56:18,386 | INFO | Val Loss=0.3697, Val Acc=90.76%
2025-06-05 19:56:25,328 | INFO | Epoch: 46 | Time: 6.94s
2025-06-05 19:56:25,328 | INFO | Train Loss=0.5256, Train Acc=99.03%
2025-06-05 19:56:25,328 | INFO | Val Loss=0.3532, Val Acc=91.22%
2025-06-05 19:56:25,329 | INFO | New best model saved (val loss = 0.3532)
2025-06-05 19:56:32,303 | INFO | Epoch: 47 | Time: 6.97s
2025-06-05 19:56:32,304 | INFO | Train Loss=0.5256, Train Acc=99.05%
2025-06-05 19:56:32,304 | INFO | Val Loss=0.3604, Val Acc=90.92%
2025-06-05 19:56:39,275 | INFO | Epoch: 48 | Time: 6.97s
2025-06-05 19:56:39,275 | INFO | Train Loss=0.5246, Train Acc=99.10%
2025-06-05 19:56:39,275 | INFO | Val Loss=0.3546, Val Acc=91.34%
2025-06-05 19:56:46,204 | INFO | Epoch: 49 | Time: 6.93s
2025-06-05 19:56:46,204 | INFO | Train Loss=0.5214, Train Acc=99.23%
2025-06-05 19:56:46,204 | INFO | Val Loss=0.3583, Val Acc=90.96%
2025-06-05 19:56:53,133 | INFO | Epoch: 50 | Time: 6.93s
2025-06-05 19:56:53,133 | INFO | Train Loss=0.5222, Train Acc=99.21%
2025-06-05 19:56:53,133 | INFO | Val Loss=0.3711, Val Acc=90.94%
2025-06-05 19:57:00,080 | INFO | Epoch: 51 | Time: 6.95s
2025-06-05 19:57:00,080 | INFO | Train Loss=0.5190, Train Acc=99.32%
2025-06-05 19:57:00,080 | INFO | Val Loss=0.3431, Val Acc=92.02%
2025-06-05 19:57:00,081 | INFO | New best model saved (val loss = 0.3431)
2025-06-05 19:57:07,024 | INFO | Epoch: 52 | Time: 6.94s
2025-06-05 19:57:07,024 | INFO | Train Loss=0.5166, Train Acc=99.42%
2025-06-05 19:57:07,024 | INFO | Val Loss=0.3297, Val Acc=92.40%
2025-06-05 19:57:07,025 | INFO | New best model saved (val loss = 0.3297)
2025-06-05 19:57:13,939 | INFO | Epoch: 53 | Time: 6.91s
2025-06-05 19:57:13,939 | INFO | Train Loss=0.5161, Train Acc=99.45%
2025-06-05 19:57:13,939 | INFO | Val Loss=0.3305, Val Acc=92.28%
2025-06-05 19:57:20,894 | INFO | Epoch: 54 | Time: 6.95s
2025-06-05 19:57:20,894 | INFO | Train Loss=0.5154, Train Acc=99.45%
2025-06-05 19:57:20,894 | INFO | Val Loss=0.3563, Val Acc=91.64%
2025-06-05 19:57:27,814 | INFO | Epoch: 55 | Time: 6.92s
2025-06-05 19:57:27,814 | INFO | Train Loss=0.5139, Train Acc=99.52%
2025-06-05 19:57:27,814 | INFO | Val Loss=0.3492, Val Acc=91.60%
2025-06-05 19:57:34,754 | INFO | Epoch: 56 | Time: 6.94s
2025-06-05 19:57:34,755 | INFO | Train Loss=0.5113, Train Acc=99.64%
2025-06-05 19:57:34,755 | INFO | Val Loss=0.3423, Val Acc=91.90%
2025-06-05 19:57:41,698 | INFO | Epoch: 57 | Time: 6.94s
2025-06-05 19:57:41,698 | INFO | Train Loss=0.5121, Train Acc=99.61%
2025-06-05 19:57:41,699 | INFO | Val Loss=0.3547, Val Acc=91.80%
2025-06-05 19:57:48,641 | INFO | Epoch: 58 | Time: 6.94s
2025-06-05 19:57:48,641 | INFO | Train Loss=0.5125, Train Acc=99.58%
2025-06-05 19:57:48,641 | INFO | Val Loss=0.3324, Val Acc=91.94%
2025-06-05 19:57:55,579 | INFO | Epoch: 59 | Time: 6.94s
2025-06-05 19:57:55,579 | INFO | Train Loss=0.5096, Train Acc=99.69%
2025-06-05 19:57:55,579 | INFO | Val Loss=0.3509, Val Acc=91.78%
2025-06-05 19:58:02,519 | INFO | Epoch: 60 | Time: 6.94s
2025-06-05 19:58:02,520 | INFO | Train Loss=0.5082, Train Acc=99.77%
2025-06-05 19:58:02,520 | INFO | Val Loss=0.3455, Val Acc=91.66%
2025-06-05 19:58:09,452 | INFO | Epoch: 61 | Time: 6.93s
2025-06-05 19:58:09,452 | INFO | Train Loss=0.5080, Train Acc=99.75%
2025-06-05 19:58:09,452 | INFO | Val Loss=0.3371, Val Acc=92.20%
2025-06-05 19:58:16,376 | INFO | Epoch: 62 | Time: 6.92s
2025-06-05 19:58:16,376 | INFO | Train Loss=0.5078, Train Acc=99.77%
2025-06-05 19:58:16,376 | INFO | Val Loss=0.3500, Val Acc=91.82%
2025-06-05 19:58:23,302 | INFO | Epoch: 63 | Time: 6.93s
2025-06-05 19:58:23,303 | INFO | Train Loss=0.5090, Train Acc=99.69%
2025-06-05 19:58:23,303 | INFO | Val Loss=0.3359, Val Acc=92.16%
2025-06-05 19:58:30,240 | INFO | Epoch: 64 | Time: 6.94s
2025-06-05 19:58:30,240 | INFO | Train Loss=0.5063, Train Acc=99.83%
2025-06-05 19:58:30,240 | INFO | Val Loss=0.3359, Val Acc=92.30%
2025-06-05 19:58:37,167 | INFO | Epoch: 65 | Time: 6.93s
2025-06-05 19:58:37,168 | INFO | Train Loss=0.5063, Train Acc=99.82%
2025-06-05 19:58:37,168 | INFO | Val Loss=0.3317, Val Acc=92.40%
2025-06-05 19:58:44,080 | INFO | Epoch: 66 | Time: 6.91s
2025-06-05 19:58:44,080 | INFO | Train Loss=0.5055, Train Acc=99.84%
2025-06-05 19:58:44,080 | INFO | Val Loss=0.3242, Val Acc=92.96%
2025-06-05 19:58:44,081 | INFO | New best model saved (val loss = 0.3242)
2025-06-05 19:58:50,993 | INFO | Epoch: 67 | Time: 6.91s
2025-06-05 19:58:50,993 | INFO | Train Loss=0.5046, Train Acc=99.89%
2025-06-05 19:58:50,993 | INFO | Val Loss=0.3354, Val Acc=92.46%
2025-06-05 19:58:57,932 | INFO | Epoch: 68 | Time: 6.94s
2025-06-05 19:58:57,932 | INFO | Train Loss=0.5045, Train Acc=99.89%
2025-06-05 19:58:57,932 | INFO | Val Loss=0.3387, Val Acc=92.24%
2025-06-05 19:59:04,857 | INFO | Epoch: 69 | Time: 6.92s
2025-06-05 19:59:04,857 | INFO | Train Loss=0.5048, Train Acc=99.88%
2025-06-05 19:59:04,857 | INFO | Val Loss=0.3455, Val Acc=92.04%
2025-06-05 19:59:11,790 | INFO | Epoch: 70 | Time: 6.93s
2025-06-05 19:59:11,790 | INFO | Train Loss=0.5044, Train Acc=99.89%
2025-06-05 19:59:11,790 | INFO | Val Loss=0.3371, Val Acc=92.36%
2025-06-05 19:59:18,716 | INFO | Epoch: 71 | Time: 6.93s
2025-06-05 19:59:18,716 | INFO | Train Loss=0.5042, Train Acc=99.89%
2025-06-05 19:59:18,716 | INFO | Val Loss=0.3438, Val Acc=92.08%
2025-06-05 19:59:25,640 | INFO | Epoch: 72 | Time: 6.92s
2025-06-05 19:59:25,640 | INFO | Train Loss=0.5032, Train Acc=99.93%
2025-06-05 19:59:25,640 | INFO | Val Loss=0.3333, Val Acc=92.68%
2025-06-05 19:59:32,573 | INFO | Epoch: 73 | Time: 6.93s
2025-06-05 19:59:32,574 | INFO | Train Loss=0.5025, Train Acc=99.96%
2025-06-05 19:59:32,574 | INFO | Val Loss=0.3300, Val Acc=92.78%
2025-06-05 19:59:39,503 | INFO | Epoch: 74 | Time: 6.93s
2025-06-05 19:59:39,503 | INFO | Train Loss=0.5029, Train Acc=99.94%
2025-06-05 19:59:39,503 | INFO | Val Loss=0.3196, Val Acc=92.70%
2025-06-05 19:59:39,504 | INFO | New best model saved (val loss = 0.3196)
2025-06-05 19:59:46,482 | INFO | Epoch: 75 | Time: 6.98s
2025-06-05 19:59:46,482 | INFO | Train Loss=0.5023, Train Acc=99.97%
2025-06-05 19:59:46,482 | INFO | Val Loss=0.3299, Val Acc=92.72%
2025-06-05 19:59:53,425 | INFO | Epoch: 76 | Time: 6.94s
2025-06-05 19:59:53,425 | INFO | Train Loss=0.5023, Train Acc=99.96%
2025-06-05 19:59:53,425 | INFO | Val Loss=0.3264, Val Acc=92.98%
2025-06-05 20:00:00,362 | INFO | Epoch: 77 | Time: 6.94s
2025-06-05 20:00:00,362 | INFO | Train Loss=0.5020, Train Acc=99.97%
2025-06-05 20:00:00,362 | INFO | Val Loss=0.3260, Val Acc=92.96%
2025-06-05 20:00:07,284 | INFO | Epoch: 78 | Time: 6.92s
2025-06-05 20:00:07,285 | INFO | Train Loss=0.5021, Train Acc=99.96%
2025-06-05 20:00:07,285 | INFO | Val Loss=0.3219, Val Acc=93.12%
2025-06-05 20:00:14,258 | INFO | Epoch: 79 | Time: 6.97s
2025-06-05 20:00:14,258 | INFO | Train Loss=0.5020, Train Acc=99.97%
2025-06-05 20:00:14,258 | INFO | Val Loss=0.3223, Val Acc=92.98%
2025-06-05 20:00:21,185 | INFO | Epoch: 80 | Time: 6.93s
2025-06-05 20:00:21,185 | INFO | Train Loss=0.5020, Train Acc=99.98%
2025-06-05 20:00:21,185 | INFO | Val Loss=0.3124, Val Acc=93.16%
2025-06-05 20:00:21,186 | INFO | New best model saved (val loss = 0.3124)
2025-06-05 20:00:28,144 | INFO | Epoch: 81 | Time: 6.96s
2025-06-05 20:00:28,145 | INFO | Train Loss=0.5016, Train Acc=99.98%
2025-06-05 20:00:28,145 | INFO | Val Loss=0.3314, Val Acc=92.60%
2025-06-05 20:00:35,058 | INFO | Epoch: 82 | Time: 6.91s
2025-06-05 20:00:35,058 | INFO | Train Loss=0.5016, Train Acc=99.98%
2025-06-05 20:00:35,058 | INFO | Val Loss=0.3237, Val Acc=93.10%
2025-06-05 20:00:42,031 | INFO | Epoch: 83 | Time: 6.97s
2025-06-05 20:00:42,031 | INFO | Train Loss=0.5016, Train Acc=99.97%
2025-06-05 20:00:42,031 | INFO | Val Loss=0.3171, Val Acc=93.08%
2025-06-05 20:00:48,964 | INFO | Epoch: 84 | Time: 6.93s
2025-06-05 20:00:48,964 | INFO | Train Loss=0.5014, Train Acc=99.99%
2025-06-05 20:00:48,964 | INFO | Val Loss=0.3312, Val Acc=92.72%
2025-06-05 20:00:55,914 | INFO | Epoch: 85 | Time: 6.95s
2025-06-05 20:00:55,915 | INFO | Train Loss=0.5013, Train Acc=99.99%
2025-06-05 20:00:55,915 | INFO | Val Loss=0.3149, Val Acc=93.36%
2025-06-05 20:01:02,859 | INFO | Epoch: 86 | Time: 6.94s
2025-06-05 20:01:02,859 | INFO | Train Loss=0.5013, Train Acc=99.99%
2025-06-05 20:01:02,859 | INFO | Val Loss=0.3203, Val Acc=93.12%
2025-06-05 20:01:09,801 | INFO | Epoch: 87 | Time: 6.94s
2025-06-05 20:01:09,801 | INFO | Train Loss=0.5013, Train Acc=99.98%
2025-06-05 20:01:09,802 | INFO | Val Loss=0.3221, Val Acc=92.96%
2025-06-05 20:01:16,718 | INFO | Epoch: 88 | Time: 6.92s
2025-06-05 20:01:16,718 | INFO | Train Loss=0.5013, Train Acc=99.99%
2025-06-05 20:01:16,718 | INFO | Val Loss=0.3274, Val Acc=93.10%
2025-06-05 20:01:23,659 | INFO | Epoch: 89 | Time: 6.94s
2025-06-05 20:01:23,660 | INFO | Train Loss=0.5011, Train Acc=99.99%
2025-06-05 20:01:23,660 | INFO | Val Loss=0.3284, Val Acc=92.96%
2025-06-05 20:01:30,569 | INFO | Epoch: 90 | Time: 6.91s
2025-06-05 20:01:30,569 | INFO | Train Loss=0.5012, Train Acc=99.99%
2025-06-05 20:01:30,569 | INFO | Val Loss=0.3175, Val Acc=93.28%
2025-06-05 20:01:37,491 | INFO | Epoch: 91 | Time: 6.92s
2025-06-05 20:01:37,491 | INFO | Train Loss=0.5012, Train Acc=99.99%
2025-06-05 20:01:37,491 | INFO | Val Loss=0.3319, Val Acc=92.78%
2025-06-05 20:01:44,426 | INFO | Epoch: 92 | Time: 6.94s
2025-06-05 20:01:44,426 | INFO | Train Loss=0.5012, Train Acc=99.99%
2025-06-05 20:01:44,426 | INFO | Val Loss=0.3186, Val Acc=93.06%
2025-06-05 20:01:51,363 | INFO | Epoch: 93 | Time: 6.94s
2025-06-05 20:01:51,363 | INFO | Train Loss=0.5011, Train Acc=99.99%
2025-06-05 20:01:51,363 | INFO | Val Loss=0.3318, Val Acc=92.80%
2025-06-05 20:01:58,285 | INFO | Epoch: 94 | Time: 6.92s
2025-06-05 20:01:58,285 | INFO | Train Loss=0.5011, Train Acc=99.99%
2025-06-05 20:01:58,285 | INFO | Val Loss=0.3210, Val Acc=92.74%
2025-06-05 20:02:05,213 | INFO | Epoch: 95 | Time: 6.93s
2025-06-05 20:02:05,213 | INFO | Train Loss=0.5011, Train Acc=99.99%
2025-06-05 20:02:05,213 | INFO | Val Loss=0.3152, Val Acc=93.34%
2025-06-05 20:02:12,132 | INFO | Epoch: 96 | Time: 6.92s
2025-06-05 20:02:12,132 | INFO | Train Loss=0.5011, Train Acc=99.99%
2025-06-05 20:02:12,132 | INFO | Val Loss=0.3235, Val Acc=93.06%
2025-06-05 20:02:19,066 | INFO | Epoch: 97 | Time: 6.93s
2025-06-05 20:02:19,066 | INFO | Train Loss=0.5011, Train Acc=99.99%
2025-06-05 20:02:19,066 | INFO | Val Loss=0.3143, Val Acc=93.06%
2025-06-05 20:02:25,976 | INFO | Epoch: 98 | Time: 6.91s
2025-06-05 20:02:25,976 | INFO | Train Loss=0.5011, Train Acc=99.99%
2025-06-05 20:02:25,976 | INFO | Val Loss=0.3203, Val Acc=93.12%
2025-06-05 20:02:32,888 | INFO | Epoch: 99 | Time: 6.91s
2025-06-05 20:02:32,888 | INFO | Train Loss=0.5011, Train Acc=99.99%
2025-06-05 20:02:32,888 | INFO | Val Loss=0.3152, Val Acc=93.38%
2025-06-05 20:02:39,821 | INFO | Epoch: 100 | Time: 6.93s
2025-06-05 20:02:39,821 | INFO | Train Loss=0.5010, Train Acc=100.00%
2025-06-05 20:02:39,821 | INFO | Val Loss=0.3246, Val Acc=93.06%
2025-06-05 20:02:39,821 | INFO | Early stopping triggered at epoch 100
2025-06-05 20:02:39,889 | INFO | Best model with lowest val loss 0.3123826444149017 at 79 epoch is saved.
2025-06-05 20:02:40,926 | INFO | Test Accuracy: 93.58%
2025-06-05 20:02:40,996 | INFO | Last model with val loss 0.3246417887508869 at 99 epoch is saved.
2025-06-05 20:02:41,777 | INFO | Test Accuracy: 93.58%
2025-06-05 20:02:41,787 | INFO | 
Job Completed
2025-06-05 20:14:08,749 | INFO | No test config present. Using train config.
2025-06-05 20:14:10,722 | INFO | Full train/val size with downsampling (0): 50000
2025-06-05 20:14:10,724 | INFO | Batch size: 32
2025-06-05 20:14:10,724 | INFO | Running these attacks:
2025-06-05 20:14:10,724 | INFO | {'FGSM': [0.01, 0.05, 0.1, 0.2], 'PGD': [0.01, 0.05, 0.1, 0.2], 'gaussian noise': [0.01, 0.05, 0.1, 0.2]}
2025-06-05 20:14:10,724 | INFO | 
Testing model: /rds/general/user/psp20/home/Brain-Network/runs/resnet_5_1_v3_acc_20250605-195057/resnet_5_1_v3_acc_20250605-195057_e79_best_model.pt
2025-06-05 20:14:10,724 | INFO | Running attack: FGSM, 0.01
2025-06-05 20:14:14,340 | INFO | Test accuracy: 53.02
2025-06-05 20:14:14,341 | INFO | Running attack: FGSM, 0.05
2025-06-05 20:14:17,870 | INFO | Test accuracy: 50.66
2025-06-05 20:14:17,870 | INFO | Running attack: FGSM, 0.1
2025-06-05 20:14:20,765 | INFO | Test accuracy: 47.7
2025-06-05 20:14:20,765 | INFO | Running attack: FGSM, 0.2
2025-06-05 20:14:23,897 | INFO | Test accuracy: 40.95
2025-06-05 20:14:23,897 | INFO | Running attack: PGD, 0.01
2025-06-05 20:14:39,794 | INFO | Test accuracy: 38.81
2025-06-05 20:14:39,794 | INFO | Running attack: PGD, 0.05
2025-06-05 20:14:55,178 | INFO | Test accuracy: 19.73
2025-06-05 20:14:55,178 | INFO | Running attack: PGD, 0.1
2025-06-05 20:15:11,283 | INFO | Test accuracy: 17.32
2025-06-05 20:15:11,283 | INFO | Running attack: PGD, 0.2
2025-06-05 20:15:26,752 | INFO | Test accuracy: 14.66
2025-06-05 20:15:26,752 | INFO | Running attack: gaussian noise, 0.01
2025-06-05 20:15:27,943 | INFO | Test accuracy: 53.68
2025-06-05 20:15:27,944 | INFO | Running attack: gaussian noise, 0.05
2025-06-05 20:15:29,104 | INFO | Test accuracy: 53.35
2025-06-05 20:15:29,104 | INFO | Running attack: gaussian noise, 0.1
2025-06-05 20:15:30,268 | INFO | Test accuracy: 51.92
2025-06-05 20:15:30,268 | INFO | Running attack: gaussian noise, 0.2
2025-06-05 20:15:31,419 | INFO | Test accuracy: 46.36
