2025-06-05 19:52:08,357 | INFO | Job Started
2025-06-05 19:52:08,357 | INFO | Logging run: /rds/general/user/psp20/home/Brain-Network/runs/resnet_5_2v2_sample_eff_0_5_20250605-195208
2025-06-05 19:52:08,360 | INFO | Using device: cuda
2025-06-05 19:52:08,360 | INFO | Training for 100 epochs
2025-06-05 19:52:08,360 | INFO | Debug mode: False
2025-06-05 19:52:08,360 | INFO | Downsampling by: 0.5
2025-06-05 19:52:08,360 | INFO | Auxiliary loss: {'loss_type': 0.01}
2025-06-05 19:52:08,360 | INFO | Train transforms: 
	Compose(
    RandomCrop(size=(32, 32), padding=4)
    RandomHorizontalFlip(p=0.5)
    ToTensor()
    Normalize(mean=(0.485, 0.456, 0.406), std=(0.229, 0.224, 0.225))
)
2025-06-05 19:52:08,360 | INFO | Test transforms: 
	Compose(
    ToTensor()
    Normalize(mean=(0.485, 0.456, 0.406), std=(0.229, 0.224, 0.225))
)
2025-06-05 19:52:10,372 | INFO | Full train/val size with downsampling (0.5): 25000
2025-06-05 19:52:10,373 | INFO | Using pretrained weights
2025-06-05 19:52:10,877 | INFO | Label smoothing: 0.1
2025-06-05 19:52:10,878 | INFO | Auxiliary loss: {'loss_type': 0.01}
2025-06-05 19:52:14,670 | INFO | Epoch: 1 | Time: 3.79s
2025-06-05 19:52:14,671 | INFO | Train Loss=2.1955, Train Acc=22.23%
2025-06-05 19:52:14,671 | INFO | Val Loss=1.8061, Val Acc=36.96%
2025-06-05 19:52:14,671 | INFO | New best model saved (val loss = 1.8061)
2025-06-05 19:52:18,446 | INFO | Epoch: 2 | Time: 3.77s
2025-06-05 19:52:18,446 | INFO | Train Loss=1.7444, Train Acc=44.96%
2025-06-05 19:52:18,446 | INFO | Val Loss=1.4650, Val Acc=51.36%
2025-06-05 19:52:18,447 | INFO | New best model saved (val loss = 1.4650)
2025-06-05 19:52:22,236 | INFO | Epoch: 3 | Time: 3.79s
2025-06-05 19:52:22,236 | INFO | Train Loss=1.1970, Train Acc=70.21%
2025-06-05 19:52:22,236 | INFO | Val Loss=0.7235, Val Acc=76.80%
2025-06-05 19:52:22,237 | INFO | New best model saved (val loss = 0.7235)
2025-06-05 19:52:26,013 | INFO | Epoch: 4 | Time: 3.78s
2025-06-05 19:52:26,013 | INFO | Train Loss=0.9345, Train Acc=81.97%
2025-06-05 19:52:26,013 | INFO | Val Loss=0.6371, Val Acc=80.12%
2025-06-05 19:52:26,014 | INFO | New best model saved (val loss = 0.6371)
2025-06-05 19:52:29,784 | INFO | Epoch: 5 | Time: 3.77s
2025-06-05 19:52:29,784 | INFO | Train Loss=0.8238, Train Acc=86.67%
2025-06-05 19:52:29,784 | INFO | Val Loss=0.5610, Val Acc=83.12%
2025-06-05 19:52:29,785 | INFO | New best model saved (val loss = 0.5610)
2025-06-05 19:52:33,573 | INFO | Epoch: 6 | Time: 3.79s
2025-06-05 19:52:33,574 | INFO | Train Loss=0.7625, Train Acc=89.23%
2025-06-05 19:52:33,574 | INFO | Val Loss=0.5147, Val Acc=84.44%
2025-06-05 19:52:33,575 | INFO | New best model saved (val loss = 0.5147)
2025-06-05 19:52:37,352 | INFO | Epoch: 7 | Time: 3.78s
2025-06-05 19:52:37,352 | INFO | Train Loss=0.7326, Train Acc=90.69%
2025-06-05 19:52:37,352 | INFO | Val Loss=0.5142, Val Acc=85.72%
2025-06-05 19:52:37,353 | INFO | New best model saved (val loss = 0.5142)
2025-06-05 19:52:41,127 | INFO | Epoch: 8 | Time: 3.77s
2025-06-05 19:52:41,127 | INFO | Train Loss=0.6907, Train Acc=92.43%
2025-06-05 19:52:41,127 | INFO | Val Loss=0.4529, Val Acc=86.84%
2025-06-05 19:52:41,128 | INFO | New best model saved (val loss = 0.4529)
2025-06-05 19:52:44,910 | INFO | Epoch: 9 | Time: 3.78s
2025-06-05 19:52:44,910 | INFO | Train Loss=0.6534, Train Acc=94.09%
2025-06-05 19:52:44,910 | INFO | Val Loss=0.4477, Val Acc=87.16%
2025-06-05 19:52:44,911 | INFO | New best model saved (val loss = 0.4477)
2025-06-05 19:52:48,665 | INFO | Epoch: 10 | Time: 3.75s
2025-06-05 19:52:48,665 | INFO | Train Loss=0.6309, Train Acc=94.92%
2025-06-05 19:52:48,665 | INFO | Val Loss=0.4135, Val Acc=88.40%
2025-06-05 19:52:48,666 | INFO | New best model saved (val loss = 0.4135)
2025-06-05 19:52:52,449 | INFO | Epoch: 11 | Time: 3.78s
2025-06-05 19:52:52,449 | INFO | Train Loss=0.6121, Train Acc=95.64%
2025-06-05 19:52:52,449 | INFO | Val Loss=0.4268, Val Acc=88.16%
2025-06-05 19:52:56,407 | INFO | Epoch: 12 | Time: 3.96s
2025-06-05 19:52:56,407 | INFO | Train Loss=0.6064, Train Acc=95.92%
2025-06-05 19:52:56,407 | INFO | Val Loss=0.4245, Val Acc=88.52%
2025-06-05 19:53:00,166 | INFO | Epoch: 13 | Time: 3.76s
2025-06-05 19:53:00,166 | INFO | Train Loss=0.5875, Train Acc=96.84%
2025-06-05 19:53:00,166 | INFO | Val Loss=0.4120, Val Acc=88.92%
2025-06-05 19:53:00,167 | INFO | New best model saved (val loss = 0.4120)
2025-06-05 19:53:03,916 | INFO | Epoch: 14 | Time: 3.75s
2025-06-05 19:53:03,917 | INFO | Train Loss=0.5760, Train Acc=97.15%
2025-06-05 19:53:03,917 | INFO | Val Loss=0.4444, Val Acc=88.12%
2025-06-05 19:53:07,823 | INFO | Epoch: 15 | Time: 3.91s
2025-06-05 19:53:07,823 | INFO | Train Loss=0.5691, Train Acc=97.46%
2025-06-05 19:53:07,823 | INFO | Val Loss=0.4021, Val Acc=89.28%
2025-06-05 19:53:07,824 | INFO | New best model saved (val loss = 0.4021)
2025-06-05 19:53:11,580 | INFO | Epoch: 16 | Time: 3.76s
2025-06-05 19:53:11,580 | INFO | Train Loss=0.5646, Train Acc=97.71%
2025-06-05 19:53:11,580 | INFO | Val Loss=0.3638, Val Acc=90.12%
2025-06-05 19:53:11,581 | INFO | New best model saved (val loss = 0.3638)
2025-06-05 19:53:15,352 | INFO | Epoch: 17 | Time: 3.77s
2025-06-05 19:53:15,352 | INFO | Train Loss=0.5659, Train Acc=97.64%
2025-06-05 19:53:15,352 | INFO | Val Loss=0.4123, Val Acc=89.00%
2025-06-05 19:53:19,208 | INFO | Epoch: 18 | Time: 3.86s
2025-06-05 19:53:19,208 | INFO | Train Loss=0.5581, Train Acc=97.89%
2025-06-05 19:53:19,208 | INFO | Val Loss=0.4165, Val Acc=88.52%
2025-06-05 19:53:22,968 | INFO | Epoch: 19 | Time: 3.76s
2025-06-05 19:53:22,968 | INFO | Train Loss=0.5556, Train Acc=97.97%
2025-06-05 19:53:22,968 | INFO | Val Loss=0.4073, Val Acc=88.72%
2025-06-05 19:53:26,729 | INFO | Epoch: 20 | Time: 3.76s
2025-06-05 19:53:26,729 | INFO | Train Loss=0.5523, Train Acc=98.14%
2025-06-05 19:53:26,729 | INFO | Val Loss=0.3887, Val Acc=89.84%
2025-06-05 19:53:30,487 | INFO | Epoch: 21 | Time: 3.76s
2025-06-05 19:53:30,487 | INFO | Train Loss=0.5468, Train Acc=98.40%
2025-06-05 19:53:30,487 | INFO | Val Loss=0.3962, Val Acc=89.12%
2025-06-05 19:53:34,247 | INFO | Epoch: 22 | Time: 3.76s
2025-06-05 19:53:34,248 | INFO | Train Loss=0.5431, Train Acc=98.52%
2025-06-05 19:53:34,248 | INFO | Val Loss=0.3968, Val Acc=89.08%
2025-06-05 19:53:38,027 | INFO | Epoch: 23 | Time: 3.78s
2025-06-05 19:53:38,027 | INFO | Train Loss=0.5459, Train Acc=98.37%
2025-06-05 19:53:38,027 | INFO | Val Loss=0.3747, Val Acc=90.68%
2025-06-05 19:53:41,788 | INFO | Epoch: 24 | Time: 3.76s
2025-06-05 19:53:41,788 | INFO | Train Loss=0.5428, Train Acc=98.47%
2025-06-05 19:53:41,789 | INFO | Val Loss=0.3968, Val Acc=89.04%
2025-06-05 19:53:45,562 | INFO | Epoch: 25 | Time: 3.77s
2025-06-05 19:53:45,563 | INFO | Train Loss=0.5410, Train Acc=98.60%
2025-06-05 19:53:45,563 | INFO | Val Loss=0.4003, Val Acc=89.60%
2025-06-05 19:53:49,336 | INFO | Epoch: 26 | Time: 3.77s
2025-06-05 19:53:49,336 | INFO | Train Loss=0.5374, Train Acc=98.68%
2025-06-05 19:53:49,336 | INFO | Val Loss=0.4049, Val Acc=89.80%
2025-06-05 19:53:53,079 | INFO | Epoch: 27 | Time: 3.74s
2025-06-05 19:53:53,079 | INFO | Train Loss=0.5392, Train Acc=98.62%
2025-06-05 19:53:53,079 | INFO | Val Loss=0.3578, Val Acc=90.44%
2025-06-05 19:53:53,080 | INFO | New best model saved (val loss = 0.3578)
2025-06-05 19:53:56,840 | INFO | Epoch: 28 | Time: 3.76s
2025-06-05 19:53:56,840 | INFO | Train Loss=0.5363, Train Acc=98.70%
2025-06-05 19:53:56,840 | INFO | Val Loss=0.3710, Val Acc=90.32%
2025-06-05 19:54:00,610 | INFO | Epoch: 29 | Time: 3.77s
2025-06-05 19:54:00,610 | INFO | Train Loss=0.5316, Train Acc=98.97%
2025-06-05 19:54:00,610 | INFO | Val Loss=0.3456, Val Acc=91.72%
2025-06-05 19:54:00,611 | INFO | New best model saved (val loss = 0.3456)
2025-06-05 19:54:04,369 | INFO | Epoch: 30 | Time: 3.76s
2025-06-05 19:54:04,369 | INFO | Train Loss=0.5300, Train Acc=98.97%
2025-06-05 19:54:04,369 | INFO | Val Loss=0.3609, Val Acc=91.20%
2025-06-05 19:54:08,138 | INFO | Epoch: 31 | Time: 3.77s
2025-06-05 19:54:08,138 | INFO | Train Loss=0.5317, Train Acc=98.90%
2025-06-05 19:54:08,138 | INFO | Val Loss=0.3659, Val Acc=90.36%
2025-06-05 19:54:11,891 | INFO | Epoch: 32 | Time: 3.75s
2025-06-05 19:54:11,891 | INFO | Train Loss=0.5292, Train Acc=99.02%
2025-06-05 19:54:11,891 | INFO | Val Loss=0.3448, Val Acc=91.52%
2025-06-05 19:54:11,892 | INFO | New best model saved (val loss = 0.3448)
2025-06-05 19:54:15,642 | INFO | Epoch: 33 | Time: 3.75s
2025-06-05 19:54:15,642 | INFO | Train Loss=0.5241, Train Acc=99.23%
2025-06-05 19:54:15,642 | INFO | Val Loss=0.3702, Val Acc=90.68%
2025-06-05 19:54:19,394 | INFO | Epoch: 34 | Time: 3.75s
2025-06-05 19:54:19,395 | INFO | Train Loss=0.5279, Train Acc=99.08%
2025-06-05 19:54:19,395 | INFO | Val Loss=0.3437, Val Acc=91.44%
2025-06-05 19:54:19,396 | INFO | New best model saved (val loss = 0.3437)
2025-06-05 19:54:23,172 | INFO | Epoch: 35 | Time: 3.78s
2025-06-05 19:54:23,172 | INFO | Train Loss=0.5224, Train Acc=99.29%
2025-06-05 19:54:23,172 | INFO | Val Loss=0.3904, Val Acc=89.84%
2025-06-05 19:54:26,910 | INFO | Epoch: 36 | Time: 3.74s
2025-06-05 19:54:26,910 | INFO | Train Loss=0.5209, Train Acc=99.34%
2025-06-05 19:54:26,910 | INFO | Val Loss=0.3674, Val Acc=91.04%
2025-06-05 19:54:30,649 | INFO | Epoch: 37 | Time: 3.74s
2025-06-05 19:54:30,649 | INFO | Train Loss=0.5216, Train Acc=99.32%
2025-06-05 19:54:30,649 | INFO | Val Loss=0.3772, Val Acc=91.00%
2025-06-05 19:54:34,407 | INFO | Epoch: 38 | Time: 3.76s
2025-06-05 19:54:34,408 | INFO | Train Loss=0.5257, Train Acc=99.07%
2025-06-05 19:54:34,408 | INFO | Val Loss=0.3633, Val Acc=90.36%
2025-06-05 19:54:38,115 | INFO | Epoch: 39 | Time: 3.71s
2025-06-05 19:54:38,116 | INFO | Train Loss=0.5246, Train Acc=99.12%
2025-06-05 19:54:38,116 | INFO | Val Loss=0.3968, Val Acc=89.44%
2025-06-05 19:54:41,824 | INFO | Epoch: 40 | Time: 3.71s
2025-06-05 19:54:41,824 | INFO | Train Loss=0.5202, Train Acc=99.35%
2025-06-05 19:54:41,824 | INFO | Val Loss=0.3548, Val Acc=91.44%
2025-06-05 19:54:45,553 | INFO | Epoch: 41 | Time: 3.73s
2025-06-05 19:54:45,553 | INFO | Train Loss=0.5136, Train Acc=99.66%
2025-06-05 19:54:45,553 | INFO | Val Loss=0.3277, Val Acc=92.36%
2025-06-05 19:54:45,554 | INFO | New best model saved (val loss = 0.3277)
2025-06-05 19:54:49,349 | INFO | Epoch: 42 | Time: 3.79s
2025-06-05 19:54:49,350 | INFO | Train Loss=0.5168, Train Acc=99.48%
2025-06-05 19:54:49,350 | INFO | Val Loss=0.3635, Val Acc=91.08%
2025-06-05 19:54:53,074 | INFO | Epoch: 43 | Time: 3.72s
2025-06-05 19:54:53,075 | INFO | Train Loss=0.5153, Train Acc=99.54%
2025-06-05 19:54:53,075 | INFO | Val Loss=0.3605, Val Acc=91.32%
2025-06-05 19:54:56,795 | INFO | Epoch: 44 | Time: 3.72s
2025-06-05 19:54:56,795 | INFO | Train Loss=0.5162, Train Acc=99.44%
2025-06-05 19:54:56,795 | INFO | Val Loss=0.3503, Val Acc=91.72%
2025-06-05 19:55:00,519 | INFO | Epoch: 45 | Time: 3.72s
2025-06-05 19:55:00,519 | INFO | Train Loss=0.5140, Train Acc=99.57%
2025-06-05 19:55:00,519 | INFO | Val Loss=0.3551, Val Acc=91.64%
2025-06-05 19:55:04,270 | INFO | Epoch: 46 | Time: 3.75s
2025-06-05 19:55:04,270 | INFO | Train Loss=0.5143, Train Acc=99.57%
2025-06-05 19:55:04,271 | INFO | Val Loss=0.3574, Val Acc=91.12%
2025-06-05 19:55:07,994 | INFO | Epoch: 47 | Time: 3.72s
2025-06-05 19:55:07,995 | INFO | Train Loss=0.5116, Train Acc=99.66%
2025-06-05 19:55:07,995 | INFO | Val Loss=0.3397, Val Acc=91.60%
2025-06-05 19:55:11,715 | INFO | Epoch: 48 | Time: 3.72s
2025-06-05 19:55:11,715 | INFO | Train Loss=0.5098, Train Acc=99.72%
2025-06-05 19:55:11,716 | INFO | Val Loss=0.3487, Val Acc=91.68%
2025-06-05 19:55:15,432 | INFO | Epoch: 49 | Time: 3.72s
2025-06-05 19:55:15,432 | INFO | Train Loss=0.5111, Train Acc=99.68%
2025-06-05 19:55:15,432 | INFO | Val Loss=0.3551, Val Acc=91.04%
2025-06-05 19:55:19,168 | INFO | Epoch: 50 | Time: 3.74s
2025-06-05 19:55:19,168 | INFO | Train Loss=0.5107, Train Acc=99.67%
2025-06-05 19:55:19,168 | INFO | Val Loss=0.3360, Val Acc=91.92%
2025-06-05 19:55:22,952 | INFO | Epoch: 51 | Time: 3.78s
2025-06-05 19:55:22,952 | INFO | Train Loss=0.5106, Train Acc=99.69%
2025-06-05 19:55:22,952 | INFO | Val Loss=0.3579, Val Acc=91.72%
2025-06-05 19:55:26,736 | INFO | Epoch: 52 | Time: 3.78s
2025-06-05 19:55:26,736 | INFO | Train Loss=0.5088, Train Acc=99.76%
2025-06-05 19:55:26,736 | INFO | Val Loss=0.3418, Val Acc=91.40%
2025-06-05 19:55:30,504 | INFO | Epoch: 53 | Time: 3.77s
2025-06-05 19:55:30,504 | INFO | Train Loss=0.5072, Train Acc=99.83%
2025-06-05 19:55:30,504 | INFO | Val Loss=0.3633, Val Acc=90.96%
2025-06-05 19:55:34,299 | INFO | Epoch: 54 | Time: 3.79s
2025-06-05 19:55:34,299 | INFO | Train Loss=0.5084, Train Acc=99.77%
2025-06-05 19:55:34,299 | INFO | Val Loss=0.3402, Val Acc=91.80%
2025-06-05 19:55:38,056 | INFO | Epoch: 55 | Time: 3.76s
2025-06-05 19:55:38,057 | INFO | Train Loss=0.5078, Train Acc=99.77%
2025-06-05 19:55:38,057 | INFO | Val Loss=0.3291, Val Acc=92.56%
2025-06-05 19:55:41,816 | INFO | Epoch: 56 | Time: 3.76s
2025-06-05 19:55:41,816 | INFO | Train Loss=0.5049, Train Acc=99.91%
2025-06-05 19:55:41,816 | INFO | Val Loss=0.3432, Val Acc=92.12%
2025-06-05 19:55:45,585 | INFO | Epoch: 57 | Time: 3.77s
2025-06-05 19:55:45,585 | INFO | Train Loss=0.5059, Train Acc=99.86%
2025-06-05 19:55:45,585 | INFO | Val Loss=0.3404, Val Acc=92.04%
2025-06-05 19:55:49,354 | INFO | Epoch: 58 | Time: 3.77s
2025-06-05 19:55:49,354 | INFO | Train Loss=0.5043, Train Acc=99.92%
2025-06-05 19:55:49,354 | INFO | Val Loss=0.3364, Val Acc=92.48%
2025-06-05 19:55:53,131 | INFO | Epoch: 59 | Time: 3.78s
2025-06-05 19:55:53,132 | INFO | Train Loss=0.5056, Train Acc=99.84%
2025-06-05 19:55:53,132 | INFO | Val Loss=0.3375, Val Acc=92.12%
2025-06-05 19:55:56,897 | INFO | Epoch: 60 | Time: 3.77s
2025-06-05 19:55:56,897 | INFO | Train Loss=0.5036, Train Acc=99.93%
2025-06-05 19:55:56,897 | INFO | Val Loss=0.3269, Val Acc=92.32%
2025-06-05 19:55:56,898 | INFO | New best model saved (val loss = 0.3269)
2025-06-05 19:56:00,658 | INFO | Epoch: 61 | Time: 3.76s
2025-06-05 19:56:00,659 | INFO | Train Loss=0.5033, Train Acc=99.95%
2025-06-05 19:56:00,659 | INFO | Val Loss=0.3345, Val Acc=91.84%
2025-06-05 19:56:00,659 | INFO | Early stopping triggered at epoch 61
2025-06-05 19:56:00,748 | INFO | Best model with lowest val loss 0.3269420757889748 at 59 epoch is saved.
2025-06-05 19:56:01,571 | INFO | Test Accuracy: 93.25%
2025-06-05 19:56:01,659 | INFO | Last model with val loss 0.3344828873872757 at 60 epoch is saved.
2025-06-05 19:56:02,478 | INFO | Test Accuracy: 93.25%
2025-06-05 19:56:02,487 | INFO | 
Job Completed
