2025-06-06 11:30:11,911 | INFO | Job Started
2025-06-06 11:30:11,911 | INFO | Logging run: /rds/general/user/psp20/home/Brain-Network/runs/brainit_5_6_20250606-113011
2025-06-06 11:30:12,113 | INFO | Using device: cuda
2025-06-06 11:30:12,113 | INFO | Training for 100 epochs
2025-06-06 11:30:12,113 | INFO | Debug mode: False
2025-06-06 11:30:12,113 | INFO | Downsampling by: 0.5
2025-06-06 11:30:12,113 | INFO | Auxiliary loss: {'attention_entropy_loss': 0.1}
2025-06-06 11:30:12,114 | INFO | Train transforms: 
	Compose(
    RandomResizedCrop(size=(224, 224), scale=(0.7, 1), ratio=(0.75, 1.3333), interpolation=bilinear, antialias=True)
    RandomHorizontalFlip(p=0.5)
    ColorJitter(brightness=(0.8, 1.2), contrast=(0.8, 1.2), saturation=(0.8, 1.2), hue=None)
    ToTensor()
    Normalize(mean=(0.485, 0.456, 0.406), std=(0.229, 0.224, 0.225))
)
2025-06-06 11:30:12,114 | INFO | Test transforms: 
	Compose(
    Resize(size=256, interpolation=bilinear, max_size=None, antialias=True)
    CenterCrop(size=(224, 224))
    ToTensor()
    Normalize(mean=(0.485, 0.456, 0.406), std=(0.229, 0.224, 0.225))
)
2025-06-06 11:30:12,332 | INFO | Downsampling by: 0.5. Few shot: False
2025-06-06 11:30:12,332 | INFO | Using pretrained weights
2025-06-06 11:30:13,243 | INFO | Using mixup function and SoftTargetCrossEntropy
2025-06-06 11:30:13,243 | INFO | Auxiliary loss: {'attention_entropy_loss': 0.1}
2025-06-06 11:31:51,977 | INFO | Epoch: 1 | Time: 98.71s
2025-06-06 11:31:51,977 | INFO | Train Loss=5.0814, Train Acc=0.87%
2025-06-06 11:31:51,977 | INFO | Val Loss=4.7628, Val Acc=2.33%
2025-06-06 11:31:51,977 | INFO | Train Gamma Loss=0.2555 | Val Gamma Loss=0.038538649678230286
2025-06-06 11:31:51,978 | INFO | New best model saved (val loss = 4.7628)
2025-06-06 11:33:26,814 | INFO | Epoch: 2 | Time: 94.79s
2025-06-06 11:33:26,815 | INFO | Train Loss=4.7486, Train Acc=1.97%
2025-06-06 11:33:26,815 | INFO | Val Loss=4.6458, Val Acc=3.83%
2025-06-06 11:33:26,815 | INFO | Train Gamma Loss=0.0070 | Val Gamma Loss=0.004433653317391872
2025-06-06 11:33:26,816 | INFO | New best model saved (val loss = 4.6458)
2025-06-06 11:35:00,522 | INFO | Epoch: 3 | Time: 93.67s
2025-06-06 11:35:00,522 | INFO | Train Loss=4.5906, Train Acc=3.60%
2025-06-06 11:35:00,522 | INFO | Val Loss=4.2722, Val Acc=4.83%
2025-06-06 11:35:00,522 | INFO | Train Gamma Loss=-0.0056 | Val Gamma Loss=0.002986637409776449
2025-06-06 11:35:00,523 | INFO | New best model saved (val loss = 4.2722)
2025-06-06 11:36:28,088 | INFO | Epoch: 4 | Time: 87.53s
2025-06-06 11:36:28,088 | INFO | Train Loss=4.3101, Train Acc=6.65%
2025-06-06 11:36:28,088 | INFO | Val Loss=4.3440, Val Acc=4.83%
2025-06-06 11:36:28,088 | INFO | Train Gamma Loss=-0.0074 | Val Gamma Loss=0.0026343322824686766
2025-06-06 11:37:55,821 | INFO | Epoch: 5 | Time: 87.72s
2025-06-06 11:37:55,821 | INFO | Train Loss=4.1394, Train Acc=9.35%
2025-06-06 11:37:55,821 | INFO | Val Loss=4.1136, Val Acc=8.00%
2025-06-06 11:37:55,821 | INFO | Train Gamma Loss=-0.0081 | Val Gamma Loss=0.002821687376126647
2025-06-06 11:37:55,822 | INFO | New best model saved (val loss = 4.1136)
2025-06-06 11:39:26,423 | INFO | Epoch: 6 | Time: 90.51s
2025-06-06 11:39:26,423 | INFO | Train Loss=4.0505, Train Acc=11.38%
2025-06-06 11:39:26,423 | INFO | Val Loss=3.8365, Val Acc=8.83%
2025-06-06 11:39:26,424 | INFO | Train Gamma Loss=-0.0088 | Val Gamma Loss=0.0013555801706388593
2025-06-06 11:39:26,425 | INFO | New best model saved (val loss = 3.8365)
2025-06-06 11:40:49,807 | INFO | Epoch: 7 | Time: 83.36s
2025-06-06 11:40:49,808 | INFO | Train Loss=4.1078, Train Acc=10.23%
2025-06-06 11:40:49,808 | INFO | Val Loss=4.1409, Val Acc=5.50%
2025-06-06 11:40:49,808 | INFO | Train Gamma Loss=-0.0088 | Val Gamma Loss=0.002515994245186448
2025-06-06 11:42:12,482 | INFO | Epoch: 8 | Time: 82.62s
2025-06-06 11:42:12,482 | INFO | Train Loss=3.9492, Train Acc=13.02%
2025-06-06 11:42:12,483 | INFO | Val Loss=3.7321, Val Acc=11.00%
2025-06-06 11:42:12,483 | INFO | Train Gamma Loss=-0.0095 | Val Gamma Loss=0.0029299254529178143
2025-06-06 11:42:12,484 | INFO | New best model saved (val loss = 3.7321)
2025-06-06 11:43:44,246 | INFO | Epoch: 9 | Time: 91.74s
2025-06-06 11:43:44,246 | INFO | Train Loss=3.8466, Train Acc=16.15%
2025-06-06 11:43:44,246 | INFO | Val Loss=3.5551, Val Acc=14.58%
2025-06-06 11:43:44,246 | INFO | Train Gamma Loss=-0.0097 | Val Gamma Loss=0.0012288149446249008
2025-06-06 11:43:44,247 | INFO | New best model saved (val loss = 3.5551)
2025-06-06 11:45:14,801 | INFO | Epoch: 10 | Time: 90.52s
2025-06-06 11:45:14,801 | INFO | Train Loss=3.6386, Train Acc=20.10%
2025-06-06 11:45:14,801 | INFO | Val Loss=3.3043, Val Acc=17.83%
2025-06-06 11:45:14,801 | INFO | Train Gamma Loss=-0.0098 | Val Gamma Loss=0.0020048602018505335
2025-06-06 11:45:14,802 | INFO | New best model saved (val loss = 3.3043)
2025-06-06 11:46:37,209 | INFO | Epoch: 11 | Time: 82.38s
2025-06-06 11:46:37,210 | INFO | Train Loss=3.5642, Train Acc=21.82%
2025-06-06 11:46:37,210 | INFO | Val Loss=3.0910, Val Acc=22.75%
2025-06-06 11:46:37,210 | INFO | Train Gamma Loss=-0.0098 | Val Gamma Loss=0.0005823115934617817
2025-06-06 11:46:37,211 | INFO | New best model saved (val loss = 3.0910)
2025-06-06 11:47:57,549 | INFO | Epoch: 12 | Time: 80.31s
2025-06-06 11:47:57,550 | INFO | Train Loss=3.5401, Train Acc=23.97%
2025-06-06 11:47:57,550 | INFO | Val Loss=3.1098, Val Acc=19.42%
2025-06-06 11:47:57,550 | INFO | Train Gamma Loss=-0.0098 | Val Gamma Loss=0.0005427590804174542
2025-06-06 11:49:23,128 | INFO | Epoch: 13 | Time: 85.57s
2025-06-06 11:49:23,128 | INFO | Train Loss=3.4308, Train Acc=27.17%
2025-06-06 11:49:23,128 | INFO | Val Loss=2.9659, Val Acc=24.92%
2025-06-06 11:49:23,128 | INFO | Train Gamma Loss=-0.0101 | Val Gamma Loss=0.0010171657195314765
2025-06-06 11:49:23,129 | INFO | New best model saved (val loss = 2.9659)
2025-06-06 11:50:50,237 | INFO | Epoch: 14 | Time: 87.03s
2025-06-06 11:50:50,237 | INFO | Train Loss=3.3579, Train Acc=29.77%
2025-06-06 11:50:50,238 | INFO | Val Loss=2.8232, Val Acc=27.33%
2025-06-06 11:50:50,238 | INFO | Train Gamma Loss=-0.0099 | Val Gamma Loss=0.002293531084433198
2025-06-06 11:50:50,239 | INFO | New best model saved (val loss = 2.8232)
2025-06-06 11:52:16,655 | INFO | Epoch: 15 | Time: 86.39s
2025-06-06 11:52:16,655 | INFO | Train Loss=3.2642, Train Acc=30.72%
2025-06-06 11:52:16,655 | INFO | Val Loss=3.1713, Val Acc=21.33%
2025-06-06 11:52:16,655 | INFO | Train Gamma Loss=-0.0100 | Val Gamma Loss=0.0006343475542962551
2025-06-06 11:53:53,048 | INFO | Epoch: 16 | Time: 96.38s
2025-06-06 11:53:53,048 | INFO | Train Loss=3.3870, Train Acc=30.83%
2025-06-06 11:53:53,048 | INFO | Val Loss=2.8695, Val Acc=27.50%
2025-06-06 11:53:53,049 | INFO | Train Gamma Loss=-0.0096 | Val Gamma Loss=0.0003343701537232846
2025-06-06 11:55:21,607 | INFO | Epoch: 17 | Time: 88.55s
2025-06-06 11:55:21,607 | INFO | Train Loss=3.1789, Train Acc=33.13%
2025-06-06 11:55:21,607 | INFO | Val Loss=2.6056, Val Acc=33.08%
2025-06-06 11:55:21,607 | INFO | Train Gamma Loss=-0.0096 | Val Gamma Loss=0.0002742003707680851
2025-06-06 11:55:21,608 | INFO | New best model saved (val loss = 2.6056)
2025-06-06 11:56:46,107 | INFO | Epoch: 18 | Time: 84.39s
2025-06-06 11:56:46,107 | INFO | Train Loss=3.2618, Train Acc=34.15%
2025-06-06 11:56:46,107 | INFO | Val Loss=2.5057, Val Acc=32.83%
2025-06-06 11:56:46,107 | INFO | Train Gamma Loss=-0.0102 | Val Gamma Loss=0.0003023862955160439
2025-06-06 11:56:46,109 | INFO | New best model saved (val loss = 2.5057)
2025-06-06 11:58:16,766 | INFO | Epoch: 19 | Time: 90.60s
2025-06-06 11:58:16,766 | INFO | Train Loss=3.0587, Train Acc=37.88%
2025-06-06 11:58:16,766 | INFO | Val Loss=2.5741, Val Acc=32.08%
2025-06-06 11:58:16,766 | INFO | Train Gamma Loss=-0.0098 | Val Gamma Loss=0.0009779217652976513
2025-06-06 11:59:46,081 | INFO | Epoch: 20 | Time: 89.30s
2025-06-06 11:59:46,081 | INFO | Train Loss=3.1031, Train Acc=37.65%
2025-06-06 11:59:46,081 | INFO | Val Loss=2.5488, Val Acc=35.00%
2025-06-06 11:59:46,081 | INFO | Train Gamma Loss=-0.0101 | Val Gamma Loss=0.0009069517254829407
2025-06-06 12:01:14,322 | INFO | Epoch: 21 | Time: 88.20s
2025-06-06 12:01:14,322 | INFO | Train Loss=3.1001, Train Acc=39.03%
2025-06-06 12:01:14,322 | INFO | Val Loss=2.4375, Val Acc=36.92%
2025-06-06 12:01:14,323 | INFO | Train Gamma Loss=-0.0102 | Val Gamma Loss=0.0003309867752250284
2025-06-06 12:01:14,324 | INFO | New best model saved (val loss = 2.4375)
2025-06-06 12:02:43,674 | INFO | Epoch: 22 | Time: 89.27s
2025-06-06 12:02:43,674 | INFO | Train Loss=2.9154, Train Acc=41.63%
2025-06-06 12:02:43,675 | INFO | Val Loss=2.4651, Val Acc=36.00%
2025-06-06 12:02:43,675 | INFO | Train Gamma Loss=-0.0101 | Val Gamma Loss=0.00022310896019916981
2025-06-06 12:04:07,360 | INFO | Epoch: 23 | Time: 83.67s
2025-06-06 12:04:07,360 | INFO | Train Loss=2.8771, Train Acc=43.13%
2025-06-06 12:04:07,360 | INFO | Val Loss=2.4682, Val Acc=36.42%
2025-06-06 12:04:07,360 | INFO | Train Gamma Loss=-0.0102 | Val Gamma Loss=0.0002580424479674548
2025-06-06 12:05:31,875 | INFO | Epoch: 24 | Time: 84.51s
2025-06-06 12:05:31,876 | INFO | Train Loss=2.8420, Train Acc=45.50%
2025-06-06 12:05:31,876 | INFO | Val Loss=2.3657, Val Acc=38.92%
2025-06-06 12:05:31,876 | INFO | Train Gamma Loss=-0.0102 | Val Gamma Loss=0.00034757942194119096
2025-06-06 12:05:31,877 | INFO | New best model saved (val loss = 2.3657)
2025-06-06 12:07:01,320 | INFO | Epoch: 25 | Time: 89.42s
2025-06-06 12:07:01,320 | INFO | Train Loss=2.8657, Train Acc=45.98%
2025-06-06 12:07:01,320 | INFO | Val Loss=2.2695, Val Acc=40.08%
2025-06-06 12:07:01,320 | INFO | Train Gamma Loss=-0.0099 | Val Gamma Loss=0.0005592015222646296
2025-06-06 12:07:01,322 | INFO | New best model saved (val loss = 2.2695)
2025-06-06 12:08:24,516 | INFO | Epoch: 26 | Time: 83.18s
2025-06-06 12:08:24,516 | INFO | Train Loss=2.8302, Train Acc=45.87%
2025-06-06 12:08:24,516 | INFO | Val Loss=2.5435, Val Acc=35.17%
2025-06-06 12:08:24,516 | INFO | Train Gamma Loss=-0.0101 | Val Gamma Loss=0.00016493548173457384
2025-06-06 12:09:48,986 | INFO | Epoch: 27 | Time: 84.46s
2025-06-06 12:09:48,986 | INFO | Train Loss=2.6403, Train Acc=51.48%
2025-06-06 12:09:48,986 | INFO | Val Loss=2.3492, Val Acc=38.75%
2025-06-06 12:09:48,986 | INFO | Train Gamma Loss=-0.0103 | Val Gamma Loss=0.0003610215790104121
2025-06-06 12:11:19,639 | INFO | Epoch: 28 | Time: 90.60s
2025-06-06 12:11:19,640 | INFO | Train Loss=2.6859, Train Acc=50.35%
2025-06-06 12:11:19,640 | INFO | Val Loss=2.3118, Val Acc=39.83%
2025-06-06 12:11:19,640 | INFO | Train Gamma Loss=-0.0102 | Val Gamma Loss=0.00015772315964568406
2025-06-06 12:12:37,585 | INFO | Epoch: 29 | Time: 77.94s
2025-06-06 12:12:37,585 | INFO | Train Loss=2.7955, Train Acc=49.25%
2025-06-06 12:12:37,585 | INFO | Val Loss=2.2010, Val Acc=41.33%
2025-06-06 12:12:37,585 | INFO | Train Gamma Loss=-0.0103 | Val Gamma Loss=0.00024300981021951884
2025-06-06 12:12:37,586 | INFO | New best model saved (val loss = 2.2010)
2025-06-06 12:13:57,645 | INFO | Epoch: 30 | Time: 80.04s
2025-06-06 12:13:57,645 | INFO | Train Loss=2.5507, Train Acc=54.10%
2025-06-06 12:13:57,645 | INFO | Val Loss=1.9867, Val Acc=48.08%
2025-06-06 12:13:57,645 | INFO | Train Gamma Loss=-0.0102 | Val Gamma Loss=0.00015602291387040168
2025-06-06 12:13:57,646 | INFO | New best model saved (val loss = 1.9867)
2025-06-06 12:15:19,815 | INFO | Epoch: 31 | Time: 82.15s
2025-06-06 12:15:19,815 | INFO | Train Loss=2.6544, Train Acc=52.22%
2025-06-06 12:15:19,815 | INFO | Val Loss=2.3287, Val Acc=40.42%
2025-06-06 12:15:19,815 | INFO | Train Gamma Loss=-0.0103 | Val Gamma Loss=0.0001464876695536077
2025-06-06 12:16:43,660 | INFO | Epoch: 32 | Time: 83.83s
2025-06-06 12:16:43,661 | INFO | Train Loss=2.5750, Train Acc=56.43%
2025-06-06 12:16:43,661 | INFO | Val Loss=2.1489, Val Acc=44.08%
2025-06-06 12:16:43,661 | INFO | Train Gamma Loss=-0.0103 | Val Gamma Loss=0.0005202874890528619
2025-06-06 12:18:05,742 | INFO | Epoch: 33 | Time: 82.05s
2025-06-06 12:18:05,742 | INFO | Train Loss=2.4461, Train Acc=58.05%
2025-06-06 12:18:05,742 | INFO | Val Loss=2.0500, Val Acc=46.42%
2025-06-06 12:18:05,743 | INFO | Train Gamma Loss=-0.0102 | Val Gamma Loss=0.0003121208574157208
2025-06-06 12:19:30,896 | INFO | Epoch: 34 | Time: 85.14s
2025-06-06 12:19:30,896 | INFO | Train Loss=2.5337, Train Acc=57.88%
2025-06-06 12:19:30,896 | INFO | Val Loss=2.4089, Val Acc=38.25%
2025-06-06 12:19:30,896 | INFO | Train Gamma Loss=-0.0102 | Val Gamma Loss=0.0005720829358324409
2025-06-06 12:20:52,455 | INFO | Epoch: 35 | Time: 81.55s
2025-06-06 12:20:52,455 | INFO | Train Loss=2.5785, Train Acc=56.62%
2025-06-06 12:20:52,455 | INFO | Val Loss=1.9069, Val Acc=50.08%
2025-06-06 12:20:52,456 | INFO | Train Gamma Loss=-0.0102 | Val Gamma Loss=0.0001702150475466624
2025-06-06 12:20:52,457 | INFO | New best model saved (val loss = 1.9069)
2025-06-06 12:22:10,265 | INFO | Epoch: 36 | Time: 77.78s
2025-06-06 12:22:10,265 | INFO | Train Loss=2.5933, Train Acc=56.78%
2025-06-06 12:22:10,265 | INFO | Val Loss=1.9764, Val Acc=47.92%
2025-06-06 12:22:10,266 | INFO | Train Gamma Loss=-0.0103 | Val Gamma Loss=0.00018304777040611953
2025-06-06 12:23:31,657 | INFO | Epoch: 37 | Time: 81.38s
2025-06-06 12:23:31,657 | INFO | Train Loss=2.2718, Train Acc=63.62%
2025-06-06 12:23:31,657 | INFO | Val Loss=1.9590, Val Acc=49.00%
2025-06-06 12:23:31,657 | INFO | Train Gamma Loss=-0.0102 | Val Gamma Loss=0.0002371339505771175
2025-06-06 12:25:02,306 | INFO | Epoch: 38 | Time: 90.63s
2025-06-06 12:25:02,306 | INFO | Train Loss=2.4203, Train Acc=62.50%
2025-06-06 12:25:02,306 | INFO | Val Loss=2.0323, Val Acc=48.25%
2025-06-06 12:25:02,307 | INFO | Train Gamma Loss=-0.0104 | Val Gamma Loss=0.000137979062856175
2025-06-06 12:26:36,785 | INFO | Epoch: 39 | Time: 94.44s
2025-06-06 12:26:36,785 | INFO | Train Loss=2.1462, Train Acc=67.43%
2025-06-06 12:26:36,785 | INFO | Val Loss=2.0642, Val Acc=46.08%
2025-06-06 12:26:36,785 | INFO | Train Gamma Loss=-0.0104 | Val Gamma Loss=0.00021914152603130788
2025-06-06 12:28:01,518 | INFO | Epoch: 40 | Time: 84.72s
2025-06-06 12:28:01,518 | INFO | Train Loss=2.3209, Train Acc=64.80%
2025-06-06 12:28:01,518 | INFO | Val Loss=1.8521, Val Acc=52.58%
2025-06-06 12:28:01,518 | INFO | Train Gamma Loss=-0.0103 | Val Gamma Loss=0.00013925880193710327
2025-06-06 12:28:01,519 | INFO | New best model saved (val loss = 1.8521)
2025-06-06 12:29:24,495 | INFO | Epoch: 41 | Time: 82.95s
2025-06-06 12:29:24,495 | INFO | Train Loss=2.2779, Train Acc=65.12%
2025-06-06 12:29:24,495 | INFO | Val Loss=1.8822, Val Acc=51.17%
2025-06-06 12:29:24,495 | INFO | Train Gamma Loss=-0.0104 | Val Gamma Loss=0.00021804012067150325
2025-06-06 12:30:50,440 | INFO | Epoch: 42 | Time: 85.93s
2025-06-06 12:30:50,440 | INFO | Train Loss=2.3134, Train Acc=65.55%
2025-06-06 12:30:50,440 | INFO | Val Loss=1.7735, Val Acc=55.00%
2025-06-06 12:30:50,440 | INFO | Train Gamma Loss=-0.0103 | Val Gamma Loss=0.0001246114552486688
2025-06-06 12:30:50,441 | INFO | New best model saved (val loss = 1.7735)
2025-06-06 12:32:15,706 | INFO | Epoch: 43 | Time: 85.24s
2025-06-06 12:32:15,706 | INFO | Train Loss=2.3395, Train Acc=66.38%
2025-06-06 12:32:15,706 | INFO | Val Loss=1.9686, Val Acc=49.67%
2025-06-06 12:32:15,707 | INFO | Train Gamma Loss=-0.0104 | Val Gamma Loss=0.00013420397590380162
2025-06-06 12:33:41,572 | INFO | Epoch: 44 | Time: 85.85s
2025-06-06 12:33:41,572 | INFO | Train Loss=2.2889, Train Acc=67.65%
2025-06-06 12:33:41,572 | INFO | Val Loss=1.9264, Val Acc=50.67%
2025-06-06 12:33:41,572 | INFO | Train Gamma Loss=-0.0103 | Val Gamma Loss=0.00018329430895391852
2025-06-06 12:35:08,834 | INFO | Epoch: 45 | Time: 87.24s
2025-06-06 12:35:08,834 | INFO | Train Loss=2.1268, Train Acc=72.23%
2025-06-06 12:35:08,835 | INFO | Val Loss=1.8023, Val Acc=54.08%
2025-06-06 12:35:08,835 | INFO | Train Gamma Loss=-0.0103 | Val Gamma Loss=0.00021589601237792522
2025-06-06 12:36:36,150 | INFO | Epoch: 46 | Time: 87.30s
2025-06-06 12:36:36,150 | INFO | Train Loss=2.1458, Train Acc=72.88%
2025-06-06 12:36:36,150 | INFO | Val Loss=1.8329, Val Acc=53.00%
2025-06-06 12:36:36,150 | INFO | Train Gamma Loss=-0.0103 | Val Gamma Loss=0.0001651054626563564
2025-06-06 12:37:55,138 | INFO | Epoch: 47 | Time: 78.98s
2025-06-06 12:37:55,138 | INFO | Train Loss=2.2242, Train Acc=71.43%
2025-06-06 12:37:55,138 | INFO | Val Loss=1.8476, Val Acc=53.67%
2025-06-06 12:37:55,138 | INFO | Train Gamma Loss=-0.0104 | Val Gamma Loss=0.0001254076778423041
2025-06-06 12:39:11,215 | INFO | Epoch: 48 | Time: 76.07s
2025-06-06 12:39:11,215 | INFO | Train Loss=1.7657, Train Acc=79.07%
2025-06-06 12:39:11,215 | INFO | Val Loss=1.7717, Val Acc=54.08%
2025-06-06 12:39:11,215 | INFO | Train Gamma Loss=-0.0104 | Val Gamma Loss=0.00014143247972242534
2025-06-06 12:39:11,216 | INFO | New best model saved (val loss = 1.7717)
2025-06-06 12:40:30,801 | INFO | Epoch: 49 | Time: 79.54s
2025-06-06 12:40:30,801 | INFO | Train Loss=2.0640, Train Acc=74.43%
2025-06-06 12:40:30,801 | INFO | Val Loss=1.8117, Val Acc=54.58%
2025-06-06 12:40:30,801 | INFO | Train Gamma Loss=-0.0104 | Val Gamma Loss=0.000153695436893031
2025-06-06 12:41:54,197 | INFO | Epoch: 50 | Time: 83.38s
2025-06-06 12:41:54,197 | INFO | Train Loss=2.1012, Train Acc=75.12%
2025-06-06 12:41:54,197 | INFO | Val Loss=1.7560, Val Acc=55.17%
2025-06-06 12:41:54,198 | INFO | Train Gamma Loss=-0.0104 | Val Gamma Loss=0.00014234145055525005
2025-06-06 12:41:54,199 | INFO | New best model saved (val loss = 1.7560)
2025-06-06 12:43:17,633 | INFO | Epoch: 51 | Time: 83.41s
2025-06-06 12:43:17,633 | INFO | Train Loss=1.8005, Train Acc=80.77%
2025-06-06 12:43:17,633 | INFO | Val Loss=1.7670, Val Acc=55.58%
2025-06-06 12:43:17,633 | INFO | Train Gamma Loss=-0.0104 | Val Gamma Loss=0.00013718365516979247
2025-06-06 12:44:36,264 | INFO | Epoch: 52 | Time: 78.62s
2025-06-06 12:44:36,264 | INFO | Train Loss=2.1080, Train Acc=76.15%
2025-06-06 12:44:36,264 | INFO | Val Loss=1.7854, Val Acc=55.67%
2025-06-06 12:44:36,264 | INFO | Train Gamma Loss=-0.0104 | Val Gamma Loss=0.00013763221795670688
2025-06-06 12:45:47,799 | INFO | Epoch: 53 | Time: 71.52s
2025-06-06 12:45:47,800 | INFO | Train Loss=2.1811, Train Acc=73.13%
2025-06-06 12:45:47,800 | INFO | Val Loss=1.7862, Val Acc=54.33%
2025-06-06 12:45:47,800 | INFO | Train Gamma Loss=-0.0104 | Val Gamma Loss=0.00013281650899443775
2025-06-06 12:46:57,717 | INFO | Epoch: 54 | Time: 69.91s
2025-06-06 12:46:57,717 | INFO | Train Loss=2.0440, Train Acc=77.75%
2025-06-06 12:46:57,717 | INFO | Val Loss=1.8081, Val Acc=54.83%
2025-06-06 12:46:57,717 | INFO | Train Gamma Loss=-0.0104 | Val Gamma Loss=0.00012766403960995376
2025-06-06 12:48:11,851 | INFO | Epoch: 55 | Time: 74.11s
2025-06-06 12:48:11,851 | INFO | Train Loss=2.0176, Train Acc=79.50%
2025-06-06 12:48:11,851 | INFO | Val Loss=1.7326, Val Acc=57.08%
2025-06-06 12:48:11,851 | INFO | Train Gamma Loss=-0.0104 | Val Gamma Loss=0.00013050298730377108
2025-06-06 12:48:11,852 | INFO | New best model saved (val loss = 1.7326)
2025-06-06 12:49:26,603 | INFO | Epoch: 56 | Time: 74.72s
2025-06-06 12:49:26,604 | INFO | Train Loss=1.7343, Train Acc=85.37%
2025-06-06 12:49:26,604 | INFO | Val Loss=1.7225, Val Acc=56.25%
2025-06-06 12:49:26,604 | INFO | Train Gamma Loss=-0.0104 | Val Gamma Loss=0.00013493094593286514
2025-06-06 12:49:26,605 | INFO | New best model saved (val loss = 1.7225)
2025-06-06 12:50:46,174 | INFO | Epoch: 57 | Time: 79.50s
2025-06-06 12:50:46,174 | INFO | Train Loss=1.9611, Train Acc=79.18%
2025-06-06 12:50:46,175 | INFO | Val Loss=1.7928, Val Acc=55.50%
2025-06-06 12:50:46,175 | INFO | Train Gamma Loss=-0.0104 | Val Gamma Loss=0.00012158996105426922
2025-06-06 12:52:03,878 | INFO | Epoch: 58 | Time: 77.69s
2025-06-06 12:52:03,878 | INFO | Train Loss=1.8913, Train Acc=80.85%
2025-06-06 12:52:03,878 | INFO | Val Loss=1.7708, Val Acc=53.92%
2025-06-06 12:52:03,878 | INFO | Train Gamma Loss=-0.0104 | Val Gamma Loss=0.00014197373820934445
2025-06-06 12:53:21,550 | INFO | Epoch: 59 | Time: 77.66s
2025-06-06 12:53:21,550 | INFO | Train Loss=1.9388, Train Acc=78.88%
2025-06-06 12:53:21,551 | INFO | Val Loss=1.7676, Val Acc=56.50%
2025-06-06 12:53:21,551 | INFO | Train Gamma Loss=-0.0104 | Val Gamma Loss=0.00013700511772185564
2025-06-06 12:54:32,188 | INFO | Epoch: 60 | Time: 70.63s
2025-06-06 12:54:32,188 | INFO | Train Loss=1.8770, Train Acc=80.90%
2025-06-06 12:54:32,188 | INFO | Val Loss=1.7018, Val Acc=56.50%
2025-06-06 12:54:32,189 | INFO | Train Gamma Loss=-0.0104 | Val Gamma Loss=0.00014602816372644156
2025-06-06 12:54:32,190 | INFO | New best model saved (val loss = 1.7018)
2025-06-06 12:55:43,259 | INFO | Epoch: 61 | Time: 71.05s
2025-06-06 12:55:43,259 | INFO | Train Loss=1.9131, Train Acc=81.52%
2025-06-06 12:55:43,259 | INFO | Val Loss=1.6706, Val Acc=59.67%
2025-06-06 12:55:43,259 | INFO | Train Gamma Loss=-0.0104 | Val Gamma Loss=0.00017382309306412935
2025-06-06 12:55:43,261 | INFO | New best model saved (val loss = 1.6706)
2025-06-06 12:56:58,499 | INFO | Epoch: 62 | Time: 75.21s
2025-06-06 12:56:58,499 | INFO | Train Loss=1.7936, Train Acc=82.93%
2025-06-06 12:56:58,499 | INFO | Val Loss=1.7338, Val Acc=56.58%
2025-06-06 12:56:58,499 | INFO | Train Gamma Loss=-0.0104 | Val Gamma Loss=0.00016730750212445855
2025-06-06 12:58:09,818 | INFO | Epoch: 63 | Time: 71.31s
2025-06-06 12:58:09,819 | INFO | Train Loss=1.7326, Train Acc=86.08%
2025-06-06 12:58:09,819 | INFO | Val Loss=1.7039, Val Acc=57.58%
2025-06-06 12:58:09,819 | INFO | Train Gamma Loss=-0.0104 | Val Gamma Loss=0.00014836728223599494
2025-06-06 12:59:22,515 | INFO | Epoch: 64 | Time: 72.67s
2025-06-06 12:59:22,515 | INFO | Train Loss=1.5121, Train Acc=90.47%
2025-06-06 12:59:22,515 | INFO | Val Loss=1.7136, Val Acc=58.42%
2025-06-06 12:59:22,515 | INFO | Train Gamma Loss=-0.0104 | Val Gamma Loss=0.0001508259738329798
2025-06-06 13:00:38,937 | INFO | Epoch: 65 | Time: 76.41s
2025-06-06 13:00:38,937 | INFO | Train Loss=1.9001, Train Acc=82.60%
2025-06-06 13:00:38,937 | INFO | Val Loss=1.7361, Val Acc=58.83%
2025-06-06 13:00:38,937 | INFO | Train Gamma Loss=-0.0104 | Val Gamma Loss=0.0001375068532070145
2025-06-06 13:01:56,264 | INFO | Epoch: 66 | Time: 77.31s
2025-06-06 13:01:56,265 | INFO | Train Loss=1.8531, Train Acc=82.03%
2025-06-06 13:01:56,265 | INFO | Val Loss=1.6986, Val Acc=59.08%
2025-06-06 13:01:56,265 | INFO | Train Gamma Loss=-0.0104 | Val Gamma Loss=0.00012677539780270308
2025-06-06 13:03:20,992 | INFO | Epoch: 67 | Time: 84.70s
2025-06-06 13:03:20,992 | INFO | Train Loss=1.6983, Train Acc=84.82%
2025-06-06 13:03:20,992 | INFO | Val Loss=1.7334, Val Acc=58.33%
2025-06-06 13:03:20,992 | INFO | Train Gamma Loss=-0.0104 | Val Gamma Loss=0.00013603243860416114
2025-06-06 13:04:34,366 | INFO | Epoch: 68 | Time: 73.36s
2025-06-06 13:04:34,366 | INFO | Train Loss=1.6298, Train Acc=86.67%
2025-06-06 13:04:34,366 | INFO | Val Loss=1.6902, Val Acc=59.92%
2025-06-06 13:04:34,367 | INFO | Train Gamma Loss=-0.0104 | Val Gamma Loss=0.00014553908840753138
2025-06-06 13:05:52,696 | INFO | Epoch: 69 | Time: 78.32s
2025-06-06 13:05:52,696 | INFO | Train Loss=1.7299, Train Acc=87.63%
2025-06-06 13:05:52,696 | INFO | Val Loss=1.6825, Val Acc=59.75%
2025-06-06 13:05:52,696 | INFO | Train Gamma Loss=-0.0104 | Val Gamma Loss=0.00014012031897436827
2025-06-06 13:07:06,504 | INFO | Epoch: 70 | Time: 73.80s
2025-06-06 13:07:06,504 | INFO | Train Loss=1.5109, Train Acc=90.45%
2025-06-06 13:07:06,504 | INFO | Val Loss=1.6691, Val Acc=59.83%
2025-06-06 13:07:06,504 | INFO | Train Gamma Loss=-0.0104 | Val Gamma Loss=0.00014757629833184183
2025-06-06 13:07:06,505 | INFO | New best model saved (val loss = 1.6691)
2025-06-06 13:08:22,687 | INFO | Epoch: 71 | Time: 76.16s
2025-06-06 13:08:22,688 | INFO | Train Loss=1.7288, Train Acc=85.35%
2025-06-06 13:08:22,688 | INFO | Val Loss=1.6684, Val Acc=58.17%
2025-06-06 13:08:22,688 | INFO | Train Gamma Loss=-0.0104 | Val Gamma Loss=0.00014874992484692484
2025-06-06 13:08:22,689 | INFO | New best model saved (val loss = 1.6684)
2025-06-06 13:09:37,303 | INFO | Epoch: 72 | Time: 74.57s
2025-06-06 13:09:37,303 | INFO | Train Loss=1.8219, Train Acc=83.08%
2025-06-06 13:09:37,303 | INFO | Val Loss=1.7379, Val Acc=59.17%
2025-06-06 13:09:37,303 | INFO | Train Gamma Loss=-0.0104 | Val Gamma Loss=0.00013345989282242954
2025-06-06 13:10:53,544 | INFO | Epoch: 73 | Time: 76.23s
2025-06-06 13:10:53,544 | INFO | Train Loss=1.8314, Train Acc=84.27%
2025-06-06 13:10:53,544 | INFO | Val Loss=1.6768, Val Acc=59.58%
2025-06-06 13:10:53,544 | INFO | Train Gamma Loss=-0.0104 | Val Gamma Loss=0.00013322490849532187
2025-06-06 13:12:06,012 | INFO | Epoch: 74 | Time: 72.45s
2025-06-06 13:12:06,012 | INFO | Train Loss=1.5861, Train Acc=89.37%
2025-06-06 13:12:06,012 | INFO | Val Loss=1.6560, Val Acc=59.33%
2025-06-06 13:12:06,012 | INFO | Train Gamma Loss=-0.0104 | Val Gamma Loss=0.0001411987468600273
2025-06-06 13:12:06,014 | INFO | New best model saved (val loss = 1.6560)
2025-06-06 13:13:18,192 | INFO | Epoch: 75 | Time: 72.14s
2025-06-06 13:13:18,192 | INFO | Train Loss=1.5526, Train Acc=88.68%
2025-06-06 13:13:18,192 | INFO | Val Loss=1.6628, Val Acc=59.00%
2025-06-06 13:13:18,192 | INFO | Train Gamma Loss=-0.0104 | Val Gamma Loss=0.00014401802036445588
2025-06-06 13:14:35,571 | INFO | Epoch: 76 | Time: 77.36s
2025-06-06 13:14:35,571 | INFO | Train Loss=1.7589, Train Acc=83.18%
2025-06-06 13:14:35,571 | INFO | Val Loss=1.6470, Val Acc=60.67%
2025-06-06 13:14:35,571 | INFO | Train Gamma Loss=-0.0104 | Val Gamma Loss=0.0001437033643014729
2025-06-06 13:14:35,573 | INFO | New best model saved (val loss = 1.6470)
2025-06-06 13:15:53,121 | INFO | Epoch: 77 | Time: 77.52s
2025-06-06 13:15:53,121 | INFO | Train Loss=1.7940, Train Acc=85.33%
2025-06-06 13:15:53,121 | INFO | Val Loss=1.6680, Val Acc=61.00%
2025-06-06 13:15:53,121 | INFO | Train Gamma Loss=-0.0104 | Val Gamma Loss=0.0001493330200901255
2025-06-06 13:17:07,910 | INFO | Epoch: 78 | Time: 74.78s
2025-06-06 13:17:07,910 | INFO | Train Loss=1.6781, Train Acc=86.18%
2025-06-06 13:17:07,910 | INFO | Val Loss=1.6698, Val Acc=61.00%
2025-06-06 13:17:07,910 | INFO | Train Gamma Loss=-0.0104 | Val Gamma Loss=0.00013933569425716996
2025-06-06 13:18:24,039 | INFO | Epoch: 79 | Time: 76.11s
2025-06-06 13:18:24,039 | INFO | Train Loss=1.6986, Train Acc=86.27%
2025-06-06 13:18:24,039 | INFO | Val Loss=1.6594, Val Acc=61.08%
2025-06-06 13:18:24,039 | INFO | Train Gamma Loss=-0.0104 | Val Gamma Loss=0.00014447061403188854
2025-06-06 13:19:36,186 | INFO | Epoch: 80 | Time: 72.13s
2025-06-06 13:19:36,186 | INFO | Train Loss=1.6839, Train Acc=87.03%
2025-06-06 13:19:36,186 | INFO | Val Loss=1.6578, Val Acc=61.33%
2025-06-06 13:19:36,186 | INFO | Train Gamma Loss=-0.0104 | Val Gamma Loss=0.00014240574091672897
2025-06-06 13:20:54,251 | INFO | Epoch: 81 | Time: 78.04s
2025-06-06 13:20:54,251 | INFO | Train Loss=1.7806, Train Acc=86.43%
2025-06-06 13:20:54,251 | INFO | Val Loss=1.6575, Val Acc=61.25%
2025-06-06 13:20:54,251 | INFO | Train Gamma Loss=-0.0104 | Val Gamma Loss=0.00013682209828402847
2025-06-06 13:22:22,034 | INFO | Epoch: 82 | Time: 87.77s
2025-06-06 13:22:22,034 | INFO | Train Loss=1.6187, Train Acc=87.40%
2025-06-06 13:22:22,034 | INFO | Val Loss=1.6413, Val Acc=62.58%
2025-06-06 13:22:22,034 | INFO | Train Gamma Loss=-0.0104 | Val Gamma Loss=0.00014573831867892295
2025-06-06 13:22:22,036 | INFO | New best model saved (val loss = 1.6413)
2025-06-06 13:23:41,391 | INFO | Epoch: 83 | Time: 79.32s
2025-06-06 13:23:41,391 | INFO | Train Loss=1.5670, Train Acc=86.87%
2025-06-06 13:23:41,391 | INFO | Val Loss=1.6353, Val Acc=62.00%
2025-06-06 13:23:41,391 | INFO | Train Gamma Loss=-0.0104 | Val Gamma Loss=0.0001427030365448445
2025-06-06 13:23:41,392 | INFO | New best model saved (val loss = 1.6353)
2025-06-06 13:25:09,551 | INFO | Epoch: 84 | Time: 88.12s
2025-06-06 13:25:09,551 | INFO | Train Loss=1.6331, Train Acc=88.07%
2025-06-06 13:25:09,551 | INFO | Val Loss=1.6343, Val Acc=61.00%
2025-06-06 13:25:09,551 | INFO | Train Gamma Loss=-0.0104 | Val Gamma Loss=0.00014118710532784462
2025-06-06 13:25:09,552 | INFO | New best model saved (val loss = 1.6343)
2025-06-06 13:26:31,522 | INFO | Epoch: 85 | Time: 81.91s
2025-06-06 13:26:31,522 | INFO | Train Loss=1.7501, Train Acc=85.42%
2025-06-06 13:26:31,522 | INFO | Val Loss=1.6309, Val Acc=62.58%
2025-06-06 13:26:31,522 | INFO | Train Gamma Loss=-0.0104 | Val Gamma Loss=0.0001405498042004183
2025-06-06 13:26:31,523 | INFO | New best model saved (val loss = 1.6309)
2025-06-06 13:27:45,825 | INFO | Epoch: 86 | Time: 74.27s
2025-06-06 13:27:45,825 | INFO | Train Loss=1.6373, Train Acc=87.88%
2025-06-06 13:27:45,825 | INFO | Val Loss=1.6312, Val Acc=62.33%
2025-06-06 13:27:45,825 | INFO | Train Gamma Loss=-0.0104 | Val Gamma Loss=0.00014124957669992
2025-06-06 13:29:01,177 | INFO | Epoch: 87 | Time: 75.28s
2025-06-06 13:29:01,177 | INFO | Train Loss=1.5801, Train Acc=88.73%
2025-06-06 13:29:01,177 | INFO | Val Loss=1.6261, Val Acc=62.83%
2025-06-06 13:29:01,177 | INFO | Train Gamma Loss=-0.0104 | Val Gamma Loss=0.00014190818183124065
2025-06-06 13:29:01,178 | INFO | New best model saved (val loss = 1.6261)
2025-06-06 13:30:19,583 | INFO | Epoch: 88 | Time: 78.38s
2025-06-06 13:30:19,583 | INFO | Train Loss=1.7057, Train Acc=84.20%
2025-06-06 13:30:19,583 | INFO | Val Loss=1.6091, Val Acc=62.83%
2025-06-06 13:30:19,583 | INFO | Train Gamma Loss=-0.0104 | Val Gamma Loss=0.0001412143319612369
2025-06-06 13:30:19,585 | INFO | New best model saved (val loss = 1.6091)
2025-06-06 13:31:35,215 | INFO | Epoch: 89 | Time: 75.60s
2025-06-06 13:31:35,215 | INFO | Train Loss=1.7165, Train Acc=87.23%
2025-06-06 13:31:35,215 | INFO | Val Loss=1.6145, Val Acc=62.17%
2025-06-06 13:31:35,215 | INFO | Train Gamma Loss=-0.0104 | Val Gamma Loss=0.00014371066936291754
2025-06-06 13:33:00,171 | INFO | Epoch: 90 | Time: 84.91s
2025-06-06 13:33:00,171 | INFO | Train Loss=1.6262, Train Acc=88.17%
2025-06-06 13:33:00,171 | INFO | Val Loss=1.6155, Val Acc=62.67%
2025-06-06 13:33:00,171 | INFO | Train Gamma Loss=-0.0104 | Val Gamma Loss=0.00014430498413275927
2025-06-06 13:34:30,098 | INFO | Epoch: 91 | Time: 89.91s
2025-06-06 13:34:30,098 | INFO | Train Loss=1.6186, Train Acc=85.95%
2025-06-06 13:34:30,098 | INFO | Val Loss=1.6092, Val Acc=62.92%
2025-06-06 13:34:30,098 | INFO | Train Gamma Loss=-0.0104 | Val Gamma Loss=0.00014330580597743392
2025-06-06 13:35:56,157 | INFO | Epoch: 92 | Time: 86.04s
2025-06-06 13:35:56,157 | INFO | Train Loss=1.6862, Train Acc=87.25%
2025-06-06 13:35:56,157 | INFO | Val Loss=1.6136, Val Acc=62.75%
2025-06-06 13:35:56,157 | INFO | Train Gamma Loss=-0.0104 | Val Gamma Loss=0.00014164915774017572
2025-06-06 13:37:18,728 | INFO | Epoch: 93 | Time: 82.56s
2025-06-06 13:37:18,728 | INFO | Train Loss=1.7421, Train Acc=87.17%
2025-06-06 13:37:18,728 | INFO | Val Loss=1.6250, Val Acc=62.67%
2025-06-06 13:37:18,728 | INFO | Train Gamma Loss=-0.0104 | Val Gamma Loss=0.00014454935444518924
2025-06-06 13:38:39,614 | INFO | Epoch: 94 | Time: 80.85s
2025-06-06 13:38:39,614 | INFO | Train Loss=1.6993, Train Acc=87.05%
2025-06-06 13:38:39,614 | INFO | Val Loss=1.6199, Val Acc=62.83%
2025-06-06 13:38:39,614 | INFO | Train Gamma Loss=-0.0104 | Val Gamma Loss=0.00014372720033861697
2025-06-06 13:40:02,143 | INFO | Epoch: 95 | Time: 82.51s
2025-06-06 13:40:02,143 | INFO | Train Loss=1.6519, Train Acc=87.63%
2025-06-06 13:40:02,143 | INFO | Val Loss=1.6252, Val Acc=62.92%
2025-06-06 13:40:02,143 | INFO | Train Gamma Loss=-0.0104 | Val Gamma Loss=0.0001427349343430251
2025-06-06 13:41:18,631 | INFO | Epoch: 96 | Time: 76.45s
2025-06-06 13:41:18,631 | INFO | Train Loss=1.6443, Train Acc=85.08%
2025-06-06 13:41:18,631 | INFO | Val Loss=1.6132, Val Acc=62.67%
2025-06-06 13:41:18,631 | INFO | Train Gamma Loss=-0.0104 | Val Gamma Loss=0.00014303925854619592
2025-06-06 13:42:35,360 | INFO | Epoch: 97 | Time: 76.70s
2025-06-06 13:42:35,360 | INFO | Train Loss=1.8998, Train Acc=84.35%
2025-06-06 13:42:35,360 | INFO | Val Loss=1.6343, Val Acc=62.25%
2025-06-06 13:42:35,360 | INFO | Train Gamma Loss=-0.0104 | Val Gamma Loss=0.00014037008804734796
2025-06-06 13:43:58,054 | INFO | Epoch: 98 | Time: 82.67s
2025-06-06 13:43:58,054 | INFO | Train Loss=1.7205, Train Acc=83.70%
2025-06-06 13:43:58,054 | INFO | Val Loss=1.6201, Val Acc=62.25%
2025-06-06 13:43:58,054 | INFO | Train Gamma Loss=-0.0104 | Val Gamma Loss=0.00014238717267289758
2025-06-06 13:45:21,858 | INFO | Epoch: 99 | Time: 83.79s
2025-06-06 13:45:21,858 | INFO | Train Loss=1.4955, Train Acc=91.55%
2025-06-06 13:45:21,859 | INFO | Val Loss=1.6123, Val Acc=62.67%
2025-06-06 13:45:21,859 | INFO | Train Gamma Loss=-0.0104 | Val Gamma Loss=0.00014321430353447795
2025-06-06 13:46:45,404 | INFO | Epoch: 100 | Time: 83.42s
2025-06-06 13:46:45,404 | INFO | Train Loss=1.5422, Train Acc=89.73%
2025-06-06 13:46:45,404 | INFO | Val Loss=1.6189, Val Acc=62.42%
2025-06-06 13:46:45,404 | INFO | Train Gamma Loss=-0.0104 | Val Gamma Loss=0.00014478122466243804
2025-06-06 13:46:45,493 | INFO | Best model with lowest val loss 1.6091067351792987 at 87 epoch is saved.
2025-06-06 13:48:01,845 | INFO | Test Accuracy: 61.66%
2025-06-06 13:48:01,936 | INFO | Last model with val loss 1.6188876377908807 at 99 epoch is saved.
2025-06-06 13:49:18,902 | INFO | Test Accuracy: 61.66%
2025-06-06 13:49:18,922 | INFO | 
Job Completed
