2025-04-22 11:22:37,656 | INFO | Job Started
2025-04-22 11:22:37,656 | INFO | Logging run: /rds/general/user/psp20/home/Brain-Network/runs/brainit_m2_20250422-112237
2025-04-22 11:22:37,841 | INFO | Using device: cuda
2025-04-22 11:22:37,841 | INFO | Training for 100 epochs
2025-04-22 11:22:37,841 | INFO | Debug mode: False
2025-04-22 11:22:37,841 | INFO | Downsampling by: 0
2025-04-22 11:22:39,244 | INFO | Using foveation transform
2025-04-22 11:22:41,055 | INFO | Full train/val size with downsampling (0): 50000
2025-04-22 11:22:43,150 | INFO | Label smoothing: 0.1
2025-04-22 11:23:02,448 | INFO | Epoch 1: Train Loss=2.0110, Train Acc=25.63% | Val Loss=1.8864, Val Acc=32.52% | Time: 19.30s
2025-04-22 11:23:02,449 | INFO | New best model saved (val loss = 1.8864)
2025-04-22 11:23:19,837 | INFO | Epoch 2: Train Loss=1.7928, Train Acc=37.54% | Val Loss=1.7118, Val Acc=42.18% | Time: 17.39s
2025-04-22 11:23:19,838 | INFO | New best model saved (val loss = 1.7118)
2025-04-22 11:23:37,253 | INFO | Epoch 3: Train Loss=1.6207, Train Acc=47.41% | Val Loss=1.6348, Val Acc=48.00% | Time: 17.42s
2025-04-22 11:23:37,254 | INFO | New best model saved (val loss = 1.6348)
2025-04-22 11:23:54,628 | INFO | Epoch 4: Train Loss=1.5177, Train Acc=53.27% | Val Loss=1.6538, Val Acc=49.46% | Time: 17.37s
2025-04-22 11:24:11,865 | INFO | Epoch 5: Train Loss=1.4443, Train Acc=56.78% | Val Loss=1.4403, Val Acc=56.38% | Time: 17.24s
2025-04-22 11:24:11,866 | INFO | New best model saved (val loss = 1.4403)
2025-04-22 11:24:29,297 | INFO | Epoch 6: Train Loss=1.3840, Train Acc=59.73% | Val Loss=1.6628, Val Acc=50.70% | Time: 17.43s
2025-04-22 11:24:46,742 | INFO | Epoch 7: Train Loss=1.3486, Train Acc=61.48% | Val Loss=1.3928, Val Acc=60.74% | Time: 17.44s
2025-04-22 11:24:46,743 | INFO | New best model saved (val loss = 1.3928)
2025-04-22 11:25:04,189 | INFO | Epoch 8: Train Loss=1.3133, Train Acc=63.14% | Val Loss=1.3921, Val Acc=60.60% | Time: 17.45s
2025-04-22 11:25:04,190 | INFO | New best model saved (val loss = 1.3921)
2025-04-22 11:25:21,422 | INFO | Epoch 9: Train Loss=1.2674, Train Acc=65.36% | Val Loss=1.3191, Val Acc=62.12% | Time: 17.23s
2025-04-22 11:25:21,423 | INFO | New best model saved (val loss = 1.3191)
2025-04-22 11:25:38,899 | INFO | Epoch 10: Train Loss=1.2454, Train Acc=66.63% | Val Loss=1.2712, Val Acc=65.32% | Time: 17.48s
2025-04-22 11:25:38,900 | INFO | New best model saved (val loss = 1.2712)
2025-04-22 11:25:56,475 | INFO | Epoch 11: Train Loss=1.2169, Train Acc=68.07% | Val Loss=1.2537, Val Acc=66.64% | Time: 17.58s
2025-04-22 11:25:56,477 | INFO | New best model saved (val loss = 1.2537)
2025-04-22 11:26:13,902 | INFO | Epoch 12: Train Loss=1.1928, Train Acc=69.12% | Val Loss=1.2392, Val Acc=67.32% | Time: 17.43s
2025-04-22 11:26:13,903 | INFO | New best model saved (val loss = 1.2392)
2025-04-22 11:26:31,366 | INFO | Epoch 13: Train Loss=1.1716, Train Acc=69.92% | Val Loss=1.1798, Val Acc=69.60% | Time: 17.46s
2025-04-22 11:26:31,367 | INFO | New best model saved (val loss = 1.1798)
2025-04-22 11:26:48,716 | INFO | Epoch 14: Train Loss=1.1487, Train Acc=71.31% | Val Loss=1.2848, Val Acc=65.06% | Time: 17.35s
2025-04-22 11:27:06,061 | INFO | Epoch 15: Train Loss=1.1254, Train Acc=71.98% | Val Loss=1.1581, Val Acc=70.30% | Time: 17.34s
2025-04-22 11:27:06,063 | INFO | New best model saved (val loss = 1.1581)
2025-04-22 11:27:23,409 | INFO | Epoch 16: Train Loss=1.1097, Train Acc=72.97% | Val Loss=1.1554, Val Acc=70.66% | Time: 17.35s
2025-04-22 11:27:23,410 | INFO | New best model saved (val loss = 1.1554)
2025-04-22 11:27:40,762 | INFO | Epoch 17: Train Loss=1.1004, Train Acc=73.13% | Val Loss=1.1416, Val Acc=71.36% | Time: 17.35s
2025-04-22 11:27:40,763 | INFO | New best model saved (val loss = 1.1416)
2025-04-22 11:27:58,143 | INFO | Epoch 18: Train Loss=1.0815, Train Acc=74.00% | Val Loss=1.0918, Val Acc=74.04% | Time: 17.38s
2025-04-22 11:27:58,145 | INFO | New best model saved (val loss = 1.0918)
2025-04-22 11:28:15,596 | INFO | Epoch 19: Train Loss=1.0605, Train Acc=75.16% | Val Loss=1.1130, Val Acc=72.16% | Time: 17.45s
2025-04-22 11:28:33,064 | INFO | Epoch 20: Train Loss=1.0526, Train Acc=75.49% | Val Loss=1.1320, Val Acc=72.10% | Time: 17.47s
2025-04-22 11:28:50,444 | INFO | Epoch 21: Train Loss=1.0388, Train Acc=76.03% | Val Loss=1.1607, Val Acc=71.50% | Time: 17.38s
2025-04-22 11:29:07,804 | INFO | Epoch 22: Train Loss=1.0198, Train Acc=77.04% | Val Loss=1.0935, Val Acc=74.10% | Time: 17.36s
2025-04-22 11:29:25,235 | INFO | Epoch 23: Train Loss=0.9228, Train Acc=81.22% | Val Loss=0.9518, Val Acc=79.70% | Time: 17.43s
2025-04-22 11:29:25,236 | INFO | New best model saved (val loss = 0.9518)
2025-04-22 11:29:42,690 | INFO | Epoch 24: Train Loss=0.8850, Train Acc=82.90% | Val Loss=0.9434, Val Acc=79.52% | Time: 17.45s
2025-04-22 11:29:42,691 | INFO | New best model saved (val loss = 0.9434)
2025-04-22 11:29:59,973 | INFO | Epoch 25: Train Loss=0.8764, Train Acc=83.47% | Val Loss=0.9271, Val Acc=80.88% | Time: 17.28s
2025-04-22 11:29:59,974 | INFO | New best model saved (val loss = 0.9271)
2025-04-22 11:30:17,368 | INFO | Epoch 26: Train Loss=0.8635, Train Acc=83.87% | Val Loss=0.9265, Val Acc=80.80% | Time: 17.39s
2025-04-22 11:30:17,369 | INFO | New best model saved (val loss = 0.9265)
2025-04-22 11:30:34,689 | INFO | Epoch 27: Train Loss=0.8571, Train Acc=84.23% | Val Loss=0.8974, Val Acc=82.64% | Time: 17.32s
2025-04-22 11:30:34,690 | INFO | New best model saved (val loss = 0.8974)
2025-04-22 11:30:52,034 | INFO | Epoch 28: Train Loss=0.8495, Train Acc=84.47% | Val Loss=0.9141, Val Acc=81.24% | Time: 17.34s
2025-04-22 11:31:09,376 | INFO | Epoch 29: Train Loss=0.8413, Train Acc=85.01% | Val Loss=0.9220, Val Acc=81.14% | Time: 17.34s
2025-04-22 11:31:26,600 | INFO | Epoch 30: Train Loss=0.8361, Train Acc=85.23% | Val Loss=0.9039, Val Acc=82.18% | Time: 17.22s
2025-04-22 11:31:44,008 | INFO | Epoch 31: Train Loss=0.8306, Train Acc=85.46% | Val Loss=0.9214, Val Acc=80.68% | Time: 17.41s
2025-04-22 11:32:01,427 | INFO | Epoch 32: Train Loss=0.8134, Train Acc=86.43% | Val Loss=0.9073, Val Acc=81.90% | Time: 17.42s
2025-04-22 11:32:18,868 | INFO | Epoch 33: Train Loss=0.8083, Train Acc=86.50% | Val Loss=0.8963, Val Acc=82.14% | Time: 17.44s
2025-04-22 11:32:18,870 | INFO | New best model saved (val loss = 0.8963)
2025-04-22 11:32:36,264 | INFO | Epoch 34: Train Loss=0.8110, Train Acc=86.25% | Val Loss=0.9099, Val Acc=81.90% | Time: 17.39s
2025-04-22 11:32:53,666 | INFO | Epoch 35: Train Loss=0.8051, Train Acc=86.61% | Val Loss=0.8925, Val Acc=82.00% | Time: 17.40s
2025-04-22 11:32:53,667 | INFO | New best model saved (val loss = 0.8925)
2025-04-22 11:33:11,153 | INFO | Epoch 36: Train Loss=0.8049, Train Acc=86.60% | Val Loss=0.9029, Val Acc=82.20% | Time: 17.48s
2025-04-22 11:33:28,528 | INFO | Epoch 37: Train Loss=0.8043, Train Acc=86.54% | Val Loss=0.9161, Val Acc=81.46% | Time: 17.38s
2025-04-22 11:33:45,974 | INFO | Epoch 38: Train Loss=0.8044, Train Acc=86.54% | Val Loss=0.8956, Val Acc=82.68% | Time: 17.45s
2025-04-22 11:34:03,433 | INFO | Epoch 39: Train Loss=0.8043, Train Acc=86.62% | Val Loss=0.9103, Val Acc=81.32% | Time: 17.46s
2025-04-22 11:34:21,043 | INFO | Epoch 40: Train Loss=0.8020, Train Acc=86.71% | Val Loss=0.8970, Val Acc=82.04% | Time: 17.61s
2025-04-22 11:34:38,498 | INFO | Epoch 41: Train Loss=0.7998, Train Acc=86.96% | Val Loss=0.9091, Val Acc=82.06% | Time: 17.45s
2025-04-22 11:34:55,880 | INFO | Epoch 42: Train Loss=0.8025, Train Acc=86.71% | Val Loss=0.8931, Val Acc=82.56% | Time: 17.38s
2025-04-22 11:35:13,374 | INFO | Epoch 43: Train Loss=0.8010, Train Acc=86.69% | Val Loss=0.9046, Val Acc=82.02% | Time: 17.49s
2025-04-22 11:35:30,736 | INFO | Epoch 44: Train Loss=0.7986, Train Acc=86.87% | Val Loss=0.9065, Val Acc=82.02% | Time: 17.36s
2025-04-22 11:35:48,053 | INFO | Epoch 45: Train Loss=0.7978, Train Acc=86.94% | Val Loss=0.8969, Val Acc=82.26% | Time: 17.32s
2025-04-22 11:35:48,053 | INFO | Early stopping triggered at epoch 45
2025-04-22 11:35:48,130 | INFO | Best model with lowest val loss 0.8925046414136887 at 34 epoch is saved.
2025-04-22 11:35:51,451 | INFO | Test Accuracy: 83.07%
2025-04-22 11:35:51,531 | INFO | Last model with val loss 0.8969265043735504 at 44 epoch is saved.
2025-04-22 11:35:54,618 | INFO | Test Accuracy: 83.07%
2025-04-22 11:35:54,628 | INFO | 
Job Completed
