2025-04-20 14:42:56,878 | INFO | Job Started
2025-04-20 14:42:56,879 | INFO | Logging run: /rds/general/user/psp20/home/Brain-Network/runs/resnet18_m27_20250420-144256
2025-04-20 14:42:56,879 | INFO | Config:
{
  "seed": 42,
  "run_name": "resnet18_m27",
  "model_type": "resnet18",
  "optimizer": "adam",
  "scheduler": "ReduceLROnPlateau",
  "criterion": "CE",
  "label_smoothing": 0,
  "train_split": 0.9,
  "batch_size": 256,
  "num_workers": 2,
  "lr": 0.001,
  "epochs": 50,
  "ema": false,
  "early_stopping": true,
  "min_diff": 0.001,
  "writer": true,
  "patience": 10,
  "use_flex": false,
  "use_pos_embed": false,
  "add_dropout": false,
  "mlp_end": false,
  "add_cls_token": false,
  "num_layers": 2,
  "trans_dropout_ratio": 0.0,
  "standard_scale": false,
  "transform_type": "custom",
  "downsample_fraction": 0,
  "few_shot": false,
  "attacker": false,
  "epsilon": false,
  "gaussian_std": false
}
2025-04-20 14:42:57,047 | INFO | Using device: cuda
2025-04-20 14:42:57,047 | INFO | Training for 50 epochs
2025-04-20 14:42:57,047 | INFO | Debug mode: False
2025-04-20 14:42:57,047 | INFO | Downsampling by: 0
2025-04-20 14:42:57,327 | INFO | Using custom transform
2025-04-20 14:43:01,382 | INFO | Label smoothing: 0
2025-04-20 14:43:09,893 | INFO | Epoch 1: Train Loss=1.4075, Train Acc=48.89% | Val Loss=1.2487, Val Acc=54.72% | Time: 8.51s
2025-04-20 14:43:09,894 | INFO | New best model saved (val loss = 1.2487)
2025-04-20 14:43:16,416 | INFO | Epoch 2: Train Loss=0.9537, Train Acc=65.96% | Val Loss=1.3554, Val Acc=57.08% | Time: 6.52s
2025-04-20 14:43:22,951 | INFO | Epoch 3: Train Loss=0.7584, Train Acc=73.33% | Val Loss=0.8639, Val Acc=70.56% | Time: 6.53s
2025-04-20 14:43:22,952 | INFO | New best model saved (val loss = 0.8639)
2025-04-20 14:43:29,544 | INFO | Epoch 4: Train Loss=0.6415, Train Acc=77.49% | Val Loss=0.6904, Val Acc=76.60% | Time: 6.59s
2025-04-20 14:43:29,545 | INFO | New best model saved (val loss = 0.6904)
2025-04-20 14:43:36,077 | INFO | Epoch 5: Train Loss=0.5620, Train Acc=80.66% | Val Loss=0.7146, Val Acc=75.52% | Time: 6.53s
2025-04-20 14:43:42,618 | INFO | Epoch 6: Train Loss=0.5064, Train Acc=82.41% | Val Loss=0.6071, Val Acc=79.26% | Time: 6.54s
2025-04-20 14:43:42,619 | INFO | New best model saved (val loss = 0.6071)
2025-04-20 14:43:49,199 | INFO | Epoch 7: Train Loss=0.4662, Train Acc=83.97% | Val Loss=0.5871, Val Acc=79.38% | Time: 6.58s
2025-04-20 14:43:49,200 | INFO | New best model saved (val loss = 0.5871)
2025-04-20 14:43:55,750 | INFO | Epoch 8: Train Loss=0.4272, Train Acc=85.26% | Val Loss=0.6802, Val Acc=77.92% | Time: 6.55s
2025-04-20 14:44:02,308 | INFO | Epoch 9: Train Loss=0.4059, Train Acc=86.07% | Val Loss=0.6311, Val Acc=79.38% | Time: 6.56s
2025-04-20 14:44:08,858 | INFO | Epoch 10: Train Loss=0.3698, Train Acc=87.24% | Val Loss=0.5475, Val Acc=82.02% | Time: 6.55s
2025-04-20 14:44:08,859 | INFO | New best model saved (val loss = 0.5475)
2025-04-20 14:44:15,427 | INFO | Epoch 11: Train Loss=0.3542, Train Acc=87.77% | Val Loss=0.5222, Val Acc=82.16% | Time: 6.57s
2025-04-20 14:44:15,429 | INFO | New best model saved (val loss = 0.5222)
2025-04-20 14:44:21,986 | INFO | Epoch 12: Train Loss=0.3346, Train Acc=88.36% | Val Loss=0.4597, Val Acc=85.02% | Time: 6.56s
2025-04-20 14:44:21,987 | INFO | New best model saved (val loss = 0.4597)
2025-04-20 14:44:28,540 | INFO | Epoch 13: Train Loss=0.3096, Train Acc=89.43% | Val Loss=0.4804, Val Acc=83.92% | Time: 6.55s
2025-04-20 14:44:35,109 | INFO | Epoch 14: Train Loss=0.3008, Train Acc=89.68% | Val Loss=0.5650, Val Acc=82.12% | Time: 6.57s
2025-04-20 14:44:41,665 | INFO | Epoch 15: Train Loss=0.2825, Train Acc=90.27% | Val Loss=0.4152, Val Acc=85.36% | Time: 6.56s
2025-04-20 14:44:41,666 | INFO | New best model saved (val loss = 0.4152)
2025-04-20 14:44:48,214 | INFO | Epoch 16: Train Loss=0.2675, Train Acc=90.68% | Val Loss=0.4842, Val Acc=83.84% | Time: 6.55s
2025-04-20 14:44:54,772 | INFO | Epoch 17: Train Loss=0.2578, Train Acc=91.02% | Val Loss=0.4451, Val Acc=84.88% | Time: 6.56s
2025-04-20 14:45:01,334 | INFO | Epoch 18: Train Loss=0.2437, Train Acc=91.56% | Val Loss=0.4191, Val Acc=86.68% | Time: 6.56s
2025-04-20 14:45:07,914 | INFO | Epoch 19: Train Loss=0.2375, Train Acc=91.91% | Val Loss=0.3622, Val Acc=88.00% | Time: 6.58s
2025-04-20 14:45:07,915 | INFO | New best model saved (val loss = 0.3622)
2025-04-20 14:45:14,561 | INFO | Epoch 20: Train Loss=0.2302, Train Acc=91.96% | Val Loss=0.3551, Val Acc=87.80% | Time: 6.65s
2025-04-20 14:45:14,562 | INFO | New best model saved (val loss = 0.3551)
2025-04-20 14:45:21,131 | INFO | Epoch 21: Train Loss=0.2099, Train Acc=92.68% | Val Loss=0.3560, Val Acc=88.80% | Time: 6.57s
2025-04-20 14:45:27,723 | INFO | Epoch 22: Train Loss=0.2092, Train Acc=92.75% | Val Loss=0.3753, Val Acc=88.32% | Time: 6.59s
2025-04-20 14:45:34,357 | INFO | Epoch 23: Train Loss=0.1986, Train Acc=93.08% | Val Loss=0.3727, Val Acc=87.62% | Time: 6.63s
2025-04-20 14:45:40,969 | INFO | Epoch 24: Train Loss=0.1944, Train Acc=93.28% | Val Loss=0.3542, Val Acc=88.54% | Time: 6.61s
2025-04-20 14:45:40,970 | INFO | New best model saved (val loss = 0.3542)
2025-04-20 14:45:47,563 | INFO | Epoch 25: Train Loss=0.1854, Train Acc=93.64% | Val Loss=0.3720, Val Acc=88.24% | Time: 6.59s
2025-04-20 14:45:54,133 | INFO | Epoch 26: Train Loss=0.1801, Train Acc=93.71% | Val Loss=0.3647, Val Acc=88.48% | Time: 6.57s
2025-04-20 14:46:00,694 | INFO | Epoch 27: Train Loss=0.1699, Train Acc=94.11% | Val Loss=0.4111, Val Acc=87.20% | Time: 6.56s
2025-04-20 14:46:07,241 | INFO | Epoch 28: Train Loss=0.1656, Train Acc=94.20% | Val Loss=0.3933, Val Acc=87.16% | Time: 6.55s
2025-04-20 14:46:13,776 | INFO | Epoch 29: Train Loss=0.0942, Train Acc=96.92% | Val Loss=0.2298, Val Acc=92.26% | Time: 6.54s
2025-04-20 14:46:13,778 | INFO | New best model saved (val loss = 0.2298)
2025-04-20 14:46:20,354 | INFO | Epoch 30: Train Loss=0.0671, Train Acc=97.86% | Val Loss=0.2239, Val Acc=93.00% | Time: 6.58s
2025-04-20 14:46:20,355 | INFO | New best model saved (val loss = 0.2239)
2025-04-20 14:46:26,923 | INFO | Epoch 31: Train Loss=0.0552, Train Acc=98.15% | Val Loss=0.2226, Val Acc=93.26% | Time: 6.57s
2025-04-20 14:46:26,924 | INFO | New best model saved (val loss = 0.2226)
2025-04-20 14:46:33,477 | INFO | Epoch 32: Train Loss=0.0458, Train Acc=98.47% | Val Loss=0.2405, Val Acc=92.58% | Time: 6.55s
2025-04-20 14:46:40,043 | INFO | Epoch 33: Train Loss=0.0434, Train Acc=98.58% | Val Loss=0.2411, Val Acc=92.60% | Time: 6.57s
2025-04-20 14:46:46,590 | INFO | Epoch 34: Train Loss=0.0367, Train Acc=98.81% | Val Loss=0.2378, Val Acc=93.12% | Time: 6.55s
2025-04-20 14:46:53,143 | INFO | Epoch 35: Train Loss=0.0333, Train Acc=98.88% | Val Loss=0.2487, Val Acc=93.20% | Time: 6.55s
2025-04-20 14:46:59,698 | INFO | Epoch 36: Train Loss=0.0277, Train Acc=99.12% | Val Loss=0.2283, Val Acc=93.58% | Time: 6.55s
2025-04-20 14:47:06,252 | INFO | Epoch 37: Train Loss=0.0266, Train Acc=99.12% | Val Loss=0.2410, Val Acc=93.38% | Time: 6.55s
2025-04-20 14:47:12,821 | INFO | Epoch 38: Train Loss=0.0247, Train Acc=99.21% | Val Loss=0.2358, Val Acc=93.52% | Time: 6.57s
2025-04-20 14:47:19,371 | INFO | Epoch 39: Train Loss=0.0249, Train Acc=99.22% | Val Loss=0.2344, Val Acc=93.70% | Time: 6.55s
2025-04-20 14:47:25,937 | INFO | Epoch 40: Train Loss=0.0234, Train Acc=99.28% | Val Loss=0.2478, Val Acc=93.12% | Time: 6.57s
2025-04-20 14:47:32,498 | INFO | Epoch 41: Train Loss=0.0226, Train Acc=99.32% | Val Loss=0.2504, Val Acc=93.24% | Time: 6.56s
2025-04-20 14:47:32,498 | INFO | Early stopping triggered at epoch 41
2025-04-20 14:47:32,560 | INFO | Best model with lowest val loss 0.22261916659772396 at 30 epoch is saved.
2025-04-20 14:47:33,509 | INFO | Test Accuracy: 92.65% | Test Loss: 0.30
2025-04-20 14:47:33,586 | INFO | Last model with val loss 0.250434847921133 at 40 epoch is saved.
2025-04-20 14:47:34,348 | INFO | Test Accuracy: 92.65% | Test Loss: 0.30
2025-04-20 14:47:34,360 | INFO | 
Job Completed
