2025-06-05 19:22:24,491 | INFO | Job Started
2025-06-05 19:22:24,492 | INFO | Logging run: /rds/general/user/psp20/home/Brain-Network/runs/brainit_4_6_sample_eff_0_25_20250605-192224
2025-06-05 19:22:24,497 | INFO | Using device: cuda
2025-06-05 19:22:24,497 | INFO | Training for 100 epochs
2025-06-05 19:22:24,497 | INFO | Debug mode: False
2025-06-05 19:22:24,497 | INFO | Downsampling by: 0.25
2025-06-05 19:22:24,497 | INFO | Auxiliary loss: {'attention_entropy_loss': 0.1}
2025-06-05 19:22:24,497 | INFO | Train transforms: 
	Compose(
    RandomCrop(size=(32, 32), padding=4)
    RandomHorizontalFlip(p=0.5)
    ColorJitter(brightness=(0.8, 1.2), contrast=(0.8, 1.2), saturation=(0.8, 1.2), hue=None)
    ToTensor()
    Normalize(mean=(0.485, 0.456, 0.406), std=(0.229, 0.224, 0.225))
)
2025-06-05 19:22:24,497 | INFO | Test transforms: 
	Compose(
    ToTensor()
    Normalize(mean=(0.485, 0.456, 0.406), std=(0.229, 0.224, 0.225))
)
2025-06-05 19:22:26,957 | INFO | Full train/val size with downsampling (0.25): 12500
2025-06-05 19:22:26,958 | INFO | Using pretrained weights
2025-06-05 19:22:27,127 | INFO | Using mixup function and SoftTargetCrossEntropy
2025-06-05 19:22:27,127 | INFO | Auxiliary loss: {'attention_entropy_loss': 0.1}
2025-06-05 19:22:34,362 | INFO | Epoch: 1 | Time: 7.23s
2025-06-05 19:22:34,362 | INFO | Train Loss=2.5475, Train Acc=16.01%
2025-06-05 19:22:34,362 | INFO | Val Loss=2.2747, Val Acc=23.84%
2025-06-05 19:22:34,363 | INFO | Train Gamma Loss=0.2910 | Val Gamma Loss=0.2013978809118271
2025-06-05 19:22:34,364 | INFO | New best model saved (val loss = 2.2747)
2025-06-05 19:22:41,517 | INFO | Epoch: 2 | Time: 7.15s
2025-06-05 19:22:41,517 | INFO | Train Loss=2.2187, Train Acc=22.45%
2025-06-05 19:22:41,517 | INFO | Val Loss=1.9660, Val Acc=27.44%
2025-06-05 19:22:41,517 | INFO | Train Gamma Loss=0.0745 | Val Gamma Loss=0.009757023304700851
2025-06-05 19:22:41,519 | INFO | New best model saved (val loss = 1.9660)
2025-06-05 19:22:48,687 | INFO | Epoch: 3 | Time: 7.17s
2025-06-05 19:22:48,687 | INFO | Train Loss=2.0928, Train Acc=25.85%
2025-06-05 19:22:48,687 | INFO | Val Loss=1.8614, Val Acc=32.16%
2025-06-05 19:22:48,687 | INFO | Train Gamma Loss=-0.0037 | Val Gamma Loss=0.006337746512144804
2025-06-05 19:22:48,689 | INFO | New best model saved (val loss = 1.8614)
2025-06-05 19:22:55,869 | INFO | Epoch: 4 | Time: 7.18s
2025-06-05 19:22:55,869 | INFO | Train Loss=1.9411, Train Acc=33.26%
2025-06-05 19:22:55,869 | INFO | Val Loss=1.8311, Val Acc=34.24%
2025-06-05 19:22:55,869 | INFO | Train Gamma Loss=-0.0042 | Val Gamma Loss=0.006048314739018679
2025-06-05 19:22:55,871 | INFO | New best model saved (val loss = 1.8311)
2025-06-05 19:23:03,092 | INFO | Epoch: 5 | Time: 7.22s
2025-06-05 19:23:03,092 | INFO | Train Loss=1.9359, Train Acc=35.11%
2025-06-05 19:23:03,093 | INFO | Val Loss=1.5913, Val Acc=43.28%
2025-06-05 19:23:03,093 | INFO | Train Gamma Loss=-0.0047 | Val Gamma Loss=0.0054243216291069984
2025-06-05 19:23:03,094 | INFO | New best model saved (val loss = 1.5913)
2025-06-05 19:23:10,256 | INFO | Epoch: 6 | Time: 7.16s
2025-06-05 19:23:10,256 | INFO | Train Loss=1.8533, Train Acc=41.66%
2025-06-05 19:23:10,256 | INFO | Val Loss=1.5769, Val Acc=45.04%
2025-06-05 19:23:10,256 | INFO | Train Gamma Loss=-0.0053 | Val Gamma Loss=0.0040793451480567455
2025-06-05 19:23:10,258 | INFO | New best model saved (val loss = 1.5769)
2025-06-05 19:23:17,434 | INFO | Epoch: 7 | Time: 7.17s
2025-06-05 19:23:17,434 | INFO | Train Loss=1.7700, Train Acc=44.03%
2025-06-05 19:23:17,434 | INFO | Val Loss=1.5115, Val Acc=46.08%
2025-06-05 19:23:17,434 | INFO | Train Gamma Loss=-0.0062 | Val Gamma Loss=0.00382353737950325
2025-06-05 19:23:17,436 | INFO | New best model saved (val loss = 1.5115)
2025-06-05 19:23:24,601 | INFO | Epoch: 8 | Time: 7.16s
2025-06-05 19:23:24,601 | INFO | Train Loss=1.6576, Train Acc=50.24%
2025-06-05 19:23:24,602 | INFO | Val Loss=1.4006, Val Acc=49.52%
2025-06-05 19:23:24,602 | INFO | Train Gamma Loss=-0.0070 | Val Gamma Loss=0.003823865670710802
2025-06-05 19:23:24,603 | INFO | New best model saved (val loss = 1.4006)
2025-06-05 19:23:31,804 | INFO | Epoch: 9 | Time: 7.20s
2025-06-05 19:23:31,804 | INFO | Train Loss=1.5819, Train Acc=52.72%
2025-06-05 19:23:31,804 | INFO | Val Loss=1.4398, Val Acc=51.60%
2025-06-05 19:23:31,804 | INFO | Train Gamma Loss=-0.0077 | Val Gamma Loss=0.0029840669594705105
2025-06-05 19:23:38,996 | INFO | Epoch: 10 | Time: 7.19s
2025-06-05 19:23:38,996 | INFO | Train Loss=1.5509, Train Acc=57.23%
2025-06-05 19:23:38,996 | INFO | Val Loss=1.1963, Val Acc=60.16%
2025-06-05 19:23:38,996 | INFO | Train Gamma Loss=-0.0080 | Val Gamma Loss=0.002578405663371086
2025-06-05 19:23:38,998 | INFO | New best model saved (val loss = 1.1963)
2025-06-05 19:23:46,212 | INFO | Epoch: 11 | Time: 7.21s
2025-06-05 19:23:46,212 | INFO | Train Loss=1.5698, Train Acc=56.01%
2025-06-05 19:23:46,212 | INFO | Val Loss=1.3185, Val Acc=54.96%
2025-06-05 19:23:46,212 | INFO | Train Gamma Loss=-0.0084 | Val Gamma Loss=0.002116637071594596
2025-06-05 19:23:53,444 | INFO | Epoch: 12 | Time: 7.23s
2025-06-05 19:23:53,444 | INFO | Train Loss=1.5330, Train Acc=58.16%
2025-06-05 19:23:53,444 | INFO | Val Loss=1.3390, Val Acc=54.00%
2025-06-05 19:23:53,445 | INFO | Train Gamma Loss=-0.0087 | Val Gamma Loss=0.0018957719439640641
2025-06-05 19:24:00,628 | INFO | Epoch: 13 | Time: 7.18s
2025-06-05 19:24:00,628 | INFO | Train Loss=1.4891, Train Acc=61.88%
2025-06-05 19:24:00,628 | INFO | Val Loss=1.2744, Val Acc=57.92%
2025-06-05 19:24:00,628 | INFO | Train Gamma Loss=-0.0090 | Val Gamma Loss=0.0019427543738856912
2025-06-05 19:24:07,910 | INFO | Epoch: 14 | Time: 7.28s
2025-06-05 19:24:07,911 | INFO | Train Loss=1.5519, Train Acc=59.68%
2025-06-05 19:24:07,911 | INFO | Val Loss=1.1148, Val Acc=62.32%
2025-06-05 19:24:07,911 | INFO | Train Gamma Loss=-0.0092 | Val Gamma Loss=0.0015751378377899528
2025-06-05 19:24:07,912 | INFO | New best model saved (val loss = 1.1148)
2025-06-05 19:24:15,084 | INFO | Epoch: 15 | Time: 7.17s
2025-06-05 19:24:15,084 | INFO | Train Loss=1.4716, Train Acc=64.69%
2025-06-05 19:24:15,084 | INFO | Val Loss=1.0906, Val Acc=66.56%
2025-06-05 19:24:15,084 | INFO | Train Gamma Loss=-0.0092 | Val Gamma Loss=0.0017632091185078025
2025-06-05 19:24:15,086 | INFO | New best model saved (val loss = 1.0906)
2025-06-05 19:24:22,266 | INFO | Epoch: 16 | Time: 7.18s
2025-06-05 19:24:22,266 | INFO | Train Loss=1.3824, Train Acc=66.11%
2025-06-05 19:24:22,266 | INFO | Val Loss=1.2655, Val Acc=57.44%
2025-06-05 19:24:22,266 | INFO | Train Gamma Loss=-0.0093 | Val Gamma Loss=0.001379067893140018
2025-06-05 19:24:29,440 | INFO | Epoch: 17 | Time: 7.17s
2025-06-05 19:24:29,440 | INFO | Train Loss=1.3677, Train Acc=65.43%
2025-06-05 19:24:29,440 | INFO | Val Loss=1.1156, Val Acc=61.76%
2025-06-05 19:24:29,440 | INFO | Train Gamma Loss=-0.0095 | Val Gamma Loss=0.0014556696405634284
2025-06-05 19:24:36,611 | INFO | Epoch: 18 | Time: 7.17s
2025-06-05 19:24:36,611 | INFO | Train Loss=1.4011, Train Acc=66.68%
2025-06-05 19:24:36,611 | INFO | Val Loss=0.9370, Val Acc=70.08%
2025-06-05 19:24:36,611 | INFO | Train Gamma Loss=-0.0095 | Val Gamma Loss=0.0015146639198064804
2025-06-05 19:24:36,613 | INFO | New best model saved (val loss = 0.9370)
2025-06-05 19:24:43,844 | INFO | Epoch: 19 | Time: 7.23s
2025-06-05 19:24:43,844 | INFO | Train Loss=1.5303, Train Acc=60.74%
2025-06-05 19:24:43,844 | INFO | Val Loss=1.0173, Val Acc=67.12%
2025-06-05 19:24:43,844 | INFO | Train Gamma Loss=-0.0095 | Val Gamma Loss=0.001340713701210916
2025-06-05 19:24:51,041 | INFO | Epoch: 20 | Time: 7.19s
2025-06-05 19:24:51,041 | INFO | Train Loss=1.3195, Train Acc=69.80%
2025-06-05 19:24:51,041 | INFO | Val Loss=1.0863, Val Acc=64.40%
2025-06-05 19:24:51,041 | INFO | Train Gamma Loss=-0.0096 | Val Gamma Loss=0.0012820977717638016
2025-06-05 19:24:58,220 | INFO | Epoch: 21 | Time: 7.18s
2025-06-05 19:24:58,221 | INFO | Train Loss=1.4052, Train Acc=68.98%
2025-06-05 19:24:58,221 | INFO | Val Loss=0.9099, Val Acc=70.96%
2025-06-05 19:24:58,221 | INFO | Train Gamma Loss=-0.0097 | Val Gamma Loss=0.0011026991996914148
2025-06-05 19:24:58,222 | INFO | New best model saved (val loss = 0.9099)
2025-06-05 19:25:05,438 | INFO | Epoch: 22 | Time: 7.21s
2025-06-05 19:25:05,438 | INFO | Train Loss=1.2770, Train Acc=71.71%
2025-06-05 19:25:05,438 | INFO | Val Loss=0.9236, Val Acc=70.64%
2025-06-05 19:25:05,438 | INFO | Train Gamma Loss=-0.0098 | Val Gamma Loss=0.001116279512643814
2025-06-05 19:25:12,560 | INFO | Epoch: 23 | Time: 7.12s
2025-06-05 19:25:12,560 | INFO | Train Loss=1.3346, Train Acc=71.21%
2025-06-05 19:25:12,560 | INFO | Val Loss=0.9385, Val Acc=69.84%
2025-06-05 19:25:12,560 | INFO | Train Gamma Loss=-0.0098 | Val Gamma Loss=0.0009759333916008472
2025-06-05 19:25:19,724 | INFO | Epoch: 24 | Time: 7.16s
2025-06-05 19:25:19,724 | INFO | Train Loss=1.2537, Train Acc=72.49%
2025-06-05 19:25:19,724 | INFO | Val Loss=0.8472, Val Acc=72.88%
2025-06-05 19:25:19,724 | INFO | Train Gamma Loss=-0.0098 | Val Gamma Loss=0.0010284908348694444
2025-06-05 19:25:19,725 | INFO | New best model saved (val loss = 0.8472)
2025-06-05 19:25:27,141 | INFO | Epoch: 25 | Time: 7.41s
2025-06-05 19:25:27,142 | INFO | Train Loss=1.2925, Train Acc=72.04%
2025-06-05 19:25:27,142 | INFO | Val Loss=0.8030, Val Acc=74.72%
2025-06-05 19:25:27,142 | INFO | Train Gamma Loss=-0.0098 | Val Gamma Loss=0.000961089157499373
2025-06-05 19:25:27,143 | INFO | New best model saved (val loss = 0.8030)
2025-06-05 19:25:34,341 | INFO | Epoch: 26 | Time: 7.19s
2025-06-05 19:25:34,341 | INFO | Train Loss=1.2594, Train Acc=72.62%
2025-06-05 19:25:34,341 | INFO | Val Loss=0.8407, Val Acc=75.60%
2025-06-05 19:25:34,341 | INFO | Train Gamma Loss=-0.0098 | Val Gamma Loss=0.0009666415280662477
2025-06-05 19:25:41,611 | INFO | Epoch: 27 | Time: 7.27s
2025-06-05 19:25:41,612 | INFO | Train Loss=1.2844, Train Acc=71.90%
2025-06-05 19:25:41,612 | INFO | Val Loss=0.9776, Val Acc=71.04%
2025-06-05 19:25:41,612 | INFO | Train Gamma Loss=-0.0097 | Val Gamma Loss=0.000984209356829524
2025-06-05 19:25:48,816 | INFO | Epoch: 28 | Time: 7.20s
2025-06-05 19:25:48,816 | INFO | Train Loss=1.2251, Train Acc=74.51%
2025-06-05 19:25:48,816 | INFO | Val Loss=0.8552, Val Acc=73.36%
2025-06-05 19:25:48,816 | INFO | Train Gamma Loss=-0.0098 | Val Gamma Loss=0.000954967166762799
2025-06-05 19:25:56,034 | INFO | Epoch: 29 | Time: 7.22s
2025-06-05 19:25:56,035 | INFO | Train Loss=1.2332, Train Acc=71.67%
2025-06-05 19:25:56,035 | INFO | Val Loss=0.8343, Val Acc=75.60%
2025-06-05 19:25:56,035 | INFO | Train Gamma Loss=-0.0099 | Val Gamma Loss=0.0009121719049289823
2025-06-05 19:26:03,251 | INFO | Epoch: 30 | Time: 7.21s
2025-06-05 19:26:03,251 | INFO | Train Loss=1.1285, Train Acc=77.63%
2025-06-05 19:26:03,251 | INFO | Val Loss=0.7716, Val Acc=74.16%
2025-06-05 19:26:03,251 | INFO | Train Gamma Loss=-0.0098 | Val Gamma Loss=0.0009390111081302166
2025-06-05 19:26:03,253 | INFO | New best model saved (val loss = 0.7716)
2025-06-05 19:26:10,441 | INFO | Epoch: 31 | Time: 7.17s
2025-06-05 19:26:10,441 | INFO | Train Loss=1.2634, Train Acc=73.25%
2025-06-05 19:26:10,441 | INFO | Val Loss=0.7556, Val Acc=76.88%
2025-06-05 19:26:10,441 | INFO | Train Gamma Loss=-0.0099 | Val Gamma Loss=0.0009372903150506318
2025-06-05 19:26:10,443 | INFO | New best model saved (val loss = 0.7556)
2025-06-05 19:26:17,663 | INFO | Epoch: 32 | Time: 7.22s
2025-06-05 19:26:17,663 | INFO | Train Loss=1.1492, Train Acc=77.63%
2025-06-05 19:26:17,663 | INFO | Val Loss=0.8446, Val Acc=73.12%
2025-06-05 19:26:17,663 | INFO | Train Gamma Loss=-0.0099 | Val Gamma Loss=0.0008904441492632031
2025-06-05 19:26:24,847 | INFO | Epoch: 33 | Time: 7.18s
2025-06-05 19:26:24,847 | INFO | Train Loss=1.2478, Train Acc=74.88%
2025-06-05 19:26:24,847 | INFO | Val Loss=0.7909, Val Acc=76.08%
2025-06-05 19:26:24,847 | INFO | Train Gamma Loss=-0.0099 | Val Gamma Loss=0.0009593674330972135
2025-06-05 19:26:32,080 | INFO | Epoch: 34 | Time: 7.23s
2025-06-05 19:26:32,081 | INFO | Train Loss=1.1016, Train Acc=78.44%
2025-06-05 19:26:32,081 | INFO | Val Loss=0.8817, Val Acc=72.56%
2025-06-05 19:26:32,081 | INFO | Train Gamma Loss=-0.0099 | Val Gamma Loss=0.0009436886175535619
2025-06-05 19:26:39,297 | INFO | Epoch: 35 | Time: 7.21s
2025-06-05 19:26:39,297 | INFO | Train Loss=1.1340, Train Acc=77.80%
2025-06-05 19:26:39,297 | INFO | Val Loss=0.7876, Val Acc=75.92%
2025-06-05 19:26:39,297 | INFO | Train Gamma Loss=-0.0098 | Val Gamma Loss=0.0008993008523248136
2025-06-05 19:26:46,580 | INFO | Epoch: 36 | Time: 7.28s
2025-06-05 19:26:46,581 | INFO | Train Loss=1.1426, Train Acc=79.08%
2025-06-05 19:26:46,581 | INFO | Val Loss=0.8315, Val Acc=75.76%
2025-06-05 19:26:46,581 | INFO | Train Gamma Loss=-0.0099 | Val Gamma Loss=0.0008749126573093235
2025-06-05 19:26:53,795 | INFO | Epoch: 37 | Time: 7.21s
2025-06-05 19:26:53,795 | INFO | Train Loss=1.0764, Train Acc=80.07%
2025-06-05 19:26:53,795 | INFO | Val Loss=0.6711, Val Acc=78.96%
2025-06-05 19:26:53,795 | INFO | Train Gamma Loss=-0.0099 | Val Gamma Loss=0.0008130172500386834
2025-06-05 19:26:53,796 | INFO | New best model saved (val loss = 0.6711)
2025-06-05 19:27:01,050 | INFO | Epoch: 38 | Time: 7.25s
2025-06-05 19:27:01,051 | INFO | Train Loss=1.2821, Train Acc=73.90%
2025-06-05 19:27:01,051 | INFO | Val Loss=0.7789, Val Acc=77.04%
2025-06-05 19:27:01,051 | INFO | Train Gamma Loss=-0.0099 | Val Gamma Loss=0.0008377017802558839
2025-06-05 19:27:08,215 | INFO | Epoch: 39 | Time: 7.16s
2025-06-05 19:27:08,215 | INFO | Train Loss=1.1289, Train Acc=80.02%
2025-06-05 19:27:08,215 | INFO | Val Loss=0.7251, Val Acc=80.24%
2025-06-05 19:27:08,215 | INFO | Train Gamma Loss=-0.0100 | Val Gamma Loss=0.0007461101631633937
2025-06-05 19:27:15,397 | INFO | Epoch: 40 | Time: 7.18s
2025-06-05 19:27:15,397 | INFO | Train Loss=1.1636, Train Acc=77.31%
2025-06-05 19:27:15,397 | INFO | Val Loss=0.8090, Val Acc=75.04%
2025-06-05 19:27:15,397 | INFO | Train Gamma Loss=-0.0099 | Val Gamma Loss=0.0009173128637485206
2025-06-05 19:27:22,595 | INFO | Epoch: 41 | Time: 7.19s
2025-06-05 19:27:22,596 | INFO | Train Loss=1.1360, Train Acc=79.17%
2025-06-05 19:27:22,596 | INFO | Val Loss=0.7383, Val Acc=77.20%
2025-06-05 19:27:22,596 | INFO | Train Gamma Loss=-0.0099 | Val Gamma Loss=0.0007746186456643045
2025-06-05 19:27:29,795 | INFO | Epoch: 42 | Time: 7.20s
2025-06-05 19:27:29,795 | INFO | Train Loss=1.1356, Train Acc=78.84%
2025-06-05 19:27:29,795 | INFO | Val Loss=0.7171, Val Acc=79.28%
2025-06-05 19:27:29,795 | INFO | Train Gamma Loss=-0.0100 | Val Gamma Loss=0.0008228173828683794
2025-06-05 19:27:36,986 | INFO | Epoch: 43 | Time: 7.19s
2025-06-05 19:27:36,987 | INFO | Train Loss=1.1223, Train Acc=80.92%
2025-06-05 19:27:36,987 | INFO | Val Loss=0.7848, Val Acc=76.80%
2025-06-05 19:27:36,987 | INFO | Train Gamma Loss=-0.0099 | Val Gamma Loss=0.0007455236045643687
2025-06-05 19:27:44,162 | INFO | Epoch: 44 | Time: 7.17s
2025-06-05 19:27:44,162 | INFO | Train Loss=1.1287, Train Acc=81.30%
2025-06-05 19:27:44,162 | INFO | Val Loss=0.7309, Val Acc=79.04%
2025-06-05 19:27:44,162 | INFO | Train Gamma Loss=-0.0100 | Val Gamma Loss=0.0007325623882934451
2025-06-05 19:27:51,352 | INFO | Epoch: 45 | Time: 7.19s
2025-06-05 19:27:51,352 | INFO | Train Loss=1.0315, Train Acc=82.71%
2025-06-05 19:27:51,352 | INFO | Val Loss=0.6887, Val Acc=80.00%
2025-06-05 19:27:51,352 | INFO | Train Gamma Loss=-0.0100 | Val Gamma Loss=0.0008963980944827199
2025-06-05 19:27:58,561 | INFO | Epoch: 46 | Time: 7.21s
2025-06-05 19:27:58,561 | INFO | Train Loss=1.1414, Train Acc=79.78%
2025-06-05 19:27:58,561 | INFO | Val Loss=0.6681, Val Acc=79.52%
2025-06-05 19:27:58,562 | INFO | Train Gamma Loss=-0.0099 | Val Gamma Loss=0.0008865811978466809
2025-06-05 19:27:58,563 | INFO | New best model saved (val loss = 0.6681)
2025-06-05 19:28:05,687 | INFO | Epoch: 47 | Time: 7.12s
2025-06-05 19:28:05,688 | INFO | Train Loss=1.1110, Train Acc=81.02%
2025-06-05 19:28:05,688 | INFO | Val Loss=0.7547, Val Acc=78.40%
2025-06-05 19:28:05,688 | INFO | Train Gamma Loss=-0.0098 | Val Gamma Loss=0.0014360782224684954
2025-06-05 19:28:12,864 | INFO | Epoch: 48 | Time: 7.17s
2025-06-05 19:28:12,864 | INFO | Train Loss=1.0896, Train Acc=81.35%
2025-06-05 19:28:12,864 | INFO | Val Loss=0.7080, Val Acc=79.28%
2025-06-05 19:28:12,864 | INFO | Train Gamma Loss=-0.0097 | Val Gamma Loss=0.000710724329110235
2025-06-05 19:28:20,072 | INFO | Epoch: 49 | Time: 7.20s
2025-06-05 19:28:20,073 | INFO | Train Loss=1.2715, Train Acc=76.13%
2025-06-05 19:28:20,073 | INFO | Val Loss=0.6634, Val Acc=81.20%
2025-06-05 19:28:20,073 | INFO | Train Gamma Loss=-0.0100 | Val Gamma Loss=0.0007439166074618697
2025-06-05 19:28:20,074 | INFO | New best model saved (val loss = 0.6634)
2025-06-05 19:28:27,395 | INFO | Epoch: 50 | Time: 7.32s
2025-06-05 19:28:27,395 | INFO | Train Loss=1.0478, Train Acc=84.94%
2025-06-05 19:28:27,395 | INFO | Val Loss=0.7054, Val Acc=79.68%
2025-06-05 19:28:27,395 | INFO | Train Gamma Loss=-0.0100 | Val Gamma Loss=0.0006387166795320809
2025-06-05 19:28:34,567 | INFO | Epoch: 51 | Time: 7.17s
2025-06-05 19:28:34,567 | INFO | Train Loss=1.1376, Train Acc=79.82%
2025-06-05 19:28:34,568 | INFO | Val Loss=0.7636, Val Acc=81.52%
2025-06-05 19:28:34,568 | INFO | Train Gamma Loss=-0.0101 | Val Gamma Loss=0.0006483906763605773
2025-06-05 19:28:41,796 | INFO | Epoch: 52 | Time: 7.22s
2025-06-05 19:28:41,796 | INFO | Train Loss=1.1951, Train Acc=78.59%
2025-06-05 19:28:41,796 | INFO | Val Loss=0.6555, Val Acc=81.68%
2025-06-05 19:28:41,797 | INFO | Train Gamma Loss=-0.0101 | Val Gamma Loss=0.0006955730495974422
2025-06-05 19:28:41,798 | INFO | New best model saved (val loss = 0.6555)
2025-06-05 19:28:49,222 | INFO | Epoch: 53 | Time: 7.42s
2025-06-05 19:28:49,222 | INFO | Train Loss=1.0232, Train Acc=83.86%
2025-06-05 19:28:49,222 | INFO | Val Loss=0.6635, Val Acc=80.88%
2025-06-05 19:28:49,222 | INFO | Train Gamma Loss=-0.0100 | Val Gamma Loss=0.0006521354080177844
2025-06-05 19:28:56,417 | INFO | Epoch: 54 | Time: 7.19s
2025-06-05 19:28:56,417 | INFO | Train Loss=0.9168, Train Acc=86.74%
2025-06-05 19:28:56,417 | INFO | Val Loss=0.6490, Val Acc=82.00%
2025-06-05 19:28:56,418 | INFO | Train Gamma Loss=-0.0100 | Val Gamma Loss=0.0006644593668170273
2025-06-05 19:28:56,419 | INFO | New best model saved (val loss = 0.6490)
2025-06-05 19:29:03,659 | INFO | Epoch: 55 | Time: 7.24s
2025-06-05 19:29:03,659 | INFO | Train Loss=0.9463, Train Acc=85.91%
2025-06-05 19:29:03,659 | INFO | Val Loss=0.5789, Val Acc=83.76%
2025-06-05 19:29:03,659 | INFO | Train Gamma Loss=-0.0100 | Val Gamma Loss=0.0006676004850305617
2025-06-05 19:29:03,660 | INFO | New best model saved (val loss = 0.5789)
2025-06-05 19:29:10,841 | INFO | Epoch: 56 | Time: 7.18s
2025-06-05 19:29:10,841 | INFO | Train Loss=1.0142, Train Acc=82.53%
2025-06-05 19:29:10,842 | INFO | Val Loss=0.5892, Val Acc=82.08%
2025-06-05 19:29:10,842 | INFO | Train Gamma Loss=-0.0100 | Val Gamma Loss=0.0006941728643141687
2025-06-05 19:29:18,009 | INFO | Epoch: 57 | Time: 7.16s
2025-06-05 19:29:18,009 | INFO | Train Loss=0.9932, Train Acc=86.60%
2025-06-05 19:29:18,009 | INFO | Val Loss=0.7203, Val Acc=79.44%
2025-06-05 19:29:18,009 | INFO | Train Gamma Loss=-0.0099 | Val Gamma Loss=0.0007402831106446683
2025-06-05 19:29:25,172 | INFO | Epoch: 58 | Time: 7.16s
2025-06-05 19:29:25,172 | INFO | Train Loss=0.9458, Train Acc=87.00%
2025-06-05 19:29:25,172 | INFO | Val Loss=0.6436, Val Acc=81.68%
2025-06-05 19:29:25,172 | INFO | Train Gamma Loss=-0.0100 | Val Gamma Loss=0.0005999569548293948
2025-06-05 19:29:32,381 | INFO | Epoch: 59 | Time: 7.20s
2025-06-05 19:29:32,381 | INFO | Train Loss=0.9743, Train Acc=85.62%
2025-06-05 19:29:32,381 | INFO | Val Loss=0.6341, Val Acc=81.92%
2025-06-05 19:29:32,381 | INFO | Train Gamma Loss=-0.0100 | Val Gamma Loss=0.0005566596519201994
2025-06-05 19:29:39,618 | INFO | Epoch: 60 | Time: 7.23s
2025-06-05 19:29:39,618 | INFO | Train Loss=1.0040, Train Acc=85.31%
2025-06-05 19:29:39,618 | INFO | Val Loss=0.6114, Val Acc=84.00%
2025-06-05 19:29:39,618 | INFO | Train Gamma Loss=-0.0101 | Val Gamma Loss=0.0005627328646369278
2025-06-05 19:29:46,802 | INFO | Epoch: 61 | Time: 7.18s
2025-06-05 19:29:46,803 | INFO | Train Loss=0.9109, Train Acc=89.10%
2025-06-05 19:29:46,803 | INFO | Val Loss=0.6162, Val Acc=82.48%
2025-06-05 19:29:46,803 | INFO | Train Gamma Loss=-0.0101 | Val Gamma Loss=0.0006072474643588066
2025-06-05 19:29:54,005 | INFO | Epoch: 62 | Time: 7.20s
2025-06-05 19:29:54,006 | INFO | Train Loss=0.9462, Train Acc=86.92%
2025-06-05 19:29:54,006 | INFO | Val Loss=0.6326, Val Acc=82.00%
2025-06-05 19:29:54,006 | INFO | Train Gamma Loss=-0.0101 | Val Gamma Loss=0.0004846635856665671
2025-06-05 19:30:01,253 | INFO | Epoch: 63 | Time: 7.24s
2025-06-05 19:30:01,253 | INFO | Train Loss=0.9842, Train Acc=87.43%
2025-06-05 19:30:01,253 | INFO | Val Loss=0.6296, Val Acc=82.72%
2025-06-05 19:30:01,253 | INFO | Train Gamma Loss=-0.0101 | Val Gamma Loss=0.0005050122272223234
2025-06-05 19:30:08,470 | INFO | Epoch: 64 | Time: 7.21s
2025-06-05 19:30:08,497 | INFO | Train Loss=0.7530, Train Acc=94.68%
2025-06-05 19:30:08,497 | INFO | Val Loss=0.6629, Val Acc=81.52%
2025-06-05 19:30:08,497 | INFO | Train Gamma Loss=-0.0101 | Val Gamma Loss=0.00046533826389349997
2025-06-05 19:30:15,718 | INFO | Epoch: 65 | Time: 7.22s
2025-06-05 19:30:15,718 | INFO | Train Loss=1.0588, Train Acc=86.38%
2025-06-05 19:30:15,718 | INFO | Val Loss=0.6422, Val Acc=82.32%
2025-06-05 19:30:15,719 | INFO | Train Gamma Loss=-0.0101 | Val Gamma Loss=0.0005490959738381207
2025-06-05 19:30:22,886 | INFO | Epoch: 66 | Time: 7.16s
2025-06-05 19:30:22,886 | INFO | Train Loss=0.9537, Train Acc=86.18%
2025-06-05 19:30:22,886 | INFO | Val Loss=0.5857, Val Acc=82.64%
2025-06-05 19:30:22,886 | INFO | Train Gamma Loss=-0.0101 | Val Gamma Loss=0.00047870769049040973
2025-06-05 19:30:30,060 | INFO | Epoch: 67 | Time: 7.17s
2025-06-05 19:30:30,060 | INFO | Train Loss=0.9573, Train Acc=88.97%
2025-06-05 19:30:30,060 | INFO | Val Loss=0.5882, Val Acc=83.92%
2025-06-05 19:30:30,060 | INFO | Train Gamma Loss=-0.0101 | Val Gamma Loss=0.0005119299166835845
2025-06-05 19:30:37,268 | INFO | Epoch: 68 | Time: 7.20s
2025-06-05 19:30:37,268 | INFO | Train Loss=0.9026, Train Acc=90.12%
2025-06-05 19:30:37,268 | INFO | Val Loss=0.6145, Val Acc=83.84%
2025-06-05 19:30:37,268 | INFO | Train Gamma Loss=-0.0102 | Val Gamma Loss=0.0004177379887551069
2025-06-05 19:30:44,456 | INFO | Epoch: 69 | Time: 7.18s
2025-06-05 19:30:44,456 | INFO | Train Loss=0.8906, Train Acc=89.99%
2025-06-05 19:30:44,456 | INFO | Val Loss=0.5673, Val Acc=83.76%
2025-06-05 19:30:44,456 | INFO | Train Gamma Loss=-0.0102 | Val Gamma Loss=0.00043093878775835037
2025-06-05 19:30:44,458 | INFO | New best model saved (val loss = 0.5673)
2025-06-05 19:30:51,628 | INFO | Epoch: 70 | Time: 7.16s
2025-06-05 19:30:51,628 | INFO | Train Loss=0.9124, Train Acc=88.32%
2025-06-05 19:30:51,628 | INFO | Val Loss=0.5601, Val Acc=84.80%
2025-06-05 19:30:51,628 | INFO | Train Gamma Loss=-0.0102 | Val Gamma Loss=0.0004493206215556711
2025-06-05 19:30:51,630 | INFO | New best model saved (val loss = 0.5601)
2025-06-05 19:30:58,780 | INFO | Epoch: 71 | Time: 7.14s
2025-06-05 19:30:58,780 | INFO | Train Loss=0.8220, Train Acc=91.36%
2025-06-05 19:30:58,780 | INFO | Val Loss=0.6154, Val Acc=83.28%
2025-06-05 19:30:58,780 | INFO | Train Gamma Loss=-0.0102 | Val Gamma Loss=0.00045613368274644017
2025-06-05 19:31:05,918 | INFO | Epoch: 72 | Time: 7.13s
2025-06-05 19:31:05,919 | INFO | Train Loss=0.8920, Train Acc=89.80%
2025-06-05 19:31:05,919 | INFO | Val Loss=0.5762, Val Acc=84.56%
2025-06-05 19:31:05,919 | INFO | Train Gamma Loss=-0.0102 | Val Gamma Loss=0.0004470449057407677
2025-06-05 19:31:13,103 | INFO | Epoch: 73 | Time: 7.18s
2025-06-05 19:31:13,103 | INFO | Train Loss=0.8217, Train Acc=91.47%
2025-06-05 19:31:13,103 | INFO | Val Loss=0.5713, Val Acc=84.96%
2025-06-05 19:31:13,103 | INFO | Train Gamma Loss=-0.0102 | Val Gamma Loss=0.0004468240949790925
2025-06-05 19:31:20,325 | INFO | Epoch: 74 | Time: 7.22s
2025-06-05 19:31:20,326 | INFO | Train Loss=0.9361, Train Acc=87.07%
2025-06-05 19:31:20,326 | INFO | Val Loss=0.5412, Val Acc=84.88%
2025-06-05 19:31:20,326 | INFO | Train Gamma Loss=-0.0102 | Val Gamma Loss=0.0004395942378323525
2025-06-05 19:31:20,327 | INFO | New best model saved (val loss = 0.5412)
2025-06-05 19:31:27,708 | INFO | Epoch: 75 | Time: 7.37s
2025-06-05 19:31:27,708 | INFO | Train Loss=0.8699, Train Acc=92.13%
2025-06-05 19:31:27,708 | INFO | Val Loss=0.5797, Val Acc=83.76%
2025-06-05 19:31:27,709 | INFO | Train Gamma Loss=-0.0102 | Val Gamma Loss=0.00044845594675280154
2025-06-05 19:31:34,926 | INFO | Epoch: 76 | Time: 7.21s
2025-06-05 19:31:34,927 | INFO | Train Loss=0.9079, Train Acc=88.02%
2025-06-05 19:31:34,927 | INFO | Val Loss=0.5743, Val Acc=84.80%
2025-06-05 19:31:34,927 | INFO | Train Gamma Loss=-0.0102 | Val Gamma Loss=0.0004655944649130106
2025-06-05 19:31:42,158 | INFO | Epoch: 77 | Time: 7.23s
2025-06-05 19:31:42,158 | INFO | Train Loss=0.9308, Train Acc=89.27%
2025-06-05 19:31:42,158 | INFO | Val Loss=0.5726, Val Acc=84.08%
2025-06-05 19:31:42,158 | INFO | Train Gamma Loss=-0.0102 | Val Gamma Loss=0.0004706592299044132
2025-06-05 19:31:49,448 | INFO | Epoch: 78 | Time: 7.28s
2025-06-05 19:31:49,448 | INFO | Train Loss=0.9469, Train Acc=88.18%
2025-06-05 19:31:49,448 | INFO | Val Loss=0.5801, Val Acc=84.24%
2025-06-05 19:31:49,448 | INFO | Train Gamma Loss=-0.0102 | Val Gamma Loss=0.00047514928155578673
2025-06-05 19:31:56,715 | INFO | Epoch: 79 | Time: 7.26s
2025-06-05 19:31:56,715 | INFO | Train Loss=0.8113, Train Acc=92.65%
2025-06-05 19:31:56,715 | INFO | Val Loss=0.5557, Val Acc=85.12%
2025-06-05 19:31:56,715 | INFO | Train Gamma Loss=-0.0102 | Val Gamma Loss=0.00044280916335992515
2025-06-05 19:32:03,997 | INFO | Epoch: 80 | Time: 7.28s
2025-06-05 19:32:03,997 | INFO | Train Loss=0.9852, Train Acc=89.60%
2025-06-05 19:32:03,997 | INFO | Val Loss=0.5719, Val Acc=85.52%
2025-06-05 19:32:03,997 | INFO | Train Gamma Loss=-0.0102 | Val Gamma Loss=0.00045880148536525667
2025-06-05 19:32:11,232 | INFO | Epoch: 81 | Time: 7.23s
2025-06-05 19:32:11,232 | INFO | Train Loss=0.8949, Train Acc=91.86%
2025-06-05 19:32:11,232 | INFO | Val Loss=0.5663, Val Acc=84.96%
2025-06-05 19:32:11,232 | INFO | Train Gamma Loss=-0.0102 | Val Gamma Loss=0.00044062602682970464
2025-06-05 19:32:18,459 | INFO | Epoch: 82 | Time: 7.22s
2025-06-05 19:32:18,459 | INFO | Train Loss=0.8644, Train Acc=89.89%
2025-06-05 19:32:18,460 | INFO | Val Loss=0.5576, Val Acc=85.20%
2025-06-05 19:32:18,460 | INFO | Train Gamma Loss=-0.0102 | Val Gamma Loss=0.000427274004323408
2025-06-05 19:32:25,646 | INFO | Epoch: 83 | Time: 7.18s
2025-06-05 19:32:25,646 | INFO | Train Loss=0.9124, Train Acc=87.68%
2025-06-05 19:32:25,646 | INFO | Val Loss=0.5301, Val Acc=85.52%
2025-06-05 19:32:25,646 | INFO | Train Gamma Loss=-0.0102 | Val Gamma Loss=0.000426437210990116
2025-06-05 19:32:25,647 | INFO | New best model saved (val loss = 0.5301)
2025-06-05 19:32:32,822 | INFO | Epoch: 84 | Time: 7.17s
2025-06-05 19:32:32,822 | INFO | Train Loss=0.9669, Train Acc=88.96%
2025-06-05 19:32:32,823 | INFO | Val Loss=0.5773, Val Acc=84.56%
2025-06-05 19:32:32,823 | INFO | Train Gamma Loss=-0.0102 | Val Gamma Loss=0.00046752934576943517
2025-06-05 19:32:39,990 | INFO | Epoch: 85 | Time: 7.16s
2025-06-05 19:32:39,990 | INFO | Train Loss=0.8778, Train Acc=91.94%
2025-06-05 19:32:39,990 | INFO | Val Loss=0.5592, Val Acc=84.88%
2025-06-05 19:32:39,990 | INFO | Train Gamma Loss=-0.0102 | Val Gamma Loss=0.00042564739123918116
2025-06-05 19:32:47,168 | INFO | Epoch: 86 | Time: 7.17s
2025-06-05 19:32:47,168 | INFO | Train Loss=0.9089, Train Acc=88.23%
2025-06-05 19:32:47,168 | INFO | Val Loss=0.5560, Val Acc=85.52%
2025-06-05 19:32:47,168 | INFO | Train Gamma Loss=-0.0102 | Val Gamma Loss=0.00044383719796314836
2025-06-05 19:32:54,362 | INFO | Epoch: 87 | Time: 7.19s
2025-06-05 19:32:54,362 | INFO | Train Loss=0.9978, Train Acc=88.18%
2025-06-05 19:32:54,362 | INFO | Val Loss=0.5512, Val Acc=85.68%
2025-06-05 19:32:54,362 | INFO | Train Gamma Loss=-0.0102 | Val Gamma Loss=0.0004293071979191154
2025-06-05 19:33:01,532 | INFO | Epoch: 88 | Time: 7.16s
2025-06-05 19:33:01,532 | INFO | Train Loss=1.0036, Train Acc=88.46%
2025-06-05 19:33:01,532 | INFO | Val Loss=0.5671, Val Acc=84.48%
2025-06-05 19:33:01,532 | INFO | Train Gamma Loss=-0.0102 | Val Gamma Loss=0.0004524286778178066
2025-06-05 19:33:08,742 | INFO | Epoch: 89 | Time: 7.20s
2025-06-05 19:33:08,742 | INFO | Train Loss=0.8818, Train Acc=90.89%
2025-06-05 19:33:08,742 | INFO | Val Loss=0.5565, Val Acc=85.44%
2025-06-05 19:33:08,742 | INFO | Train Gamma Loss=-0.0102 | Val Gamma Loss=0.0004230721096973866
2025-06-05 19:33:15,968 | INFO | Epoch: 90 | Time: 7.22s
2025-06-05 19:33:15,968 | INFO | Train Loss=0.7452, Train Acc=94.57%
2025-06-05 19:33:15,968 | INFO | Val Loss=0.5742, Val Acc=84.64%
2025-06-05 19:33:15,968 | INFO | Train Gamma Loss=-0.0102 | Val Gamma Loss=0.0004212185740470886
2025-06-05 19:33:23,167 | INFO | Epoch: 91 | Time: 7.19s
2025-06-05 19:33:23,167 | INFO | Train Loss=0.8519, Train Acc=89.42%
2025-06-05 19:33:23,167 | INFO | Val Loss=0.5564, Val Acc=85.60%
2025-06-05 19:33:23,167 | INFO | Train Gamma Loss=-0.0102 | Val Gamma Loss=0.00042564544128254056
2025-06-05 19:33:30,366 | INFO | Epoch: 92 | Time: 7.19s
2025-06-05 19:33:30,366 | INFO | Train Loss=1.0114, Train Acc=86.04%
2025-06-05 19:33:30,366 | INFO | Val Loss=0.5729, Val Acc=85.28%
2025-06-05 19:33:30,366 | INFO | Train Gamma Loss=-0.0102 | Val Gamma Loss=0.00047601244295947254
2025-06-05 19:33:37,553 | INFO | Epoch: 93 | Time: 7.18s
2025-06-05 19:33:37,554 | INFO | Train Loss=1.0511, Train Acc=85.52%
2025-06-05 19:33:37,554 | INFO | Val Loss=0.5679, Val Acc=85.20%
2025-06-05 19:33:37,554 | INFO | Train Gamma Loss=-0.0102 | Val Gamma Loss=0.00048418386722914875
2025-06-05 19:33:44,914 | INFO | Epoch: 94 | Time: 7.35s
2025-06-05 19:33:44,914 | INFO | Train Loss=1.0410, Train Acc=86.28%
2025-06-05 19:33:44,914 | INFO | Val Loss=0.5757, Val Acc=84.64%
2025-06-05 19:33:44,914 | INFO | Train Gamma Loss=-0.0102 | Val Gamma Loss=0.00046692928299307823
2025-06-05 19:33:52,089 | INFO | Epoch: 95 | Time: 7.17s
2025-06-05 19:33:52,089 | INFO | Train Loss=0.8297, Train Acc=90.40%
2025-06-05 19:33:52,089 | INFO | Val Loss=0.5626, Val Acc=84.72%
2025-06-05 19:33:52,090 | INFO | Train Gamma Loss=-0.0102 | Val Gamma Loss=0.00043058962910436094
2025-06-05 19:33:59,196 | INFO | Epoch: 96 | Time: 7.10s
2025-06-05 19:33:59,196 | INFO | Train Loss=0.8894, Train Acc=90.67%
2025-06-05 19:33:59,196 | INFO | Val Loss=0.5571, Val Acc=85.28%
2025-06-05 19:33:59,196 | INFO | Train Gamma Loss=-0.0102 | Val Gamma Loss=0.0004266910837031901
2025-06-05 19:34:06,319 | INFO | Epoch: 97 | Time: 7.12s
2025-06-05 19:34:06,319 | INFO | Train Loss=0.8683, Train Acc=91.83%
2025-06-05 19:34:06,319 | INFO | Val Loss=0.5634, Val Acc=85.12%
2025-06-05 19:34:06,319 | INFO | Train Gamma Loss=-0.0102 | Val Gamma Loss=0.0004359536396805197
2025-06-05 19:34:13,655 | INFO | Epoch: 98 | Time: 7.33s
2025-06-05 19:34:13,656 | INFO | Train Loss=1.0479, Train Acc=85.96%
2025-06-05 19:34:13,656 | INFO | Val Loss=0.5539, Val Acc=85.52%
2025-06-05 19:34:13,656 | INFO | Train Gamma Loss=-0.0102 | Val Gamma Loss=0.0004749308864120394
2025-06-05 19:34:20,829 | INFO | Epoch: 99 | Time: 7.17s
2025-06-05 19:34:20,829 | INFO | Train Loss=0.9999, Train Acc=88.00%
2025-06-05 19:34:20,829 | INFO | Val Loss=0.5546, Val Acc=85.84%
2025-06-05 19:34:20,829 | INFO | Train Gamma Loss=-0.0102 | Val Gamma Loss=0.0004571651224978268
2025-06-05 19:34:28,015 | INFO | Epoch: 100 | Time: 7.18s
2025-06-05 19:34:28,015 | INFO | Train Loss=0.9024, Train Acc=90.05%
2025-06-05 19:34:28,015 | INFO | Val Loss=0.5472, Val Acc=85.20%
2025-06-05 19:34:28,016 | INFO | Train Gamma Loss=-0.0102 | Val Gamma Loss=0.000453340559033677
2025-06-05 19:34:28,152 | INFO | Best model with lowest val loss 0.5301225900650024 at 82 epoch is saved.
2025-06-05 19:34:31,355 | INFO | Test Accuracy: 85.38%
2025-06-05 19:34:31,464 | INFO | Last model with val loss 0.5471690714359283 at 99 epoch is saved.
2025-06-05 19:34:34,669 | INFO | Test Accuracy: 85.38%
2025-06-05 19:34:34,679 | INFO | 
Job Completed
