2025-05-29 20:01:31,724 | INFO | Job Started
2025-05-29 20:01:31,724 | INFO | Logging run: /rds/general/user/psp20/home/Brain-Network/runs/zoomvit_4_1_v2_sample_eff_0_1_20250529-200131
2025-05-29 20:01:31,728 | INFO | Using device: cuda
2025-05-29 20:01:31,728 | INFO | Training for 100 epochs
2025-05-29 20:01:31,728 | INFO | Debug mode: False
2025-05-29 20:01:31,728 | INFO | Downsampling by: 0.1
2025-05-29 20:01:31,728 | INFO | Auxiliary loss: {'attention_entropy_loss': 0.1}
2025-05-29 20:01:31,728 | INFO | Train transforms: 
	Compose(
    RandomCrop(size=(32, 32), padding=4)
    RandomHorizontalFlip(p=0.5)
    ColorJitter(brightness=(0.8, 1.2), contrast=(0.8, 1.2), saturation=(0.8, 1.2), hue=None)
    ToTensor()
    Normalize(mean=(0.4914, 0.4822, 0.4465), std=(0.2023, 0.1994, 0.201))
)
2025-05-29 20:01:31,728 | INFO | Test transforms: 
	Compose(
    ToTensor()
    Normalize(mean=(0.4914, 0.4822, 0.4465), std=(0.2023, 0.1994, 0.201))
)
2025-05-29 20:01:33,975 | INFO | Full train/val size with downsampling (0.1): 5000
2025-05-29 20:01:34,112 | INFO | Using mixup function and SoftTargetCrossEntropy
2025-05-29 20:01:34,112 | INFO | Auxiliary loss: {'attention_entropy_loss': 0.1}
2025-05-29 20:01:35,878 | INFO | Epoch: 1 | Time: 1.76s
2025-05-29 20:01:35,878 | INFO | Train Loss=2.6410, Train Acc=12.71%
2025-05-29 20:01:35,878 | INFO | Val Loss=2.5652, Val Acc=16.80%
2025-05-29 20:01:35,878 | INFO | Train Gamma Loss=0.3256 | Val Gamma Loss=0.33016252517700195
2025-05-29 20:01:35,879 | INFO | New best model saved (val loss = 2.5652)
2025-05-29 20:01:37,516 | INFO | Epoch: 2 | Time: 1.64s
2025-05-29 20:01:37,517 | INFO | Train Loss=2.5512, Train Acc=17.16%
2025-05-29 20:01:37,517 | INFO | Val Loss=2.4703, Val Acc=21.80%
2025-05-29 20:01:37,517 | INFO | Train Gamma Loss=0.3073 | Val Gamma Loss=0.30455487966537476
2025-05-29 20:01:37,518 | INFO | New best model saved (val loss = 2.4703)
2025-05-29 20:01:39,151 | INFO | Epoch: 3 | Time: 1.63s
2025-05-29 20:01:39,151 | INFO | Train Loss=2.2109, Train Acc=23.91%
2025-05-29 20:01:39,151 | INFO | Val Loss=2.0421, Val Acc=24.80%
2025-05-29 20:01:39,151 | INFO | Train Gamma Loss=0.0888 | Val Gamma Loss=0.004459870047867298
2025-05-29 20:01:39,153 | INFO | New best model saved (val loss = 2.0421)
2025-05-29 20:01:40,772 | INFO | Epoch: 4 | Time: 1.62s
2025-05-29 20:01:40,772 | INFO | Train Loss=2.0758, Train Acc=26.62%
2025-05-29 20:01:40,772 | INFO | Val Loss=1.9049, Val Acc=28.60%
2025-05-29 20:01:40,772 | INFO | Train Gamma Loss=-0.0046 | Val Gamma Loss=0.006361303851008415
2025-05-29 20:01:40,773 | INFO | New best model saved (val loss = 1.9049)
2025-05-29 20:01:42,411 | INFO | Epoch: 5 | Time: 1.64s
2025-05-29 20:01:42,411 | INFO | Train Loss=1.9136, Train Acc=33.58%
2025-05-29 20:01:42,411 | INFO | Val Loss=1.7873, Val Acc=34.20%
2025-05-29 20:01:42,411 | INFO | Train Gamma Loss=-0.0040 | Val Gamma Loss=0.006382145453244448
2025-05-29 20:01:42,412 | INFO | New best model saved (val loss = 1.7873)
2025-05-29 20:01:44,056 | INFO | Epoch: 6 | Time: 1.64s
2025-05-29 20:01:44,056 | INFO | Train Loss=1.9560, Train Acc=33.51%
2025-05-29 20:01:44,056 | INFO | Val Loss=1.8316, Val Acc=33.80%
2025-05-29 20:01:44,056 | INFO | Train Gamma Loss=-0.0041 | Val Gamma Loss=0.0063307024538517
2025-05-29 20:01:45,701 | INFO | Epoch: 7 | Time: 1.64s
2025-05-29 20:01:45,701 | INFO | Train Loss=1.9967, Train Acc=31.53%
2025-05-29 20:01:45,701 | INFO | Val Loss=1.8253, Val Acc=31.20%
2025-05-29 20:01:45,701 | INFO | Train Gamma Loss=-0.0042 | Val Gamma Loss=0.006424482446163893
2025-05-29 20:01:47,337 | INFO | Epoch: 8 | Time: 1.63s
2025-05-29 20:01:47,337 | INFO | Train Loss=1.9081, Train Acc=37.47%
2025-05-29 20:01:47,337 | INFO | Val Loss=1.8288, Val Acc=35.00%
2025-05-29 20:01:47,337 | INFO | Train Gamma Loss=-0.0039 | Val Gamma Loss=0.0062843626365065575
2025-05-29 20:01:48,989 | INFO | Epoch: 9 | Time: 1.65s
2025-05-29 20:01:48,990 | INFO | Train Loss=1.8948, Train Acc=37.69%
2025-05-29 20:01:48,990 | INFO | Val Loss=1.6294, Val Acc=40.40%
2025-05-29 20:01:48,990 | INFO | Train Gamma Loss=-0.0042 | Val Gamma Loss=0.006283916998654604
2025-05-29 20:01:48,991 | INFO | New best model saved (val loss = 1.6294)
2025-05-29 20:01:50,617 | INFO | Epoch: 10 | Time: 1.62s
2025-05-29 20:01:50,618 | INFO | Train Loss=1.8220, Train Acc=42.60%
2025-05-29 20:01:50,618 | INFO | Val Loss=1.7202, Val Acc=37.60%
2025-05-29 20:01:50,618 | INFO | Train Gamma Loss=-0.0043 | Val Gamma Loss=0.006153952796012163
2025-05-29 20:01:52,273 | INFO | Epoch: 11 | Time: 1.65s
2025-05-29 20:01:52,273 | INFO | Train Loss=1.8855, Train Acc=40.42%
2025-05-29 20:01:52,273 | INFO | Val Loss=1.6722, Val Acc=40.40%
2025-05-29 20:01:52,273 | INFO | Train Gamma Loss=-0.0044 | Val Gamma Loss=0.00590876117348671
2025-05-29 20:01:53,918 | INFO | Epoch: 12 | Time: 1.64s
2025-05-29 20:01:53,918 | INFO | Train Loss=1.6607, Train Acc=48.67%
2025-05-29 20:01:53,918 | INFO | Val Loss=1.5624, Val Acc=44.80%
2025-05-29 20:01:53,918 | INFO | Train Gamma Loss=-0.0045 | Val Gamma Loss=0.005685111042112112
2025-05-29 20:01:53,920 | INFO | New best model saved (val loss = 1.5624)
2025-05-29 20:01:55,601 | INFO | Epoch: 13 | Time: 1.68s
2025-05-29 20:01:55,601 | INFO | Train Loss=1.7392, Train Acc=47.80%
2025-05-29 20:01:55,601 | INFO | Val Loss=1.4793, Val Acc=45.80%
2025-05-29 20:01:55,601 | INFO | Train Gamma Loss=-0.0050 | Val Gamma Loss=0.005600268952548504
2025-05-29 20:01:55,602 | INFO | New best model saved (val loss = 1.4793)
2025-05-29 20:01:57,232 | INFO | Epoch: 14 | Time: 1.63s
2025-05-29 20:01:57,232 | INFO | Train Loss=1.5376, Train Acc=54.44%
2025-05-29 20:01:57,232 | INFO | Val Loss=1.4315, Val Acc=52.00%
2025-05-29 20:01:57,232 | INFO | Train Gamma Loss=-0.0047 | Val Gamma Loss=0.0052432832308113575
2025-05-29 20:01:57,233 | INFO | New best model saved (val loss = 1.4315)
2025-05-29 20:01:58,848 | INFO | Epoch: 15 | Time: 1.61s
2025-05-29 20:01:58,848 | INFO | Train Loss=1.6105, Train Acc=54.49%
2025-05-29 20:01:58,848 | INFO | Val Loss=1.6695, Val Acc=41.00%
2025-05-29 20:01:58,848 | INFO | Train Gamma Loss=-0.0055 | Val Gamma Loss=0.004903925582766533
2025-05-29 20:02:00,478 | INFO | Epoch: 16 | Time: 1.63s
2025-05-29 20:02:00,478 | INFO | Train Loss=1.6664, Train Acc=51.11%
2025-05-29 20:02:00,478 | INFO | Val Loss=1.2637, Val Acc=57.60%
2025-05-29 20:02:00,478 | INFO | Train Gamma Loss=-0.0056 | Val Gamma Loss=0.005001716781407595
2025-05-29 20:02:00,479 | INFO | New best model saved (val loss = 1.2637)
2025-05-29 20:02:02,099 | INFO | Epoch: 17 | Time: 1.62s
2025-05-29 20:02:02,100 | INFO | Train Loss=1.6378, Train Acc=55.82%
2025-05-29 20:02:02,100 | INFO | Val Loss=1.4122, Val Acc=52.00%
2025-05-29 20:02:02,100 | INFO | Train Gamma Loss=-0.0057 | Val Gamma Loss=0.005111801438033581
2025-05-29 20:02:03,739 | INFO | Epoch: 18 | Time: 1.64s
2025-05-29 20:02:03,739 | INFO | Train Loss=1.4731, Train Acc=59.84%
2025-05-29 20:02:03,739 | INFO | Val Loss=1.3339, Val Acc=55.60%
2025-05-29 20:02:03,739 | INFO | Train Gamma Loss=-0.0053 | Val Gamma Loss=0.006155234295874834
2025-05-29 20:02:05,369 | INFO | Epoch: 19 | Time: 1.63s
2025-05-29 20:02:05,369 | INFO | Train Loss=1.6326, Train Acc=54.09%
2025-05-29 20:02:05,369 | INFO | Val Loss=1.3757, Val Acc=54.20%
2025-05-29 20:02:05,369 | INFO | Train Gamma Loss=-0.0056 | Val Gamma Loss=0.004701415076851845
2025-05-29 20:02:07,011 | INFO | Epoch: 20 | Time: 1.64s
2025-05-29 20:02:07,011 | INFO | Train Loss=1.6275, Train Acc=57.53%
2025-05-29 20:02:07,011 | INFO | Val Loss=1.3113, Val Acc=56.40%
2025-05-29 20:02:07,011 | INFO | Train Gamma Loss=-0.0061 | Val Gamma Loss=0.004430891014635563
2025-05-29 20:02:08,643 | INFO | Epoch: 21 | Time: 1.63s
2025-05-29 20:02:08,644 | INFO | Train Loss=1.5931, Train Acc=54.18%
2025-05-29 20:02:08,644 | INFO | Val Loss=1.3672, Val Acc=53.20%
2025-05-29 20:02:08,644 | INFO | Train Gamma Loss=-0.0063 | Val Gamma Loss=0.00432096142321825
2025-05-29 20:02:10,288 | INFO | Epoch: 22 | Time: 1.64s
2025-05-29 20:02:10,288 | INFO | Train Loss=1.4938, Train Acc=59.18%
2025-05-29 20:02:10,288 | INFO | Val Loss=1.3708, Val Acc=55.20%
2025-05-29 20:02:10,288 | INFO | Train Gamma Loss=-0.0064 | Val Gamma Loss=0.004323318600654602
2025-05-29 20:02:11,919 | INFO | Epoch: 23 | Time: 1.63s
2025-05-29 20:02:11,919 | INFO | Train Loss=1.5332, Train Acc=58.29%
2025-05-29 20:02:11,919 | INFO | Val Loss=1.2300, Val Acc=57.20%
2025-05-29 20:02:11,919 | INFO | Train Gamma Loss=-0.0065 | Val Gamma Loss=0.004013343248516321
2025-05-29 20:02:11,921 | INFO | New best model saved (val loss = 1.2300)
2025-05-29 20:02:13,698 | INFO | Epoch: 24 | Time: 1.78s
2025-05-29 20:02:13,698 | INFO | Train Loss=1.5092, Train Acc=61.00%
2025-05-29 20:02:13,698 | INFO | Val Loss=1.2053, Val Acc=60.00%
2025-05-29 20:02:13,698 | INFO | Train Gamma Loss=-0.0068 | Val Gamma Loss=0.004024583846330643
2025-05-29 20:02:13,699 | INFO | New best model saved (val loss = 1.2053)
2025-05-29 20:02:15,336 | INFO | Epoch: 25 | Time: 1.63s
2025-05-29 20:02:15,336 | INFO | Train Loss=1.5376, Train Acc=63.91%
2025-05-29 20:02:15,336 | INFO | Val Loss=1.1872, Val Acc=62.80%
2025-05-29 20:02:15,336 | INFO | Train Gamma Loss=-0.0070 | Val Gamma Loss=0.0035971556790173054
2025-05-29 20:02:15,337 | INFO | New best model saved (val loss = 1.1872)
2025-05-29 20:02:16,955 | INFO | Epoch: 26 | Time: 1.62s
2025-05-29 20:02:16,956 | INFO | Train Loss=1.3939, Train Acc=66.04%
2025-05-29 20:02:16,956 | INFO | Val Loss=1.0693, Val Acc=64.60%
2025-05-29 20:02:16,956 | INFO | Train Gamma Loss=-0.0070 | Val Gamma Loss=0.0037724787835031748
2025-05-29 20:02:16,957 | INFO | New best model saved (val loss = 1.0693)
2025-05-29 20:02:18,598 | INFO | Epoch: 27 | Time: 1.64s
2025-05-29 20:02:18,599 | INFO | Train Loss=1.3283, Train Acc=66.38%
2025-05-29 20:02:18,599 | INFO | Val Loss=1.3458, Val Acc=54.20%
2025-05-29 20:02:18,599 | INFO | Train Gamma Loss=-0.0069 | Val Gamma Loss=0.0038476362824440002
2025-05-29 20:02:20,229 | INFO | Epoch: 28 | Time: 1.63s
2025-05-29 20:02:20,230 | INFO | Train Loss=1.4394, Train Acc=66.38%
2025-05-29 20:02:20,230 | INFO | Val Loss=1.4190, Val Acc=54.00%
2025-05-29 20:02:20,230 | INFO | Train Gamma Loss=-0.0073 | Val Gamma Loss=0.0033642465714365244
2025-05-29 20:02:21,873 | INFO | Epoch: 29 | Time: 1.63s
2025-05-29 20:02:21,873 | INFO | Train Loss=1.4162, Train Acc=64.71%
2025-05-29 20:02:21,873 | INFO | Val Loss=1.1100, Val Acc=62.60%
2025-05-29 20:02:21,873 | INFO | Train Gamma Loss=-0.0074 | Val Gamma Loss=0.0032120291143655777
2025-05-29 20:02:23,518 | INFO | Epoch: 30 | Time: 1.64s
2025-05-29 20:02:23,518 | INFO | Train Loss=1.4444, Train Acc=65.80%
2025-05-29 20:02:23,518 | INFO | Val Loss=1.2692, Val Acc=56.60%
2025-05-29 20:02:23,518 | INFO | Train Gamma Loss=-0.0076 | Val Gamma Loss=0.00316595914773643
2025-05-29 20:02:25,154 | INFO | Epoch: 31 | Time: 1.63s
2025-05-29 20:02:25,154 | INFO | Train Loss=1.2866, Train Acc=71.42%
2025-05-29 20:02:25,154 | INFO | Val Loss=1.1105, Val Acc=64.40%
2025-05-29 20:02:25,154 | INFO | Train Gamma Loss=-0.0076 | Val Gamma Loss=0.00311996228992939
2025-05-29 20:02:26,786 | INFO | Epoch: 32 | Time: 1.63s
2025-05-29 20:02:26,786 | INFO | Train Loss=1.1214, Train Acc=76.40%
2025-05-29 20:02:26,786 | INFO | Val Loss=1.0708, Val Acc=65.00%
2025-05-29 20:02:26,787 | INFO | Train Gamma Loss=-0.0076 | Val Gamma Loss=0.0032569649629294872
2025-05-29 20:02:28,409 | INFO | Epoch: 33 | Time: 1.62s
2025-05-29 20:02:28,409 | INFO | Train Loss=1.1975, Train Acc=74.69%
2025-05-29 20:02:28,409 | INFO | Val Loss=1.0542, Val Acc=65.60%
2025-05-29 20:02:28,409 | INFO | Train Gamma Loss=-0.0076 | Val Gamma Loss=0.0030864919535815716
2025-05-29 20:02:28,410 | INFO | New best model saved (val loss = 1.0542)
2025-05-29 20:02:30,037 | INFO | Epoch: 34 | Time: 1.62s
2025-05-29 20:02:30,037 | INFO | Train Loss=1.2189, Train Acc=75.56%
2025-05-29 20:02:30,037 | INFO | Val Loss=1.0878, Val Acc=67.00%
2025-05-29 20:02:30,037 | INFO | Train Gamma Loss=-0.0077 | Val Gamma Loss=0.002948333974927664
2025-05-29 20:02:31,698 | INFO | Epoch: 35 | Time: 1.66s
2025-05-29 20:02:31,698 | INFO | Train Loss=1.2846, Train Acc=72.29%
2025-05-29 20:02:31,698 | INFO | Val Loss=1.0256, Val Acc=66.40%
2025-05-29 20:02:31,698 | INFO | Train Gamma Loss=-0.0080 | Val Gamma Loss=0.002839780878275633
2025-05-29 20:02:31,699 | INFO | New best model saved (val loss = 1.0256)
2025-05-29 20:02:33,392 | INFO | Epoch: 36 | Time: 1.69s
2025-05-29 20:02:33,392 | INFO | Train Loss=1.2434, Train Acc=73.09%
2025-05-29 20:02:33,392 | INFO | Val Loss=1.0895, Val Acc=66.00%
2025-05-29 20:02:33,392 | INFO | Train Gamma Loss=-0.0079 | Val Gamma Loss=0.0028870324604213238
2025-05-29 20:02:35,021 | INFO | Epoch: 37 | Time: 1.63s
2025-05-29 20:02:35,021 | INFO | Train Loss=1.3670, Train Acc=68.82%
2025-05-29 20:02:35,021 | INFO | Val Loss=1.0691, Val Acc=63.60%
2025-05-29 20:02:35,021 | INFO | Train Gamma Loss=-0.0081 | Val Gamma Loss=0.0029572693165391684
2025-05-29 20:02:36,650 | INFO | Epoch: 38 | Time: 1.63s
2025-05-29 20:02:36,650 | INFO | Train Loss=1.1429, Train Acc=76.67%
2025-05-29 20:02:36,650 | INFO | Val Loss=0.9931, Val Acc=67.20%
2025-05-29 20:02:36,650 | INFO | Train Gamma Loss=-0.0080 | Val Gamma Loss=0.0027960888110101223
2025-05-29 20:02:36,651 | INFO | New best model saved (val loss = 0.9931)
2025-05-29 20:02:38,355 | INFO | Epoch: 39 | Time: 1.70s
2025-05-29 20:02:38,355 | INFO | Train Loss=1.1398, Train Acc=80.00%
2025-05-29 20:02:38,355 | INFO | Val Loss=0.9368, Val Acc=72.00%
2025-05-29 20:02:38,355 | INFO | Train Gamma Loss=-0.0080 | Val Gamma Loss=0.002652214141562581
2025-05-29 20:02:38,356 | INFO | New best model saved (val loss = 0.9368)
2025-05-29 20:02:40,054 | INFO | Epoch: 40 | Time: 1.70s
2025-05-29 20:02:40,054 | INFO | Train Loss=1.3187, Train Acc=69.56%
2025-05-29 20:02:40,054 | INFO | Val Loss=1.0373, Val Acc=67.00%
2025-05-29 20:02:40,054 | INFO | Train Gamma Loss=-0.0082 | Val Gamma Loss=0.0025998526252806187
2025-05-29 20:02:41,675 | INFO | Epoch: 41 | Time: 1.62s
2025-05-29 20:02:41,676 | INFO | Train Loss=1.3196, Train Acc=74.16%
2025-05-29 20:02:41,676 | INFO | Val Loss=1.0175, Val Acc=68.20%
2025-05-29 20:02:41,676 | INFO | Train Gamma Loss=-0.0083 | Val Gamma Loss=0.0026065895799547434
2025-05-29 20:02:43,292 | INFO | Epoch: 42 | Time: 1.61s
2025-05-29 20:02:43,292 | INFO | Train Loss=1.2331, Train Acc=76.71%
2025-05-29 20:02:43,292 | INFO | Val Loss=1.0752, Val Acc=64.00%
2025-05-29 20:02:43,292 | INFO | Train Gamma Loss=-0.0084 | Val Gamma Loss=0.0026379628106951714
2025-05-29 20:02:44,918 | INFO | Epoch: 43 | Time: 1.62s
2025-05-29 20:02:44,918 | INFO | Train Loss=1.0212, Train Acc=82.31%
2025-05-29 20:02:44,918 | INFO | Val Loss=0.9214, Val Acc=70.20%
2025-05-29 20:02:44,919 | INFO | Train Gamma Loss=-0.0080 | Val Gamma Loss=0.0026371816638857126
2025-05-29 20:02:44,920 | INFO | New best model saved (val loss = 0.9214)
2025-05-29 20:02:46,538 | INFO | Epoch: 44 | Time: 1.62s
2025-05-29 20:02:46,538 | INFO | Train Loss=1.2354, Train Acc=76.64%
2025-05-29 20:02:46,538 | INFO | Val Loss=1.0180, Val Acc=68.80%
2025-05-29 20:02:46,538 | INFO | Train Gamma Loss=-0.0083 | Val Gamma Loss=0.0027143496554344893
2025-05-29 20:02:48,163 | INFO | Epoch: 45 | Time: 1.62s
2025-05-29 20:02:48,164 | INFO | Train Loss=1.1465, Train Acc=79.27%
2025-05-29 20:02:48,164 | INFO | Val Loss=0.9264, Val Acc=70.20%
2025-05-29 20:02:48,164 | INFO | Train Gamma Loss=-0.0084 | Val Gamma Loss=0.0025893906131386757
2025-05-29 20:02:49,795 | INFO | Epoch: 46 | Time: 1.63s
2025-05-29 20:02:49,795 | INFO | Train Loss=1.1475, Train Acc=80.58%
2025-05-29 20:02:49,795 | INFO | Val Loss=0.9082, Val Acc=72.60%
2025-05-29 20:02:49,795 | INFO | Train Gamma Loss=-0.0083 | Val Gamma Loss=0.002568555064499378
2025-05-29 20:02:49,796 | INFO | New best model saved (val loss = 0.9082)
2025-05-29 20:02:51,455 | INFO | Epoch: 47 | Time: 1.66s
2025-05-29 20:02:51,455 | INFO | Train Loss=0.9875, Train Acc=84.51%
2025-05-29 20:02:51,455 | INFO | Val Loss=1.0723, Val Acc=67.20%
2025-05-29 20:02:51,455 | INFO | Train Gamma Loss=-0.0083 | Val Gamma Loss=0.002790298778563738
2025-05-29 20:02:53,071 | INFO | Epoch: 48 | Time: 1.61s
2025-05-29 20:02:53,071 | INFO | Train Loss=1.1476, Train Acc=79.20%
2025-05-29 20:02:53,071 | INFO | Val Loss=0.9307, Val Acc=71.60%
2025-05-29 20:02:53,071 | INFO | Train Gamma Loss=-0.0083 | Val Gamma Loss=0.002644187770783901
2025-05-29 20:02:54,701 | INFO | Epoch: 49 | Time: 1.63s
2025-05-29 20:02:54,701 | INFO | Train Loss=1.0976, Train Acc=80.62%
2025-05-29 20:02:54,701 | INFO | Val Loss=0.9568, Val Acc=67.60%
2025-05-29 20:02:54,701 | INFO | Train Gamma Loss=-0.0083 | Val Gamma Loss=0.002567473566159606
2025-05-29 20:02:56,330 | INFO | Epoch: 50 | Time: 1.63s
2025-05-29 20:02:56,331 | INFO | Train Loss=0.8777, Train Acc=87.29%
2025-05-29 20:02:56,331 | INFO | Val Loss=0.9406, Val Acc=70.40%
2025-05-29 20:02:56,331 | INFO | Train Gamma Loss=-0.0083 | Val Gamma Loss=0.0026472981553524733
2025-05-29 20:02:57,990 | INFO | Epoch: 51 | Time: 1.66s
2025-05-29 20:02:57,990 | INFO | Train Loss=1.2356, Train Acc=77.47%
2025-05-29 20:02:57,990 | INFO | Val Loss=1.0168, Val Acc=67.00%
2025-05-29 20:02:57,990 | INFO | Train Gamma Loss=-0.0085 | Val Gamma Loss=0.002451830543577671
2025-05-29 20:02:59,616 | INFO | Epoch: 52 | Time: 1.62s
2025-05-29 20:02:59,616 | INFO | Train Loss=1.2768, Train Acc=75.33%
2025-05-29 20:02:59,616 | INFO | Val Loss=0.9353, Val Acc=72.20%
2025-05-29 20:02:59,616 | INFO | Train Gamma Loss=-0.0086 | Val Gamma Loss=0.002503541298210621
2025-05-29 20:03:01,252 | INFO | Epoch: 53 | Time: 1.63s
2025-05-29 20:03:01,252 | INFO | Train Loss=1.2302, Train Acc=78.51%
2025-05-29 20:03:01,252 | INFO | Val Loss=0.9372, Val Acc=70.00%
2025-05-29 20:03:01,252 | INFO | Train Gamma Loss=-0.0086 | Val Gamma Loss=0.002507708501070738
2025-05-29 20:03:02,893 | INFO | Epoch: 54 | Time: 1.64s
2025-05-29 20:03:02,893 | INFO | Train Loss=1.0710, Train Acc=78.31%
2025-05-29 20:03:02,893 | INFO | Val Loss=0.8290, Val Acc=75.00%
2025-05-29 20:03:02,893 | INFO | Train Gamma Loss=-0.0085 | Val Gamma Loss=0.002339496510103345
2025-05-29 20:03:02,895 | INFO | New best model saved (val loss = 0.8290)
2025-05-29 20:03:04,695 | INFO | Epoch: 55 | Time: 1.80s
2025-05-29 20:03:04,695 | INFO | Train Loss=1.2005, Train Acc=83.96%
2025-05-29 20:03:04,695 | INFO | Val Loss=0.9084, Val Acc=72.20%
2025-05-29 20:03:04,695 | INFO | Train Gamma Loss=-0.0085 | Val Gamma Loss=0.002418351825326681
2025-05-29 20:03:06,352 | INFO | Epoch: 56 | Time: 1.65s
2025-05-29 20:03:06,352 | INFO | Train Loss=1.0781, Train Acc=87.00%
2025-05-29 20:03:06,352 | INFO | Val Loss=0.8937, Val Acc=72.40%
2025-05-29 20:03:06,352 | INFO | Train Gamma Loss=-0.0086 | Val Gamma Loss=0.0023057814687490463
2025-05-29 20:03:07,981 | INFO | Epoch: 57 | Time: 1.63s
2025-05-29 20:03:07,981 | INFO | Train Loss=1.1986, Train Acc=80.09%
2025-05-29 20:03:07,981 | INFO | Val Loss=0.8309, Val Acc=72.60%
2025-05-29 20:03:07,981 | INFO | Train Gamma Loss=-0.0086 | Val Gamma Loss=0.0022362149320542812
2025-05-29 20:03:09,612 | INFO | Epoch: 58 | Time: 1.63s
2025-05-29 20:03:09,612 | INFO | Train Loss=1.1708, Train Acc=82.71%
2025-05-29 20:03:09,612 | INFO | Val Loss=0.9176, Val Acc=72.00%
2025-05-29 20:03:09,612 | INFO | Train Gamma Loss=-0.0086 | Val Gamma Loss=0.00239755236543715
2025-05-29 20:03:11,242 | INFO | Epoch: 59 | Time: 1.63s
2025-05-29 20:03:11,242 | INFO | Train Loss=1.0230, Train Acc=83.53%
2025-05-29 20:03:11,242 | INFO | Val Loss=0.8660, Val Acc=72.60%
2025-05-29 20:03:11,242 | INFO | Train Gamma Loss=-0.0086 | Val Gamma Loss=0.0023595551028847694
2025-05-29 20:03:12,898 | INFO | Epoch: 60 | Time: 1.65s
2025-05-29 20:03:12,898 | INFO | Train Loss=1.0606, Train Acc=84.60%
2025-05-29 20:03:12,898 | INFO | Val Loss=0.8687, Val Acc=72.80%
2025-05-29 20:03:12,898 | INFO | Train Gamma Loss=-0.0086 | Val Gamma Loss=0.0022283231373876333
2025-05-29 20:03:14,539 | INFO | Epoch: 61 | Time: 1.64s
2025-05-29 20:03:14,539 | INFO | Train Loss=0.9806, Train Acc=85.56%
2025-05-29 20:03:14,539 | INFO | Val Loss=0.7823, Val Acc=76.60%
2025-05-29 20:03:14,539 | INFO | Train Gamma Loss=-0.0086 | Val Gamma Loss=0.002298160921782255
2025-05-29 20:03:14,540 | INFO | New best model saved (val loss = 0.7823)
2025-05-29 20:03:16,492 | INFO | Epoch: 62 | Time: 1.95s
2025-05-29 20:03:16,492 | INFO | Train Loss=1.1427, Train Acc=81.87%
2025-05-29 20:03:16,492 | INFO | Val Loss=0.8149, Val Acc=76.00%
2025-05-29 20:03:16,493 | INFO | Train Gamma Loss=-0.0086 | Val Gamma Loss=0.0022237347438931465
2025-05-29 20:03:18,129 | INFO | Epoch: 63 | Time: 1.63s
2025-05-29 20:03:18,129 | INFO | Train Loss=1.1124, Train Acc=80.78%
2025-05-29 20:03:18,129 | INFO | Val Loss=0.9338, Val Acc=71.00%
2025-05-29 20:03:18,129 | INFO | Train Gamma Loss=-0.0087 | Val Gamma Loss=0.0021742519456893206
2025-05-29 20:03:19,753 | INFO | Epoch: 64 | Time: 1.62s
2025-05-29 20:03:19,753 | INFO | Train Loss=1.0646, Train Acc=86.73%
2025-05-29 20:03:19,753 | INFO | Val Loss=0.8468, Val Acc=74.60%
2025-05-29 20:03:19,753 | INFO | Train Gamma Loss=-0.0087 | Val Gamma Loss=0.0022057299502193928
2025-05-29 20:03:21,378 | INFO | Epoch: 65 | Time: 1.62s
2025-05-29 20:03:21,378 | INFO | Train Loss=0.9942, Train Acc=89.76%
2025-05-29 20:03:21,378 | INFO | Val Loss=0.8309, Val Acc=74.60%
2025-05-29 20:03:21,378 | INFO | Train Gamma Loss=-0.0086 | Val Gamma Loss=0.002219217363744974
2025-05-29 20:03:23,018 | INFO | Epoch: 66 | Time: 1.64s
2025-05-29 20:03:23,018 | INFO | Train Loss=1.0902, Train Acc=82.87%
2025-05-29 20:03:23,018 | INFO | Val Loss=0.7924, Val Acc=75.00%
2025-05-29 20:03:23,018 | INFO | Train Gamma Loss=-0.0087 | Val Gamma Loss=0.0021730083972215652
2025-05-29 20:03:24,663 | INFO | Epoch: 67 | Time: 1.64s
2025-05-29 20:03:24,663 | INFO | Train Loss=0.9810, Train Acc=91.82%
2025-05-29 20:03:24,663 | INFO | Val Loss=0.7920, Val Acc=75.40%
2025-05-29 20:03:24,663 | INFO | Train Gamma Loss=-0.0087 | Val Gamma Loss=0.0021642495412379503
2025-05-29 20:03:26,298 | INFO | Epoch: 68 | Time: 1.63s
2025-05-29 20:03:26,298 | INFO | Train Loss=1.0629, Train Acc=84.38%
2025-05-29 20:03:26,298 | INFO | Val Loss=0.8298, Val Acc=74.40%
2025-05-29 20:03:26,298 | INFO | Train Gamma Loss=-0.0087 | Val Gamma Loss=0.0021638022735714912
2025-05-29 20:03:27,930 | INFO | Epoch: 69 | Time: 1.63s
2025-05-29 20:03:27,930 | INFO | Train Loss=1.0346, Train Acc=87.38%
2025-05-29 20:03:27,930 | INFO | Val Loss=0.7773, Val Acc=77.40%
2025-05-29 20:03:27,930 | INFO | Train Gamma Loss=-0.0087 | Val Gamma Loss=0.0021389799658209085
2025-05-29 20:03:27,931 | INFO | New best model saved (val loss = 0.7773)
2025-05-29 20:03:29,634 | INFO | Epoch: 70 | Time: 1.70s
2025-05-29 20:03:29,634 | INFO | Train Loss=0.9406, Train Acc=86.27%
2025-05-29 20:03:29,634 | INFO | Val Loss=0.8448, Val Acc=74.80%
2025-05-29 20:03:29,634 | INFO | Train Gamma Loss=-0.0087 | Val Gamma Loss=0.0021243677474558353
2025-05-29 20:03:31,266 | INFO | Epoch: 71 | Time: 1.63s
2025-05-29 20:03:31,267 | INFO | Train Loss=1.1021, Train Acc=86.11%
2025-05-29 20:03:31,267 | INFO | Val Loss=0.8163, Val Acc=76.80%
2025-05-29 20:03:31,267 | INFO | Train Gamma Loss=-0.0088 | Val Gamma Loss=0.0021576895378530025
2025-05-29 20:03:32,934 | INFO | Epoch: 72 | Time: 1.66s
2025-05-29 20:03:32,934 | INFO | Train Loss=0.8957, Train Acc=91.33%
2025-05-29 20:03:32,934 | INFO | Val Loss=0.8138, Val Acc=73.40%
2025-05-29 20:03:32,934 | INFO | Train Gamma Loss=-0.0087 | Val Gamma Loss=0.0020745564252138138
2025-05-29 20:03:34,587 | INFO | Epoch: 73 | Time: 1.65s
2025-05-29 20:03:34,587 | INFO | Train Loss=0.9754, Train Acc=93.13%
2025-05-29 20:03:34,587 | INFO | Val Loss=0.8065, Val Acc=74.80%
2025-05-29 20:03:34,588 | INFO | Train Gamma Loss=-0.0087 | Val Gamma Loss=0.002070442773401737
2025-05-29 20:03:36,237 | INFO | Epoch: 74 | Time: 1.65s
2025-05-29 20:03:36,237 | INFO | Train Loss=0.9954, Train Acc=90.02%
2025-05-29 20:03:36,237 | INFO | Val Loss=0.7705, Val Acc=77.80%
2025-05-29 20:03:36,237 | INFO | Train Gamma Loss=-0.0087 | Val Gamma Loss=0.002000396605581045
2025-05-29 20:03:36,238 | INFO | New best model saved (val loss = 0.7705)
2025-05-29 20:03:37,916 | INFO | Epoch: 75 | Time: 1.67s
2025-05-29 20:03:37,916 | INFO | Train Loss=0.8280, Train Acc=90.00%
2025-05-29 20:03:37,916 | INFO | Val Loss=0.7608, Val Acc=77.00%
2025-05-29 20:03:37,916 | INFO | Train Gamma Loss=-0.0088 | Val Gamma Loss=0.001993816811591387
2025-05-29 20:03:37,917 | INFO | New best model saved (val loss = 0.7608)
2025-05-29 20:03:39,593 | INFO | Epoch: 76 | Time: 1.67s
2025-05-29 20:03:39,593 | INFO | Train Loss=1.0333, Train Acc=86.87%
2025-05-29 20:03:39,593 | INFO | Val Loss=0.7875, Val Acc=76.00%
2025-05-29 20:03:39,593 | INFO | Train Gamma Loss=-0.0088 | Val Gamma Loss=0.0019976994954049587
2025-05-29 20:03:41,216 | INFO | Epoch: 77 | Time: 1.62s
2025-05-29 20:03:41,216 | INFO | Train Loss=0.9293, Train Acc=90.27%
2025-05-29 20:03:41,216 | INFO | Val Loss=0.7559, Val Acc=75.80%
2025-05-29 20:03:41,216 | INFO | Train Gamma Loss=-0.0088 | Val Gamma Loss=0.0019952671136707067
2025-05-29 20:03:41,217 | INFO | New best model saved (val loss = 0.7559)
2025-05-29 20:03:42,976 | INFO | Epoch: 78 | Time: 1.76s
2025-05-29 20:03:42,976 | INFO | Train Loss=0.8066, Train Acc=94.47%
2025-05-29 20:03:42,976 | INFO | Val Loss=0.7478, Val Acc=79.00%
2025-05-29 20:03:42,976 | INFO | Train Gamma Loss=-0.0088 | Val Gamma Loss=0.0019440592732280493
2025-05-29 20:03:42,977 | INFO | New best model saved (val loss = 0.7478)
2025-05-29 20:03:44,662 | INFO | Epoch: 79 | Time: 1.68s
2025-05-29 20:03:44,662 | INFO | Train Loss=0.8979, Train Acc=89.96%
2025-05-29 20:03:44,662 | INFO | Val Loss=0.7734, Val Acc=77.20%
2025-05-29 20:03:44,662 | INFO | Train Gamma Loss=-0.0088 | Val Gamma Loss=0.0019987341947853565
2025-05-29 20:03:46,280 | INFO | Epoch: 80 | Time: 1.62s
2025-05-29 20:03:46,280 | INFO | Train Loss=0.8836, Train Acc=92.60%
2025-05-29 20:03:46,280 | INFO | Val Loss=0.7784, Val Acc=77.00%
2025-05-29 20:03:46,280 | INFO | Train Gamma Loss=-0.0088 | Val Gamma Loss=0.001966263633221388
2025-05-29 20:03:47,906 | INFO | Epoch: 81 | Time: 1.62s
2025-05-29 20:03:47,906 | INFO | Train Loss=0.8784, Train Acc=91.20%
2025-05-29 20:03:47,906 | INFO | Val Loss=0.7691, Val Acc=76.40%
2025-05-29 20:03:47,906 | INFO | Train Gamma Loss=-0.0089 | Val Gamma Loss=0.0019196083303540945
2025-05-29 20:03:49,530 | INFO | Epoch: 82 | Time: 1.62s
2025-05-29 20:03:49,531 | INFO | Train Loss=1.0024, Train Acc=89.09%
2025-05-29 20:03:49,531 | INFO | Val Loss=0.7400, Val Acc=77.00%
2025-05-29 20:03:49,531 | INFO | Train Gamma Loss=-0.0089 | Val Gamma Loss=0.001926449709571898
2025-05-29 20:03:49,532 | INFO | New best model saved (val loss = 0.7400)
2025-05-29 20:03:51,177 | INFO | Epoch: 83 | Time: 1.64s
2025-05-29 20:03:51,177 | INFO | Train Loss=1.0498, Train Acc=87.27%
2025-05-29 20:03:51,177 | INFO | Val Loss=0.7664, Val Acc=77.60%
2025-05-29 20:03:51,177 | INFO | Train Gamma Loss=-0.0089 | Val Gamma Loss=0.0019788555800914764
2025-05-29 20:03:52,808 | INFO | Epoch: 84 | Time: 1.63s
2025-05-29 20:03:52,809 | INFO | Train Loss=0.6385, Train Acc=97.02%
2025-05-29 20:03:52,809 | INFO | Val Loss=0.7759, Val Acc=76.60%
2025-05-29 20:03:52,809 | INFO | Train Gamma Loss=-0.0088 | Val Gamma Loss=0.0019443563651293516
2025-05-29 20:03:54,437 | INFO | Epoch: 85 | Time: 1.63s
2025-05-29 20:03:54,438 | INFO | Train Loss=0.8240, Train Acc=93.20%
2025-05-29 20:03:54,438 | INFO | Val Loss=0.7322, Val Acc=78.20%
2025-05-29 20:03:54,438 | INFO | Train Gamma Loss=-0.0088 | Val Gamma Loss=0.0019377463031560183
2025-05-29 20:03:54,439 | INFO | New best model saved (val loss = 0.7322)
2025-05-29 20:03:56,059 | INFO | Epoch: 86 | Time: 1.62s
2025-05-29 20:03:56,059 | INFO | Train Loss=0.7672, Train Acc=94.47%
2025-05-29 20:03:56,059 | INFO | Val Loss=0.7476, Val Acc=77.80%
2025-05-29 20:03:56,059 | INFO | Train Gamma Loss=-0.0088 | Val Gamma Loss=0.001955266110599041
2025-05-29 20:03:57,675 | INFO | Epoch: 87 | Time: 1.61s
2025-05-29 20:03:57,675 | INFO | Train Loss=1.0695, Train Acc=84.89%
2025-05-29 20:03:57,675 | INFO | Val Loss=0.7517, Val Acc=77.40%
2025-05-29 20:03:57,675 | INFO | Train Gamma Loss=-0.0088 | Val Gamma Loss=0.0020142581779509783
2025-05-29 20:03:59,294 | INFO | Epoch: 88 | Time: 1.62s
2025-05-29 20:03:59,294 | INFO | Train Loss=0.9819, Train Acc=89.27%
2025-05-29 20:03:59,294 | INFO | Val Loss=0.7430, Val Acc=77.00%
2025-05-29 20:03:59,294 | INFO | Train Gamma Loss=-0.0089 | Val Gamma Loss=0.001953668426722288
2025-05-29 20:04:00,923 | INFO | Epoch: 89 | Time: 1.62s
2025-05-29 20:04:00,923 | INFO | Train Loss=1.1068, Train Acc=86.47%
2025-05-29 20:04:00,923 | INFO | Val Loss=0.7400, Val Acc=77.00%
2025-05-29 20:04:00,923 | INFO | Train Gamma Loss=-0.0089 | Val Gamma Loss=0.0019452646374702454
2025-05-29 20:04:02,558 | INFO | Epoch: 90 | Time: 1.63s
2025-05-29 20:04:02,558 | INFO | Train Loss=1.0084, Train Acc=84.18%
2025-05-29 20:04:02,558 | INFO | Val Loss=0.7402, Val Acc=77.80%
2025-05-29 20:04:02,558 | INFO | Train Gamma Loss=-0.0089 | Val Gamma Loss=0.001927724340930581
2025-05-29 20:04:04,184 | INFO | Epoch: 91 | Time: 1.62s
2025-05-29 20:04:04,185 | INFO | Train Loss=1.2115, Train Acc=79.87%
2025-05-29 20:04:04,185 | INFO | Val Loss=0.7796, Val Acc=75.40%
2025-05-29 20:04:04,185 | INFO | Train Gamma Loss=-0.0090 | Val Gamma Loss=0.001928304904140532
2025-05-29 20:04:05,813 | INFO | Epoch: 92 | Time: 1.63s
2025-05-29 20:04:05,813 | INFO | Train Loss=0.6719, Train Acc=98.22%
2025-05-29 20:04:05,813 | INFO | Val Loss=0.7657, Val Acc=77.20%
2025-05-29 20:04:05,814 | INFO | Train Gamma Loss=-0.0089 | Val Gamma Loss=0.0019146588165313005
2025-05-29 20:04:07,439 | INFO | Epoch: 93 | Time: 1.62s
2025-05-29 20:04:07,439 | INFO | Train Loss=1.0454, Train Acc=85.76%
2025-05-29 20:04:07,439 | INFO | Val Loss=0.7622, Val Acc=78.60%
2025-05-29 20:04:07,440 | INFO | Train Gamma Loss=-0.0089 | Val Gamma Loss=0.001931286184117198
2025-05-29 20:04:09,065 | INFO | Epoch: 94 | Time: 1.62s
2025-05-29 20:04:09,065 | INFO | Train Loss=0.7328, Train Acc=97.07%
2025-05-29 20:04:09,065 | INFO | Val Loss=0.7303, Val Acc=78.00%
2025-05-29 20:04:09,065 | INFO | Train Gamma Loss=-0.0089 | Val Gamma Loss=0.0019156994530931115
2025-05-29 20:04:09,066 | INFO | New best model saved (val loss = 0.7303)
2025-05-29 20:04:10,697 | INFO | Epoch: 95 | Time: 1.63s
2025-05-29 20:04:10,697 | INFO | Train Loss=0.9671, Train Acc=90.09%
2025-05-29 20:04:10,697 | INFO | Val Loss=0.7488, Val Acc=77.00%
2025-05-29 20:04:10,697 | INFO | Train Gamma Loss=-0.0089 | Val Gamma Loss=0.001951748738065362
2025-05-29 20:04:12,320 | INFO | Epoch: 96 | Time: 1.62s
2025-05-29 20:04:12,321 | INFO | Train Loss=0.9075, Train Acc=89.02%
2025-05-29 20:04:12,321 | INFO | Val Loss=0.7482, Val Acc=77.40%
2025-05-29 20:04:12,321 | INFO | Train Gamma Loss=-0.0089 | Val Gamma Loss=0.0019206861034035683
2025-05-29 20:04:13,937 | INFO | Epoch: 97 | Time: 1.61s
2025-05-29 20:04:13,937 | INFO | Train Loss=0.9531, Train Acc=88.91%
2025-05-29 20:04:13,937 | INFO | Val Loss=0.7617, Val Acc=77.20%
2025-05-29 20:04:13,937 | INFO | Train Gamma Loss=-0.0089 | Val Gamma Loss=0.0019251338671892881
2025-05-29 20:04:15,564 | INFO | Epoch: 98 | Time: 1.62s
2025-05-29 20:04:15,564 | INFO | Train Loss=0.7918, Train Acc=93.87%
2025-05-29 20:04:15,565 | INFO | Val Loss=0.7328, Val Acc=79.60%
2025-05-29 20:04:15,565 | INFO | Train Gamma Loss=-0.0089 | Val Gamma Loss=0.0018884425517171621
2025-05-29 20:04:17,191 | INFO | Epoch: 99 | Time: 1.62s
2025-05-29 20:04:17,191 | INFO | Train Loss=0.9254, Train Acc=90.04%
2025-05-29 20:04:17,191 | INFO | Val Loss=0.7262, Val Acc=78.20%
2025-05-29 20:04:17,191 | INFO | Train Gamma Loss=-0.0089 | Val Gamma Loss=0.00194380315952003
2025-05-29 20:04:17,192 | INFO | New best model saved (val loss = 0.7262)
2025-05-29 20:04:18,886 | INFO | Epoch: 100 | Time: 1.69s
2025-05-29 20:04:18,886 | INFO | Train Loss=0.9926, Train Acc=89.98%
2025-05-29 20:04:18,886 | INFO | Val Loss=0.7462, Val Acc=77.40%
2025-05-29 20:04:18,886 | INFO | Train Gamma Loss=-0.0089 | Val Gamma Loss=0.0019202694529667497
2025-05-29 20:04:18,963 | INFO | Best model with lowest val loss 0.7262313365936279 at 98 epoch is saved.
2025-05-29 20:04:19,772 | INFO | Test Accuracy: 79.06%
2025-05-29 20:04:19,862 | INFO | Last model with val loss 0.7462174594402313 at 99 epoch is saved.
2025-05-29 20:04:20,684 | INFO | Test Accuracy: 79.06%
2025-05-29 20:04:20,695 | INFO | 
Job Completed
