2025-06-06 00:22:29,959 | INFO | Job Started
2025-06-06 00:22:29,959 | INFO | Logging run: /rds/general/user/psp20/home/Brain-Network/runs/brainit_5_4_sample_eff_0_5_20250606-002229
2025-06-06 00:22:29,984 | INFO | Using device: cuda
2025-06-06 00:22:29,985 | INFO | Training for 100 epochs
2025-06-06 00:22:29,985 | INFO | Debug mode: False
2025-06-06 00:22:29,985 | INFO | Downsampling by: 0.5
2025-06-06 00:22:29,985 | INFO | Auxiliary loss: {'attention_entropy_loss': 0.1}
2025-06-06 00:22:29,985 | INFO | Train transforms: 
	Compose(
    RandomResizedCrop(size=(224, 224), scale=(0.7, 1), ratio=(0.75, 1.3333), interpolation=bilinear, antialias=True)
    RandomHorizontalFlip(p=0.5)
    ColorJitter(brightness=(0.8, 1.2), contrast=(0.8, 1.2), saturation=(0.8, 1.2), hue=None)
    ToTensor()
    Normalize(mean=(0.485, 0.456, 0.406), std=(0.229, 0.224, 0.225))
)
2025-06-06 00:22:29,985 | INFO | Test transforms: 
	Compose(
    Resize(size=256, interpolation=bilinear, max_size=None, antialias=True)
    CenterCrop(size=(224, 224))
    ToTensor()
    Normalize(mean=(0.485, 0.456, 0.406), std=(0.229, 0.224, 0.225))
)
2025-06-06 00:22:30,231 | INFO | Downsampling by: 0.5. Few shot: False
2025-06-06 00:22:30,232 | INFO | Using pretrained weights
2025-06-06 00:22:30,876 | INFO | Using mixup function and SoftTargetCrossEntropy
2025-06-06 00:22:30,876 | INFO | Auxiliary loss: {'attention_entropy_loss': 0.1}
2025-06-06 00:23:41,143 | INFO | Epoch: 1 | Time: 70.25s
2025-06-06 00:23:41,143 | INFO | Train Loss=5.0814, Train Acc=0.87%
2025-06-06 00:23:41,143 | INFO | Val Loss=4.7628, Val Acc=2.33%
2025-06-06 00:23:41,144 | INFO | Train Gamma Loss=0.2555 | Val Gamma Loss=0.038538649678230286
2025-06-06 00:23:41,145 | INFO | New best model saved (val loss = 4.7628)
2025-06-06 00:24:50,344 | INFO | Epoch: 2 | Time: 69.14s
2025-06-06 00:24:50,345 | INFO | Train Loss=4.7486, Train Acc=1.97%
2025-06-06 00:24:50,345 | INFO | Val Loss=4.6458, Val Acc=3.83%
2025-06-06 00:24:50,345 | INFO | Train Gamma Loss=0.0070 | Val Gamma Loss=0.004433653317391872
2025-06-06 00:24:50,346 | INFO | New best model saved (val loss = 4.6458)
2025-06-06 00:26:00,218 | INFO | Epoch: 3 | Time: 69.84s
2025-06-06 00:26:00,219 | INFO | Train Loss=4.5906, Train Acc=3.60%
2025-06-06 00:26:00,219 | INFO | Val Loss=4.2722, Val Acc=4.83%
2025-06-06 00:26:00,219 | INFO | Train Gamma Loss=-0.0056 | Val Gamma Loss=0.002986637409776449
2025-06-06 00:26:00,220 | INFO | New best model saved (val loss = 4.2722)
2025-06-06 00:27:10,459 | INFO | Epoch: 4 | Time: 70.22s
2025-06-06 00:27:10,459 | INFO | Train Loss=4.3101, Train Acc=6.65%
2025-06-06 00:27:10,459 | INFO | Val Loss=4.3440, Val Acc=4.83%
2025-06-06 00:27:10,459 | INFO | Train Gamma Loss=-0.0074 | Val Gamma Loss=0.0026343322824686766
2025-06-06 00:28:21,129 | INFO | Epoch: 5 | Time: 70.66s
2025-06-06 00:28:21,129 | INFO | Train Loss=4.1394, Train Acc=9.35%
2025-06-06 00:28:21,129 | INFO | Val Loss=4.1136, Val Acc=8.00%
2025-06-06 00:28:21,129 | INFO | Train Gamma Loss=-0.0081 | Val Gamma Loss=0.002821687376126647
2025-06-06 00:28:21,130 | INFO | New best model saved (val loss = 4.1136)
2025-06-06 00:29:31,622 | INFO | Epoch: 6 | Time: 70.42s
2025-06-06 00:29:31,622 | INFO | Train Loss=4.0505, Train Acc=11.38%
2025-06-06 00:29:31,622 | INFO | Val Loss=3.8365, Val Acc=8.83%
2025-06-06 00:29:31,622 | INFO | Train Gamma Loss=-0.0088 | Val Gamma Loss=0.0013555801706388593
2025-06-06 00:29:31,623 | INFO | New best model saved (val loss = 3.8365)
2025-06-06 00:30:41,839 | INFO | Epoch: 7 | Time: 70.18s
2025-06-06 00:30:41,839 | INFO | Train Loss=4.1078, Train Acc=10.23%
2025-06-06 00:30:41,839 | INFO | Val Loss=4.1409, Val Acc=5.50%
2025-06-06 00:30:41,839 | INFO | Train Gamma Loss=-0.0088 | Val Gamma Loss=0.002515994245186448
2025-06-06 00:31:53,413 | INFO | Epoch: 8 | Time: 71.56s
2025-06-06 00:31:53,413 | INFO | Train Loss=3.9492, Train Acc=13.02%
2025-06-06 00:31:53,414 | INFO | Val Loss=3.7321, Val Acc=11.00%
2025-06-06 00:31:53,414 | INFO | Train Gamma Loss=-0.0095 | Val Gamma Loss=0.0029299254529178143
2025-06-06 00:31:53,415 | INFO | New best model saved (val loss = 3.7321)
2025-06-06 00:33:04,772 | INFO | Epoch: 9 | Time: 71.33s
2025-06-06 00:33:04,772 | INFO | Train Loss=3.8466, Train Acc=16.15%
2025-06-06 00:33:04,772 | INFO | Val Loss=3.5551, Val Acc=14.58%
2025-06-06 00:33:04,772 | INFO | Train Gamma Loss=-0.0097 | Val Gamma Loss=0.0012288149446249008
2025-06-06 00:33:04,774 | INFO | New best model saved (val loss = 3.5551)
2025-06-06 00:34:15,553 | INFO | Epoch: 10 | Time: 70.75s
2025-06-06 00:34:15,558 | INFO | Train Loss=3.6386, Train Acc=20.10%
2025-06-06 00:34:15,558 | INFO | Val Loss=3.3043, Val Acc=17.83%
2025-06-06 00:34:15,559 | INFO | Train Gamma Loss=-0.0098 | Val Gamma Loss=0.0020048602018505335
2025-06-06 00:34:15,560 | INFO | New best model saved (val loss = 3.3043)
2025-06-06 00:35:26,468 | INFO | Epoch: 11 | Time: 70.89s
2025-06-06 00:35:26,468 | INFO | Train Loss=3.5642, Train Acc=21.82%
2025-06-06 00:35:26,468 | INFO | Val Loss=3.0910, Val Acc=22.75%
2025-06-06 00:35:26,468 | INFO | Train Gamma Loss=-0.0098 | Val Gamma Loss=0.0005823115934617817
2025-06-06 00:35:26,469 | INFO | New best model saved (val loss = 3.0910)
2025-06-06 00:36:36,250 | INFO | Epoch: 12 | Time: 69.76s
2025-06-06 00:36:36,250 | INFO | Train Loss=3.5401, Train Acc=23.97%
2025-06-06 00:36:36,250 | INFO | Val Loss=3.1098, Val Acc=19.42%
2025-06-06 00:36:36,250 | INFO | Train Gamma Loss=-0.0098 | Val Gamma Loss=0.0005427590804174542
2025-06-06 00:37:45,951 | INFO | Epoch: 13 | Time: 69.69s
2025-06-06 00:37:45,951 | INFO | Train Loss=3.4308, Train Acc=27.17%
2025-06-06 00:37:45,951 | INFO | Val Loss=2.9659, Val Acc=24.92%
2025-06-06 00:37:45,952 | INFO | Train Gamma Loss=-0.0101 | Val Gamma Loss=0.0010171657195314765
2025-06-06 00:37:45,953 | INFO | New best model saved (val loss = 2.9659)
2025-06-06 00:38:54,384 | INFO | Epoch: 14 | Time: 68.39s
2025-06-06 00:38:54,384 | INFO | Train Loss=3.3579, Train Acc=29.77%
2025-06-06 00:38:54,384 | INFO | Val Loss=2.8232, Val Acc=27.33%
2025-06-06 00:38:54,384 | INFO | Train Gamma Loss=-0.0099 | Val Gamma Loss=0.002293531084433198
2025-06-06 00:38:54,385 | INFO | New best model saved (val loss = 2.8232)
2025-06-06 00:40:04,438 | INFO | Epoch: 15 | Time: 70.03s
2025-06-06 00:40:04,438 | INFO | Train Loss=3.2642, Train Acc=30.72%
2025-06-06 00:40:04,438 | INFO | Val Loss=3.1713, Val Acc=21.33%
2025-06-06 00:40:04,438 | INFO | Train Gamma Loss=-0.0100 | Val Gamma Loss=0.0006343475542962551
2025-06-06 00:41:13,294 | INFO | Epoch: 16 | Time: 68.84s
2025-06-06 00:41:13,294 | INFO | Train Loss=3.3870, Train Acc=30.83%
2025-06-06 00:41:13,294 | INFO | Val Loss=2.8695, Val Acc=27.50%
2025-06-06 00:41:13,294 | INFO | Train Gamma Loss=-0.0096 | Val Gamma Loss=0.0003343701537232846
2025-06-06 00:42:21,303 | INFO | Epoch: 17 | Time: 68.00s
2025-06-06 00:42:21,303 | INFO | Train Loss=3.1789, Train Acc=33.13%
2025-06-06 00:42:21,303 | INFO | Val Loss=2.6056, Val Acc=33.08%
2025-06-06 00:42:21,303 | INFO | Train Gamma Loss=-0.0096 | Val Gamma Loss=0.0002742003707680851
2025-06-06 00:42:21,304 | INFO | New best model saved (val loss = 2.6056)
2025-06-06 00:43:28,717 | INFO | Epoch: 18 | Time: 67.39s
2025-06-06 00:43:28,717 | INFO | Train Loss=3.2618, Train Acc=34.15%
2025-06-06 00:43:28,717 | INFO | Val Loss=2.5057, Val Acc=32.83%
2025-06-06 00:43:28,717 | INFO | Train Gamma Loss=-0.0102 | Val Gamma Loss=0.0003023862955160439
2025-06-06 00:43:28,719 | INFO | New best model saved (val loss = 2.5057)
2025-06-06 00:44:35,567 | INFO | Epoch: 19 | Time: 66.84s
2025-06-06 00:44:35,567 | INFO | Train Loss=3.0587, Train Acc=37.88%
2025-06-06 00:44:35,567 | INFO | Val Loss=2.5741, Val Acc=32.08%
2025-06-06 00:44:35,567 | INFO | Train Gamma Loss=-0.0098 | Val Gamma Loss=0.0009779217652976513
2025-06-06 00:45:41,674 | INFO | Epoch: 20 | Time: 66.10s
2025-06-06 00:45:41,675 | INFO | Train Loss=3.1031, Train Acc=37.65%
2025-06-06 00:45:41,675 | INFO | Val Loss=2.5488, Val Acc=35.00%
2025-06-06 00:45:41,675 | INFO | Train Gamma Loss=-0.0101 | Val Gamma Loss=0.0009069517254829407
2025-06-06 00:46:47,979 | INFO | Epoch: 21 | Time: 66.29s
2025-06-06 00:46:47,979 | INFO | Train Loss=3.1001, Train Acc=39.03%
2025-06-06 00:46:47,990 | INFO | Val Loss=2.4375, Val Acc=36.92%
2025-06-06 00:46:47,990 | INFO | Train Gamma Loss=-0.0102 | Val Gamma Loss=0.0003309867752250284
2025-06-06 00:46:47,991 | INFO | New best model saved (val loss = 2.4375)
2025-06-06 00:47:57,863 | INFO | Epoch: 22 | Time: 69.57s
2025-06-06 00:47:57,863 | INFO | Train Loss=2.9154, Train Acc=41.63%
2025-06-06 00:47:57,863 | INFO | Val Loss=2.4651, Val Acc=36.00%
2025-06-06 00:47:57,863 | INFO | Train Gamma Loss=-0.0101 | Val Gamma Loss=0.00022310896019916981
2025-06-06 00:49:03,642 | INFO | Epoch: 23 | Time: 65.76s
2025-06-06 00:49:03,643 | INFO | Train Loss=2.8771, Train Acc=43.13%
2025-06-06 00:49:03,643 | INFO | Val Loss=2.4682, Val Acc=36.42%
2025-06-06 00:49:03,643 | INFO | Train Gamma Loss=-0.0102 | Val Gamma Loss=0.0002580424479674548
2025-06-06 00:50:11,579 | INFO | Epoch: 24 | Time: 67.91s
2025-06-06 00:50:11,590 | INFO | Train Loss=2.8420, Train Acc=45.50%
2025-06-06 00:50:11,590 | INFO | Val Loss=2.3657, Val Acc=38.92%
2025-06-06 00:50:11,590 | INFO | Train Gamma Loss=-0.0102 | Val Gamma Loss=0.00034757942194119096
2025-06-06 00:50:11,591 | INFO | New best model saved (val loss = 2.3657)
2025-06-06 00:51:22,302 | INFO | Epoch: 25 | Time: 70.66s
2025-06-06 00:51:22,302 | INFO | Train Loss=2.8657, Train Acc=45.98%
2025-06-06 00:51:22,302 | INFO | Val Loss=2.2695, Val Acc=40.08%
2025-06-06 00:51:22,302 | INFO | Train Gamma Loss=-0.0099 | Val Gamma Loss=0.0005592015222646296
2025-06-06 00:51:22,304 | INFO | New best model saved (val loss = 2.2695)
2025-06-06 00:52:32,786 | INFO | Epoch: 26 | Time: 70.43s
2025-06-06 00:52:32,786 | INFO | Train Loss=2.8302, Train Acc=45.87%
2025-06-06 00:52:32,786 | INFO | Val Loss=2.5435, Val Acc=35.17%
2025-06-06 00:52:32,786 | INFO | Train Gamma Loss=-0.0101 | Val Gamma Loss=0.00016493548173457384
2025-06-06 00:53:41,872 | INFO | Epoch: 27 | Time: 69.07s
2025-06-06 00:53:41,872 | INFO | Train Loss=2.6403, Train Acc=51.48%
2025-06-06 00:53:41,872 | INFO | Val Loss=2.3492, Val Acc=38.75%
2025-06-06 00:53:41,872 | INFO | Train Gamma Loss=-0.0103 | Val Gamma Loss=0.0003610215790104121
2025-06-06 00:54:50,013 | INFO | Epoch: 28 | Time: 68.12s
2025-06-06 00:54:50,013 | INFO | Train Loss=2.6859, Train Acc=50.35%
2025-06-06 00:54:50,013 | INFO | Val Loss=2.3118, Val Acc=39.83%
2025-06-06 00:54:50,013 | INFO | Train Gamma Loss=-0.0102 | Val Gamma Loss=0.00015772315964568406
2025-06-06 00:55:59,776 | INFO | Epoch: 29 | Time: 69.75s
2025-06-06 00:55:59,776 | INFO | Train Loss=2.7955, Train Acc=49.25%
2025-06-06 00:55:59,776 | INFO | Val Loss=2.2010, Val Acc=41.33%
2025-06-06 00:55:59,777 | INFO | Train Gamma Loss=-0.0103 | Val Gamma Loss=0.00024300981021951884
2025-06-06 00:55:59,777 | INFO | New best model saved (val loss = 2.2010)
2025-06-06 00:57:10,847 | INFO | Epoch: 30 | Time: 71.04s
2025-06-06 00:57:10,847 | INFO | Train Loss=2.5507, Train Acc=54.10%
2025-06-06 00:57:10,847 | INFO | Val Loss=1.9867, Val Acc=48.08%
2025-06-06 00:57:10,847 | INFO | Train Gamma Loss=-0.0102 | Val Gamma Loss=0.00015602291387040168
2025-06-06 00:57:10,849 | INFO | New best model saved (val loss = 1.9867)
2025-06-06 00:58:16,653 | INFO | Epoch: 31 | Time: 65.73s
2025-06-06 00:58:16,653 | INFO | Train Loss=2.6544, Train Acc=52.22%
2025-06-06 00:58:16,653 | INFO | Val Loss=2.3287, Val Acc=40.42%
2025-06-06 00:58:16,653 | INFO | Train Gamma Loss=-0.0103 | Val Gamma Loss=0.0001464876695536077
2025-06-06 00:59:24,016 | INFO | Epoch: 32 | Time: 67.35s
2025-06-06 00:59:24,016 | INFO | Train Loss=2.5750, Train Acc=56.43%
2025-06-06 00:59:24,016 | INFO | Val Loss=2.1489, Val Acc=44.08%
2025-06-06 00:59:24,016 | INFO | Train Gamma Loss=-0.0103 | Val Gamma Loss=0.0005202874890528619
2025-06-06 01:00:32,713 | INFO | Epoch: 33 | Time: 68.60s
2025-06-06 01:00:32,713 | INFO | Train Loss=2.4461, Train Acc=58.05%
2025-06-06 01:00:32,713 | INFO | Val Loss=2.0500, Val Acc=46.42%
2025-06-06 01:00:32,713 | INFO | Train Gamma Loss=-0.0102 | Val Gamma Loss=0.0003121208574157208
2025-06-06 01:01:43,876 | INFO | Epoch: 34 | Time: 71.12s
2025-06-06 01:01:43,889 | INFO | Train Loss=2.5337, Train Acc=57.88%
2025-06-06 01:01:43,889 | INFO | Val Loss=2.4089, Val Acc=38.25%
2025-06-06 01:01:43,889 | INFO | Train Gamma Loss=-0.0102 | Val Gamma Loss=0.0005720829358324409
2025-06-06 01:02:55,010 | INFO | Epoch: 35 | Time: 71.08s
2025-06-06 01:02:55,011 | INFO | Train Loss=2.5785, Train Acc=56.62%
2025-06-06 01:02:55,011 | INFO | Val Loss=1.9069, Val Acc=50.08%
2025-06-06 01:02:55,011 | INFO | Train Gamma Loss=-0.0102 | Val Gamma Loss=0.0001702150475466624
2025-06-06 01:02:55,012 | INFO | New best model saved (val loss = 1.9069)
2025-06-06 01:04:00,957 | INFO | Epoch: 36 | Time: 65.90s
2025-06-06 01:04:00,957 | INFO | Train Loss=2.5933, Train Acc=56.78%
2025-06-06 01:04:00,957 | INFO | Val Loss=1.9764, Val Acc=47.92%
2025-06-06 01:04:00,957 | INFO | Train Gamma Loss=-0.0103 | Val Gamma Loss=0.00018304777040611953
