2025-06-05 17:00:23,019 | INFO | Job Started
2025-06-05 17:00:23,019 | INFO | Logging run: /rds/general/user/psp20/home/Brain-Network/runs/resnet_5_1_v2_sample_eff_0_1_20250605-170023
2025-06-05 17:00:23,022 | INFO | Using device: cuda
2025-06-05 17:00:23,022 | INFO | Training for 100 epochs
2025-06-05 17:00:23,022 | INFO | Debug mode: False
2025-06-05 17:00:23,022 | INFO | Downsampling by: 0.1
2025-06-05 17:00:23,022 | INFO | Auxiliary loss: {'loss_type': 0.01}
2025-06-05 17:00:23,023 | INFO | Train transforms: 
	Compose(
    RandomCrop(size=(32, 32), padding=4)
    RandomHorizontalFlip(p=0.5)
    ColorJitter(brightness=(0.8, 1.2), contrast=(0.8, 1.2), saturation=(0.8, 1.2), hue=None)
    ToTensor()
    Normalize(mean=(0.4914, 0.4822, 0.4465), std=(0.2023, 0.1994, 0.201))
)
2025-06-05 17:00:23,023 | INFO | Test transforms: 
	Compose(
    ToTensor()
    Normalize(mean=(0.4914, 0.4822, 0.4465), std=(0.2023, 0.1994, 0.201))
)
2025-06-05 17:00:25,105 | INFO | Full train/val size with downsampling (0.1): 5000
2025-06-05 17:00:25,225 | INFO | Label smoothing: 0.1
2025-06-05 17:00:25,226 | INFO | Auxiliary loss: {'loss_type': 0.01}
2025-06-05 17:00:26,658 | INFO | Epoch: 1 | Time: 1.43s
2025-06-05 17:00:26,658 | INFO | Train Loss=2.3286, Train Acc=11.16%
2025-06-05 17:00:26,658 | INFO | Val Loss=2.2781, Val Acc=13.80%
2025-06-05 17:00:26,659 | INFO | New best model saved (val loss = 2.2781)
2025-06-05 17:00:27,974 | INFO | Epoch: 2 | Time: 1.31s
2025-06-05 17:00:27,974 | INFO | Train Loss=2.2450, Train Acc=15.82%
2025-06-05 17:00:27,974 | INFO | Val Loss=2.2091, Val Acc=17.60%
2025-06-05 17:00:27,975 | INFO | New best model saved (val loss = 2.2091)
2025-06-05 17:00:29,296 | INFO | Epoch: 3 | Time: 1.32s
2025-06-05 17:00:29,296 | INFO | Train Loss=2.0106, Train Acc=27.51%
2025-06-05 17:00:29,296 | INFO | Val Loss=1.9939, Val Acc=28.00%
2025-06-05 17:00:29,297 | INFO | New best model saved (val loss = 1.9939)
2025-06-05 17:00:30,623 | INFO | Epoch: 4 | Time: 1.33s
2025-06-05 17:00:30,623 | INFO | Train Loss=1.8535, Train Acc=36.47%
2025-06-05 17:00:30,624 | INFO | Val Loss=1.8720, Val Acc=32.00%
2025-06-05 17:00:30,624 | INFO | New best model saved (val loss = 1.8720)
2025-06-05 17:00:31,946 | INFO | Epoch: 5 | Time: 1.32s
2025-06-05 17:00:31,946 | INFO | Train Loss=1.7551, Train Acc=41.51%
2025-06-05 17:00:31,946 | INFO | Val Loss=1.7420, Val Acc=38.20%
2025-06-05 17:00:31,947 | INFO | New best model saved (val loss = 1.7420)
2025-06-05 17:00:33,266 | INFO | Epoch: 6 | Time: 1.32s
2025-06-05 17:00:33,266 | INFO | Train Loss=1.6744, Train Acc=44.64%
2025-06-05 17:00:33,266 | INFO | Val Loss=1.7003, Val Acc=38.60%
2025-06-05 17:00:33,267 | INFO | New best model saved (val loss = 1.7003)
2025-06-05 17:00:34,592 | INFO | Epoch: 7 | Time: 1.32s
2025-06-05 17:00:34,592 | INFO | Train Loss=1.6152, Train Acc=47.71%
2025-06-05 17:00:34,592 | INFO | Val Loss=1.6690, Val Acc=44.20%
2025-06-05 17:00:34,593 | INFO | New best model saved (val loss = 1.6690)
2025-06-05 17:00:35,920 | INFO | Epoch: 8 | Time: 1.33s
2025-06-05 17:00:35,920 | INFO | Train Loss=1.5553, Train Acc=51.62%
2025-06-05 17:00:35,920 | INFO | Val Loss=1.6009, Val Acc=41.40%
2025-06-05 17:00:35,921 | INFO | New best model saved (val loss = 1.6009)
2025-06-05 17:00:37,242 | INFO | Epoch: 9 | Time: 1.32s
2025-06-05 17:00:37,242 | INFO | Train Loss=1.4960, Train Acc=54.80%
2025-06-05 17:00:37,242 | INFO | Val Loss=1.4034, Val Acc=50.60%
2025-06-05 17:00:37,243 | INFO | New best model saved (val loss = 1.4034)
2025-06-05 17:00:38,574 | INFO | Epoch: 10 | Time: 1.33s
2025-06-05 17:00:38,574 | INFO | Train Loss=1.4262, Train Acc=57.71%
2025-06-05 17:00:38,575 | INFO | Val Loss=1.3763, Val Acc=53.20%
2025-06-05 17:00:38,575 | INFO | New best model saved (val loss = 1.3763)
2025-06-05 17:00:39,896 | INFO | Epoch: 11 | Time: 1.32s
2025-06-05 17:00:39,896 | INFO | Train Loss=1.3513, Train Acc=60.93%
2025-06-05 17:00:39,897 | INFO | Val Loss=1.3591, Val Acc=52.60%
2025-06-05 17:00:39,898 | INFO | New best model saved (val loss = 1.3591)
2025-06-05 17:00:41,219 | INFO | Epoch: 12 | Time: 1.32s
2025-06-05 17:00:41,219 | INFO | Train Loss=1.3120, Train Acc=63.87%
2025-06-05 17:00:41,219 | INFO | Val Loss=1.5853, Val Acc=46.60%
2025-06-05 17:00:42,544 | INFO | Epoch: 13 | Time: 1.32s
2025-06-05 17:00:42,544 | INFO | Train Loss=1.2901, Train Acc=64.60%
2025-06-05 17:00:42,544 | INFO | Val Loss=1.2977, Val Acc=55.60%
2025-06-05 17:00:42,545 | INFO | New best model saved (val loss = 1.2977)
2025-06-05 17:00:43,876 | INFO | Epoch: 14 | Time: 1.33s
2025-06-05 17:00:43,877 | INFO | Train Loss=1.2111, Train Acc=68.89%
2025-06-05 17:00:43,877 | INFO | Val Loss=1.2749, Val Acc=56.00%
2025-06-05 17:00:43,878 | INFO | New best model saved (val loss = 1.2749)
2025-06-05 17:00:45,192 | INFO | Epoch: 15 | Time: 1.31s
2025-06-05 17:00:45,193 | INFO | Train Loss=1.1808, Train Acc=70.09%
2025-06-05 17:00:45,193 | INFO | Val Loss=1.2134, Val Acc=58.40%
2025-06-05 17:00:45,194 | INFO | New best model saved (val loss = 1.2134)
2025-06-05 17:00:46,513 | INFO | Epoch: 16 | Time: 1.32s
2025-06-05 17:00:46,513 | INFO | Train Loss=1.1475, Train Acc=72.11%
2025-06-05 17:00:46,513 | INFO | Val Loss=1.1851, Val Acc=60.40%
2025-06-05 17:00:46,514 | INFO | New best model saved (val loss = 1.1851)
2025-06-05 17:00:47,832 | INFO | Epoch: 17 | Time: 1.32s
2025-06-05 17:00:47,833 | INFO | Train Loss=1.1236, Train Acc=72.80%
2025-06-05 17:00:47,833 | INFO | Val Loss=1.0942, Val Acc=62.20%
2025-06-05 17:00:47,834 | INFO | New best model saved (val loss = 1.0942)
2025-06-05 17:00:49,155 | INFO | Epoch: 18 | Time: 1.32s
2025-06-05 17:00:49,155 | INFO | Train Loss=1.0722, Train Acc=75.51%
2025-06-05 17:00:49,155 | INFO | Val Loss=1.2656, Val Acc=59.60%
2025-06-05 17:00:50,477 | INFO | Epoch: 19 | Time: 1.32s
2025-06-05 17:00:50,477 | INFO | Train Loss=1.0487, Train Acc=76.29%
2025-06-05 17:00:50,477 | INFO | Val Loss=1.1730, Val Acc=60.40%
2025-06-05 17:00:51,804 | INFO | Epoch: 20 | Time: 1.33s
2025-06-05 17:00:51,804 | INFO | Train Loss=1.0121, Train Acc=77.93%
2025-06-05 17:00:51,804 | INFO | Val Loss=1.2232, Val Acc=58.60%
2025-06-05 17:00:53,141 | INFO | Epoch: 21 | Time: 1.34s
2025-06-05 17:00:53,141 | INFO | Train Loss=0.9983, Train Acc=78.67%
2025-06-05 17:00:53,141 | INFO | Val Loss=1.2407, Val Acc=59.20%
2025-06-05 17:00:54,466 | INFO | Epoch: 22 | Time: 1.32s
2025-06-05 17:00:54,466 | INFO | Train Loss=0.9709, Train Acc=79.80%
2025-06-05 17:00:54,466 | INFO | Val Loss=1.0716, Val Acc=63.60%
2025-06-05 17:00:54,467 | INFO | New best model saved (val loss = 1.0716)
2025-06-05 17:00:55,853 | INFO | Epoch: 23 | Time: 1.39s
2025-06-05 17:00:55,853 | INFO | Train Loss=0.9210, Train Acc=82.87%
2025-06-05 17:00:55,853 | INFO | Val Loss=1.0407, Val Acc=66.40%
2025-06-05 17:00:55,854 | INFO | New best model saved (val loss = 1.0407)
2025-06-05 17:00:57,179 | INFO | Epoch: 24 | Time: 1.32s
2025-06-05 17:00:57,179 | INFO | Train Loss=0.9060, Train Acc=83.07%
2025-06-05 17:00:57,179 | INFO | Val Loss=1.0062, Val Acc=67.20%
2025-06-05 17:00:57,180 | INFO | New best model saved (val loss = 1.0062)
2025-06-05 17:00:58,500 | INFO | Epoch: 25 | Time: 1.32s
2025-06-05 17:00:58,500 | INFO | Train Loss=0.8849, Train Acc=84.40%
2025-06-05 17:00:58,501 | INFO | Val Loss=1.2980, Val Acc=61.80%
2025-06-05 17:00:59,825 | INFO | Epoch: 26 | Time: 1.32s
2025-06-05 17:00:59,825 | INFO | Train Loss=0.8548, Train Acc=85.82%
2025-06-05 17:00:59,825 | INFO | Val Loss=1.0327, Val Acc=64.40%
2025-06-05 17:01:01,150 | INFO | Epoch: 27 | Time: 1.32s
2025-06-05 17:01:01,150 | INFO | Train Loss=0.8324, Train Acc=86.73%
2025-06-05 17:01:01,150 | INFO | Val Loss=1.1878, Val Acc=61.40%
2025-06-05 17:01:02,488 | INFO | Epoch: 28 | Time: 1.34s
2025-06-05 17:01:02,488 | INFO | Train Loss=0.8328, Train Acc=86.56%
2025-06-05 17:01:02,488 | INFO | Val Loss=0.9406, Val Acc=69.60%
2025-06-05 17:01:02,489 | INFO | New best model saved (val loss = 0.9406)
2025-06-05 17:01:03,829 | INFO | Epoch: 29 | Time: 1.34s
2025-06-05 17:01:03,829 | INFO | Train Loss=0.8091, Train Acc=88.07%
2025-06-05 17:01:03,829 | INFO | Val Loss=1.1655, Val Acc=63.40%
2025-06-05 17:01:05,156 | INFO | Epoch: 30 | Time: 1.33s
2025-06-05 17:01:05,157 | INFO | Train Loss=0.7860, Train Acc=88.89%
2025-06-05 17:01:05,157 | INFO | Val Loss=0.9663, Val Acc=69.40%
2025-06-05 17:01:06,478 | INFO | Epoch: 31 | Time: 1.32s
2025-06-05 17:01:06,478 | INFO | Train Loss=0.7511, Train Acc=91.24%
2025-06-05 17:01:06,478 | INFO | Val Loss=0.9573, Val Acc=68.00%
2025-06-05 17:01:07,798 | INFO | Epoch: 32 | Time: 1.32s
2025-06-05 17:01:07,798 | INFO | Train Loss=0.7425, Train Acc=90.89%
2025-06-05 17:01:07,798 | INFO | Val Loss=0.8877, Val Acc=69.20%
2025-06-05 17:01:07,799 | INFO | New best model saved (val loss = 0.8877)
2025-06-05 17:01:09,121 | INFO | Epoch: 33 | Time: 1.32s
2025-06-05 17:01:09,121 | INFO | Train Loss=0.7322, Train Acc=91.96%
2025-06-05 17:01:09,121 | INFO | Val Loss=1.1014, Val Acc=65.20%
2025-06-05 17:01:10,441 | INFO | Epoch: 34 | Time: 1.32s
2025-06-05 17:01:10,441 | INFO | Train Loss=0.7065, Train Acc=93.18%
2025-06-05 17:01:10,441 | INFO | Val Loss=1.1646, Val Acc=64.40%
2025-06-05 17:01:11,769 | INFO | Epoch: 35 | Time: 1.33s
2025-06-05 17:01:11,769 | INFO | Train Loss=0.6921, Train Acc=93.13%
2025-06-05 17:01:11,769 | INFO | Val Loss=1.0939, Val Acc=65.20%
2025-06-05 17:01:13,092 | INFO | Epoch: 36 | Time: 1.32s
2025-06-05 17:01:13,092 | INFO | Train Loss=0.6699, Train Acc=94.69%
2025-06-05 17:01:13,092 | INFO | Val Loss=1.0142, Val Acc=66.60%
2025-06-05 17:01:14,413 | INFO | Epoch: 37 | Time: 1.32s
2025-06-05 17:01:14,413 | INFO | Train Loss=0.6607, Train Acc=94.67%
2025-06-05 17:01:14,413 | INFO | Val Loss=0.8987, Val Acc=73.80%
2025-06-05 17:01:15,733 | INFO | Epoch: 38 | Time: 1.32s
2025-06-05 17:01:15,734 | INFO | Train Loss=0.6531, Train Acc=95.09%
2025-06-05 17:01:15,734 | INFO | Val Loss=0.9949, Val Acc=69.40%
2025-06-05 17:01:17,057 | INFO | Epoch: 39 | Time: 1.32s
2025-06-05 17:01:17,057 | INFO | Train Loss=0.6355, Train Acc=96.40%
2025-06-05 17:01:17,057 | INFO | Val Loss=0.8581, Val Acc=73.00%
2025-06-05 17:01:17,058 | INFO | New best model saved (val loss = 0.8581)
2025-06-05 17:01:18,377 | INFO | Epoch: 40 | Time: 1.32s
2025-06-05 17:01:18,377 | INFO | Train Loss=0.6200, Train Acc=96.69%
2025-06-05 17:01:18,377 | INFO | Val Loss=0.8799, Val Acc=72.60%
2025-06-05 17:01:19,695 | INFO | Epoch: 41 | Time: 1.32s
2025-06-05 17:01:19,695 | INFO | Train Loss=0.6028, Train Acc=97.87%
2025-06-05 17:01:19,695 | INFO | Val Loss=0.8822, Val Acc=72.40%
2025-06-05 17:01:21,017 | INFO | Epoch: 42 | Time: 1.32s
2025-06-05 17:01:21,017 | INFO | Train Loss=0.6004, Train Acc=97.60%
2025-06-05 17:01:21,017 | INFO | Val Loss=1.0830, Val Acc=65.40%
2025-06-05 17:01:22,338 | INFO | Epoch: 43 | Time: 1.32s
2025-06-05 17:01:22,338 | INFO | Train Loss=0.5944, Train Acc=97.84%
2025-06-05 17:01:22,338 | INFO | Val Loss=0.8466, Val Acc=73.20%
2025-06-05 17:01:22,339 | INFO | New best model saved (val loss = 0.8466)
2025-06-05 17:01:23,660 | INFO | Epoch: 44 | Time: 1.32s
2025-06-05 17:01:23,660 | INFO | Train Loss=0.5804, Train Acc=98.40%
2025-06-05 17:01:23,660 | INFO | Val Loss=0.8571, Val Acc=74.00%
2025-06-05 17:01:24,984 | INFO | Epoch: 45 | Time: 1.32s
2025-06-05 17:01:24,984 | INFO | Train Loss=0.5742, Train Acc=98.53%
2025-06-05 17:01:24,984 | INFO | Val Loss=0.8657, Val Acc=72.80%
2025-06-05 17:01:26,307 | INFO | Epoch: 46 | Time: 1.32s
2025-06-05 17:01:26,307 | INFO | Train Loss=0.5704, Train Acc=98.64%
2025-06-05 17:01:26,307 | INFO | Val Loss=0.8380, Val Acc=74.20%
2025-06-05 17:01:26,308 | INFO | New best model saved (val loss = 0.8380)
2025-06-05 17:01:27,647 | INFO | Epoch: 47 | Time: 1.34s
2025-06-05 17:01:27,647 | INFO | Train Loss=0.5706, Train Acc=98.73%
2025-06-05 17:01:27,648 | INFO | Val Loss=0.8370, Val Acc=76.00%
2025-06-05 17:01:27,648 | INFO | New best model saved (val loss = 0.8370)
2025-06-05 17:01:29,007 | INFO | Epoch: 48 | Time: 1.36s
2025-06-05 17:01:29,007 | INFO | Train Loss=0.5632, Train Acc=99.02%
2025-06-05 17:01:29,007 | INFO | Val Loss=0.8782, Val Acc=73.60%
2025-06-05 17:01:30,332 | INFO | Epoch: 49 | Time: 1.32s
2025-06-05 17:01:30,332 | INFO | Train Loss=0.5572, Train Acc=98.98%
2025-06-05 17:01:30,332 | INFO | Val Loss=0.8094, Val Acc=74.40%
2025-06-05 17:01:30,333 | INFO | New best model saved (val loss = 0.8094)
2025-06-05 17:01:31,651 | INFO | Epoch: 50 | Time: 1.32s
2025-06-05 17:01:31,652 | INFO | Train Loss=0.5489, Train Acc=99.44%
2025-06-05 17:01:31,652 | INFO | Val Loss=0.8968, Val Acc=73.40%
2025-06-05 17:01:32,985 | INFO | Epoch: 51 | Time: 1.33s
2025-06-05 17:01:32,986 | INFO | Train Loss=0.5459, Train Acc=99.44%
2025-06-05 17:01:32,986 | INFO | Val Loss=0.8384, Val Acc=74.60%
2025-06-05 17:01:34,305 | INFO | Epoch: 52 | Time: 1.32s
2025-06-05 17:01:34,305 | INFO | Train Loss=0.5453, Train Acc=99.36%
2025-06-05 17:01:34,305 | INFO | Val Loss=0.8796, Val Acc=73.20%
2025-06-05 17:01:35,627 | INFO | Epoch: 53 | Time: 1.32s
2025-06-05 17:01:35,627 | INFO | Train Loss=0.5405, Train Acc=99.56%
2025-06-05 17:01:35,627 | INFO | Val Loss=0.8797, Val Acc=74.20%
2025-06-05 17:01:36,945 | INFO | Epoch: 54 | Time: 1.32s
2025-06-05 17:01:36,946 | INFO | Train Loss=0.5368, Train Acc=99.62%
2025-06-05 17:01:36,946 | INFO | Val Loss=0.8437, Val Acc=74.00%
2025-06-05 17:01:38,275 | INFO | Epoch: 55 | Time: 1.33s
2025-06-05 17:01:38,275 | INFO | Train Loss=0.5349, Train Acc=99.71%
2025-06-05 17:01:38,275 | INFO | Val Loss=0.8343, Val Acc=74.00%
2025-06-05 17:01:39,594 | INFO | Epoch: 56 | Time: 1.32s
2025-06-05 17:01:39,594 | INFO | Train Loss=0.5310, Train Acc=99.56%
2025-06-05 17:01:39,594 | INFO | Val Loss=0.8568, Val Acc=73.40%
2025-06-05 17:01:40,920 | INFO | Epoch: 57 | Time: 1.33s
2025-06-05 17:01:40,920 | INFO | Train Loss=0.5276, Train Acc=99.82%
2025-06-05 17:01:40,920 | INFO | Val Loss=0.8015, Val Acc=76.00%
2025-06-05 17:01:40,921 | INFO | New best model saved (val loss = 0.8015)
2025-06-05 17:01:42,286 | INFO | Epoch: 58 | Time: 1.36s
2025-06-05 17:01:42,286 | INFO | Train Loss=0.5231, Train Acc=100.00%
2025-06-05 17:01:42,286 | INFO | Val Loss=0.8727, Val Acc=72.80%
2025-06-05 17:01:43,610 | INFO | Epoch: 59 | Time: 1.32s
2025-06-05 17:01:43,611 | INFO | Train Loss=0.5233, Train Acc=99.93%
2025-06-05 17:01:43,611 | INFO | Val Loss=0.8655, Val Acc=74.20%
2025-06-05 17:01:44,934 | INFO | Epoch: 60 | Time: 1.32s
2025-06-05 17:01:44,934 | INFO | Train Loss=0.5243, Train Acc=99.87%
2025-06-05 17:01:44,934 | INFO | Val Loss=0.8269, Val Acc=75.00%
2025-06-05 17:01:46,259 | INFO | Epoch: 61 | Time: 1.33s
2025-06-05 17:01:46,260 | INFO | Train Loss=0.5228, Train Acc=99.96%
2025-06-05 17:01:46,260 | INFO | Val Loss=0.7869, Val Acc=74.80%
2025-06-05 17:01:46,261 | INFO | New best model saved (val loss = 0.7869)
2025-06-05 17:01:47,615 | INFO | Epoch: 62 | Time: 1.35s
2025-06-05 17:01:47,615 | INFO | Train Loss=0.5208, Train Acc=99.98%
2025-06-05 17:01:47,615 | INFO | Val Loss=0.8280, Val Acc=74.40%
2025-06-05 17:01:48,947 | INFO | Epoch: 63 | Time: 1.33s
2025-06-05 17:01:48,947 | INFO | Train Loss=0.5201, Train Acc=99.91%
2025-06-05 17:01:48,947 | INFO | Val Loss=0.7954, Val Acc=74.80%
2025-06-05 17:01:50,270 | INFO | Epoch: 64 | Time: 1.32s
2025-06-05 17:01:50,270 | INFO | Train Loss=0.5198, Train Acc=99.91%
2025-06-05 17:01:50,270 | INFO | Val Loss=0.7746, Val Acc=78.20%
2025-06-05 17:01:50,271 | INFO | New best model saved (val loss = 0.7746)
2025-06-05 17:01:51,584 | INFO | Epoch: 65 | Time: 1.31s
2025-06-05 17:01:51,585 | INFO | Train Loss=0.5168, Train Acc=99.96%
2025-06-05 17:01:51,585 | INFO | Val Loss=0.7779, Val Acc=76.60%
2025-06-05 17:01:52,905 | INFO | Epoch: 66 | Time: 1.32s
2025-06-05 17:01:52,906 | INFO | Train Loss=0.5154, Train Acc=99.98%
2025-06-05 17:01:52,906 | INFO | Val Loss=0.8449, Val Acc=74.20%
2025-06-05 17:01:54,221 | INFO | Epoch: 67 | Time: 1.31s
2025-06-05 17:01:54,221 | INFO | Train Loss=0.5155, Train Acc=99.93%
2025-06-05 17:01:54,221 | INFO | Val Loss=0.7966, Val Acc=74.00%
2025-06-05 17:01:55,540 | INFO | Epoch: 68 | Time: 1.32s
2025-06-05 17:01:55,540 | INFO | Train Loss=0.5154, Train Acc=99.98%
2025-06-05 17:01:55,540 | INFO | Val Loss=0.7810, Val Acc=77.20%
2025-06-05 17:01:56,861 | INFO | Epoch: 69 | Time: 1.32s
2025-06-05 17:01:56,861 | INFO | Train Loss=0.5143, Train Acc=100.00%
2025-06-05 17:01:56,861 | INFO | Val Loss=0.7932, Val Acc=76.60%
2025-06-05 17:01:58,177 | INFO | Epoch: 70 | Time: 1.32s
2025-06-05 17:01:58,177 | INFO | Train Loss=0.5145, Train Acc=99.96%
2025-06-05 17:01:58,177 | INFO | Val Loss=0.8126, Val Acc=74.20%
2025-06-05 17:01:59,494 | INFO | Epoch: 71 | Time: 1.32s
2025-06-05 17:01:59,494 | INFO | Train Loss=0.5138, Train Acc=99.98%
2025-06-05 17:01:59,494 | INFO | Val Loss=0.8134, Val Acc=74.60%
2025-06-05 17:02:00,813 | INFO | Epoch: 72 | Time: 1.32s
2025-06-05 17:02:00,814 | INFO | Train Loss=0.5127, Train Acc=99.98%
2025-06-05 17:02:00,814 | INFO | Val Loss=0.7843, Val Acc=76.00%
2025-06-05 17:02:02,146 | INFO | Epoch: 73 | Time: 1.33s
2025-06-05 17:02:02,146 | INFO | Train Loss=0.5130, Train Acc=100.00%
2025-06-05 17:02:02,146 | INFO | Val Loss=0.7962, Val Acc=74.00%
2025-06-05 17:02:03,470 | INFO | Epoch: 74 | Time: 1.32s
2025-06-05 17:02:03,470 | INFO | Train Loss=0.5116, Train Acc=100.00%
2025-06-05 17:02:03,470 | INFO | Val Loss=0.8299, Val Acc=74.00%
2025-06-05 17:02:04,788 | INFO | Epoch: 75 | Time: 1.32s
2025-06-05 17:02:04,789 | INFO | Train Loss=0.5115, Train Acc=100.00%
2025-06-05 17:02:04,789 | INFO | Val Loss=0.8091, Val Acc=75.80%
2025-06-05 17:02:06,116 | INFO | Epoch: 76 | Time: 1.33s
2025-06-05 17:02:06,117 | INFO | Train Loss=0.5114, Train Acc=99.98%
2025-06-05 17:02:06,117 | INFO | Val Loss=0.8044, Val Acc=76.60%
2025-06-05 17:02:07,440 | INFO | Epoch: 77 | Time: 1.32s
2025-06-05 17:02:07,440 | INFO | Train Loss=0.5106, Train Acc=100.00%
2025-06-05 17:02:07,440 | INFO | Val Loss=0.7732, Val Acc=76.20%
2025-06-05 17:02:07,441 | INFO | New best model saved (val loss = 0.7732)
2025-06-05 17:02:08,830 | INFO | Epoch: 78 | Time: 1.39s
2025-06-05 17:02:08,830 | INFO | Train Loss=0.5110, Train Acc=99.96%
2025-06-05 17:02:08,830 | INFO | Val Loss=0.7666, Val Acc=75.60%
2025-06-05 17:02:08,831 | INFO | New best model saved (val loss = 0.7666)
2025-06-05 17:02:10,149 | INFO | Epoch: 79 | Time: 1.32s
2025-06-05 17:02:10,149 | INFO | Train Loss=0.5112, Train Acc=99.98%
2025-06-05 17:02:10,149 | INFO | Val Loss=0.8022, Val Acc=75.00%
2025-06-05 17:02:11,460 | INFO | Epoch: 80 | Time: 1.31s
2025-06-05 17:02:11,460 | INFO | Train Loss=0.5101, Train Acc=100.00%
2025-06-05 17:02:11,460 | INFO | Val Loss=0.7660, Val Acc=76.60%
2025-06-05 17:02:11,461 | INFO | New best model saved (val loss = 0.7660)
2025-06-05 17:02:12,782 | INFO | Epoch: 81 | Time: 1.32s
2025-06-05 17:02:12,783 | INFO | Train Loss=0.5107, Train Acc=99.98%
2025-06-05 17:02:12,783 | INFO | Val Loss=0.7659, Val Acc=75.80%
2025-06-05 17:02:12,783 | INFO | New best model saved (val loss = 0.7659)
2025-06-05 17:02:14,104 | INFO | Epoch: 82 | Time: 1.32s
2025-06-05 17:02:14,104 | INFO | Train Loss=0.5103, Train Acc=100.00%
2025-06-05 17:02:14,105 | INFO | Val Loss=0.7689, Val Acc=76.00%
2025-06-05 17:02:15,424 | INFO | Epoch: 83 | Time: 1.32s
2025-06-05 17:02:15,424 | INFO | Train Loss=0.5102, Train Acc=100.00%
2025-06-05 17:02:15,424 | INFO | Val Loss=0.7812, Val Acc=75.40%
2025-06-05 17:02:16,741 | INFO | Epoch: 84 | Time: 1.32s
2025-06-05 17:02:16,741 | INFO | Train Loss=0.5102, Train Acc=100.00%
2025-06-05 17:02:16,741 | INFO | Val Loss=0.7862, Val Acc=76.00%
2025-06-05 17:02:18,053 | INFO | Epoch: 85 | Time: 1.31s
2025-06-05 17:02:18,053 | INFO | Train Loss=0.5095, Train Acc=100.00%
2025-06-05 17:02:18,053 | INFO | Val Loss=0.7715, Val Acc=77.60%
2025-06-05 17:02:19,380 | INFO | Epoch: 86 | Time: 1.33s
2025-06-05 17:02:19,380 | INFO | Train Loss=0.5098, Train Acc=100.00%
2025-06-05 17:02:19,380 | INFO | Val Loss=0.7864, Val Acc=76.60%
2025-06-05 17:02:20,695 | INFO | Epoch: 87 | Time: 1.31s
2025-06-05 17:02:20,695 | INFO | Train Loss=0.5094, Train Acc=100.00%
2025-06-05 17:02:20,695 | INFO | Val Loss=0.7707, Val Acc=76.40%
2025-06-05 17:02:22,014 | INFO | Epoch: 88 | Time: 1.32s
2025-06-05 17:02:22,014 | INFO | Train Loss=0.5099, Train Acc=100.00%
2025-06-05 17:02:22,014 | INFO | Val Loss=0.7771, Val Acc=76.60%
2025-06-05 17:02:23,332 | INFO | Epoch: 89 | Time: 1.32s
2025-06-05 17:02:23,332 | INFO | Train Loss=0.5095, Train Acc=100.00%
2025-06-05 17:02:23,332 | INFO | Val Loss=0.7593, Val Acc=78.60%
2025-06-05 17:02:23,333 | INFO | New best model saved (val loss = 0.7593)
2025-06-05 17:02:24,650 | INFO | Epoch: 90 | Time: 1.32s
2025-06-05 17:02:24,650 | INFO | Train Loss=0.5092, Train Acc=100.00%
2025-06-05 17:02:24,650 | INFO | Val Loss=0.7633, Val Acc=76.80%
2025-06-05 17:02:25,965 | INFO | Epoch: 91 | Time: 1.32s
2025-06-05 17:02:25,966 | INFO | Train Loss=0.5095, Train Acc=100.00%
2025-06-05 17:02:25,966 | INFO | Val Loss=0.8008, Val Acc=74.60%
2025-06-05 17:02:27,279 | INFO | Epoch: 92 | Time: 1.31s
2025-06-05 17:02:27,279 | INFO | Train Loss=0.5093, Train Acc=100.00%
2025-06-05 17:02:27,279 | INFO | Val Loss=0.7880, Val Acc=75.40%
2025-06-05 17:02:28,594 | INFO | Epoch: 93 | Time: 1.31s
2025-06-05 17:02:28,594 | INFO | Train Loss=0.5095, Train Acc=100.00%
2025-06-05 17:02:28,594 | INFO | Val Loss=0.7803, Val Acc=77.00%
2025-06-05 17:02:29,909 | INFO | Epoch: 94 | Time: 1.31s
2025-06-05 17:02:29,910 | INFO | Train Loss=0.5094, Train Acc=99.98%
2025-06-05 17:02:29,910 | INFO | Val Loss=0.8127, Val Acc=74.60%
2025-06-05 17:02:31,237 | INFO | Epoch: 95 | Time: 1.33s
2025-06-05 17:02:31,237 | INFO | Train Loss=0.5093, Train Acc=100.00%
2025-06-05 17:02:31,237 | INFO | Val Loss=0.7826, Val Acc=75.60%
2025-06-05 17:02:32,566 | INFO | Epoch: 96 | Time: 1.33s
2025-06-05 17:02:32,566 | INFO | Train Loss=0.5090, Train Acc=100.00%
2025-06-05 17:02:32,566 | INFO | Val Loss=0.7594, Val Acc=77.20%
2025-06-05 17:02:33,906 | INFO | Epoch: 97 | Time: 1.34s
2025-06-05 17:02:33,906 | INFO | Train Loss=0.5088, Train Acc=100.00%
2025-06-05 17:02:33,906 | INFO | Val Loss=0.7720, Val Acc=77.00%
2025-06-05 17:02:35,229 | INFO | Epoch: 98 | Time: 1.32s
2025-06-05 17:02:35,229 | INFO | Train Loss=0.5087, Train Acc=100.00%
2025-06-05 17:02:35,229 | INFO | Val Loss=0.7686, Val Acc=76.00%
2025-06-05 17:02:36,549 | INFO | Epoch: 99 | Time: 1.32s
2025-06-05 17:02:36,549 | INFO | Train Loss=0.5086, Train Acc=100.00%
2025-06-05 17:02:36,549 | INFO | Val Loss=0.7876, Val Acc=76.40%
2025-06-05 17:02:37,870 | INFO | Epoch: 100 | Time: 1.32s
2025-06-05 17:02:37,870 | INFO | Train Loss=0.5092, Train Acc=100.00%
2025-06-05 17:02:37,870 | INFO | Val Loss=0.8102, Val Acc=74.60%
2025-06-05 17:02:37,940 | INFO | Best model with lowest val loss 0.7592515051364899 at 88 epoch is saved.
2025-06-05 17:02:38,758 | INFO | Test Accuracy: 77.04%
2025-06-05 17:02:38,846 | INFO | Last model with val loss 0.8102244436740875 at 99 epoch is saved.
2025-06-05 17:02:39,637 | INFO | Test Accuracy: 77.04%
2025-06-05 17:02:39,647 | INFO | 
Job Completed
