2025-04-29 15:25:43,884 | INFO | Job Started
2025-04-29 15:25:43,885 | INFO | Logging run: /rds/general/user/psp20/home/Brain-Network/runs/stanford_dogs/batch_8/zoomvit_p53_20250429-152543
2025-04-29 15:25:44,080 | INFO | Using device: cuda
2025-04-29 15:25:44,080 | INFO | Training for 100 epochs
2025-04-29 15:25:44,080 | INFO | Debug mode: False
2025-04-29 15:25:44,080 | INFO | Downsampling by: 0
2025-04-29 15:25:44,080 | INFO | Auxiliary loss: {'attention_entropy_loss': 0.1}
2025-04-29 15:25:44,081 | INFO | Train transforms: 
	Compose(
    RandomResizedCrop(size=(224, 224), scale=(0.7, 1), ratio=(0.75, 1.3333), interpolation=bilinear, antialias=True)
    RandomHorizontalFlip(p=0.5)
    ColorJitter(brightness=(0.8, 1.2), contrast=(0.8, 1.2), saturation=(0.8, 1.2), hue=None)
    ToTensor()
    Normalize(mean=(0.485, 0.456, 0.406), std=(0.229, 0.224, 0.225))
)
2025-04-29 15:25:44,081 | INFO | Test transforms: 
	Compose(
    Resize(size=256, interpolation=bilinear, max_size=None, antialias=True)
    CenterCrop(size=(224, 224))
    ToTensor()
    Normalize(mean=(0.485, 0.456, 0.406), std=(0.229, 0.224, 0.225))
)
2025-04-29 15:25:44,293 | INFO | Using pretrained weights
2025-04-29 15:25:45,175 | INFO | Using mixup function and SoftTargetCrossEntropy
2025-04-29 15:25:45,175 | INFO | Auxiliary loss: {'attention_entropy_loss': 0.1}
2025-04-29 15:28:14,964 | INFO | Epoch: 1 | Time: 149.65s
2025-04-29 15:28:14,964 | INFO | Train Loss=4.9356, Train Acc=1.42%, Train Gamma Loss=0.1461
2025-04-29 15:28:14,964 | INFO | Val Loss=4.6782, Val Acc=2.92%, Val Gamma Loss=0.004978385288268328
2025-04-29 15:28:14,965 | INFO | New best model saved (val loss = 4.6782)
2025-04-29 15:30:49,016 | INFO | Epoch: 2 | Time: 154.02s
2025-04-29 15:30:49,016 | INFO | Train Loss=4.6192, Train Acc=3.81%, Train Gamma Loss=-0.0029
2025-04-29 15:30:49,016 | INFO | Val Loss=4.2635, Val Acc=6.08%, Val Gamma Loss=0.006387464236468077
2025-04-29 15:30:49,017 | INFO | New best model saved (val loss = 4.2635)
2025-04-29 15:33:14,344 | INFO | Epoch: 3 | Time: 145.28s
2025-04-29 15:33:14,344 | INFO | Train Loss=4.2078, Train Acc=9.11%, Train Gamma Loss=-0.0062
2025-04-29 15:33:14,344 | INFO | Val Loss=3.4648, Val Acc=16.67%, Val Gamma Loss=0.002770050195977092
2025-04-29 15:33:14,345 | INFO | New best model saved (val loss = 3.4648)
2025-04-29 15:35:44,981 | INFO | Epoch: 4 | Time: 150.58s
2025-04-29 15:35:44,981 | INFO | Train Loss=3.8026, Train Acc=15.60%, Train Gamma Loss=-0.0081
2025-04-29 15:35:44,981 | INFO | Val Loss=3.0519, Val Acc=24.00%, Val Gamma Loss=0.0018677986226975918
2025-04-29 15:35:44,982 | INFO | New best model saved (val loss = 3.0519)
2025-04-29 15:38:05,635 | INFO | Epoch: 5 | Time: 140.61s
2025-04-29 15:38:05,636 | INFO | Train Loss=3.6330, Train Acc=19.94%, Train Gamma Loss=-0.0090
2025-04-29 15:38:05,636 | INFO | Val Loss=3.0972, Val Acc=21.00%, Val Gamma Loss=0.0009742755792103708
2025-04-29 15:40:19,740 | INFO | Epoch: 6 | Time: 134.00s
2025-04-29 15:40:19,740 | INFO | Train Loss=3.5743, Train Acc=22.36%, Train Gamma Loss=-0.0095
2025-04-29 15:40:19,740 | INFO | Val Loss=3.2232, Val Acc=19.33%, Val Gamma Loss=0.0003283264522906393
2025-04-29 15:42:38,063 | INFO | Epoch: 7 | Time: 138.31s
2025-04-29 15:42:38,064 | INFO | Train Loss=3.6625, Train Acc=21.55%, Train Gamma Loss=-0.0097
2025-04-29 15:42:38,064 | INFO | Val Loss=3.2548, Val Acc=19.83%, Val Gamma Loss=0.0011394903995096684
2025-04-29 15:44:54,577 | INFO | Epoch: 8 | Time: 136.48s
2025-04-29 15:44:54,577 | INFO | Train Loss=3.3782, Train Acc=27.32%, Train Gamma Loss=-0.0097
2025-04-29 15:44:54,577 | INFO | Val Loss=2.9619, Val Acc=25.17%, Val Gamma Loss=0.0002452952030580491
2025-04-29 15:44:54,579 | INFO | New best model saved (val loss = 2.9619)
2025-04-29 15:47:17,429 | INFO | Epoch: 9 | Time: 142.82s
2025-04-29 15:47:17,430 | INFO | Train Loss=3.2803, Train Acc=31.60%, Train Gamma Loss=-0.0094
2025-04-29 15:47:17,431 | INFO | Val Loss=2.5827, Val Acc=32.92%, Val Gamma Loss=0.0006615739548578858
2025-04-29 15:47:17,431 | INFO | New best model saved (val loss = 2.5827)
2025-04-29 15:49:53,812 | INFO | Epoch: 10 | Time: 156.35s
2025-04-29 15:49:53,812 | INFO | Train Loss=3.1998, Train Acc=34.70%, Train Gamma Loss=-0.0096
2025-04-29 15:49:53,812 | INFO | Val Loss=2.4980, Val Acc=34.67%, Val Gamma Loss=0.0003496482677292079
2025-04-29 15:49:53,814 | INFO | New best model saved (val loss = 2.4980)
2025-04-29 15:52:29,825 | INFO | Epoch: 11 | Time: 155.98s
2025-04-29 15:52:29,825 | INFO | Train Loss=3.0257, Train Acc=38.19%, Train Gamma Loss=-0.0101
2025-04-29 15:52:29,825 | INFO | Val Loss=2.3577, Val Acc=41.08%, Val Gamma Loss=0.0006600817432627082
2025-04-29 15:52:29,826 | INFO | New best model saved (val loss = 2.3577)
2025-04-29 15:55:39,348 | INFO | Epoch: 12 | Time: 189.48s
2025-04-29 15:55:39,348 | INFO | Train Loss=3.0073, Train Acc=41.10%, Train Gamma Loss=-0.0098
2025-04-29 15:55:39,348 | INFO | Val Loss=2.3155, Val Acc=41.25%, Val Gamma Loss=0.0005461995606310666
2025-04-29 15:55:39,349 | INFO | New best model saved (val loss = 2.3155)
2025-04-29 16:00:02,794 | INFO | Epoch: 13 | Time: 263.36s
2025-04-29 16:00:02,794 | INFO | Train Loss=2.8434, Train Acc=43.29%, Train Gamma Loss=-0.0101
2025-04-29 16:00:02,794 | INFO | Val Loss=2.1734, Val Acc=43.42%, Val Gamma Loss=0.0002339257043786347
2025-04-29 16:00:02,795 | INFO | New best model saved (val loss = 2.1734)
2025-04-29 16:03:48,523 | INFO | Epoch: 14 | Time: 225.69s
2025-04-29 16:03:48,523 | INFO | Train Loss=2.8499, Train Acc=45.56%, Train Gamma Loss=-0.0099
2025-04-29 16:03:48,523 | INFO | Val Loss=1.9907, Val Acc=46.08%, Val Gamma Loss=0.0002656613360159099
2025-04-29 16:03:48,524 | INFO | New best model saved (val loss = 1.9907)
2025-04-29 16:06:57,842 | INFO | Epoch: 15 | Time: 189.29s
2025-04-29 16:06:57,842 | INFO | Train Loss=2.7861, Train Acc=47.37%, Train Gamma Loss=-0.0100
2025-04-29 16:06:57,842 | INFO | Val Loss=1.9545, Val Acc=47.58%, Val Gamma Loss=0.000910634349565953
2025-04-29 16:06:57,843 | INFO | New best model saved (val loss = 1.9545)
2025-04-29 16:09:39,331 | INFO | Epoch: 16 | Time: 161.45s
2025-04-29 16:09:39,331 | INFO | Train Loss=2.7741, Train Acc=48.10%, Train Gamma Loss=-0.0098
2025-04-29 16:09:39,331 | INFO | Val Loss=2.0990, Val Acc=44.25%, Val Gamma Loss=0.0007658438407815993
2025-04-29 16:12:06,010 | INFO | Epoch: 17 | Time: 146.66s
2025-04-29 16:12:06,010 | INFO | Train Loss=2.6060, Train Acc=51.71%, Train Gamma Loss=-0.0099
2025-04-29 16:12:06,010 | INFO | Val Loss=1.8614, Val Acc=50.83%, Val Gamma Loss=0.0010492621222510934
2025-04-29 16:12:06,011 | INFO | New best model saved (val loss = 1.8614)
2025-04-29 16:14:39,856 | INFO | Epoch: 18 | Time: 153.77s
2025-04-29 16:14:39,856 | INFO | Train Loss=2.6658, Train Acc=52.12%, Train Gamma Loss=-0.0099
2025-04-29 16:14:39,857 | INFO | Val Loss=1.8808, Val Acc=50.92%, Val Gamma Loss=0.0008073317585512996
2025-04-29 16:17:16,930 | INFO | Epoch: 19 | Time: 157.04s
2025-04-29 16:17:16,931 | INFO | Train Loss=2.5920, Train Acc=53.24%, Train Gamma Loss=-0.0097
2025-04-29 16:17:16,931 | INFO | Val Loss=1.9527, Val Acc=48.50%, Val Gamma Loss=0.0008678947342559695
2025-04-29 16:19:56,896 | INFO | Epoch: 20 | Time: 159.93s
2025-04-29 16:19:56,897 | INFO | Train Loss=2.6636, Train Acc=53.01%, Train Gamma Loss=-0.0097
2025-04-29 16:19:56,897 | INFO | Val Loss=1.7884, Val Acc=53.67%, Val Gamma Loss=0.00040776669629849494
2025-04-29 16:19:56,898 | INFO | New best model saved (val loss = 1.7884)
2025-04-29 16:22:26,610 | INFO | Epoch: 21 | Time: 149.67s
2025-04-29 16:22:26,610 | INFO | Train Loss=2.4116, Train Acc=57.47%, Train Gamma Loss=-0.0102
2025-04-29 16:22:26,610 | INFO | Val Loss=1.7118, Val Acc=54.67%, Val Gamma Loss=0.0002583117748145014
2025-04-29 16:22:26,611 | INFO | New best model saved (val loss = 1.7118)
2025-04-29 16:25:01,904 | INFO | Epoch: 22 | Time: 155.23s
2025-04-29 16:25:01,904 | INFO | Train Loss=2.4139, Train Acc=58.88%, Train Gamma Loss=-0.0102
2025-04-29 16:25:01,905 | INFO | Val Loss=1.7473, Val Acc=53.92%, Val Gamma Loss=0.00026776912272907794
2025-04-29 16:27:28,944 | INFO | Epoch: 23 | Time: 147.02s
2025-04-29 16:27:28,945 | INFO | Train Loss=2.4720, Train Acc=58.68%, Train Gamma Loss=-0.0102
2025-04-29 16:27:28,945 | INFO | Val Loss=1.6585, Val Acc=56.83%, Val Gamma Loss=0.0003531486145220697
2025-04-29 16:27:28,946 | INFO | New best model saved (val loss = 1.6585)
2025-04-29 16:29:54,446 | INFO | Epoch: 24 | Time: 145.47s
2025-04-29 16:29:54,446 | INFO | Train Loss=2.5477, Train Acc=56.90%, Train Gamma Loss=-0.0103
2025-04-29 16:29:54,446 | INFO | Val Loss=1.7778, Val Acc=55.42%, Val Gamma Loss=0.0003009350039064884
2025-04-29 16:32:24,963 | INFO | Epoch: 25 | Time: 150.51s
2025-04-29 16:32:24,963 | INFO | Train Loss=2.4147, Train Acc=60.69%, Train Gamma Loss=-0.0101
2025-04-29 16:32:24,963 | INFO | Val Loss=1.6994, Val Acc=54.67%, Val Gamma Loss=0.0005812156014144421
2025-04-29 16:34:53,457 | INFO | Epoch: 26 | Time: 148.48s
2025-04-29 16:34:53,457 | INFO | Train Loss=2.3627, Train Acc=62.48%, Train Gamma Loss=-0.0102
2025-04-29 16:34:53,458 | INFO | Val Loss=1.6068, Val Acc=56.58%, Val Gamma Loss=0.00018995515711139888
2025-04-29 16:34:53,459 | INFO | New best model saved (val loss = 1.6068)
2025-04-29 16:37:11,325 | INFO | Epoch: 27 | Time: 137.83s
2025-04-29 16:37:11,325 | INFO | Train Loss=2.1767, Train Acc=65.38%, Train Gamma Loss=-0.0104
2025-04-29 16:37:11,325 | INFO | Val Loss=1.6048, Val Acc=57.50%, Val Gamma Loss=0.00010245407611364499
2025-04-29 16:37:11,327 | INFO | New best model saved (val loss = 1.6048)
2025-04-29 16:39:25,411 | INFO | Epoch: 28 | Time: 134.04s
2025-04-29 16:39:25,411 | INFO | Train Loss=2.2774, Train Acc=65.19%, Train Gamma Loss=-0.0103
2025-04-29 16:39:25,411 | INFO | Val Loss=1.5624, Val Acc=58.17%, Val Gamma Loss=0.00022257276577875018
2025-04-29 16:39:25,413 | INFO | New best model saved (val loss = 1.5624)
2025-04-29 16:41:33,947 | INFO | Epoch: 29 | Time: 128.50s
2025-04-29 16:41:33,947 | INFO | Train Loss=2.2568, Train Acc=66.31%, Train Gamma Loss=-0.0102
2025-04-29 16:41:33,947 | INFO | Val Loss=1.6578, Val Acc=57.00%, Val Gamma Loss=0.0005918446113355458
2025-04-29 16:43:44,798 | INFO | Epoch: 30 | Time: 130.83s
2025-04-29 16:43:44,799 | INFO | Train Loss=2.3821, Train Acc=63.86%, Train Gamma Loss=-0.0101
2025-04-29 16:43:44,799 | INFO | Val Loss=1.6113, Val Acc=57.25%, Val Gamma Loss=0.00011293848365312442
2025-04-29 16:46:11,460 | INFO | Epoch: 31 | Time: 146.64s
2025-04-29 16:46:11,460 | INFO | Train Loss=2.2177, Train Acc=69.43%, Train Gamma Loss=-0.0104
2025-04-29 16:46:11,460 | INFO | Val Loss=1.6028, Val Acc=59.50%, Val Gamma Loss=0.00013488811964634806
2025-04-29 16:48:41,520 | INFO | Epoch: 32 | Time: 150.04s
2025-04-29 16:48:41,520 | INFO | Train Loss=2.1477, Train Acc=68.77%, Train Gamma Loss=-0.0102
2025-04-29 16:48:41,520 | INFO | Val Loss=1.4960, Val Acc=60.17%, Val Gamma Loss=0.00020949749159626663
2025-04-29 16:48:41,521 | INFO | New best model saved (val loss = 1.4960)
2025-04-29 16:51:11,322 | INFO | Epoch: 33 | Time: 149.78s
2025-04-29 16:51:11,322 | INFO | Train Loss=2.1687, Train Acc=68.81%, Train Gamma Loss=-0.0102
2025-04-29 16:51:11,323 | INFO | Val Loss=1.5840, Val Acc=58.50%, Val Gamma Loss=0.00025652183103375137
2025-04-29 16:53:49,667 | INFO | Epoch: 34 | Time: 158.33s
2025-04-29 16:53:49,667 | INFO | Train Loss=2.1993, Train Acc=68.36%, Train Gamma Loss=-0.0102
2025-04-29 16:53:49,668 | INFO | Val Loss=1.6925, Val Acc=55.83%, Val Gamma Loss=0.00022927040117792785
2025-04-29 16:56:13,604 | INFO | Epoch: 35 | Time: 143.92s
2025-04-29 16:56:13,605 | INFO | Train Loss=2.0353, Train Acc=73.20%, Train Gamma Loss=-0.0100
2025-04-29 16:56:13,605 | INFO | Val Loss=1.5401, Val Acc=59.58%, Val Gamma Loss=0.00028102059150114655
2025-04-29 16:58:44,138 | INFO | Epoch: 36 | Time: 150.51s
2025-04-29 16:58:44,138 | INFO | Train Loss=1.9459, Train Acc=75.44%, Train Gamma Loss=-0.0101
2025-04-29 16:58:44,138 | INFO | Val Loss=1.5833, Val Acc=59.17%, Val Gamma Loss=0.00046404622844420373
2025-04-29 17:01:14,556 | INFO | Epoch: 37 | Time: 150.39s
2025-04-29 17:01:14,556 | INFO | Train Loss=2.0955, Train Acc=71.03%, Train Gamma Loss=-0.0100
2025-04-29 17:01:14,556 | INFO | Val Loss=1.5787, Val Acc=58.83%, Val Gamma Loss=0.0003531288239173591
2025-04-29 17:03:43,273 | INFO | Epoch: 38 | Time: 148.69s
2025-04-29 17:03:43,273 | INFO | Train Loss=1.9879, Train Acc=73.91%, Train Gamma Loss=-0.0101
2025-04-29 17:03:43,273 | INFO | Val Loss=1.5879, Val Acc=59.58%, Val Gamma Loss=0.0003896237176377326
2025-04-29 17:06:06,117 | INFO | Epoch: 39 | Time: 142.82s
2025-04-29 17:06:06,117 | INFO | Train Loss=1.8625, Train Acc=77.42%, Train Gamma Loss=-0.0100
2025-04-29 17:06:06,117 | INFO | Val Loss=1.4363, Val Acc=62.42%, Val Gamma Loss=0.00035722993197850883
2025-04-29 17:06:06,118 | INFO | New best model saved (val loss = 1.4363)
2025-04-29 17:08:27,917 | INFO | Epoch: 40 | Time: 141.76s
2025-04-29 17:08:27,917 | INFO | Train Loss=2.0550, Train Acc=73.16%, Train Gamma Loss=-0.0101
2025-04-29 17:08:27,917 | INFO | Val Loss=1.4993, Val Acc=61.08%, Val Gamma Loss=0.00019688821339514107
2025-04-29 17:10:46,571 | INFO | Epoch: 41 | Time: 138.63s
2025-04-29 17:10:46,571 | INFO | Train Loss=1.9334, Train Acc=77.69%, Train Gamma Loss=-0.0103
2025-04-29 17:10:46,571 | INFO | Val Loss=1.4412, Val Acc=61.92%, Val Gamma Loss=0.00011788887059083208
2025-04-29 17:13:17,411 | INFO | Epoch: 42 | Time: 150.77s
2025-04-29 17:13:17,411 | INFO | Train Loss=1.9721, Train Acc=76.05%, Train Gamma Loss=-0.0103
2025-04-29 17:13:17,411 | INFO | Val Loss=1.5143, Val Acc=62.17%, Val Gamma Loss=0.00021050887880846858
2025-04-29 17:15:42,499 | INFO | Epoch: 43 | Time: 145.07s
2025-04-29 17:15:42,499 | INFO | Train Loss=1.8911, Train Acc=78.91%, Train Gamma Loss=-0.0102
2025-04-29 17:15:42,500 | INFO | Val Loss=1.4314, Val Acc=63.50%, Val Gamma Loss=0.00014618846762459725
2025-04-29 17:15:42,501 | INFO | New best model saved (val loss = 1.4314)
2025-04-29 17:18:17,796 | INFO | Epoch: 44 | Time: 155.24s
2025-04-29 17:18:17,796 | INFO | Train Loss=1.9731, Train Acc=76.63%, Train Gamma Loss=-0.0103
2025-04-29 17:18:17,796 | INFO | Val Loss=1.4372, Val Acc=64.42%, Val Gamma Loss=0.0001605156867299229
2025-04-29 17:20:53,383 | INFO | Epoch: 45 | Time: 155.56s
2025-04-29 17:20:53,383 | INFO | Train Loss=1.8653, Train Acc=80.79%, Train Gamma Loss=-0.0103
2025-04-29 17:20:53,384 | INFO | Val Loss=1.4330, Val Acc=62.67%, Val Gamma Loss=0.00027556397253647447
2025-04-29 17:23:24,100 | INFO | Epoch: 46 | Time: 150.67s
2025-04-29 17:23:24,100 | INFO | Train Loss=1.8023, Train Acc=80.28%, Train Gamma Loss=-0.0102
2025-04-29 17:23:24,101 | INFO | Val Loss=1.4295, Val Acc=63.58%, Val Gamma Loss=0.0002629548835102469
2025-04-29 17:23:24,102 | INFO | New best model saved (val loss = 1.4295)
2025-04-29 17:25:53,364 | INFO | Epoch: 47 | Time: 149.23s
2025-04-29 17:25:53,365 | INFO | Train Loss=1.8731, Train Acc=79.03%, Train Gamma Loss=-0.0102
2025-04-29 17:25:53,365 | INFO | Val Loss=1.4404, Val Acc=63.17%, Val Gamma Loss=0.0002328655682504177
2025-04-29 17:28:16,505 | INFO | Epoch: 48 | Time: 143.12s
2025-04-29 17:28:16,505 | INFO | Train Loss=1.8465, Train Acc=80.93%, Train Gamma Loss=-0.0103
2025-04-29 17:28:16,505 | INFO | Val Loss=1.5201, Val Acc=62.33%, Val Gamma Loss=0.00012400574632920325
2025-04-29 17:30:37,559 | INFO | Epoch: 49 | Time: 141.03s
2025-04-29 17:30:37,559 | INFO | Train Loss=1.8043, Train Acc=81.02%, Train Gamma Loss=-0.0103
2025-04-29 17:30:37,560 | INFO | Val Loss=1.4114, Val Acc=64.42%, Val Gamma Loss=0.0001790152455214411
2025-04-29 17:30:37,561 | INFO | New best model saved (val loss = 1.4114)
2025-04-29 17:33:02,739 | INFO | Epoch: 50 | Time: 145.13s
2025-04-29 17:33:02,739 | INFO | Train Loss=1.8261, Train Acc=81.74%, Train Gamma Loss=-0.0103
2025-04-29 17:33:02,739 | INFO | Val Loss=1.4535, Val Acc=65.17%, Val Gamma Loss=0.00018210761481896043
2025-04-29 17:35:23,341 | INFO | Epoch: 51 | Time: 140.58s
2025-04-29 17:35:23,341 | INFO | Train Loss=1.7745, Train Acc=82.41%, Train Gamma Loss=-0.0103
2025-04-29 17:35:23,341 | INFO | Val Loss=1.4366, Val Acc=65.00%, Val Gamma Loss=0.0002620424493215978
2025-04-29 17:37:51,194 | INFO | Epoch: 52 | Time: 147.76s
2025-04-29 17:37:51,195 | INFO | Train Loss=1.8418, Train Acc=82.40%, Train Gamma Loss=-0.0103
2025-04-29 17:37:51,195 | INFO | Val Loss=1.4796, Val Acc=63.75%, Val Gamma Loss=0.0002038330858340487
2025-04-29 17:40:26,894 | INFO | Epoch: 53 | Time: 155.64s
2025-04-29 17:40:26,894 | INFO | Train Loss=1.8496, Train Acc=81.50%, Train Gamma Loss=-0.0103
2025-04-29 17:40:26,894 | INFO | Val Loss=1.4392, Val Acc=64.42%, Val Gamma Loss=0.00012469936336856335
2025-04-29 17:42:48,852 | INFO | Epoch: 54 | Time: 141.94s
2025-04-29 17:42:48,852 | INFO | Train Loss=1.8589, Train Acc=81.89%, Train Gamma Loss=-0.0104
2025-04-29 17:42:48,852 | INFO | Val Loss=1.4699, Val Acc=64.67%, Val Gamma Loss=0.00011024867853848264
2025-04-29 17:45:05,517 | INFO | Epoch: 55 | Time: 136.64s
2025-04-29 17:45:05,517 | INFO | Train Loss=1.7253, Train Acc=83.49%, Train Gamma Loss=-0.0104
2025-04-29 17:45:05,517 | INFO | Val Loss=1.4010, Val Acc=66.08%, Val Gamma Loss=9.307574509875849e-05
2025-04-29 17:45:05,518 | INFO | New best model saved (val loss = 1.4010)
2025-04-29 17:47:36,580 | INFO | Epoch: 56 | Time: 151.03s
2025-04-29 17:47:36,580 | INFO | Train Loss=1.6871, Train Acc=85.88%, Train Gamma Loss=-0.0104
2025-04-29 17:47:36,580 | INFO | Val Loss=1.3843, Val Acc=67.58%, Val Gamma Loss=0.00011500214895932004
2025-04-29 17:47:36,581 | INFO | New best model saved (val loss = 1.3843)
2025-04-29 17:49:58,476 | INFO | Epoch: 57 | Time: 141.87s
2025-04-29 17:49:58,476 | INFO | Train Loss=1.7427, Train Acc=84.44%, Train Gamma Loss=-0.0104
2025-04-29 17:49:58,476 | INFO | Val Loss=1.3717, Val Acc=66.75%, Val Gamma Loss=0.00011325788364047185
2025-04-29 17:49:58,477 | INFO | New best model saved (val loss = 1.3717)
2025-04-29 17:52:14,648 | INFO | Epoch: 58 | Time: 136.14s
2025-04-29 17:52:14,648 | INFO | Train Loss=1.7398, Train Acc=84.36%, Train Gamma Loss=-0.0103
2025-04-29 17:52:14,648 | INFO | Val Loss=1.3732, Val Acc=66.50%, Val Gamma Loss=0.0001257870317203924
2025-04-29 17:54:28,521 | INFO | Epoch: 59 | Time: 133.86s
2025-04-29 17:54:28,521 | INFO | Train Loss=1.6954, Train Acc=85.13%, Train Gamma Loss=-0.0104
2025-04-29 17:54:28,521 | INFO | Val Loss=1.3144, Val Acc=68.33%, Val Gamma Loss=0.00010063607624033466
2025-04-29 17:54:28,522 | INFO | New best model saved (val loss = 1.3144)
2025-04-29 17:56:39,574 | INFO | Epoch: 60 | Time: 131.03s
2025-04-29 17:56:39,574 | INFO | Train Loss=1.8547, Train Acc=84.67%, Train Gamma Loss=-0.0104
2025-04-29 17:56:39,574 | INFO | Val Loss=1.3760, Val Acc=66.83%, Val Gamma Loss=0.00010793179535539821
2025-04-29 17:58:50,590 | INFO | Epoch: 61 | Time: 131.00s
2025-04-29 17:58:50,591 | INFO | Train Loss=1.8088, Train Acc=83.23%, Train Gamma Loss=-0.0104
2025-04-29 17:58:50,591 | INFO | Val Loss=1.4295, Val Acc=66.83%, Val Gamma Loss=0.00010070921416627243
2025-04-29 18:01:03,854 | INFO | Epoch: 62 | Time: 133.25s
2025-04-29 18:01:03,854 | INFO | Train Loss=1.7516, Train Acc=84.07%, Train Gamma Loss=-0.0104
2025-04-29 18:01:03,854 | INFO | Val Loss=1.3568, Val Acc=68.33%, Val Gamma Loss=0.00011172977974638343
2025-04-29 18:03:14,491 | INFO | Epoch: 63 | Time: 130.62s
2025-04-29 18:03:14,491 | INFO | Train Loss=1.7417, Train Acc=83.59%, Train Gamma Loss=-0.0103
2025-04-29 18:03:14,491 | INFO | Val Loss=1.3683, Val Acc=68.00%, Val Gamma Loss=0.00019251259800512344
2025-04-29 18:05:22,880 | INFO | Epoch: 64 | Time: 128.38s
2025-04-29 18:05:22,881 | INFO | Train Loss=1.7824, Train Acc=85.75%, Train Gamma Loss=-0.0103
2025-04-29 18:05:22,881 | INFO | Val Loss=1.3370, Val Acc=68.75%, Val Gamma Loss=0.00019013028941117227
2025-04-29 18:07:29,241 | INFO | Epoch: 65 | Time: 126.34s
2025-04-29 18:07:29,241 | INFO | Train Loss=1.7768, Train Acc=84.25%, Train Gamma Loss=-0.0103
2025-04-29 18:07:29,241 | INFO | Val Loss=1.3411, Val Acc=67.58%, Val Gamma Loss=0.00013393607514444739
2025-04-29 18:09:35,493 | INFO | Epoch: 66 | Time: 126.23s
2025-04-29 18:09:35,493 | INFO | Train Loss=1.7224, Train Acc=86.33%, Train Gamma Loss=-0.0104
2025-04-29 18:09:35,493 | INFO | Val Loss=1.3342, Val Acc=67.92%, Val Gamma Loss=0.00012712045281659812
2025-04-29 18:11:40,521 | INFO | Epoch: 67 | Time: 125.01s
2025-04-29 18:11:40,522 | INFO | Train Loss=1.6273, Train Acc=86.79%, Train Gamma Loss=-0.0103
2025-04-29 18:11:40,522 | INFO | Val Loss=1.3053, Val Acc=69.58%, Val Gamma Loss=0.0001302266027778387
2025-04-29 18:11:40,523 | INFO | New best model saved (val loss = 1.3053)
2025-04-29 18:13:46,015 | INFO | Epoch: 68 | Time: 125.47s
2025-04-29 18:13:46,016 | INFO | Train Loss=1.5975, Train Acc=85.94%, Train Gamma Loss=-0.0103
2025-04-29 18:13:46,016 | INFO | Val Loss=1.2906, Val Acc=70.00%, Val Gamma Loss=0.00013220758410170674
2025-04-29 18:13:46,017 | INFO | New best model saved (val loss = 1.2906)
2025-04-29 18:15:44,834 | INFO | Epoch: 69 | Time: 118.79s
2025-04-29 18:15:44,835 | INFO | Train Loss=1.7999, Train Acc=82.39%, Train Gamma Loss=-0.0103
2025-04-29 18:15:44,835 | INFO | Val Loss=1.3638, Val Acc=67.33%, Val Gamma Loss=0.00015972598339430988
2025-04-29 18:17:50,216 | INFO | Epoch: 70 | Time: 125.36s
2025-04-29 18:17:50,216 | INFO | Train Loss=1.7514, Train Acc=85.69%, Train Gamma Loss=-0.0103
2025-04-29 18:17:50,216 | INFO | Val Loss=1.3151, Val Acc=68.67%, Val Gamma Loss=0.00016700458945706487
2025-04-29 18:20:04,670 | INFO | Epoch: 71 | Time: 134.44s
2025-04-29 18:20:04,671 | INFO | Train Loss=1.5758, Train Acc=89.90%, Train Gamma Loss=-0.0103
2025-04-29 18:20:04,671 | INFO | Val Loss=1.3127, Val Acc=68.50%, Val Gamma Loss=0.00016900933405850083
2025-04-29 18:22:12,494 | INFO | Epoch: 72 | Time: 127.80s
2025-04-29 18:22:12,494 | INFO | Train Loss=1.6244, Train Acc=88.19%, Train Gamma Loss=-0.0103
2025-04-29 18:22:12,494 | INFO | Val Loss=1.2942, Val Acc=70.33%, Val Gamma Loss=0.0001342289033345878
2025-04-29 18:24:16,954 | INFO | Epoch: 73 | Time: 124.44s
2025-04-29 18:24:16,954 | INFO | Train Loss=1.6218, Train Acc=86.87%, Train Gamma Loss=-0.0103
2025-04-29 18:24:16,954 | INFO | Val Loss=1.3068, Val Acc=70.50%, Val Gamma Loss=0.00013146406854502857
2025-04-29 18:26:21,084 | INFO | Epoch: 74 | Time: 124.11s
2025-04-29 18:26:21,084 | INFO | Train Loss=1.6233, Train Acc=89.08%, Train Gamma Loss=-0.0104
2025-04-29 18:26:21,084 | INFO | Val Loss=1.2886, Val Acc=70.25%, Val Gamma Loss=0.00011985453602392226
2025-04-29 18:26:21,085 | INFO | New best model saved (val loss = 1.2886)
2025-04-29 18:28:26,503 | INFO | Epoch: 75 | Time: 125.35s
2025-04-29 18:28:26,503 | INFO | Train Loss=1.5733, Train Acc=89.17%, Train Gamma Loss=-0.0104
2025-04-29 18:28:26,504 | INFO | Val Loss=1.2783, Val Acc=71.17%, Val Gamma Loss=0.00010674633085727692
2025-04-29 18:28:26,505 | INFO | New best model saved (val loss = 1.2783)
2025-04-29 18:30:31,433 | INFO | Epoch: 76 | Time: 124.87s
2025-04-29 18:30:31,433 | INFO | Train Loss=1.6125, Train Acc=87.97%, Train Gamma Loss=-0.0104
2025-04-29 18:30:31,433 | INFO | Val Loss=1.2971, Val Acc=70.58%, Val Gamma Loss=9.818612306844443e-05
2025-04-29 18:32:32,776 | INFO | Epoch: 77 | Time: 121.33s
2025-04-29 18:32:32,776 | INFO | Train Loss=1.5573, Train Acc=88.91%, Train Gamma Loss=-0.0104
2025-04-29 18:32:32,777 | INFO | Val Loss=1.2604, Val Acc=71.33%, Val Gamma Loss=0.00010946167458314449
2025-04-29 18:32:32,778 | INFO | New best model saved (val loss = 1.2604)
2025-04-29 18:34:32,545 | INFO | Epoch: 78 | Time: 119.74s
2025-04-29 18:34:32,545 | INFO | Train Loss=1.5256, Train Acc=89.47%, Train Gamma Loss=-0.0104
2025-04-29 18:34:32,545 | INFO | Val Loss=1.2557, Val Acc=70.33%, Val Gamma Loss=0.00013138550275471061
2025-04-29 18:34:32,547 | INFO | New best model saved (val loss = 1.2557)
2025-04-29 18:36:32,293 | INFO | Epoch: 79 | Time: 119.71s
2025-04-29 18:36:32,293 | INFO | Train Loss=1.6403, Train Acc=87.62%, Train Gamma Loss=-0.0104
2025-04-29 18:36:32,294 | INFO | Val Loss=1.2879, Val Acc=69.67%, Val Gamma Loss=0.00011324563820380718
2025-04-29 18:38:31,457 | INFO | Epoch: 80 | Time: 119.15s
2025-04-29 18:38:31,457 | INFO | Train Loss=1.7064, Train Acc=84.82%, Train Gamma Loss=-0.0104
2025-04-29 18:38:31,457 | INFO | Val Loss=1.2741, Val Acc=71.08%, Val Gamma Loss=0.00010371718235546723
2025-04-29 18:40:28,845 | INFO | Epoch: 81 | Time: 117.37s
2025-04-29 18:40:28,845 | INFO | Train Loss=1.6242, Train Acc=88.18%, Train Gamma Loss=-0.0104
2025-04-29 18:40:28,845 | INFO | Val Loss=1.2673, Val Acc=70.50%, Val Gamma Loss=9.72520065261051e-05
2025-04-29 18:42:30,564 | INFO | Epoch: 82 | Time: 121.70s
2025-04-29 18:42:30,564 | INFO | Train Loss=1.5335, Train Acc=89.67%, Train Gamma Loss=-0.0104
2025-04-29 18:42:30,565 | INFO | Val Loss=1.2783, Val Acc=69.92%, Val Gamma Loss=0.00010280973219778389
2025-04-29 18:44:32,581 | INFO | Epoch: 83 | Time: 122.00s
2025-04-29 18:44:32,581 | INFO | Train Loss=1.5857, Train Acc=88.65%, Train Gamma Loss=-0.0104
2025-04-29 18:44:32,581 | INFO | Val Loss=1.2661, Val Acc=70.08%, Val Gamma Loss=0.00010016798478318378
2025-04-29 18:46:34,845 | INFO | Epoch: 84 | Time: 122.24s
2025-04-29 18:46:34,845 | INFO | Train Loss=1.5594, Train Acc=88.85%, Train Gamma Loss=-0.0104
2025-04-29 18:46:34,845 | INFO | Val Loss=1.2744, Val Acc=70.50%, Val Gamma Loss=9.877471893560141e-05
2025-04-29 18:48:38,784 | INFO | Epoch: 85 | Time: 123.93s
2025-04-29 18:48:38,784 | INFO | Train Loss=1.6097, Train Acc=88.35%, Train Gamma Loss=-0.0104
2025-04-29 18:48:38,785 | INFO | Val Loss=1.2729, Val Acc=70.50%, Val Gamma Loss=9.569818212185055e-05
2025-04-29 18:50:47,771 | INFO | Epoch: 86 | Time: 128.97s
2025-04-29 18:50:47,771 | INFO | Train Loss=1.5843, Train Acc=88.53%, Train Gamma Loss=-0.0104
2025-04-29 18:50:47,771 | INFO | Val Loss=1.2677, Val Acc=70.33%, Val Gamma Loss=9.214065357809886e-05
2025-04-29 18:52:56,705 | INFO | Epoch: 87 | Time: 128.91s
2025-04-29 18:52:56,705 | INFO | Train Loss=1.7086, Train Acc=85.61%, Train Gamma Loss=-0.0104
2025-04-29 18:52:56,705 | INFO | Val Loss=1.2679, Val Acc=70.75%, Val Gamma Loss=9.409887570654973e-05
2025-04-29 18:55:01,873 | INFO | Epoch: 88 | Time: 125.15s
2025-04-29 18:55:01,873 | INFO | Train Loss=1.5984, Train Acc=87.37%, Train Gamma Loss=-0.0104
2025-04-29 18:55:01,873 | INFO | Val Loss=1.2540, Val Acc=70.75%, Val Gamma Loss=8.981572318589315e-05
2025-04-29 18:55:01,875 | INFO | New best model saved (val loss = 1.2540)
2025-04-29 18:57:00,726 | INFO | Epoch: 89 | Time: 118.84s
2025-04-29 18:57:00,726 | INFO | Train Loss=1.5490, Train Acc=88.92%, Train Gamma Loss=-0.0104
2025-04-29 18:57:00,726 | INFO | Val Loss=1.2572, Val Acc=70.17%, Val Gamma Loss=9.194371523335576e-05
2025-04-29 18:59:00,762 | INFO | Epoch: 90 | Time: 120.02s
2025-04-29 18:59:00,762 | INFO | Train Loss=1.5838, Train Acc=89.78%, Train Gamma Loss=-0.0104
2025-04-29 18:59:00,762 | INFO | Val Loss=1.2620, Val Acc=70.83%, Val Gamma Loss=8.835564221953973e-05
2025-04-29 19:01:02,910 | INFO | Epoch: 91 | Time: 122.13s
2025-04-29 19:01:02,910 | INFO | Train Loss=1.5381, Train Acc=88.22%, Train Gamma Loss=-0.0104
2025-04-29 19:01:02,910 | INFO | Val Loss=1.2570, Val Acc=70.75%, Val Gamma Loss=9.034172398969531e-05
2025-04-29 19:03:03,487 | INFO | Epoch: 92 | Time: 120.56s
2025-04-29 19:03:03,487 | INFO | Train Loss=1.4674, Train Acc=91.66%, Train Gamma Loss=-0.0104
2025-04-29 19:03:03,487 | INFO | Val Loss=1.2618, Val Acc=70.50%, Val Gamma Loss=8.599272405263036e-05
2025-04-29 19:05:02,282 | INFO | Epoch: 93 | Time: 118.78s
2025-04-29 19:05:02,282 | INFO | Train Loss=1.4526, Train Acc=88.25%, Train Gamma Loss=-0.0104
2025-04-29 19:05:02,282 | INFO | Val Loss=1.2584, Val Acc=70.58%, Val Gamma Loss=8.761301432969049e-05
2025-04-29 19:07:01,863 | INFO | Epoch: 94 | Time: 119.56s
2025-04-29 19:07:01,863 | INFO | Train Loss=1.5647, Train Acc=88.07%, Train Gamma Loss=-0.0104
2025-04-29 19:07:01,863 | INFO | Val Loss=1.2626, Val Acc=70.83%, Val Gamma Loss=8.588203490944579e-05
2025-04-29 19:08:58,664 | INFO | Epoch: 95 | Time: 116.79s
2025-04-29 19:08:58,664 | INFO | Train Loss=1.6082, Train Acc=86.17%, Train Gamma Loss=-0.0104
2025-04-29 19:08:58,664 | INFO | Val Loss=1.2578, Val Acc=70.50%, Val Gamma Loss=8.605382754467428e-05
2025-04-29 19:11:00,498 | INFO | Epoch: 96 | Time: 121.81s
2025-04-29 19:11:00,498 | INFO | Train Loss=1.6545, Train Acc=87.67%, Train Gamma Loss=-0.0104
2025-04-29 19:11:00,499 | INFO | Val Loss=1.2543, Val Acc=70.83%, Val Gamma Loss=8.820230868877843e-05
2025-04-29 19:12:58,749 | INFO | Epoch: 97 | Time: 118.23s
2025-04-29 19:12:58,749 | INFO | Train Loss=1.6573, Train Acc=86.87%, Train Gamma Loss=-0.0104
2025-04-29 19:12:58,749 | INFO | Val Loss=1.2566, Val Acc=70.75%, Val Gamma Loss=8.638072176836431e-05
2025-04-29 19:14:55,090 | INFO | Epoch: 98 | Time: 116.32s
2025-04-29 19:14:55,090 | INFO | Train Loss=1.5588, Train Acc=89.33%, Train Gamma Loss=-0.0104
2025-04-29 19:14:55,090 | INFO | Val Loss=1.2565, Val Acc=70.83%, Val Gamma Loss=8.720457117306069e-05
2025-04-29 19:16:53,594 | INFO | Epoch: 99 | Time: 118.49s
2025-04-29 19:16:53,594 | INFO | Train Loss=1.6200, Train Acc=88.83%, Train Gamma Loss=-0.0104
2025-04-29 19:16:53,595 | INFO | Val Loss=1.2596, Val Acc=71.00%, Val Gamma Loss=8.512929343851283e-05
2025-04-29 19:18:50,164 | INFO | Epoch: 100 | Time: 116.55s
2025-04-29 19:18:50,166 | INFO | Train Loss=1.6566, Train Acc=87.19%, Train Gamma Loss=-0.0104
2025-04-29 19:18:50,166 | INFO | Val Loss=1.2558, Val Acc=70.50%, Val Gamma Loss=8.810055442154408e-05
2025-04-29 19:18:50,317 | INFO | Best model with lowest val loss 1.2540098020904942 at 87 epoch is saved.
2025-04-29 19:19:55,425 | INFO | Test Accuracy: 71.63%
2025-04-29 19:19:55,524 | INFO | Last model with val loss 1.2557817415187233 at 99 epoch is saved.
2025-04-29 19:21:01,511 | INFO | Test Accuracy: 71.63%
2025-04-29 19:21:01,523 | INFO | 
Job Completed
2025-04-30 13:26:06,399 | INFO | No test config present. Using train config.
2025-04-30 13:26:06,849 | INFO | Batch size: 32
2025-04-30 13:26:06,849 | INFO | Running these attacks:
2025-04-30 13:26:06,849 | INFO | {'FGSM': [0.01, 0.05, 0.1, 0.2], 'PGD': [0.01, 0.05, 0.1, 0.2], 'gaussian noise': [0.01, 0.05, 0.1, 0.2]}
2025-04-30 13:26:06,849 | INFO | 
Testing model: runs/stanford_dogs/batch_8/zoomvit_p53_20250429-152543/zoomvit_p53_20250429-152543_e87_best_model.pt
2025-04-30 13:26:06,872 | INFO | Running attack: FGSM, 0.01
2025-04-30 13:27:29,770 | INFO | Test accuracy: 12.004662004662004
2025-04-30 13:27:29,771 | INFO | Running attack: FGSM, 0.05
2025-04-30 13:28:48,254 | INFO | Test accuracy: 3.6013986013986012
2025-04-30 13:28:48,254 | INFO | Running attack: FGSM, 0.1
2025-04-30 13:30:07,544 | INFO | Test accuracy: 2.6806526806526807
2025-04-30 13:30:07,544 | INFO | Running attack: FGSM, 0.2
2025-04-30 13:31:27,007 | INFO | Test accuracy: 2.2494172494172493
2025-04-30 13:31:27,007 | INFO | Running attack: PGD, 0.01
2025-04-30 13:39:00,733 | INFO | Test accuracy: 20.641025641025642
2025-04-30 13:39:00,733 | INFO | Running attack: PGD, 0.05
2025-04-30 13:46:34,856 | INFO | Test accuracy: 20.641025641025642
2025-04-30 13:46:34,856 | INFO | Running attack: PGD, 0.1
2025-04-30 13:54:10,255 | INFO | Test accuracy: 20.641025641025642
2025-04-30 13:54:10,255 | INFO | Running attack: PGD, 0.2
2025-04-30 14:01:44,014 | INFO | Test accuracy: 20.641025641025642
2025-04-30 14:01:44,014 | INFO | Running attack: gaussian noise, 0.01
2025-04-30 14:02:53,707 | INFO | Test accuracy: 20.477855477855478
2025-04-30 14:02:53,707 | INFO | Running attack: gaussian noise, 0.05
2025-04-30 14:04:02,186 | INFO | Test accuracy: 19.58041958041958
2025-04-30 14:04:02,186 | INFO | Running attack: gaussian noise, 0.1
2025-04-30 14:05:12,296 | INFO | Test accuracy: 16.247086247086248
2025-04-30 14:05:12,297 | INFO | Running attack: gaussian noise, 0.2
2025-04-30 14:06:24,059 | INFO | Test accuracy: 10.174825174825175
2025-04-30 19:20:02,112 | INFO | No test config present. Using train config.
2025-04-30 19:20:02,487 | INFO | Batch size: 32
2025-04-30 19:20:02,488 | INFO | Running these attacks:
2025-04-30 19:28:13,314 | INFO | No test config present. Using train config.
2025-04-30 19:28:13,747 | INFO | Batch size: 32
2025-04-30 19:28:13,747 | INFO | Running these attacks:
