2025-04-28 21:54:10,477 | INFO | Job Started
2025-04-28 21:54:10,478 | INFO | Logging run: /rds/general/user/psp20/home/Brain-Network/runs/stanford_dogs/batch_8/zoomvit_p48_20250428-215410
2025-04-28 21:54:11,020 | INFO | Using device: cuda
2025-04-28 21:54:11,020 | INFO | Training for 50 epochs
2025-04-28 21:54:11,020 | INFO | Debug mode: False
2025-04-28 21:54:11,020 | INFO | Downsampling by: 0
2025-04-28 21:54:11,020 | INFO | Auxiliary loss: {'gamma_var_loss': 0.05}
2025-04-28 21:54:11,020 | INFO | Train transforms: 
	Compose(
    RandomResizedCrop(size=(224, 224), scale=(0.8, 1), ratio=(0.75, 1.3333), interpolation=bilinear, antialias=True)
    RandomHorizontalFlip(p=0.5)
    ColorJitter(brightness=(0.8, 1.2), contrast=(0.8, 1.2), saturation=(0.8, 1.2), hue=None)
    ToTensor()
    Normalize(mean=(0.4765, 0.4517, 0.3911), std=(0.2264, 0.2214, 0.2193))
)
2025-04-28 21:54:11,020 | INFO | Test transforms: 
	Compose(
    Resize(size=[224, 224], interpolation=bilinear, max_size=None, antialias=True)
    ToTensor()
    Normalize(mean=(0.4765, 0.4517, 0.3911), std=(0.2264, 0.2214, 0.2193))
)
2025-04-28 21:54:12,408 | INFO | Label smoothing: 0.1
2025-04-28 21:54:12,408 | INFO | Auxiliary loss: {'gamma_var_loss': 0.05}
2025-04-28 21:55:41,188 | INFO | Epoch: 1 | Time: 88.76s
2025-04-28 21:55:41,188 | INFO | Train Loss=4.8043, Train Acc=1.16%, Train Gamma Loss=-0.0017
2025-04-28 21:55:41,189 | INFO | Val Loss=4.7161, Val Acc=2.17%, Val Gamma Loss=-0.007999597117304802
2025-04-28 21:55:41,190 | INFO | New best model saved (val loss = 4.7161)
2025-04-28 21:57:09,160 | INFO | Epoch: 2 | Time: 87.94s
2025-04-28 21:57:09,160 | INFO | Train Loss=4.6654, Train Acc=1.97%, Train Gamma Loss=-0.0424
2025-04-28 21:57:09,160 | INFO | Val Loss=4.6015, Val Acc=2.67%, Val Gamma Loss=-0.04313033074140549
2025-04-28 21:57:09,161 | INFO | New best model saved (val loss = 4.6015)
2025-04-28 21:58:38,276 | INFO | Epoch: 3 | Time: 89.09s
2025-04-28 21:58:38,277 | INFO | Train Loss=4.6170, Train Acc=2.54%, Train Gamma Loss=-0.0499
2025-04-28 21:58:38,277 | INFO | Val Loss=4.4558, Val Acc=3.58%, Val Gamma Loss=-0.04825631156563759
2025-04-28 21:58:38,278 | INFO | New best model saved (val loss = 4.4558)
2025-04-28 22:00:11,629 | INFO | Epoch: 4 | Time: 93.32s
2025-04-28 22:00:11,629 | INFO | Train Loss=4.4660, Train Acc=4.00%, Train Gamma Loss=-0.0500
2025-04-28 22:00:11,629 | INFO | Val Loss=4.5208, Val Acc=3.83%, Val Gamma Loss=-0.05000000819563866
2025-04-28 22:01:38,681 | INFO | Epoch: 5 | Time: 87.04s
2025-04-28 22:01:38,681 | INFO | Train Loss=4.2818, Train Acc=5.94%, Train Gamma Loss=-0.0499
2025-04-28 22:01:38,681 | INFO | Val Loss=4.2430, Val Acc=4.75%, Val Gamma Loss=-0.05000000819563866
2025-04-28 22:01:38,682 | INFO | New best model saved (val loss = 4.2430)
2025-04-28 22:03:07,956 | INFO | Epoch: 6 | Time: 89.24s
2025-04-28 22:03:07,957 | INFO | Train Loss=4.1670, Train Acc=7.31%, Train Gamma Loss=-0.0496
2025-04-28 22:03:07,957 | INFO | Val Loss=4.1029, Val Acc=6.50%, Val Gamma Loss=-0.05000000819563866
2025-04-28 22:03:07,958 | INFO | New best model saved (val loss = 4.1029)
2025-04-28 22:04:34,691 | INFO | Epoch: 7 | Time: 86.71s
2025-04-28 22:04:34,691 | INFO | Train Loss=4.0321, Train Acc=9.03%, Train Gamma Loss=-0.0498
2025-04-28 22:04:34,691 | INFO | Val Loss=3.8589, Val Acc=9.08%, Val Gamma Loss=-0.05000000819563866
2025-04-28 22:04:34,692 | INFO | New best model saved (val loss = 3.8589)
2025-04-28 22:06:02,159 | INFO | Epoch: 8 | Time: 87.44s
2025-04-28 22:06:02,160 | INFO | Train Loss=3.8822, Train Acc=11.34%, Train Gamma Loss=-0.0500
2025-04-28 22:06:02,160 | INFO | Val Loss=4.0565, Val Acc=6.83%, Val Gamma Loss=-0.046276673674583435
2025-04-28 22:07:30,567 | INFO | Epoch: 9 | Time: 88.36s
2025-04-28 22:07:30,567 | INFO | Train Loss=3.7382, Train Acc=13.94%, Train Gamma Loss=-0.0499
2025-04-28 22:07:30,567 | INFO | Val Loss=3.6927, Val Acc=11.83%, Val Gamma Loss=-0.05000000819563866
2025-04-28 22:07:30,569 | INFO | New best model saved (val loss = 3.6927)
2025-04-28 22:08:57,428 | INFO | Epoch: 10 | Time: 86.83s
2025-04-28 22:08:57,428 | INFO | Train Loss=3.5990, Train Acc=16.88%, Train Gamma Loss=-0.0499
2025-04-28 22:08:57,429 | INFO | Val Loss=3.5685, Val Acc=12.50%, Val Gamma Loss=-0.05000000819563866
2025-04-28 22:08:57,430 | INFO | New best model saved (val loss = 3.5685)
2025-04-28 22:10:22,570 | INFO | Epoch: 11 | Time: 85.12s
2025-04-28 22:10:22,570 | INFO | Train Loss=3.4401, Train Acc=20.12%, Train Gamma Loss=-0.0499
2025-04-28 22:10:22,570 | INFO | Val Loss=3.4689, Val Acc=14.75%, Val Gamma Loss=-0.0462709404528141
2025-04-28 22:10:22,571 | INFO | New best model saved (val loss = 3.4689)
2025-04-28 22:11:49,356 | INFO | Epoch: 12 | Time: 86.76s
2025-04-28 22:11:49,356 | INFO | Train Loss=3.3020, Train Acc=23.27%, Train Gamma Loss=-0.0500
2025-04-28 22:11:49,356 | INFO | Val Loss=3.5229, Val Acc=13.83%, Val Gamma Loss=-0.05000000819563866
2025-04-28 22:13:13,932 | INFO | Epoch: 13 | Time: 84.56s
2025-04-28 22:13:13,932 | INFO | Train Loss=3.1494, Train Acc=26.78%, Train Gamma Loss=-0.0498
2025-04-28 22:13:13,932 | INFO | Val Loss=3.4023, Val Acc=16.50%, Val Gamma Loss=-0.04676457867026329
2025-04-28 22:13:13,933 | INFO | New best model saved (val loss = 3.4023)
2025-04-28 22:14:37,484 | INFO | Epoch: 14 | Time: 83.54s
2025-04-28 22:14:37,484 | INFO | Train Loss=3.0023, Train Acc=30.43%, Train Gamma Loss=-0.0498
2025-04-28 22:14:37,484 | INFO | Val Loss=3.3769, Val Acc=17.67%, Val Gamma Loss=-0.05000000819563866
2025-04-28 22:14:37,486 | INFO | New best model saved (val loss = 3.3769)
2025-04-28 22:15:59,427 | INFO | Epoch: 15 | Time: 81.92s
2025-04-28 22:15:59,427 | INFO | Train Loss=2.8580, Train Acc=33.86%, Train Gamma Loss=-0.0499
2025-04-28 22:15:59,427 | INFO | Val Loss=2.9163, Val Acc=25.33%, Val Gamma Loss=-0.05000000819563866
2025-04-28 22:15:59,428 | INFO | New best model saved (val loss = 2.9163)
2025-04-28 22:17:25,961 | INFO | Epoch: 16 | Time: 86.50s
2025-04-28 22:17:25,961 | INFO | Train Loss=2.7152, Train Acc=38.47%, Train Gamma Loss=-0.0498
2025-04-28 22:17:25,961 | INFO | Val Loss=2.7739, Val Acc=28.08%, Val Gamma Loss=-0.04986311122775078
2025-04-28 22:17:25,962 | INFO | New best model saved (val loss = 2.7739)
2025-04-28 22:18:51,387 | INFO | Epoch: 17 | Time: 85.39s
2025-04-28 22:18:51,387 | INFO | Train Loss=2.5734, Train Acc=41.74%, Train Gamma Loss=-0.0493
2025-04-28 22:18:51,387 | INFO | Val Loss=2.6006, Val Acc=33.25%, Val Gamma Loss=-0.047846563160419464
2025-04-28 22:18:51,388 | INFO | New best model saved (val loss = 2.6006)
2025-04-28 22:20:16,858 | INFO | Epoch: 18 | Time: 85.38s
2025-04-28 22:20:16,858 | INFO | Train Loss=2.4362, Train Acc=45.09%, Train Gamma Loss=-0.0499
2025-04-28 22:20:16,859 | INFO | Val Loss=2.4387, Val Acc=35.58%, Val Gamma Loss=-0.05000000819563866
2025-04-28 22:20:16,860 | INFO | New best model saved (val loss = 2.4387)
2025-04-28 22:21:41,556 | INFO | Epoch: 19 | Time: 84.64s
2025-04-28 22:21:41,556 | INFO | Train Loss=2.2771, Train Acc=50.64%, Train Gamma Loss=-0.0497
2025-04-28 22:21:41,557 | INFO | Val Loss=2.3488, Val Acc=37.25%, Val Gamma Loss=-0.04897535592317581
2025-04-28 22:21:41,558 | INFO | New best model saved (val loss = 2.3488)
2025-04-28 22:23:05,972 | INFO | Epoch: 20 | Time: 84.36s
2025-04-28 22:23:05,973 | INFO | Train Loss=2.1613, Train Acc=54.20%, Train Gamma Loss=-0.0499
2025-04-28 22:23:05,973 | INFO | Val Loss=2.2268, Val Acc=40.92%, Val Gamma Loss=-0.049577999860048294
2025-04-28 22:23:05,974 | INFO | New best model saved (val loss = 2.2268)
2025-04-28 22:24:27,779 | INFO | Epoch: 21 | Time: 81.76s
2025-04-28 22:24:27,779 | INFO | Train Loss=2.0374, Train Acc=58.04%, Train Gamma Loss=-0.0498
2025-04-28 22:24:27,779 | INFO | Val Loss=2.2080, Val Acc=40.42%, Val Gamma Loss=-0.046935293823480606
2025-04-28 22:24:27,780 | INFO | New best model saved (val loss = 2.2080)
2025-04-28 22:25:57,132 | INFO | Epoch: 22 | Time: 89.32s
2025-04-28 22:25:57,132 | INFO | Train Loss=1.8969, Train Acc=62.74%, Train Gamma Loss=-0.0499
2025-04-28 22:25:57,132 | INFO | Val Loss=2.1493, Val Acc=43.08%, Val Gamma Loss=-0.048926856368780136
2025-04-28 22:25:57,134 | INFO | New best model saved (val loss = 2.1493)
2025-04-28 22:27:25,591 | INFO | Epoch: 23 | Time: 88.42s
2025-04-28 22:27:25,591 | INFO | Train Loss=1.7615, Train Acc=67.20%, Train Gamma Loss=-0.0497
2025-04-28 22:27:25,591 | INFO | Val Loss=2.1713, Val Acc=42.33%, Val Gamma Loss=-0.04227536916732788
2025-04-28 22:28:54,211 | INFO | Epoch: 24 | Time: 88.61s
2025-04-28 22:28:54,212 | INFO | Train Loss=1.6418, Train Acc=71.98%, Train Gamma Loss=-0.0494
2025-04-28 22:28:54,212 | INFO | Val Loss=2.1365, Val Acc=44.33%, Val Gamma Loss=-0.05000000819563866
2025-04-28 22:28:54,213 | INFO | New best model saved (val loss = 2.1365)
2025-04-28 22:30:23,102 | INFO | Epoch: 25 | Time: 88.81s
2025-04-28 22:30:23,102 | INFO | Train Loss=1.5275, Train Acc=75.76%, Train Gamma Loss=-0.0497
2025-04-28 22:30:23,102 | INFO | Val Loss=1.9638, Val Acc=46.17%, Val Gamma Loss=-0.048400335013866425
2025-04-28 22:30:23,103 | INFO | New best model saved (val loss = 1.9638)
2025-04-28 22:31:52,645 | INFO | Epoch: 26 | Time: 89.49s
2025-04-28 22:31:52,645 | INFO | Train Loss=1.4103, Train Acc=81.17%, Train Gamma Loss=-0.0497
2025-04-28 22:31:52,646 | INFO | Val Loss=2.0129, Val Acc=47.25%, Val Gamma Loss=-0.05000000819563866
2025-04-28 22:33:22,506 | INFO | Epoch: 27 | Time: 89.81s
2025-04-28 22:33:22,506 | INFO | Train Loss=1.3053, Train Acc=85.63%, Train Gamma Loss=-0.0498
2025-04-28 22:33:22,506 | INFO | Val Loss=1.9907, Val Acc=48.00%, Val Gamma Loss=-0.05000000819563866
2025-04-28 22:34:51,814 | INFO | Epoch: 28 | Time: 89.28s
2025-04-28 22:34:51,824 | INFO | Train Loss=1.2114, Train Acc=89.48%, Train Gamma Loss=-0.0499
2025-04-28 22:34:51,824 | INFO | Val Loss=1.9908, Val Acc=48.42%, Val Gamma Loss=-0.04990092292428017
2025-04-28 22:36:20,921 | INFO | Epoch: 29 | Time: 88.88s
2025-04-28 22:36:20,921 | INFO | Train Loss=1.1348, Train Acc=92.86%, Train Gamma Loss=-0.0498
2025-04-28 22:36:20,921 | INFO | Val Loss=1.9756, Val Acc=49.75%, Val Gamma Loss=-0.04899432510137558
2025-04-28 22:37:49,123 | INFO | Epoch: 30 | Time: 88.19s
2025-04-28 22:37:49,124 | INFO | Train Loss=1.0800, Train Acc=94.80%, Train Gamma Loss=-0.0500
2025-04-28 22:37:49,124 | INFO | Val Loss=2.0182, Val Acc=49.42%, Val Gamma Loss=-0.04969330132007599
2025-04-28 22:39:17,469 | INFO | Epoch: 31 | Time: 88.33s
2025-04-28 22:39:17,469 | INFO | Train Loss=1.0291, Train Acc=96.56%, Train Gamma Loss=-0.0496
2025-04-28 22:39:17,469 | INFO | Val Loss=2.0100, Val Acc=49.75%, Val Gamma Loss=-0.05000000819563866
2025-04-28 22:40:45,727 | INFO | Epoch: 32 | Time: 88.21s
2025-04-28 22:40:45,727 | INFO | Train Loss=0.9899, Train Acc=97.75%, Train Gamma Loss=-0.0499
2025-04-28 22:40:45,727 | INFO | Val Loss=1.9997, Val Acc=51.08%, Val Gamma Loss=-0.049682628363370895
2025-04-28 22:42:15,614 | INFO | Epoch: 33 | Time: 89.86s
2025-04-28 22:42:15,615 | INFO | Train Loss=0.9640, Train Acc=98.44%, Train Gamma Loss=-0.0499
2025-04-28 22:42:15,615 | INFO | Val Loss=2.0055, Val Acc=50.83%, Val Gamma Loss=-0.05000000819563866
2025-04-28 22:43:45,320 | INFO | Epoch: 34 | Time: 89.69s
2025-04-28 22:43:45,320 | INFO | Train Loss=0.9396, Train Acc=98.89%, Train Gamma Loss=-0.0499
2025-04-28 22:43:45,320 | INFO | Val Loss=2.0253, Val Acc=49.50%, Val Gamma Loss=-0.04988347738981247
2025-04-28 22:45:14,077 | INFO | Epoch: 35 | Time: 88.74s
2025-04-28 22:45:14,077 | INFO | Train Loss=0.9217, Train Acc=99.31%, Train Gamma Loss=-0.0500
2025-04-28 22:45:14,077 | INFO | Val Loss=2.0128, Val Acc=51.50%, Val Gamma Loss=-0.04946654662489891
2025-04-28 22:46:41,531 | INFO | Epoch: 36 | Time: 87.44s
2025-04-28 22:46:41,531 | INFO | Train Loss=0.9100, Train Acc=99.44%, Train Gamma Loss=-0.0499
2025-04-28 22:46:41,531 | INFO | Val Loss=2.0014, Val Acc=51.58%, Val Gamma Loss=-0.05000000819563866
2025-04-28 22:48:09,949 | INFO | Epoch: 37 | Time: 88.40s
2025-04-28 22:48:09,949 | INFO | Train Loss=0.8972, Train Acc=99.51%, Train Gamma Loss=-0.0499
2025-04-28 22:48:09,949 | INFO | Val Loss=2.0083, Val Acc=51.17%, Val Gamma Loss=-0.05000000819563866
2025-04-28 22:49:37,520 | INFO | Epoch: 38 | Time: 87.56s
2025-04-28 22:49:37,520 | INFO | Train Loss=0.8881, Train Acc=99.64%, Train Gamma Loss=-0.0500
2025-04-28 22:49:37,528 | INFO | Val Loss=2.0232, Val Acc=52.00%, Val Gamma Loss=-0.05000000819563866
2025-04-28 22:51:06,700 | INFO | Epoch: 39 | Time: 89.08s
2025-04-28 22:51:06,700 | INFO | Train Loss=0.8805, Train Acc=99.75%, Train Gamma Loss=-0.0500
2025-04-28 22:51:06,700 | INFO | Val Loss=2.0067, Val Acc=51.83%, Val Gamma Loss=-0.05000000819563866
2025-04-28 22:52:35,120 | INFO | Epoch: 40 | Time: 88.36s
2025-04-28 22:52:35,120 | INFO | Train Loss=0.8764, Train Acc=99.73%, Train Gamma Loss=-0.0500
2025-04-28 22:52:35,120 | INFO | Val Loss=2.0234, Val Acc=51.58%, Val Gamma Loss=-0.05000000819563866
2025-04-28 22:54:03,584 | INFO | Epoch: 41 | Time: 88.44s
2025-04-28 22:54:03,584 | INFO | Train Loss=0.8700, Train Acc=99.76%, Train Gamma Loss=-0.0500
2025-04-28 22:54:03,584 | INFO | Val Loss=2.0185, Val Acc=52.75%, Val Gamma Loss=-0.05000000819563866
2025-04-28 22:55:33,261 | INFO | Epoch: 42 | Time: 89.65s
2025-04-28 22:55:33,261 | INFO | Train Loss=0.8688, Train Acc=99.79%, Train Gamma Loss=-0.0500
2025-04-28 22:55:33,261 | INFO | Val Loss=2.0291, Val Acc=51.50%, Val Gamma Loss=-0.0498918779194355
2025-04-28 22:57:05,390 | INFO | Epoch: 43 | Time: 92.11s
2025-04-28 22:57:05,390 | INFO | Train Loss=0.8652, Train Acc=99.81%, Train Gamma Loss=-0.0498
2025-04-28 22:57:05,390 | INFO | Val Loss=2.0263, Val Acc=51.50%, Val Gamma Loss=-0.05000000819563866
2025-04-28 22:58:35,040 | INFO | Epoch: 44 | Time: 89.63s
2025-04-28 22:58:35,041 | INFO | Train Loss=0.8641, Train Acc=99.83%, Train Gamma Loss=-0.0500
2025-04-28 22:58:35,041 | INFO | Val Loss=2.0311, Val Acc=51.92%, Val Gamma Loss=-0.05000000819563866
2025-04-28 23:00:03,785 | INFO | Epoch: 45 | Time: 88.72s
2025-04-28 23:00:03,785 | INFO | Train Loss=0.8627, Train Acc=99.83%, Train Gamma Loss=-0.0500
2025-04-28 23:00:03,785 | INFO | Val Loss=2.0286, Val Acc=51.42%, Val Gamma Loss=-0.05000000819563866
2025-04-28 23:01:31,706 | INFO | Epoch: 46 | Time: 87.91s
2025-04-28 23:01:31,707 | INFO | Train Loss=0.8638, Train Acc=99.82%, Train Gamma Loss=-0.0500
2025-04-28 23:01:31,707 | INFO | Val Loss=2.0281, Val Acc=51.33%, Val Gamma Loss=-0.05000000819563866
2025-04-28 23:03:00,090 | INFO | Epoch: 47 | Time: 88.37s
2025-04-28 23:03:00,090 | INFO | Train Loss=0.8626, Train Acc=99.79%, Train Gamma Loss=-0.0500
2025-04-28 23:03:00,091 | INFO | Val Loss=2.0307, Val Acc=51.33%, Val Gamma Loss=-0.05000000819563866
2025-04-28 23:04:26,875 | INFO | Epoch: 48 | Time: 86.76s
2025-04-28 23:04:26,875 | INFO | Train Loss=0.8623, Train Acc=99.79%, Train Gamma Loss=-0.0499
2025-04-28 23:04:26,875 | INFO | Val Loss=2.0276, Val Acc=51.58%, Val Gamma Loss=-0.05000000819563866
2025-04-28 23:05:55,697 | INFO | Epoch: 49 | Time: 88.81s
2025-04-28 23:05:55,698 | INFO | Train Loss=0.8624, Train Acc=99.84%, Train Gamma Loss=-0.0500
2025-04-28 23:05:55,698 | INFO | Val Loss=2.0271, Val Acc=51.50%, Val Gamma Loss=-0.05000000819563866
2025-04-28 23:07:25,882 | INFO | Epoch: 50 | Time: 90.16s
2025-04-28 23:07:25,882 | INFO | Train Loss=0.8617, Train Acc=99.84%, Train Gamma Loss=-0.0500
2025-04-28 23:07:25,882 | INFO | Val Loss=2.0295, Val Acc=51.58%, Val Gamma Loss=-0.05000000819563866
2025-04-28 23:07:26,157 | INFO | Best model with lowest val loss 1.9638062401821739 at 24 epoch is saved.
2025-04-28 23:08:27,990 | INFO | Test Accuracy: 52.74%
2025-04-28 23:08:28,109 | INFO | Last model with val loss 2.029504506211532 at 49 epoch is saved.
2025-04-28 23:09:26,426 | INFO | Test Accuracy: 52.74%
2025-04-28 23:09:26,453 | INFO | 
Job Completed
