2025-05-29 20:04:20,700 | INFO | Job Started
2025-05-29 20:04:20,700 | INFO | Logging run: /rds/general/user/psp20/home/Brain-Network/runs/zoomvit_4_1_v2_sample_eff_0_25_20250529-200420
2025-05-29 20:04:20,709 | INFO | Using device: cuda
2025-05-29 20:04:20,709 | INFO | Training for 100 epochs
2025-05-29 20:04:20,709 | INFO | Debug mode: False
2025-05-29 20:04:20,709 | INFO | Downsampling by: 0.25
2025-05-29 20:04:20,709 | INFO | Auxiliary loss: {'attention_entropy_loss': 0.1}
2025-05-29 20:04:20,709 | INFO | Train transforms: 
	Compose(
    RandomCrop(size=(32, 32), padding=4)
    RandomHorizontalFlip(p=0.5)
    ColorJitter(brightness=(0.8, 1.2), contrast=(0.8, 1.2), saturation=(0.8, 1.2), hue=None)
    ToTensor()
    Normalize(mean=(0.4914, 0.4822, 0.4465), std=(0.2023, 0.1994, 0.201))
)
2025-05-29 20:04:20,709 | INFO | Test transforms: 
	Compose(
    ToTensor()
    Normalize(mean=(0.4914, 0.4822, 0.4465), std=(0.2023, 0.1994, 0.201))
)
2025-05-29 20:04:22,734 | INFO | Full train/val size with downsampling (0.25): 12500
2025-05-29 20:04:22,874 | INFO | Using mixup function and SoftTargetCrossEntropy
2025-05-29 20:04:22,874 | INFO | Auxiliary loss: {'attention_entropy_loss': 0.1}
2025-05-29 20:04:26,093 | INFO | Epoch: 1 | Time: 3.22s
2025-05-29 20:04:26,093 | INFO | Train Loss=2.5758, Train Acc=15.36%
2025-05-29 20:04:26,093 | INFO | Val Loss=2.4013, Val Acc=22.64%
2025-05-29 20:04:26,093 | INFO | Train Gamma Loss=0.3031 | Val Gamma Loss=0.28402093052864075
2025-05-29 20:04:26,094 | INFO | New best model saved (val loss = 2.4013)
2025-05-29 20:04:29,307 | INFO | Epoch: 2 | Time: 3.21s
2025-05-29 20:04:29,307 | INFO | Train Loss=2.3883, Train Acc=21.08%
2025-05-29 20:04:29,307 | INFO | Val Loss=2.1473, Val Acc=25.68%
2025-05-29 20:04:29,307 | INFO | Train Gamma Loss=0.2330 | Val Gamma Loss=0.1653587520122528
2025-05-29 20:04:29,308 | INFO | New best model saved (val loss = 2.1473)
2025-05-29 20:04:32,525 | INFO | Epoch: 3 | Time: 3.21s
2025-05-29 20:04:32,525 | INFO | Train Loss=2.1009, Train Acc=25.23%
2025-05-29 20:04:32,525 | INFO | Val Loss=1.8554, Val Acc=29.44%
2025-05-29 20:04:32,525 | INFO | Train Gamma Loss=0.0026 | Val Gamma Loss=0.006372007075697184
2025-05-29 20:04:32,526 | INFO | New best model saved (val loss = 1.8554)
2025-05-29 20:04:35,761 | INFO | Epoch: 4 | Time: 3.23s
2025-05-29 20:04:35,761 | INFO | Train Loss=1.9406, Train Acc=32.37%
2025-05-29 20:04:35,761 | INFO | Val Loss=1.7537, Val Acc=34.24%
2025-05-29 20:04:35,761 | INFO | Train Gamma Loss=-0.0043 | Val Gamma Loss=0.005918570794165134
2025-05-29 20:04:35,762 | INFO | New best model saved (val loss = 1.7537)
2025-05-29 20:04:38,996 | INFO | Epoch: 5 | Time: 3.23s
2025-05-29 20:04:38,997 | INFO | Train Loss=1.9391, Train Acc=35.24%
2025-05-29 20:04:38,997 | INFO | Val Loss=1.6046, Val Acc=41.20%
2025-05-29 20:04:38,997 | INFO | Train Gamma Loss=-0.0044 | Val Gamma Loss=0.005840308964252472
2025-05-29 20:04:38,998 | INFO | New best model saved (val loss = 1.6046)
2025-05-29 20:04:42,210 | INFO | Epoch: 6 | Time: 3.21s
2025-05-29 20:04:42,210 | INFO | Train Loss=1.8440, Train Acc=41.32%
2025-05-29 20:04:42,210 | INFO | Val Loss=1.6054, Val Acc=42.88%
2025-05-29 20:04:42,210 | INFO | Train Gamma Loss=-0.0044 | Val Gamma Loss=0.005813792813569307
2025-05-29 20:04:45,433 | INFO | Epoch: 7 | Time: 3.22s
2025-05-29 20:04:45,433 | INFO | Train Loss=1.7572, Train Acc=45.13%
2025-05-29 20:04:45,433 | INFO | Val Loss=1.4410, Val Acc=48.72%
2025-05-29 20:04:45,433 | INFO | Train Gamma Loss=-0.0048 | Val Gamma Loss=0.005585769657045603
2025-05-29 20:04:45,434 | INFO | New best model saved (val loss = 1.4410)
2025-05-29 20:04:48,734 | INFO | Epoch: 8 | Time: 3.30s
2025-05-29 20:04:48,734 | INFO | Train Loss=1.6453, Train Acc=50.35%
2025-05-29 20:04:48,734 | INFO | Val Loss=1.2440, Val Acc=58.32%
2025-05-29 20:04:48,735 | INFO | Train Gamma Loss=-0.0051 | Val Gamma Loss=0.00479553360491991
2025-05-29 20:04:48,736 | INFO | New best model saved (val loss = 1.2440)
2025-05-29 20:04:51,941 | INFO | Epoch: 9 | Time: 3.20s
2025-05-29 20:04:51,941 | INFO | Train Loss=1.5489, Train Acc=54.04%
2025-05-29 20:04:51,941 | INFO | Val Loss=1.3536, Val Acc=53.20%
2025-05-29 20:04:51,941 | INFO | Train Gamma Loss=-0.0054 | Val Gamma Loss=0.004908427130430937
2025-05-29 20:04:55,150 | INFO | Epoch: 10 | Time: 3.21s
2025-05-29 20:04:55,150 | INFO | Train Loss=1.5265, Train Acc=58.52%
2025-05-29 20:04:55,150 | INFO | Val Loss=1.2849, Val Acc=57.28%
2025-05-29 20:04:55,150 | INFO | Train Gamma Loss=-0.0062 | Val Gamma Loss=0.004691184498369694
2025-05-29 20:04:58,382 | INFO | Epoch: 11 | Time: 3.23s
2025-05-29 20:04:58,383 | INFO | Train Loss=1.5404, Train Acc=57.20%
2025-05-29 20:04:58,383 | INFO | Val Loss=1.2585, Val Acc=55.44%
2025-05-29 20:04:58,383 | INFO | Train Gamma Loss=-0.0064 | Val Gamma Loss=0.003942877519875765
2025-05-29 20:05:01,708 | INFO | Epoch: 12 | Time: 3.32s
2025-05-29 20:05:01,708 | INFO | Train Loss=1.5195, Train Acc=59.24%
2025-05-29 20:05:01,708 | INFO | Val Loss=1.1628, Val Acc=63.68%
2025-05-29 20:05:01,708 | INFO | Train Gamma Loss=-0.0069 | Val Gamma Loss=0.003627840429544449
2025-05-29 20:05:01,710 | INFO | New best model saved (val loss = 1.1628)
2025-05-29 20:05:05,297 | INFO | Epoch: 13 | Time: 3.59s
2025-05-29 20:05:05,297 | INFO | Train Loss=1.4658, Train Acc=63.36%
2025-05-29 20:05:05,297 | INFO | Val Loss=1.1723, Val Acc=62.80%
2025-05-29 20:05:05,297 | INFO | Train Gamma Loss=-0.0071 | Val Gamma Loss=0.003191279014572501
2025-05-29 20:05:08,504 | INFO | Epoch: 14 | Time: 3.20s
2025-05-29 20:05:08,504 | INFO | Train Loss=1.5091, Train Acc=61.62%
2025-05-29 20:05:08,504 | INFO | Val Loss=1.0694, Val Acc=65.28%
2025-05-29 20:05:08,504 | INFO | Train Gamma Loss=-0.0074 | Val Gamma Loss=0.0033006370067596436
2025-05-29 20:05:08,505 | INFO | New best model saved (val loss = 1.0694)
2025-05-29 20:05:11,739 | INFO | Epoch: 15 | Time: 3.23s
2025-05-29 20:05:11,739 | INFO | Train Loss=1.4295, Train Acc=66.41%
2025-05-29 20:05:11,739 | INFO | Val Loss=1.0565, Val Acc=67.12%
2025-05-29 20:05:11,739 | INFO | Train Gamma Loss=-0.0076 | Val Gamma Loss=0.0028655044734477997
2025-05-29 20:05:11,741 | INFO | New best model saved (val loss = 1.0565)
2025-05-29 20:05:14,976 | INFO | Epoch: 16 | Time: 3.23s
2025-05-29 20:05:14,977 | INFO | Train Loss=1.3311, Train Acc=68.38%
2025-05-29 20:05:14,977 | INFO | Val Loss=1.3524, Val Acc=54.64%
2025-05-29 20:05:14,977 | INFO | Train Gamma Loss=-0.0076 | Val Gamma Loss=0.003009614534676075
2025-05-29 20:05:18,195 | INFO | Epoch: 17 | Time: 3.22s
2025-05-29 20:05:18,195 | INFO | Train Loss=1.3250, Train Acc=66.42%
2025-05-29 20:05:18,195 | INFO | Val Loss=1.1191, Val Acc=61.12%
2025-05-29 20:05:18,195 | INFO | Train Gamma Loss=-0.0079 | Val Gamma Loss=0.0029145723674446344
2025-05-29 20:05:21,411 | INFO | Epoch: 18 | Time: 3.20s
2025-05-29 20:05:21,411 | INFO | Train Loss=1.3520, Train Acc=68.42%
2025-05-29 20:05:21,411 | INFO | Val Loss=1.1043, Val Acc=63.36%
2025-05-29 20:05:21,411 | INFO | Train Gamma Loss=-0.0082 | Val Gamma Loss=0.0026162464637309313
2025-05-29 20:05:24,624 | INFO | Epoch: 19 | Time: 3.21s
2025-05-29 20:05:24,624 | INFO | Train Loss=1.4779, Train Acc=63.52%
2025-05-29 20:05:24,624 | INFO | Val Loss=0.9120, Val Acc=71.60%
2025-05-29 20:05:24,624 | INFO | Train Gamma Loss=-0.0084 | Val Gamma Loss=0.002483653835952282
2025-05-29 20:05:24,625 | INFO | New best model saved (val loss = 0.9120)
2025-05-29 20:05:27,978 | INFO | Epoch: 20 | Time: 3.35s
2025-05-29 20:05:27,978 | INFO | Train Loss=1.2847, Train Acc=71.90%
2025-05-29 20:05:27,978 | INFO | Val Loss=0.9796, Val Acc=67.84%
2025-05-29 20:05:27,978 | INFO | Train Gamma Loss=-0.0083 | Val Gamma Loss=0.0024685377720743418
2025-05-29 20:05:31,228 | INFO | Epoch: 21 | Time: 3.25s
2025-05-29 20:05:31,228 | INFO | Train Loss=1.3528, Train Acc=71.56%
2025-05-29 20:05:31,228 | INFO | Val Loss=0.8407, Val Acc=74.24%
2025-05-29 20:05:31,228 | INFO | Train Gamma Loss=-0.0086 | Val Gamma Loss=0.002320297993719578
2025-05-29 20:05:31,229 | INFO | New best model saved (val loss = 0.8407)
2025-05-29 20:05:34,556 | INFO | Epoch: 22 | Time: 3.32s
2025-05-29 20:05:34,556 | INFO | Train Loss=1.2246, Train Acc=74.35%
2025-05-29 20:05:34,556 | INFO | Val Loss=0.8884, Val Acc=72.40%
2025-05-29 20:05:34,557 | INFO | Train Gamma Loss=-0.0087 | Val Gamma Loss=0.0022143784444779158
2025-05-29 20:05:37,767 | INFO | Epoch: 23 | Time: 3.21s
2025-05-29 20:05:37,767 | INFO | Train Loss=1.2903, Train Acc=73.68%
2025-05-29 20:05:37,767 | INFO | Val Loss=0.9043, Val Acc=71.04%
2025-05-29 20:05:37,767 | INFO | Train Gamma Loss=-0.0089 | Val Gamma Loss=0.0018976923311129212
2025-05-29 20:05:40,972 | INFO | Epoch: 24 | Time: 3.20s
2025-05-29 20:05:40,973 | INFO | Train Loss=1.2057, Train Acc=74.44%
2025-05-29 20:05:40,973 | INFO | Val Loss=0.8328, Val Acc=73.60%
2025-05-29 20:05:40,973 | INFO | Train Gamma Loss=-0.0089 | Val Gamma Loss=0.0021048872731626034
2025-05-29 20:05:40,974 | INFO | New best model saved (val loss = 0.8328)
2025-05-29 20:05:44,455 | INFO | Epoch: 25 | Time: 3.48s
2025-05-29 20:05:44,455 | INFO | Train Loss=1.2517, Train Acc=74.27%
2025-05-29 20:05:44,455 | INFO | Val Loss=0.8245, Val Acc=73.68%
2025-05-29 20:05:44,455 | INFO | Train Gamma Loss=-0.0088 | Val Gamma Loss=0.0021161907352507114
2025-05-29 20:05:44,456 | INFO | New best model saved (val loss = 0.8245)
2025-05-29 20:05:47,979 | INFO | Epoch: 26 | Time: 3.52s
2025-05-29 20:05:47,979 | INFO | Train Loss=1.2209, Train Acc=75.06%
2025-05-29 20:05:47,979 | INFO | Val Loss=0.8223, Val Acc=76.24%
2025-05-29 20:05:47,979 | INFO | Train Gamma Loss=-0.0089 | Val Gamma Loss=0.0019296131795272231
2025-05-29 20:05:47,980 | INFO | New best model saved (val loss = 0.8223)
2025-05-29 20:05:51,388 | INFO | Epoch: 27 | Time: 3.41s
2025-05-29 20:05:51,388 | INFO | Train Loss=1.2300, Train Acc=74.65%
2025-05-29 20:05:51,388 | INFO | Val Loss=0.9006, Val Acc=73.36%
2025-05-29 20:05:51,389 | INFO | Train Gamma Loss=-0.0089 | Val Gamma Loss=0.001983621856197715
2025-05-29 20:05:54,616 | INFO | Epoch: 28 | Time: 3.22s
2025-05-29 20:05:54,616 | INFO | Train Loss=1.1768, Train Acc=76.81%
2025-05-29 20:05:54,616 | INFO | Val Loss=0.7979, Val Acc=76.08%
2025-05-29 20:05:54,616 | INFO | Train Gamma Loss=-0.0090 | Val Gamma Loss=0.0018281256780028343
2025-05-29 20:05:54,617 | INFO | New best model saved (val loss = 0.7979)
2025-05-29 20:05:57,871 | INFO | Epoch: 29 | Time: 3.25s
2025-05-29 20:05:57,871 | INFO | Train Loss=1.1740, Train Acc=75.43%
2025-05-29 20:05:57,871 | INFO | Val Loss=0.7917, Val Acc=77.28%
2025-05-29 20:05:57,872 | INFO | Train Gamma Loss=-0.0091 | Val Gamma Loss=0.0015173688298091292
2025-05-29 20:05:57,873 | INFO | New best model saved (val loss = 0.7917)
2025-05-29 20:06:01,113 | INFO | Epoch: 30 | Time: 3.24s
2025-05-29 20:06:01,113 | INFO | Train Loss=1.0784, Train Acc=80.06%
2025-05-29 20:06:01,113 | INFO | Val Loss=0.7277, Val Acc=77.36%
2025-05-29 20:06:01,113 | INFO | Train Gamma Loss=-0.0092 | Val Gamma Loss=0.0016180331585928798
2025-05-29 20:06:01,114 | INFO | New best model saved (val loss = 0.7277)
2025-05-29 20:06:04,355 | INFO | Epoch: 31 | Time: 3.24s
2025-05-29 20:06:04,355 | INFO | Train Loss=1.2093, Train Acc=75.92%
2025-05-29 20:06:04,355 | INFO | Val Loss=0.6546, Val Acc=81.20%
2025-05-29 20:06:04,355 | INFO | Train Gamma Loss=-0.0093 | Val Gamma Loss=0.0016082188813015819
2025-05-29 20:06:04,356 | INFO | New best model saved (val loss = 0.6546)
2025-05-29 20:06:07,609 | INFO | Epoch: 32 | Time: 3.25s
2025-05-29 20:06:07,610 | INFO | Train Loss=1.0917, Train Acc=80.68%
2025-05-29 20:06:07,610 | INFO | Val Loss=0.7522, Val Acc=77.36%
2025-05-29 20:06:07,610 | INFO | Train Gamma Loss=-0.0093 | Val Gamma Loss=0.001329625491052866
2025-05-29 20:06:10,822 | INFO | Epoch: 33 | Time: 3.21s
2025-05-29 20:06:10,822 | INFO | Train Loss=1.1914, Train Acc=77.91%
2025-05-29 20:06:10,822 | INFO | Val Loss=0.7480, Val Acc=77.52%
2025-05-29 20:06:10,822 | INFO | Train Gamma Loss=-0.0094 | Val Gamma Loss=0.0014897313667461276
2025-05-29 20:06:14,017 | INFO | Epoch: 34 | Time: 3.19s
2025-05-29 20:06:14,017 | INFO | Train Loss=1.0407, Train Acc=81.43%
2025-05-29 20:06:14,017 | INFO | Val Loss=0.7279, Val Acc=77.12%
2025-05-29 20:06:14,017 | INFO | Train Gamma Loss=-0.0094 | Val Gamma Loss=0.0013277946272864938
2025-05-29 20:06:17,222 | INFO | Epoch: 35 | Time: 3.20s
2025-05-29 20:06:17,222 | INFO | Train Loss=1.0827, Train Acc=80.31%
2025-05-29 20:06:17,223 | INFO | Val Loss=0.7954, Val Acc=75.84%
2025-05-29 20:06:17,223 | INFO | Train Gamma Loss=-0.0095 | Val Gamma Loss=0.0013369410298764706
2025-05-29 20:06:20,422 | INFO | Epoch: 36 | Time: 3.20s
2025-05-29 20:06:20,422 | INFO | Train Loss=1.0954, Train Acc=81.23%
2025-05-29 20:06:20,422 | INFO | Val Loss=0.7826, Val Acc=77.52%
2025-05-29 20:06:20,422 | INFO | Train Gamma Loss=-0.0096 | Val Gamma Loss=0.0013460818445309997
2025-05-29 20:06:23,624 | INFO | Epoch: 37 | Time: 3.20s
2025-05-29 20:06:23,624 | INFO | Train Loss=1.0217, Train Acc=83.00%
2025-05-29 20:06:23,624 | INFO | Val Loss=0.6974, Val Acc=79.04%
2025-05-29 20:06:23,624 | INFO | Train Gamma Loss=-0.0096 | Val Gamma Loss=0.0012781890109181404
2025-05-29 20:06:26,813 | INFO | Epoch: 38 | Time: 3.19s
2025-05-29 20:06:26,814 | INFO | Train Loss=1.2268, Train Acc=76.35%
2025-05-29 20:06:26,814 | INFO | Val Loss=0.7170, Val Acc=78.80%
2025-05-29 20:06:26,814 | INFO | Train Gamma Loss=-0.0096 | Val Gamma Loss=0.0013360183220356703
2025-05-29 20:06:30,014 | INFO | Epoch: 39 | Time: 3.20s
2025-05-29 20:06:30,015 | INFO | Train Loss=1.0707, Train Acc=82.47%
2025-05-29 20:06:30,015 | INFO | Val Loss=0.6780, Val Acc=79.76%
2025-05-29 20:06:30,015 | INFO | Train Gamma Loss=-0.0095 | Val Gamma Loss=0.0012514946283772588
2025-05-29 20:06:33,218 | INFO | Epoch: 40 | Time: 3.20s
2025-05-29 20:06:33,218 | INFO | Train Loss=1.1065, Train Acc=80.55%
2025-05-29 20:06:33,218 | INFO | Val Loss=0.6710, Val Acc=80.56%
2025-05-29 20:06:33,218 | INFO | Train Gamma Loss=-0.0096 | Val Gamma Loss=0.001330702449195087
2025-05-29 20:06:36,432 | INFO | Epoch: 41 | Time: 3.21s
2025-05-29 20:06:36,432 | INFO | Train Loss=1.0789, Train Acc=81.95%
2025-05-29 20:06:36,432 | INFO | Val Loss=0.6505, Val Acc=80.24%
2025-05-29 20:06:36,432 | INFO | Train Gamma Loss=-0.0095 | Val Gamma Loss=0.001309143495745957
2025-05-29 20:06:36,433 | INFO | New best model saved (val loss = 0.6505)
2025-05-29 20:06:39,873 | INFO | Epoch: 42 | Time: 3.44s
2025-05-29 20:06:39,873 | INFO | Train Loss=1.0749, Train Acc=81.34%
2025-05-29 20:06:39,873 | INFO | Val Loss=0.7059, Val Acc=78.72%
2025-05-29 20:06:39,873 | INFO | Train Gamma Loss=-0.0096 | Val Gamma Loss=0.0012692927848547697
2025-05-29 20:06:43,145 | INFO | Epoch: 43 | Time: 3.27s
2025-05-29 20:06:43,145 | INFO | Train Loss=1.0648, Train Acc=83.56%
2025-05-29 20:06:43,145 | INFO | Val Loss=0.6338, Val Acc=81.44%
2025-05-29 20:06:43,145 | INFO | Train Gamma Loss=-0.0096 | Val Gamma Loss=0.0011875134659931064
2025-05-29 20:06:43,146 | INFO | New best model saved (val loss = 0.6338)
2025-05-29 20:06:46,708 | INFO | Epoch: 44 | Time: 3.56s
2025-05-29 20:06:46,708 | INFO | Train Loss=1.0708, Train Acc=83.82%
2025-05-29 20:06:46,708 | INFO | Val Loss=0.6461, Val Acc=81.92%
2025-05-29 20:06:46,708 | INFO | Train Gamma Loss=-0.0097 | Val Gamma Loss=0.00119504623580724
2025-05-29 20:06:49,924 | INFO | Epoch: 45 | Time: 3.21s
2025-05-29 20:06:49,924 | INFO | Train Loss=0.9709, Train Acc=85.30%
2025-05-29 20:06:49,924 | INFO | Val Loss=0.6349, Val Acc=83.36%
2025-05-29 20:06:49,924 | INFO | Train Gamma Loss=-0.0096 | Val Gamma Loss=0.0011912884656339884
2025-05-29 20:06:53,146 | INFO | Epoch: 46 | Time: 3.22s
2025-05-29 20:06:53,146 | INFO | Train Loss=1.0883, Train Acc=82.70%
2025-05-29 20:06:53,146 | INFO | Val Loss=0.6143, Val Acc=83.12%
2025-05-29 20:06:53,146 | INFO | Train Gamma Loss=-0.0097 | Val Gamma Loss=0.0012329270830377936
2025-05-29 20:06:53,148 | INFO | New best model saved (val loss = 0.6143)
2025-05-29 20:06:56,415 | INFO | Epoch: 47 | Time: 3.26s
2025-05-29 20:06:56,415 | INFO | Train Loss=1.0398, Train Acc=83.95%
2025-05-29 20:06:56,415 | INFO | Val Loss=0.6245, Val Acc=81.36%
2025-05-29 20:06:56,415 | INFO | Train Gamma Loss=-0.0096 | Val Gamma Loss=0.001120327739045024
2025-05-29 20:06:59,624 | INFO | Epoch: 48 | Time: 3.20s
2025-05-29 20:06:59,624 | INFO | Train Loss=1.0062, Train Acc=85.41%
2025-05-29 20:06:59,624 | INFO | Val Loss=0.6661, Val Acc=80.40%
2025-05-29 20:06:59,624 | INFO | Train Gamma Loss=-0.0097 | Val Gamma Loss=0.0010141966631636024
2025-05-29 20:07:02,835 | INFO | Epoch: 49 | Time: 3.21s
2025-05-29 20:07:02,835 | INFO | Train Loss=1.2056, Train Acc=79.25%
2025-05-29 20:07:02,835 | INFO | Val Loss=0.6452, Val Acc=81.28%
2025-05-29 20:07:02,836 | INFO | Train Gamma Loss=-0.0097 | Val Gamma Loss=0.001185581204481423
2025-05-29 20:07:06,059 | INFO | Epoch: 50 | Time: 3.22s
2025-05-29 20:07:06,060 | INFO | Train Loss=0.9805, Train Acc=88.21%
2025-05-29 20:07:06,060 | INFO | Val Loss=0.6838, Val Acc=80.56%
2025-05-29 20:07:06,060 | INFO | Train Gamma Loss=-0.0097 | Val Gamma Loss=0.0010154367191717029
2025-05-29 20:07:09,282 | INFO | Epoch: 51 | Time: 3.22s
2025-05-29 20:07:09,282 | INFO | Train Loss=1.0829, Train Acc=82.23%
2025-05-29 20:07:09,282 | INFO | Val Loss=0.6943, Val Acc=83.04%
2025-05-29 20:07:09,282 | INFO | Train Gamma Loss=-0.0098 | Val Gamma Loss=0.0009508837829343975
2025-05-29 20:07:12,533 | INFO | Epoch: 52 | Time: 3.25s
2025-05-29 20:07:12,534 | INFO | Train Loss=1.1164, Train Acc=81.64%
2025-05-29 20:07:12,534 | INFO | Val Loss=0.6364, Val Acc=82.64%
2025-05-29 20:07:12,534 | INFO | Train Gamma Loss=-0.0098 | Val Gamma Loss=0.001081002876162529
2025-05-29 20:07:15,817 | INFO | Epoch: 53 | Time: 3.28s
2025-05-29 20:07:15,817 | INFO | Train Loss=0.9655, Train Acc=86.50%
2025-05-29 20:07:15,817 | INFO | Val Loss=0.5665, Val Acc=83.84%
2025-05-29 20:07:15,817 | INFO | Train Gamma Loss=-0.0097 | Val Gamma Loss=0.0010991410817950964
2025-05-29 20:07:15,819 | INFO | New best model saved (val loss = 0.5665)
2025-05-29 20:07:19,222 | INFO | Epoch: 54 | Time: 3.40s
2025-05-29 20:07:19,222 | INFO | Train Loss=0.8518, Train Acc=89.77%
2025-05-29 20:07:19,222 | INFO | Val Loss=0.5726, Val Acc=84.88%
2025-05-29 20:07:19,222 | INFO | Train Gamma Loss=-0.0097 | Val Gamma Loss=0.0008691867697052658
2025-05-29 20:07:22,441 | INFO | Epoch: 55 | Time: 3.22s
2025-05-29 20:07:22,441 | INFO | Train Loss=0.8898, Train Acc=88.60%
2025-05-29 20:07:22,442 | INFO | Val Loss=0.5652, Val Acc=85.12%
2025-05-29 20:07:22,442 | INFO | Train Gamma Loss=-0.0098 | Val Gamma Loss=0.000978575088083744
2025-05-29 20:07:22,443 | INFO | New best model saved (val loss = 0.5652)
2025-05-29 20:07:25,748 | INFO | Epoch: 56 | Time: 3.30s
2025-05-29 20:07:25,749 | INFO | Train Loss=0.9548, Train Acc=85.87%
2025-05-29 20:07:25,749 | INFO | Val Loss=0.5684, Val Acc=84.64%
2025-05-29 20:07:25,749 | INFO | Train Gamma Loss=-0.0098 | Val Gamma Loss=0.0009146975353360176
2025-05-29 20:07:28,964 | INFO | Epoch: 57 | Time: 3.21s
2025-05-29 20:07:28,964 | INFO | Train Loss=0.9429, Train Acc=88.85%
2025-05-29 20:07:28,964 | INFO | Val Loss=0.6938, Val Acc=81.28%
2025-05-29 20:07:28,964 | INFO | Train Gamma Loss=-0.0099 | Val Gamma Loss=0.0008423798135481775
2025-05-29 20:07:32,180 | INFO | Epoch: 58 | Time: 3.21s
2025-05-29 20:07:32,181 | INFO | Train Loss=0.9024, Train Acc=89.12%
2025-05-29 20:07:32,181 | INFO | Val Loss=0.5701, Val Acc=84.64%
2025-05-29 20:07:32,181 | INFO | Train Gamma Loss=-0.0099 | Val Gamma Loss=0.000811354722827673
2025-05-29 20:07:35,406 | INFO | Epoch: 59 | Time: 3.22s
2025-05-29 20:07:35,406 | INFO | Train Loss=0.9184, Train Acc=88.05%
2025-05-29 20:07:35,406 | INFO | Val Loss=0.6347, Val Acc=82.24%
2025-05-29 20:07:35,406 | INFO | Train Gamma Loss=-0.0099 | Val Gamma Loss=0.0008242205949500203
2025-05-29 20:07:38,626 | INFO | Epoch: 60 | Time: 3.22s
2025-05-29 20:07:38,626 | INFO | Train Loss=0.9568, Train Acc=87.12%
2025-05-29 20:07:38,626 | INFO | Val Loss=0.5524, Val Acc=85.12%
2025-05-29 20:07:38,626 | INFO | Train Gamma Loss=-0.0099 | Val Gamma Loss=0.0008670121314935386
2025-05-29 20:07:38,628 | INFO | New best model saved (val loss = 0.5524)
2025-05-29 20:07:41,884 | INFO | Epoch: 61 | Time: 3.25s
2025-05-29 20:07:41,884 | INFO | Train Loss=0.8578, Train Acc=91.11%
2025-05-29 20:07:41,884 | INFO | Val Loss=0.5663, Val Acc=85.12%
2025-05-29 20:07:41,884 | INFO | Train Gamma Loss=-0.0099 | Val Gamma Loss=0.0008486707811243832
2025-05-29 20:07:45,106 | INFO | Epoch: 62 | Time: 3.22s
2025-05-29 20:07:45,107 | INFO | Train Loss=0.8965, Train Acc=89.14%
2025-05-29 20:07:45,107 | INFO | Val Loss=0.5836, Val Acc=83.28%
2025-05-29 20:07:45,107 | INFO | Train Gamma Loss=-0.0099 | Val Gamma Loss=0.000700147997122258
2025-05-29 20:07:48,338 | INFO | Epoch: 63 | Time: 3.23s
2025-05-29 20:07:48,338 | INFO | Train Loss=0.9374, Train Acc=89.28%
2025-05-29 20:07:48,338 | INFO | Val Loss=0.5504, Val Acc=86.40%
2025-05-29 20:07:48,338 | INFO | Train Gamma Loss=-0.0099 | Val Gamma Loss=0.0008216045680455863
2025-05-29 20:07:48,339 | INFO | New best model saved (val loss = 0.5504)
2025-05-29 20:07:51,602 | INFO | Epoch: 64 | Time: 3.26s
2025-05-29 20:07:51,602 | INFO | Train Loss=0.7243, Train Acc=96.08%
2025-05-29 20:07:51,602 | INFO | Val Loss=0.5611, Val Acc=85.12%
2025-05-29 20:07:51,602 | INFO | Train Gamma Loss=-0.0099 | Val Gamma Loss=0.0006986876833252609
2025-05-29 20:07:54,832 | INFO | Epoch: 65 | Time: 3.23s
2025-05-29 20:07:54,832 | INFO | Train Loss=1.0130, Train Acc=88.72%
2025-05-29 20:07:54,832 | INFO | Val Loss=0.5958, Val Acc=83.92%
2025-05-29 20:07:54,833 | INFO | Train Gamma Loss=-0.0100 | Val Gamma Loss=0.000791700033005327
2025-05-29 20:07:58,057 | INFO | Epoch: 66 | Time: 3.22s
2025-05-29 20:07:58,057 | INFO | Train Loss=0.9108, Train Acc=87.86%
2025-05-29 20:07:58,057 | INFO | Val Loss=0.5563, Val Acc=84.40%
2025-05-29 20:07:58,057 | INFO | Train Gamma Loss=-0.0100 | Val Gamma Loss=0.0007654005894437432
2025-05-29 20:08:01,304 | INFO | Epoch: 67 | Time: 3.24s
2025-05-29 20:08:01,304 | INFO | Train Loss=0.9170, Train Acc=90.70%
2025-05-29 20:08:01,304 | INFO | Val Loss=0.5316, Val Acc=86.80%
2025-05-29 20:08:01,304 | INFO | Train Gamma Loss=-0.0100 | Val Gamma Loss=0.0008270501275546849
2025-05-29 20:08:01,305 | INFO | New best model saved (val loss = 0.5316)
2025-05-29 20:08:04,631 | INFO | Epoch: 68 | Time: 3.32s
2025-05-29 20:08:04,631 | INFO | Train Loss=0.8602, Train Acc=92.04%
2025-05-29 20:08:04,631 | INFO | Val Loss=0.5368, Val Acc=85.04%
2025-05-29 20:08:04,632 | INFO | Train Gamma Loss=-0.0099 | Val Gamma Loss=0.000655443815048784
2025-05-29 20:08:07,871 | INFO | Epoch: 69 | Time: 3.23s
2025-05-29 20:08:07,872 | INFO | Train Loss=0.8495, Train Acc=91.90%
2025-05-29 20:08:07,872 | INFO | Val Loss=0.5366, Val Acc=86.08%
2025-05-29 20:08:07,872 | INFO | Train Gamma Loss=-0.0100 | Val Gamma Loss=0.000649216235615313
2025-05-29 20:08:11,094 | INFO | Epoch: 70 | Time: 3.22s
2025-05-29 20:08:11,094 | INFO | Train Loss=0.8720, Train Acc=90.08%
2025-05-29 20:08:11,094 | INFO | Val Loss=0.5489, Val Acc=85.28%
2025-05-29 20:08:11,094 | INFO | Train Gamma Loss=-0.0100 | Val Gamma Loss=0.0007560737431049347
2025-05-29 20:08:14,348 | INFO | Epoch: 71 | Time: 3.25s
2025-05-29 20:08:14,348 | INFO | Train Loss=0.7963, Train Acc=92.32%
2025-05-29 20:08:14,349 | INFO | Val Loss=0.5193, Val Acc=86.00%
2025-05-29 20:08:14,349 | INFO | Train Gamma Loss=-0.0100 | Val Gamma Loss=0.0007054450106807053
2025-05-29 20:08:14,350 | INFO | New best model saved (val loss = 0.5193)
2025-05-29 20:08:17,630 | INFO | Epoch: 72 | Time: 3.27s
2025-05-29 20:08:17,630 | INFO | Train Loss=0.8508, Train Acc=91.42%
2025-05-29 20:08:17,630 | INFO | Val Loss=0.4975, Val Acc=86.96%
2025-05-29 20:08:17,630 | INFO | Train Gamma Loss=-0.0100 | Val Gamma Loss=0.0006869297940284014
2025-05-29 20:08:17,631 | INFO | New best model saved (val loss = 0.4975)
2025-05-29 20:08:20,904 | INFO | Epoch: 73 | Time: 3.27s
2025-05-29 20:08:20,904 | INFO | Train Loss=0.7883, Train Acc=92.88%
2025-05-29 20:08:20,904 | INFO | Val Loss=0.5331, Val Acc=85.20%
2025-05-29 20:08:20,904 | INFO | Train Gamma Loss=-0.0100 | Val Gamma Loss=0.0006473102839663625
2025-05-29 20:08:24,134 | INFO | Epoch: 74 | Time: 3.22s
2025-05-29 20:08:24,134 | INFO | Train Loss=0.8989, Train Acc=88.91%
2025-05-29 20:08:24,134 | INFO | Val Loss=0.5045, Val Acc=86.96%
2025-05-29 20:08:24,134 | INFO | Train Gamma Loss=-0.0100 | Val Gamma Loss=0.0007366382051259279
2025-05-29 20:08:27,388 | INFO | Epoch: 75 | Time: 3.25s
2025-05-29 20:08:27,388 | INFO | Train Loss=0.8401, Train Acc=93.84%
2025-05-29 20:08:27,388 | INFO | Val Loss=0.5586, Val Acc=86.08%
2025-05-29 20:08:27,388 | INFO | Train Gamma Loss=-0.0100 | Val Gamma Loss=0.000651737442240119
2025-05-29 20:08:30,633 | INFO | Epoch: 76 | Time: 3.24s
2025-05-29 20:08:30,633 | INFO | Train Loss=0.8738, Train Acc=89.35%
2025-05-29 20:08:30,633 | INFO | Val Loss=0.5295, Val Acc=85.68%
2025-05-29 20:08:30,633 | INFO | Train Gamma Loss=-0.0100 | Val Gamma Loss=0.0006661775405518711
2025-05-29 20:08:33,882 | INFO | Epoch: 77 | Time: 3.24s
2025-05-29 20:08:33,882 | INFO | Train Loss=0.8925, Train Acc=91.08%
2025-05-29 20:08:33,882 | INFO | Val Loss=0.5234, Val Acc=86.72%
2025-05-29 20:08:33,882 | INFO | Train Gamma Loss=-0.0100 | Val Gamma Loss=0.0006822483846917748
2025-05-29 20:08:37,106 | INFO | Epoch: 78 | Time: 3.22s
2025-05-29 20:08:37,106 | INFO | Train Loss=0.9113, Train Acc=89.73%
2025-05-29 20:08:37,106 | INFO | Val Loss=0.5144, Val Acc=87.12%
2025-05-29 20:08:37,106 | INFO | Train Gamma Loss=-0.0100 | Val Gamma Loss=0.0006770012550987303
2025-05-29 20:08:40,313 | INFO | Epoch: 79 | Time: 3.20s
2025-05-29 20:08:40,313 | INFO | Train Loss=0.7789, Train Acc=94.16%
2025-05-29 20:08:40,313 | INFO | Val Loss=0.5156, Val Acc=86.56%
2025-05-29 20:08:40,314 | INFO | Train Gamma Loss=-0.0100 | Val Gamma Loss=0.0007136373315006495
2025-05-29 20:08:43,554 | INFO | Epoch: 80 | Time: 3.23s
2025-05-29 20:08:43,554 | INFO | Train Loss=0.9491, Train Acc=91.18%
2025-05-29 20:08:43,554 | INFO | Val Loss=0.5285, Val Acc=87.76%
2025-05-29 20:08:43,554 | INFO | Train Gamma Loss=-0.0100 | Val Gamma Loss=0.0007681461283937097
2025-05-29 20:08:46,808 | INFO | Epoch: 81 | Time: 3.25s
2025-05-29 20:08:46,808 | INFO | Train Loss=0.8667, Train Acc=93.33%
2025-05-29 20:08:46,808 | INFO | Val Loss=0.5307, Val Acc=87.44%
2025-05-29 20:08:46,808 | INFO | Train Gamma Loss=-0.0100 | Val Gamma Loss=0.0007236292003653944
2025-05-29 20:08:50,019 | INFO | Epoch: 82 | Time: 3.21s
2025-05-29 20:08:50,019 | INFO | Train Loss=0.8353, Train Acc=90.81%
2025-05-29 20:08:50,019 | INFO | Val Loss=0.5171, Val Acc=86.48%
2025-05-29 20:08:50,019 | INFO | Train Gamma Loss=-0.0100 | Val Gamma Loss=0.0006932089454494417
2025-05-29 20:08:53,247 | INFO | Epoch: 83 | Time: 3.22s
2025-05-29 20:08:53,247 | INFO | Train Loss=0.8784, Train Acc=89.11%
2025-05-29 20:08:53,247 | INFO | Val Loss=0.5141, Val Acc=86.56%
2025-05-29 20:08:53,247 | INFO | Train Gamma Loss=-0.0100 | Val Gamma Loss=0.0006747734150849283
2025-05-29 20:08:56,456 | INFO | Epoch: 84 | Time: 3.20s
2025-05-29 20:08:56,456 | INFO | Train Loss=0.9360, Train Acc=90.18%
2025-05-29 20:08:56,456 | INFO | Val Loss=0.5106, Val Acc=87.44%
2025-05-29 20:08:56,456 | INFO | Train Gamma Loss=-0.0100 | Val Gamma Loss=0.0007186119328252971
2025-05-29 20:08:59,716 | INFO | Epoch: 85 | Time: 3.24s
2025-05-29 20:08:59,716 | INFO | Train Loss=0.8466, Train Acc=93.18%
2025-05-29 20:08:59,716 | INFO | Val Loss=0.5017, Val Acc=87.28%
2025-05-29 20:08:59,717 | INFO | Train Gamma Loss=-0.0100 | Val Gamma Loss=0.0006907475763000548
2025-05-29 20:09:02,970 | INFO | Epoch: 86 | Time: 3.25s
2025-05-29 20:09:02,970 | INFO | Train Loss=0.8724, Train Acc=89.70%
2025-05-29 20:09:02,970 | INFO | Val Loss=0.5035, Val Acc=86.72%
2025-05-29 20:09:02,970 | INFO | Train Gamma Loss=-0.0100 | Val Gamma Loss=0.0006552202976308763
2025-05-29 20:09:06,201 | INFO | Epoch: 87 | Time: 3.22s
2025-05-29 20:09:06,201 | INFO | Train Loss=0.9620, Train Acc=89.72%
2025-05-29 20:09:06,201 | INFO | Val Loss=0.5308, Val Acc=86.56%
2025-05-29 20:09:06,201 | INFO | Train Gamma Loss=-0.0100 | Val Gamma Loss=0.0006987508968450129
2025-05-29 20:09:09,409 | INFO | Epoch: 88 | Time: 3.20s
2025-05-29 20:09:09,409 | INFO | Train Loss=0.9720, Train Acc=89.76%
2025-05-29 20:09:09,409 | INFO | Val Loss=0.5116, Val Acc=87.28%
2025-05-29 20:09:09,409 | INFO | Train Gamma Loss=-0.0100 | Val Gamma Loss=0.0007156359497457743
2025-05-29 20:09:12,636 | INFO | Epoch: 89 | Time: 3.22s
2025-05-29 20:09:12,636 | INFO | Train Loss=0.8522, Train Acc=91.78%
2025-05-29 20:09:12,636 | INFO | Val Loss=0.4838, Val Acc=87.44%
2025-05-29 20:09:12,636 | INFO | Train Gamma Loss=-0.0100 | Val Gamma Loss=0.0006776571972295642
2025-05-29 20:09:12,637 | INFO | New best model saved (val loss = 0.4838)
2025-05-29 20:09:16,052 | INFO | Epoch: 90 | Time: 3.41s
2025-05-29 20:09:16,052 | INFO | Train Loss=0.7205, Train Acc=95.28%
2025-05-29 20:09:16,052 | INFO | Val Loss=0.4918, Val Acc=87.52%
2025-05-29 20:09:16,052 | INFO | Train Gamma Loss=-0.0100 | Val Gamma Loss=0.0006475604022853076
2025-05-29 20:09:19,266 | INFO | Epoch: 91 | Time: 3.21s
2025-05-29 20:09:19,266 | INFO | Train Loss=0.8247, Train Acc=90.22%
2025-05-29 20:09:19,266 | INFO | Val Loss=0.5342, Val Acc=85.68%
2025-05-29 20:09:19,266 | INFO | Train Gamma Loss=-0.0100 | Val Gamma Loss=0.0006488730432465672
2025-05-29 20:09:22,488 | INFO | Epoch: 92 | Time: 3.22s
2025-05-29 20:09:22,488 | INFO | Train Loss=0.9804, Train Acc=87.40%
2025-05-29 20:09:22,488 | INFO | Val Loss=0.5377, Val Acc=87.12%
2025-05-29 20:09:22,488 | INFO | Train Gamma Loss=-0.0100 | Val Gamma Loss=0.0008191694505512714
2025-05-29 20:09:25,719 | INFO | Epoch: 93 | Time: 3.22s
2025-05-29 20:09:25,719 | INFO | Train Loss=1.0116, Train Acc=87.13%
2025-05-29 20:09:25,719 | INFO | Val Loss=0.5189, Val Acc=87.60%
2025-05-29 20:09:25,719 | INFO | Train Gamma Loss=-0.0100 | Val Gamma Loss=0.0007591611356474459
2025-05-29 20:09:28,953 | INFO | Epoch: 94 | Time: 3.23s
2025-05-29 20:09:28,953 | INFO | Train Loss=1.0058, Train Acc=87.49%
2025-05-29 20:09:28,953 | INFO | Val Loss=0.5118, Val Acc=87.84%
2025-05-29 20:09:28,953 | INFO | Train Gamma Loss=-0.0100 | Val Gamma Loss=0.0007519208593294024
2025-05-29 20:09:32,175 | INFO | Epoch: 95 | Time: 3.22s
2025-05-29 20:09:32,176 | INFO | Train Loss=0.8087, Train Acc=91.44%
2025-05-29 20:09:32,176 | INFO | Val Loss=0.5018, Val Acc=87.36%
2025-05-29 20:09:32,176 | INFO | Train Gamma Loss=-0.0100 | Val Gamma Loss=0.0006868070340715349
2025-05-29 20:09:35,388 | INFO | Epoch: 96 | Time: 3.21s
2025-05-29 20:09:35,388 | INFO | Train Loss=0.8619, Train Acc=92.21%
2025-05-29 20:09:35,388 | INFO | Val Loss=0.4921, Val Acc=86.72%
2025-05-29 20:09:35,388 | INFO | Train Gamma Loss=-0.0100 | Val Gamma Loss=0.0006673143361695111
2025-05-29 20:09:38,599 | INFO | Epoch: 97 | Time: 3.20s
2025-05-29 20:09:38,599 | INFO | Train Loss=0.8416, Train Acc=92.76%
2025-05-29 20:09:38,599 | INFO | Val Loss=0.5155, Val Acc=86.56%
2025-05-29 20:09:38,599 | INFO | Train Gamma Loss=-0.0100 | Val Gamma Loss=0.0006999949691817164
2025-05-29 20:09:41,825 | INFO | Epoch: 98 | Time: 3.22s
2025-05-29 20:09:41,825 | INFO | Train Loss=1.0126, Train Acc=87.16%
2025-05-29 20:09:41,825 | INFO | Val Loss=0.5043, Val Acc=87.28%
2025-05-29 20:09:41,825 | INFO | Train Gamma Loss=-0.0100 | Val Gamma Loss=0.0007186896982602775
2025-05-29 20:09:45,087 | INFO | Epoch: 99 | Time: 3.26s
2025-05-29 20:09:45,087 | INFO | Train Loss=0.9686, Train Acc=89.33%
2025-05-29 20:09:45,087 | INFO | Val Loss=0.5050, Val Acc=86.96%
2025-05-29 20:09:45,087 | INFO | Train Gamma Loss=-0.0100 | Val Gamma Loss=0.0007302655139937997
2025-05-29 20:09:48,352 | INFO | Epoch: 100 | Time: 3.26s
2025-05-29 20:09:48,353 | INFO | Train Loss=0.8689, Train Acc=90.78%
2025-05-29 20:09:48,353 | INFO | Val Loss=0.5096, Val Acc=86.88%
2025-05-29 20:09:48,353 | INFO | Train Gamma Loss=-0.0100 | Val Gamma Loss=0.0007206196896731853
2025-05-29 20:09:48,469 | INFO | Best model with lowest val loss 0.4837865471839905 at 88 epoch is saved.
2025-05-29 20:09:49,279 | INFO | Test Accuracy: 87.23%
2025-05-29 20:09:49,388 | INFO | Last model with val loss 0.5095881879329681 at 99 epoch is saved.
2025-05-29 20:09:50,203 | INFO | Test Accuracy: 87.23%
2025-05-29 20:09:50,218 | INFO | 
Job Completed
