2025-06-05 19:35:59,217 | INFO | Job Started
2025-06-05 19:35:59,217 | INFO | Logging run: /rds/general/user/psp20/home/Brain-Network/runs/resnet_5_2v2_acc_20250605-193559
2025-06-05 19:35:59,432 | INFO | Using device: cuda
2025-06-05 19:35:59,432 | INFO | Training for 100 epochs
2025-06-05 19:35:59,432 | INFO | Debug mode: False
2025-06-05 19:35:59,432 | INFO | Downsampling by: 0
2025-06-05 19:35:59,432 | INFO | Auxiliary loss: {'loss_type': 0.01}
2025-06-05 19:35:59,433 | INFO | Train transforms: 
	Compose(
    RandomCrop(size=(32, 32), padding=4)
    RandomHorizontalFlip(p=0.5)
    ToTensor()
    Normalize(mean=(0.485, 0.456, 0.406), std=(0.229, 0.224, 0.225))
)
2025-06-05 19:35:59,433 | INFO | Test transforms: 
	Compose(
    ToTensor()
    Normalize(mean=(0.485, 0.456, 0.406), std=(0.229, 0.224, 0.225))
)
2025-06-05 19:36:01,601 | INFO | Full train/val size with downsampling (0): 50000
2025-06-05 19:36:01,602 | INFO | Using pretrained weights
2025-06-05 19:36:02,205 | INFO | Label smoothing: 0.1
2025-06-05 19:36:02,205 | INFO | Auxiliary loss: {'loss_type': 0.01}
2025-06-05 19:36:10,500 | INFO | Epoch: 1 | Time: 8.29s
2025-06-05 19:36:10,500 | INFO | Train Loss=1.9316, Train Acc=35.84%
2025-06-05 19:36:10,500 | INFO | Val Loss=1.4903, Val Acc=49.92%
2025-06-05 19:36:10,501 | INFO | New best model saved (val loss = 1.4903)
2025-06-05 19:36:17,516 | INFO | Epoch: 2 | Time: 7.01s
2025-06-05 19:36:17,516 | INFO | Train Loss=1.5015, Train Acc=55.59%
2025-06-05 19:36:17,516 | INFO | Val Loss=1.1921, Val Acc=59.68%
2025-06-05 19:36:17,517 | INFO | New best model saved (val loss = 1.1921)
2025-06-05 19:36:24,446 | INFO | Epoch: 3 | Time: 6.93s
2025-06-05 19:36:24,446 | INFO | Train Loss=1.0620, Train Acc=75.84%
2025-06-05 19:36:24,446 | INFO | Val Loss=0.5865, Val Acc=81.74%
2025-06-05 19:36:24,447 | INFO | New best model saved (val loss = 0.5865)
2025-06-05 19:36:31,392 | INFO | Epoch: 4 | Time: 6.94s
2025-06-05 19:36:31,392 | INFO | Train Loss=0.8425, Train Acc=85.76%
2025-06-05 19:36:31,392 | INFO | Val Loss=0.4516, Val Acc=87.40%
2025-06-05 19:36:31,393 | INFO | New best model saved (val loss = 0.4516)
2025-06-05 19:36:38,352 | INFO | Epoch: 5 | Time: 6.96s
2025-06-05 19:36:38,353 | INFO | Train Loss=0.7533, Train Acc=89.56%
2025-06-05 19:36:38,353 | INFO | Val Loss=0.4161, Val Acc=87.46%
2025-06-05 19:36:38,354 | INFO | New best model saved (val loss = 0.4161)
2025-06-05 19:36:45,305 | INFO | Epoch: 6 | Time: 6.95s
2025-06-05 19:36:45,305 | INFO | Train Loss=0.7237, Train Acc=90.74%
2025-06-05 19:36:45,305 | INFO | Val Loss=0.4062, Val Acc=89.24%
2025-06-05 19:36:45,306 | INFO | New best model saved (val loss = 0.4062)
2025-06-05 19:36:52,325 | INFO | Epoch: 7 | Time: 7.02s
2025-06-05 19:36:52,325 | INFO | Train Loss=0.6987, Train Acc=91.81%
2025-06-05 19:36:52,325 | INFO | Val Loss=0.3905, Val Acc=89.02%
2025-06-05 19:36:52,326 | INFO | New best model saved (val loss = 0.3905)
2025-06-05 19:36:59,405 | INFO | Epoch: 8 | Time: 7.08s
2025-06-05 19:36:59,405 | INFO | Train Loss=0.6661, Train Acc=93.20%
2025-06-05 19:36:59,405 | INFO | Val Loss=0.3926, Val Acc=88.92%
2025-06-05 19:37:06,847 | INFO | Epoch: 9 | Time: 7.44s
2025-06-05 19:37:06,847 | INFO | Train Loss=0.6481, Train Acc=94.01%
2025-06-05 19:37:06,847 | INFO | Val Loss=0.3813, Val Acc=89.60%
2025-06-05 19:37:06,848 | INFO | New best model saved (val loss = 0.3813)
2025-06-05 19:37:13,920 | INFO | Epoch: 10 | Time: 7.07s
2025-06-05 19:37:13,920 | INFO | Train Loss=0.6276, Train Acc=94.95%
2025-06-05 19:37:13,920 | INFO | Val Loss=0.3487, Val Acc=90.74%
2025-06-05 19:37:13,921 | INFO | New best model saved (val loss = 0.3487)
2025-06-05 19:37:20,910 | INFO | Epoch: 11 | Time: 6.99s
2025-06-05 19:37:20,910 | INFO | Train Loss=0.6137, Train Acc=95.41%
2025-06-05 19:37:20,910 | INFO | Val Loss=0.3666, Val Acc=90.14%
2025-06-05 19:37:27,876 | INFO | Epoch: 12 | Time: 6.97s
2025-06-05 19:37:27,878 | INFO | Train Loss=0.6054, Train Acc=95.74%
2025-06-05 19:37:27,878 | INFO | Val Loss=0.3631, Val Acc=90.34%
2025-06-05 19:37:34,924 | INFO | Epoch: 13 | Time: 7.05s
2025-06-05 19:37:34,924 | INFO | Train Loss=0.5957, Train Acc=96.22%
2025-06-05 19:37:34,924 | INFO | Val Loss=0.3460, Val Acc=91.12%
2025-06-05 19:37:34,925 | INFO | New best model saved (val loss = 0.3460)
2025-06-05 19:37:41,884 | INFO | Epoch: 14 | Time: 6.96s
2025-06-05 19:37:41,885 | INFO | Train Loss=0.5868, Train Acc=96.58%
2025-06-05 19:37:41,885 | INFO | Val Loss=0.3172, Val Acc=91.64%
2025-06-05 19:37:41,886 | INFO | New best model saved (val loss = 0.3172)
2025-06-05 19:37:48,876 | INFO | Epoch: 15 | Time: 6.99s
2025-06-05 19:37:48,876 | INFO | Train Loss=0.5820, Train Acc=96.79%
2025-06-05 19:37:48,876 | INFO | Val Loss=0.3274, Val Acc=91.50%
2025-06-05 19:37:55,925 | INFO | Epoch: 16 | Time: 7.05s
2025-06-05 19:37:55,926 | INFO | Train Loss=0.5781, Train Acc=96.93%
2025-06-05 19:37:55,926 | INFO | Val Loss=0.3577, Val Acc=90.60%
2025-06-05 19:38:03,030 | INFO | Epoch: 17 | Time: 7.10s
2025-06-05 19:38:03,030 | INFO | Train Loss=0.5746, Train Acc=97.14%
2025-06-05 19:38:03,030 | INFO | Val Loss=0.3014, Val Acc=92.40%
2025-06-05 19:38:03,031 | INFO | New best model saved (val loss = 0.3014)
2025-06-05 19:38:10,102 | INFO | Epoch: 18 | Time: 7.07s
2025-06-05 19:38:10,102 | INFO | Train Loss=0.5679, Train Acc=97.29%
2025-06-05 19:38:10,102 | INFO | Val Loss=0.3595, Val Acc=90.72%
2025-06-05 19:38:17,216 | INFO | Epoch: 19 | Time: 7.11s
2025-06-05 19:38:17,216 | INFO | Train Loss=0.5654, Train Acc=97.47%
2025-06-05 19:38:17,216 | INFO | Val Loss=0.3283, Val Acc=91.36%
2025-06-05 19:38:24,331 | INFO | Epoch: 20 | Time: 7.11s
2025-06-05 19:38:24,331 | INFO | Train Loss=0.5627, Train Acc=97.55%
2025-06-05 19:38:24,331 | INFO | Val Loss=0.3046, Val Acc=92.58%
2025-06-05 19:38:31,443 | INFO | Epoch: 21 | Time: 7.11s
2025-06-05 19:38:31,443 | INFO | Train Loss=0.5587, Train Acc=97.74%
2025-06-05 19:38:31,443 | INFO | Val Loss=0.3339, Val Acc=91.50%
2025-06-05 19:38:38,459 | INFO | Epoch: 22 | Time: 7.02s
2025-06-05 19:38:38,459 | INFO | Train Loss=0.5525, Train Acc=98.09%
2025-06-05 19:38:38,459 | INFO | Val Loss=0.3110, Val Acc=92.36%
2025-06-05 19:38:45,440 | INFO | Epoch: 23 | Time: 6.98s
2025-06-05 19:38:45,440 | INFO | Train Loss=0.5516, Train Acc=97.99%
2025-06-05 19:38:45,440 | INFO | Val Loss=0.3289, Val Acc=91.74%
2025-06-05 19:38:52,435 | INFO | Epoch: 24 | Time: 6.99s
2025-06-05 19:38:52,435 | INFO | Train Loss=0.5489, Train Acc=98.08%
2025-06-05 19:38:52,435 | INFO | Val Loss=0.3017, Val Acc=93.12%
2025-06-05 19:38:59,475 | INFO | Epoch: 25 | Time: 7.04s
2025-06-05 19:38:59,476 | INFO | Train Loss=0.5454, Train Acc=98.28%
2025-06-05 19:38:59,476 | INFO | Val Loss=0.3466, Val Acc=91.40%
2025-06-05 19:39:06,497 | INFO | Epoch: 26 | Time: 7.02s
2025-06-05 19:39:06,498 | INFO | Train Loss=0.5471, Train Acc=98.16%
2025-06-05 19:39:06,498 | INFO | Val Loss=0.3270, Val Acc=91.64%
2025-06-05 19:39:13,615 | INFO | Epoch: 27 | Time: 7.12s
2025-06-05 19:39:13,615 | INFO | Train Loss=0.5404, Train Acc=98.46%
2025-06-05 19:39:13,615 | INFO | Val Loss=0.3044, Val Acc=92.78%
2025-06-05 19:39:20,608 | INFO | Epoch: 28 | Time: 6.99s
2025-06-05 19:39:20,608 | INFO | Train Loss=0.5405, Train Acc=98.43%
2025-06-05 19:39:20,608 | INFO | Val Loss=0.3449, Val Acc=91.52%
2025-06-05 19:39:27,625 | INFO | Epoch: 29 | Time: 7.02s
2025-06-05 19:39:27,625 | INFO | Train Loss=0.5394, Train Acc=98.52%
2025-06-05 19:39:27,625 | INFO | Val Loss=0.3281, Val Acc=91.78%
2025-06-05 19:39:34,648 | INFO | Epoch: 30 | Time: 7.02s
2025-06-05 19:39:34,648 | INFO | Train Loss=0.5370, Train Acc=98.63%
2025-06-05 19:39:34,648 | INFO | Val Loss=0.3183, Val Acc=92.08%
2025-06-05 19:39:41,661 | INFO | Epoch: 31 | Time: 7.01s
2025-06-05 19:39:41,661 | INFO | Train Loss=0.5365, Train Acc=98.62%
2025-06-05 19:39:41,661 | INFO | Val Loss=0.3109, Val Acc=92.28%
2025-06-05 19:39:48,707 | INFO | Epoch: 32 | Time: 7.05s
2025-06-05 19:39:48,707 | INFO | Train Loss=0.5317, Train Acc=98.87%
2025-06-05 19:39:48,707 | INFO | Val Loss=0.3075, Val Acc=92.46%
2025-06-05 19:39:55,697 | INFO | Epoch: 33 | Time: 6.99s
2025-06-05 19:39:55,697 | INFO | Train Loss=0.5323, Train Acc=98.76%
2025-06-05 19:39:55,697 | INFO | Val Loss=0.2894, Val Acc=93.36%
2025-06-05 19:39:55,698 | INFO | New best model saved (val loss = 0.2894)
2025-06-05 19:40:02,776 | INFO | Epoch: 34 | Time: 7.08s
2025-06-05 19:40:02,776 | INFO | Train Loss=0.5320, Train Acc=98.82%
2025-06-05 19:40:02,776 | INFO | Val Loss=0.3192, Val Acc=92.48%
2025-06-05 19:40:09,802 | INFO | Epoch: 35 | Time: 7.03s
2025-06-05 19:40:09,802 | INFO | Train Loss=0.5288, Train Acc=98.95%
2025-06-05 19:40:09,803 | INFO | Val Loss=0.3088, Val Acc=92.52%
2025-06-05 19:40:16,865 | INFO | Epoch: 36 | Time: 7.06s
2025-06-05 19:40:16,865 | INFO | Train Loss=0.5289, Train Acc=98.91%
2025-06-05 19:40:16,865 | INFO | Val Loss=0.3098, Val Acc=92.72%
2025-06-05 19:40:24,244 | INFO | Epoch: 37 | Time: 7.38s
2025-06-05 19:40:24,245 | INFO | Train Loss=0.5279, Train Acc=98.93%
2025-06-05 19:40:24,245 | INFO | Val Loss=0.3099, Val Acc=92.62%
2025-06-05 19:40:31,362 | INFO | Epoch: 38 | Time: 7.12s
2025-06-05 19:40:31,362 | INFO | Train Loss=0.5231, Train Acc=99.14%
2025-06-05 19:40:31,362 | INFO | Val Loss=0.3108, Val Acc=92.78%
2025-06-05 19:40:38,994 | INFO | Epoch: 39 | Time: 7.63s
2025-06-05 19:40:38,994 | INFO | Train Loss=0.5195, Train Acc=99.32%
2025-06-05 19:40:38,994 | INFO | Val Loss=0.2937, Val Acc=93.38%
2025-06-05 19:40:46,078 | INFO | Epoch: 40 | Time: 7.08s
2025-06-05 19:40:46,079 | INFO | Train Loss=0.5189, Train Acc=99.34%
2025-06-05 19:40:46,079 | INFO | Val Loss=0.2953, Val Acc=93.44%
2025-06-05 19:40:53,258 | INFO | Epoch: 41 | Time: 7.18s
2025-06-05 19:40:53,258 | INFO | Train Loss=0.5219, Train Acc=99.21%
2025-06-05 19:40:53,258 | INFO | Val Loss=0.2890, Val Acc=93.22%
2025-06-05 19:40:53,259 | INFO | New best model saved (val loss = 0.2890)
2025-06-05 19:41:00,278 | INFO | Epoch: 42 | Time: 7.02s
2025-06-05 19:41:00,278 | INFO | Train Loss=0.5188, Train Acc=99.36%
2025-06-05 19:41:00,278 | INFO | Val Loss=0.2986, Val Acc=93.08%
2025-06-05 19:41:07,351 | INFO | Epoch: 43 | Time: 7.07s
2025-06-05 19:41:07,352 | INFO | Train Loss=0.5210, Train Acc=99.21%
2025-06-05 19:41:07,352 | INFO | Val Loss=0.3062, Val Acc=92.70%
2025-06-05 19:41:14,512 | INFO | Epoch: 44 | Time: 7.16s
2025-06-05 19:41:14,512 | INFO | Train Loss=0.5199, Train Acc=99.28%
2025-06-05 19:41:14,512 | INFO | Val Loss=0.2864, Val Acc=93.54%
2025-06-05 19:41:14,513 | INFO | New best model saved (val loss = 0.2864)
2025-06-05 19:41:21,652 | INFO | Epoch: 45 | Time: 7.14s
2025-06-05 19:41:21,652 | INFO | Train Loss=0.5144, Train Acc=99.50%
2025-06-05 19:41:21,652 | INFO | Val Loss=0.2832, Val Acc=93.72%
2025-06-05 19:41:21,653 | INFO | New best model saved (val loss = 0.2832)
2025-06-05 19:41:28,738 | INFO | Epoch: 46 | Time: 7.08s
2025-06-05 19:41:28,738 | INFO | Train Loss=0.5129, Train Acc=99.57%
2025-06-05 19:41:28,738 | INFO | Val Loss=0.2641, Val Acc=94.42%
2025-06-05 19:41:28,739 | INFO | New best model saved (val loss = 0.2641)
2025-06-05 19:41:35,843 | INFO | Epoch: 47 | Time: 7.10s
2025-06-05 19:41:35,844 | INFO | Train Loss=0.5126, Train Acc=99.61%
2025-06-05 19:41:35,844 | INFO | Val Loss=0.2821, Val Acc=93.88%
2025-06-05 19:41:42,955 | INFO | Epoch: 48 | Time: 7.11s
2025-06-05 19:41:42,955 | INFO | Train Loss=0.5126, Train Acc=99.61%
2025-06-05 19:41:42,955 | INFO | Val Loss=0.2866, Val Acc=93.62%
2025-06-05 19:41:50,075 | INFO | Epoch: 49 | Time: 7.12s
2025-06-05 19:41:50,075 | INFO | Train Loss=0.5116, Train Acc=99.63%
2025-06-05 19:41:50,075 | INFO | Val Loss=0.2855, Val Acc=93.58%
2025-06-05 19:41:57,133 | INFO | Epoch: 50 | Time: 7.06s
2025-06-05 19:41:57,133 | INFO | Train Loss=0.5117, Train Acc=99.59%
2025-06-05 19:41:57,133 | INFO | Val Loss=0.2753, Val Acc=94.04%
2025-06-05 19:42:04,562 | INFO | Epoch: 51 | Time: 7.43s
2025-06-05 19:42:04,562 | INFO | Train Loss=0.5109, Train Acc=99.62%
2025-06-05 19:42:04,562 | INFO | Val Loss=0.2826, Val Acc=93.94%
2025-06-05 19:42:11,658 | INFO | Epoch: 52 | Time: 7.10s
2025-06-05 19:42:11,658 | INFO | Train Loss=0.5106, Train Acc=99.64%
2025-06-05 19:42:11,658 | INFO | Val Loss=0.2839, Val Acc=93.64%
2025-06-05 19:42:19,177 | INFO | Epoch: 53 | Time: 7.52s
2025-06-05 19:42:19,177 | INFO | Train Loss=0.5098, Train Acc=99.68%
2025-06-05 19:42:19,177 | INFO | Val Loss=0.2763, Val Acc=94.06%
2025-06-05 19:42:26,162 | INFO | Epoch: 54 | Time: 6.98s
2025-06-05 19:42:26,162 | INFO | Train Loss=0.5091, Train Acc=99.71%
2025-06-05 19:42:26,162 | INFO | Val Loss=0.2801, Val Acc=93.94%
2025-06-05 19:42:33,218 | INFO | Epoch: 55 | Time: 7.06s
2025-06-05 19:42:33,218 | INFO | Train Loss=0.5084, Train Acc=99.74%
2025-06-05 19:42:33,218 | INFO | Val Loss=0.2766, Val Acc=93.82%
2025-06-05 19:42:40,277 | INFO | Epoch: 56 | Time: 7.06s
2025-06-05 19:42:40,277 | INFO | Train Loss=0.5073, Train Acc=99.77%
2025-06-05 19:42:40,277 | INFO | Val Loss=0.2755, Val Acc=94.28%
2025-06-05 19:42:47,293 | INFO | Epoch: 57 | Time: 7.02s
2025-06-05 19:42:47,293 | INFO | Train Loss=0.5061, Train Acc=99.83%
2025-06-05 19:42:47,293 | INFO | Val Loss=0.2846, Val Acc=93.80%
2025-06-05 19:42:54,295 | INFO | Epoch: 58 | Time: 7.00s
2025-06-05 19:42:54,296 | INFO | Train Loss=0.5053, Train Acc=99.83%
2025-06-05 19:42:54,296 | INFO | Val Loss=0.2770, Val Acc=94.28%
2025-06-05 19:43:01,352 | INFO | Epoch: 59 | Time: 7.06s
2025-06-05 19:43:01,352 | INFO | Train Loss=0.5052, Train Acc=99.86%
2025-06-05 19:43:01,352 | INFO | Val Loss=0.2739, Val Acc=94.16%
2025-06-05 19:43:08,382 | INFO | Epoch: 60 | Time: 7.03s
2025-06-05 19:43:08,383 | INFO | Train Loss=0.5050, Train Acc=99.85%
2025-06-05 19:43:08,383 | INFO | Val Loss=0.2838, Val Acc=93.66%
2025-06-05 19:43:15,399 | INFO | Epoch: 61 | Time: 7.02s
2025-06-05 19:43:15,399 | INFO | Train Loss=0.5049, Train Acc=99.87%
2025-06-05 19:43:15,399 | INFO | Val Loss=0.2804, Val Acc=93.86%
2025-06-05 19:43:22,635 | INFO | Epoch: 62 | Time: 7.24s
2025-06-05 19:43:22,635 | INFO | Train Loss=0.5050, Train Acc=99.85%
2025-06-05 19:43:22,635 | INFO | Val Loss=0.2707, Val Acc=94.48%
2025-06-05 19:43:29,688 | INFO | Epoch: 63 | Time: 7.05s
2025-06-05 19:43:29,688 | INFO | Train Loss=0.5044, Train Acc=99.89%
2025-06-05 19:43:29,688 | INFO | Val Loss=0.2759, Val Acc=94.22%
2025-06-05 19:43:36,690 | INFO | Epoch: 64 | Time: 7.00s
2025-06-05 19:43:36,690 | INFO | Train Loss=0.5041, Train Acc=99.89%
2025-06-05 19:43:36,690 | INFO | Val Loss=0.2684, Val Acc=94.62%
2025-06-05 19:43:43,722 | INFO | Epoch: 65 | Time: 7.03s
2025-06-05 19:43:43,722 | INFO | Train Loss=0.5043, Train Acc=99.88%
2025-06-05 19:43:43,722 | INFO | Val Loss=0.2568, Val Acc=94.66%
2025-06-05 19:43:43,723 | INFO | New best model saved (val loss = 0.2568)
2025-06-05 19:43:50,727 | INFO | Epoch: 66 | Time: 7.00s
2025-06-05 19:43:50,727 | INFO | Train Loss=0.5031, Train Acc=99.93%
2025-06-05 19:43:50,727 | INFO | Val Loss=0.2571, Val Acc=94.92%
2025-06-05 19:43:57,723 | INFO | Epoch: 67 | Time: 7.00s
2025-06-05 19:43:57,724 | INFO | Train Loss=0.5035, Train Acc=99.91%
2025-06-05 19:43:57,724 | INFO | Val Loss=0.2691, Val Acc=94.34%
2025-06-05 19:44:04,726 | INFO | Epoch: 68 | Time: 7.00s
2025-06-05 19:44:04,726 | INFO | Train Loss=0.5026, Train Acc=99.94%
2025-06-05 19:44:04,726 | INFO | Val Loss=0.2666, Val Acc=94.46%
2025-06-05 19:44:11,733 | INFO | Epoch: 69 | Time: 7.01s
2025-06-05 19:44:11,733 | INFO | Train Loss=0.5022, Train Acc=99.96%
2025-06-05 19:44:11,733 | INFO | Val Loss=0.2681, Val Acc=94.48%
2025-06-05 19:44:18,744 | INFO | Epoch: 70 | Time: 7.01s
2025-06-05 19:44:18,744 | INFO | Train Loss=0.5023, Train Acc=99.94%
2025-06-05 19:44:18,744 | INFO | Val Loss=0.2716, Val Acc=94.60%
2025-06-05 19:44:25,721 | INFO | Epoch: 71 | Time: 6.98s
2025-06-05 19:44:25,721 | INFO | Train Loss=0.5019, Train Acc=99.97%
2025-06-05 19:44:25,721 | INFO | Val Loss=0.2753, Val Acc=94.22%
2025-06-05 19:44:32,710 | INFO | Epoch: 72 | Time: 6.99s
2025-06-05 19:44:32,710 | INFO | Train Loss=0.5021, Train Acc=99.95%
2025-06-05 19:44:32,710 | INFO | Val Loss=0.2645, Val Acc=94.70%
2025-06-05 19:44:39,784 | INFO | Epoch: 73 | Time: 7.07s
2025-06-05 19:44:39,785 | INFO | Train Loss=0.5016, Train Acc=99.98%
2025-06-05 19:44:39,785 | INFO | Val Loss=0.2573, Val Acc=94.94%
2025-06-05 19:44:46,862 | INFO | Epoch: 74 | Time: 7.08s
2025-06-05 19:44:46,862 | INFO | Train Loss=0.5016, Train Acc=99.98%
2025-06-05 19:44:46,862 | INFO | Val Loss=0.2708, Val Acc=94.32%
2025-06-05 19:44:53,913 | INFO | Epoch: 75 | Time: 7.05s
2025-06-05 19:44:53,913 | INFO | Train Loss=0.5017, Train Acc=99.97%
2025-06-05 19:44:53,913 | INFO | Val Loss=0.2500, Val Acc=95.12%
2025-06-05 19:44:53,914 | INFO | New best model saved (val loss = 0.2500)
2025-06-05 19:45:00,867 | INFO | Epoch: 76 | Time: 6.95s
2025-06-05 19:45:00,867 | INFO | Train Loss=0.5013, Train Acc=99.99%
2025-06-05 19:45:00,867 | INFO | Val Loss=0.2598, Val Acc=94.86%
2025-06-05 19:45:07,844 | INFO | Epoch: 77 | Time: 6.98s
2025-06-05 19:45:07,844 | INFO | Train Loss=0.5015, Train Acc=99.97%
2025-06-05 19:45:07,844 | INFO | Val Loss=0.2609, Val Acc=94.60%
2025-06-05 19:45:15,075 | INFO | Epoch: 78 | Time: 7.23s
2025-06-05 19:45:15,076 | INFO | Train Loss=0.5011, Train Acc=99.99%
2025-06-05 19:45:15,076 | INFO | Val Loss=0.2546, Val Acc=94.92%
2025-06-05 19:45:22,260 | INFO | Epoch: 79 | Time: 7.18s
2025-06-05 19:45:22,261 | INFO | Train Loss=0.5013, Train Acc=99.98%
2025-06-05 19:45:22,261 | INFO | Val Loss=0.2533, Val Acc=94.94%
2025-06-05 19:45:29,353 | INFO | Epoch: 80 | Time: 7.09s
2025-06-05 19:45:29,353 | INFO | Train Loss=0.5011, Train Acc=99.99%
2025-06-05 19:45:29,353 | INFO | Val Loss=0.2533, Val Acc=94.98%
2025-06-05 19:45:36,444 | INFO | Epoch: 81 | Time: 7.09s
2025-06-05 19:45:36,444 | INFO | Train Loss=0.5011, Train Acc=99.98%
2025-06-05 19:45:36,445 | INFO | Val Loss=0.2515, Val Acc=94.94%
2025-06-05 19:45:43,534 | INFO | Epoch: 82 | Time: 7.09s
2025-06-05 19:45:43,535 | INFO | Train Loss=0.5010, Train Acc=99.99%
2025-06-05 19:45:43,535 | INFO | Val Loss=0.2536, Val Acc=95.10%
2025-06-05 19:45:50,641 | INFO | Epoch: 83 | Time: 7.11s
2025-06-05 19:45:50,641 | INFO | Train Loss=0.5009, Train Acc=99.99%
2025-06-05 19:45:50,641 | INFO | Val Loss=0.2616, Val Acc=94.68%
2025-06-05 19:45:57,741 | INFO | Epoch: 84 | Time: 7.10s
2025-06-05 19:45:57,742 | INFO | Train Loss=0.5010, Train Acc=99.99%
2025-06-05 19:45:57,742 | INFO | Val Loss=0.2575, Val Acc=94.94%
2025-06-05 19:46:04,863 | INFO | Epoch: 85 | Time: 7.12s
2025-06-05 19:46:04,863 | INFO | Train Loss=0.5009, Train Acc=99.99%
2025-06-05 19:46:04,863 | INFO | Val Loss=0.2502, Val Acc=95.12%
2025-06-05 19:46:11,995 | INFO | Epoch: 86 | Time: 7.13s
2025-06-05 19:46:11,995 | INFO | Train Loss=0.5008, Train Acc=100.00%
2025-06-05 19:46:11,995 | INFO | Val Loss=0.2522, Val Acc=94.92%
2025-06-05 19:46:19,101 | INFO | Epoch: 87 | Time: 7.11s
2025-06-05 19:46:19,101 | INFO | Train Loss=0.5008, Train Acc=100.00%
2025-06-05 19:46:19,101 | INFO | Val Loss=0.2493, Val Acc=95.10%
2025-06-05 19:46:19,102 | INFO | New best model saved (val loss = 0.2493)
2025-06-05 19:46:26,123 | INFO | Epoch: 88 | Time: 7.02s
2025-06-05 19:46:26,123 | INFO | Train Loss=0.5007, Train Acc=100.00%
2025-06-05 19:46:26,123 | INFO | Val Loss=0.2523, Val Acc=95.30%
2025-06-05 19:46:33,135 | INFO | Epoch: 89 | Time: 7.01s
2025-06-05 19:46:33,135 | INFO | Train Loss=0.5007, Train Acc=100.00%
2025-06-05 19:46:33,135 | INFO | Val Loss=0.2632, Val Acc=94.58%
2025-06-05 19:46:40,151 | INFO | Epoch: 90 | Time: 7.02s
2025-06-05 19:46:40,151 | INFO | Train Loss=0.5007, Train Acc=100.00%
2025-06-05 19:46:40,151 | INFO | Val Loss=0.2522, Val Acc=95.00%
2025-06-05 19:46:47,154 | INFO | Epoch: 91 | Time: 7.00s
2025-06-05 19:46:47,154 | INFO | Train Loss=0.5008, Train Acc=99.99%
2025-06-05 19:46:47,154 | INFO | Val Loss=0.2595, Val Acc=94.76%
2025-06-05 19:46:54,164 | INFO | Epoch: 92 | Time: 7.01s
2025-06-05 19:46:54,165 | INFO | Train Loss=0.5008, Train Acc=100.00%
2025-06-05 19:46:54,165 | INFO | Val Loss=0.2461, Val Acc=95.18%
2025-06-05 19:46:54,166 | INFO | New best model saved (val loss = 0.2461)
2025-06-05 19:47:01,171 | INFO | Epoch: 93 | Time: 7.01s
2025-06-05 19:47:01,171 | INFO | Train Loss=0.5008, Train Acc=99.99%
2025-06-05 19:47:01,171 | INFO | Val Loss=0.2482, Val Acc=95.34%
2025-06-05 19:47:08,160 | INFO | Epoch: 94 | Time: 6.99s
2025-06-05 19:47:08,160 | INFO | Train Loss=0.5007, Train Acc=100.00%
2025-06-05 19:47:08,160 | INFO | Val Loss=0.2553, Val Acc=95.04%
2025-06-05 19:47:15,154 | INFO | Epoch: 95 | Time: 6.99s
2025-06-05 19:47:15,154 | INFO | Train Loss=0.5008, Train Acc=99.99%
2025-06-05 19:47:15,154 | INFO | Val Loss=0.2552, Val Acc=95.00%
2025-06-05 19:47:22,178 | INFO | Epoch: 96 | Time: 7.02s
2025-06-05 19:47:22,178 | INFO | Train Loss=0.5008, Train Acc=99.99%
2025-06-05 19:47:22,178 | INFO | Val Loss=0.2525, Val Acc=95.14%
2025-06-05 19:47:29,205 | INFO | Epoch: 97 | Time: 7.03s
2025-06-05 19:47:29,206 | INFO | Train Loss=0.5008, Train Acc=99.99%
2025-06-05 19:47:29,206 | INFO | Val Loss=0.2506, Val Acc=95.02%
2025-06-05 19:47:36,194 | INFO | Epoch: 98 | Time: 6.99s
2025-06-05 19:47:36,195 | INFO | Train Loss=0.5008, Train Acc=100.00%
2025-06-05 19:47:36,195 | INFO | Val Loss=0.2470, Val Acc=95.36%
2025-06-05 19:47:43,191 | INFO | Epoch: 99 | Time: 7.00s
2025-06-05 19:47:43,191 | INFO | Train Loss=0.5008, Train Acc=99.99%
2025-06-05 19:47:43,191 | INFO | Val Loss=0.2505, Val Acc=95.08%
2025-06-05 19:47:50,139 | INFO | Epoch: 100 | Time: 6.95s
2025-06-05 19:47:50,140 | INFO | Train Loss=0.5007, Train Acc=100.00%
2025-06-05 19:47:50,140 | INFO | Val Loss=0.2558, Val Acc=95.04%
2025-06-05 19:47:50,224 | INFO | Best model with lowest val loss 0.24612847790122033 at 91 epoch is saved.
2025-06-05 19:47:51,038 | INFO | Test Accuracy: 95.08%
2025-06-05 19:47:51,113 | INFO | Last model with val loss 0.25575098395347595 at 99 epoch is saved.
2025-06-05 19:47:51,902 | INFO | Test Accuracy: 95.08%
2025-06-05 19:47:51,915 | INFO | 
Job Completed
2025-06-05 19:56:02,494 | INFO | No test config present. Using train config.
2025-06-05 19:56:04,629 | INFO | Full train/val size with downsampling (0): 50000
2025-06-05 19:56:04,631 | INFO | Batch size: 32
2025-06-05 19:56:04,631 | INFO | Running these attacks:
2025-06-05 19:56:04,631 | INFO | {'FGSM': [0.01, 0.05, 0.1, 0.2], 'PGD': [0.01, 0.05, 0.1, 0.2], 'gaussian noise': [0.01, 0.05, 0.1, 0.2]}
2025-06-05 19:56:04,631 | INFO | 
Testing model: /rds/general/user/psp20/home/Brain-Network/runs/resnet_5_2v2_acc_20250605-193559/resnet_5_2v2_acc_20250605-193559_e91_best_model.pt
2025-06-05 19:56:04,631 | INFO | Running attack: FGSM, 0.01
2025-06-05 19:56:09,416 | INFO | Test accuracy: 61.09
2025-06-05 19:56:09,416 | INFO | Running attack: FGSM, 0.05
2025-06-05 19:56:13,059 | INFO | Test accuracy: 58.21
2025-06-05 19:56:13,059 | INFO | Running attack: FGSM, 0.1
2025-06-05 19:56:16,764 | INFO | Test accuracy: 53.19
2025-06-05 19:56:16,764 | INFO | Running attack: FGSM, 0.2
2025-06-05 19:56:21,049 | INFO | Test accuracy: 42.57
2025-06-05 19:56:21,049 | INFO | Running attack: PGD, 0.01
2025-06-05 19:56:36,754 | INFO | Test accuracy: 43.64
2025-06-05 19:56:36,754 | INFO | Running attack: PGD, 0.05
2025-06-05 19:56:52,776 | INFO | Test accuracy: 21.58
2025-06-05 19:56:52,777 | INFO | Running attack: PGD, 0.1
2025-06-05 19:57:08,916 | INFO | Test accuracy: 18.48
2025-06-05 19:57:08,916 | INFO | Running attack: PGD, 0.2
2025-06-05 19:57:25,163 | INFO | Test accuracy: 14.26
2025-06-05 19:57:25,163 | INFO | Running attack: gaussian noise, 0.01
2025-06-05 19:57:26,766 | INFO | Test accuracy: 61.62
2025-06-05 19:57:26,767 | INFO | Running attack: gaussian noise, 0.05
2025-06-05 19:57:28,009 | INFO | Test accuracy: 60.57
2025-06-05 19:57:28,009 | INFO | Running attack: gaussian noise, 0.1
2025-06-05 19:57:29,278 | INFO | Test accuracy: 57.33
2025-06-05 19:57:29,278 | INFO | Running attack: gaussian noise, 0.2
2025-06-05 19:57:30,550 | INFO | Test accuracy: 47.17
2025-06-07 20:53:51,431 | INFO | 
2025-06-07 20:53:51,441 | INFO | Running robustness tests
2025-06-07 20:53:51,443 | INFO | Using config: runs/cifar/round_5/resnet_5_2v2_acc_20250605-193559/config_resnet_5_2v2_acc.json
2025-06-07 20:53:51,444 | INFO | Using model: runs/cifar/round_5/resnet_5_2v2_acc_20250605-193559/resnet_5_2v2_acc_20250605-193559_e91_best_model.pt
2025-06-07 20:53:51,675 | INFO | Running these corruptions: ['brightness', 'contrast', 'defocus_blur', 'elastic_transform', 'fog', 'frost', 'gaussian_blur', 'gaussian_noise', 'glass_blur', 'impulse_noise', 'jpeg_compression', 'motion_blur', 'pixelate', 'saturate', 'shot_noise', 'snow', 'spatter', 'speckle_noise', 'zoom_blur']
2025-06-07 20:53:51,676 | INFO | For these severities: [1, 2, 3, 4, 5]
2025-06-07 20:53:51,676 | INFO | Corruption type: brightness
2025-06-07 20:53:51,677 | INFO | Severity type: 1
2025-06-07 20:53:51,885 | INFO | FULL mode: using 10000 robustness samples
2025-06-07 20:53:56,542 | INFO | Test accuracy: 94.84
2025-06-07 20:53:56,542 | INFO | Severity type: 2
2025-06-07 20:53:56,572 | INFO | FULL mode: using 10000 robustness samples
2025-06-07 20:53:57,871 | INFO | Test accuracy: 94.73
2025-06-07 20:53:57,871 | INFO | Severity type: 3
2025-06-07 20:53:57,899 | INFO | FULL mode: using 10000 robustness samples
2025-06-07 20:53:59,177 | INFO | Test accuracy: 94.09
2025-06-07 20:53:59,177 | INFO | Severity type: 4
2025-06-07 20:53:59,205 | INFO | FULL mode: using 10000 robustness samples
2025-06-07 20:54:00,474 | INFO | Test accuracy: 93.26
2025-06-07 20:54:00,474 | INFO | Severity type: 5
2025-06-07 20:54:00,502 | INFO | FULL mode: using 10000 robustness samples
2025-06-07 20:54:01,798 | INFO | Test accuracy: 90.89
2025-06-07 20:54:01,798 | INFO | Corruption type: contrast
2025-06-07 20:54:01,798 | INFO | Severity type: 1
2025-06-07 20:54:02,063 | INFO | FULL mode: using 10000 robustness samples
2025-06-07 20:54:03,354 | INFO | Test accuracy: 94.78
2025-06-07 20:54:03,354 | INFO | Severity type: 2
2025-06-07 20:54:03,384 | INFO | FULL mode: using 10000 robustness samples
2025-06-07 20:54:04,659 | INFO | Test accuracy: 91.04
2025-06-07 20:54:04,659 | INFO | Severity type: 3
2025-06-07 20:54:04,687 | INFO | FULL mode: using 10000 robustness samples
2025-06-07 20:54:05,973 | INFO | Test accuracy: 85.6
2025-06-07 20:54:05,973 | INFO | Severity type: 4
2025-06-07 20:54:06,001 | INFO | FULL mode: using 10000 robustness samples
2025-06-07 20:54:07,302 | INFO | Test accuracy: 73.12
2025-06-07 20:54:07,302 | INFO | Severity type: 5
2025-06-07 20:54:07,332 | INFO | FULL mode: using 10000 robustness samples
2025-06-07 20:54:08,627 | INFO | Test accuracy: 29.51
2025-06-07 20:54:08,627 | INFO | Corruption type: defocus_blur
2025-06-07 20:54:08,627 | INFO | Severity type: 1
2025-06-07 20:54:08,895 | INFO | FULL mode: using 10000 robustness samples
2025-06-07 20:54:10,175 | INFO | Test accuracy: 94.94
2025-06-07 20:54:10,175 | INFO | Severity type: 2
2025-06-07 20:54:10,204 | INFO | FULL mode: using 10000 robustness samples
2025-06-07 20:54:11,490 | INFO | Test accuracy: 93.95
2025-06-07 20:54:11,490 | INFO | Severity type: 3
2025-06-07 20:54:11,519 | INFO | FULL mode: using 10000 robustness samples
2025-06-07 20:54:12,807 | INFO | Test accuracy: 89.84
2025-06-07 20:54:12,807 | INFO | Severity type: 4
2025-06-07 20:54:12,835 | INFO | FULL mode: using 10000 robustness samples
2025-06-07 20:54:14,119 | INFO | Test accuracy: 80.37
2025-06-07 20:54:14,119 | INFO | Severity type: 5
2025-06-07 20:54:14,146 | INFO | FULL mode: using 10000 robustness samples
2025-06-07 20:54:15,439 | INFO | Test accuracy: 54.02
2025-06-07 20:54:15,439 | INFO | Corruption type: elastic_transform
2025-06-07 20:54:15,439 | INFO | Severity type: 1
2025-06-07 20:54:15,679 | INFO | FULL mode: using 10000 robustness samples
2025-06-07 20:54:16,961 | INFO | Test accuracy: 90.92
2025-06-07 20:54:16,962 | INFO | Severity type: 2
2025-06-07 20:54:16,990 | INFO | FULL mode: using 10000 robustness samples
2025-06-07 20:54:18,260 | INFO | Test accuracy: 91.21
2025-06-07 20:54:18,260 | INFO | Severity type: 3
2025-06-07 20:54:18,289 | INFO | FULL mode: using 10000 robustness samples
2025-06-07 20:54:19,567 | INFO | Test accuracy: 87.2
2025-06-07 20:54:19,567 | INFO | Severity type: 4
2025-06-07 20:54:19,595 | INFO | FULL mode: using 10000 robustness samples
2025-06-07 20:54:20,873 | INFO | Test accuracy: 81.83
2025-06-07 20:54:20,873 | INFO | Severity type: 5
2025-06-07 20:54:20,901 | INFO | FULL mode: using 10000 robustness samples
2025-06-07 20:54:22,198 | INFO | Test accuracy: 78.13
2025-06-07 20:54:22,199 | INFO | Corruption type: fog
2025-06-07 20:54:22,199 | INFO | Severity type: 1
2025-06-07 20:54:22,444 | INFO | FULL mode: using 10000 robustness samples
2025-06-07 20:54:23,729 | INFO | Test accuracy: 94.78
2025-06-07 20:54:23,729 | INFO | Severity type: 2
2025-06-07 20:54:23,757 | INFO | FULL mode: using 10000 robustness samples
2025-06-07 20:54:25,032 | INFO | Test accuracy: 93.76
2025-06-07 20:54:25,032 | INFO | Severity type: 3
2025-06-07 20:54:25,061 | INFO | FULL mode: using 10000 robustness samples
2025-06-07 20:54:26,342 | INFO | Test accuracy: 91.83
2025-06-07 20:54:26,343 | INFO | Severity type: 4
2025-06-07 20:54:26,370 | INFO | FULL mode: using 10000 robustness samples
2025-06-07 20:54:27,683 | INFO | Test accuracy: 88.21
2025-06-07 20:54:27,683 | INFO | Severity type: 5
2025-06-07 20:54:27,712 | INFO | FULL mode: using 10000 robustness samples
2025-06-07 20:54:28,999 | INFO | Test accuracy: 73.97
2025-06-07 20:54:28,999 | INFO | Corruption type: frost
2025-06-07 20:54:28,999 | INFO | Severity type: 1
2025-06-07 20:54:29,255 | INFO | FULL mode: using 10000 robustness samples
2025-06-07 20:54:30,547 | INFO | Test accuracy: 92.22
2025-06-07 20:54:30,547 | INFO | Severity type: 2
2025-06-07 20:54:30,576 | INFO | FULL mode: using 10000 robustness samples
2025-06-07 20:54:31,868 | INFO | Test accuracy: 87.84
2025-06-07 20:54:31,868 | INFO | Severity type: 3
2025-06-07 20:54:31,897 | INFO | FULL mode: using 10000 robustness samples
2025-06-07 20:54:33,191 | INFO | Test accuracy: 80.2
2025-06-07 20:54:33,191 | INFO | Severity type: 4
2025-06-07 20:54:33,220 | INFO | FULL mode: using 10000 robustness samples
2025-06-07 20:54:34,509 | INFO | Test accuracy: 78.37
2025-06-07 20:54:34,509 | INFO | Severity type: 5
2025-06-07 20:54:34,536 | INFO | FULL mode: using 10000 robustness samples
2025-06-07 20:54:35,844 | INFO | Test accuracy: 70.43
2025-06-07 20:54:35,844 | INFO | Corruption type: gaussian_blur
2025-06-07 20:54:35,844 | INFO | Severity type: 1
2025-06-07 20:54:36,027 | INFO | FULL mode: using 10000 robustness samples
2025-06-07 20:54:37,320 | INFO | Test accuracy: 94.91
2025-06-07 20:54:37,320 | INFO | Severity type: 2
2025-06-07 20:54:37,348 | INFO | FULL mode: using 10000 robustness samples
2025-06-07 20:54:38,660 | INFO | Test accuracy: 89.68
2025-06-07 20:54:38,660 | INFO | Severity type: 3
2025-06-07 20:54:38,689 | INFO | FULL mode: using 10000 robustness samples
2025-06-07 20:54:39,976 | INFO | Test accuracy: 80.05
2025-06-07 20:54:39,976 | INFO | Severity type: 4
2025-06-07 20:54:40,004 | INFO | FULL mode: using 10000 robustness samples
2025-06-07 20:54:41,295 | INFO | Test accuracy: 65.1
2025-06-07 20:54:41,296 | INFO | Severity type: 5
2025-06-07 20:54:41,324 | INFO | FULL mode: using 10000 robustness samples
2025-06-07 20:54:42,614 | INFO | Test accuracy: 35.67
2025-06-07 20:54:42,614 | INFO | Corruption type: gaussian_noise
2025-06-07 20:54:42,614 | INFO | Severity type: 1
2025-06-07 20:54:42,837 | INFO | FULL mode: using 10000 robustness samples
2025-06-07 20:54:44,120 | INFO | Test accuracy: 79.5
2025-06-07 20:54:44,120 | INFO | Severity type: 2
2025-06-07 20:54:44,149 | INFO | FULL mode: using 10000 robustness samples
2025-06-07 20:54:45,434 | INFO | Test accuracy: 59.43
2025-06-07 20:54:45,434 | INFO | Severity type: 3
2025-06-07 20:54:45,463 | INFO | FULL mode: using 10000 robustness samples
2025-06-07 20:54:46,746 | INFO | Test accuracy: 40.19
2025-06-07 20:54:46,746 | INFO | Severity type: 4
2025-06-07 20:54:46,776 | INFO | FULL mode: using 10000 robustness samples
2025-06-07 20:54:48,070 | INFO | Test accuracy: 33.05
2025-06-07 20:54:48,070 | INFO | Severity type: 5
2025-06-07 20:54:48,099 | INFO | FULL mode: using 10000 robustness samples
2025-06-07 20:54:49,401 | INFO | Test accuracy: 27.81
2025-06-07 20:54:49,401 | INFO | Corruption type: glass_blur
2025-06-07 20:54:49,401 | INFO | Severity type: 1
2025-06-07 20:54:49,636 | INFO | FULL mode: using 10000 robustness samples
2025-06-07 20:54:50,918 | INFO | Test accuracy: 60.55
2025-06-07 20:54:50,919 | INFO | Severity type: 2
2025-06-07 20:54:51,042 | INFO | FULL mode: using 10000 robustness samples
2025-06-07 20:54:52,325 | INFO | Test accuracy: 61.26
2025-06-07 20:54:52,325 | INFO | Severity type: 3
2025-06-07 20:54:52,353 | INFO | FULL mode: using 10000 robustness samples
2025-06-07 20:54:53,642 | INFO | Test accuracy: 65.08
2025-06-07 20:54:53,642 | INFO | Severity type: 4
2025-06-07 20:54:53,671 | INFO | FULL mode: using 10000 robustness samples
2025-06-07 20:54:54,956 | INFO | Test accuracy: 49.13
2025-06-07 20:54:54,956 | INFO | Severity type: 5
2025-06-07 20:54:54,986 | INFO | FULL mode: using 10000 robustness samples
2025-06-07 20:54:56,271 | INFO | Test accuracy: 52.95
2025-06-07 20:54:56,272 | INFO | Corruption type: impulse_noise
2025-06-07 20:54:56,272 | INFO | Severity type: 1
2025-06-07 20:54:56,537 | INFO | FULL mode: using 10000 robustness samples
2025-06-07 20:54:57,819 | INFO | Test accuracy: 83.54
2025-06-07 20:54:57,819 | INFO | Severity type: 2
2025-06-07 20:54:57,849 | INFO | FULL mode: using 10000 robustness samples
2025-06-07 20:54:59,136 | INFO | Test accuracy: 72.22
2025-06-07 20:54:59,137 | INFO | Severity type: 3
2025-06-07 20:54:59,166 | INFO | FULL mode: using 10000 robustness samples
2025-06-07 20:55:00,457 | INFO | Test accuracy: 61.57
2025-06-07 20:55:00,457 | INFO | Severity type: 4
2025-06-07 20:55:00,486 | INFO | FULL mode: using 10000 robustness samples
2025-06-07 20:55:01,787 | INFO | Test accuracy: 36.9
2025-06-07 20:55:01,788 | INFO | Severity type: 5
2025-06-07 20:55:01,816 | INFO | FULL mode: using 10000 robustness samples
2025-06-07 20:55:03,105 | INFO | Test accuracy: 21.67
2025-06-07 20:55:03,105 | INFO | Corruption type: jpeg_compression
2025-06-07 20:55:03,106 | INFO | Severity type: 1
2025-06-07 20:55:03,387 | INFO | FULL mode: using 10000 robustness samples
2025-06-07 20:55:04,682 | INFO | Test accuracy: 88.07
2025-06-07 20:55:04,682 | INFO | Severity type: 2
2025-06-07 20:55:04,710 | INFO | FULL mode: using 10000 robustness samples
2025-06-07 20:55:06,006 | INFO | Test accuracy: 83.65
2025-06-07 20:55:06,006 | INFO | Severity type: 3
2025-06-07 20:55:06,033 | INFO | FULL mode: using 10000 robustness samples
2025-06-07 20:55:07,345 | INFO | Test accuracy: 81.66
2025-06-07 20:55:07,345 | INFO | Severity type: 4
2025-06-07 20:55:07,374 | INFO | FULL mode: using 10000 robustness samples
2025-06-07 20:55:08,670 | INFO | Test accuracy: 79.25
2025-06-07 20:55:08,670 | INFO | Severity type: 5
2025-06-07 20:55:08,699 | INFO | FULL mode: using 10000 robustness samples
2025-06-07 20:55:10,003 | INFO | Test accuracy: 76.33
2025-06-07 20:55:10,003 | INFO | Corruption type: motion_blur
2025-06-07 20:55:10,003 | INFO | Severity type: 1
2025-06-07 20:55:10,252 | INFO | FULL mode: using 10000 robustness samples
2025-06-07 20:55:11,549 | INFO | Test accuracy: 90.77
2025-06-07 20:55:11,549 | INFO | Severity type: 2
2025-06-07 20:55:11,581 | INFO | FULL mode: using 10000 robustness samples
2025-06-07 20:55:12,863 | INFO | Test accuracy: 84.43
2025-06-07 20:55:12,863 | INFO | Severity type: 3
2025-06-07 20:55:12,891 | INFO | FULL mode: using 10000 robustness samples
2025-06-07 20:55:14,191 | INFO | Test accuracy: 75.61
2025-06-07 20:55:14,191 | INFO | Severity type: 4
2025-06-07 20:55:14,218 | INFO | FULL mode: using 10000 robustness samples
2025-06-07 20:55:15,507 | INFO | Test accuracy: 75.34
2025-06-07 20:55:15,508 | INFO | Severity type: 5
2025-06-07 20:55:15,537 | INFO | FULL mode: using 10000 robustness samples
2025-06-07 20:55:16,820 | INFO | Test accuracy: 66.06
2025-06-07 20:55:16,821 | INFO | Corruption type: pixelate
2025-06-07 20:55:16,821 | INFO | Severity type: 1
2025-06-07 20:55:17,012 | INFO | FULL mode: using 10000 robustness samples
2025-06-07 20:55:18,297 | INFO | Test accuracy: 93.67
2025-06-07 20:55:18,297 | INFO | Severity type: 2
2025-06-07 20:55:18,325 | INFO | FULL mode: using 10000 robustness samples
2025-06-07 20:55:19,610 | INFO | Test accuracy: 88.99
2025-06-07 20:55:19,610 | INFO | Severity type: 3
2025-06-07 20:55:19,638 | INFO | FULL mode: using 10000 robustness samples
2025-06-07 20:55:20,933 | INFO | Test accuracy: 85.17
2025-06-07 20:55:20,933 | INFO | Severity type: 4
2025-06-07 20:55:20,961 | INFO | FULL mode: using 10000 robustness samples
2025-06-07 20:55:22,260 | INFO | Test accuracy: 68.02
2025-06-07 20:55:22,261 | INFO | Severity type: 5
2025-06-07 20:55:22,288 | INFO | FULL mode: using 10000 robustness samples
2025-06-07 20:55:23,574 | INFO | Test accuracy: 44.97
2025-06-07 20:55:23,574 | INFO | Corruption type: saturate
2025-06-07 20:55:23,574 | INFO | Severity type: 1
2025-06-07 20:55:23,789 | INFO | FULL mode: using 10000 robustness samples
2025-06-07 20:55:25,074 | INFO | Test accuracy: 92.93
2025-06-07 20:55:25,074 | INFO | Severity type: 2
2025-06-07 20:55:25,103 | INFO | FULL mode: using 10000 robustness samples
2025-06-07 20:55:26,389 | INFO | Test accuracy: 89.47
2025-06-07 20:55:26,389 | INFO | Severity type: 3
2025-06-07 20:55:26,418 | INFO | FULL mode: using 10000 robustness samples
2025-06-07 20:55:27,704 | INFO | Test accuracy: 94.44
2025-06-07 20:55:27,704 | INFO | Severity type: 4
2025-06-07 20:55:27,733 | INFO | FULL mode: using 10000 robustness samples
2025-06-07 20:55:29,015 | INFO | Test accuracy: 92.12
2025-06-07 20:55:29,016 | INFO | Severity type: 5
2025-06-07 20:55:29,044 | INFO | FULL mode: using 10000 robustness samples
2025-06-07 20:55:30,344 | INFO | Test accuracy: 88.13
2025-06-07 20:55:30,344 | INFO | Corruption type: shot_noise
2025-06-07 20:55:30,344 | INFO | Severity type: 1
2025-06-07 20:55:30,609 | INFO | FULL mode: using 10000 robustness samples
2025-06-07 20:55:31,894 | INFO | Test accuracy: 86.96
2025-06-07 20:55:31,894 | INFO | Severity type: 2
2025-06-07 20:55:31,924 | INFO | FULL mode: using 10000 robustness samples
2025-06-07 20:55:33,216 | INFO | Test accuracy: 77.88
2025-06-07 20:55:33,216 | INFO | Severity type: 3
2025-06-07 20:55:33,246 | INFO | FULL mode: using 10000 robustness samples
2025-06-07 20:55:34,536 | INFO | Test accuracy: 54.63
2025-06-07 20:55:34,536 | INFO | Severity type: 4
2025-06-07 20:55:34,564 | INFO | FULL mode: using 10000 robustness samples
2025-06-07 20:55:35,867 | INFO | Test accuracy: 46.36
2025-06-07 20:55:35,868 | INFO | Severity type: 5
2025-06-07 20:55:35,906 | INFO | FULL mode: using 10000 robustness samples
2025-06-07 20:55:37,204 | INFO | Test accuracy: 34.52
2025-06-07 20:55:37,204 | INFO | Corruption type: snow
2025-06-07 20:55:37,204 | INFO | Severity type: 1
2025-06-07 20:55:37,414 | INFO | FULL mode: using 10000 robustness samples
2025-06-07 20:55:38,696 | INFO | Test accuracy: 91.25
2025-06-07 20:55:38,697 | INFO | Severity type: 2
2025-06-07 20:55:38,724 | INFO | FULL mode: using 10000 robustness samples
2025-06-07 20:55:40,008 | INFO | Test accuracy: 81.9
2025-06-07 20:55:40,008 | INFO | Severity type: 3
2025-06-07 20:55:40,035 | INFO | FULL mode: using 10000 robustness samples
2025-06-07 20:55:41,326 | INFO | Test accuracy: 84.85
2025-06-07 20:55:41,326 | INFO | Severity type: 4
2025-06-07 20:55:41,357 | INFO | FULL mode: using 10000 robustness samples
2025-06-07 20:55:42,647 | INFO | Test accuracy: 81.91
2025-06-07 20:55:42,648 | INFO | Severity type: 5
2025-06-07 20:55:42,676 | INFO | FULL mode: using 10000 robustness samples
2025-06-07 20:55:43,978 | INFO | Test accuracy: 77.16
2025-06-07 20:55:43,978 | INFO | Corruption type: spatter
2025-06-07 20:55:43,978 | INFO | Severity type: 1
2025-06-07 20:55:44,196 | INFO | FULL mode: using 10000 robustness samples
2025-06-07 20:55:45,513 | INFO | Test accuracy: 93.25
2025-06-07 20:55:45,513 | INFO | Severity type: 2
2025-06-07 20:55:45,545 | INFO | FULL mode: using 10000 robustness samples
2025-06-07 20:55:46,846 | INFO | Test accuracy: 89.31
2025-06-07 20:55:46,846 | INFO | Severity type: 3
2025-06-07 20:55:46,876 | INFO | FULL mode: using 10000 robustness samples
2025-06-07 20:55:48,176 | INFO | Test accuracy: 85.35
2025-06-07 20:55:48,176 | INFO | Severity type: 4
2025-06-07 20:55:48,206 | INFO | FULL mode: using 10000 robustness samples
2025-06-07 20:55:49,515 | INFO | Test accuracy: 86.84
2025-06-07 20:55:49,515 | INFO | Severity type: 5
2025-06-07 20:55:49,545 | INFO | FULL mode: using 10000 robustness samples
2025-06-07 20:55:50,839 | INFO | Test accuracy: 78.21
2025-06-07 20:55:50,840 | INFO | Corruption type: speckle_noise
2025-06-07 20:55:50,840 | INFO | Severity type: 1
2025-06-07 20:55:51,089 | INFO | FULL mode: using 10000 robustness samples
2025-06-07 20:55:52,380 | INFO | Test accuracy: 87.11
2025-06-07 20:55:52,380 | INFO | Severity type: 2
2025-06-07 20:55:52,409 | INFO | FULL mode: using 10000 robustness samples
2025-06-07 20:55:53,704 | INFO | Test accuracy: 73.38
2025-06-07 20:55:53,704 | INFO | Severity type: 3
2025-06-07 20:55:53,732 | INFO | FULL mode: using 10000 robustness samples
2025-06-07 20:55:55,029 | INFO | Test accuracy: 66.02
2025-06-07 20:55:55,029 | INFO | Severity type: 4
2025-06-07 20:55:55,057 | INFO | FULL mode: using 10000 robustness samples
2025-06-07 20:55:56,359 | INFO | Test accuracy: 51.81
2025-06-07 20:55:56,359 | INFO | Severity type: 5
2025-06-07 20:55:56,386 | INFO | FULL mode: using 10000 robustness samples
2025-06-07 20:55:57,718 | INFO | Test accuracy: 39.26
2025-06-07 20:55:57,718 | INFO | Corruption type: zoom_blur
2025-06-07 20:55:57,718 | INFO | Severity type: 1
2025-06-07 20:55:57,960 | INFO | FULL mode: using 10000 robustness samples
2025-06-07 20:55:59,271 | INFO | Test accuracy: 88.99
2025-06-07 20:55:59,271 | INFO | Severity type: 2
2025-06-07 20:55:59,301 | INFO | FULL mode: using 10000 robustness samples
2025-06-07 20:56:00,594 | INFO | Test accuracy: 86.01
2025-06-07 20:56:00,594 | INFO | Severity type: 3
2025-06-07 20:56:00,623 | INFO | FULL mode: using 10000 robustness samples
2025-06-07 20:56:01,924 | INFO | Test accuracy: 79.89
2025-06-07 20:56:01,924 | INFO | Severity type: 4
2025-06-07 20:56:01,955 | INFO | FULL mode: using 10000 robustness samples
2025-06-07 20:56:03,243 | INFO | Test accuracy: 73.5
2025-06-07 20:56:03,243 | INFO | Severity type: 5
2025-06-07 20:56:03,271 | INFO | FULL mode: using 10000 robustness samples
2025-06-07 20:56:04,580 | INFO | Test accuracy: 62.38
