2025-05-29 21:35:49,964 | INFO | Job Started
2025-05-29 21:35:49,964 | INFO | Logging run: /rds/general/user/psp20/home/Brain-Network/runs/zoomvit_4_4_sample_eff_0_5_20250529-213549
2025-05-29 21:35:49,967 | INFO | Using device: cuda
2025-05-29 21:35:49,967 | INFO | Training for 100 epochs
2025-05-29 21:35:49,967 | INFO | Debug mode: False
2025-05-29 21:35:49,967 | INFO | Downsampling by: 0.5
2025-05-29 21:35:49,967 | INFO | Auxiliary loss: {'attention_entropy_loss': 0.1}
2025-05-29 21:35:49,967 | INFO | Train transforms: 
	Compose(
    RandomCrop(size=(32, 32), padding=4)
    RandomHorizontalFlip(p=0.5)
    ColorJitter(brightness=(0.8, 1.2), contrast=(0.8, 1.2), saturation=(0.8, 1.2), hue=None)
    ToTensor()
    Normalize(mean=(0.485, 0.456, 0.406), std=(0.229, 0.224, 0.225))
)
2025-05-29 21:35:49,967 | INFO | Test transforms: 
	Compose(
    ToTensor()
    Normalize(mean=(0.485, 0.456, 0.406), std=(0.229, 0.224, 0.225))
)
2025-05-29 21:35:52,292 | INFO | Full train/val size with downsampling (0.5): 25000
2025-05-29 21:35:52,293 | INFO | Using pretrained weights
2025-05-29 21:35:52,786 | INFO | Using mixup function and SoftTargetCrossEntropy
2025-05-29 21:35:52,786 | INFO | Auxiliary loss: {'attention_entropy_loss': 0.1}
2025-05-29 21:36:00,435 | INFO | Epoch: 1 | Time: 7.65s
2025-05-29 21:36:00,435 | INFO | Train Loss=2.3202, Train Acc=28.32%
2025-05-29 21:36:00,435 | INFO | Val Loss=1.6951, Val Acc=43.08%
2025-05-29 21:36:00,435 | INFO | Train Gamma Loss=0.2479 | Val Gamma Loss=0.07161106914281845
2025-05-29 21:36:00,436 | INFO | New best model saved (val loss = 1.6951)
2025-05-29 21:36:07,976 | INFO | Epoch: 2 | Time: 7.54s
2025-05-29 21:36:07,977 | INFO | Train Loss=1.8070, Train Acc=44.54%
2025-05-29 21:36:07,977 | INFO | Val Loss=1.3613, Val Acc=54.92%
2025-05-29 21:36:07,977 | INFO | Train Gamma Loss=0.0120 | Val Gamma Loss=0.007157746236771345
2025-05-29 21:36:07,978 | INFO | New best model saved (val loss = 1.3613)
2025-05-29 21:36:15,529 | INFO | Epoch: 3 | Time: 7.55s
2025-05-29 21:36:15,529 | INFO | Train Loss=1.4353, Train Acc=63.20%
2025-05-29 21:36:15,529 | INFO | Val Loss=0.8111, Val Acc=73.36%
2025-05-29 21:36:15,529 | INFO | Train Gamma Loss=-0.0031 | Val Gamma Loss=0.006389468442648649
2025-05-29 21:36:15,531 | INFO | New best model saved (val loss = 0.8111)
2025-05-29 21:36:23,082 | INFO | Epoch: 4 | Time: 7.55s
2025-05-29 21:36:23,082 | INFO | Train Loss=1.3600, Train Acc=70.69%
2025-05-29 21:36:23,082 | INFO | Val Loss=0.7750, Val Acc=78.20%
2025-05-29 21:36:23,082 | INFO | Train Gamma Loss=-0.0041 | Val Gamma Loss=0.006133153103291988
2025-05-29 21:36:23,084 | INFO | New best model saved (val loss = 0.7750)
2025-05-29 21:36:30,680 | INFO | Epoch: 5 | Time: 7.59s
2025-05-29 21:36:30,680 | INFO | Train Loss=1.2128, Train Acc=76.59%
2025-05-29 21:36:30,680 | INFO | Val Loss=0.5407, Val Acc=83.96%
2025-05-29 21:36:30,680 | INFO | Train Gamma Loss=-0.0045 | Val Gamma Loss=0.005779273342341185
2025-05-29 21:36:30,681 | INFO | New best model saved (val loss = 0.5407)
2025-05-29 21:36:38,256 | INFO | Epoch: 6 | Time: 7.57s
2025-05-29 21:36:38,256 | INFO | Train Loss=1.1692, Train Acc=79.36%
2025-05-29 21:36:38,256 | INFO | Val Loss=0.6475, Val Acc=81.40%
2025-05-29 21:36:38,256 | INFO | Train Gamma Loss=-0.0057 | Val Gamma Loss=0.004337992053478956
2025-05-29 21:36:45,822 | INFO | Epoch: 7 | Time: 7.56s
2025-05-29 21:36:45,822 | INFO | Train Loss=1.1217, Train Acc=80.05%
2025-05-29 21:36:45,822 | INFO | Val Loss=0.7154, Val Acc=78.76%
2025-05-29 21:36:45,822 | INFO | Train Gamma Loss=-0.0076 | Val Gamma Loss=0.00241929292678833
2025-05-29 21:36:53,385 | INFO | Epoch: 8 | Time: 7.56s
2025-05-29 21:36:53,385 | INFO | Train Loss=1.1072, Train Acc=80.48%
2025-05-29 21:36:53,385 | INFO | Val Loss=0.6251, Val Acc=85.36%
2025-05-29 21:36:53,386 | INFO | Train Gamma Loss=-0.0091 | Val Gamma Loss=0.002330690622329712
2025-05-29 21:37:00,943 | INFO | Epoch: 9 | Time: 7.55s
2025-05-29 21:37:00,944 | INFO | Train Loss=1.0762, Train Acc=82.91%
2025-05-29 21:37:00,944 | INFO | Val Loss=0.6727, Val Acc=86.04%
2025-05-29 21:37:00,944 | INFO | Train Gamma Loss=-0.0095 | Val Gamma Loss=0.0015105530619621277
2025-05-29 21:37:08,488 | INFO | Epoch: 10 | Time: 7.54s
2025-05-29 21:37:08,488 | INFO | Train Loss=1.0780, Train Acc=82.59%
2025-05-29 21:37:08,488 | INFO | Val Loss=0.6006, Val Acc=87.04%
2025-05-29 21:37:08,489 | INFO | Train Gamma Loss=-0.0096 | Val Gamma Loss=0.001752071431837976
2025-05-29 21:37:16,011 | INFO | Epoch: 11 | Time: 7.52s
2025-05-29 21:37:16,011 | INFO | Train Loss=1.0056, Train Acc=86.13%
2025-05-29 21:37:16,012 | INFO | Val Loss=0.4568, Val Acc=87.80%
2025-05-29 21:37:16,012 | INFO | Train Gamma Loss=-0.0096 | Val Gamma Loss=0.0016880439361557364
2025-05-29 21:37:16,013 | INFO | New best model saved (val loss = 0.4568)
2025-05-29 21:37:23,567 | INFO | Epoch: 12 | Time: 7.55s
2025-05-29 21:37:23,567 | INFO | Train Loss=1.0581, Train Acc=85.36%
2025-05-29 21:37:23,567 | INFO | Val Loss=0.5053, Val Acc=87.56%
2025-05-29 21:37:23,567 | INFO | Train Gamma Loss=-0.0097 | Val Gamma Loss=0.0018618047470226884
2025-05-29 21:37:31,106 | INFO | Epoch: 13 | Time: 7.54s
2025-05-29 21:37:31,106 | INFO | Train Loss=1.0515, Train Acc=84.00%
2025-05-29 21:37:31,106 | INFO | Val Loss=0.4725, Val Acc=88.48%
2025-05-29 21:37:31,106 | INFO | Train Gamma Loss=-0.0096 | Val Gamma Loss=0.0017617543926462531
2025-05-29 21:37:38,695 | INFO | Epoch: 14 | Time: 7.59s
2025-05-29 21:37:38,695 | INFO | Train Loss=1.0189, Train Acc=85.36%
2025-05-29 21:37:38,695 | INFO | Val Loss=0.4322, Val Acc=88.48%
2025-05-29 21:37:38,695 | INFO | Train Gamma Loss=-0.0097 | Val Gamma Loss=0.0017307450762018561
2025-05-29 21:37:38,696 | INFO | New best model saved (val loss = 0.4322)
2025-05-29 21:37:46,297 | INFO | Epoch: 15 | Time: 7.60s
2025-05-29 21:37:46,298 | INFO | Train Loss=1.1040, Train Acc=84.97%
2025-05-29 21:37:46,298 | INFO | Val Loss=0.5429, Val Acc=88.56%
2025-05-29 21:37:46,298 | INFO | Train Gamma Loss=-0.0098 | Val Gamma Loss=0.0012625557137653232
2025-05-29 21:37:53,866 | INFO | Epoch: 16 | Time: 7.56s
2025-05-29 21:37:53,866 | INFO | Train Loss=0.9579, Train Acc=87.18%
2025-05-29 21:37:53,866 | INFO | Val Loss=0.4167, Val Acc=88.96%
2025-05-29 21:37:53,866 | INFO | Train Gamma Loss=-0.0098 | Val Gamma Loss=0.0016036657616496086
2025-05-29 21:37:53,867 | INFO | New best model saved (val loss = 0.4167)
2025-05-29 21:38:01,444 | INFO | Epoch: 17 | Time: 7.57s
2025-05-29 21:38:01,445 | INFO | Train Loss=0.9718, Train Acc=86.54%
2025-05-29 21:38:01,445 | INFO | Val Loss=0.4554, Val Acc=89.40%
2025-05-29 21:38:01,445 | INFO | Train Gamma Loss=-0.0098 | Val Gamma Loss=0.0015528897056356072
2025-05-29 21:38:08,995 | INFO | Epoch: 18 | Time: 7.55s
2025-05-29 21:38:08,996 | INFO | Train Loss=1.1459, Train Acc=82.00%
2025-05-29 21:38:08,996 | INFO | Val Loss=0.4077, Val Acc=89.96%
2025-05-29 21:38:08,996 | INFO | Train Gamma Loss=-0.0098 | Val Gamma Loss=0.001532857189886272
2025-05-29 21:38:08,997 | INFO | New best model saved (val loss = 0.4077)
2025-05-29 21:38:16,550 | INFO | Epoch: 19 | Time: 7.55s
2025-05-29 21:38:16,550 | INFO | Train Loss=0.9893, Train Acc=86.12%
2025-05-29 21:38:16,550 | INFO | Val Loss=0.4260, Val Acc=89.84%
2025-05-29 21:38:16,550 | INFO | Train Gamma Loss=-0.0098 | Val Gamma Loss=0.0011912687914445996
2025-05-29 21:38:24,136 | INFO | Epoch: 20 | Time: 7.58s
2025-05-29 21:38:24,136 | INFO | Train Loss=1.0338, Train Acc=85.64%
2025-05-29 21:38:24,136 | INFO | Val Loss=0.4984, Val Acc=87.52%
2025-05-29 21:38:24,136 | INFO | Train Gamma Loss=-0.0099 | Val Gamma Loss=0.001097611733712256
2025-05-29 21:38:31,698 | INFO | Epoch: 21 | Time: 7.56s
2025-05-29 21:38:31,698 | INFO | Train Loss=1.0293, Train Acc=86.08%
2025-05-29 21:38:31,698 | INFO | Val Loss=0.4728, Val Acc=87.24%
2025-05-29 21:38:31,698 | INFO | Train Gamma Loss=-0.0099 | Val Gamma Loss=0.0015560369938611984
2025-05-29 21:38:39,305 | INFO | Epoch: 22 | Time: 7.60s
2025-05-29 21:38:39,305 | INFO | Train Loss=1.0409, Train Acc=84.46%
2025-05-29 21:38:39,305 | INFO | Val Loss=0.4792, Val Acc=88.76%
2025-05-29 21:38:39,305 | INFO | Train Gamma Loss=-0.0099 | Val Gamma Loss=0.001021298230625689
2025-05-29 21:38:46,883 | INFO | Epoch: 23 | Time: 7.57s
2025-05-29 21:38:46,883 | INFO | Train Loss=0.9621, Train Acc=87.74%
2025-05-29 21:38:46,883 | INFO | Val Loss=0.4278, Val Acc=90.48%
2025-05-29 21:38:46,883 | INFO | Train Gamma Loss=-0.0100 | Val Gamma Loss=0.0009149219840764999
2025-05-29 21:38:54,450 | INFO | Epoch: 24 | Time: 7.56s
2025-05-29 21:38:54,450 | INFO | Train Loss=0.9828, Train Acc=87.07%
2025-05-29 21:38:54,450 | INFO | Val Loss=0.4580, Val Acc=90.08%
2025-05-29 21:38:54,450 | INFO | Train Gamma Loss=-0.0101 | Val Gamma Loss=0.000745449389796704
2025-05-29 21:39:02,039 | INFO | Epoch: 25 | Time: 7.56s
2025-05-29 21:39:02,039 | INFO | Train Loss=0.9521, Train Acc=88.55%
2025-05-29 21:39:02,039 | INFO | Val Loss=0.4008, Val Acc=91.12%
2025-05-29 21:39:02,039 | INFO | Train Gamma Loss=-0.0101 | Val Gamma Loss=0.0006896607228554785
2025-05-29 21:39:02,041 | INFO | New best model saved (val loss = 0.4008)
2025-05-29 21:39:09,653 | INFO | Epoch: 26 | Time: 7.61s
2025-05-29 21:39:09,653 | INFO | Train Loss=0.9855, Train Acc=88.03%
2025-05-29 21:39:09,653 | INFO | Val Loss=0.5474, Val Acc=87.80%
2025-05-29 21:39:09,653 | INFO | Train Gamma Loss=-0.0102 | Val Gamma Loss=0.0006163127836771309
2025-05-29 21:39:17,225 | INFO | Epoch: 27 | Time: 7.57s
2025-05-29 21:39:17,226 | INFO | Train Loss=0.9420, Train Acc=88.08%
2025-05-29 21:39:17,226 | INFO | Val Loss=0.4060, Val Acc=90.32%
2025-05-29 21:39:17,226 | INFO | Train Gamma Loss=-0.0101 | Val Gamma Loss=0.0006844173185527325
2025-05-29 21:39:24,815 | INFO | Epoch: 28 | Time: 7.59s
2025-05-29 21:39:24,815 | INFO | Train Loss=0.9796, Train Acc=86.52%
2025-05-29 21:39:24,815 | INFO | Val Loss=0.4858, Val Acc=87.44%
2025-05-29 21:39:24,815 | INFO | Train Gamma Loss=-0.0101 | Val Gamma Loss=0.000652393267955631
2025-05-29 21:39:32,386 | INFO | Epoch: 29 | Time: 7.57s
2025-05-29 21:39:32,386 | INFO | Train Loss=0.9442, Train Acc=86.48%
2025-05-29 21:39:32,386 | INFO | Val Loss=0.3973, Val Acc=90.00%
2025-05-29 21:39:32,387 | INFO | Train Gamma Loss=-0.0102 | Val Gamma Loss=0.0006045627524144948
2025-05-29 21:39:32,388 | INFO | New best model saved (val loss = 0.3973)
2025-05-29 21:39:39,976 | INFO | Epoch: 30 | Time: 7.58s
2025-05-29 21:39:39,977 | INFO | Train Loss=0.9968, Train Acc=85.04%
2025-05-29 21:39:39,977 | INFO | Val Loss=0.5300, Val Acc=87.68%
2025-05-29 21:39:39,977 | INFO | Train Gamma Loss=-0.0102 | Val Gamma Loss=0.0007501051295548677
2025-05-29 21:39:47,539 | INFO | Epoch: 31 | Time: 7.56s
2025-05-29 21:39:47,539 | INFO | Train Loss=1.0828, Train Acc=82.47%
2025-05-29 21:39:47,539 | INFO | Val Loss=0.5017, Val Acc=86.00%
2025-05-29 21:39:47,539 | INFO | Train Gamma Loss=-0.0095 | Val Gamma Loss=0.0008160268771462142
2025-05-29 21:39:55,101 | INFO | Epoch: 32 | Time: 7.56s
2025-05-29 21:39:55,101 | INFO | Train Loss=1.1581, Train Acc=77.88%
2025-05-29 21:39:55,101 | INFO | Val Loss=2.3794, Val Acc=17.32%
2025-05-29 21:39:55,101 | INFO | Train Gamma Loss=-0.0098 | Val Gamma Loss=0.0005550796049647033
2025-05-29 21:40:02,674 | INFO | Epoch: 33 | Time: 7.57s
2025-05-29 21:40:02,674 | INFO | Train Loss=1.3526, Train Acc=69.21%
2025-05-29 21:40:02,674 | INFO | Val Loss=0.5989, Val Acc=83.72%
2025-05-29 21:40:02,674 | INFO | Train Gamma Loss=-0.0102 | Val Gamma Loss=0.00045404868433251977
2025-05-29 21:40:10,248 | INFO | Epoch: 34 | Time: 7.57s
2025-05-29 21:40:10,248 | INFO | Train Loss=1.1124, Train Acc=81.99%
2025-05-29 21:40:10,248 | INFO | Val Loss=0.4401, Val Acc=89.08%
2025-05-29 21:40:10,249 | INFO | Train Gamma Loss=-0.0103 | Val Gamma Loss=0.00045905515435151756
2025-05-29 21:40:17,823 | INFO | Epoch: 35 | Time: 7.57s
2025-05-29 21:40:17,823 | INFO | Train Loss=1.0826, Train Acc=83.40%
2025-05-29 21:40:17,823 | INFO | Val Loss=0.4848, Val Acc=88.20%
2025-05-29 21:40:17,823 | INFO | Train Gamma Loss=-0.0103 | Val Gamma Loss=0.00044829637045040727
2025-05-29 21:40:25,403 | INFO | Epoch: 36 | Time: 7.57s
2025-05-29 21:40:25,403 | INFO | Train Loss=1.0627, Train Acc=84.04%
2025-05-29 21:40:25,403 | INFO | Val Loss=0.4088, Val Acc=89.16%
2025-05-29 21:40:25,403 | INFO | Train Gamma Loss=-0.0103 | Val Gamma Loss=0.00050871551502496
2025-05-29 21:40:32,974 | INFO | Epoch: 37 | Time: 7.57s
2025-05-29 21:40:32,974 | INFO | Train Loss=0.9552, Train Acc=88.32%
2025-05-29 21:40:32,974 | INFO | Val Loss=0.3775, Val Acc=89.96%
2025-05-29 21:40:32,975 | INFO | Train Gamma Loss=-0.0102 | Val Gamma Loss=0.0007086669211275876
2025-05-29 21:40:32,976 | INFO | New best model saved (val loss = 0.3775)
2025-05-29 21:40:40,581 | INFO | Epoch: 38 | Time: 7.60s
2025-05-29 21:40:40,581 | INFO | Train Loss=1.0926, Train Acc=84.04%
2025-05-29 21:40:40,581 | INFO | Val Loss=0.5475, Val Acc=87.32%
2025-05-29 21:40:40,581 | INFO | Train Gamma Loss=-0.0101 | Val Gamma Loss=0.0005997742409817874
2025-05-29 21:40:48,145 | INFO | Epoch: 39 | Time: 7.56s
2025-05-29 21:40:48,145 | INFO | Train Loss=0.9677, Train Acc=86.12%
2025-05-29 21:40:48,146 | INFO | Val Loss=0.4378, Val Acc=90.00%
2025-05-29 21:40:48,146 | INFO | Train Gamma Loss=-0.0102 | Val Gamma Loss=0.0003949671518057585
2025-05-29 21:40:55,706 | INFO | Epoch: 40 | Time: 7.55s
2025-05-29 21:40:55,706 | INFO | Train Loss=0.9174, Train Acc=89.39%
2025-05-29 21:40:55,706 | INFO | Val Loss=0.3873, Val Acc=90.52%
2025-05-29 21:40:55,706 | INFO | Train Gamma Loss=-0.0103 | Val Gamma Loss=0.000389094086131081
2025-05-29 21:41:03,270 | INFO | Epoch: 41 | Time: 7.56s
2025-05-29 21:41:03,270 | INFO | Train Loss=0.8921, Train Acc=90.37%
2025-05-29 21:41:03,270 | INFO | Val Loss=0.4049, Val Acc=91.16%
2025-05-29 21:41:03,270 | INFO | Train Gamma Loss=-0.0102 | Val Gamma Loss=0.00036866156733594835
2025-05-29 21:41:10,815 | INFO | Epoch: 42 | Time: 7.54s
2025-05-29 21:41:10,815 | INFO | Train Loss=0.9316, Train Acc=89.62%
2025-05-29 21:41:10,815 | INFO | Val Loss=0.3863, Val Acc=91.52%
2025-05-29 21:41:10,815 | INFO | Train Gamma Loss=-0.0102 | Val Gamma Loss=0.0005107467295601964
2025-05-29 21:41:18,376 | INFO | Epoch: 43 | Time: 7.55s
2025-05-29 21:41:18,376 | INFO | Train Loss=0.9325, Train Acc=89.74%
2025-05-29 21:41:18,376 | INFO | Val Loss=0.3611, Val Acc=91.04%
2025-05-29 21:41:18,376 | INFO | Train Gamma Loss=-0.0102 | Val Gamma Loss=0.0004937878693453968
2025-05-29 21:41:18,377 | INFO | New best model saved (val loss = 0.3611)
2025-05-29 21:41:25,925 | INFO | Epoch: 44 | Time: 7.54s
2025-05-29 21:41:25,925 | INFO | Train Loss=0.9358, Train Acc=89.48%
2025-05-29 21:41:25,925 | INFO | Val Loss=0.4729, Val Acc=88.60%
2025-05-29 21:41:25,925 | INFO | Train Gamma Loss=-0.0102 | Val Gamma Loss=0.0005372737068682909
2025-05-29 21:41:33,465 | INFO | Epoch: 45 | Time: 7.53s
2025-05-29 21:41:33,465 | INFO | Train Loss=0.9781, Train Acc=86.18%
2025-05-29 21:41:33,466 | INFO | Val Loss=0.4762, Val Acc=87.60%
2025-05-29 21:41:33,466 | INFO | Train Gamma Loss=-0.0102 | Val Gamma Loss=0.0004943798994645476
2025-05-29 21:41:41,017 | INFO | Epoch: 46 | Time: 7.55s
2025-05-29 21:41:41,017 | INFO | Train Loss=0.9995, Train Acc=86.06%
2025-05-29 21:41:41,017 | INFO | Val Loss=0.3970, Val Acc=90.88%
2025-05-29 21:41:41,018 | INFO | Train Gamma Loss=-0.0102 | Val Gamma Loss=0.0003938146401196718
2025-05-29 21:41:48,565 | INFO | Epoch: 47 | Time: 7.54s
2025-05-29 21:41:48,566 | INFO | Train Loss=0.9363, Train Acc=85.68%
2025-05-29 21:41:48,566 | INFO | Val Loss=1.0511, Val Acc=68.16%
2025-05-29 21:41:48,566 | INFO | Train Gamma Loss=-0.0102 | Val Gamma Loss=0.0009700273512862623
2025-05-29 21:41:56,133 | INFO | Epoch: 48 | Time: 7.56s
2025-05-29 21:41:56,134 | INFO | Train Loss=1.1199, Train Acc=80.60%
2025-05-29 21:41:56,134 | INFO | Val Loss=0.4597, Val Acc=88.12%
2025-05-29 21:41:56,134 | INFO | Train Gamma Loss=-0.0101 | Val Gamma Loss=0.00042814164771698415
2025-05-29 21:42:03,695 | INFO | Epoch: 49 | Time: 7.55s
2025-05-29 21:42:03,695 | INFO | Train Loss=1.0886, Train Acc=82.66%
2025-05-29 21:42:03,695 | INFO | Val Loss=0.4844, Val Acc=87.92%
2025-05-29 21:42:03,695 | INFO | Train Gamma Loss=-0.0102 | Val Gamma Loss=0.00030636481824330986
2025-05-29 21:42:11,245 | INFO | Epoch: 50 | Time: 7.54s
2025-05-29 21:42:11,245 | INFO | Train Loss=0.9254, Train Acc=87.54%
2025-05-29 21:42:11,245 | INFO | Val Loss=0.4252, Val Acc=89.56%
2025-05-29 21:42:11,246 | INFO | Train Gamma Loss=-0.0102 | Val Gamma Loss=0.00032845709938555956
2025-05-29 21:42:18,769 | INFO | Epoch: 51 | Time: 7.52s
2025-05-29 21:42:18,770 | INFO | Train Loss=0.9748, Train Acc=86.42%
2025-05-29 21:42:18,770 | INFO | Val Loss=0.4219, Val Acc=90.24%
2025-05-29 21:42:18,770 | INFO | Train Gamma Loss=-0.0103 | Val Gamma Loss=0.0002368728892179206
2025-05-29 21:42:26,309 | INFO | Epoch: 52 | Time: 7.53s
2025-05-29 21:42:26,309 | INFO | Train Loss=0.9747, Train Acc=86.09%
2025-05-29 21:42:26,309 | INFO | Val Loss=0.4122, Val Acc=90.36%
2025-05-29 21:42:26,309 | INFO | Train Gamma Loss=-0.0103 | Val Gamma Loss=0.0003395845415070653
2025-05-29 21:42:33,860 | INFO | Epoch: 53 | Time: 7.54s
2025-05-29 21:42:33,860 | INFO | Train Loss=0.9685, Train Acc=87.93%
2025-05-29 21:42:33,860 | INFO | Val Loss=0.4147, Val Acc=91.52%
2025-05-29 21:42:33,861 | INFO | Train Gamma Loss=-0.0103 | Val Gamma Loss=0.00029656459810212255
2025-05-29 21:42:41,386 | INFO | Epoch: 54 | Time: 7.52s
2025-05-29 21:42:41,386 | INFO | Train Loss=0.9433, Train Acc=87.54%
2025-05-29 21:42:41,386 | INFO | Val Loss=0.3841, Val Acc=90.44%
2025-05-29 21:42:41,386 | INFO | Train Gamma Loss=-0.0103 | Val Gamma Loss=0.0003090130048803985
2025-05-29 21:42:48,933 | INFO | Epoch: 55 | Time: 7.54s
2025-05-29 21:42:48,933 | INFO | Train Loss=0.8983, Train Acc=89.21%
2025-05-29 21:42:48,933 | INFO | Val Loss=0.3870, Val Acc=90.60%
2025-05-29 21:42:48,933 | INFO | Train Gamma Loss=-0.0103 | Val Gamma Loss=0.0002922251296695322
2025-05-29 21:42:56,456 | INFO | Epoch: 56 | Time: 7.52s
2025-05-29 21:42:56,456 | INFO | Train Loss=0.9194, Train Acc=89.32%
2025-05-29 21:42:56,456 | INFO | Val Loss=0.3323, Val Acc=92.16%
2025-05-29 21:42:56,456 | INFO | Train Gamma Loss=-0.0103 | Val Gamma Loss=0.00030155415879562497
2025-05-29 21:42:56,457 | INFO | New best model saved (val loss = 0.3323)
2025-05-29 21:43:03,989 | INFO | Epoch: 57 | Time: 7.52s
2025-05-29 21:43:03,989 | INFO | Train Loss=0.9408, Train Acc=87.11%
2025-05-29 21:43:03,989 | INFO | Val Loss=0.3704, Val Acc=91.80%
2025-05-29 21:43:03,989 | INFO | Train Gamma Loss=-0.0103 | Val Gamma Loss=0.00032132971682585776
2025-05-29 21:43:11,544 | INFO | Epoch: 58 | Time: 7.55s
2025-05-29 21:43:11,544 | INFO | Train Loss=0.8359, Train Acc=91.96%
2025-05-29 21:43:11,544 | INFO | Val Loss=0.3450, Val Acc=91.92%
2025-05-29 21:43:11,544 | INFO | Train Gamma Loss=-0.0102 | Val Gamma Loss=0.0002969187335111201
2025-05-29 21:43:19,077 | INFO | Epoch: 59 | Time: 7.52s
2025-05-29 21:43:19,077 | INFO | Train Loss=0.9134, Train Acc=90.08%
2025-05-29 21:43:19,077 | INFO | Val Loss=0.3950, Val Acc=90.56%
2025-05-29 21:43:19,077 | INFO | Train Gamma Loss=-0.0103 | Val Gamma Loss=0.0002454626956023276
2025-05-29 21:43:26,600 | INFO | Epoch: 60 | Time: 7.51s
2025-05-29 21:43:26,600 | INFO | Train Loss=0.9006, Train Acc=91.71%
2025-05-29 21:43:26,600 | INFO | Val Loss=0.3581, Val Acc=91.72%
2025-05-29 21:43:26,600 | INFO | Train Gamma Loss=-0.0103 | Val Gamma Loss=0.0002484928409103304
2025-05-29 21:43:34,120 | INFO | Epoch: 61 | Time: 7.51s
2025-05-29 21:43:34,120 | INFO | Train Loss=0.9260, Train Acc=88.96%
2025-05-29 21:43:34,120 | INFO | Val Loss=0.3582, Val Acc=92.12%
2025-05-29 21:43:34,120 | INFO | Train Gamma Loss=-0.0104 | Val Gamma Loss=0.00024587471853010356
2025-05-29 21:43:41,648 | INFO | Epoch: 62 | Time: 7.52s
2025-05-29 21:43:41,648 | INFO | Train Loss=0.9298, Train Acc=88.78%
2025-05-29 21:43:41,648 | INFO | Val Loss=0.3723, Val Acc=92.04%
2025-05-29 21:43:41,648 | INFO | Train Gamma Loss=-0.0103 | Val Gamma Loss=0.00029254972469061613
2025-05-29 21:43:49,171 | INFO | Epoch: 63 | Time: 7.52s
2025-05-29 21:43:49,171 | INFO | Train Loss=0.9682, Train Acc=87.88%
2025-05-29 21:43:49,171 | INFO | Val Loss=0.3529, Val Acc=92.40%
2025-05-29 21:43:49,171 | INFO | Train Gamma Loss=-0.0103 | Val Gamma Loss=0.0002470224571879953
2025-05-29 21:43:56,676 | INFO | Epoch: 64 | Time: 7.50s
2025-05-29 21:43:56,677 | INFO | Train Loss=0.9497, Train Acc=87.68%
2025-05-29 21:43:56,677 | INFO | Val Loss=0.3887, Val Acc=90.56%
2025-05-29 21:43:56,677 | INFO | Train Gamma Loss=-0.0104 | Val Gamma Loss=0.00023418423370458186
2025-05-29 21:44:04,200 | INFO | Epoch: 65 | Time: 7.51s
2025-05-29 21:44:04,200 | INFO | Train Loss=0.8960, Train Acc=91.03%
2025-05-29 21:44:04,200 | INFO | Val Loss=0.3448, Val Acc=92.20%
2025-05-29 21:44:04,200 | INFO | Train Gamma Loss=-0.0104 | Val Gamma Loss=0.0002751366700977087
2025-05-29 21:44:11,713 | INFO | Epoch: 66 | Time: 7.50s
2025-05-29 21:44:11,713 | INFO | Train Loss=0.9221, Train Acc=89.77%
2025-05-29 21:44:11,713 | INFO | Val Loss=0.3414, Val Acc=92.24%
2025-05-29 21:44:11,714 | INFO | Train Gamma Loss=-0.0104 | Val Gamma Loss=0.00024297917843796313
2025-05-29 21:44:19,229 | INFO | Epoch: 67 | Time: 7.51s
2025-05-29 21:44:19,229 | INFO | Train Loss=0.9118, Train Acc=89.98%
2025-05-29 21:44:19,229 | INFO | Val Loss=0.3545, Val Acc=91.96%
2025-05-29 21:44:19,229 | INFO | Train Gamma Loss=-0.0104 | Val Gamma Loss=0.0002497467212378979
2025-05-29 21:44:26,734 | INFO | Epoch: 68 | Time: 7.50s
2025-05-29 21:44:26,734 | INFO | Train Loss=0.9254, Train Acc=89.14%
2025-05-29 21:44:26,734 | INFO | Val Loss=0.3132, Val Acc=93.32%
2025-05-29 21:44:26,734 | INFO | Train Gamma Loss=-0.0104 | Val Gamma Loss=0.0002379793004365638
2025-05-29 21:44:26,735 | INFO | New best model saved (val loss = 0.3132)
2025-05-29 21:44:34,237 | INFO | Epoch: 69 | Time: 7.49s
2025-05-29 21:44:34,237 | INFO | Train Loss=0.8571, Train Acc=92.20%
2025-05-29 21:44:34,237 | INFO | Val Loss=0.3419, Val Acc=92.88%
2025-05-29 21:44:34,238 | INFO | Train Gamma Loss=-0.0104 | Val Gamma Loss=0.0002421282697468996
2025-05-29 21:44:41,767 | INFO | Epoch: 70 | Time: 7.52s
2025-05-29 21:44:41,767 | INFO | Train Loss=0.8694, Train Acc=90.76%
2025-05-29 21:44:41,767 | INFO | Val Loss=0.3202, Val Acc=92.72%
2025-05-29 21:44:41,768 | INFO | Train Gamma Loss=-0.0103 | Val Gamma Loss=0.00025486896629445255
2025-05-29 21:44:49,302 | INFO | Epoch: 71 | Time: 7.52s
2025-05-29 21:44:49,302 | INFO | Train Loss=0.8546, Train Acc=91.86%
2025-05-29 21:44:49,302 | INFO | Val Loss=0.3404, Val Acc=93.16%
2025-05-29 21:44:49,302 | INFO | Train Gamma Loss=-0.0104 | Val Gamma Loss=0.00023838707420509309
2025-05-29 21:44:56,823 | INFO | Epoch: 72 | Time: 7.51s
2025-05-29 21:44:56,823 | INFO | Train Loss=0.8654, Train Acc=90.63%
2025-05-29 21:44:56,823 | INFO | Val Loss=0.3457, Val Acc=92.96%
2025-05-29 21:44:56,823 | INFO | Train Gamma Loss=-0.0103 | Val Gamma Loss=0.0002760869392659515
2025-05-29 21:45:04,346 | INFO | Epoch: 73 | Time: 7.51s
2025-05-29 21:45:04,346 | INFO | Train Loss=0.8284, Train Acc=93.29%
2025-05-29 21:45:04,346 | INFO | Val Loss=0.3358, Val Acc=92.96%
2025-05-29 21:45:04,346 | INFO | Train Gamma Loss=-0.0103 | Val Gamma Loss=0.00026144340517930686
2025-05-29 21:45:11,876 | INFO | Epoch: 74 | Time: 7.52s
2025-05-29 21:45:11,876 | INFO | Train Loss=0.9094, Train Acc=91.27%
2025-05-29 21:45:11,876 | INFO | Val Loss=0.3449, Val Acc=92.84%
2025-05-29 21:45:11,876 | INFO | Train Gamma Loss=-0.0103 | Val Gamma Loss=0.0002534269297029823
2025-05-29 21:45:19,421 | INFO | Epoch: 75 | Time: 7.54s
2025-05-29 21:45:19,422 | INFO | Train Loss=0.9134, Train Acc=90.36%
2025-05-29 21:45:19,422 | INFO | Val Loss=0.3333, Val Acc=93.08%
2025-05-29 21:45:19,422 | INFO | Train Gamma Loss=-0.0103 | Val Gamma Loss=0.00024038304400164634
2025-05-29 21:45:26,953 | INFO | Epoch: 76 | Time: 7.52s
2025-05-29 21:45:26,954 | INFO | Train Loss=0.8610, Train Acc=91.57%
2025-05-29 21:45:26,954 | INFO | Val Loss=0.3617, Val Acc=92.76%
2025-05-29 21:45:26,954 | INFO | Train Gamma Loss=-0.0103 | Val Gamma Loss=0.0002755364403128624
2025-05-29 21:45:34,494 | INFO | Epoch: 77 | Time: 7.53s
2025-05-29 21:45:34,495 | INFO | Train Loss=0.8151, Train Acc=93.71%
2025-05-29 21:45:34,495 | INFO | Val Loss=0.3603, Val Acc=93.24%
2025-05-29 21:45:34,495 | INFO | Train Gamma Loss=-0.0103 | Val Gamma Loss=0.00027349195443093777
2025-05-29 21:45:42,014 | INFO | Epoch: 78 | Time: 7.51s
2025-05-29 21:45:42,014 | INFO | Train Loss=0.8644, Train Acc=92.55%
2025-05-29 21:45:42,014 | INFO | Val Loss=0.3324, Val Acc=92.92%
2025-05-29 21:45:42,014 | INFO | Train Gamma Loss=-0.0103 | Val Gamma Loss=0.00025919722975231707
2025-05-29 21:45:49,513 | INFO | Epoch: 79 | Time: 7.49s
2025-05-29 21:45:49,513 | INFO | Train Loss=0.9133, Train Acc=90.21%
2025-05-29 21:45:49,513 | INFO | Val Loss=0.3553, Val Acc=92.80%
2025-05-29 21:45:49,513 | INFO | Train Gamma Loss=-0.0103 | Val Gamma Loss=0.00025342166190966964
2025-05-29 21:45:57,036 | INFO | Epoch: 80 | Time: 7.51s
2025-05-29 21:45:57,036 | INFO | Train Loss=0.8711, Train Acc=89.86%
2025-05-29 21:45:57,036 | INFO | Val Loss=0.3700, Val Acc=93.04%
2025-05-29 21:45:57,037 | INFO | Train Gamma Loss=-0.0103 | Val Gamma Loss=0.0002829686854965985
2025-05-29 21:46:04,544 | INFO | Epoch: 81 | Time: 7.50s
2025-05-29 21:46:04,544 | INFO | Train Loss=0.8814, Train Acc=91.98%
2025-05-29 21:46:04,544 | INFO | Val Loss=0.3526, Val Acc=93.12%
2025-05-29 21:46:04,544 | INFO | Train Gamma Loss=-0.0103 | Val Gamma Loss=0.00027611275436356664
2025-05-29 21:46:12,109 | INFO | Epoch: 82 | Time: 7.55s
2025-05-29 21:46:12,109 | INFO | Train Loss=0.7905, Train Acc=93.06%
2025-05-29 21:46:12,109 | INFO | Val Loss=0.3534, Val Acc=92.76%
2025-05-29 21:46:12,109 | INFO | Train Gamma Loss=-0.0103 | Val Gamma Loss=0.0002954714873339981
2025-05-29 21:46:19,632 | INFO | Epoch: 83 | Time: 7.51s
2025-05-29 21:46:19,632 | INFO | Train Loss=0.8807, Train Acc=90.71%
2025-05-29 21:46:19,632 | INFO | Val Loss=0.3167, Val Acc=93.64%
2025-05-29 21:46:19,632 | INFO | Train Gamma Loss=-0.0103 | Val Gamma Loss=0.00027940160362049937
2025-05-29 21:46:27,161 | INFO | Epoch: 84 | Time: 7.52s
2025-05-29 21:46:27,161 | INFO | Train Loss=0.8652, Train Acc=93.81%
2025-05-29 21:46:27,161 | INFO | Val Loss=0.3529, Val Acc=92.52%
2025-05-29 21:46:27,161 | INFO | Train Gamma Loss=-0.0103 | Val Gamma Loss=0.0002887174196075648
2025-05-29 21:46:34,693 | INFO | Epoch: 85 | Time: 7.52s
2025-05-29 21:46:34,693 | INFO | Train Loss=0.8935, Train Acc=91.36%
2025-05-29 21:46:34,693 | INFO | Val Loss=0.3263, Val Acc=93.48%
2025-05-29 21:46:34,693 | INFO | Train Gamma Loss=-0.0103 | Val Gamma Loss=0.00026018734206445515
2025-05-29 21:46:42,231 | INFO | Epoch: 86 | Time: 7.53s
2025-05-29 21:46:42,231 | INFO | Train Loss=0.8320, Train Acc=91.60%
2025-05-29 21:46:42,231 | INFO | Val Loss=0.3232, Val Acc=93.44%
2025-05-29 21:46:42,231 | INFO | Train Gamma Loss=-0.0103 | Val Gamma Loss=0.00024918856797739863
2025-05-29 21:46:49,792 | INFO | Epoch: 87 | Time: 7.55s
2025-05-29 21:46:49,792 | INFO | Train Loss=0.7782, Train Acc=93.56%
2025-05-29 21:46:49,792 | INFO | Val Loss=0.3207, Val Acc=93.40%
2025-05-29 21:46:49,792 | INFO | Train Gamma Loss=-0.0104 | Val Gamma Loss=0.0002528703771531582
2025-05-29 21:46:57,304 | INFO | Epoch: 88 | Time: 7.50s
2025-05-29 21:46:57,304 | INFO | Train Loss=0.7605, Train Acc=93.04%
2025-05-29 21:46:57,304 | INFO | Val Loss=0.3220, Val Acc=93.16%
2025-05-29 21:46:57,304 | INFO | Train Gamma Loss=-0.0103 | Val Gamma Loss=0.00025216437643393874
2025-05-29 21:46:57,304 | INFO | Early stopping triggered at epoch 88
2025-05-29 21:46:57,435 | INFO | Best model with lowest val loss 0.3132366120815277 at 67 epoch is saved.
2025-05-29 21:46:58,333 | INFO | Test Accuracy: 93.70%
2025-05-29 21:46:58,441 | INFO | Last model with val loss 0.3220481902360916 at 87 epoch is saved.
2025-05-29 21:46:59,344 | INFO | Test Accuracy: 93.70%
2025-05-29 21:46:59,410 | INFO | 
Job Completed
